SF:/Users/smeya/git/darwin-metrics/src/battery/mod.rs
FN:151,_RNvMs_NtCs6JXvGULNGKJ_14darwin_metrics7batteryNtB4_7Battery11is_critical
FN:128,_RNvMs_NtCs6JXvGULNGKJ_14darwin_metrics7batteryNtB4_7Battery11with_values
FN:170,_RNvMs_NtCs6JXvGULNGKJ_14darwin_metrics7batteryNtB4_7Battery14is_health_poor
FN:174,_RNvMs_NtCs6JXvGULNGKJ_14darwin_metrics7batteryNtB4_7Battery20has_high_cycle_count
FN:178,_RNvMs_NtCs6JXvGULNGKJ_14darwin_metrics7batteryNtB4_7Battery20power_source_display
FN:159,_RNvMs_NtCs6JXvGULNGKJ_14darwin_metrics7batteryNtB4_7Battery22time_remaining_display
FN:186,_RNvMs_NtCs6JXvGULNGKJ_14darwin_metrics7batteryNtB4_7Battery23is_temperature_critical
FN:155,_RNvMs_NtCs6JXvGULNGKJ_14darwin_metrics7batteryNtB4_7Battery6is_low
FN:56,_RNvMs_NtCs6JXvGULNGKJ_14darwin_metrics7batteryNtB4_7Battery6update
FN:113,_RNvMs_NtCs6JXvGULNGKJ_14darwin_metrics7batteryNtB4_7Battery8get_info
FN:44,_RNvXNtCs6JXvGULNGKJ_14darwin_metrics7batteryNtB2_7BatteryNtNtCs4P3ALgZxGbJ_4core7default7Default7default
FN:192,_RNvXs0_NtCs6JXvGULNGKJ_14darwin_metrics7batteryNtB5_7BatteryNtNtCs4P3ALgZxGbJ_4core5clone5Clone5clone
FN:208,_RNvXs1_NtCs6JXvGULNGKJ_14darwin_metrics7batteryNtB5_7BatteryNtNtCs4P3ALgZxGbJ_4core3cmp9PartialEq2eq
FN:50,_RNvMs_NtCs6JXvGULNGKJ_14darwin_metrics7batteryNtB4_7Battery3new
FN:388,_RNvNtNtCs6JXvGULNGKJ_14darwin_metrics7battery5tests19create_mock_battery
FN:621,_RNvNtNtCs6JXvGULNGKJ_14darwin_metrics7battery5testss_15test_battery_eq
FN:407,_RNvNtNtCs6JXvGULNGKJ_14darwin_metrics7battery5testss_16test_battery_new
FN:606,_RNvNtNtCs6JXvGULNGKJ_14darwin_metrics7battery5testss_18test_battery_clone
FN:500,_RNvNtNtCs6JXvGULNGKJ_14darwin_metrics7battery5testss_19test_battery_is_low
FN:449,_RNvNtNtCs6JXvGULNGKJ_14darwin_metrics7battery5testss_21test_battery_get_info
FN:483,_RNvNtNtCs6JXvGULNGKJ_14darwin_metrics7battery5testss_24test_battery_is_critical
FN:460,_RNvNtNtCs6JXvGULNGKJ_14darwin_metrics7battery5testss_24test_battery_with_values
FN:540,_RNvNtNtCs6JXvGULNGKJ_14darwin_metrics7battery5testss_27test_battery_is_health_poor
FN:416,_RNvNtNtCs6JXvGULNGKJ_14darwin_metrics7battery5testss_27test_battery_update_present
FN:433,_RNvNtNtCs6JXvGULNGKJ_14darwin_metrics7battery5testss_31test_battery_update_not_present
FN:555,_RNvNtNtCs6JXvGULNGKJ_14darwin_metrics7battery5testss_33test_battery_has_high_cycle_count
FN:570,_RNvNtNtCs6JXvGULNGKJ_14darwin_metrics7battery5testss_33test_battery_power_source_display
FN:515,_RNvNtNtCs6JXvGULNGKJ_14darwin_metrics7battery5testss_35test_battery_time_remaining_display
FN:591,_RNvNtNtCs6JXvGULNGKJ_14darwin_metrics7battery5testss_36test_battery_is_temperature_critical
FN:299,_RNvXNtNtCs6JXvGULNGKJ_14darwin_metrics7battery5testsNtB2_9MockIOKitNtNtNtB6_8hardware5iokit5IOKit11get_service
FN:345,_RNvXNtNtCs6JXvGULNGKJ_14darwin_metrics7battery5testsNtB2_9MockIOKitNtNtNtB6_8hardware5iokit5IOKit12get_all_fans
FN:336,_RNvXNtNtCs6JXvGULNGKJ_14darwin_metrics7battery5testsNtB2_9MockIOKitNtNtNtB6_8hardware5iokit5IOKit12get_fan_info
FN:382,_RNvXNtNtCs6JXvGULNGKJ_14darwin_metrics7battery5testsNtB2_9MockIOKitNtNtNtB6_8hardware5iokit5IOKit12read_smc_key
FN:362,_RNvXNtNtCs6JXvGULNGKJ_14darwin_metrics7battery5testsNtB2_9MockIOKitNtNtNtB6_8hardware5iokit5IOKit13get_cpu_power
FN:332,_RNvXNtNtCs6JXvGULNGKJ_14darwin_metrics7battery5testsNtB2_9MockIOKitNtNtNtB6_8hardware5iokit5IOKit13get_fan_count
FN:328,_RNvXNtNtCs6JXvGULNGKJ_14darwin_metrics7battery5testsNtB2_9MockIOKitNtNtNtB6_8hardware5iokit5IOKit13get_fan_speed
FN:316,_RNvXNtNtCs6JXvGULNGKJ_14darwin_metrics7battery5testsNtB2_9MockIOKitNtNtNtB6_8hardware5iokit5IOKit13get_gpu_stats
FN:370,_RNvXNtNtCs6JXvGULNGKJ_14darwin_metrics7battery5testsNtB2_9MockIOKitNtNtNtB6_8hardware5iokit5IOKit16get_thermal_info
FN:282,_RNvXNtNtCs6JXvGULNGKJ_14darwin_metrics7battery5testsNtB2_9MockIOKitNtNtNtB6_8hardware5iokit5IOKit17get_bool_property
FN:291,_RNvXNtNtCs6JXvGULNGKJ_14darwin_metrics7battery5testsNtB2_9MockIOKitNtNtNtB6_8hardware5iokit5IOKit17get_dict_property
FN:256,_RNvXNtNtCs6JXvGULNGKJ_14darwin_metrics7battery5testsNtB2_9MockIOKitNtNtNtB6_8hardware5iokit5IOKit17io_object_release
FN:308,_RNvXNtNtCs6JXvGULNGKJ_14darwin_metrics7battery5testsNtB2_9MockIOKitNtNtNtB6_8hardware5iokit5IOKit19get_cpu_temperature
FN:312,_RNvXNtNtCs6JXvGULNGKJ_14darwin_metrics7battery5testsNtB2_9MockIOKitNtNtNtB6_8hardware5iokit5IOKit19get_gpu_temperature
FN:266,_RNvXNtNtCs6JXvGULNGKJ_14darwin_metrics7battery5testsNtB2_9MockIOKitNtNtNtB6_8hardware5iokit5IOKit19get_number_property
FN:258,_RNvXNtNtCs6JXvGULNGKJ_14darwin_metrics7battery5testsNtB2_9MockIOKitNtNtNtB6_8hardware5iokit5IOKit19get_string_property
FN:238,_RNvXNtNtCs6JXvGULNGKJ_14darwin_metrics7battery5testsNtB2_9MockIOKitNtNtNtB6_8hardware5iokit5IOKit19io_service_matching
FN:354,_RNvXNtNtCs6JXvGULNGKJ_14darwin_metrics7battery5testsNtB2_9MockIOKitNtNtNtB6_8hardware5iokit5IOKit23get_ambient_temperature
FN:358,_RNvXNtNtCs6JXvGULNGKJ_14darwin_metrics7battery5testsNtB2_9MockIOKitNtNtNtB6_8hardware5iokit5IOKit23get_battery_temperature
FN:366,_RNvXNtNtCs6JXvGULNGKJ_14darwin_metrics7battery5testsNtB2_9MockIOKitNtNtNtB6_8hardware5iokit5IOKit24check_thermal_throttling
FN:350,_RNvXNtNtCs6JXvGULNGKJ_14darwin_metrics7battery5testsNtB2_9MockIOKitNtNtNtB6_8hardware5iokit5IOKit24get_heatsink_temperature
FN:303,_RNvXNtNtCs6JXvGULNGKJ_14darwin_metrics7battery5testsNtB2_9MockIOKitNtNtNtB6_8hardware5iokit5IOKit28io_registry_entry_get_parent
FN:242,_RNvXNtNtCs6JXvGULNGKJ_14darwin_metrics7battery5testsNtB2_9MockIOKitNtNtNtB6_8hardware5iokit5IOKit31io_service_get_matching_service
FN:249,_RNvXNtNtCs6JXvGULNGKJ_14darwin_metrics7battery5testsNtB2_9MockIOKitNtNtNtB6_8hardware5iokit5IOKit38io_registry_entry_create_cf_properties
FN:151,_RNvMs_NtCsaakIWYUxKbY_14darwin_metrics7batteryNtB4_7Battery11is_critical
FN:128,_RNvMs_NtCsaakIWYUxKbY_14darwin_metrics7batteryNtB4_7Battery11with_values
FN:170,_RNvMs_NtCsaakIWYUxKbY_14darwin_metrics7batteryNtB4_7Battery14is_health_poor
FN:174,_RNvMs_NtCsaakIWYUxKbY_14darwin_metrics7batteryNtB4_7Battery20has_high_cycle_count
FN:178,_RNvMs_NtCsaakIWYUxKbY_14darwin_metrics7batteryNtB4_7Battery20power_source_display
FN:159,_RNvMs_NtCsaakIWYUxKbY_14darwin_metrics7batteryNtB4_7Battery22time_remaining_display
FN:186,_RNvMs_NtCsaakIWYUxKbY_14darwin_metrics7batteryNtB4_7Battery23is_temperature_critical
FN:50,_RNvMs_NtCsaakIWYUxKbY_14darwin_metrics7batteryNtB4_7Battery3new
FN:155,_RNvMs_NtCsaakIWYUxKbY_14darwin_metrics7batteryNtB4_7Battery6is_low
FN:56,_RNvMs_NtCsaakIWYUxKbY_14darwin_metrics7batteryNtB4_7Battery6update
FN:113,_RNvMs_NtCsaakIWYUxKbY_14darwin_metrics7batteryNtB4_7Battery8get_info
FN:44,_RNvXNtCsaakIWYUxKbY_14darwin_metrics7batteryNtB2_7BatteryNtNtCs4P3ALgZxGbJ_4core7default7Default7default
FN:192,_RNvXs0_NtCsaakIWYUxKbY_14darwin_metrics7batteryNtB5_7BatteryNtNtCs4P3ALgZxGbJ_4core5clone5Clone5clone
FN:208,_RNvXs1_NtCsaakIWYUxKbY_14darwin_metrics7batteryNtB5_7BatteryNtNtCs4P3ALgZxGbJ_4core3cmp9PartialEq2eq
FNDA:2,_RNvMs_NtCs6JXvGULNGKJ_14darwin_metrics7batteryNtB4_7Battery11is_critical
FNDA:18,_RNvMs_NtCs6JXvGULNGKJ_14darwin_metrics7batteryNtB4_7Battery11with_values
FNDA:2,_RNvMs_NtCs6JXvGULNGKJ_14darwin_metrics7batteryNtB4_7Battery14is_health_poor
FNDA:2,_RNvMs_NtCs6JXvGULNGKJ_14darwin_metrics7batteryNtB4_7Battery20has_high_cycle_count
FNDA:3,_RNvMs_NtCs6JXvGULNGKJ_14darwin_metrics7batteryNtB4_7Battery20power_source_display
FNDA:3,_RNvMs_NtCs6JXvGULNGKJ_14darwin_metrics7batteryNtB4_7Battery22time_remaining_display
FNDA:2,_RNvMs_NtCs6JXvGULNGKJ_14darwin_metrics7batteryNtB4_7Battery23is_temperature_critical
FNDA:2,_RNvMs_NtCs6JXvGULNGKJ_14darwin_metrics7batteryNtB4_7Battery6is_low
FNDA:6,_RNvMs_NtCs6JXvGULNGKJ_14darwin_metrics7batteryNtB4_7Battery6update
FNDA:1,_RNvMs_NtCs6JXvGULNGKJ_14darwin_metrics7batteryNtB4_7Battery8get_info
FNDA:17,_RNvXNtCs6JXvGULNGKJ_14darwin_metrics7batteryNtB2_7BatteryNtNtCs4P3ALgZxGbJ_4core7default7Default7default
FNDA:2,_RNvXs0_NtCs6JXvGULNGKJ_14darwin_metrics7batteryNtB5_7BatteryNtNtCs4P3ALgZxGbJ_4core5clone5Clone5clone
FNDA:2,_RNvXs1_NtCs6JXvGULNGKJ_14darwin_metrics7batteryNtB5_7BatteryNtNtCs4P3ALgZxGbJ_4core3cmp9PartialEq2eq
FNDA:0,_RNvMs_NtCs6JXvGULNGKJ_14darwin_metrics7batteryNtB4_7Battery3new
FNDA:6,_RNvNtNtCs6JXvGULNGKJ_14darwin_metrics7battery5tests19create_mock_battery
FNDA:1,_RNvNtNtCs6JXvGULNGKJ_14darwin_metrics7battery5testss_15test_battery_eq
FNDA:1,_RNvNtNtCs6JXvGULNGKJ_14darwin_metrics7battery5testss_16test_battery_new
FNDA:1,_RNvNtNtCs6JXvGULNGKJ_14darwin_metrics7battery5testss_18test_battery_clone
FNDA:1,_RNvNtNtCs6JXvGULNGKJ_14darwin_metrics7battery5testss_19test_battery_is_low
FNDA:1,_RNvNtNtCs6JXvGULNGKJ_14darwin_metrics7battery5testss_21test_battery_get_info
FNDA:1,_RNvNtNtCs6JXvGULNGKJ_14darwin_metrics7battery5testss_24test_battery_is_critical
FNDA:1,_RNvNtNtCs6JXvGULNGKJ_14darwin_metrics7battery5testss_24test_battery_with_values
FNDA:1,_RNvNtNtCs6JXvGULNGKJ_14darwin_metrics7battery5testss_27test_battery_is_health_poor
FNDA:1,_RNvNtNtCs6JXvGULNGKJ_14darwin_metrics7battery5testss_27test_battery_update_present
FNDA:1,_RNvNtNtCs6JXvGULNGKJ_14darwin_metrics7battery5testss_31test_battery_update_not_present
FNDA:1,_RNvNtNtCs6JXvGULNGKJ_14darwin_metrics7battery5testss_33test_battery_has_high_cycle_count
FNDA:1,_RNvNtNtCs6JXvGULNGKJ_14darwin_metrics7battery5testss_33test_battery_power_source_display
FNDA:1,_RNvNtNtCs6JXvGULNGKJ_14darwin_metrics7battery5testss_35test_battery_time_remaining_display
FNDA:1,_RNvNtNtCs6JXvGULNGKJ_14darwin_metrics7battery5testss_36test_battery_is_temperature_critical
FNDA:0,_RNvXNtNtCs6JXvGULNGKJ_14darwin_metrics7battery5testsNtB2_9MockIOKitNtNtNtB6_8hardware5iokit5IOKit11get_service
FNDA:0,_RNvXNtNtCs6JXvGULNGKJ_14darwin_metrics7battery5testsNtB2_9MockIOKitNtNtNtB6_8hardware5iokit5IOKit12get_all_fans
FNDA:0,_RNvXNtNtCs6JXvGULNGKJ_14darwin_metrics7battery5testsNtB2_9MockIOKitNtNtNtB6_8hardware5iokit5IOKit12get_fan_info
FNDA:0,_RNvXNtNtCs6JXvGULNGKJ_14darwin_metrics7battery5testsNtB2_9MockIOKitNtNtNtB6_8hardware5iokit5IOKit12read_smc_key
FNDA:0,_RNvXNtNtCs6JXvGULNGKJ_14darwin_metrics7battery5testsNtB2_9MockIOKitNtNtNtB6_8hardware5iokit5IOKit13get_cpu_power
FNDA:0,_RNvXNtNtCs6JXvGULNGKJ_14darwin_metrics7battery5testsNtB2_9MockIOKitNtNtNtB6_8hardware5iokit5IOKit13get_fan_count
FNDA:0,_RNvXNtNtCs6JXvGULNGKJ_14darwin_metrics7battery5testsNtB2_9MockIOKitNtNtNtB6_8hardware5iokit5IOKit13get_fan_speed
FNDA:0,_RNvXNtNtCs6JXvGULNGKJ_14darwin_metrics7battery5testsNtB2_9MockIOKitNtNtNtB6_8hardware5iokit5IOKit13get_gpu_stats
FNDA:0,_RNvXNtNtCs6JXvGULNGKJ_14darwin_metrics7battery5testsNtB2_9MockIOKitNtNtNtB6_8hardware5iokit5IOKit16get_thermal_info
FNDA:16,_RNvXNtNtCs6JXvGULNGKJ_14darwin_metrics7battery5testsNtB2_9MockIOKitNtNtNtB6_8hardware5iokit5IOKit17get_bool_property
FNDA:0,_RNvXNtNtCs6JXvGULNGKJ_14darwin_metrics7battery5testsNtB2_9MockIOKitNtNtNtB6_8hardware5iokit5IOKit17get_dict_property
FNDA:0,_RNvXNtNtCs6JXvGULNGKJ_14darwin_metrics7battery5testsNtB2_9MockIOKitNtNtNtB6_8hardware5iokit5IOKit17io_object_release
FNDA:0,_RNvXNtNtCs6JXvGULNGKJ_14darwin_metrics7battery5testsNtB2_9MockIOKitNtNtNtB6_8hardware5iokit5IOKit19get_cpu_temperature
FNDA:0,_RNvXNtNtCs6JXvGULNGKJ_14darwin_metrics7battery5testsNtB2_9MockIOKitNtNtNtB6_8hardware5iokit5IOKit19get_gpu_temperature
FNDA:30,_RNvXNtNtCs6JXvGULNGKJ_14darwin_metrics7battery5testsNtB2_9MockIOKitNtNtNtB6_8hardware5iokit5IOKit19get_number_property
FNDA:0,_RNvXNtNtCs6JXvGULNGKJ_14darwin_metrics7battery5testsNtB2_9MockIOKitNtNtNtB6_8hardware5iokit5IOKit19get_string_property
FNDA:7,_RNvXNtNtCs6JXvGULNGKJ_14darwin_metrics7battery5testsNtB2_9MockIOKitNtNtNtB6_8hardware5iokit5IOKit19io_service_matching
FNDA:0,_RNvXNtNtCs6JXvGULNGKJ_14darwin_metrics7battery5testsNtB2_9MockIOKitNtNtNtB6_8hardware5iokit5IOKit23get_ambient_temperature
FNDA:0,_RNvXNtNtCs6JXvGULNGKJ_14darwin_metrics7battery5testsNtB2_9MockIOKitNtNtNtB6_8hardware5iokit5IOKit23get_battery_temperature
FNDA:0,_RNvXNtNtCs6JXvGULNGKJ_14darwin_metrics7battery5testsNtB2_9MockIOKitNtNtNtB6_8hardware5iokit5IOKit24check_thermal_throttling
FNDA:0,_RNvXNtNtCs6JXvGULNGKJ_14darwin_metrics7battery5testsNtB2_9MockIOKitNtNtNtB6_8hardware5iokit5IOKit24get_heatsink_temperature
FNDA:0,_RNvXNtNtCs6JXvGULNGKJ_14darwin_metrics7battery5testsNtB2_9MockIOKitNtNtNtB6_8hardware5iokit5IOKit28io_registry_entry_get_parent
FNDA:7,_RNvXNtNtCs6JXvGULNGKJ_14darwin_metrics7battery5testsNtB2_9MockIOKitNtNtNtB6_8hardware5iokit5IOKit31io_service_get_matching_service
FNDA:7,_RNvXNtNtCs6JXvGULNGKJ_14darwin_metrics7battery5testsNtB2_9MockIOKitNtNtNtB6_8hardware5iokit5IOKit38io_registry_entry_create_cf_properties
FNDA:0,_RNvMs_NtCsaakIWYUxKbY_14darwin_metrics7batteryNtB4_7Battery11is_critical
FNDA:0,_RNvMs_NtCsaakIWYUxKbY_14darwin_metrics7batteryNtB4_7Battery11with_values
FNDA:0,_RNvMs_NtCsaakIWYUxKbY_14darwin_metrics7batteryNtB4_7Battery14is_health_poor
FNDA:0,_RNvMs_NtCsaakIWYUxKbY_14darwin_metrics7batteryNtB4_7Battery20has_high_cycle_count
FNDA:0,_RNvMs_NtCsaakIWYUxKbY_14darwin_metrics7batteryNtB4_7Battery20power_source_display
FNDA:0,_RNvMs_NtCsaakIWYUxKbY_14darwin_metrics7batteryNtB4_7Battery22time_remaining_display
FNDA:0,_RNvMs_NtCsaakIWYUxKbY_14darwin_metrics7batteryNtB4_7Battery23is_temperature_critical
FNDA:0,_RNvMs_NtCsaakIWYUxKbY_14darwin_metrics7batteryNtB4_7Battery3new
FNDA:0,_RNvMs_NtCsaakIWYUxKbY_14darwin_metrics7batteryNtB4_7Battery6is_low
FNDA:0,_RNvMs_NtCsaakIWYUxKbY_14darwin_metrics7batteryNtB4_7Battery6update
FNDA:0,_RNvMs_NtCsaakIWYUxKbY_14darwin_metrics7batteryNtB4_7Battery8get_info
FNDA:0,_RNvXNtCsaakIWYUxKbY_14darwin_metrics7batteryNtB2_7BatteryNtNtCs4P3ALgZxGbJ_4core7default7Default7default
FNDA:0,_RNvXs0_NtCsaakIWYUxKbY_14darwin_metrics7batteryNtB5_7BatteryNtNtCs4P3ALgZxGbJ_4core5clone5Clone5clone
FNDA:0,_RNvXs1_NtCsaakIWYUxKbY_14darwin_metrics7batteryNtB5_7BatteryNtNtCs4P3ALgZxGbJ_4core3cmp9PartialEq2eq
FNF:53
FNH:33
DA:44,17
DA:45,17
DA:46,17
DA:50,0
DA:51,0
DA:52,0
DA:53,0
DA:54,0
DA:55,0
DA:56,0
DA:57,0
DA:58,0
DA:59,0
DA:61,0
DA:63,0
DA:64,0
DA:65,0
DA:66,0
DA:67,0
DA:68,0
DA:69,0
DA:70,0
DA:71,0
DA:72,0
DA:74,0
DA:76,0
DA:77,0
DA:78,0
DA:79,0
DA:80,0
DA:81,0
DA:82,0
DA:84,0
DA:85,0
DA:86,0
DA:88,0
DA:89,0
DA:90,0
DA:93,0
DA:94,0
DA:95,0
DA:97,0
DA:98,0
DA:99,0
DA:101,0
DA:102,0
DA:103,0
DA:104,0
DA:105,0
DA:106,0
DA:107,0
DA:108,0
DA:109,0
DA:110,0
DA:113,0
DA:114,0
DA:115,0
DA:117,0
DA:118,0
DA:119,0
DA:121,0
DA:122,0
DA:123,0
DA:125,1
DA:128,18
DA:129,18
DA:130,18
DA:131,18
DA:132,18
DA:133,18
DA:134,18
DA:135,18
DA:136,18
DA:137,18
DA:138,18
DA:139,18
DA:140,18
DA:141,18
DA:142,18
DA:143,18
DA:144,18
DA:145,18
DA:146,18
DA:147,18
DA:148,18
DA:149,18
DA:151,2
DA:152,2
DA:153,2
DA:155,2
DA:156,2
DA:157,2
DA:159,3
DA:160,3
DA:161,3
DA:162,2
DA:164,1
DA:165,1
DA:166,1
DA:168,3
DA:170,2
DA:171,2
DA:172,2
DA:174,2
DA:175,2
DA:176,2
DA:178,3
DA:179,3
DA:180,1
DA:181,1
DA:182,1
DA:184,3
DA:186,2
DA:187,2
DA:188,2
DA:192,2
DA:193,2
DA:194,2
DA:195,2
DA:196,2
DA:197,2
DA:198,2
DA:199,2
DA:200,2
DA:201,2
DA:202,2
DA:203,2
DA:204,2
DA:208,2
DA:209,2
DA:210,2
DA:211,2
DA:212,1
DA:213,1
DA:214,1
DA:215,1
DA:216,1
DA:217,2
DA:238,7
DA:239,7
DA:240,7
DA:242,7
DA:243,7
DA:244,7
DA:245,7
DA:246,7
DA:247,7
DA:249,7
DA:250,7
DA:251,7
DA:252,7
DA:253,7
DA:254,7
DA:256,0
DA:258,0
DA:259,0
DA:260,0
DA:261,0
DA:262,0
DA:263,0
DA:264,0
DA:266,30
DA:267,30
DA:268,30
DA:269,30
DA:270,30
DA:271,30
DA:272,30
DA:273,25
DA:274,20
DA:275,15
DA:276,10
DA:277,5
DA:278,0
DA:280,30
DA:282,16
DA:283,16
DA:284,16
DA:285,10
DA:286,5
DA:287,0
DA:289,16
DA:291,0
DA:292,0
DA:293,0
DA:294,0
DA:295,0
DA:296,0
DA:297,0
DA:299,0
DA:300,0
DA:301,0
DA:302,0
DA:303,0
DA:304,0
DA:306,0
DA:307,0
DA:308,0
DA:310,0
DA:311,0
DA:312,0
DA:313,0
DA:314,0
DA:316,0
DA:317,0
DA:318,0
DA:319,0
DA:320,0
DA:321,0
DA:322,0
DA:323,0
DA:324,0
DA:325,0
DA:328,0
DA:329,0
DA:330,0
DA:331,0
DA:332,0
DA:333,0
DA:334,0
DA:336,0
DA:337,0
DA:339,0
DA:340,0
DA:341,0
DA:342,0
DA:343,0
DA:345,0
DA:347,0
DA:350,0
DA:351,0
DA:352,0
DA:354,0
DA:356,0
DA:358,0
DA:359,0
DA:360,0
DA:362,0
DA:363,0
DA:364,0
DA:366,0
DA:367,0
DA:368,0
DA:370,0
DA:371,0
DA:372,0
DA:373,0
DA:374,0
DA:375,0
DA:376,0
DA:377,0
DA:378,0
DA:379,0
DA:380,0
DA:382,0
DA:383,0
DA:384,0
DA:388,6
DA:389,6
DA:390,6
DA:391,6
DA:392,6
DA:393,6
DA:394,6
DA:395,6
DA:396,6
DA:397,6
DA:398,6
DA:399,6
DA:400,6
DA:401,6
DA:402,6
DA:403,6
DA:404,6
DA:407,1
DA:408,1
DA:409,1
DA:410,1
DA:411,1
DA:412,1
DA:413,1
DA:416,1
DA:417,1
DA:418,1
DA:419,1
DA:420,1
DA:421,1
DA:422,1
DA:423,1
DA:424,1
DA:425,1
DA:426,1
DA:428,1
DA:429,1
DA:430,1
DA:433,1
DA:434,1
DA:435,1
DA:436,1
DA:437,1
DA:438,1
DA:439,1
DA:440,1
DA:441,1
DA:442,1
DA:443,1
DA:444,1
DA:445,1
DA:446,1
DA:449,1
DA:450,1
DA:451,1
DA:452,1
DA:453,1
DA:454,1
DA:455,1
DA:456,1
DA:457,1
DA:460,1
DA:461,1
DA:462,1
DA:463,1
DA:464,1
DA:465,1
DA:466,1
DA:467,1
DA:468,1
DA:469,1
DA:470,1
DA:471,1
DA:472,1
DA:473,1
DA:474,1
DA:475,1
DA:476,1
DA:477,1
DA:478,1
DA:479,1
DA:480,1
DA:483,1
DA:484,1
DA:485,1
DA:486,1
DA:487,1
DA:488,1
DA:489,1
DA:491,1
DA:492,1
DA:493,1
DA:494,1
DA:495,1
DA:496,1
DA:497,1
DA:500,1
DA:501,1
DA:502,1
DA:503,1
DA:504,1
DA:505,1
DA:507,1
DA:508,1
DA:509,1
DA:510,1
DA:511,1
DA:512,1
DA:515,1
DA:516,1
DA:517,1
DA:518,1
DA:519,1
DA:520,1
DA:521,1
DA:522,1
DA:525,1
DA:526,1
DA:527,1
DA:528,1
DA:529,1
DA:532,1
DA:533,1
DA:534,1
DA:535,1
DA:536,1
DA:537,1
DA:540,1
DA:541,1
DA:542,1
DA:543,1
DA:544,1
DA:545,1
DA:547,1
DA:548,1
DA:549,1
DA:550,1
DA:551,1
DA:552,1
DA:555,1
DA:556,1
DA:557,1
DA:558,1
DA:559,1
DA:560,1
DA:562,1
DA:563,1
DA:564,1
DA:565,1
DA:566,1
DA:567,1
DA:570,1
DA:571,1
DA:572,1
DA:573,1
DA:574,1
DA:575,1
DA:577,1
DA:578,1
DA:579,1
DA:580,1
DA:581,1
DA:583,1
DA:584,1
DA:585,1
DA:586,1
DA:587,1
DA:588,1
DA:591,1
DA:592,1
DA:593,1
DA:594,1
DA:595,1
DA:596,1
DA:598,1
DA:599,1
DA:600,1
DA:601,1
DA:602,1
DA:603,1
DA:606,1
DA:607,1
DA:608,1
DA:609,1
DA:610,1
DA:611,1
DA:612,1
DA:613,1
DA:614,1
DA:615,1
DA:616,1
DA:617,1
DA:618,1
DA:621,1
DA:622,1
DA:623,1
DA:624,1
DA:625,1
DA:626,1
DA:627,1
DA:628,1
DA:631,1
DA:632,1
DA:633,1
BRF:0
BRH:0
LF:463
LH:370
end_of_record
SF:/Users/smeya/git/darwin-metrics/src/disk/mod.rs
FN:328,_RINvMs0_NtCs6JXvGULNGKJ_14darwin_metrics4diskNtB6_4Disk12get_for_pathpEB8_
FN:579,_RINvMs1_NtCs6JXvGULNGKJ_14darwin_metrics4diskNtB6_11DiskMonitor19get_volume_for_pathpEB8_
FN:340,_RNCINvMs0_NtCs6JXvGULNGKJ_14darwin_metrics4diskNtB8_4Disk12get_for_pathpE0Ba_
FN:613,_RNCINvMs1_NtCs6JXvGULNGKJ_14darwin_metrics4diskNtB8_11DiskMonitor19get_volume_for_pathpE0Ba_
FN:412,_RNvMs0_NtCs6JXvGULNGKJ_14darwin_metrics4diskNtB5_4Disk17available_display
FN:468,_RNvMs1_NtCs6JXvGULNGKJ_14darwin_metrics4diskNtB5_11DiskMonitor11get_volumes
FN:841,_RNvMs1_NtCs6JXvGULNGKJ_14darwin_metrics4diskNtB5_11DiskMonitor16detect_disk_type
FN:28,_RNvXNtCs6JXvGULNGKJ_14darwin_metrics4diskNtB2_8DiskTypeNtNtCs4P3ALgZxGbJ_4core7default7Default7default
FN:876,_RNvXs2_NtCs6JXvGULNGKJ_14darwin_metrics4diskNtB5_11DiskMonitorNtNtCs4P3ALgZxGbJ_4core7default7Default7default
FN:110,_RNvXs_NtCs6JXvGULNGKJ_14darwin_metrics4diskNtB4_9DiskStatsNtNtCs4P3ALgZxGbJ_4core7default7Default7default
FN:441,_RNvMs0_NtCs6JXvGULNGKJ_14darwin_metrics4diskNtB5_4Disk12format_bytes
FN:422,_RNvMs0_NtCs6JXvGULNGKJ_14darwin_metrics4diskNtB5_4Disk12used_display
FN:157,_RNvMs0_NtCs6JXvGULNGKJ_14darwin_metrics4diskNtB5_4Disk12with_details
FN:417,_RNvMs0_NtCs6JXvGULNGKJ_14darwin_metrics4diskNtB5_4Disk13total_display
FN:407,_RNvMs0_NtCs6JXvGULNGKJ_14darwin_metrics4diskNtB5_4Disk14is_nearly_full
FN:399,_RNvMs0_NtCs6JXvGULNGKJ_14darwin_metrics4diskNtB5_4Disk16usage_percentage
FN:134,_RNvMs0_NtCs6JXvGULNGKJ_14darwin_metrics4diskNtB5_4Disk3new
FN:228,_RNvMs0_NtCs6JXvGULNGKJ_14darwin_metrics4diskNtB5_4Disk7get_all
FN:427,_RNvMs0_NtCs6JXvGULNGKJ_14darwin_metrics4diskNtB5_4Disk7summary
FN:180,_RNvMs0_NtCs6JXvGULNGKJ_14darwin_metrics4diskNtB5_4Disk8get_info
FN:661,_RNvMs1_NtCs6JXvGULNGKJ_14darwin_metrics4diskNtB5_11DiskMonitor15get_performance
FN:463,_RNvMs1_NtCs6JXvGULNGKJ_14darwin_metrics4diskNtB5_11DiskMonitor3new
FN:804,_RNvMs1_NtCs6JXvGULNGKJ_14darwin_metrics4diskNtB5_11DiskMonitor6update
FN:959,_RNCNvNtNtCs6JXvGULNGKJ_14darwin_metrics4disk5testss_20test_get_all_volumes0B7_
FN:924,_RNvNtNtCs6JXvGULNGKJ_14darwin_metrics4disk5testss_17test_format_bytes
FN:900,_RNvNtNtCs6JXvGULNGKJ_14darwin_metrics4disk5testss_19test_is_nearly_full
FN:950,_RNvNtNtCs6JXvGULNGKJ_14darwin_metrics4disk5testss_20test_get_all_volumes
FN:969,_RNvNtNtCs6JXvGULNGKJ_14darwin_metrics4disk5testss_21test_disk_performance
FN:934,_RNvNtNtCs6JXvGULNGKJ_14darwin_metrics4disk5testss_23test_get_root_disk_info
FN:886,_RNvNtNtCs6JXvGULNGKJ_14darwin_metrics4disk5testss_26test_disk_usage_percentage
FN:328,_RINvMs0_NtCsaakIWYUxKbY_14darwin_metrics4diskNtB6_4Disk12get_for_pathpEB8_
FN:579,_RINvMs1_NtCsaakIWYUxKbY_14darwin_metrics4diskNtB6_11DiskMonitor19get_volume_for_pathpEB8_
FN:340,_RNCINvMs0_NtCsaakIWYUxKbY_14darwin_metrics4diskNtB8_4Disk12get_for_pathpE0Ba_
FN:613,_RNCINvMs1_NtCsaakIWYUxKbY_14darwin_metrics4diskNtB8_11DiskMonitor19get_volume_for_pathpE0Ba_
FN:441,_RNvMs0_NtCsaakIWYUxKbY_14darwin_metrics4diskNtB5_4Disk12format_bytes
FN:422,_RNvMs0_NtCsaakIWYUxKbY_14darwin_metrics4diskNtB5_4Disk12used_display
FN:157,_RNvMs0_NtCsaakIWYUxKbY_14darwin_metrics4diskNtB5_4Disk12with_details
FN:417,_RNvMs0_NtCsaakIWYUxKbY_14darwin_metrics4diskNtB5_4Disk13total_display
FN:407,_RNvMs0_NtCsaakIWYUxKbY_14darwin_metrics4diskNtB5_4Disk14is_nearly_full
FN:399,_RNvMs0_NtCsaakIWYUxKbY_14darwin_metrics4diskNtB5_4Disk16usage_percentage
FN:412,_RNvMs0_NtCsaakIWYUxKbY_14darwin_metrics4diskNtB5_4Disk17available_display
FN:134,_RNvMs0_NtCsaakIWYUxKbY_14darwin_metrics4diskNtB5_4Disk3new
FN:228,_RNvMs0_NtCsaakIWYUxKbY_14darwin_metrics4diskNtB5_4Disk7get_all
FN:427,_RNvMs0_NtCsaakIWYUxKbY_14darwin_metrics4diskNtB5_4Disk7summary
FN:180,_RNvMs0_NtCsaakIWYUxKbY_14darwin_metrics4diskNtB5_4Disk8get_info
FN:468,_RNvMs1_NtCsaakIWYUxKbY_14darwin_metrics4diskNtB5_11DiskMonitor11get_volumes
FN:661,_RNvMs1_NtCsaakIWYUxKbY_14darwin_metrics4diskNtB5_11DiskMonitor15get_performance
FN:841,_RNvMs1_NtCsaakIWYUxKbY_14darwin_metrics4diskNtB5_11DiskMonitor16detect_disk_type
FN:463,_RNvMs1_NtCsaakIWYUxKbY_14darwin_metrics4diskNtB5_11DiskMonitor3new
FN:804,_RNvMs1_NtCsaakIWYUxKbY_14darwin_metrics4diskNtB5_11DiskMonitor6update
FN:28,_RNvXNtCsaakIWYUxKbY_14darwin_metrics4diskNtB2_8DiskTypeNtNtCs4P3ALgZxGbJ_4core7default7Default7default
FN:876,_RNvXs2_NtCsaakIWYUxKbY_14darwin_metrics4diskNtB5_11DiskMonitorNtNtCs4P3ALgZxGbJ_4core7default7Default7default
FN:110,_RNvXs_NtCsaakIWYUxKbY_14darwin_metrics4diskNtB4_9DiskStatsNtNtCs4P3ALgZxGbJ_4core7default7Default7default
FNDA:0,_RINvMs0_NtCs6JXvGULNGKJ_14darwin_metrics4diskNtB6_4Disk12get_for_pathpEB8_
FNDA:0,_RINvMs1_NtCs6JXvGULNGKJ_14darwin_metrics4diskNtB6_11DiskMonitor19get_volume_for_pathpEB8_
FNDA:0,_RNCINvMs0_NtCs6JXvGULNGKJ_14darwin_metrics4diskNtB8_4Disk12get_for_pathpE0Ba_
FNDA:0,_RNCINvMs1_NtCs6JXvGULNGKJ_14darwin_metrics4diskNtB8_11DiskMonitor19get_volume_for_pathpE0Ba_
FNDA:0,_RNvMs0_NtCs6JXvGULNGKJ_14darwin_metrics4diskNtB5_4Disk17available_display
FNDA:0,_RNvMs1_NtCs6JXvGULNGKJ_14darwin_metrics4diskNtB5_11DiskMonitor11get_volumes
FNDA:0,_RNvMs1_NtCs6JXvGULNGKJ_14darwin_metrics4diskNtB5_11DiskMonitor16detect_disk_type
FNDA:0,_RNvXNtCs6JXvGULNGKJ_14darwin_metrics4diskNtB2_8DiskTypeNtNtCs4P3ALgZxGbJ_4core7default7Default7default
FNDA:0,_RNvXs2_NtCs6JXvGULNGKJ_14darwin_metrics4diskNtB5_11DiskMonitorNtNtCs4P3ALgZxGbJ_4core7default7Default7default
FNDA:0,_RNvXs_NtCs6JXvGULNGKJ_14darwin_metrics4diskNtB4_9DiskStatsNtNtCs4P3ALgZxGbJ_4core7default7Default7default
FNDA:26,_RNvMs0_NtCs6JXvGULNGKJ_14darwin_metrics4diskNtB5_4Disk12format_bytes
FNDA:9,_RNvMs0_NtCs6JXvGULNGKJ_14darwin_metrics4diskNtB5_4Disk12used_display
FNDA:9,_RNvMs0_NtCs6JXvGULNGKJ_14darwin_metrics4diskNtB5_4Disk12with_details
FNDA:9,_RNvMs0_NtCs6JXvGULNGKJ_14darwin_metrics4diskNtB5_4Disk13total_display
FNDA:2,_RNvMs0_NtCs6JXvGULNGKJ_14darwin_metrics4diskNtB5_4Disk14is_nearly_full
FNDA:12,_RNvMs0_NtCs6JXvGULNGKJ_14darwin_metrics4diskNtB5_4Disk16usage_percentage
FNDA:3,_RNvMs0_NtCs6JXvGULNGKJ_14darwin_metrics4diskNtB5_4Disk3new
FNDA:1,_RNvMs0_NtCs6JXvGULNGKJ_14darwin_metrics4diskNtB5_4Disk7get_all
FNDA:9,_RNvMs0_NtCs6JXvGULNGKJ_14darwin_metrics4diskNtB5_4Disk7summary
FNDA:1,_RNvMs0_NtCs6JXvGULNGKJ_14darwin_metrics4diskNtB5_4Disk8get_info
FNDA:1,_RNvMs1_NtCs6JXvGULNGKJ_14darwin_metrics4diskNtB5_11DiskMonitor15get_performance
FNDA:1,_RNvMs1_NtCs6JXvGULNGKJ_14darwin_metrics4diskNtB5_11DiskMonitor3new
FNDA:1,_RNvMs1_NtCs6JXvGULNGKJ_14darwin_metrics4diskNtB5_11DiskMonitor6update
FNDA:1,_RNCNvNtNtCs6JXvGULNGKJ_14darwin_metrics4disk5testss_20test_get_all_volumes0B7_
FNDA:1,_RNvNtNtCs6JXvGULNGKJ_14darwin_metrics4disk5testss_17test_format_bytes
FNDA:1,_RNvNtNtCs6JXvGULNGKJ_14darwin_metrics4disk5testss_19test_is_nearly_full
FNDA:1,_RNvNtNtCs6JXvGULNGKJ_14darwin_metrics4disk5testss_20test_get_all_volumes
FNDA:1,_RNvNtNtCs6JXvGULNGKJ_14darwin_metrics4disk5testss_21test_disk_performance
FNDA:1,_RNvNtNtCs6JXvGULNGKJ_14darwin_metrics4disk5testss_23test_get_root_disk_info
FNDA:1,_RNvNtNtCs6JXvGULNGKJ_14darwin_metrics4disk5testss_26test_disk_usage_percentage
FNDA:0,_RINvMs0_NtCsaakIWYUxKbY_14darwin_metrics4diskNtB6_4Disk12get_for_pathpEB8_
FNDA:0,_RINvMs1_NtCsaakIWYUxKbY_14darwin_metrics4diskNtB6_11DiskMonitor19get_volume_for_pathpEB8_
FNDA:0,_RNCINvMs0_NtCsaakIWYUxKbY_14darwin_metrics4diskNtB8_4Disk12get_for_pathpE0Ba_
FNDA:0,_RNCINvMs1_NtCsaakIWYUxKbY_14darwin_metrics4diskNtB8_11DiskMonitor19get_volume_for_pathpE0Ba_
FNDA:0,_RNvMs0_NtCsaakIWYUxKbY_14darwin_metrics4diskNtB5_4Disk12format_bytes
FNDA:0,_RNvMs0_NtCsaakIWYUxKbY_14darwin_metrics4diskNtB5_4Disk12used_display
FNDA:0,_RNvMs0_NtCsaakIWYUxKbY_14darwin_metrics4diskNtB5_4Disk12with_details
FNDA:0,_RNvMs0_NtCsaakIWYUxKbY_14darwin_metrics4diskNtB5_4Disk13total_display
FNDA:0,_RNvMs0_NtCsaakIWYUxKbY_14darwin_metrics4diskNtB5_4Disk14is_nearly_full
FNDA:0,_RNvMs0_NtCsaakIWYUxKbY_14darwin_metrics4diskNtB5_4Disk16usage_percentage
FNDA:0,_RNvMs0_NtCsaakIWYUxKbY_14darwin_metrics4diskNtB5_4Disk17available_display
FNDA:0,_RNvMs0_NtCsaakIWYUxKbY_14darwin_metrics4diskNtB5_4Disk3new
FNDA:0,_RNvMs0_NtCsaakIWYUxKbY_14darwin_metrics4diskNtB5_4Disk7get_all
FNDA:0,_RNvMs0_NtCsaakIWYUxKbY_14darwin_metrics4diskNtB5_4Disk7summary
FNDA:0,_RNvMs0_NtCsaakIWYUxKbY_14darwin_metrics4diskNtB5_4Disk8get_info
FNDA:0,_RNvMs1_NtCsaakIWYUxKbY_14darwin_metrics4diskNtB5_11DiskMonitor11get_volumes
FNDA:0,_RNvMs1_NtCsaakIWYUxKbY_14darwin_metrics4diskNtB5_11DiskMonitor15get_performance
FNDA:0,_RNvMs1_NtCsaakIWYUxKbY_14darwin_metrics4diskNtB5_11DiskMonitor16detect_disk_type
FNDA:0,_RNvMs1_NtCsaakIWYUxKbY_14darwin_metrics4diskNtB5_11DiskMonitor3new
FNDA:0,_RNvMs1_NtCsaakIWYUxKbY_14darwin_metrics4diskNtB5_11DiskMonitor6update
FNDA:0,_RNvXNtCsaakIWYUxKbY_14darwin_metrics4diskNtB2_8DiskTypeNtNtCs4P3ALgZxGbJ_4core7default7Default7default
FNDA:0,_RNvXs2_NtCsaakIWYUxKbY_14darwin_metrics4diskNtB5_11DiskMonitorNtNtCs4P3ALgZxGbJ_4core7default7Default7default
FNDA:0,_RNvXs_NtCsaakIWYUxKbY_14darwin_metrics4diskNtB4_9DiskStatsNtNtCs4P3ALgZxGbJ_4core7default7Default7default
FNF:30
FNH:20
DA:28,0
DA:29,0
DA:30,0
DA:110,0
DA:111,0
DA:112,0
DA:113,0
DA:114,0
DA:115,0
DA:116,0
DA:117,0
DA:118,0
DA:119,0
DA:120,0
DA:134,0
DA:135,0
DA:136,0
DA:137,0
DA:138,0
DA:139,0
DA:140,0
DA:141,0
DA:142,0
DA:143,0
DA:144,0
DA:145,0
DA:146,0
DA:147,0
DA:148,0
DA:149,0
DA:150,0
DA:151,0
DA:152,0
DA:153,0
DA:157,0
DA:158,0
DA:159,0
DA:160,0
DA:161,0
DA:162,0
DA:163,0
DA:164,0
DA:165,0
DA:166,0
DA:167,0
DA:168,0
DA:169,0
DA:170,0
DA:171,0
DA:172,0
DA:173,0
DA:174,0
DA:175,0
DA:176,0
DA:177,0
DA:180,0
DA:187,0
DA:188,0
DA:189,0
DA:190,0
DA:191,0
DA:192,0
DA:193,0
DA:194,0
DA:195,0
DA:196,0
DA:197,0
DA:198,0
DA:199,0
DA:200,0
DA:201,0
DA:202,0
DA:203,0
DA:204,0
DA:205,0
DA:206,0
DA:207,0
DA:208,0
DA:209,0
DA:210,0
DA:211,0
DA:212,0
DA:213,0
DA:214,0
DA:215,0
DA:216,0
DA:217,0
DA:218,0
DA:219,0
DA:220,0
DA:221,0
DA:222,0
DA:223,0
DA:224,0
DA:225,0
DA:228,0
DA:239,0
DA:240,0
DA:241,0
DA:242,0
DA:243,0
DA:244,0
DA:245,0
DA:246,0
DA:247,0
DA:248,0
DA:249,0
DA:250,0
DA:251,0
DA:252,0
DA:253,0
DA:254,0
DA:255,0
DA:256,0
DA:257,0
DA:258,0
DA:260,0
DA:261,0
DA:262,0
DA:263,0
DA:264,0
DA:265,0
DA:266,0
DA:267,0
DA:268,0
DA:269,0
DA:270,0
DA:271,0
DA:272,0
DA:273,0
DA:274,0
DA:275,0
DA:276,0
DA:277,0
DA:278,0
DA:279,0
DA:280,0
DA:281,0
DA:282,0
DA:283,0
DA:284,0
DA:285,0
DA:286,0
DA:287,0
DA:288,0
DA:289,0
DA:290,0
DA:291,0
DA:292,0
DA:293,0
DA:296,0
DA:297,0
DA:298,0
DA:299,0
DA:301,0
DA:302,0
DA:305,0
DA:307,0
DA:310,0
DA:311,0
DA:312,0
DA:313,0
DA:314,0
DA:315,0
DA:316,0
DA:317,0
DA:318,0
DA:319,0
DA:320,0
DA:323,0
DA:324,0
DA:327,0
DA:338,0
DA:339,0
DA:341,0
DA:342,0
DA:343,0
DA:344,0
DA:345,0
DA:346,0
DA:347,0
DA:348,0
DA:349,0
DA:350,0
DA:351,0
DA:352,0
DA:353,0
DA:354,0
DA:355,0
DA:356,0
DA:357,0
DA:358,0
DA:359,0
DA:360,0
DA:361,0
DA:362,0
DA:363,0
DA:364,0
DA:365,0
DA:366,0
DA:367,0
DA:368,0
DA:369,0
DA:370,0
DA:371,0
DA:372,0
DA:373,0
DA:374,0
DA:375,0
DA:376,0
DA:379,0
DA:380,0
DA:381,0
DA:382,0
DA:384,0
DA:385,0
DA:387,0
DA:389,0
DA:392,0
DA:393,0
DA:394,0
DA:395,0
DA:398,0
DA:399,0
DA:400,0
DA:401,0
DA:402,0
DA:403,0
DA:406,0
DA:407,0
DA:408,0
DA:411,0
DA:412,0
DA:413,0
DA:416,0
DA:417,0
DA:418,0
DA:421,0
DA:422,0
DA:423,0
DA:426,0
DA:427,0
DA:429,0
DA:430,0
DA:431,0
DA:432,0
DA:433,0
DA:434,0
DA:435,0
DA:436,0
DA:437,0
DA:440,0
DA:446,0
DA:447,0
DA:448,0
DA:449,0
DA:450,0
DA:451,0
DA:452,0
DA:453,0
DA:455,0
DA:457,0
DA:462,0
DA:463,0
DA:464,0
DA:467,0
DA:477,0
DA:478,0
DA:479,0
DA:480,0
DA:481,0
DA:482,0
DA:483,0
DA:484,0
DA:485,0
DA:486,0
DA:487,0
DA:488,0
DA:489,0
DA:490,0
DA:491,0
DA:492,0
DA:493,0
DA:494,0
DA:495,0
DA:496,0
DA:498,0
DA:499,0
DA:500,0
DA:501,0
DA:502,0
DA:503,0
DA:504,0
DA:505,0
DA:506,0
DA:507,0
DA:508,0
DA:509,0
DA:510,0
DA:511,0
DA:512,0
DA:513,0
DA:514,0
DA:515,0
DA:516,0
DA:517,0
DA:518,0
DA:519,0
DA:520,0
DA:521,0
DA:522,0
DA:523,0
DA:524,0
DA:525,0
DA:526,0
DA:527,0
DA:528,0
DA:529,0
DA:530,0
DA:531,0
DA:534,0
DA:535,0
DA:536,0
DA:537,0
DA:538,0
DA:539,0
DA:540,0
DA:541,0
DA:542,0
DA:543,0
DA:544,0
DA:545,0
DA:546,0
DA:549,0
DA:550,0
DA:553,0
DA:563,0
DA:564,0
DA:566,0
DA:567,0
DA:568,0
DA:569,0
DA:570,0
DA:571,0
DA:572,0
DA:573,0
DA:574,0
DA:575,0
DA:576,0
DA:577,0
DA:578,0
DA:579,0
DA:580,0
DA:581,0
DA:582,0
DA:583,0
DA:584,0
DA:585,0
DA:586,0
DA:587,0
DA:588,0
DA:589,0
DA:590,0
DA:591,0
DA:592,0
DA:593,0
DA:594,0
DA:595,0
DA:596,0
DA:597,0
DA:598,0
DA:599,0
DA:600,0
DA:601,0
DA:604,0
DA:605,0
DA:606,0
DA:607,0
DA:608,0
DA:609,0
DA:612,0
DA:613,0
DA:614,0
DA:615,0
DA:616,0
DA:617,0
DA:619,0
DA:620,0
DA:621,0
DA:622,0
DA:623,0
DA:624,0
DA:625,0
DA:626,0
DA:627,0
DA:628,0
DA:629,0
DA:630,0
DA:631,0
DA:632,0
DA:633,0
DA:634,0
DA:635,0
DA:636,0
DA:637,0
DA:638,0
DA:639,0
DA:640,0
DA:641,0
DA:642,0
DA:643,0
DA:644,0
DA:645,0
DA:646,0
DA:647,0
DA:648,0
DA:649,0
DA:650,0
DA:651,0
DA:652,0
DA:653,0
DA:654,0
DA:655,0
DA:656,0
DA:657,0
DA:658,0
DA:659,0
DA:660,0
DA:661,0
DA:662,0
DA:663,0
DA:664,0
DA:665,0
DA:666,0
DA:667,0
DA:668,0
DA:669,0
DA:670,0
DA:671,0
DA:672,0
DA:673,0
DA:674,0
DA:675,0
DA:676,0
DA:677,0
DA:678,0
DA:681,0
DA:682,0
DA:684,0
DA:687,0
DA:688,0
DA:690,0
DA:694,0
DA:695,0
DA:697,0
DA:698,0
DA:700,0
DA:704,0
DA:705,0
DA:706,0
DA:707,0
DA:708,0
DA:709,0
DA:710,0
DA:711,0
DA:712,0
DA:713,0
DA:714,0
DA:715,0
DA:716,0
DA:717,0
DA:718,0
DA:721,0
DA:722,0
DA:723,0
DA:724,0
DA:725,0
DA:726,0
DA:727,0
DA:728,0
DA:729,0
DA:730,0
DA:731,0
DA:732,0
DA:733,0
DA:734,0
DA:735,0
DA:736,0
DA:737,0
DA:738,0
DA:739,0
DA:740,0
DA:741,0
DA:742,0
DA:743,0
DA:744,0
DA:745,0
DA:746,0
DA:747,0
DA:748,0
DA:750,0
DA:751,0
DA:754,0
DA:755,0
DA:756,0
DA:757,0
DA:758,0
DA:759,0
DA:760,0
DA:761,0
DA:762,0
DA:763,0
DA:764,0
DA:765,0
DA:766,0
DA:767,0
DA:768,0
DA:769,0
DA:770,0
DA:771,0
DA:772,0
DA:773,0
DA:774,0
DA:775,0
DA:776,0
DA:777,0
DA:778,0
DA:779,0
DA:780,0
DA:781,0
DA:782,0
DA:783,0
DA:784,0
DA:785,0
DA:786,0
DA:787,0
DA:790,0
DA:791,0
DA:792,0
DA:793,0
DA:794,0
DA:795,0
DA:796,0
DA:797,0
DA:798,0
DA:800,0
DA:801,0
DA:802,0
DA:803,0
DA:804,0
DA:805,0
DA:806,0
DA:807,0
DA:808,0
DA:809,0
DA:810,0
DA:811,0
DA:812,0
DA:813,0
DA:814,0
DA:815,0
DA:816,0
DA:817,0
DA:818,0
DA:819,0
DA:820,0
DA:824,0
DA:825,0
DA:826,0
BRF:0
BRH:0
LF:571
LH:0
end_of_record
SF:/Users/smeya/git/darwin-metrics/src/error.rs
FN:144,_RNvMNtCs6JXvGULNGKJ_14darwin_metrics5errorNtB2_5Error16is_not_available
FN:138,_RNvMNtCs6JXvGULNGKJ_14darwin_metrics5errorNtB2_5Error19is_permission_error
FN:119,_RNvMNtCs6JXvGULNGKJ_14darwin_metrics5errorNtB2_5Error7details
FN:154,_RNvXs_NtCs6JXvGULNGKJ_14darwin_metrics5errorNtB4_5ErrorINtNtCs4P3ALgZxGbJ_4core7convert4FromNtNtNtCsfXerQ7jTsRl_3std2io5error5ErrorE4from
FN:89,_RINvMNtCs6JXvGULNGKJ_14darwin_metrics5errorNtB3_5Error12invalid_dataNtNtCsaxtFaqkp5wQ_5alloc6string6StringEB5_
FN:89,_RINvMNtCs6JXvGULNGKJ_14darwin_metrics5errorNtB3_5Error12invalid_dataReEB5_
FN:99,_RINvMNtCs6JXvGULNGKJ_14darwin_metrics5errorNtB3_5Error13not_availableReEB5_
FN:114,_RINvMNtCs6JXvGULNGKJ_14darwin_metrics5errorNtB3_5Error13process_errorNtNtCsaxtFaqkp5wQ_5alloc6string6StringEB5_
FN:114,_RINvMNtCs6JXvGULNGKJ_14darwin_metrics5errorNtB3_5Error13process_errorReEB5_
FN:94,_RINvMNtCs6JXvGULNGKJ_14darwin_metrics5errorNtB3_5Error15not_implementedReEB5_
FN:104,_RINvMNtCs6JXvGULNGKJ_14darwin_metrics5errorNtB3_5Error17permission_deniedReEB5_
FN:109,_RINvMNtCs6JXvGULNGKJ_14darwin_metrics5errorNtB3_5Error17service_not_foundNtNtCsaxtFaqkp5wQ_5alloc6string6StringEB5_
FN:109,_RINvMNtCs6JXvGULNGKJ_14darwin_metrics5errorNtB3_5Error17service_not_foundReEB5_
FN:79,_RINvMNtCs6JXvGULNGKJ_14darwin_metrics5errorNtB3_5Error6io_kitNtNtCsaxtFaqkp5wQ_5alloc6string6StringEB5_
FN:79,_RINvMNtCs6JXvGULNGKJ_14darwin_metrics5errorNtB3_5Error6io_kitReEB5_
FN:84,_RINvMNtCs6JXvGULNGKJ_14darwin_metrics5errorNtB3_5Error6systemNtNtCsaxtFaqkp5wQ_5alloc6string6StringEB5_
FN:84,_RINvMNtCs6JXvGULNGKJ_14darwin_metrics5errorNtB3_5Error6systemReEB5_
FN:269,_RNvNtNtCs6JXvGULNGKJ_14darwin_metrics5error5testss_18test_from_io_error
FN:196,_RNvNtNtCs6JXvGULNGKJ_14darwin_metrics5error5testss_21test_error_details_io
FN:216,_RNvNtNtCs6JXvGULNGKJ_14darwin_metrics5error5testss_24test_error_details_iokit
FN:230,_RNvNtNtCs6JXvGULNGKJ_14darwin_metrics5error5testss_24test_error_details_other
FN:168,_RNvNtNtCs6JXvGULNGKJ_14darwin_metrics5error5testss_27test_error_creation_methods
FN:259,_RNvNtNtCs6JXvGULNGKJ_14darwin_metrics5error5testss_27test_error_is_not_available
FN:208,_RNvNtNtCs6JXvGULNGKJ_14darwin_metrics5error5testss_29test_error_details_permission
FN:237,_RNvNtNtCs6JXvGULNGKJ_14darwin_metrics5error5testss_30test_error_is_permission_error
FN:223,_RNvNtNtCs6JXvGULNGKJ_14darwin_metrics5error5testss_32test_error_details_not_available
FN:144,_RNvMNtCsaakIWYUxKbY_14darwin_metrics5errorNtB2_5Error16is_not_available
FN:138,_RNvMNtCsaakIWYUxKbY_14darwin_metrics5errorNtB2_5Error19is_permission_error
FN:119,_RNvMNtCsaakIWYUxKbY_14darwin_metrics5errorNtB2_5Error7details
FN:154,_RNvXs_NtCsaakIWYUxKbY_14darwin_metrics5errorNtB4_5ErrorINtNtCs4P3ALgZxGbJ_4core7convert4FromNtNtNtCsfXerQ7jTsRl_3std2io5error5ErrorE4from
FN:89,_RINvMNtCsaakIWYUxKbY_14darwin_metrics5errorNtB3_5Error12invalid_dataNtNtCsaxtFaqkp5wQ_5alloc6string6StringEB5_
FN:89,_RINvMNtCsaakIWYUxKbY_14darwin_metrics5errorNtB3_5Error12invalid_dataReEB5_
FN:114,_RINvMNtCsaakIWYUxKbY_14darwin_metrics5errorNtB3_5Error13process_errorNtNtCsaxtFaqkp5wQ_5alloc6string6StringEB5_
FN:114,_RINvMNtCsaakIWYUxKbY_14darwin_metrics5errorNtB3_5Error13process_errorReEB5_
FN:109,_RINvMNtCsaakIWYUxKbY_14darwin_metrics5errorNtB3_5Error17service_not_foundNtNtCsaxtFaqkp5wQ_5alloc6string6StringEB5_
FN:109,_RINvMNtCsaakIWYUxKbY_14darwin_metrics5errorNtB3_5Error17service_not_foundReEB5_
FN:79,_RINvMNtCsaakIWYUxKbY_14darwin_metrics5errorNtB3_5Error6io_kitNtNtCsaxtFaqkp5wQ_5alloc6string6StringEB5_
FN:84,_RINvMNtCsaakIWYUxKbY_14darwin_metrics5errorNtB3_5Error6systemNtNtCsaxtFaqkp5wQ_5alloc6string6StringEB5_
FN:84,_RINvMNtCsaakIWYUxKbY_14darwin_metrics5errorNtB3_5Error6systemReEB5_
FN:99,_RINvMNtCsaakIWYUxKbY_14darwin_metrics5errorNtB3_5Error13not_availablepEB5_
FN:94,_RINvMNtCsaakIWYUxKbY_14darwin_metrics5errorNtB3_5Error15not_implementedpEB5_
FN:104,_RINvMNtCsaakIWYUxKbY_14darwin_metrics5errorNtB3_5Error17permission_deniedpEB5_
FNDA:2,_RNvMNtCs6JXvGULNGKJ_14darwin_metrics5errorNtB2_5Error16is_not_available
FNDA:4,_RNvMNtCs6JXvGULNGKJ_14darwin_metrics5errorNtB2_5Error19is_permission_error
FNDA:6,_RNvMNtCs6JXvGULNGKJ_14darwin_metrics5errorNtB2_5Error7details
FNDA:1,_RNvXs_NtCs6JXvGULNGKJ_14darwin_metrics5errorNtB4_5ErrorINtNtCs4P3ALgZxGbJ_4core7convert4FromNtNtNtCsfXerQ7jTsRl_3std2io5error5ErrorE4from
FNDA:0,_RINvMNtCs6JXvGULNGKJ_14darwin_metrics5errorNtB3_5Error12invalid_dataNtNtCsaxtFaqkp5wQ_5alloc6string6StringEB5_
FNDA:5,_RINvMNtCs6JXvGULNGKJ_14darwin_metrics5errorNtB3_5Error12invalid_dataReEB5_
FNDA:1,_RINvMNtCs6JXvGULNGKJ_14darwin_metrics5errorNtB3_5Error13not_availableReEB5_
FNDA:984,_RINvMNtCs6JXvGULNGKJ_14darwin_metrics5errorNtB3_5Error13process_errorNtNtCsaxtFaqkp5wQ_5alloc6string6StringEB5_
FNDA:1,_RINvMNtCs6JXvGULNGKJ_14darwin_metrics5errorNtB3_5Error13process_errorReEB5_
FNDA:1,_RINvMNtCs6JXvGULNGKJ_14darwin_metrics5errorNtB3_5Error15not_implementedReEB5_
FNDA:1,_RINvMNtCs6JXvGULNGKJ_14darwin_metrics5errorNtB3_5Error17permission_deniedReEB5_
FNDA:1,_RINvMNtCs6JXvGULNGKJ_14darwin_metrics5errorNtB3_5Error17service_not_foundNtNtCsaxtFaqkp5wQ_5alloc6string6StringEB5_
FNDA:2,_RINvMNtCs6JXvGULNGKJ_14darwin_metrics5errorNtB3_5Error17service_not_foundReEB5_
FNDA:4,_RINvMNtCs6JXvGULNGKJ_14darwin_metrics5errorNtB3_5Error6io_kitNtNtCsaxtFaqkp5wQ_5alloc6string6StringEB5_
FNDA:2,_RINvMNtCs6JXvGULNGKJ_14darwin_metrics5errorNtB3_5Error6io_kitReEB5_
FNDA:7,_RINvMNtCs6JXvGULNGKJ_14darwin_metrics5errorNtB3_5Error6systemNtNtCsaxtFaqkp5wQ_5alloc6string6StringEB5_
FNDA:3,_RINvMNtCs6JXvGULNGKJ_14darwin_metrics5errorNtB3_5Error6systemReEB5_
FNDA:1,_RNvNtNtCs6JXvGULNGKJ_14darwin_metrics5error5testss_18test_from_io_error
FNDA:1,_RNvNtNtCs6JXvGULNGKJ_14darwin_metrics5error5testss_21test_error_details_io
FNDA:1,_RNvNtNtCs6JXvGULNGKJ_14darwin_metrics5error5testss_24test_error_details_iokit
FNDA:1,_RNvNtNtCs6JXvGULNGKJ_14darwin_metrics5error5testss_24test_error_details_other
FNDA:1,_RNvNtNtCs6JXvGULNGKJ_14darwin_metrics5error5testss_27test_error_creation_methods
FNDA:1,_RNvNtNtCs6JXvGULNGKJ_14darwin_metrics5error5testss_27test_error_is_not_available
FNDA:1,_RNvNtNtCs6JXvGULNGKJ_14darwin_metrics5error5testss_29test_error_details_permission
FNDA:1,_RNvNtNtCs6JXvGULNGKJ_14darwin_metrics5error5testss_30test_error_is_permission_error
FNDA:1,_RNvNtNtCs6JXvGULNGKJ_14darwin_metrics5error5testss_32test_error_details_not_available
FNDA:0,_RNvMNtCsaakIWYUxKbY_14darwin_metrics5errorNtB2_5Error16is_not_available
FNDA:0,_RNvMNtCsaakIWYUxKbY_14darwin_metrics5errorNtB2_5Error19is_permission_error
FNDA:0,_RNvMNtCsaakIWYUxKbY_14darwin_metrics5errorNtB2_5Error7details
FNDA:0,_RNvXs_NtCsaakIWYUxKbY_14darwin_metrics5errorNtB4_5ErrorINtNtCs4P3ALgZxGbJ_4core7convert4FromNtNtNtCsfXerQ7jTsRl_3std2io5error5ErrorE4from
FNDA:0,_RINvMNtCsaakIWYUxKbY_14darwin_metrics5errorNtB3_5Error12invalid_dataNtNtCsaxtFaqkp5wQ_5alloc6string6StringEB5_
FNDA:0,_RINvMNtCsaakIWYUxKbY_14darwin_metrics5errorNtB3_5Error12invalid_dataReEB5_
FNDA:0,_RINvMNtCsaakIWYUxKbY_14darwin_metrics5errorNtB3_5Error13process_errorNtNtCsaxtFaqkp5wQ_5alloc6string6StringEB5_
FNDA:0,_RINvMNtCsaakIWYUxKbY_14darwin_metrics5errorNtB3_5Error13process_errorReEB5_
FNDA:0,_RINvMNtCsaakIWYUxKbY_14darwin_metrics5errorNtB3_5Error17service_not_foundNtNtCsaxtFaqkp5wQ_5alloc6string6StringEB5_
FNDA:0,_RINvMNtCsaakIWYUxKbY_14darwin_metrics5errorNtB3_5Error17service_not_foundReEB5_
FNDA:0,_RINvMNtCsaakIWYUxKbY_14darwin_metrics5errorNtB3_5Error6io_kitNtNtCsaxtFaqkp5wQ_5alloc6string6StringEB5_
FNDA:0,_RINvMNtCsaakIWYUxKbY_14darwin_metrics5errorNtB3_5Error6systemNtNtCsaxtFaqkp5wQ_5alloc6string6StringEB5_
FNDA:0,_RINvMNtCsaakIWYUxKbY_14darwin_metrics5errorNtB3_5Error6systemReEB5_
FNDA:0,_RINvMNtCsaakIWYUxKbY_14darwin_metrics5errorNtB3_5Error13not_availablepEB5_
FNDA:0,_RINvMNtCsaakIWYUxKbY_14darwin_metrics5errorNtB3_5Error15not_implementedpEB5_
FNDA:0,_RINvMNtCsaakIWYUxKbY_14darwin_metrics5errorNtB3_5Error17permission_deniedpEB5_
FNF:21
FNH:21
DA:79,6
DA:80,6
DA:81,6
DA:84,10
DA:85,10
DA:86,10
DA:89,5
DA:90,5
DA:91,5
DA:94,1
DA:95,1
DA:96,1
DA:99,1
DA:100,1
DA:101,1
DA:104,1
DA:105,1
DA:106,1
DA:109,3
DA:110,3
DA:111,3
DA:114,985
DA:115,985
DA:116,985
DA:119,6
DA:120,6
DA:121,1
DA:122,2
DA:123,2
DA:125,1
DA:126,1
DA:127,1
DA:128,1
DA:129,1
DA:130,1
DA:131,1
DA:132,1
DA:133,1
DA:135,6
DA:138,4
DA:139,4
DA:140,2
DA:141,4
DA:144,2
DA:145,2
DA:146,2
DA:154,1
DA:155,1
DA:156,1
DA:157,1
DA:158,1
DA:159,1
DA:168,1
DA:169,1
DA:170,1
DA:171,1
DA:173,1
DA:174,1
DA:176,1
DA:177,1
DA:179,1
DA:180,1
DA:182,1
DA:183,1
DA:185,1
DA:186,1
DA:188,1
DA:189,1
DA:191,1
DA:192,1
DA:193,1
DA:196,1
DA:197,1
DA:198,1
DA:199,1
DA:200,1
DA:201,1
DA:202,1
DA:203,1
DA:204,1
DA:205,1
DA:208,1
DA:209,1
DA:210,1
DA:211,1
DA:212,1
DA:213,1
DA:216,1
DA:217,1
DA:218,1
DA:219,1
DA:220,1
DA:223,1
DA:224,1
DA:225,1
DA:226,1
DA:227,1
DA:230,1
DA:231,1
DA:232,1
DA:233,1
DA:234,1
DA:237,1
DA:238,1
DA:239,1
DA:240,1
DA:242,1
DA:243,1
DA:244,1
DA:245,1
DA:246,1
DA:248,1
DA:249,1
DA:250,1
DA:251,1
DA:252,1
DA:254,1
DA:255,1
DA:256,1
DA:259,1
DA:260,1
DA:261,1
DA:262,1
DA:264,1
DA:265,1
DA:266,1
DA:269,1
DA:270,1
DA:271,1
DA:272,1
DA:274,1
DA:275,1
DA:276,1
DA:278,0
DA:280,1
BRF:0
BRH:0
LF:135
LH:134
end_of_record
SF:/Users/smeya/git/darwin-metrics/src/hardware/cpu/cpu_impl.rs
FN:156,_RNvMNtNtNtCs6JXvGULNGKJ_14darwin_metrics8hardware3cpu8cpu_implNtB2_3CPU16fetch_core_usage
FN:192,_RNvMNtNtNtCs6JXvGULNGKJ_14darwin_metrics8hardware3cpu8cpu_implNtB2_3CPU21fetch_cpu_temperature
FN:73,_RNvMNtNtNtCs6JXvGULNGKJ_14darwin_metrics8hardware3cpu8cpu_implNtB2_3CPU3new
FN:102,_RNvMNtNtNtCs6JXvGULNGKJ_14darwin_metrics8hardware3cpu8cpu_implNtB2_3CPU6update
FN:295,_RNCNvMNtNtNtCs6JXvGULNGKJ_14darwin_metrics8hardware3cpu8cpu_implNtB4_3CPU17max_frequency_mhz0Ba_
FN:286,_RNCNvMNtNtNtCs6JXvGULNGKJ_14darwin_metrics8hardware3cpu8cpu_implNtB4_3CPU17min_frequency_mhz0Ba_
FN:305,_RNCNvMNtNtNtCs6JXvGULNGKJ_14darwin_metrics8hardware3cpu8cpu_implNtB4_3CPU21available_frequencies0Ba_
FN:242,_RNvMNtNtNtCs6JXvGULNGKJ_14darwin_metrics8hardware3cpu8cpu_implNtB2_3CPU10core_usage
FN:254,_RNvMNtNtNtCs6JXvGULNGKJ_14darwin_metrics8hardware3cpu8cpu_implNtB2_3CPU10model_name
FN:263,_RNvMNtNtNtCs6JXvGULNGKJ_14darwin_metrics8hardware3cpu8cpu_implNtB2_3CPU11temperature
FN:230,_RNvMNtNtNtCs6JXvGULNGKJ_14darwin_metrics8hardware3cpu8cpu_implNtB2_3CPU13frequency_mhz
FN:218,_RNvMNtNtNtCs6JXvGULNGKJ_14darwin_metrics8hardware3cpu8cpu_implNtB2_3CPU13logical_cores
FN:205,_RNvMNtNtNtCs6JXvGULNGKJ_14darwin_metrics8hardware3cpu8cpu_implNtB2_3CPU14physical_cores
FN:276,_RNvMNtNtNtCs6JXvGULNGKJ_14darwin_metrics8hardware3cpu8cpu_implNtB2_3CPU17frequency_metrics
FN:294,_RNvMNtNtNtCs6JXvGULNGKJ_14darwin_metrics8hardware3cpu8cpu_implNtB2_3CPU17max_frequency_mhz
FN:285,_RNvMNtNtNtCs6JXvGULNGKJ_14darwin_metrics8hardware3cpu8cpu_implNtB2_3CPU17min_frequency_mhz
FN:304,_RNvMNtNtNtCs6JXvGULNGKJ_14darwin_metrics8hardware3cpu8cpu_implNtB2_3CPU21available_frequencies
FN:354,_RNvMNtNtNtNtCs6JXvGULNGKJ_14darwin_metrics8hardware3cpu8cpu_impl5testsNtB4_3CPU13new_with_mock
FN:325,_RNvXs_NtNtNtCs6JXvGULNGKJ_14darwin_metrics8hardware3cpu8cpu_implNtB4_3CPUNtB6_10CpuMetrics13get_cpu_usage
FN:343,_RNvXs_NtNtNtCs6JXvGULNGKJ_14darwin_metrics8hardware3cpu8cpu_implNtB4_3CPUNtB6_10CpuMetrics17get_cpu_frequency
FN:334,_RNvXs_NtNtNtCs6JXvGULNGKJ_14darwin_metrics8hardware3cpu8cpu_implNtB4_3CPUNtB6_10CpuMetrics19get_cpu_temperature
FN:359,_RNCNvMNtNtNtNtCs6JXvGULNGKJ_14darwin_metrics8hardware3cpu8cpu_impl5testsNtB6_3CPU13new_with_mock0Bc_
FN:401,_RNvNtNtNtNtCs6JXvGULNGKJ_14darwin_metrics8hardware3cpu8cpu_impl5testss_14test_cpu_usage
FN:414,_RNvNtNtNtNtCs6JXvGULNGKJ_14darwin_metrics8hardware3cpu8cpu_impl5testss_22test_cpu_metrics_trait
FN:426,_RNvNtNtNtNtCs6JXvGULNGKJ_14darwin_metrics8hardware3cpu8cpu_impl5testss_22test_frequency_metrics
FN:389,_RNvNtNtNtNtCs6JXvGULNGKJ_14darwin_metrics8hardware3cpu8cpu_impl5testss_23test_cpu_initialization
FN:362,_RNCNvMNtNtNtNtCs6JXvGULNGKJ_14darwin_metrics8hardware3cpu8cpu_impl5testsNtB6_3CPU13new_with_mocks_0Bc_
FN:295,_RNCNvMNtNtNtCsaakIWYUxKbY_14darwin_metrics8hardware3cpu8cpu_implNtB4_3CPU17max_frequency_mhz0Ba_
FN:286,_RNCNvMNtNtNtCsaakIWYUxKbY_14darwin_metrics8hardware3cpu8cpu_implNtB4_3CPU17min_frequency_mhz0Ba_
FN:305,_RNCNvMNtNtNtCsaakIWYUxKbY_14darwin_metrics8hardware3cpu8cpu_implNtB4_3CPU21available_frequencies0Ba_
FN:242,_RNvMNtNtNtCsaakIWYUxKbY_14darwin_metrics8hardware3cpu8cpu_implNtB2_3CPU10core_usage
FN:254,_RNvMNtNtNtCsaakIWYUxKbY_14darwin_metrics8hardware3cpu8cpu_implNtB2_3CPU10model_name
FN:263,_RNvMNtNtNtCsaakIWYUxKbY_14darwin_metrics8hardware3cpu8cpu_implNtB2_3CPU11temperature
FN:230,_RNvMNtNtNtCsaakIWYUxKbY_14darwin_metrics8hardware3cpu8cpu_implNtB2_3CPU13frequency_mhz
FN:218,_RNvMNtNtNtCsaakIWYUxKbY_14darwin_metrics8hardware3cpu8cpu_implNtB2_3CPU13logical_cores
FN:205,_RNvMNtNtNtCsaakIWYUxKbY_14darwin_metrics8hardware3cpu8cpu_implNtB2_3CPU14physical_cores
FN:156,_RNvMNtNtNtCsaakIWYUxKbY_14darwin_metrics8hardware3cpu8cpu_implNtB2_3CPU16fetch_core_usage
FN:276,_RNvMNtNtNtCsaakIWYUxKbY_14darwin_metrics8hardware3cpu8cpu_implNtB2_3CPU17frequency_metrics
FN:294,_RNvMNtNtNtCsaakIWYUxKbY_14darwin_metrics8hardware3cpu8cpu_implNtB2_3CPU17max_frequency_mhz
FN:285,_RNvMNtNtNtCsaakIWYUxKbY_14darwin_metrics8hardware3cpu8cpu_implNtB2_3CPU17min_frequency_mhz
FN:304,_RNvMNtNtNtCsaakIWYUxKbY_14darwin_metrics8hardware3cpu8cpu_implNtB2_3CPU21available_frequencies
FN:192,_RNvMNtNtNtCsaakIWYUxKbY_14darwin_metrics8hardware3cpu8cpu_implNtB2_3CPU21fetch_cpu_temperature
FN:73,_RNvMNtNtNtCsaakIWYUxKbY_14darwin_metrics8hardware3cpu8cpu_implNtB2_3CPU3new
FN:102,_RNvMNtNtNtCsaakIWYUxKbY_14darwin_metrics8hardware3cpu8cpu_implNtB2_3CPU6update
FN:325,_RNvXs_NtNtNtCsaakIWYUxKbY_14darwin_metrics8hardware3cpu8cpu_implNtB4_3CPUNtB6_10CpuMetrics13get_cpu_usage
FN:343,_RNvXs_NtNtNtCsaakIWYUxKbY_14darwin_metrics8hardware3cpu8cpu_implNtB4_3CPUNtB6_10CpuMetrics17get_cpu_frequency
FN:334,_RNvXs_NtNtNtCsaakIWYUxKbY_14darwin_metrics8hardware3cpu8cpu_implNtB4_3CPUNtB6_10CpuMetrics19get_cpu_temperature
FNDA:0,_RNvMNtNtNtCs6JXvGULNGKJ_14darwin_metrics8hardware3cpu8cpu_implNtB2_3CPU16fetch_core_usage
FNDA:0,_RNvMNtNtNtCs6JXvGULNGKJ_14darwin_metrics8hardware3cpu8cpu_implNtB2_3CPU21fetch_cpu_temperature
FNDA:0,_RNvMNtNtNtCs6JXvGULNGKJ_14darwin_metrics8hardware3cpu8cpu_implNtB2_3CPU3new
FNDA:0,_RNvMNtNtNtCs6JXvGULNGKJ_14darwin_metrics8hardware3cpu8cpu_implNtB2_3CPU6update
FNDA:1,_RNCNvMNtNtNtCs6JXvGULNGKJ_14darwin_metrics8hardware3cpu8cpu_implNtB4_3CPU17max_frequency_mhz0Ba_
FNDA:1,_RNCNvMNtNtNtCs6JXvGULNGKJ_14darwin_metrics8hardware3cpu8cpu_implNtB4_3CPU17min_frequency_mhz0Ba_
FNDA:1,_RNCNvMNtNtNtCs6JXvGULNGKJ_14darwin_metrics8hardware3cpu8cpu_implNtB4_3CPU21available_frequencies0Ba_
FNDA:2,_RNvMNtNtNtCs6JXvGULNGKJ_14darwin_metrics8hardware3cpu8cpu_implNtB2_3CPU10core_usage
FNDA:1,_RNvMNtNtNtCs6JXvGULNGKJ_14darwin_metrics8hardware3cpu8cpu_implNtB2_3CPU10model_name
FNDA:1,_RNvMNtNtNtCs6JXvGULNGKJ_14darwin_metrics8hardware3cpu8cpu_implNtB2_3CPU11temperature
FNDA:2,_RNvMNtNtNtCs6JXvGULNGKJ_14darwin_metrics8hardware3cpu8cpu_implNtB2_3CPU13frequency_mhz
FNDA:1,_RNvMNtNtNtCs6JXvGULNGKJ_14darwin_metrics8hardware3cpu8cpu_implNtB2_3CPU13logical_cores
FNDA:1,_RNvMNtNtNtCs6JXvGULNGKJ_14darwin_metrics8hardware3cpu8cpu_implNtB2_3CPU14physical_cores
FNDA:1,_RNvMNtNtNtCs6JXvGULNGKJ_14darwin_metrics8hardware3cpu8cpu_implNtB2_3CPU17frequency_metrics
FNDA:1,_RNvMNtNtNtCs6JXvGULNGKJ_14darwin_metrics8hardware3cpu8cpu_implNtB2_3CPU17max_frequency_mhz
FNDA:1,_RNvMNtNtNtCs6JXvGULNGKJ_14darwin_metrics8hardware3cpu8cpu_implNtB2_3CPU17min_frequency_mhz
FNDA:1,_RNvMNtNtNtCs6JXvGULNGKJ_14darwin_metrics8hardware3cpu8cpu_implNtB2_3CPU21available_frequencies
FNDA:4,_RNvMNtNtNtNtCs6JXvGULNGKJ_14darwin_metrics8hardware3cpu8cpu_impl5testsNtB4_3CPU13new_with_mock
FNDA:3,_RNvXs_NtNtNtCs6JXvGULNGKJ_14darwin_metrics8hardware3cpu8cpu_implNtB4_3CPUNtB6_10CpuMetrics13get_cpu_usage
FNDA:1,_RNvXs_NtNtNtCs6JXvGULNGKJ_14darwin_metrics8hardware3cpu8cpu_implNtB4_3CPUNtB6_10CpuMetrics17get_cpu_frequency
FNDA:1,_RNvXs_NtNtNtCs6JXvGULNGKJ_14darwin_metrics8hardware3cpu8cpu_implNtB4_3CPUNtB6_10CpuMetrics19get_cpu_temperature
FNDA:0,_RNCNvMNtNtNtNtCs6JXvGULNGKJ_14darwin_metrics8hardware3cpu8cpu_impl5testsNtB6_3CPU13new_with_mock0Bc_
FNDA:1,_RNvNtNtNtNtCs6JXvGULNGKJ_14darwin_metrics8hardware3cpu8cpu_impl5testss_14test_cpu_usage
FNDA:1,_RNvNtNtNtNtCs6JXvGULNGKJ_14darwin_metrics8hardware3cpu8cpu_impl5testss_22test_cpu_metrics_trait
FNDA:1,_RNvNtNtNtNtCs6JXvGULNGKJ_14darwin_metrics8hardware3cpu8cpu_impl5testss_22test_frequency_metrics
FNDA:1,_RNvNtNtNtNtCs6JXvGULNGKJ_14darwin_metrics8hardware3cpu8cpu_impl5testss_23test_cpu_initialization
FNDA:0,_RNCNvMNtNtNtNtCs6JXvGULNGKJ_14darwin_metrics8hardware3cpu8cpu_impl5testsNtB6_3CPU13new_with_mocks_0Bc_
FNDA:0,_RNCNvMNtNtNtCsaakIWYUxKbY_14darwin_metrics8hardware3cpu8cpu_implNtB4_3CPU17max_frequency_mhz0Ba_
FNDA:0,_RNCNvMNtNtNtCsaakIWYUxKbY_14darwin_metrics8hardware3cpu8cpu_implNtB4_3CPU17min_frequency_mhz0Ba_
FNDA:0,_RNCNvMNtNtNtCsaakIWYUxKbY_14darwin_metrics8hardware3cpu8cpu_implNtB4_3CPU21available_frequencies0Ba_
FNDA:0,_RNvMNtNtNtCsaakIWYUxKbY_14darwin_metrics8hardware3cpu8cpu_implNtB2_3CPU10core_usage
FNDA:0,_RNvMNtNtNtCsaakIWYUxKbY_14darwin_metrics8hardware3cpu8cpu_implNtB2_3CPU10model_name
FNDA:0,_RNvMNtNtNtCsaakIWYUxKbY_14darwin_metrics8hardware3cpu8cpu_implNtB2_3CPU11temperature
FNDA:0,_RNvMNtNtNtCsaakIWYUxKbY_14darwin_metrics8hardware3cpu8cpu_implNtB2_3CPU13frequency_mhz
FNDA:0,_RNvMNtNtNtCsaakIWYUxKbY_14darwin_metrics8hardware3cpu8cpu_implNtB2_3CPU13logical_cores
FNDA:0,_RNvMNtNtNtCsaakIWYUxKbY_14darwin_metrics8hardware3cpu8cpu_implNtB2_3CPU14physical_cores
FNDA:0,_RNvMNtNtNtCsaakIWYUxKbY_14darwin_metrics8hardware3cpu8cpu_implNtB2_3CPU16fetch_core_usage
FNDA:0,_RNvMNtNtNtCsaakIWYUxKbY_14darwin_metrics8hardware3cpu8cpu_implNtB2_3CPU17frequency_metrics
FNDA:0,_RNvMNtNtNtCsaakIWYUxKbY_14darwin_metrics8hardware3cpu8cpu_implNtB2_3CPU17max_frequency_mhz
FNDA:0,_RNvMNtNtNtCsaakIWYUxKbY_14darwin_metrics8hardware3cpu8cpu_implNtB2_3CPU17min_frequency_mhz
FNDA:0,_RNvMNtNtNtCsaakIWYUxKbY_14darwin_metrics8hardware3cpu8cpu_implNtB2_3CPU21available_frequencies
FNDA:0,_RNvMNtNtNtCsaakIWYUxKbY_14darwin_metrics8hardware3cpu8cpu_implNtB2_3CPU21fetch_cpu_temperature
FNDA:0,_RNvMNtNtNtCsaakIWYUxKbY_14darwin_metrics8hardware3cpu8cpu_implNtB2_3CPU3new
FNDA:0,_RNvMNtNtNtCsaakIWYUxKbY_14darwin_metrics8hardware3cpu8cpu_implNtB2_3CPU6update
FNDA:0,_RNvXs_NtNtNtCsaakIWYUxKbY_14darwin_metrics8hardware3cpu8cpu_implNtB4_3CPUNtB6_10CpuMetrics13get_cpu_usage
FNDA:0,_RNvXs_NtNtNtCsaakIWYUxKbY_14darwin_metrics8hardware3cpu8cpu_implNtB4_3CPUNtB6_10CpuMetrics17get_cpu_frequency
FNDA:0,_RNvXs_NtNtNtCsaakIWYUxKbY_14darwin_metrics8hardware3cpu8cpu_implNtB4_3CPUNtB6_10CpuMetrics19get_cpu_temperature
FNF:27
FNH:21
DA:73,0
DA:75,0
DA:76,0
DA:77,0
DA:78,0
DA:79,0
DA:82,0
DA:83,0
DA:84,0
DA:85,0
DA:86,0
DA:87,0
DA:88,0
DA:89,0
DA:90,0
DA:91,0
DA:92,0
DA:93,0
DA:94,0
DA:96,0
DA:97,0
DA:99,0
DA:100,0
DA:101,0
DA:102,0
DA:103,0
DA:104,0
DA:105,0
DA:106,0
DA:107,0
DA:108,0
DA:109,0
DA:110,0
DA:111,0
DA:112,0
DA:113,0
DA:114,0
DA:115,0
DA:116,0
DA:117,0
DA:118,0
DA:121,0
DA:122,0
DA:123,0
DA:126,0
DA:127,0
DA:128,0
DA:129,0
DA:130,0
DA:131,0
DA:132,0
DA:133,0
DA:134,0
DA:135,0
DA:136,0
DA:139,0
DA:140,0
DA:141,0
DA:142,0
DA:143,0
DA:144,0
DA:145,0
DA:146,0
DA:147,0
DA:148,0
DA:149,0
DA:150,0
DA:151,0
DA:152,0
DA:155,0
DA:156,0
DA:157,0
DA:158,0
DA:159,0
DA:160,0
DA:161,0
DA:162,0
DA:163,0
DA:164,0
DA:165,0
DA:166,0
DA:167,0
DA:168,0
DA:169,0
DA:170,0
DA:171,0
DA:172,0
DA:175,0
DA:176,0
DA:177,0
DA:178,0
DA:179,0
DA:182,0
DA:183,0
DA:184,0
DA:187,0
DA:188,0
DA:189,0
DA:190,0
DA:193,0
DA:194,0
DA:205,1
DA:206,1
DA:207,1
DA:218,1
DA:219,1
DA:220,1
DA:230,2
DA:231,2
DA:232,2
DA:242,2
DA:243,2
DA:244,2
DA:254,1
DA:255,1
DA:256,1
DA:263,1
DA:264,1
DA:265,1
DA:276,1
DA:277,1
DA:278,1
DA:285,1
DA:286,1
DA:287,1
DA:294,1
DA:295,1
DA:296,1
DA:304,1
DA:305,1
DA:306,1
DA:325,3
DA:326,3
DA:327,3
DA:334,1
DA:335,1
DA:336,1
DA:343,1
DA:344,1
DA:345,1
DA:354,4
DA:355,4
DA:356,4
DA:357,4
DA:358,4
DA:359,4
DA:360,4
DA:361,4
DA:362,4
DA:364,0
DA:365,4
DA:366,4
DA:367,4
DA:368,4
DA:369,4
DA:370,4
DA:371,4
DA:372,4
DA:373,4
DA:374,4
DA:375,4
DA:376,4
DA:377,4
DA:378,4
DA:379,4
DA:380,4
DA:381,4
DA:382,4
DA:383,4
DA:384,4
DA:385,4
DA:389,1
DA:390,1
DA:391,1
DA:392,1
DA:393,1
DA:394,1
DA:395,1
DA:396,1
DA:397,1
DA:398,1
DA:401,1
DA:402,1
DA:403,1
DA:404,1
DA:405,1
DA:409,1
DA:410,1
DA:411,1
DA:414,1
DA:415,1
DA:416,1
DA:417,1
DA:418,1
DA:419,1
DA:422,1
DA:423,1
DA:426,1
DA:427,1
DA:428,1
DA:429,1
DA:430,1
DA:431,1
DA:432,1
DA:435,1
DA:436,1
DA:437,1
DA:438,1
DA:441,1
DA:442,1
DA:443,1
DA:444,1
DA:445,1
DA:446,1
BRF:0
BRH:0
LF:189
LH:115
end_of_record
SF:/Users/smeya/git/darwin-metrics/src/hardware/cpu/frequency.rs
FN:160,_RNCNvNtNtNtCs6JXvGULNGKJ_14darwin_metrics8hardware3cpu9frequency30fetch_sysctl_frequency_by_name0B9_
FN:106,_RNvMs_NtNtNtCs6JXvGULNGKJ_14darwin_metrics8hardware3cpu9frequencyNtB4_16FrequencyMonitor11get_metrics
FN:89,_RNvMs_NtNtNtCs6JXvGULNGKJ_14darwin_metrics8hardware3cpu9frequencyNtB4_16FrequencyMonitor3new
FN:129,_RNvNtNtNtCs6JXvGULNGKJ_14darwin_metrics8hardware3cpu9frequency17retrieve_cpu_info
FN:119,_RNvNtNtNtCs6JXvGULNGKJ_14darwin_metrics8hardware3cpu9frequency21fetch_cpu_frequencies
FN:156,_RNvNtNtNtCs6JXvGULNGKJ_14darwin_metrics8hardware3cpu9frequency30fetch_sysctl_frequency_by_name
FN:78,_RNvXNtNtNtCs6JXvGULNGKJ_14darwin_metrics8hardware3cpu9frequencyNtB2_16FrequencyMonitorNtNtCs4P3ALgZxGbJ_4core7default7Default7default
FN:190,_RNvNtNtNtNtCs6JXvGULNGKJ_14darwin_metrics8hardware3cpu9frequency5tests22fetch_sysctl_frequency
FN:199,_RNvNtNtNtNtCs6JXvGULNGKJ_14darwin_metrics8hardware3cpu9frequency5tests30fetch_sysctl_frequency_by_name
FN:240,_RNvNtNtNtNtCs6JXvGULNGKJ_14darwin_metrics8hardware3cpu9frequency5testss_21test_cpu_info_default
FN:211,_RNvNtNtNtNtCs6JXvGULNGKJ_14darwin_metrics8hardware3cpu9frequency5testss_22test_frequency_metrics
FN:315,_RNvNtNtNtNtCs6JXvGULNGKJ_14darwin_metrics8hardware3cpu9frequency5testss_26test_fetch_cpu_frequencies
FN:226,_RNvNtNtNtNtCs6JXvGULNGKJ_14darwin_metrics8hardware3cpu9frequency5testss_26test_frequency_monitor_new
FN:281,_RNvNtNtNtNtCs6JXvGULNGKJ_14darwin_metrics8hardware3cpu9frequency5testss_27test_fetch_sysctl_frequency
FN:233,_RNvNtNtNtNtCs6JXvGULNGKJ_14darwin_metrics8hardware3cpu9frequency5testss_30test_frequency_monitor_default
FN:334,_RNvNtNtNtNtCs6JXvGULNGKJ_14darwin_metrics8hardware3cpu9frequency5testss_34test_frequency_monitor_get_metrics
FN:249,_RNvNtNtNtNtCs6JXvGULNGKJ_14darwin_metrics8hardware3cpu9frequency5testss_38test_available_frequencies_calculation
FN:302,_RNvNtNtNtNtCs6JXvGULNGKJ_14darwin_metrics8hardware3cpu9frequency5testss_41test_fetch_sysctl_frequency_by_name_error
FN:160,_RNCNvNtNtNtCsaakIWYUxKbY_14darwin_metrics8hardware3cpu9frequency30fetch_sysctl_frequency_by_name0B9_
FN:106,_RNvMs_NtNtNtCsaakIWYUxKbY_14darwin_metrics8hardware3cpu9frequencyNtB4_16FrequencyMonitor11get_metrics
FN:89,_RNvMs_NtNtNtCsaakIWYUxKbY_14darwin_metrics8hardware3cpu9frequencyNtB4_16FrequencyMonitor3new
FN:129,_RNvNtNtNtCsaakIWYUxKbY_14darwin_metrics8hardware3cpu9frequency17retrieve_cpu_info
FN:119,_RNvNtNtNtCsaakIWYUxKbY_14darwin_metrics8hardware3cpu9frequency21fetch_cpu_frequencies
FN:156,_RNvNtNtNtCsaakIWYUxKbY_14darwin_metrics8hardware3cpu9frequency30fetch_sysctl_frequency_by_name
FN:78,_RNvXNtNtNtCsaakIWYUxKbY_14darwin_metrics8hardware3cpu9frequencyNtB2_16FrequencyMonitorNtNtCs4P3ALgZxGbJ_4core7default7Default7default
FNDA:0,_RNCNvNtNtNtCs6JXvGULNGKJ_14darwin_metrics8hardware3cpu9frequency30fetch_sysctl_frequency_by_name0B9_
FNDA:1,_RNvMs_NtNtNtCs6JXvGULNGKJ_14darwin_metrics8hardware3cpu9frequencyNtB4_16FrequencyMonitor11get_metrics
FNDA:5,_RNvMs_NtNtNtCs6JXvGULNGKJ_14darwin_metrics8hardware3cpu9frequencyNtB4_16FrequencyMonitor3new
FNDA:2,_RNvNtNtNtCs6JXvGULNGKJ_14darwin_metrics8hardware3cpu9frequency17retrieve_cpu_info
FNDA:2,_RNvNtNtNtCs6JXvGULNGKJ_14darwin_metrics8hardware3cpu9frequency21fetch_cpu_frequencies
FNDA:2,_RNvNtNtNtCs6JXvGULNGKJ_14darwin_metrics8hardware3cpu9frequency30fetch_sysctl_frequency_by_name
FNDA:0,_RNvXNtNtNtCs6JXvGULNGKJ_14darwin_metrics8hardware3cpu9frequencyNtB2_16FrequencyMonitorNtNtCs4P3ALgZxGbJ_4core7default7Default7default
FNDA:2,_RNvNtNtNtNtCs6JXvGULNGKJ_14darwin_metrics8hardware3cpu9frequency5tests22fetch_sysctl_frequency
FNDA:2,_RNvNtNtNtNtCs6JXvGULNGKJ_14darwin_metrics8hardware3cpu9frequency5tests30fetch_sysctl_frequency_by_name
FNDA:1,_RNvNtNtNtNtCs6JXvGULNGKJ_14darwin_metrics8hardware3cpu9frequency5testss_21test_cpu_info_default
FNDA:1,_RNvNtNtNtNtCs6JXvGULNGKJ_14darwin_metrics8hardware3cpu9frequency5testss_22test_frequency_metrics
FNDA:1,_RNvNtNtNtNtCs6JXvGULNGKJ_14darwin_metrics8hardware3cpu9frequency5testss_26test_fetch_cpu_frequencies
FNDA:1,_RNvNtNtNtNtCs6JXvGULNGKJ_14darwin_metrics8hardware3cpu9frequency5testss_26test_frequency_monitor_new
FNDA:1,_RNvNtNtNtNtCs6JXvGULNGKJ_14darwin_metrics8hardware3cpu9frequency5testss_27test_fetch_sysctl_frequency
FNDA:1,_RNvNtNtNtNtCs6JXvGULNGKJ_14darwin_metrics8hardware3cpu9frequency5testss_30test_frequency_monitor_default
FNDA:1,_RNvNtNtNtNtCs6JXvGULNGKJ_14darwin_metrics8hardware3cpu9frequency5testss_34test_frequency_monitor_get_metrics
FNDA:1,_RNvNtNtNtNtCs6JXvGULNGKJ_14darwin_metrics8hardware3cpu9frequency5testss_38test_available_frequencies_calculation
FNDA:1,_RNvNtNtNtNtCs6JXvGULNGKJ_14darwin_metrics8hardware3cpu9frequency5testss_41test_fetch_sysctl_frequency_by_name_error
FNDA:0,_RNCNvNtNtNtCsaakIWYUxKbY_14darwin_metrics8hardware3cpu9frequency30fetch_sysctl_frequency_by_name0B9_
FNDA:0,_RNvMs_NtNtNtCsaakIWYUxKbY_14darwin_metrics8hardware3cpu9frequencyNtB4_16FrequencyMonitor11get_metrics
FNDA:0,_RNvMs_NtNtNtCsaakIWYUxKbY_14darwin_metrics8hardware3cpu9frequencyNtB4_16FrequencyMonitor3new
FNDA:0,_RNvNtNtNtCsaakIWYUxKbY_14darwin_metrics8hardware3cpu9frequency17retrieve_cpu_info
FNDA:0,_RNvNtNtNtCsaakIWYUxKbY_14darwin_metrics8hardware3cpu9frequency21fetch_cpu_frequencies
FNDA:0,_RNvNtNtNtCsaakIWYUxKbY_14darwin_metrics8hardware3cpu9frequency30fetch_sysctl_frequency_by_name
FNDA:0,_RNvXNtNtNtCsaakIWYUxKbY_14darwin_metrics8hardware3cpu9frequencyNtB2_16FrequencyMonitorNtNtCs4P3ALgZxGbJ_4core7default7Default7default
FNF:18
FNH:16
DA:78,0
DA:81,0
DA:82,0
DA:83,0
DA:86,0
DA:87,0
DA:88,0
DA:91,0
DA:92,0
DA:93,0
DA:96,0
DA:97,0
DA:98,0
DA:101,0
DA:102,0
DA:103,0
DA:106,0
DA:107,0
DA:108,0
DA:111,0
DA:112,0
DA:113,0
DA:116,0
DA:117,0
DA:118,0
DA:119,0
DA:120,0
DA:122,0
DA:123,0
DA:124,0
DA:125,0
DA:126,0
DA:127,0
DA:128,0
DA:129,0
DA:130,0
DA:132,0
DA:135,0
DA:136,0
DA:137,0
DA:138,0
DA:141,0
DA:142,0
DA:143,0
DA:151,0
DA:152,0
DA:153,0
DA:162,0
DA:163,0
DA:164,0
DA:165,0
DA:167,0
DA:168,0
DA:170,0
DA:171,0
DA:173,0
DA:174,0
DA:176,0
DA:177,0
DA:179,0
DA:180,0
DA:182,0
DA:183,0
DA:185,0
DA:186,0
DA:187,0
DA:190,0
DA:191,0
DA:192,0
DA:193,0
DA:194,0
DA:195,0
DA:196,0
DA:199,0
DA:200,0
DA:201,0
DA:202,0
DA:203,0
DA:204,0
DA:207,0
DA:208,0
DA:209,0
DA:210,0
DA:211,0
DA:214,0
DA:215,0
DA:216,0
DA:217,0
DA:218,0
DA:221,0
DA:222,0
DA:223,0
DA:224,0
DA:225,0
DA:228,0
DA:229,0
DA:230,0
DA:231,0
DA:233,0
DA:234,0
DA:236,0
DA:237,0
DA:239,0
DA:240,0
DA:241,0
DA:244,0
DA:245,0
DA:246,0
DA:247,0
DA:249,0
DA:250,0
DA:251,0
DA:254,0
DA:255,0
DA:256,0
DA:257,0
DA:259,0
DA:260,0
DA:261,0
DA:263,0
DA:265,0
BRF:0
BRH:0
LF:123
LH:0
end_of_record
SF:/Users/smeya/git/darwin-metrics/src/hardware/cpu/cpu_impl.rs
FN:259,_RNvMNtNtNtCshKzkSAARfhV_14darwin_metrics8hardware3cpu8cpu_implNtB2_3CPU17frequency_metrics
FN:278,_RNCNvMNtNtNtCshKzkSAARfhV_14darwin_metrics8hardware3cpu8cpu_implNtB4_3CPU17max_frequency_mhz0Ba_
FN:269,_RNCNvMNtNtNtCshKzkSAARfhV_14darwin_metrics8hardware3cpu8cpu_implNtB4_3CPU17min_frequency_mhz0Ba_
FN:287,_RNCNvMNtNtNtCshKzkSAARfhV_14darwin_metrics8hardware3cpu8cpu_implNtB4_3CPU21available_frequencies0Ba_
FN:226,_RNvMNtNtNtCshKzkSAARfhV_14darwin_metrics8hardware3cpu8cpu_implNtB2_3CPU10core_usage
FN:238,_RNvMNtNtNtCshKzkSAARfhV_14darwin_metrics8hardware3cpu8cpu_implNtB2_3CPU10model_name
FN:247,_RNvMNtNtNtCshKzkSAARfhV_14darwin_metrics8hardware3cpu8cpu_implNtB2_3CPU11temperature
FN:214,_RNvMNtNtNtCshKzkSAARfhV_14darwin_metrics8hardware3cpu8cpu_implNtB2_3CPU13frequency_mhz
FN:202,_RNvMNtNtNtCshKzkSAARfhV_14darwin_metrics8hardware3cpu8cpu_implNtB2_3CPU13logical_cores
FN:190,_RNvMNtNtNtCshKzkSAARfhV_14darwin_metrics8hardware3cpu8cpu_implNtB2_3CPU14physical_cores
FN:149,_RNvMNtNtNtCshKzkSAARfhV_14darwin_metrics8hardware3cpu8cpu_implNtB2_3CPU16fetch_core_usage
FN:277,_RNvMNtNtNtCshKzkSAARfhV_14darwin_metrics8hardware3cpu8cpu_implNtB2_3CPU17max_frequency_mhz
FN:268,_RNvMNtNtNtCshKzkSAARfhV_14darwin_metrics8hardware3cpu8cpu_implNtB2_3CPU17min_frequency_mhz
FN:286,_RNvMNtNtNtCshKzkSAARfhV_14darwin_metrics8hardware3cpu8cpu_implNtB2_3CPU21available_frequencies
FN:178,_RNvMNtNtNtCshKzkSAARfhV_14darwin_metrics8hardware3cpu8cpu_implNtB2_3CPU21fetch_cpu_temperature
FN:71,_RNvMNtNtNtCshKzkSAARfhV_14darwin_metrics8hardware3cpu8cpu_implNtB2_3CPU3new
FN:99,_RNvMNtNtNtCshKzkSAARfhV_14darwin_metrics8hardware3cpu8cpu_implNtB2_3CPU6update
FN:330,_RNvMs0_NtNtNtCshKzkSAARfhV_14darwin_metrics8hardware3cpu8cpu_implNtB5_3CPU13new_with_mock
FN:304,_RNvXs_NtNtNtCshKzkSAARfhV_14darwin_metrics8hardware3cpu8cpu_implNtB4_3CPUNtB6_10CpuMetrics13get_cpu_usage
FN:322,_RNvXs_NtNtNtCshKzkSAARfhV_14darwin_metrics8hardware3cpu8cpu_implNtB4_3CPUNtB6_10CpuMetrics17get_cpu_frequency
FN:313,_RNvXs_NtNtNtCshKzkSAARfhV_14darwin_metrics8hardware3cpu8cpu_implNtB4_3CPUNtB6_10CpuMetrics19get_cpu_temperature
FN:336,_RNCNvMs0_NtNtNtCshKzkSAARfhV_14darwin_metrics8hardware3cpu8cpu_implNtB7_3CPU13new_with_mocks_0Bd_
FN:334,_RNCNvMs0_NtNtNtCshKzkSAARfhV_14darwin_metrics8hardware3cpu8cpu_implNtB7_3CPU13new_with_mock0Bd_
FN:278,_RNCNvMNtNtNtCsidZjL1D1cJh_14darwin_metrics8hardware3cpu8cpu_implNtB4_3CPU17max_frequency_mhz0Ba_
FN:269,_RNCNvMNtNtNtCsidZjL1D1cJh_14darwin_metrics8hardware3cpu8cpu_implNtB4_3CPU17min_frequency_mhz0Ba_
FN:287,_RNCNvMNtNtNtCsidZjL1D1cJh_14darwin_metrics8hardware3cpu8cpu_implNtB4_3CPU21available_frequencies0Ba_
FN:226,_RNvMNtNtNtCsidZjL1D1cJh_14darwin_metrics8hardware3cpu8cpu_implNtB2_3CPU10core_usage
FN:238,_RNvMNtNtNtCsidZjL1D1cJh_14darwin_metrics8hardware3cpu8cpu_implNtB2_3CPU10model_name
FN:247,_RNvMNtNtNtCsidZjL1D1cJh_14darwin_metrics8hardware3cpu8cpu_implNtB2_3CPU11temperature
FN:214,_RNvMNtNtNtCsidZjL1D1cJh_14darwin_metrics8hardware3cpu8cpu_implNtB2_3CPU13frequency_mhz
FN:202,_RNvMNtNtNtCsidZjL1D1cJh_14darwin_metrics8hardware3cpu8cpu_implNtB2_3CPU13logical_cores
FN:190,_RNvMNtNtNtCsidZjL1D1cJh_14darwin_metrics8hardware3cpu8cpu_implNtB2_3CPU14physical_cores
FN:149,_RNvMNtNtNtCsidZjL1D1cJh_14darwin_metrics8hardware3cpu8cpu_implNtB2_3CPU16fetch_core_usage
FN:259,_RNvMNtNtNtCsidZjL1D1cJh_14darwin_metrics8hardware3cpu8cpu_implNtB2_3CPU17frequency_metrics
FN:277,_RNvMNtNtNtCsidZjL1D1cJh_14darwin_metrics8hardware3cpu8cpu_implNtB2_3CPU17max_frequency_mhz
FN:268,_RNvMNtNtNtCsidZjL1D1cJh_14darwin_metrics8hardware3cpu8cpu_implNtB2_3CPU17min_frequency_mhz
FN:286,_RNvMNtNtNtCsidZjL1D1cJh_14darwin_metrics8hardware3cpu8cpu_implNtB2_3CPU21available_frequencies
FN:178,_RNvMNtNtNtCsidZjL1D1cJh_14darwin_metrics8hardware3cpu8cpu_implNtB2_3CPU21fetch_cpu_temperature
FN:71,_RNvMNtNtNtCsidZjL1D1cJh_14darwin_metrics8hardware3cpu8cpu_implNtB2_3CPU3new
FN:99,_RNvMNtNtNtCsidZjL1D1cJh_14darwin_metrics8hardware3cpu8cpu_implNtB2_3CPU6update
FN:304,_RNvXs_NtNtNtCsidZjL1D1cJh_14darwin_metrics8hardware3cpu8cpu_implNtB4_3CPUNtB6_10CpuMetrics13get_cpu_usage
FN:322,_RNvXs_NtNtNtCsidZjL1D1cJh_14darwin_metrics8hardware3cpu8cpu_implNtB4_3CPUNtB6_10CpuMetrics17get_cpu_frequency
FN:313,_RNvXs_NtNtNtCsidZjL1D1cJh_14darwin_metrics8hardware3cpu8cpu_implNtB4_3CPUNtB6_10CpuMetrics19get_cpu_temperature
FNDA:0,_RNvMNtNtNtCshKzkSAARfhV_14darwin_metrics8hardware3cpu8cpu_implNtB2_3CPU17frequency_metrics
FNDA:0,_RNCNvMNtNtNtCshKzkSAARfhV_14darwin_metrics8hardware3cpu8cpu_implNtB4_3CPU17max_frequency_mhz0Ba_
FNDA:0,_RNCNvMNtNtNtCshKzkSAARfhV_14darwin_metrics8hardware3cpu8cpu_implNtB4_3CPU17min_frequency_mhz0Ba_
FNDA:0,_RNCNvMNtNtNtCshKzkSAARfhV_14darwin_metrics8hardware3cpu8cpu_implNtB4_3CPU21available_frequencies0Ba_
FNDA:0,_RNvMNtNtNtCshKzkSAARfhV_14darwin_metrics8hardware3cpu8cpu_implNtB2_3CPU10core_usage
FNDA:0,_RNvMNtNtNtCshKzkSAARfhV_14darwin_metrics8hardware3cpu8cpu_implNtB2_3CPU10model_name
FNDA:0,_RNvMNtNtNtCshKzkSAARfhV_14darwin_metrics8hardware3cpu8cpu_implNtB2_3CPU11temperature
FNDA:0,_RNvMNtNtNtCshKzkSAARfhV_14darwin_metrics8hardware3cpu8cpu_implNtB2_3CPU13frequency_mhz
FNDA:0,_RNvMNtNtNtCshKzkSAARfhV_14darwin_metrics8hardware3cpu8cpu_implNtB2_3CPU13logical_cores
FNDA:0,_RNvMNtNtNtCshKzkSAARfhV_14darwin_metrics8hardware3cpu8cpu_implNtB2_3CPU14physical_cores
FNDA:0,_RNvMNtNtNtCshKzkSAARfhV_14darwin_metrics8hardware3cpu8cpu_implNtB2_3CPU16fetch_core_usage
FNDA:0,_RNvMNtNtNtCshKzkSAARfhV_14darwin_metrics8hardware3cpu8cpu_implNtB2_3CPU17max_frequency_mhz
FNDA:0,_RNvMNtNtNtCshKzkSAARfhV_14darwin_metrics8hardware3cpu8cpu_implNtB2_3CPU17min_frequency_mhz
FNDA:0,_RNvMNtNtNtCshKzkSAARfhV_14darwin_metrics8hardware3cpu8cpu_implNtB2_3CPU21available_frequencies
FNDA:0,_RNvMNtNtNtCshKzkSAARfhV_14darwin_metrics8hardware3cpu8cpu_implNtB2_3CPU21fetch_cpu_temperature
FNDA:0,_RNvMNtNtNtCshKzkSAARfhV_14darwin_metrics8hardware3cpu8cpu_implNtB2_3CPU3new
FNDA:0,_RNvMNtNtNtCshKzkSAARfhV_14darwin_metrics8hardware3cpu8cpu_implNtB2_3CPU6update
FNDA:0,_RNvMs0_NtNtNtCshKzkSAARfhV_14darwin_metrics8hardware3cpu8cpu_implNtB5_3CPU13new_with_mock
FNDA:0,_RNvXs_NtNtNtCshKzkSAARfhV_14darwin_metrics8hardware3cpu8cpu_implNtB4_3CPUNtB6_10CpuMetrics13get_cpu_usage
FNDA:0,_RNvXs_NtNtNtCshKzkSAARfhV_14darwin_metrics8hardware3cpu8cpu_implNtB4_3CPUNtB6_10CpuMetrics17get_cpu_frequency
FNDA:0,_RNvXs_NtNtNtCshKzkSAARfhV_14darwin_metrics8hardware3cpu8cpu_implNtB4_3CPUNtB6_10CpuMetrics19get_cpu_temperature
FNDA:0,_RNCNvMs0_NtNtNtCshKzkSAARfhV_14darwin_metrics8hardware3cpu8cpu_implNtB7_3CPU13new_with_mocks_0Bd_
FNDA:0,_RNCNvMs0_NtNtNtCshKzkSAARfhV_14darwin_metrics8hardware3cpu8cpu_implNtB7_3CPU13new_with_mock0Bd_
FNDA:0,_RNCNvMNtNtNtCsidZjL1D1cJh_14darwin_metrics8hardware3cpu8cpu_implNtB4_3CPU17max_frequency_mhz0Ba_
FNDA:0,_RNCNvMNtNtNtCsidZjL1D1cJh_14darwin_metrics8hardware3cpu8cpu_implNtB4_3CPU17min_frequency_mhz0Ba_
FNDA:0,_RNCNvMNtNtNtCsidZjL1D1cJh_14darwin_metrics8hardware3cpu8cpu_implNtB4_3CPU21available_frequencies0Ba_
FNDA:0,_RNvMNtNtNtCsidZjL1D1cJh_14darwin_metrics8hardware3cpu8cpu_implNtB2_3CPU10core_usage
FNDA:0,_RNvMNtNtNtCsidZjL1D1cJh_14darwin_metrics8hardware3cpu8cpu_implNtB2_3CPU10model_name
FNDA:0,_RNvMNtNtNtCsidZjL1D1cJh_14darwin_metrics8hardware3cpu8cpu_implNtB2_3CPU11temperature
FNDA:0,_RNvMNtNtNtCsidZjL1D1cJh_14darwin_metrics8hardware3cpu8cpu_implNtB2_3CPU13frequency_mhz
FNDA:0,_RNvMNtNtNtCsidZjL1D1cJh_14darwin_metrics8hardware3cpu8cpu_implNtB2_3CPU13logical_cores
FNDA:0,_RNvMNtNtNtCsidZjL1D1cJh_14darwin_metrics8hardware3cpu8cpu_implNtB2_3CPU14physical_cores
FNDA:0,_RNvMNtNtNtCsidZjL1D1cJh_14darwin_metrics8hardware3cpu8cpu_implNtB2_3CPU16fetch_core_usage
FNDA:0,_RNvMNtNtNtCsidZjL1D1cJh_14darwin_metrics8hardware3cpu8cpu_implNtB2_3CPU17frequency_metrics
FNDA:0,_RNvMNtNtNtCsidZjL1D1cJh_14darwin_metrics8hardware3cpu8cpu_implNtB2_3CPU17max_frequency_mhz
FNDA:0,_RNvMNtNtNtCsidZjL1D1cJh_14darwin_metrics8hardware3cpu8cpu_implNtB2_3CPU17min_frequency_mhz
FNDA:0,_RNvMNtNtNtCsidZjL1D1cJh_14darwin_metrics8hardware3cpu8cpu_implNtB2_3CPU21available_frequencies
FNDA:0,_RNvMNtNtNtCsidZjL1D1cJh_14darwin_metrics8hardware3cpu8cpu_implNtB2_3CPU21fetch_cpu_temperature
FNDA:0,_RNvMNtNtNtCsidZjL1D1cJh_14darwin_metrics8hardware3cpu8cpu_implNtB2_3CPU3new
FNDA:0,_RNvMNtNtNtCsidZjL1D1cJh_14darwin_metrics8hardware3cpu8cpu_implNtB2_3CPU6update
FNDA:0,_RNvXs_NtNtNtCsidZjL1D1cJh_14darwin_metrics8hardware3cpu8cpu_implNtB4_3CPUNtB6_10CpuMetrics13get_cpu_usage
FNDA:0,_RNvXs_NtNtNtCsidZjL1D1cJh_14darwin_metrics8hardware3cpu8cpu_implNtB4_3CPUNtB6_10CpuMetrics17get_cpu_frequency
FNDA:0,_RNvXs_NtNtNtCsidZjL1D1cJh_14darwin_metrics8hardware3cpu8cpu_implNtB4_3CPUNtB6_10CpuMetrics19get_cpu_temperature
FNF:23
FNH:0
DA:71,0
DA:72,0
DA:73,0
DA:74,0
DA:75,0
DA:76,0
DA:77,0
DA:78,0
DA:79,0
DA:80,0
DA:81,0
DA:82,0
DA:83,0
DA:84,0
DA:85,0
DA:99,0
DA:100,0
DA:104,0
DA:105,0
DA:106,0
DA:107,0
DA:108,0
DA:109,0
DA:110,0
DA:111,0
DA:112,0
DA:113,0
DA:114,0
DA:115,0
DA:116,0
DA:117,0
DA:118,0
DA:119,0
DA:122,0
DA:126,0
DA:127,0
DA:128,0
DA:129,0
DA:130,0
DA:131,0
DA:132,0
DA:133,0
DA:149,0
DA:150,0
DA:151,0
DA:152,0
DA:153,0
DA:154,0
DA:155,0
DA:156,0
DA:157,0
DA:158,0
DA:159,0
DA:160,0
DA:161,0
DA:162,0
DA:163,0
DA:164,0
DA:165,0
DA:167,0
DA:168,0
DA:178,0
DA:179,0
DA:180,0
DA:190,0
DA:191,0
DA:192,0
DA:202,0
DA:203,0
DA:204,0
DA:214,0
DA:215,0
DA:216,0
DA:226,0
DA:227,0
DA:228,0
DA:238,0
DA:239,0
DA:240,0
DA:247,0
DA:248,0
DA:249,0
DA:259,0
DA:260,0
DA:261,0
DA:268,0
DA:269,0
DA:270,0
DA:277,0
DA:278,0
DA:279,0
DA:286,0
DA:287,0
DA:288,0
DA:304,0
DA:305,0
DA:306,0
DA:313,0
DA:314,0
DA:315,0
DA:322,0
DA:323,0
DA:324,0
DA:330,0
DA:331,0
DA:332,0
DA:333,0
DA:334,0
DA:335,0
DA:336,0
DA:338,0
DA:339,0
DA:340,0
DA:341,0
DA:342,0
DA:343,0
DA:344,0
DA:345,0
DA:346,0
DA:347,0
DA:348,0
DA:349,0
DA:350,0
DA:351,0
DA:352,0
DA:353,0
DA:354,0
DA:355,0
DA:356,0
DA:357,0
DA:358,0
DA:359,0
BRF:0
BRH:0
LF:138
LH:0
end_of_record
SF:/Users/smeya/git/darwin-metrics/src/hardware/gpu/mod.rs
FN:189,_RNvMNtNtCs6JXvGULNGKJ_14darwin_metrics8hardware3gpuNtB2_3Gpu16detect_intel_gpu
FN:513,_RNCNvMNtNtCs6JXvGULNGKJ_14darwin_metrics8hardware3gpuNtB4_3Gpu15get_temperature0B8_
FN:59,_RNCNvMNtNtCs6JXvGULNGKJ_14darwin_metrics8hardware3gpuNtB4_3Gpu3new0B8_
FN:73,_RNCNvMNtNtCs6JXvGULNGKJ_14darwin_metrics8hardware3gpuNtB4_3Gpu4name0B8_
FN:267,_RNCNvMNtNtCs6JXvGULNGKJ_14darwin_metrics8hardware3gpuNtB4_3Gpu7metrics0B8_
FN:748,_RNvMNtNtCs6JXvGULNGKJ_14darwin_metrics8hardware3gpuNtB2_3Gpu13get_cpu_cores
FN:240,_RNvMNtNtCs6JXvGULNGKJ_14darwin_metrics8hardware3gpuNtB2_3Gpu13get_cpu_model
FN:496,_RNvMNtNtCs6JXvGULNGKJ_14darwin_metrics8hardware3gpuNtB2_3Gpu15get_temperature
FN:442,_RNvMNtNtCs6JXvGULNGKJ_14darwin_metrics8hardware3gpuNtB2_3Gpu16get_memory_stats
FN:312,_RNvMNtNtCs6JXvGULNGKJ_14darwin_metrics8hardware3gpuNtB2_3Gpu19get_characteristics
FN:385,_RNvMNtNtCs6JXvGULNGKJ_14darwin_metrics8hardware3gpuNtB2_3Gpu20estimate_memory_info
FN:618,_RNvMNtNtCs6JXvGULNGKJ_14darwin_metrics8hardware3gpuNtB2_3Gpu20estimate_utilization
FN:719,_RNvMNtNtCs6JXvGULNGKJ_14darwin_metrics8hardware3gpuNtB2_3Gpu23get_cpu_usage_component
FN:115,_RNvMNtNtCs6JXvGULNGKJ_14darwin_metrics8hardware3gpuNtB2_3Gpu25detect_apple_silicon_chip
FN:651,_RNvMNtNtCs6JXvGULNGKJ_14darwin_metrics8hardware3gpuNtB2_3Gpu25get_system_load_component
FN:667,_RNvMNtNtCs6JXvGULNGKJ_14darwin_metrics8hardware3gpuNtB2_3Gpu30get_process_activity_component
FN:57,_RNvMNtNtCs6JXvGULNGKJ_14darwin_metrics8hardware3gpuNtB2_3Gpu3new
FN:71,_RNvMNtNtCs6JXvGULNGKJ_14darwin_metrics8hardware3gpuNtB2_3Gpu4name
FN:266,_RNvMNtNtCs6JXvGULNGKJ_14darwin_metrics8hardware3gpuNtB2_3Gpu7metrics
FN:840,_RNvNtNtNtCs6JXvGULNGKJ_14darwin_metrics8hardware3gpu5testss_12test_metrics
FN:805,_RNvNtNtNtCs6JXvGULNGKJ_14darwin_metrics8hardware3gpu5testss_13test_gpu_name
FN:819,_RNvNtNtNtCs6JXvGULNGKJ_14darwin_metrics8hardware3gpu5testss_16test_memory_info
FN:936,_RNvNtNtNtCs6JXvGULNGKJ_14darwin_metrics8hardware3gpu5testss_18test_cpu_detection
FN:798,_RNvNtNtNtCs6JXvGULNGKJ_14darwin_metrics8hardware3gpu5testss_23test_gpu_initialization
FN:859,_RNvNtNtNtCs6JXvGULNGKJ_14darwin_metrics8hardware3gpu5testss_24test_gpu_characteristics
FN:913,_RNvNtNtNtCs6JXvGULNGKJ_14darwin_metrics8hardware3gpu5testss_28test_apple_silicon_detection
FN:974,_RNvNtNtNtCs6JXvGULNGKJ_14darwin_metrics8hardware3gpu5testss_28test_metrics_characteristics
FN:779,_RNCNvXs_NtNtCs6JXvGULNGKJ_14darwin_metrics8hardware3gpuNtB6_3GpuNtNtNtCs4P3ALgZxGbJ_4core3ops4drop4Drop4drop0Ba_
FN:776,_RNvXs_NtNtCs6JXvGULNGKJ_14darwin_metrics8hardware3gpuNtB4_3GpuNtNtNtCs4P3ALgZxGbJ_4core3ops4drop4Drop4drop
FN:240,_RNvMNtNtCsaakIWYUxKbY_14darwin_metrics8hardware3gpuNtB2_3Gpu13get_cpu_model
FN:189,_RNvMNtNtCsaakIWYUxKbY_14darwin_metrics8hardware3gpuNtB2_3Gpu16detect_intel_gpu
FN:513,_RNCNvMNtNtCsaakIWYUxKbY_14darwin_metrics8hardware3gpuNtB4_3Gpu15get_temperature0B8_
FN:59,_RNCNvMNtNtCsaakIWYUxKbY_14darwin_metrics8hardware3gpuNtB4_3Gpu3new0B8_
FN:73,_RNCNvMNtNtCsaakIWYUxKbY_14darwin_metrics8hardware3gpuNtB4_3Gpu4name0B8_
FN:267,_RNCNvMNtNtCsaakIWYUxKbY_14darwin_metrics8hardware3gpuNtB4_3Gpu7metrics0B8_
FN:748,_RNvMNtNtCsaakIWYUxKbY_14darwin_metrics8hardware3gpuNtB2_3Gpu13get_cpu_cores
FN:496,_RNvMNtNtCsaakIWYUxKbY_14darwin_metrics8hardware3gpuNtB2_3Gpu15get_temperature
FN:442,_RNvMNtNtCsaakIWYUxKbY_14darwin_metrics8hardware3gpuNtB2_3Gpu16get_memory_stats
FN:312,_RNvMNtNtCsaakIWYUxKbY_14darwin_metrics8hardware3gpuNtB2_3Gpu19get_characteristics
FN:385,_RNvMNtNtCsaakIWYUxKbY_14darwin_metrics8hardware3gpuNtB2_3Gpu20estimate_memory_info
FN:618,_RNvMNtNtCsaakIWYUxKbY_14darwin_metrics8hardware3gpuNtB2_3Gpu20estimate_utilization
FN:719,_RNvMNtNtCsaakIWYUxKbY_14darwin_metrics8hardware3gpuNtB2_3Gpu23get_cpu_usage_component
FN:115,_RNvMNtNtCsaakIWYUxKbY_14darwin_metrics8hardware3gpuNtB2_3Gpu25detect_apple_silicon_chip
FN:651,_RNvMNtNtCsaakIWYUxKbY_14darwin_metrics8hardware3gpuNtB2_3Gpu25get_system_load_component
FN:667,_RNvMNtNtCsaakIWYUxKbY_14darwin_metrics8hardware3gpuNtB2_3Gpu30get_process_activity_component
FN:57,_RNvMNtNtCsaakIWYUxKbY_14darwin_metrics8hardware3gpuNtB2_3Gpu3new
FN:71,_RNvMNtNtCsaakIWYUxKbY_14darwin_metrics8hardware3gpuNtB2_3Gpu4name
FN:266,_RNvMNtNtCsaakIWYUxKbY_14darwin_metrics8hardware3gpuNtB2_3Gpu7metrics
FN:779,_RNCNvXs_NtNtCsaakIWYUxKbY_14darwin_metrics8hardware3gpuNtB6_3GpuNtNtNtCs4P3ALgZxGbJ_4core3ops4drop4Drop4drop0Ba_
FN:776,_RNvXs_NtNtCsaakIWYUxKbY_14darwin_metrics8hardware3gpuNtB4_3GpuNtNtNtCs4P3ALgZxGbJ_4core3ops4drop4Drop4drop
FNDA:0,_RNvMNtNtCs6JXvGULNGKJ_14darwin_metrics8hardware3gpuNtB2_3Gpu16detect_intel_gpu
FNDA:0,_RNCNvMNtNtCs6JXvGULNGKJ_14darwin_metrics8hardware3gpuNtB4_3Gpu15get_temperature0B8_
FNDA:8,_RNCNvMNtNtCs6JXvGULNGKJ_14darwin_metrics8hardware3gpuNtB4_3Gpu3new0B8_
FNDA:3,_RNCNvMNtNtCs6JXvGULNGKJ_14darwin_metrics8hardware3gpuNtB4_3Gpu4name0B8_
FNDA:2,_RNCNvMNtNtCs6JXvGULNGKJ_14darwin_metrics8hardware3gpuNtB4_3Gpu7metrics0B8_
FNDA:5,_RNvMNtNtCs6JXvGULNGKJ_14darwin_metrics8hardware3gpuNtB2_3Gpu13get_cpu_cores
FNDA:1,_RNvMNtNtCs6JXvGULNGKJ_14darwin_metrics8hardware3gpuNtB2_3Gpu13get_cpu_model
FNDA:2,_RNvMNtNtCs6JXvGULNGKJ_14darwin_metrics8hardware3gpuNtB2_3Gpu15get_temperature
FNDA:3,_RNvMNtNtCs6JXvGULNGKJ_14darwin_metrics8hardware3gpuNtB2_3Gpu16get_memory_stats
FNDA:6,_RNvMNtNtCs6JXvGULNGKJ_14darwin_metrics8hardware3gpuNtB2_3Gpu19get_characteristics
FNDA:3,_RNvMNtNtCs6JXvGULNGKJ_14darwin_metrics8hardware3gpuNtB2_3Gpu20estimate_memory_info
FNDA:5,_RNvMNtNtCs6JXvGULNGKJ_14darwin_metrics8hardware3gpuNtB2_3Gpu20estimate_utilization
FNDA:5,_RNvMNtNtCs6JXvGULNGKJ_14darwin_metrics8hardware3gpuNtB2_3Gpu23get_cpu_usage_component
FNDA:9,_RNvMNtNtCs6JXvGULNGKJ_14darwin_metrics8hardware3gpuNtB2_3Gpu25detect_apple_silicon_chip
FNDA:5,_RNvMNtNtCs6JXvGULNGKJ_14darwin_metrics8hardware3gpuNtB2_3Gpu25get_system_load_component
FNDA:5,_RNvMNtNtCs6JXvGULNGKJ_14darwin_metrics8hardware3gpuNtB2_3Gpu30get_process_activity_component
FNDA:8,_RNvMNtNtCs6JXvGULNGKJ_14darwin_metrics8hardware3gpuNtB2_3Gpu3new
FNDA:3,_RNvMNtNtCs6JXvGULNGKJ_14darwin_metrics8hardware3gpuNtB2_3Gpu4name
FNDA:2,_RNvMNtNtCs6JXvGULNGKJ_14darwin_metrics8hardware3gpuNtB2_3Gpu7metrics
FNDA:1,_RNvNtNtNtCs6JXvGULNGKJ_14darwin_metrics8hardware3gpu5testss_12test_metrics
FNDA:1,_RNvNtNtNtCs6JXvGULNGKJ_14darwin_metrics8hardware3gpu5testss_13test_gpu_name
FNDA:1,_RNvNtNtNtCs6JXvGULNGKJ_14darwin_metrics8hardware3gpu5testss_16test_memory_info
FNDA:1,_RNvNtNtNtCs6JXvGULNGKJ_14darwin_metrics8hardware3gpu5testss_18test_cpu_detection
FNDA:1,_RNvNtNtNtCs6JXvGULNGKJ_14darwin_metrics8hardware3gpu5testss_23test_gpu_initialization
FNDA:1,_RNvNtNtNtCs6JXvGULNGKJ_14darwin_metrics8hardware3gpu5testss_24test_gpu_characteristics
FNDA:1,_RNvNtNtNtCs6JXvGULNGKJ_14darwin_metrics8hardware3gpu5testss_28test_apple_silicon_detection
FNDA:1,_RNvNtNtNtCs6JXvGULNGKJ_14darwin_metrics8hardware3gpu5testss_28test_metrics_characteristics
FNDA:8,_RNCNvXs_NtNtCs6JXvGULNGKJ_14darwin_metrics8hardware3gpuNtB6_3GpuNtNtNtCs4P3ALgZxGbJ_4core3ops4drop4Drop4drop0Ba_
FNDA:8,_RNvXs_NtNtCs6JXvGULNGKJ_14darwin_metrics8hardware3gpuNtB4_3GpuNtNtNtCs4P3ALgZxGbJ_4core3ops4drop4Drop4drop
FNDA:0,_RNvMNtNtCsaakIWYUxKbY_14darwin_metrics8hardware3gpuNtB2_3Gpu13get_cpu_model
FNDA:0,_RNvMNtNtCsaakIWYUxKbY_14darwin_metrics8hardware3gpuNtB2_3Gpu16detect_intel_gpu
FNDA:0,_RNCNvMNtNtCsaakIWYUxKbY_14darwin_metrics8hardware3gpuNtB4_3Gpu15get_temperature0B8_
FNDA:0,_RNCNvMNtNtCsaakIWYUxKbY_14darwin_metrics8hardware3gpuNtB4_3Gpu3new0B8_
FNDA:0,_RNCNvMNtNtCsaakIWYUxKbY_14darwin_metrics8hardware3gpuNtB4_3Gpu4name0B8_
FNDA:0,_RNCNvMNtNtCsaakIWYUxKbY_14darwin_metrics8hardware3gpuNtB4_3Gpu7metrics0B8_
FNDA:0,_RNvMNtNtCsaakIWYUxKbY_14darwin_metrics8hardware3gpuNtB2_3Gpu13get_cpu_cores
FNDA:0,_RNvMNtNtCsaakIWYUxKbY_14darwin_metrics8hardware3gpuNtB2_3Gpu15get_temperature
FNDA:0,_RNvMNtNtCsaakIWYUxKbY_14darwin_metrics8hardware3gpuNtB2_3Gpu16get_memory_stats
FNDA:0,_RNvMNtNtCsaakIWYUxKbY_14darwin_metrics8hardware3gpuNtB2_3Gpu19get_characteristics
FNDA:0,_RNvMNtNtCsaakIWYUxKbY_14darwin_metrics8hardware3gpuNtB2_3Gpu20estimate_memory_info
FNDA:0,_RNvMNtNtCsaakIWYUxKbY_14darwin_metrics8hardware3gpuNtB2_3Gpu20estimate_utilization
FNDA:0,_RNvMNtNtCsaakIWYUxKbY_14darwin_metrics8hardware3gpuNtB2_3Gpu23get_cpu_usage_component
FNDA:0,_RNvMNtNtCsaakIWYUxKbY_14darwin_metrics8hardware3gpuNtB2_3Gpu25detect_apple_silicon_chip
FNDA:0,_RNvMNtNtCsaakIWYUxKbY_14darwin_metrics8hardware3gpuNtB2_3Gpu25get_system_load_component
FNDA:0,_RNvMNtNtCsaakIWYUxKbY_14darwin_metrics8hardware3gpuNtB2_3Gpu30get_process_activity_component
FNDA:0,_RNvMNtNtCsaakIWYUxKbY_14darwin_metrics8hardware3gpuNtB2_3Gpu3new
FNDA:0,_RNvMNtNtCsaakIWYUxKbY_14darwin_metrics8hardware3gpuNtB2_3Gpu4name
FNDA:0,_RNvMNtNtCsaakIWYUxKbY_14darwin_metrics8hardware3gpuNtB2_3Gpu7metrics
FNDA:0,_RNCNvXs_NtNtCsaakIWYUxKbY_14darwin_metrics8hardware3gpuNtB6_3GpuNtNtNtCs4P3ALgZxGbJ_4core3ops4drop4Drop4drop0Ba_
FNDA:0,_RNvXs_NtNtCsaakIWYUxKbY_14darwin_metrics8hardware3gpuNtB4_3GpuNtNtNtCs4P3ALgZxGbJ_4core3ops4drop4Drop4drop
FNF:29
FNH:27
DA:57,8
DA:58,8
DA:59,8
DA:60,8
DA:61,8
DA:62,0
DA:64,8
DA:66,8
DA:67,8
DA:68,8
DA:69,8
DA:71,3
DA:72,3
DA:73,3
DA:75,3
DA:77,3
DA:78,3
DA:79,3
DA:80,3
DA:81,3
DA:82,3
DA:83,3
DA:84,3
DA:85,3
DA:86,3
DA:87,3
DA:88,0
DA:89,0
DA:90,0
DA:92,0
DA:95,0
DA:97,0
DA:98,0
DA:99,0
DA:100,0
DA:101,0
DA:102,0
DA:103,0
DA:106,0
DA:107,0
DA:108,0
DA:109,0
DA:110,0
DA:111,3
DA:112,3
DA:115,9
DA:116,9
DA:117,9
DA:118,9
DA:119,9
DA:120,9
DA:122,9
DA:123,9
DA:124,9
DA:125,9
DA:126,9
DA:127,9
DA:128,9
DA:129,9
DA:130,9
DA:131,0
DA:132,9
DA:133,9
DA:134,9
DA:135,9
DA:136,9
DA:137,9
DA:138,9
DA:139,9
DA:140,9
DA:141,9
DA:142,9
DA:143,9
DA:144,9
DA:145,9
DA:146,9
DA:147,0
DA:148,0
DA:149,0
DA:150,0
DA:152,0
DA:156,9
DA:157,9
DA:158,0
DA:159,9
DA:160,0
DA:161,9
DA:162,0
DA:164,9
DA:168,0
DA:169,0
DA:170,0
DA:172,0
DA:173,0
DA:174,0
DA:175,0
DA:176,0
DA:177,0
DA:179,0
DA:181,0
DA:182,0
DA:183,0
DA:184,0
DA:186,9
DA:189,0
DA:198,0
DA:199,0
DA:200,0
DA:201,0
DA:202,0
DA:203,0
DA:204,0
DA:205,0
DA:206,0
DA:207,0
DA:208,0
DA:209,0
DA:210,0
DA:211,0
DA:212,0
DA:213,0
DA:214,0
DA:215,0
DA:216,0
DA:217,0
DA:225,0
DA:226,0
DA:227,0
DA:228,0
DA:229,0
DA:231,0
DA:233,0
DA:234,0
DA:235,0
DA:237,0
DA:240,1
DA:241,1
DA:242,1
DA:243,1
DA:244,1
DA:246,1
DA:247,1
DA:248,1
DA:249,1
DA:250,1
DA:251,1
DA:252,1
DA:253,1
DA:254,1
DA:255,0
DA:256,1
DA:257,1
DA:258,1
DA:259,1
DA:260,1
DA:261,1
DA:262,1
DA:264,1
DA:266,2
DA:267,2
DA:269,2
DA:270,2
DA:271,2
DA:272,0
[...]
FN:45,_RNCNvYpNtNtCsaakIWYUxKbY_14darwin_metrics5utils13PropertyUtils19get_number_propertys_0B9_
FN:37,_RNCNvYpNtNtCsaakIWYUxKbY_14darwin_metrics5utils13PropertyUtils19get_string_property0B9_
FN:38,_RNCNvYpNtNtCsaakIWYUxKbY_14darwin_metrics5utils13PropertyUtils19get_string_propertys_0B9_
FN:48,_RNvYpNtNtCsaakIWYUxKbY_14darwin_metrics5utils13PropertyUtils17get_bool_propertyB7_
FN:41,_RNvYpNtNtCsaakIWYUxKbY_14darwin_metrics5utils13PropertyUtils19get_number_propertyB7_
FN:34,_RNvYpNtNtCsaakIWYUxKbY_14darwin_metrics5utils13PropertyUtils19get_string_propertyB7_
FN:91,_RNvNtCsaakIWYUxKbY_14darwin_metrics5utils15c_str_to_string
FN:110,_RNvNtCsaakIWYUxKbY_14darwin_metrics5utils17raw_str_to_string
FN:130,_RNvNtCsaakIWYUxKbY_14darwin_metrics5utils20raw_f64_slice_to_vec
FN:138,_RNvNtCsaakIWYUxKbY_14darwin_metrics5utils8get_name
FN:144,_RNCNCNvNtCsaakIWYUxKbY_14darwin_metrics5utils8get_name00B7_
FN:69,_RINvNtCsaakIWYUxKbY_14darwin_metrics5utils14objc_safe_execNtNtCsaxtFaqkp5wQ_5alloc6string6StringNCNCNvB2_8get_name00EB4_
FN:61,_RINvNtCsaakIWYUxKbY_14darwin_metrics5utils16autorelease_poolINtNtCs4P3ALgZxGbJ_4core6result6ResultNtNtCsaxtFaqkp5wQ_5alloc6string6StringNtNtB4_5error5ErrorENCNvB2_8get_name0EB4_
FN:65,_RNCINvNtCsaakIWYUxKbY_14darwin_metrics5utils16autorelease_poolINtNtCs4P3ALgZxGbJ_4core6result6ResultNtNtCsaxtFaqkp5wQ_5alloc6string6StringNtNtB6_5error5ErrorENCNvB4_8get_name0E0B6_
FN:143,_RNCNvNtCsaakIWYUxKbY_14darwin_metrics5utils8get_name0B5_
FNDA:0,_RNCNvYpNtNtCs6JXvGULNGKJ_14darwin_metrics5utils13PropertyUtils17get_bool_property0B9_
FNDA:0,_RNCNvYpNtNtCs6JXvGULNGKJ_14darwin_metrics5utils13PropertyUtils17get_bool_propertys_0B9_
FNDA:0,_RNCNvYpNtNtCs6JXvGULNGKJ_14darwin_metrics5utils13PropertyUtils19get_number_property0B9_
FNDA:0,_RNCNvYpNtNtCs6JXvGULNGKJ_14darwin_metrics5utils13PropertyUtils19get_number_propertys_0B9_
FNDA:0,_RNCNvYpNtNtCs6JXvGULNGKJ_14darwin_metrics5utils13PropertyUtils19get_string_property0B9_
FNDA:0,_RNCNvYpNtNtCs6JXvGULNGKJ_14darwin_metrics5utils13PropertyUtils19get_string_propertys_0B9_
FNDA:0,_RNvYpNtNtCs6JXvGULNGKJ_14darwin_metrics5utils13PropertyUtils17get_bool_propertyB7_
FNDA:0,_RNvYpNtNtCs6JXvGULNGKJ_14darwin_metrics5utils13PropertyUtils19get_number_propertyB7_
FNDA:0,_RNvYpNtNtCs6JXvGULNGKJ_14darwin_metrics5utils13PropertyUtils19get_string_propertyB7_
FNDA:0,_RINvNtCs6JXvGULNGKJ_14darwin_metrics5utils14objc_safe_execNtNtCsaxtFaqkp5wQ_5alloc6string6StringNCNCNvB2_8get_name00EB4_
FNDA:1,_RINvNtCs6JXvGULNGKJ_14darwin_metrics5utils14objc_safe_execlNCNvNtB2_5testss_19test_objc_safe_exec0EB4_
FNDA:1,_RINvNtCs6JXvGULNGKJ_14darwin_metrics5utils14objc_safe_execlNCNvNtB2_5testss_19test_objc_safe_execs_0EB4_
FNDA:0,_RINvNtCs6JXvGULNGKJ_14darwin_metrics5utils16autorelease_poolINtNtCs4P3ALgZxGbJ_4core6result6ResultNtNtCsaxtFaqkp5wQ_5alloc6string6StringNtNtB4_5error5ErrorENCNvB2_8get_name0EB4_
FNDA:1,_RINvNtCs6JXvGULNGKJ_14darwin_metrics5utils16autorelease_poolNtNtCsaxtFaqkp5wQ_5alloc6string6StringNCNvNtB2_5testss_21test_autorelease_pools_0EB4_
FNDA:1,_RINvNtCs6JXvGULNGKJ_14darwin_metrics5utils16autorelease_poollNCNvNtB2_5testss_21test_autorelease_pool0EB4_
FNDA:0,_RNCINvNtCs6JXvGULNGKJ_14darwin_metrics5utils16autorelease_poolINtNtCs4P3ALgZxGbJ_4core6result6ResultNtNtCsaxtFaqkp5wQ_5alloc6string6StringNtNtB6_5error5ErrorENCNvB4_8get_name0E0B6_
FNDA:1,_RNCINvNtCs6JXvGULNGKJ_14darwin_metrics5utils16autorelease_poolNtNtCsaxtFaqkp5wQ_5alloc6string6StringNCNvNtB4_5testss_21test_autorelease_pools_0E0B6_
FNDA:1,_RNCINvNtCs6JXvGULNGKJ_14darwin_metrics5utils16autorelease_poollNCNvNtB4_5testss_21test_autorelease_pool0E0B6_
FNDA:0,_RNCNvNtCs6JXvGULNGKJ_14darwin_metrics5utils8get_name0B5_
FNDA:1,_RNCNvNtNtCs6JXvGULNGKJ_14darwin_metrics5utils5testss_21test_autorelease_pool0B7_
FNDA:1,_RNCNvNtNtCs6JXvGULNGKJ_14darwin_metrics5utils5testss_21test_autorelease_pools_0B7_
FNDA:1,_RNvNtNtCs6JXvGULNGKJ_14darwin_metrics5utils5testss_19test_objc_safe_exec
FNDA:1,_RNvNtNtCs6JXvGULNGKJ_14darwin_metrics5utils5testss_20test_c_str_to_string
FNDA:1,_RNvNtNtCs6JXvGULNGKJ_14darwin_metrics5utils5testss_21test_autorelease_pool
FNDA:1,_RNvNtNtCs6JXvGULNGKJ_14darwin_metrics5utils5testss_22test_property_accessor
FNDA:1,_RNvNtNtCs6JXvGULNGKJ_14darwin_metrics5utils5testss_22test_raw_str_to_string
FNDA:1,_RNvNtNtCs6JXvGULNGKJ_14darwin_metrics5utils5testss_25test_get_name_null_device
FNDA:1,_RNvNtNtCs6JXvGULNGKJ_14darwin_metrics5utils5testss_25test_raw_f64_slice_to_vec
FNDA:2,_RNvNtCs6JXvGULNGKJ_14darwin_metrics5utils15c_str_to_string
FNDA:3,_RNvNtCs6JXvGULNGKJ_14darwin_metrics5utils17raw_str_to_string
FNDA:3,_RNvNtCs6JXvGULNGKJ_14darwin_metrics5utils20raw_f64_slice_to_vec
FNDA:1,_RNvNtCs6JXvGULNGKJ_14darwin_metrics5utils8get_name
FNDA:0,_RNCNCNvNtCs6JXvGULNGKJ_14darwin_metrics5utils8get_name00B7_
FNDA:1,_RNCNvNtNtCs6JXvGULNGKJ_14darwin_metrics5utils5testss_19test_objc_safe_exec0B7_
FNDA:1,_RNCNvNtNtCs6JXvGULNGKJ_14darwin_metrics5utils5testss_19test_objc_safe_execs_0B7_
FNDA:0,_RNCNvYpNtNtCsaakIWYUxKbY_14darwin_metrics5utils13PropertyUtils17get_bool_property0B9_
FNDA:0,_RNCNvYpNtNtCsaakIWYUxKbY_14darwin_metrics5utils13PropertyUtils17get_bool_propertys_0B9_
FNDA:0,_RNCNvYpNtNtCsaakIWYUxKbY_14darwin_metrics5utils13PropertyUtils19get_number_property0B9_
FNDA:0,_RNCNvYpNtNtCsaakIWYUxKbY_14darwin_metrics5utils13PropertyUtils19get_number_propertys_0B9_
FNDA:0,_RNCNvYpNtNtCsaakIWYUxKbY_14darwin_metrics5utils13PropertyUtils19get_string_property0B9_
FNDA:0,_RNCNvYpNtNtCsaakIWYUxKbY_14darwin_metrics5utils13PropertyUtils19get_string_propertys_0B9_
FNDA:0,_RNvYpNtNtCsaakIWYUxKbY_14darwin_metrics5utils13PropertyUtils17get_bool_propertyB7_
FNDA:0,_RNvYpNtNtCsaakIWYUxKbY_14darwin_metrics5utils13PropertyUtils19get_number_propertyB7_
FNDA:0,_RNvYpNtNtCsaakIWYUxKbY_14darwin_metrics5utils13PropertyUtils19get_string_propertyB7_
FNDA:0,_RNvNtCsaakIWYUxKbY_14darwin_metrics5utils15c_str_to_string
FNDA:0,_RNvNtCsaakIWYUxKbY_14darwin_metrics5utils17raw_str_to_string
FNDA:0,_RNvNtCsaakIWYUxKbY_14darwin_metrics5utils20raw_f64_slice_to_vec
FNDA:0,_RNvNtCsaakIWYUxKbY_14darwin_metrics5utils8get_name
FNDA:0,_RNCNCNvNtCsaakIWYUxKbY_14darwin_metrics5utils8get_name00B7_
FNDA:0,_RINvNtCsaakIWYUxKbY_14darwin_metrics5utils14objc_safe_execNtNtCsaxtFaqkp5wQ_5alloc6string6StringNCNCNvB2_8get_name00EB4_
FNDA:0,_RINvNtCsaakIWYUxKbY_14darwin_metrics5utils16autorelease_poolINtNtCs4P3ALgZxGbJ_4core6result6ResultNtNtCsaxtFaqkp5wQ_5alloc6string6StringNtNtB4_5error5ErrorENCNvB2_8get_name0EB4_
FNDA:0,_RNCINvNtCsaakIWYUxKbY_14darwin_metrics5utils16autorelease_poolINtNtCs4P3ALgZxGbJ_4core6result6ResultNtNtCsaxtFaqkp5wQ_5alloc6string6StringNtNtB6_5error5ErrorENCNvB4_8get_name0E0B6_
FNDA:0,_RNCNvNtCsaakIWYUxKbY_14darwin_metrics5utils8get_name0B5_
FNF:29
FNH:18
DA:34,0
DA:35,0
DA:36,0
DA:37,0
DA:38,0
DA:39,0
DA:41,0
DA:42,0
DA:43,0
DA:44,0
DA:45,0
DA:47,0
DA:48,0
DA:49,0
DA:50,0
DA:51,0
DA:52,0
DA:53,0
DA:61,2
DA:62,2
DA:63,2
DA:64,2
DA:65,2
DA:66,2
DA:69,2
DA:70,2
DA:71,2
DA:72,2
DA:73,2
DA:74,2
DA:75,2
DA:76,0
DA:78,2
DA:91,2
DA:92,2
DA:93,1
DA:94,1
DA:95,1
DA:96,2
DA:110,3
DA:111,3
DA:112,2
DA:113,1
DA:114,1
DA:115,1
DA:116,3
DA:130,3
DA:131,3
DA:132,2
DA:133,1
DA:134,1
DA:135,3
DA:138,1
DA:139,1
DA:140,1
DA:141,0
DA:142,0
DA:143,0
DA:144,0
DA:145,0
DA:146,0
DA:147,0
DA:148,0
DA:149,0
DA:150,0
DA:151,0
DA:152,0
DA:153,0
DA:154,0
DA:155,0
DA:156,0
DA:157,0
DA:158,0
DA:159,0
DA:160,0
DA:161,1
DA:169,1
DA:170,1
DA:171,1
DA:172,1
DA:173,1
DA:174,1
DA:175,1
DA:176,1
DA:177,1
DA:180,1
DA:181,1
DA:183,1
DA:186,1
DA:187,1
DA:188,1
DA:189,1
DA:190,1
DA:191,1
DA:192,1
DA:193,1
DA:194,1
DA:195,1
DA:198,1
DA:199,1
DA:202,1
DA:203,1
DA:205,1
DA:208,1
DA:209,1
DA:210,1
DA:211,1
DA:212,1
DA:213,1
DA:214,1
DA:215,1
DA:216,1
DA:219,1
DA:220,1
DA:223,1
DA:224,1
DA:226,1
DA:229,1
DA:230,1
DA:231,1
DA:232,1
DA:235,1
DA:236,1
DA:237,1
DA:240,1
DA:241,1
DA:242,1
DA:243,1
DA:244,1
DA:247,1
DA:248,1
DA:249,1
DA:250,1
DA:251,0
DA:255,1
DA:258,1
DA:259,1
DA:260,1
DA:261,1
DA:262,1
DA:263,0
DA:265,1
DA:268,1
DA:269,1
DA:270,1
DA:271,1
DA:272,1
DA:273,1
BRF:0
BRH:0
LF:163
LH:0
end_of_record
SF:/Users/smeya/git/darwin-metrics/src/utils/property_utils.rs
FN:22,_RNCNvYNtNtNtCs6JXvGULNGKJ_14darwin_metrics5utils20property_utils_tests17MockPropertyUtilsNtNtB8_14property_utils13PropertyUtils17get_bool_property0Ba_
FN:23,_RNCNvYNtNtNtCs6JXvGULNGKJ_14darwin_metrics5utils20property_utils_tests17MockPropertyUtilsNtNtB8_14property_utils13PropertyUtils17get_bool_propertys_0Ba_
FN:15,_RNCNvYNtNtNtCs6JXvGULNGKJ_14darwin_metrics5utils20property_utils_tests17MockPropertyUtilsNtNtB8_14property_utils13PropertyUtils19get_number_property0Ba_
FN:16,_RNCNvYNtNtNtCs6JXvGULNGKJ_14darwin_metrics5utils20property_utils_tests17MockPropertyUtilsNtNtB8_14property_utils13PropertyUtils19get_number_propertys_0Ba_
FN:8,_RNCNvYNtNtNtCs6JXvGULNGKJ_14darwin_metrics5utils20property_utils_tests17MockPropertyUtilsNtNtB8_14property_utils13PropertyUtils19get_string_property0Ba_
FN:9,_RNCNvYNtNtNtCs6JXvGULNGKJ_14darwin_metrics5utils20property_utils_tests17MockPropertyUtilsNtNtB8_14property_utils13PropertyUtils19get_string_propertys_0Ba_
FN:19,_RNvYNtNtNtCs6JXvGULNGKJ_14darwin_metrics5utils20property_utils_tests17MockPropertyUtilsNtNtB6_14property_utils13PropertyUtils17get_bool_propertyB8_
FN:12,_RNvYNtNtNtCs6JXvGULNGKJ_14darwin_metrics5utils20property_utils_tests17MockPropertyUtilsNtNtB6_14property_utils13PropertyUtils19get_number_propertyB8_
FN:5,_RNvYNtNtNtCs6JXvGULNGKJ_14darwin_metrics5utils20property_utils_tests17MockPropertyUtilsNtNtB6_14property_utils13PropertyUtils19get_string_propertyB8_
FN:22,_RNCNvYpNtNtNtCsaakIWYUxKbY_14darwin_metrics5utils14property_utils13PropertyUtils17get_bool_property0Bb_
FN:23,_RNCNvYpNtNtNtCsaakIWYUxKbY_14darwin_metrics5utils14property_utils13PropertyUtils17get_bool_propertys_0Bb_
FN:15,_RNCNvYpNtNtNtCsaakIWYUxKbY_14darwin_metrics5utils14property_utils13PropertyUtils19get_number_property0Bb_
FN:16,_RNCNvYpNtNtNtCsaakIWYUxKbY_14darwin_metrics5utils14property_utils13PropertyUtils19get_number_propertys_0Bb_
FN:8,_RNCNvYpNtNtNtCsaakIWYUxKbY_14darwin_metrics5utils14property_utils13PropertyUtils19get_string_property0Bb_
FN:9,_RNCNvYpNtNtNtCsaakIWYUxKbY_14darwin_metrics5utils14property_utils13PropertyUtils19get_string_propertys_0Bb_
FN:19,_RNvYpNtNtNtCsaakIWYUxKbY_14darwin_metrics5utils14property_utils13PropertyUtils17get_bool_propertyB9_
FN:12,_RNvYpNtNtNtCsaakIWYUxKbY_14darwin_metrics5utils14property_utils13PropertyUtils19get_number_propertyB9_
FN:5,_RNvYpNtNtNtCsaakIWYUxKbY_14darwin_metrics5utils14property_utils13PropertyUtils19get_string_propertyB9_
FNDA:0,_RNCNvYNtNtNtCs6JXvGULNGKJ_14darwin_metrics5utils20property_utils_tests17MockPropertyUtilsNtNtB8_14property_utils13PropertyUtils17get_bool_property0Ba_
FNDA:0,_RNCNvYNtNtNtCs6JXvGULNGKJ_14darwin_metrics5utils20property_utils_tests17MockPropertyUtilsNtNtB8_14property_utils13PropertyUtils17get_bool_propertys_0Ba_
FNDA:0,_RNCNvYNtNtNtCs6JXvGULNGKJ_14darwin_metrics5utils20property_utils_tests17MockPropertyUtilsNtNtB8_14property_utils13PropertyUtils19get_number_property0Ba_
FNDA:0,_RNCNvYNtNtNtCs6JXvGULNGKJ_14darwin_metrics5utils20property_utils_tests17MockPropertyUtilsNtNtB8_14property_utils13PropertyUtils19get_number_propertys_0Ba_
FNDA:0,_RNCNvYNtNtNtCs6JXvGULNGKJ_14darwin_metrics5utils20property_utils_tests17MockPropertyUtilsNtNtB8_14property_utils13PropertyUtils19get_string_property0Ba_
FNDA:0,_RNCNvYNtNtNtCs6JXvGULNGKJ_14darwin_metrics5utils20property_utils_tests17MockPropertyUtilsNtNtB8_14property_utils13PropertyUtils19get_string_propertys_0Ba_
FNDA:1,_RNvYNtNtNtCs6JXvGULNGKJ_14darwin_metrics5utils20property_utils_tests17MockPropertyUtilsNtNtB6_14property_utils13PropertyUtils17get_bool_propertyB8_
FNDA:1,_RNvYNtNtNtCs6JXvGULNGKJ_14darwin_metrics5utils20property_utils_tests17MockPropertyUtilsNtNtB6_14property_utils13PropertyUtils19get_number_propertyB8_
FNDA:1,_RNvYNtNtNtCs6JXvGULNGKJ_14darwin_metrics5utils20property_utils_tests17MockPropertyUtilsNtNtB6_14property_utils13PropertyUtils19get_string_propertyB8_
FNDA:0,_RNCNvYpNtNtNtCsaakIWYUxKbY_14darwin_metrics5utils14property_utils13PropertyUtils17get_bool_property0Bb_
FNDA:0,_RNCNvYpNtNtNtCsaakIWYUxKbY_14darwin_metrics5utils14property_utils13PropertyUtils17get_bool_propertys_0Bb_
FNDA:0,_RNCNvYpNtNtNtCsaakIWYUxKbY_14darwin_metrics5utils14property_utils13PropertyUtils19get_number_property0Bb_
FNDA:0,_RNCNvYpNtNtNtCsaakIWYUxKbY_14darwin_metrics5utils14property_utils13PropertyUtils19get_number_propertys_0Bb_
FNDA:0,_RNCNvYpNtNtNtCsaakIWYUxKbY_14darwin_metrics5utils14property_utils13PropertyUtils19get_string_property0Bb_
FNDA:0,_RNCNvYpNtNtNtCsaakIWYUxKbY_14darwin_metrics5utils14property_utils13PropertyUtils19get_string_propertys_0Bb_
FNDA:0,_RNvYpNtNtNtCsaakIWYUxKbY_14darwin_metrics5utils14property_utils13PropertyUtils17get_bool_propertyB9_
FNDA:0,_RNvYpNtNtNtCsaakIWYUxKbY_14darwin_metrics5utils14property_utils13PropertyUtils19get_number_propertyB9_
FNDA:0,_RNvYpNtNtNtCsaakIWYUxKbY_14darwin_metrics5utils14property_utils13PropertyUtils19get_string_propertyB9_
FNF:9
FNH:0
DA:6,0
DA:7,0
DA:8,0
DA:9,0
DA:10,0
DA:11,0
DA:14,0
DA:15,0
DA:16,0
DA:17,0
DA:18,0
DA:19,0
DA:22,0
DA:23,0
DA:24,0
DA:25,0
DA:26,0
DA:27,0
BRF:0
BRH:0
LF:24
LH:0
end_of_record
SF:/Users/smeya/git/darwin-metrics/src/utils/property_utils_tests.rs
FN:14,_RNvNtNtCs6JXvGULNGKJ_14darwin_metrics5utils20property_utils_testss_25test_property_utils_trait
FN:34,_RNvNtNtCs6JXvGULNGKJ_14darwin_metrics5utils20property_utils_testss_39test_property_accessor_implements_trait
FNDA:1,_RNvNtNtCs6JXvGULNGKJ_14darwin_metrics5utils20property_utils_testss_25test_property_utils_trait
FNDA:1,_RNvNtNtCs6JXvGULNGKJ_14darwin_metrics5utils20property_utils_testss_39test_property_accessor_implements_trait
FNF:2
FNH:0
DA:14,0
DA:15,0
DA:16,0
DA:17,0
DA:18,0
DA:19,0
DA:20,0
DA:21,0
DA:22,0
DA:23,0
DA:24,0
DA:25,0
DA:26,0
DA:27,0
DA:28,0
DA:29,0
DA:30,0
DA:31,0
DA:34,0
DA:35,0
DA:36,0
DA:37,0
DA:38,0
DA:39,0
DA:40,0
DA:41,0
DA:42,0
DA:43,0
DA:44,0
DA:45,0
DA:46,0
DA:47,0
BRF:0
BRH:0
LF:32
LH:0
end_of_record
SF:/Users/smeya/git/darwin-metrics/src/utils/test_utils.rs
FN:44,_RNCNvNtNtCs6JXvGULNGKJ_14darwin_metrics5utils10test_utils18create_test_number0B7_
FN:54,_RNCNvNtNtCs6JXvGULNGKJ_14darwin_metrics5utils10test_utils18create_test_object0B7_
FN:10,_RNCNvNtNtCs6JXvGULNGKJ_14darwin_metrics5utils10test_utils22create_test_dictionary0B7_
FN:24,_RNCNvNtNtCs6JXvGULNGKJ_14darwin_metrics5utils10test_utils35create_test_dictionary_with_entries0B7_
FN:42,_RNvNtNtCs6JXvGULNGKJ_14darwin_metrics5utils10test_utils18create_test_number
FN:53,_RNvNtNtCs6JXvGULNGKJ_14darwin_metrics5utils10test_utils18create_test_object
FN:37,_RNvNtNtCs6JXvGULNGKJ_14darwin_metrics5utils10test_utils18create_test_string
FN:9,_RNvNtNtCs6JXvGULNGKJ_14darwin_metrics5utils10test_utils22create_test_dictionary
FN:18,_RNvNtNtCs6JXvGULNGKJ_14darwin_metrics5utils10test_utils35create_test_dictionary_with_entries
FN:97,_RNvNtNtNtCs6JXvGULNGKJ_14darwin_metrics5utils10test_utils5testss_23test_create_test_number
FN:106,_RNvNtNtNtCs6JXvGULNGKJ_14darwin_metrics5utils10test_utils5testss_23test_create_test_object
FN:88,_RNvNtNtNtCs6JXvGULNGKJ_14darwin_metrics5utils10test_utils5testss_23test_create_test_string
FN:65,_RNvNtNtNtCs6JXvGULNGKJ_14darwin_metrics5utils10test_utils5testss_27test_create_test_dictionary
FN:73,_RNvNtNtNtCs6JXvGULNGKJ_14darwin_metrics5utils10test_utils5testss_40test_create_test_dictionary_with_entries
FN:26,_RNCNCNvNtNtCs6JXvGULNGKJ_14darwin_metrics5utils10test_utils35create_test_dictionary_with_entries00B9_
FN:27,_RNCNCNvNtNtCs6JXvGULNGKJ_14darwin_metrics5utils10test_utils35create_test_dictionary_with_entries0s_0B9_
FN:26,_RNCNCNvNtNtCsaakIWYUxKbY_14darwin_metrics5utils10test_utils35create_test_dictionary_with_entries00B9_
FN:27,_RNCNCNvNtNtCsaakIWYUxKbY_14darwin_metrics5utils10test_utils35create_test_dictionary_with_entries0s_0B9_
FN:44,_RNCNvNtNtCsaakIWYUxKbY_14darwin_metrics5utils10test_utils18create_test_number0B7_
FN:54,_RNCNvNtNtCsaakIWYUxKbY_14darwin_metrics5utils10test_utils18create_test_object0B7_
FN:10,_RNCNvNtNtCsaakIWYUxKbY_14darwin_metrics5utils10test_utils22create_test_dictionary0B7_
FN:24,_RNCNvNtNtCsaakIWYUxKbY_14darwin_metrics5utils10test_utils35create_test_dictionary_with_entries0B7_
FN:42,_RNvNtNtCsaakIWYUxKbY_14darwin_metrics5utils10test_utils18create_test_number
FN:53,_RNvNtNtCsaakIWYUxKbY_14darwin_metrics5utils10test_utils18create_test_object
FN:37,_RNvNtNtCsaakIWYUxKbY_14darwin_metrics5utils10test_utils18create_test_string
FN:9,_RNvNtNtCsaakIWYUxKbY_14darwin_metrics5utils10test_utils22create_test_dictionary
FN:18,_RNvNtNtCsaakIWYUxKbY_14darwin_metrics5utils10test_utils35create_test_dictionary_with_entries
FNDA:1,_RNCNvNtNtCs6JXvGULNGKJ_14darwin_metrics5utils10test_utils18create_test_number0B7_
FNDA:11,_RNCNvNtNtCs6JXvGULNGKJ_14darwin_metrics5utils10test_utils18create_test_object0B7_
FNDA:25,_RNCNvNtNtCs6JXvGULNGKJ_14darwin_metrics5utils10test_utils22create_test_dictionary0B7_
FNDA:0,_RNCNvNtNtCs6JXvGULNGKJ_14darwin_metrics5utils10test_utils35create_test_dictionary_with_entries0B7_
FNDA:1,_RNvNtNtCs6JXvGULNGKJ_14darwin_metrics5utils10test_utils18create_test_number
FNDA:11,_RNvNtNtCs6JXvGULNGKJ_14darwin_metrics5utils10test_utils18create_test_object
FNDA:1,_RNvNtNtCs6JXvGULNGKJ_14darwin_metrics5utils10test_utils18create_test_string
FNDA:25,_RNvNtNtCs6JXvGULNGKJ_14darwin_metrics5utils10test_utils22create_test_dictionary
FNDA:1,_RNvNtNtCs6JXvGULNGKJ_14darwin_metrics5utils10test_utils35create_test_dictionary_with_entries
FNDA:1,_RNvNtNtNtCs6JXvGULNGKJ_14darwin_metrics5utils10test_utils5testss_23test_create_test_number
FNDA:1,_RNvNtNtNtCs6JXvGULNGKJ_14darwin_metrics5utils10test_utils5testss_23test_create_test_object
FNDA:1,_RNvNtNtNtCs6JXvGULNGKJ_14darwin_metrics5utils10test_utils5testss_23test_create_test_string
FNDA:1,_RNvNtNtNtCs6JXvGULNGKJ_14darwin_metrics5utils10test_utils5testss_27test_create_test_dictionary
FNDA:1,_RNvNtNtNtCs6JXvGULNGKJ_14darwin_metrics5utils10test_utils5testss_40test_create_test_dictionary_with_entries
FNDA:0,_RNCNCNvNtNtCs6JXvGULNGKJ_14darwin_metrics5utils10test_utils35create_test_dictionary_with_entries00B9_
FNDA:0,_RNCNCNvNtNtCs6JXvGULNGKJ_14darwin_metrics5utils10test_utils35create_test_dictionary_with_entries0s_0B9_
FNDA:0,_RNCNCNvNtNtCsaakIWYUxKbY_14darwin_metrics5utils10test_utils35create_test_dictionary_with_entries00B9_
FNDA:0,_RNCNCNvNtNtCsaakIWYUxKbY_14darwin_metrics5utils10test_utils35create_test_dictionary_with_entries0s_0B9_
FNDA:0,_RNCNvNtNtCsaakIWYUxKbY_14darwin_metrics5utils10test_utils18create_test_number0B7_
FNDA:0,_RNCNvNtNtCsaakIWYUxKbY_14darwin_metrics5utils10test_utils18create_test_object0B7_
FNDA:0,_RNCNvNtNtCsaakIWYUxKbY_14darwin_metrics5utils10test_utils22create_test_dictionary0B7_
FNDA:0,_RNCNvNtNtCsaakIWYUxKbY_14darwin_metrics5utils10test_utils35create_test_dictionary_with_entries0B7_
FNDA:0,_RNvNtNtCsaakIWYUxKbY_14darwin_metrics5utils10test_utils18create_test_number
FNDA:0,_RNvNtNtCsaakIWYUxKbY_14darwin_metrics5utils10test_utils18create_test_object
FNDA:0,_RNvNtNtCsaakIWYUxKbY_14darwin_metrics5utils10test_utils18create_test_string
FNDA:0,_RNvNtNtCsaakIWYUxKbY_14darwin_metrics5utils10test_utils22create_test_dictionary
FNDA:0,_RNvNtNtCsaakIWYUxKbY_14darwin_metrics5utils10test_utils35create_test_dictionary_with_entries
FNF:16
FNH:13
DA:9,25
DA:10,25
DA:11,25
DA:12,25
DA:13,25
DA:14,25
DA:15,25
DA:18,1
DA:19,1
DA:20,1
DA:21,1
DA:22,0
DA:23,0
DA:24,0
DA:25,0
DA:26,0
DA:27,0
DA:29,0
DA:30,0
DA:31,0
DA:32,0
DA:33,0
DA:34,1
DA:37,1
DA:38,1
DA:39,1
DA:42,1
DA:43,1
DA:44,1
DA:45,1
DA:46,1
DA:47,1
DA:48,1
DA:49,1
DA:50,1
DA:53,11
DA:54,11
DA:55,11
DA:56,11
DA:57,11
DA:58,11
DA:65,1
DA:66,1
DA:67,1
DA:68,1
DA:69,1
DA:70,1
DA:73,1
DA:74,1
DA:75,1
DA:76,1
DA:77,1
DA:78,1
DA:79,1
DA:80,1
DA:81,1
DA:82,1
DA:83,1
DA:84,1
DA:85,1
DA:88,1
DA:89,1
DA:90,1
DA:91,1
DA:92,1
DA:93,1
DA:94,1
DA:97,1
DA:98,1
DA:99,1
DA:100,1
DA:101,1
DA:102,1
DA:103,1
DA:106,1
DA:107,1
DA:108,1
DA:109,1
DA:110,1
DA:111,1
BRF:0
BRH:0
LF:91
LH:75
end_of_record