SF:/Users/smeya/git/darwin-metrics/src/core/metrics/hardware.rs
FN:90,_RNCNvYpNtNtNtNtCsfmodKU9gJLI_14darwin_metrics4core7metrics8hardware13MemoryMonitor16usage_percentage0Bd_
FN:228,_RNCNvYpNtNtNtNtCsfmodKU9gJLI_14darwin_metrics4core7metrics8hardware17PowerMonitorTrait11is_charging0Bd_
FN:223,_RNCNvYpNtNtNtNtCsfmodKU9gJLI_14darwin_metrics4core7metrics8hardware17PowerMonitorTrait11power_state0Bd_
FN:238,_RNCNvYpNtNtNtNtCsfmodKU9gJLI_14darwin_metrics4core7metrics8hardware17PowerMonitorTrait14time_remaining0Bd_
FN:233,_RNCNvYpNtNtNtNtCsfmodKU9gJLI_14darwin_metrics4core7metrics8hardware17PowerMonitorTrait17is_external_power0Bd_
FN:218,_RNCNvYpNtNtNtNtCsfmodKU9gJLI_14darwin_metrics4core7metrics8hardware17PowerMonitorTrait17power_consumption0Bd_
FN:59,_RNCNvYpNtNtNtNtCsfmodKU9gJLI_14darwin_metrics4core7metrics8hardware18TemperatureMonitor11temperature0Bd_
FN:70,_RNCNvYpNtNtNtNtCsfmodKU9gJLI_14darwin_metrics4core7metrics8hardware18UtilizationMonitor11utilization0Bd_
FN:94,_RNvYpNtNtNtNtCsfmodKU9gJLI_14darwin_metrics4core7metrics8hardware13MemoryMonitor16usage_percentageBb_
FN:230,_RNvYpNtNtNtNtCsfmodKU9gJLI_14darwin_metrics4core7metrics8hardware17PowerMonitorTrait11is_chargingBb_
FN:225,_RNvYpNtNtNtNtCsfmodKU9gJLI_14darwin_metrics4core7metrics8hardware17PowerMonitorTrait11power_stateBb_
FN:240,_RNvYpNtNtNtNtCsfmodKU9gJLI_14darwin_metrics4core7metrics8hardware17PowerMonitorTrait14time_remainingBb_
FN:235,_RNvYpNtNtNtNtCsfmodKU9gJLI_14darwin_metrics4core7metrics8hardware17PowerMonitorTrait17is_external_powerBb_
FN:220,_RNvYpNtNtNtNtCsfmodKU9gJLI_14darwin_metrics4core7metrics8hardware17PowerMonitorTrait17power_consumptionBb_
FN:61,_RNvYpNtNtNtNtCsfmodKU9gJLI_14darwin_metrics4core7metrics8hardware18TemperatureMonitor11temperatureBb_
FN:72,_RNvYpNtNtNtNtCsfmodKU9gJLI_14darwin_metrics4core7metrics8hardware18UtilizationMonitor11utilizationBb_
FN:59,_RNCNvYNtNtNtCs6POc8he6zg_14darwin_metrics8hardware3cpu21CPUTemperatureMonitorNtNtNtNtBa_4core7metrics8hardware18TemperatureMonitor11temperature0Ba_
FN:61,_RNvYNtNtNtCs6POc8he6zg_14darwin_metrics8hardware3cpu21CPUTemperatureMonitorNtNtNtNtB8_4core7metrics8hardware18TemperatureMonitor11temperatureB8_
FN:90,_RNCNvYpNtNtNtNtCs6POc8he6zg_14darwin_metrics4core7metrics8hardware13MemoryMonitor16usage_percentage0Bd_
FN:228,_RNCNvYpNtNtNtNtCs6POc8he6zg_14darwin_metrics4core7metrics8hardware17PowerMonitorTrait11is_charging0Bd_
FN:223,_RNCNvYpNtNtNtNtCs6POc8he6zg_14darwin_metrics4core7metrics8hardware17PowerMonitorTrait11power_state0Bd_
FN:238,_RNCNvYpNtNtNtNtCs6POc8he6zg_14darwin_metrics4core7metrics8hardware17PowerMonitorTrait14time_remaining0Bd_
FN:233,_RNCNvYpNtNtNtNtCs6POc8he6zg_14darwin_metrics4core7metrics8hardware17PowerMonitorTrait17is_external_power0Bd_
FN:218,_RNCNvYpNtNtNtNtCs6POc8he6zg_14darwin_metrics4core7metrics8hardware17PowerMonitorTrait17power_consumption0Bd_
FN:70,_RNCNvYpNtNtNtNtCs6POc8he6zg_14darwin_metrics4core7metrics8hardware18UtilizationMonitor11utilization0Bd_
FN:94,_RNvYpNtNtNtNtCs6POc8he6zg_14darwin_metrics4core7metrics8hardware13MemoryMonitor16usage_percentageBb_
FN:230,_RNvYpNtNtNtNtCs6POc8he6zg_14darwin_metrics4core7metrics8hardware17PowerMonitorTrait11is_chargingBb_
FN:225,_RNvYpNtNtNtNtCs6POc8he6zg_14darwin_metrics4core7metrics8hardware17PowerMonitorTrait11power_stateBb_
FN:240,_RNvYpNtNtNtNtCs6POc8he6zg_14darwin_metrics4core7metrics8hardware17PowerMonitorTrait14time_remainingBb_
FN:235,_RNvYpNtNtNtNtCs6POc8he6zg_14darwin_metrics4core7metrics8hardware17PowerMonitorTrait17is_external_powerBb_
FN:220,_RNvYpNtNtNtNtCs6POc8he6zg_14darwin_metrics4core7metrics8hardware17PowerMonitorTrait17power_consumptionBb_
FN:72,_RNvYpNtNtNtNtCs6POc8he6zg_14darwin_metrics4core7metrics8hardware18UtilizationMonitor11utilizationBb_
FNDA:0,_RNCNvYpNtNtNtNtCsfmodKU9gJLI_14darwin_metrics4core7metrics8hardware13MemoryMonitor16usage_percentage0Bd_
FNDA:0,_RNCNvYpNtNtNtNtCsfmodKU9gJLI_14darwin_metrics4core7metrics8hardware17PowerMonitorTrait11is_charging0Bd_
FNDA:0,_RNCNvYpNtNtNtNtCsfmodKU9gJLI_14darwin_metrics4core7metrics8hardware17PowerMonitorTrait11power_state0Bd_
FNDA:0,_RNCNvYpNtNtNtNtCsfmodKU9gJLI_14darwin_metrics4core7metrics8hardware17PowerMonitorTrait14time_remaining0Bd_
FNDA:0,_RNCNvYpNtNtNtNtCsfmodKU9gJLI_14darwin_metrics4core7metrics8hardware17PowerMonitorTrait17is_external_power0Bd_
FNDA:0,_RNCNvYpNtNtNtNtCsfmodKU9gJLI_14darwin_metrics4core7metrics8hardware17PowerMonitorTrait17power_consumption0Bd_
FNDA:0,_RNCNvYpNtNtNtNtCsfmodKU9gJLI_14darwin_metrics4core7metrics8hardware18TemperatureMonitor11temperature0Bd_
FNDA:0,_RNCNvYpNtNtNtNtCsfmodKU9gJLI_14darwin_metrics4core7metrics8hardware18UtilizationMonitor11utilization0Bd_
FNDA:0,_RNvYpNtNtNtNtCsfmodKU9gJLI_14darwin_metrics4core7metrics8hardware13MemoryMonitor16usage_percentageBb_
FNDA:0,_RNvYpNtNtNtNtCsfmodKU9gJLI_14darwin_metrics4core7metrics8hardware17PowerMonitorTrait11is_chargingBb_
FNDA:0,_RNvYpNtNtNtNtCsfmodKU9gJLI_14darwin_metrics4core7metrics8hardware17PowerMonitorTrait11power_stateBb_
FNDA:0,_RNvYpNtNtNtNtCsfmodKU9gJLI_14darwin_metrics4core7metrics8hardware17PowerMonitorTrait14time_remainingBb_
FNDA:0,_RNvYpNtNtNtNtCsfmodKU9gJLI_14darwin_metrics4core7metrics8hardware17PowerMonitorTrait17is_external_powerBb_
FNDA:0,_RNvYpNtNtNtNtCsfmodKU9gJLI_14darwin_metrics4core7metrics8hardware17PowerMonitorTrait17power_consumptionBb_
FNDA:0,_RNvYpNtNtNtNtCsfmodKU9gJLI_14darwin_metrics4core7metrics8hardware18TemperatureMonitor11temperatureBb_
FNDA:0,_RNvYpNtNtNtNtCsfmodKU9gJLI_14darwin_metrics4core7metrics8hardware18UtilizationMonitor11utilizationBb_
FNDA:0,_RNCNvYNtNtNtCs6POc8he6zg_14darwin_metrics8hardware3cpu21CPUTemperatureMonitorNtNtNtNtBa_4core7metrics8hardware18TemperatureMonitor11temperature0Ba_
FNDA:0,_RNvYNtNtNtCs6POc8he6zg_14darwin_metrics8hardware3cpu21CPUTemperatureMonitorNtNtNtNtB8_4core7metrics8hardware18TemperatureMonitor11temperatureB8_
FNDA:0,_RNCNvYpNtNtNtNtCs6POc8he6zg_14darwin_metrics4core7metrics8hardware13MemoryMonitor16usage_percentage0Bd_
FNDA:0,_RNCNvYpNtNtNtNtCs6POc8he6zg_14darwin_metrics4core7metrics8hardware17PowerMonitorTrait11is_charging0Bd_
FNDA:0,_RNCNvYpNtNtNtNtCs6POc8he6zg_14darwin_metrics4core7metrics8hardware17PowerMonitorTrait11power_state0Bd_
FNDA:0,_RNCNvYpNtNtNtNtCs6POc8he6zg_14darwin_metrics4core7metrics8hardware17PowerMonitorTrait14time_remaining0Bd_
FNDA:0,_RNCNvYpNtNtNtNtCs6POc8he6zg_14darwin_metrics4core7metrics8hardware17PowerMonitorTrait17is_external_power0Bd_
FNDA:0,_RNCNvYpNtNtNtNtCs6POc8he6zg_14darwin_metrics4core7metrics8hardware17PowerMonitorTrait17power_consumption0Bd_
FNDA:0,_RNCNvYpNtNtNtNtCs6POc8he6zg_14darwin_metrics4core7metrics8hardware18UtilizationMonitor11utilization0Bd_
FNDA:0,_RNvYpNtNtNtNtCs6POc8he6zg_14darwin_metrics4core7metrics8hardware13MemoryMonitor16usage_percentageBb_
FNDA:0,_RNvYpNtNtNtNtCs6POc8he6zg_14darwin_metrics4core7metrics8hardware17PowerMonitorTrait11is_chargingBb_
FNDA:0,_RNvYpNtNtNtNtCs6POc8he6zg_14darwin_metrics4core7metrics8hardware17PowerMonitorTrait11power_stateBb_
FNDA:0,_RNvYpNtNtNtNtCs6POc8he6zg_14darwin_metrics4core7metrics8hardware17PowerMonitorTrait14time_remainingBb_
FNDA:0,_RNvYpNtNtNtNtCs6POc8he6zg_14darwin_metrics4core7metrics8hardware17PowerMonitorTrait17is_external_powerBb_
FNDA:0,_RNvYpNtNtNtNtCs6POc8he6zg_14darwin_metrics4core7metrics8hardware17PowerMonitorTrait17power_consumptionBb_
FNDA:0,_RNvYpNtNtNtNtCs6POc8he6zg_14darwin_metrics4core7metrics8hardware18UtilizationMonitor11utilizationBb_
FNF:16
FNH:0
DA:59,0
DA:60,0
DA:61,0
DA:70,0
DA:71,0
DA:72,0
DA:90,0
DA:91,0
DA:92,0
DA:93,0
DA:94,0
DA:218,0
DA:219,0
DA:220,0
DA:223,0
DA:224,0
DA:225,0
DA:228,0
DA:229,0
DA:230,0
DA:233,0
DA:234,0
DA:235,0
DA:238,0
DA:239,0
DA:240,0
BRF:0
BRH:0
LF:34
LH:0
end_of_record
SF:/Users/smeya/git/darwin-metrics/src/core/metrics/mod.rs
FN:21,_RNvMNtNtCsfmodKU9gJLI_14darwin_metrics4core7metricsINtB2_6MetricpE14with_timestampB6_
FN:16,_RNvMNtNtCsfmodKU9gJLI_14darwin_metrics4core7metricsINtB2_6MetricpE3newB6_
FN:40,_RNvMs_NtNtCsfmodKU9gJLI_14darwin_metrics4core7metricsINtB4_12MetricSeriespE3addB8_
FN:35,_RNvMs_NtNtCsfmodKU9gJLI_14darwin_metrics4core7metricsINtB4_12MetricSeriespE3newB8_
FN:45,_RNvMs_NtNtCsfmodKU9gJLI_14darwin_metrics4core7metricsINtB4_12MetricSeriespE6latestB8_
FN:16,_RNvMNtNtCs6POc8he6zg_14darwin_metrics4core7metricsINtB2_6MetricNtNtB4_5types10PercentageE3newB6_
FN:16,_RNvMNtNtCs6POc8he6zg_14darwin_metrics4core7metricsINtB2_6MetricNtNtB4_5types11TemperatureE3newB6_
FN:16,_RNvMNtNtCs6POc8he6zg_14darwin_metrics4core7metricsINtB2_6MetricNtNtNtNtB6_8hardware3gpu5types10GpuMetricsE3newB6_
FN:16,_RNvMNtNtCs6POc8he6zg_14darwin_metrics4core7metricsINtB2_6MetricNtNtNtNtB6_8hardware4disk5types10DiskConfigE3newB6_
FN:16,_RNvMNtNtCs6POc8he6zg_14darwin_metrics4core7metricsINtB2_6MetricNtNtNtNtB6_8hardware4disk5types10DiskHealthE3newB6_
FN:16,_RNvMNtNtCs6POc8he6zg_14darwin_metrics4core7metricsINtB2_6MetricNtNtNtNtB6_8hardware4disk5types11ByteMetricsE3newB6_
FN:16,_RNvMNtNtCs6POc8he6zg_14darwin_metrics4core7metricsINtB2_6MetricNtNtNtNtB6_8hardware4disk5types22DiskPerformanceMetricsE3newB6_
FN:16,_RNvMNtNtCs6POc8he6zg_14darwin_metrics4core7metricsINtB2_6MetricNtNtNtNtB6_8hardware4disk5types9DiskMountE3newB6_
FN:16,_RNvMNtNtCs6POc8he6zg_14darwin_metrics4core7metricsINtB2_6MetricNtNtNtNtB6_8hardware7battery5types12BatteryPowerE3newB6_
FN:16,_RNvMNtNtCs6POc8he6zg_14darwin_metrics4core7metricsINtB2_6MetricNtNtNtNtB6_8hardware7battery5types15BatteryCapacityE3newB6_
FN:21,_RNvMNtNtCs6POc8he6zg_14darwin_metrics4core7metricsINtB2_6MetricpE14with_timestampB6_
FN:40,_RNvMs_NtNtCs6POc8he6zg_14darwin_metrics4core7metricsINtB4_12MetricSeriespE3addB8_
FN:35,_RNvMs_NtNtCs6POc8he6zg_14darwin_metrics4core7metricsINtB4_12MetricSeriespE3newB8_
FN:45,_RNvMs_NtNtCs6POc8he6zg_14darwin_metrics4core7metricsINtB4_12MetricSeriespE6latestB8_
FNDA:0,_RNvMNtNtCsfmodKU9gJLI_14darwin_metrics4core7metricsINtB2_6MetricpE14with_timestampB6_
FNDA:0,_RNvMNtNtCsfmodKU9gJLI_14darwin_metrics4core7metricsINtB2_6MetricpE3newB6_
FNDA:0,_RNvMs_NtNtCsfmodKU9gJLI_14darwin_metrics4core7metricsINtB4_12MetricSeriespE3addB8_
FNDA:0,_RNvMs_NtNtCsfmodKU9gJLI_14darwin_metrics4core7metricsINtB4_12MetricSeriespE3newB8_
FNDA:0,_RNvMs_NtNtCsfmodKU9gJLI_14darwin_metrics4core7metricsINtB4_12MetricSeriespE6latestB8_
FNDA:0,_RNvMNtNtCs6POc8he6zg_14darwin_metrics4core7metricsINtB2_6MetricNtNtB4_5types10PercentageE3newB6_
FNDA:0,_RNvMNtNtCs6POc8he6zg_14darwin_metrics4core7metricsINtB2_6MetricNtNtB4_5types11TemperatureE3newB6_
FNDA:0,_RNvMNtNtCs6POc8he6zg_14darwin_metrics4core7metricsINtB2_6MetricNtNtNtNtB6_8hardware3gpu5types10GpuMetricsE3newB6_
FNDA:0,_RNvMNtNtCs6POc8he6zg_14darwin_metrics4core7metricsINtB2_6MetricNtNtNtNtB6_8hardware4disk5types10DiskConfigE3newB6_
FNDA:0,_RNvMNtNtCs6POc8he6zg_14darwin_metrics4core7metricsINtB2_6MetricNtNtNtNtB6_8hardware4disk5types10DiskHealthE3newB6_
FNDA:0,_RNvMNtNtCs6POc8he6zg_14darwin_metrics4core7metricsINtB2_6MetricNtNtNtNtB6_8hardware4disk5types11ByteMetricsE3newB6_
FNDA:0,_RNvMNtNtCs6POc8he6zg_14darwin_metrics4core7metricsINtB2_6MetricNtNtNtNtB6_8hardware4disk5types22DiskPerformanceMetricsE3newB6_
FNDA:0,_RNvMNtNtCs6POc8he6zg_14darwin_metrics4core7metricsINtB2_6MetricNtNtNtNtB6_8hardware4disk5types9DiskMountE3newB6_
FNDA:0,_RNvMNtNtCs6POc8he6zg_14darwin_metrics4core7metricsINtB2_6MetricNtNtNtNtB6_8hardware7battery5types12BatteryPowerE3newB6_
FNDA:0,_RNvMNtNtCs6POc8he6zg_14darwin_metrics4core7metricsINtB2_6MetricNtNtNtNtB6_8hardware7battery5types15BatteryCapacityE3newB6_
FNDA:0,_RNvMNtNtCs6POc8he6zg_14darwin_metrics4core7metricsINtB2_6MetricpE14with_timestampB6_
FNDA:0,_RNvMs_NtNtCs6POc8he6zg_14darwin_metrics4core7metricsINtB4_12MetricSeriespE3addB8_
FNDA:0,_RNvMs_NtNtCs6POc8he6zg_14darwin_metrics4core7metricsINtB4_12MetricSeriespE3newB8_
FNDA:0,_RNvMs_NtNtCs6POc8he6zg_14darwin_metrics4core7metricsINtB4_12MetricSeriespE6latestB8_
FNF:5
FNH:0
DA:16,0
DA:17,0
DA:18,0
DA:21,0
DA:22,0
DA:23,0
DA:35,0
DA:36,0
DA:37,0
DA:40,0
DA:41,0
DA:42,0
DA:45,0
DA:46,0
DA:47,0
BRF:0
BRH:0
LF:15
LH:0
end_of_record
SF:/Users/smeya/git/darwin-metrics/src/core/types/mod.rs
FN:13,_RNvMNtNtCsfmodKU9gJLI_14darwin_metrics4core5typesNtB2_10Percentage3new
FN:22,_RNvMNtNtCsfmodKU9gJLI_14darwin_metrics4core5typesNtB2_10Percentage6as_f64
FN:27,_RNvMNtNtCsfmodKU9gJLI_14darwin_metrics4core5typesNtB2_10Percentage8from_f64
FN:88,_RNvMs0_NtNtCsfmodKU9gJLI_14darwin_metrics4core5typesNtB5_8ByteSize10from_bytes
FN:67,_RNvMs0_NtNtCsfmodKU9gJLI_14darwin_metrics4core5typesNtB5_8ByteSize3new
FN:83,_RNvMs0_NtNtCsfmodKU9gJLI_14darwin_metrics4core5typesNtB5_8ByteSize5as_gb
FN:75,_RNvMs0_NtNtCsfmodKU9gJLI_14darwin_metrics4core5typesNtB5_8ByteSize5as_kb
FN:79,_RNvMs0_NtNtCsfmodKU9gJLI_14darwin_metrics4core5typesNtB5_8ByteSize5as_mb
FN:71,_RNvMs0_NtNtCsfmodKU9gJLI_14darwin_metrics4core5typesNtB5_8ByteSize8as_bytes
FN:45,_RNvMs_NtNtCsfmodKU9gJLI_14darwin_metrics4core5typesNtB4_11Temperature10as_celsius
FN:55,_RNvMs_NtNtCsfmodKU9gJLI_14darwin_metrics4core5typesNtB4_11Temperature11new_celsius
FN:50,_RNvMs_NtNtCsfmodKU9gJLI_14darwin_metrics4core5typesNtB4_11Temperature13as_fahrenheit
FN:40,_RNvMs_NtNtCsfmodKU9gJLI_14darwin_metrics4core5typesNtB4_11Temperature3new
FN:13,_RNvMNtNtCs6POc8he6zg_14darwin_metrics4core5typesNtB2_10Percentage3new
FN:22,_RNvMNtNtCs6POc8he6zg_14darwin_metrics4core5typesNtB2_10Percentage6as_f64
FN:27,_RNvMNtNtCs6POc8he6zg_14darwin_metrics4core5typesNtB2_10Percentage8from_f64
FN:88,_RNvMs0_NtNtCs6POc8he6zg_14darwin_metrics4core5typesNtB5_8ByteSize10from_bytes
FN:67,_RNvMs0_NtNtCs6POc8he6zg_14darwin_metrics4core5typesNtB5_8ByteSize3new
FN:83,_RNvMs0_NtNtCs6POc8he6zg_14darwin_metrics4core5typesNtB5_8ByteSize5as_gb
FN:75,_RNvMs0_NtNtCs6POc8he6zg_14darwin_metrics4core5typesNtB5_8ByteSize5as_kb
FN:79,_RNvMs0_NtNtCs6POc8he6zg_14darwin_metrics4core5typesNtB5_8ByteSize5as_mb
FN:71,_RNvMs0_NtNtCs6POc8he6zg_14darwin_metrics4core5typesNtB5_8ByteSize8as_bytes
FN:45,_RNvMs_NtNtCs6POc8he6zg_14darwin_metrics4core5typesNtB4_11Temperature10as_celsius
FN:55,_RNvMs_NtNtCs6POc8he6zg_14darwin_metrics4core5typesNtB4_11Temperature11new_celsius
FN:50,_RNvMs_NtNtCs6POc8he6zg_14darwin_metrics4core5typesNtB4_11Temperature13as_fahrenheit
FN:40,_RNvMs_NtNtCs6POc8he6zg_14darwin_metrics4core5typesNtB4_11Temperature3new
FNDA:0,_RNvMNtNtCsfmodKU9gJLI_14darwin_metrics4core5typesNtB2_10Percentage3new
FNDA:0,_RNvMNtNtCsfmodKU9gJLI_14darwin_metrics4core5typesNtB2_10Percentage6as_f64
FNDA:0,_RNvMNtNtCsfmodKU9gJLI_14darwin_metrics4core5typesNtB2_10Percentage8from_f64
FNDA:0,_RNvMs0_NtNtCsfmodKU9gJLI_14darwin_metrics4core5typesNtB5_8ByteSize10from_bytes
FNDA:0,_RNvMs0_NtNtCsfmodKU9gJLI_14darwin_metrics4core5typesNtB5_8ByteSize3new
FNDA:0,_RNvMs0_NtNtCsfmodKU9gJLI_14darwin_metrics4core5typesNtB5_8ByteSize5as_gb
FNDA:0,_RNvMs0_NtNtCsfmodKU9gJLI_14darwin_metrics4core5typesNtB5_8ByteSize5as_kb
FNDA:0,_RNvMs0_NtNtCsfmodKU9gJLI_14darwin_metrics4core5typesNtB5_8ByteSize5as_mb
FNDA:0,_RNvMs0_NtNtCsfmodKU9gJLI_14darwin_metrics4core5typesNtB5_8ByteSize8as_bytes
FNDA:0,_RNvMs_NtNtCsfmodKU9gJLI_14darwin_metrics4core5typesNtB4_11Temperature10as_celsius
FNDA:0,_RNvMs_NtNtCsfmodKU9gJLI_14darwin_metrics4core5typesNtB4_11Temperature11new_celsius
FNDA:0,_RNvMs_NtNtCsfmodKU9gJLI_14darwin_metrics4core5typesNtB4_11Temperature13as_fahrenheit
FNDA:0,_RNvMs_NtNtCsfmodKU9gJLI_14darwin_metrics4core5typesNtB4_11Temperature3new
FNDA:0,_RNvMNtNtCs6POc8he6zg_14darwin_metrics4core5typesNtB2_10Percentage3new
FNDA:0,_RNvMNtNtCs6POc8he6zg_14darwin_metrics4core5typesNtB2_10Percentage6as_f64
FNDA:0,_RNvMNtNtCs6POc8he6zg_14darwin_metrics4core5typesNtB2_10Percentage8from_f64
FNDA:0,_RNvMs0_NtNtCs6POc8he6zg_14darwin_metrics4core5typesNtB5_8ByteSize10from_bytes
FNDA:0,_RNvMs0_NtNtCs6POc8he6zg_14darwin_metrics4core5typesNtB5_8ByteSize3new
FNDA:0,_RNvMs0_NtNtCs6POc8he6zg_14darwin_metrics4core5typesNtB5_8ByteSize5as_gb
FNDA:0,_RNvMs0_NtNtCs6POc8he6zg_14darwin_metrics4core5typesNtB5_8ByteSize5as_kb
FNDA:0,_RNvMs0_NtNtCs6POc8he6zg_14darwin_metrics4core5typesNtB5_8ByteSize5as_mb
FNDA:0,_RNvMs0_NtNtCs6POc8he6zg_14darwin_metrics4core5typesNtB5_8ByteSize8as_bytes
FNDA:0,_RNvMs_NtNtCs6POc8he6zg_14darwin_metrics4core5typesNtB4_11Temperature10as_celsius
FNDA:0,_RNvMs_NtNtCs6POc8he6zg_14darwin_metrics4core5typesNtB4_11Temperature11new_celsius
FNDA:0,_RNvMs_NtNtCs6POc8he6zg_14darwin_metrics4core5typesNtB4_11Temperature13as_fahrenheit
FNDA:0,_RNvMs_NtNtCs6POc8he6zg_14darwin_metrics4core5typesNtB4_11Temperature3new
FNF:13
FNH:0
DA:13,0
DA:14,0
DA:15,0
DA:17,0
DA:19,0
DA:22,0
DA:23,0
DA:24,0
DA:27,0
DA:28,0
DA:29,0
DA:40,0
DA:41,0
DA:42,0
DA:45,0
DA:46,0
DA:47,0
DA:50,0
DA:51,0
DA:52,0
DA:55,0
DA:56,0
DA:57,0
DA:67,0
DA:68,0
DA:69,0
DA:71,0
DA:72,0
DA:73,0
DA:75,0
DA:76,0
DA:77,0
DA:79,0
DA:80,0
DA:81,0
DA:83,0
DA:84,0
DA:85,0
DA:88,0
DA:89,0
DA:90,0
BRF:0
BRH:0
LF:41
LH:0
end_of_record
SF:/Users/smeya/git/darwin-metrics/src/error.rs
FN:231,_RNvMNtCsfmodKU9gJLI_14darwin_metrics5errorNtB2_5Error16is_not_available
FN:226,_RNvMNtCsfmodKU9gJLI_14darwin_metrics5errorNtB2_5Error20is_permission_denied
FN:289,_RNvXs1_NtCsfmodKU9gJLI_14darwin_metrics5errorNtB5_5ErrorINtNtCsjCjv0fyyi6U_4core7convert4FromNtNtNtCsaIKGoEb0moQ_3std2io5error5ErrorE4from
FN:295,_RNvXs2_NtCsfmodKU9gJLI_14darwin_metrics5errorNtB5_5ErrorINtNtCsjCjv0fyyi6U_4core7convert4FromNtNtNtCseSilAhKSnT0_5alloc3ffi5c_str8NulErrorE4from
FN:245,_RNvXs_NtCsfmodKU9gJLI_14darwin_metrics5errorNtB4_5ErrorNtNtCsjCjv0fyyi6U_4core3fmt7Display3fmt
FN:351,_RNvNtNtCsfmodKU9gJLI_14darwin_metrics5error5testss_18test_error_display
FN:363,_RNvNtNtCsfmodKU9gJLI_14darwin_metrics5error5testss_21test_error_conversion
FN:312,_RNvNtNtCsfmodKU9gJLI_14darwin_metrics5error5testss_27test_error_creation_methods
FN:342,_RNvNtNtCsfmodKU9gJLI_14darwin_metrics5error5testss_27test_error_is_not_available
FN:333,_RNvNtNtCsfmodKU9gJLI_14darwin_metrics5error5testss_31test_error_is_permission_denied
FN:140,_RINvMNtCsfmodKU9gJLI_14darwin_metrics5errorNtB3_5Error11iokit_errorNtNtCseSilAhKSnT0_5alloc6string6StringEB5_
FN:140,_RINvMNtCsfmodKU9gJLI_14darwin_metrics5errorNtB3_5Error11iokit_errorReEB5_
FN:217,_RINvMNtCsfmodKU9gJLI_14darwin_metrics5errorNtB3_5Error12system_errorReB14_EB5_
FN:157,_RINvMNtCsfmodKU9gJLI_14darwin_metrics5errorNtB3_5Error13network_errorReB15_EB5_
FN:157,_RINvMNtCsfmodKU9gJLI_14darwin_metrics5errorNtB3_5Error13network_errorReNtNtCseSilAhKSnT0_5alloc6string6StringEB5_
FN:190,_RINvMNtCsfmodKU9gJLI_14darwin_metrics5errorNtB3_5Error13process_errormReEB5_
FN:208,_RINvMNtCsfmodKU9gJLI_14darwin_metrics5errorNtB3_5Error16invalid_argumentReB18_EB5_
FN:148,_RINvMNtCsfmodKU9gJLI_14darwin_metrics5errorNtB3_5Error17temperature_errorReB19_EB5_
FN:185,_RINvMNtCsfmodKU9gJLI_14darwin_metrics5errorNtB3_5Error6systemNtNtCseSilAhKSnT0_5alloc6string6StringEB5_
FN:185,_RINvMNtCsfmodKU9gJLI_14darwin_metrics5errorNtB3_5Error6systemReEB5_
FN:199,_RINvMNtCsfmodKU9gJLI_14darwin_metrics5errorNtB3_5Error9gpu_errorReB10_EB5_
FN:195,_RNCINvMNtCsfmodKU9gJLI_14darwin_metrics5errorNtB5_5Error13process_errormReE0B7_
FN:213,_RNCINvMNtCsfmodKU9gJLI_14darwin_metrics5errorNtB5_5Error16invalid_argumentReB1a_E0B7_
FN:166,_RINvMNtCsfmodKU9gJLI_14darwin_metrics5errorNtB3_5Error12invalid_datappEB5_
FN:236,_RINvMNtCsfmodKU9gJLI_14darwin_metrics5errorNtB3_5Error15not_implementedpEB5_
FN:180,_RINvMNtCsfmodKU9gJLI_14darwin_metrics5errorNtB3_5Error16mutex_lock_errorpEB5_
FN:175,_RINvMNtCsfmodKU9gJLI_14darwin_metrics5errorNtB3_5Error17service_not_foundpEB5_
FN:132,_RINvMNtCsfmodKU9gJLI_14darwin_metrics5errorNtB3_5Error8io_errorpEB5_
FN:171,_RNCINvMNtCsfmodKU9gJLI_14darwin_metrics5errorNtB5_5Error12invalid_datappE0B7_
FN:280,_RNvXs0_NtCsfmodKU9gJLI_14darwin_metrics5errorNtB5_5ErrorNtNtCsjCjv0fyyi6U_4core5error5Error6source
FN:301,_RNvXs3_NtCsfmodKU9gJLI_14darwin_metrics5errorNtB5_5ErrorINtNtCsjCjv0fyyi6U_4core7convert4FromNtNtNtNtCsarFNqfrhoHm_5tokio7runtime4task5error9JoinErrorE4from
FN:217,_RINvMNtCs6POc8he6zg_14darwin_metrics5errorNtB3_5Error12system_errorppEB5_
FN:208,_RINvMNtCs6POc8he6zg_14darwin_metrics5errorNtB3_5Error16invalid_argumentppEB5_
FN:180,_RINvMNtCs6POc8he6zg_14darwin_metrics5errorNtB3_5Error16mutex_lock_errorpEB5_
FN:175,_RINvMNtCs6POc8he6zg_14darwin_metrics5errorNtB3_5Error17service_not_foundpEB5_
FN:148,_RINvMNtCs6POc8he6zg_14darwin_metrics5errorNtB3_5Error17temperature_errorppEB5_
FN:199,_RINvMNtCs6POc8he6zg_14darwin_metrics5errorNtB3_5Error9gpu_errorppEB5_
FN:213,_RNCINvMNtCs6POc8he6zg_14darwin_metrics5errorNtB5_5Error16invalid_argumentppE0B7_
FN:140,_RINvMNtCs6POc8he6zg_14darwin_metrics5errorNtB3_5Error11iokit_errorNtNtCseSilAhKSnT0_5alloc6string6StringEB5_
FN:140,_RINvMNtCs6POc8he6zg_14darwin_metrics5errorNtB3_5Error11iokit_errorReEB5_
FN:166,_RINvMNtCs6POc8he6zg_14darwin_metrics5errorNtB3_5Error12invalid_dataNtNtCseSilAhKSnT0_5alloc6string6StringB13_EB5_
FN:166,_RINvMNtCs6POc8he6zg_14darwin_metrics5errorNtB3_5Error12invalid_dataReB13_EB5_
FN:166,_RINvMNtCs6POc8he6zg_14darwin_metrics5errorNtB3_5Error12invalid_dataReNtNtCseSilAhKSnT0_5alloc6string6StringEB5_
FN:157,_RINvMNtCs6POc8he6zg_14darwin_metrics5errorNtB3_5Error13network_errorReB14_EB5_
FN:157,_RINvMNtCs6POc8he6zg_14darwin_metrics5errorNtB3_5Error13network_errorReNtNtCseSilAhKSnT0_5alloc6string6StringEB5_
FN:190,_RINvMNtCs6POc8he6zg_14darwin_metrics5errorNtB3_5Error13process_errormNtNtCseSilAhKSnT0_5alloc6string6StringEB5_
FN:236,_RINvMNtCs6POc8he6zg_14darwin_metrics5errorNtB3_5Error15not_implementedReEB5_
FN:185,_RINvMNtCs6POc8he6zg_14darwin_metrics5errorNtB3_5Error6systemNtNtCseSilAhKSnT0_5alloc6string6StringEB5_
FN:185,_RINvMNtCs6POc8he6zg_14darwin_metrics5errorNtB3_5Error6systemReEB5_
FN:132,_RINvMNtCs6POc8he6zg_14darwin_metrics5errorNtB3_5Error8io_errorReEB5_
FN:171,_RNCINvMNtCs6POc8he6zg_14darwin_metrics5errorNtB5_5Error12invalid_dataNtNtCseSilAhKSnT0_5alloc6string6StringB15_E0B7_
FN:171,_RNCINvMNtCs6POc8he6zg_14darwin_metrics5errorNtB5_5Error12invalid_dataReB15_E0B7_
FN:171,_RNCINvMNtCs6POc8he6zg_14darwin_metrics5errorNtB5_5Error12invalid_dataReNtNtCseSilAhKSnT0_5alloc6string6StringE0B7_
FN:195,_RNCINvMNtCs6POc8he6zg_14darwin_metrics5errorNtB5_5Error13process_errormNtNtCseSilAhKSnT0_5alloc6string6StringE0B7_
FN:231,_RNvMNtCs6POc8he6zg_14darwin_metrics5errorNtB2_5Error16is_not_available
FN:226,_RNvMNtCs6POc8he6zg_14darwin_metrics5errorNtB2_5Error20is_permission_denied
FN:280,_RNvXs0_NtCs6POc8he6zg_14darwin_metrics5errorNtB5_5ErrorNtNtCsjCjv0fyyi6U_4core5error5Error6source
FN:289,_RNvXs1_NtCs6POc8he6zg_14darwin_metrics5errorNtB5_5ErrorINtNtCsjCjv0fyyi6U_4core7convert4FromNtNtNtCsaIKGoEb0moQ_3std2io5error5ErrorE4from
FN:295,_RNvXs2_NtCs6POc8he6zg_14darwin_metrics5errorNtB5_5ErrorINtNtCsjCjv0fyyi6U_4core7convert4FromNtNtNtCseSilAhKSnT0_5alloc3ffi5c_str8NulErrorE4from
FN:301,_RNvXs3_NtCs6POc8he6zg_14darwin_metrics5errorNtB5_5ErrorINtNtCsjCjv0fyyi6U_4core7convert4FromNtNtNtNtCsarFNqfrhoHm_5tokio7runtime4task5error9JoinErrorE4from
FN:245,_RNvXs_NtCs6POc8he6zg_14darwin_metrics5errorNtB4_5ErrorNtNtCsjCjv0fyyi6U_4core3fmt7Display3fmt
FNDA:2,_RNvMNtCsfmodKU9gJLI_14darwin_metrics5errorNtB2_5Error16is_not_available
FNDA:2,_RNvMNtCsfmodKU9gJLI_14darwin_metrics5errorNtB2_5Error20is_permission_denied
FNDA:1,_RNvXs1_NtCsfmodKU9gJLI_14darwin_metrics5errorNtB5_5ErrorINtNtCsjCjv0fyyi6U_4core7convert4FromNtNtNtCsaIKGoEb0moQ_3std2io5error5ErrorE4from
FNDA:1,_RNvXs2_NtCsfmodKU9gJLI_14darwin_metrics5errorNtB5_5ErrorINtNtCsjCjv0fyyi6U_4core7convert4FromNtNtNtCseSilAhKSnT0_5alloc3ffi5c_str8NulErrorE4from
FNDA:6,_RNvXs_NtCsfmodKU9gJLI_14darwin_metrics5errorNtB4_5ErrorNtNtCsjCjv0fyyi6U_4core3fmt7Display3fmt
FNDA:1,_RNvNtNtCsfmodKU9gJLI_14darwin_metrics5error5testss_18test_error_display
FNDA:1,_RNvNtNtCsfmodKU9gJLI_14darwin_metrics5error5testss_21test_error_conversion
FNDA:1,_RNvNtNtCsfmodKU9gJLI_14darwin_metrics5error5testss_27test_error_creation_methods
FNDA:1,_RNvNtNtCsfmodKU9gJLI_14darwin_metrics5error5testss_27test_error_is_not_available
FNDA:1,_RNvNtNtCsfmodKU9gJLI_14darwin_metrics5error5testss_31test_error_is_permission_denied
FNDA:0,_RINvMNtCsfmodKU9gJLI_14darwin_metrics5errorNtB3_5Error11iokit_errorNtNtCseSilAhKSnT0_5alloc6string6StringEB5_
FNDA:0,_RINvMNtCsfmodKU9gJLI_14darwin_metrics5errorNtB3_5Error11iokit_errorReEB5_
FNDA:1,_RINvMNtCsfmodKU9gJLI_14darwin_metrics5errorNtB3_5Error12system_errorReB14_EB5_
FNDA:1,_RINvMNtCsfmodKU9gJLI_14darwin_metrics5errorNtB3_5Error13network_errorReB15_EB5_
FNDA:6,_RINvMNtCsfmodKU9gJLI_14darwin_metrics5errorNtB3_5Error13network_errorReNtNtCseSilAhKSnT0_5alloc6string6StringEB5_
FNDA:1,_RINvMNtCsfmodKU9gJLI_14darwin_metrics5errorNtB3_5Error13process_errormReEB5_
FNDA:1,_RINvMNtCsfmodKU9gJLI_14darwin_metrics5errorNtB3_5Error16invalid_argumentReB18_EB5_
FNDA:1,_RINvMNtCsfmodKU9gJLI_14darwin_metrics5errorNtB3_5Error17temperature_errorReB19_EB5_
FNDA:0,_RINvMNtCsfmodKU9gJLI_14darwin_metrics5errorNtB3_5Error6systemNtNtCseSilAhKSnT0_5alloc6string6StringEB5_
FNDA:1,_RINvMNtCsfmodKU9gJLI_14darwin_metrics5errorNtB3_5Error6systemReEB5_
FNDA:1,_RINvMNtCsfmodKU9gJLI_14darwin_metrics5errorNtB3_5Error9gpu_errorReB10_EB5_
FNDA:1,_RNCINvMNtCsfmodKU9gJLI_14darwin_metrics5errorNtB5_5Error13process_errormReE0B7_
FNDA:1,_RNCINvMNtCsfmodKU9gJLI_14darwin_metrics5errorNtB5_5Error16invalid_argumentReB1a_E0B7_
FNDA:0,_RINvMNtCsfmodKU9gJLI_14darwin_metrics5errorNtB3_5Error12invalid_datappEB5_
FNDA:0,_RINvMNtCsfmodKU9gJLI_14darwin_metrics5errorNtB3_5Error15not_implementedpEB5_
FNDA:0,_RINvMNtCsfmodKU9gJLI_14darwin_metrics5errorNtB3_5Error16mutex_lock_errorpEB5_
FNDA:0,_RINvMNtCsfmodKU9gJLI_14darwin_metrics5errorNtB3_5Error17service_not_foundpEB5_
FNDA:0,_RINvMNtCsfmodKU9gJLI_14darwin_metrics5errorNtB3_5Error8io_errorpEB5_
FNDA:0,_RNCINvMNtCsfmodKU9gJLI_14darwin_metrics5errorNtB5_5Error12invalid_datappE0B7_
FNDA:0,_RNvXs0_NtCsfmodKU9gJLI_14darwin_metrics5errorNtB5_5ErrorNtNtCsjCjv0fyyi6U_4core5error5Error6source
FNDA:0,_RNvXs3_NtCsfmodKU9gJLI_14darwin_metrics5errorNtB5_5ErrorINtNtCsjCjv0fyyi6U_4core7convert4FromNtNtNtNtCsarFNqfrhoHm_5tokio7runtime4task5error9JoinErrorE4from
FNDA:0,_RINvMNtCs6POc8he6zg_14darwin_metrics5errorNtB3_5Error12system_errorppEB5_
FNDA:0,_RINvMNtCs6POc8he6zg_14darwin_metrics5errorNtB3_5Error16invalid_argumentppEB5_
FNDA:0,_RINvMNtCs6POc8he6zg_14darwin_metrics5errorNtB3_5Error16mutex_lock_errorpEB5_
FNDA:0,_RINvMNtCs6POc8he6zg_14darwin_metrics5errorNtB3_5Error17service_not_foundpEB5_
FNDA:0,_RINvMNtCs6POc8he6zg_14darwin_metrics5errorNtB3_5Error17temperature_errorppEB5_
FNDA:0,_RINvMNtCs6POc8he6zg_14darwin_metrics5errorNtB3_5Error9gpu_errorppEB5_
FNDA:0,_RNCINvMNtCs6POc8he6zg_14darwin_metrics5errorNtB5_5Error16invalid_argumentppE0B7_
FNDA:0,_RINvMNtCs6POc8he6zg_14darwin_metrics5errorNtB3_5Error11iokit_errorNtNtCseSilAhKSnT0_5alloc6string6StringEB5_
FNDA:0,_RINvMNtCs6POc8he6zg_14darwin_metrics5errorNtB3_5Error11iokit_errorReEB5_
FNDA:0,_RINvMNtCs6POc8he6zg_14darwin_metrics5errorNtB3_5Error12invalid_dataNtNtCseSilAhKSnT0_5alloc6string6StringB13_EB5_
FNDA:0,_RINvMNtCs6POc8he6zg_14darwin_metrics5errorNtB3_5Error12invalid_dataReB13_EB5_
FNDA:0,_RINvMNtCs6POc8he6zg_14darwin_metrics5errorNtB3_5Error12invalid_dataReNtNtCseSilAhKSnT0_5alloc6string6StringEB5_
FNDA:0,_RINvMNtCs6POc8he6zg_14darwin_metrics5errorNtB3_5Error13network_errorReB14_EB5_
FNDA:0,_RINvMNtCs6POc8he6zg_14darwin_metrics5errorNtB3_5Error13network_errorReNtNtCseSilAhKSnT0_5alloc6string6StringEB5_
FNDA:0,_RINvMNtCs6POc8he6zg_14darwin_metrics5errorNtB3_5Error13process_errormNtNtCseSilAhKSnT0_5alloc6string6StringEB5_
FNDA:0,_RINvMNtCs6POc8he6zg_14darwin_metrics5errorNtB3_5Error15not_implementedReEB5_
FNDA:0,_RINvMNtCs6POc8he6zg_14darwin_metrics5errorNtB3_5Error6systemNtNtCseSilAhKSnT0_5alloc6string6StringEB5_
FNDA:0,_RINvMNtCs6POc8he6zg_14darwin_metrics5errorNtB3_5Error6systemReEB5_
FNDA:0,_RINvMNtCs6POc8he6zg_14darwin_metrics5errorNtB3_5Error8io_errorReEB5_
FNDA:0,_RNCINvMNtCs6POc8he6zg_14darwin_metrics5errorNtB5_5Error12invalid_dataNtNtCseSilAhKSnT0_5alloc6string6StringB15_E0B7_
FNDA:0,_RNCINvMNtCs6POc8he6zg_14darwin_metrics5errorNtB5_5Error12invalid_dataReB15_E0B7_
FNDA:0,_RNCINvMNtCs6POc8he6zg_14darwin_metrics5errorNtB5_5Error12invalid_dataReNtNtCseSilAhKSnT0_5alloc6string6StringE0B7_
FNDA:0,_RNCINvMNtCs6POc8he6zg_14darwin_metrics5errorNtB5_5Error13process_errormNtNtCseSilAhKSnT0_5alloc6string6StringE0B7_
FNDA:0,_RNvMNtCs6POc8he6zg_14darwin_metrics5errorNtB2_5Error16is_not_available
FNDA:0,_RNvMNtCs6POc8he6zg_14darwin_metrics5errorNtB2_5Error20is_permission_denied
FNDA:0,_RNvXs0_NtCs6POc8he6zg_14darwin_metrics5errorNtB5_5ErrorNtNtCsjCjv0fyyi6U_4core5error5Error6source
FNDA:0,_RNvXs1_NtCs6POc8he6zg_14darwin_metrics5errorNtB5_5ErrorINtNtCsjCjv0fyyi6U_4core7convert4FromNtNtNtCsaIKGoEb0moQ_3std2io5error5ErrorE4from
FNDA:0,_RNvXs2_NtCs6POc8he6zg_14darwin_metrics5errorNtB5_5ErrorINtNtCsjCjv0fyyi6U_4core7convert4FromNtNtNtCseSilAhKSnT0_5alloc3ffi5c_str8NulErrorE4from
FNDA:0,_RNvXs3_NtCs6POc8he6zg_14darwin_metrics5errorNtB5_5ErrorINtNtCsjCjv0fyyi6U_4core7convert4FromNtNtNtNtCsarFNqfrhoHm_5tokio7runtime4task5error9JoinErrorE4from
FNDA:0,_RNvXs_NtCs6POc8he6zg_14darwin_metrics5errorNtB4_5ErrorNtNtCsjCjv0fyyi6U_4core3fmt7Display3fmt
FNF:28
FNH:19
DA:132,0
DA:133,0
DA:134,0
DA:135,0
DA:136,0
DA:137,0
DA:140,0
DA:141,0
DA:142,0
DA:143,0
DA:144,0
DA:145,0
DA:148,1
DA:149,1
DA:150,1
DA:151,1
DA:152,1
DA:153,1
DA:154,1
DA:157,7
DA:158,7
DA:159,7
DA:160,7
DA:161,7
DA:162,7
DA:163,7
DA:166,0
DA:167,0
DA:168,0
DA:169,0
DA:170,0
DA:171,0
DA:172,0
DA:175,0
DA:176,0
DA:177,0
DA:180,0
DA:181,0
DA:182,0
DA:185,1
DA:186,1
DA:187,1
DA:190,1
DA:191,1
DA:192,1
DA:193,1
DA:194,1
DA:195,1
DA:196,1
DA:199,1
DA:200,1
DA:201,1
DA:202,1
DA:203,1
DA:204,1
DA:205,1
DA:208,1
DA:209,1
DA:210,1
DA:211,1
DA:212,1
DA:213,1
DA:214,1
DA:217,1
DA:218,1
DA:219,1
DA:220,1
DA:221,1
DA:222,1
DA:223,1
DA:226,2
DA:227,2
DA:228,2
DA:231,2
DA:232,2
DA:233,2
DA:236,0
DA:237,0
DA:238,0
DA:239,0
DA:240,0
DA:241,0
DA:245,6
DA:246,6
DA:247,0
DA:248,0
DA:249,1
DA:250,0
DA:251,0
DA:252,1
DA:253,3
DA:254,0
DA:255,1
DA:256,1
DA:257,1
DA:259,0
DA:262,0
DA:263,0
DA:264,0
DA:265,0
DA:266,0
DA:268,0
DA:269,0
DA:270,0
DA:271,0
DA:272,0
DA:273,0
DA:274,0
DA:276,6
DA:280,0
DA:281,0
DA:282,0
DA:283,0
DA:285,0
DA:289,1
DA:290,1
DA:291,1
DA:295,1
DA:296,1
DA:297,1
DA:301,0
DA:302,0
DA:303,0
DA:312,1
DA:313,1
DA:314,1
DA:316,1
DA:317,1
DA:319,1
DA:320,1
DA:322,1
DA:323,1
DA:325,1
DA:326,1
DA:328,1
DA:329,1
DA:330,1
DA:333,1
DA:334,1
DA:335,1
DA:337,1
DA:338,1
DA:339,1
DA:342,1
DA:343,1
DA:344,1
DA:346,1
DA:347,1
DA:348,1
DA:351,1
DA:352,1
DA:353,1
DA:355,1
DA:356,1
DA:358,1
DA:359,1
DA:360,1
DA:363,1
DA:364,1
DA:365,1
DA:366,1
DA:368,1
DA:369,1
DA:370,1
DA:371,1
BRF:0
BRH:0
LF:168
LH:110
end_of_record
SF:/Users/smeya/git/darwin-metrics/src/hardware/battery/mod.rs
FN:52,_RNCNvMNtNtCsfmodKU9gJLI_14darwin_metrics8hardware7batteryNtB4_7Battery10is_present0B8_
FN:78,_RNCNvMNtNtCsfmodKU9gJLI_14darwin_metrics8hardware7batteryNtB4_7Battery10percentage0B8_
FN:85,_RNCNvMNtNtCsfmodKU9gJLI_14darwin_metrics8hardware7batteryNtB4_7Battery11cycle_count0B8_
FN:109,_RNCNvMNtNtCsfmodKU9gJLI_14darwin_metrics8hardware7batteryNtB4_7Battery11is_charging0B8_
FN:91,_RNCNvMNtNtCsfmodKU9gJLI_14darwin_metrics8hardware7batteryNtB4_7Battery11temperature0B8_
FN:114,_RNCNvMNtNtCsfmodKU9gJLI_14darwin_metrics8hardware7batteryNtB4_7Battery14time_remaining0B8_
FN:103,_RNCNvMNtNtCsfmodKU9gJLI_14darwin_metrics8hardware7batteryNtB4_7Battery15design_capacity0B8_
FN:97,_RNCNvMNtNtCsfmodKU9gJLI_14darwin_metrics8hardware7batteryNtB4_7Battery16current_capacity0B8_
FN:51,_RNvMNtNtCsfmodKU9gJLI_14darwin_metrics8hardware7batteryNtB2_7Battery10is_present
FN:39,_RNvMNtNtCsfmodKU9gJLI_14darwin_metrics8hardware7batteryNtB2_7Battery10new_system
FN:78,_RNvMNtNtCsfmodKU9gJLI_14darwin_metrics8hardware7batteryNtB2_7Battery10percentage
FN:85,_RNvMNtNtCsfmodKU9gJLI_14darwin_metrics8hardware7batteryNtB2_7Battery11cycle_count
FN:109,_RNvMNtNtCsfmodKU9gJLI_14darwin_metrics8hardware7batteryNtB2_7Battery11is_charging
FN:91,_RNvMNtNtCsfmodKU9gJLI_14darwin_metrics8hardware7batteryNtB2_7Battery11temperature
FN:56,_RNvMNtNtCsfmodKU9gJLI_14darwin_metrics8hardware7batteryNtB2_7Battery13power_monitor
FN:61,_RNvMNtNtCsfmodKU9gJLI_14darwin_metrics8hardware7batteryNtB2_7Battery14health_monitor
FN:114,_RNvMNtNtCsfmodKU9gJLI_14darwin_metrics8hardware7batteryNtB2_7Battery14time_remaining
FN:103,_RNvMNtNtCsfmodKU9gJLI_14darwin_metrics8hardware7batteryNtB2_7Battery15design_capacity
FN:66,_RNvMNtNtCsfmodKU9gJLI_14darwin_metrics8hardware7batteryNtB2_7Battery16capacity_monitor
FN:97,_RNvMNtNtCsfmodKU9gJLI_14darwin_metrics8hardware7batteryNtB2_7Battery16current_capacity
FN:71,_RNvMNtNtCsfmodKU9gJLI_14darwin_metrics8hardware7batteryNtB2_7Battery19temperature_monitor
FN:24,_RNCNvNtNtCsfmodKU9gJLI_14darwin_metrics8hardware7battery25ensure_classes_registered0B7_
FN:45,_RNvMNtNtCsfmodKU9gJLI_14darwin_metrics8hardware7batteryNtB2_7Battery3new
FN:23,_RNvNtNtCsfmodKU9gJLI_14darwin_metrics8hardware7battery25ensure_classes_registered
FN:78,_RNCNvMNtNtCs6POc8he6zg_14darwin_metrics8hardware7batteryNtB4_7Battery10percentage0B8_
FN:85,_RNCNvMNtNtCs6POc8he6zg_14darwin_metrics8hardware7batteryNtB4_7Battery11cycle_count0B8_
FN:109,_RNCNvMNtNtCs6POc8he6zg_14darwin_metrics8hardware7batteryNtB4_7Battery11is_charging0B8_
FN:91,_RNCNvMNtNtCs6POc8he6zg_14darwin_metrics8hardware7batteryNtB4_7Battery11temperature0B8_
FN:114,_RNCNvMNtNtCs6POc8he6zg_14darwin_metrics8hardware7batteryNtB4_7Battery14time_remaining0B8_
FN:103,_RNCNvMNtNtCs6POc8he6zg_14darwin_metrics8hardware7batteryNtB4_7Battery15design_capacity0B8_
FN:97,_RNCNvMNtNtCs6POc8he6zg_14darwin_metrics8hardware7batteryNtB4_7Battery16current_capacity0B8_
FN:52,_RNCNvMNtNtCs6POc8he6zg_14darwin_metrics8hardware7batteryNtB4_7Battery10is_present0B8_
FN:24,_RNCNvNtNtCs6POc8he6zg_14darwin_metrics8hardware7battery25ensure_classes_registered0B7_
FN:51,_RNvMNtNtCs6POc8he6zg_14darwin_metrics8hardware7batteryNtB2_7Battery10is_present
FN:39,_RNvMNtNtCs6POc8he6zg_14darwin_metrics8hardware7batteryNtB2_7Battery10new_system
FN:78,_RNvMNtNtCs6POc8he6zg_14darwin_metrics8hardware7batteryNtB2_7Battery10percentage
FN:85,_RNvMNtNtCs6POc8he6zg_14darwin_metrics8hardware7batteryNtB2_7Battery11cycle_count
FN:109,_RNvMNtNtCs6POc8he6zg_14darwin_metrics8hardware7batteryNtB2_7Battery11is_charging
FN:91,_RNvMNtNtCs6POc8he6zg_14darwin_metrics8hardware7batteryNtB2_7Battery11temperature
FN:56,_RNvMNtNtCs6POc8he6zg_14darwin_metrics8hardware7batteryNtB2_7Battery13power_monitor
FN:61,_RNvMNtNtCs6POc8he6zg_14darwin_metrics8hardware7batteryNtB2_7Battery14health_monitor
FN:114,_RNvMNtNtCs6POc8he6zg_14darwin_metrics8hardware7batteryNtB2_7Battery14time_remaining
FN:103,_RNvMNtNtCs6POc8he6zg_14darwin_metrics8hardware7batteryNtB2_7Battery15design_capacity
FN:66,_RNvMNtNtCs6POc8he6zg_14darwin_metrics8hardware7batteryNtB2_7Battery16capacity_monitor
FN:97,_RNvMNtNtCs6POc8he6zg_14darwin_metrics8hardware7batteryNtB2_7Battery16current_capacity
FN:71,_RNvMNtNtCs6POc8he6zg_14darwin_metrics8hardware7batteryNtB2_7Battery19temperature_monitor
FN:45,_RNvMNtNtCs6POc8he6zg_14darwin_metrics8hardware7batteryNtB2_7Battery3new
FN:23,_RNvNtNtCs6POc8he6zg_14darwin_metrics8hardware7battery25ensure_classes_registered
FNDA:0,_RNCNvMNtNtCsfmodKU9gJLI_14darwin_metrics8hardware7batteryNtB4_7Battery10is_present0B8_
FNDA:0,_RNCNvMNtNtCsfmodKU9gJLI_14darwin_metrics8hardware7batteryNtB4_7Battery10percentage0B8_
FNDA:0,_RNCNvMNtNtCsfmodKU9gJLI_14darwin_metrics8hardware7batteryNtB4_7Battery11cycle_count0B8_
FNDA:0,_RNCNvMNtNtCsfmodKU9gJLI_14darwin_metrics8hardware7batteryNtB4_7Battery11is_charging0B8_
FNDA:0,_RNCNvMNtNtCsfmodKU9gJLI_14darwin_metrics8hardware7batteryNtB4_7Battery11temperature0B8_
FNDA:0,_RNCNvMNtNtCsfmodKU9gJLI_14darwin_metrics8hardware7batteryNtB4_7Battery14time_remaining0B8_
FNDA:0,_RNCNvMNtNtCsfmodKU9gJLI_14darwin_metrics8hardware7batteryNtB4_7Battery15design_capacity0B8_
FNDA:0,_RNCNvMNtNtCsfmodKU9gJLI_14darwin_metrics8hardware7batteryNtB4_7Battery16current_capacity0B8_
FNDA:0,_RNvMNtNtCsfmodKU9gJLI_14darwin_metrics8hardware7batteryNtB2_7Battery10is_present
FNDA:0,_RNvMNtNtCsfmodKU9gJLI_14darwin_metrics8hardware7batteryNtB2_7Battery10new_system
FNDA:0,_RNvMNtNtCsfmodKU9gJLI_14darwin_metrics8hardware7batteryNtB2_7Battery10percentage
FNDA:0,_RNvMNtNtCsfmodKU9gJLI_14darwin_metrics8hardware7batteryNtB2_7Battery11cycle_count
FNDA:0,_RNvMNtNtCsfmodKU9gJLI_14darwin_metrics8hardware7batteryNtB2_7Battery11is_charging
FNDA:0,_RNvMNtNtCsfmodKU9gJLI_14darwin_metrics8hardware7batteryNtB2_7Battery11temperature
FNDA:0,_RNvMNtNtCsfmodKU9gJLI_14darwin_metrics8hardware7batteryNtB2_7Battery13power_monitor
FNDA:0,_RNvMNtNtCsfmodKU9gJLI_14darwin_metrics8hardware7batteryNtB2_7Battery14health_monitor
FNDA:0,_RNvMNtNtCsfmodKU9gJLI_14darwin_metrics8hardware7batteryNtB2_7Battery14time_remaining
FNDA:0,_RNvMNtNtCsfmodKU9gJLI_14darwin_metrics8hardware7batteryNtB2_7Battery15design_capacity
FNDA:0,_RNvMNtNtCsfmodKU9gJLI_14darwin_metrics8hardware7batteryNtB2_7Battery16capacity_monitor
FNDA:0,_RNvMNtNtCsfmodKU9gJLI_14darwin_metrics8hardware7batteryNtB2_7Battery16current_capacity
FNDA:0,_RNvMNtNtCsfmodKU9gJLI_14darwin_metrics8hardware7batteryNtB2_7Battery19temperature_monitor
FNDA:1,_RNCNvNtNtCsfmodKU9gJLI_14darwin_metrics8hardware7battery25ensure_classes_registered0B7_
FNDA:1,_RNvMNtNtCsfmodKU9gJLI_14darwin_metrics8hardware7batteryNtB2_7Battery3new
FNDA:1,_RNvNtNtCsfmodKU9gJLI_14darwin_metrics8hardware7battery25ensure_classes_registered
FNDA:0,_RNCNvMNtNtCs6POc8he6zg_14darwin_metrics8hardware7batteryNtB4_7Battery10percentage0B8_
FNDA:0,_RNCNvMNtNtCs6POc8he6zg_14darwin_metrics8hardware7batteryNtB4_7Battery11cycle_count0B8_
FNDA:0,_RNCNvMNtNtCs6POc8he6zg_14darwin_metrics8hardware7batteryNtB4_7Battery11is_charging0B8_
FNDA:0,_RNCNvMNtNtCs6POc8he6zg_14darwin_metrics8hardware7batteryNtB4_7Battery11temperature0B8_
FNDA:0,_RNCNvMNtNtCs6POc8he6zg_14darwin_metrics8hardware7batteryNtB4_7Battery14time_remaining0B8_
FNDA:0,_RNCNvMNtNtCs6POc8he6zg_14darwin_metrics8hardware7batteryNtB4_7Battery15design_capacity0B8_
FNDA:0,_RNCNvMNtNtCs6POc8he6zg_14darwin_metrics8hardware7batteryNtB4_7Battery16current_capacity0B8_
FNDA:0,_RNCNvMNtNtCs6POc8he6zg_14darwin_metrics8hardware7batteryNtB4_7Battery10is_present0B8_
FNDA:0,_RNCNvNtNtCs6POc8he6zg_14darwin_metrics8hardware7battery25ensure_classes_registered0B7_
FNDA:0,_RNvMNtNtCs6POc8he6zg_14darwin_metrics8hardware7batteryNtB2_7Battery10is_present
FNDA:0,_RNvMNtNtCs6POc8he6zg_14darwin_metrics8hardware7batteryNtB2_7Battery10new_system
FNDA:0,_RNvMNtNtCs6POc8he6zg_14darwin_metrics8hardware7batteryNtB2_7Battery10percentage
FNDA:0,_RNvMNtNtCs6POc8he6zg_14darwin_metrics8hardware7batteryNtB2_7Battery11cycle_count
FNDA:0,_RNvMNtNtCs6POc8he6zg_14darwin_metrics8hardware7batteryNtB2_7Battery11is_charging
FNDA:0,_RNvMNtNtCs6POc8he6zg_14darwin_metrics8hardware7batteryNtB2_7Battery11temperature
FNDA:0,_RNvMNtNtCs6POc8he6zg_14darwin_metrics8hardware7batteryNtB2_7Battery13power_monitor
FNDA:0,_RNvMNtNtCs6POc8he6zg_14darwin_metrics8hardware7batteryNtB2_7Battery14health_monitor
FNDA:0,_RNvMNtNtCs6POc8he6zg_14darwin_metrics8hardware7batteryNtB2_7Battery14time_remaining
FNDA:0,_RNvMNtNtCs6POc8he6zg_14darwin_metrics8hardware7batteryNtB2_7Battery15design_capacity
FNDA:0,_RNvMNtNtCs6POc8he6zg_14darwin_metrics8hardware7batteryNtB2_7Battery16capacity_monitor
FNDA:0,_RNvMNtNtCs6POc8he6zg_14darwin_metrics8hardware7batteryNtB2_7Battery16current_capacity
FNDA:0,_RNvMNtNtCs6POc8he6zg_14darwin_metrics8hardware7batteryNtB2_7Battery19temperature_monitor
FNDA:0,_RNvMNtNtCs6POc8he6zg_14darwin_metrics8hardware7batteryNtB2_7Battery3new
FNDA:0,_RNvNtNtCs6POc8he6zg_14darwin_metrics8hardware7battery25ensure_classes_registered
FNF:24
FNH:3
DA:23,1
DA:24,1
DA:25,1
DA:26,1
DA:27,1
DA:28,1
DA:29,1
DA:30,1
DA:39,0
DA:40,0
DA:41,0
DA:42,0
DA:45,1
DA:46,1
DA:47,1
DA:48,1
DA:51,0
DA:52,0
DA:53,0
DA:56,0
DA:57,0
DA:58,0
DA:61,0
DA:62,0
DA:63,0
DA:66,0
DA:67,0
DA:68,0
DA:71,0
DA:72,0
DA:73,0
DA:78,0
DA:79,0
DA:80,0
DA:81,0
DA:82,0
DA:85,0
DA:86,0
DA:87,0
DA:88,0
DA:91,0
DA:92,0
DA:93,0
DA:94,0
DA:97,0
DA:98,0
DA:99,0
DA:100,0
DA:103,0
DA:104,0
DA:105,0
DA:106,0
DA:109,0
DA:110,0
DA:111,0
DA:114,0
DA:115,0
DA:116,0
DA:118,0
DA:119,0
DA:121,0
DA:123,0
BRF:0
BRH:0
LF:72
LH:14
end_of_record
SF:/Users/smeya/git/darwin-metrics/src/hardware/battery/monitors/capacity.rs
FN:82,_RNCNvXs0_NtNtNtNtCsfmodKU9gJLI_14darwin_metrics8hardware7battery8monitors8capacityNtB7_22BatteryCapacityMonitorNtNtNtNtBf_4core7metrics8hardware17PowerStateMonitor11is_charging0Bf_
FN:63,_RNCNvXs0_NtNtNtNtCsfmodKU9gJLI_14darwin_metrics8hardware7battery8monitors8capacityNtB7_22BatteryCapacityMonitorNtNtNtNtBf_4core7metrics8hardware17PowerStateMonitor11power_state0Bf_
FN:78,_RNCNvXs0_NtNtNtNtCsfmodKU9gJLI_14darwin_metrics8hardware7battery8monitors8capacityNtB7_22BatteryCapacityMonitorNtNtNtNtBf_4core7metrics8hardware17PowerStateMonitor13is_on_battery0Bf_
FN:73,_RNCNvXs0_NtNtNtNtCsfmodKU9gJLI_14darwin_metrics8hardware7battery8monitors8capacityNtB7_22BatteryCapacityMonitorNtNtNtNtBf_4core7metrics8hardware17PowerStateMonitor14time_remaining0Bf_
FN:67,_RNCNvXs0_NtNtNtNtCsfmodKU9gJLI_14darwin_metrics8hardware7battery8monitors8capacityNtB7_22BatteryCapacityMonitorNtNtNtNtBf_4core7metrics8hardware17PowerStateMonitor18battery_percentage0Bf_
FN:39,_RNCNvXs_NtNtNtNtCsfmodKU9gJLI_14darwin_metrics8hardware7battery8monitors8capacityNtB6_22BatteryCapacityMonitorNtNtNtNtBe_4core7metrics8hardware27BatteryCapacityMonitorTrait10get_metric0Be_
FN:56,_RNCNvXs_NtNtNtNtCsfmodKU9gJLI_14darwin_metrics8hardware7battery8monitors8capacityNtB6_22BatteryCapacityMonitorNtNtNtNtBe_4core7metrics8hardware27BatteryCapacityMonitorTrait11cycle_count0Be_
FN:31,_RNCNvXs_NtNtNtNtCsfmodKU9gJLI_14darwin_metrics8hardware7battery8monitors8capacityNtB6_22BatteryCapacityMonitorNtNtNtNtBe_4core7metrics8hardware27BatteryCapacityMonitorTrait13hardware_type0Be_
FN:52,_RNCNvXs_NtNtNtNtCsfmodKU9gJLI_14darwin_metrics8hardware7battery8monitors8capacityNtB6_22BatteryCapacityMonitorNtNtNtNtBe_4core7metrics8hardware27BatteryCapacityMonitorTrait15design_capacity0Be_
FN:44,_RNCNvXs_NtNtNtNtCsfmodKU9gJLI_14darwin_metrics8hardware7battery8monitors8capacityNtB6_22BatteryCapacityMonitorNtNtNtNtBe_4core7metrics8hardware27BatteryCapacityMonitorTrait16current_capacity0Be_
FN:48,_RNCNvXs_NtNtNtNtCsfmodKU9gJLI_14darwin_metrics8hardware7battery8monitors8capacityNtB6_22BatteryCapacityMonitorNtNtNtNtBe_4core7metrics8hardware27BatteryCapacityMonitorTrait16maximum_capacity0Be_
FN:27,_RNCNvXs_NtNtNtNtCsfmodKU9gJLI_14darwin_metrics8hardware7battery8monitors8capacityNtB6_22BatteryCapacityMonitorNtNtNtNtBe_4core7metrics8hardware27BatteryCapacityMonitorTrait4name0Be_
FN:35,_RNCNvXs_NtNtNtNtCsfmodKU9gJLI_14darwin_metrics8hardware7battery8monitors8capacityNtB6_22BatteryCapacityMonitorNtNtNtNtBe_4core7metrics8hardware27BatteryCapacityMonitorTrait9device_id0Be_
FN:18,_RNvMNtNtNtNtCsfmodKU9gJLI_14darwin_metrics8hardware7battery8monitors8capacityNtB2_22BatteryCapacityMonitor3new
FN:84,_RNvXs0_NtNtNtNtCsfmodKU9gJLI_14darwin_metrics8hardware7battery8monitors8capacityNtB5_22BatteryCapacityMonitorNtNtNtNtBd_4core7metrics8hardware17PowerStateMonitor11is_charging
FN:65,_RNvXs0_NtNtNtNtCsfmodKU9gJLI_14darwin_metrics8hardware7battery8monitors8capacityNtB5_22BatteryCapacityMonitorNtNtNtNtBd_4core7metrics8hardware17PowerStateMonitor11power_state
FN:80,_RNvXs0_NtNtNtNtCsfmodKU9gJLI_14darwin_metrics8hardware7battery8monitors8capacityNtB5_22BatteryCapacityMonitorNtNtNtNtBd_4core7metrics8hardware17PowerStateMonitor13is_on_battery
FN:76,_RNvXs0_NtNtNtNtCsfmodKU9gJLI_14darwin_metrics8hardware7battery8monitors8capacityNtB5_22BatteryCapacityMonitorNtNtNtNtBd_4core7metrics8hardware17PowerStateMonitor14time_remaining
FN:71,_RNvXs0_NtNtNtNtCsfmodKU9gJLI_14darwin_metrics8hardware7battery8monitors8capacityNtB5_22BatteryCapacityMonitorNtNtNtNtBd_4core7metrics8hardware17PowerStateMonitor18battery_percentage
FN:42,_RNvXs_NtNtNtNtCsfmodKU9gJLI_14darwin_metrics8hardware7battery8monitors8capacityNtB4_22BatteryCapacityMonitorNtNtNtNtBc_4core7metrics8hardware27BatteryCapacityMonitorTrait10get_metric
FN:58,_RNvXs_NtNtNtNtCsfmodKU9gJLI_14darwin_metrics8hardware7battery8monitors8capacityNtB4_22BatteryCapacityMonitorNtNtNtNtBc_4core7metrics8hardware27BatteryCapacityMonitorTrait11cycle_count
FN:33,_RNvXs_NtNtNtNtCsfmodKU9gJLI_14darwin_metrics8hardware7battery8monitors8capacityNtB4_22BatteryCapacityMonitorNtNtNtNtBc_4core7metrics8hardware27BatteryCapacityMonitorTrait13hardware_type
FN:54,_RNvXs_NtNtNtNtCsfmodKU9gJLI_14darwin_metrics8hardware7battery8monitors8capacityNtB4_22BatteryCapacityMonitorNtNtNtNtBc_4core7metrics8hardware27BatteryCapacityMonitorTrait15design_capacity
FN:46,_RNvXs_NtNtNtNtCsfmodKU9gJLI_14darwin_metrics8hardware7battery8monitors8capacityNtB4_22BatteryCapacityMonitorNtNtNtNtBc_4core7metrics8hardware27BatteryCapacityMonitorTrait16current_capacity
FN:50,_RNvXs_NtNtNtNtCsfmodKU9gJLI_14darwin_metrics8hardware7battery8monitors8capacityNtB4_22BatteryCapacityMonitorNtNtNtNtBc_4core7metrics8hardware27BatteryCapacityMonitorTrait16maximum_capacity
FN:29,_RNvXs_NtNtNtNtCsfmodKU9gJLI_14darwin_metrics8hardware7battery8monitors8capacityNtB4_22BatteryCapacityMonitorNtNtNtNtBc_4core7metrics8hardware27BatteryCapacityMonitorTrait4name
FN:37,_RNvXs_NtNtNtNtCsfmodKU9gJLI_14darwin_metrics8hardware7battery8monitors8capacityNtB4_22BatteryCapacityMonitorNtNtNtNtBc_4core7metrics8hardware27BatteryCapacityMonitorTrait9device_id
FN:82,_RNCNvXs0_NtNtNtNtCs6POc8he6zg_14darwin_metrics8hardware7battery8monitors8capacityNtB7_22BatteryCapacityMonitorNtNtNtNtBf_4core7metrics8hardware17PowerStateMonitor11is_charging0Bf_
FN:63,_RNCNvXs0_NtNtNtNtCs6POc8he6zg_14darwin_metrics8hardware7battery8monitors8capacityNtB7_22BatteryCapacityMonitorNtNtNtNtBf_4core7metrics8hardware17PowerStateMonitor11power_state0Bf_
FN:78,_RNCNvXs0_NtNtNtNtCs6POc8he6zg_14darwin_metrics8hardware7battery8monitors8capacityNtB7_22BatteryCapacityMonitorNtNtNtNtBf_4core7metrics8hardware17PowerStateMonitor13is_on_battery0Bf_
FN:73,_RNCNvXs0_NtNtNtNtCs6POc8he6zg_14darwin_metrics8hardware7battery8monitors8capacityNtB7_22BatteryCapacityMonitorNtNtNtNtBf_4core7metrics8hardware17PowerStateMonitor14time_remaining0Bf_
FN:67,_RNCNvXs0_NtNtNtNtCs6POc8he6zg_14darwin_metrics8hardware7battery8monitors8capacityNtB7_22BatteryCapacityMonitorNtNtNtNtBf_4core7metrics8hardware17PowerStateMonitor18battery_percentage0Bf_
FN:39,_RNCNvXs_NtNtNtNtCs6POc8he6zg_14darwin_metrics8hardware7battery8monitors8capacityNtB6_22BatteryCapacityMonitorNtNtNtNtBe_4core7metrics8hardware27BatteryCapacityMonitorTrait10get_metric0Be_
FN:56,_RNCNvXs_NtNtNtNtCs6POc8he6zg_14darwin_metrics8hardware7battery8monitors8capacityNtB6_22BatteryCapacityMonitorNtNtNtNtBe_4core7metrics8hardware27BatteryCapacityMonitorTrait11cycle_count0Be_
FN:31,_RNCNvXs_NtNtNtNtCs6POc8he6zg_14darwin_metrics8hardware7battery8monitors8capacityNtB6_22BatteryCapacityMonitorNtNtNtNtBe_4core7metrics8hardware27BatteryCapacityMonitorTrait13hardware_type0Be_
FN:52,_RNCNvXs_NtNtNtNtCs6POc8he6zg_14darwin_metrics8hardware7battery8monitors8capacityNtB6_22BatteryCapacityMonitorNtNtNtNtBe_4core7metrics8hardware27BatteryCapacityMonitorTrait15design_capacity0Be_
FN:44,_RNCNvXs_NtNtNtNtCs6POc8he6zg_14darwin_metrics8hardware7battery8monitors8capacityNtB6_22BatteryCapacityMonitorNtNtNtNtBe_4core7metrics8hardware27BatteryCapacityMonitorTrait16current_capacity0Be_
FN:48,_RNCNvXs_NtNtNtNtCs6POc8he6zg_14darwin_metrics8hardware7battery8monitors8capacityNtB6_22BatteryCapacityMonitorNtNtNtNtBe_4core7metrics8hardware27BatteryCapacityMonitorTrait16maximum_capacity0Be_
FN:27,_RNCNvXs_NtNtNtNtCs6POc8he6zg_14darwin_metrics8hardware7battery8monitors8capacityNtB6_22BatteryCapacityMonitorNtNtNtNtBe_4core7metrics8hardware27BatteryCapacityMonitorTrait4name0Be_
FN:35,_RNCNvXs_NtNtNtNtCs6POc8he6zg_14darwin_metrics8hardware7battery8monitors8capacityNtB6_22BatteryCapacityMonitorNtNtNtNtBe_4core7metrics8hardware27BatteryCapacityMonitorTrait9device_id0Be_
FN:18,_RNvMNtNtNtNtCs6POc8he6zg_14darwin_metrics8hardware7battery8monitors8capacityNtB2_22BatteryCapacityMonitor3new
FN:84,_RNvXs0_NtNtNtNtCs6POc8he6zg_14darwin_metrics8hardware7battery8monitors8capacityNtB5_22BatteryCapacityMonitorNtNtNtNtBd_4core7metrics8hardware17PowerStateMonitor11is_charging
FN:65,_RNvXs0_NtNtNtNtCs6POc8he6zg_14darwin_metrics8hardware7battery8monitors8capacityNtB5_22BatteryCapacityMonitorNtNtNtNtBd_4core7metrics8hardware17PowerStateMonitor11power_state
FN:80,_RNvXs0_NtNtNtNtCs6POc8he6zg_14darwin_metrics8hardware7battery8monitors8capacityNtB5_22BatteryCapacityMonitorNtNtNtNtBd_4core7metrics8hardware17PowerStateMonitor13is_on_battery
FN:76,_RNvXs0_NtNtNtNtCs6POc8he6zg_14darwin_metrics8hardware7battery8monitors8capacityNtB5_22BatteryCapacityMonitorNtNtNtNtBd_4core7metrics8hardware17PowerStateMonitor14time_remaining
FN:71,_RNvXs0_NtNtNtNtCs6POc8he6zg_14darwin_metrics8hardware7battery8monitors8capacityNtB5_22BatteryCapacityMonitorNtNtNtNtBd_4core7metrics8hardware17PowerStateMonitor18battery_percentage
FN:42,_RNvXs_NtNtNtNtCs6POc8he6zg_14darwin_metrics8hardware7battery8monitors8capacityNtB4_22BatteryCapacityMonitorNtNtNtNtBc_4core7metrics8hardware27BatteryCapacityMonitorTrait10get_metric
FN:58,_RNvXs_NtNtNtNtCs6POc8he6zg_14darwin_metrics8hardware7battery8monitors8capacityNtB4_22BatteryCapacityMonitorNtNtNtNtBc_4core7metrics8hardware27BatteryCapacityMonitorTrait11cycle_count
FN:33,_RNvXs_NtNtNtNtCs6POc8he6zg_14darwin_metrics8hardware7battery8monitors8capacityNtB4_22BatteryCapacityMonitorNtNtNtNtBc_4core7metrics8hardware27BatteryCapacityMonitorTrait13hardware_type
FN:54,_RNvXs_NtNtNtNtCs6POc8he6zg_14darwin_metrics8hardware7battery8monitors8capacityNtB4_22BatteryCapacityMonitorNtNtNtNtBc_4core7metrics8hardware27BatteryCapacityMonitorTrait15design_capacity
FN:46,_RNvXs_NtNtNtNtCs6POc8he6zg_14darwin_metrics8hardware7battery8monitors8capacityNtB4_22BatteryCapacityMonitorNtNtNtNtBc_4core7metrics8hardware27BatteryCapacityMonitorTrait16current_capacity
FN:50,_RNvXs_NtNtNtNtCs6POc8he6zg_14darwin_metrics8hardware7battery8monitors8capacityNtB4_22BatteryCapacityMonitorNtNtNtNtBc_4core7metrics8hardware27BatteryCapacityMonitorTrait16maximum_capacity
FN:29,_RNvXs_NtNtNtNtCs6POc8he6zg_14darwin_metrics8hardware7battery8monitors8capacityNtB4_22BatteryCapacityMonitorNtNtNtNtBc_4core7metrics8hardware27BatteryCapacityMonitorTrait4name
FN:37,_RNvXs_NtNtNtNtCs6POc8he6zg_14darwin_metrics8hardware7battery8monitors8capacityNtB4_22BatteryCapacityMonitorNtNtNtNtBc_4core7metrics8hardware27BatteryCapacityMonitorTrait9device_id
FNDA:0,_RNCNvXs0_NtNtNtNtCsfmodKU9gJLI_14darwin_metrics8hardware7battery8monitors8capacityNtB7_22BatteryCapacityMonitorNtNtNtNtBf_4core7metrics8hardware17PowerStateMonitor11is_charging0Bf_
FNDA:0,_RNCNvXs0_NtNtNtNtCsfmodKU9gJLI_14darwin_metrics8hardware7battery8monitors8capacityNtB7_22BatteryCapacityMonitorNtNtNtNtBf_4core7metrics8hardware17PowerStateMonitor11power_state0Bf_
FNDA:0,_RNCNvXs0_NtNtNtNtCsfmodKU9gJLI_14darwin_metrics8hardware7battery8monitors8capacityNtB7_22BatteryCapacityMonitorNtNtNtNtBf_4core7metrics8hardware17PowerStateMonitor13is_on_battery0Bf_
FNDA:0,_RNCNvXs0_NtNtNtNtCsfmodKU9gJLI_14darwin_metrics8hardware7battery8monitors8capacityNtB7_22BatteryCapacityMonitorNtNtNtNtBf_4core7metrics8hardware17PowerStateMonitor14time_remaining0Bf_
FNDA:0,_RNCNvXs0_NtNtNtNtCsfmodKU9gJLI_14darwin_metrics8hardware7battery8monitors8capacityNtB7_22BatteryCapacityMonitorNtNtNtNtBf_4core7metrics8hardware17PowerStateMonitor18battery_percentage0Bf_
FNDA:0,_RNCNvXs_NtNtNtNtCsfmodKU9gJLI_14darwin_metrics8hardware7battery8monitors8capacityNtB6_22BatteryCapacityMonitorNtNtNtNtBe_4core7metrics8hardware27BatteryCapacityMonitorTrait10get_metric0Be_
FNDA:0,_RNCNvXs_NtNtNtNtCsfmodKU9gJLI_14darwin_metrics8hardware7battery8monitors8capacityNtB6_22BatteryCapacityMonitorNtNtNtNtBe_4core7metrics8hardware27BatteryCapacityMonitorTrait11cycle_count0Be_
FNDA:0,_RNCNvXs_NtNtNtNtCsfmodKU9gJLI_14darwin_metrics8hardware7battery8monitors8capacityNtB6_22BatteryCapacityMonitorNtNtNtNtBe_4core7metrics8hardware27BatteryCapacityMonitorTrait13hardware_type0Be_
FNDA:0,_RNCNvXs_NtNtNtNtCsfmodKU9gJLI_14darwin_metrics8hardware7battery8monitors8capacityNtB6_22BatteryCapacityMonitorNtNtNtNtBe_4core7metrics8hardware27BatteryCapacityMonitorTrait15design_capacity0Be_
FNDA:0,_RNCNvXs_NtNtNtNtCsfmodKU9gJLI_14darwin_metrics8hardware7battery8monitors8capacityNtB6_22BatteryCapacityMonitorNtNtNtNtBe_4core7metrics8hardware27BatteryCapacityMonitorTrait16current_capacity0Be_
FNDA:0,_RNCNvXs_NtNtNtNtCsfmodKU9gJLI_14darwin_metrics8hardware7battery8monitors8capacityNtB6_22BatteryCapacityMonitorNtNtNtNtBe_4core7metrics8hardware27BatteryCapacityMonitorTrait16maximum_capacity0Be_
FNDA:0,_RNCNvXs_NtNtNtNtCsfmodKU9gJLI_14darwin_metrics8hardware7battery8monitors8capacityNtB6_22BatteryCapacityMonitorNtNtNtNtBe_4core7metrics8hardware27BatteryCapacityMonitorTrait4name0Be_
FNDA:0,_RNCNvXs_NtNtNtNtCsfmodKU9gJLI_14darwin_metrics8hardware7battery8monitors8capacityNtB6_22BatteryCapacityMonitorNtNtNtNtBe_4core7metrics8hardware27BatteryCapacityMonitorTrait9device_id0Be_
FNDA:0,_RNvMNtNtNtNtCsfmodKU9gJLI_14darwin_metrics8hardware7battery8monitors8capacityNtB2_22BatteryCapacityMonitor3new
FNDA:0,_RNvXs0_NtNtNtNtCsfmodKU9gJLI_14darwin_metrics8hardware7battery8monitors8capacityNtB5_22BatteryCapacityMonitorNtNtNtNtBd_4core7metrics8hardware17PowerStateMonitor11is_charging
FNDA:0,_RNvXs0_NtNtNtNtCsfmodKU9gJLI_14darwin_metrics8hardware7battery8monitors8capacityNtB5_22BatteryCapacityMonitorNtNtNtNtBd_4core7metrics8hardware17PowerStateMonitor11power_state
FNDA:0,_RNvXs0_NtNtNtNtCsfmodKU9gJLI_14darwin_metrics8hardware7battery8monitors8capacityNtB5_22BatteryCapacityMonitorNtNtNtNtBd_4core7metrics8hardware17PowerStateMonitor13is_on_battery
FNDA:0,_RNvXs0_NtNtNtNtCsfmodKU9gJLI_14darwin_metrics8hardware7battery8monitors8capacityNtB5_22BatteryCapacityMonitorNtNtNtNtBd_4core7metrics8hardware17PowerStateMonitor14time_remaining
FNDA:0,_RNvXs0_NtNtNtNtCsfmodKU9gJLI_14darwin_metrics8hardware7battery8monitors8capacityNtB5_22BatteryCapacityMonitorNtNtNtNtBd_4core7metrics8hardware17PowerStateMonitor18battery_percentage
FNDA:0,_RNvXs_NtNtNtNtCsfmodKU9gJLI_14darwin_metrics8hardware7battery8monitors8capacityNtB4_22BatteryCapacityMonitorNtNtNtNtBc_4core7metrics8hardware27BatteryCapacityMonitorTrait10get_metric
FNDA:0,_RNvXs_NtNtNtNtCsfmodKU9gJLI_14darwin_metrics8hardware7battery8monitors8capacityNtB4_22BatteryCapacityMonitorNtNtNtNtBc_4core7metrics8hardware27BatteryCapacityMonitorTrait11cycle_count
FNDA:0,_RNvXs_NtNtNtNtCsfmodKU9gJLI_14darwin_metrics8hardware7battery8monitors8capacityNtB4_22BatteryCapacityMonitorNtNtNtNtBc_4core7metrics8hardware27BatteryCapacityMonitorTrait13hardware_type
FNDA:0,_RNvXs_NtNtNtNtCsfmodKU9gJLI_14darwin_metrics8hardware7battery8monitors8capacityNtB4_22BatteryCapacityMonitorNtNtNtNtBc_4core7metrics8hardware27BatteryCapacityMonitorTrait15design_capacity
FNDA:0,_RNvXs_NtNtNtNtCsfmodKU9gJLI_14darwin_metrics8hardware7battery8monitors8capacityNtB4_22BatteryCapacityMonitorNtNtNtNtBc_4core7metrics8hardware27BatteryCapacityMonitorTrait16current_capacity
FNDA:0,_RNvXs_NtNtNtNtCsfmodKU9gJLI_14darwin_metrics8hardware7battery8monitors8capacityNtB4_22BatteryCapacityMonitorNtNtNtNtBc_4core7metrics8hardware27BatteryCapacityMonitorTrait16maximum_capacity
FNDA:0,_RNvXs_NtNtNtNtCsfmodKU9gJLI_14darwin_metrics8hardware7battery8monitors8capacityNtB4_22BatteryCapacityMonitorNtNtNtNtBc_4core7metrics8hardware27BatteryCapacityMonitorTrait4name
FNDA:0,_RNvXs_NtNtNtNtCsfmodKU9gJLI_14darwin_metrics8hardware7battery8monitors8capacityNtB4_22BatteryCapacityMonitorNtNtNtNtBc_4core7metrics8hardware27BatteryCapacityMonitorTrait9device_id
FNDA:0,_RNCNvXs0_NtNtNtNtCs6POc8he6zg_14darwin_metrics8hardware7battery8monitors8capacityNtB7_22BatteryCapacityMonitorNtNtNtNtBf_4core7metrics8hardware17PowerStateMonitor11is_charging0Bf_
FNDA:0,_RNCNvXs0_NtNtNtNtCs6POc8he6zg_14darwin_metrics8hardware7battery8monitors8capacityNtB7_22BatteryCapacityMonitorNtNtNtNtBf_4core7metrics8hardware17PowerStateMonitor11power_state0Bf_
FNDA:0,_RNCNvXs0_NtNtNtNtCs6POc8he6zg_14darwin_metrics8hardware7battery8monitors8capacityNtB7_22BatteryCapacityMonitorNtNtNtNtBf_4core7metrics8hardware17PowerStateMonitor13is_on_battery0Bf_
FNDA:0,_RNCNvXs0_NtNtNtNtCs6POc8he6zg_14darwin_metrics8hardware7battery8monitors8capacityNtB7_22BatteryCapacityMonitorNtNtNtNtBf_4core7metrics8hardware17PowerStateMonitor14time_remaining0Bf_
FNDA:0,_RNCNvXs0_NtNtNtNtCs6POc8he6zg_14darwin_metrics8hardware7battery8monitors8capacityNtB7_22BatteryCapacityMonitorNtNtNtNtBf_4core7metrics8hardware17PowerStateMonitor18battery_percentage0Bf_
FNDA:0,_RNCNvXs_NtNtNtNtCs6POc8he6zg_14darwin_metrics8hardware7battery8monitors8capacityNtB6_22BatteryCapacityMonitorNtNtNtNtBe_4core7metrics8hardware27BatteryCapacityMonitorTrait10get_metric0Be_
FNDA:0,_RNCNvXs_NtNtNtNtCs6POc8he6zg_14darwin_metrics8hardware7battery8monitors8capacityNtB6_22BatteryCapacityMonitorNtNtNtNtBe_4core7metrics8hardware27BatteryCapacityMonitorTrait11cycle_count0Be_
FNDA:0,_RNCNvXs_NtNtNtNtCs6POc8he6zg_14darwin_metrics8hardware7battery8monitors8capacityNtB6_22BatteryCapacityMonitorNtNtNtNtBe_4core7metrics8hardware27BatteryCapacityMonitorTrait13hardware_type0Be_
FNDA:0,_RNCNvXs_NtNtNtNtCs6POc8he6zg_14darwin_metrics8hardware7battery8monitors8capacityNtB6_22BatteryCapacityMonitorNtNtNtNtBe_4core7metrics8hardware27BatteryCapacityMonitorTrait15design_capacity0Be_
FNDA:0,_RNCNvXs_NtNtNtNtCs6POc8he6zg_14darwin_metrics8hardware7battery8monitors8capacityNtB6_22BatteryCapacityMonitorNtNtNtNtBe_4core7metrics8hardware27BatteryCapacityMonitorTrait16current_capacity0Be_
FNDA:0,_RNCNvXs_NtNtNtNtCs6POc8he6zg_14darwin_metrics8hardware7battery8monitors8capacityNtB6_22BatteryCapacityMonitorNtNtNtNtBe_4core7metrics8hardware27BatteryCapacityMonitorTrait16maximum_capacity0Be_
FNDA:0,_RNCNvXs_NtNtNtNtCs6POc8he6zg_14darwin_metrics8hardware7battery8monitors8capacityNtB6_22BatteryCapacityMonitorNtNtNtNtBe_4core7metrics8hardware27BatteryCapacityMonitorTrait4name0Be_
FNDA:0,_RNCNvXs_NtNtNtNtCs6POc8he6zg_14darwin_metrics8hardware7battery8monitors8capacityNtB6_22BatteryCapacityMonitorNtNtNtNtBe_4core7metrics8hardware27BatteryCapacityMonitorTrait9device_id0Be_
FNDA:0,_RNvMNtNtNtNtCs6POc8he6zg_14darwin_metrics8hardware7battery8monitors8capacityNtB2_22BatteryCapacityMonitor3new
FNDA:0,_RNvXs0_NtNtNtNtCs6POc8he6zg_14darwin_metrics8hardware7battery8monitors8capacityNtB5_22BatteryCapacityMonitorNtNtNtNtBd_4core7metrics8hardware17PowerStateMonitor11is_charging
FNDA:0,_RNvXs0_NtNtNtNtCs6POc8he6zg_14darwin_metrics8hardware7battery8monitors8capacityNtB5_22BatteryCapacityMonitorNtNtNtNtBd_4core7metrics8hardware17PowerStateMonitor11power_state
FNDA:0,_RNvXs0_NtNtNtNtCs6POc8he6zg_14darwin_metrics8hardware7battery8monitors8capacityNtB5_22BatteryCapacityMonitorNtNtNtNtBd_4core7metrics8hardware17PowerStateMonitor13is_on_battery
FNDA:0,_RNvXs0_NtNtNtNtCs6POc8he6zg_14darwin_metrics8hardware7battery8monitors8capacityNtB5_22BatteryCapacityMonitorNtNtNtNtBd_4core7metrics8hardware17PowerStateMonitor14time_remaining
FNDA:0,_RNvXs0_NtNtNtNtCs6POc8he6zg_14darwin_metrics8hardware7battery8monitors8capacityNtB5_22BatteryCapacityMonitorNtNtNtNtBd_4core7metrics8hardware17PowerStateMonitor18battery_percentage
FNDA:0,_RNvXs_NtNtNtNtCs6POc8he6zg_14darwin_metrics8hardware7battery8monitors8capacityNtB4_22BatteryCapacityMonitorNtNtNtNtBc_4core7metrics8hardware27BatteryCapacityMonitorTrait10get_metric
FNDA:0,_RNvXs_NtNtNtNtCs6POc8he6zg_14darwin_metrics8hardware7battery8monitors8capacityNtB4_22BatteryCapacityMonitorNtNtNtNtBc_4core7metrics8hardware27BatteryCapacityMonitorTrait11cycle_count
FNDA:0,_RNvXs_NtNtNtNtCs6POc8he6zg_14darwin_metrics8hardware7battery8monitors8capacityNtB4_22BatteryCapacityMonitorNtNtNtNtBc_4core7metrics8hardware27BatteryCapacityMonitorTrait13hardware_type
FNDA:0,_RNvXs_NtNtNtNtCs6POc8he6zg_14darwin_metrics8hardware7battery8monitors8capacityNtB4_22BatteryCapacityMonitorNtNtNtNtBc_4core7metrics8hardware27BatteryCapacityMonitorTrait15design_capacity
FNDA:0,_RNvXs_NtNtNtNtCs6POc8he6zg_14darwin_metrics8hardware7battery8monitors8capacityNtB4_22BatteryCapacityMonitorNtNtNtNtBc_4core7metrics8hardware27BatteryCapacityMonitorTrait16current_capacity
FNDA:0,_RNvXs_NtNtNtNtCs6POc8he6zg_14darwin_metrics8hardware7battery8monitors8capacityNtB4_22BatteryCapacityMonitorNtNtNtNtBc_4core7metrics8hardware27BatteryCapacityMonitorTrait16maximum_capacity
FNDA:0,_RNvXs_NtNtNtNtCs6POc8he6zg_14darwin_metrics8hardware7battery8monitors8capacityNtB4_22BatteryCapacityMonitorNtNtNtNtBc_4core7metrics8hardware27BatteryCapacityMonitorTrait4name
FNDA:0,_RNvXs_NtNtNtNtCs6POc8he6zg_14darwin_metrics8hardware7battery8monitors8capacityNtB4_22BatteryCapacityMonitorNtNtNtNtBc_4core7metrics8hardware27BatteryCapacityMonitorTrait9device_id
FNF:27
FNH:0
DA:18,0
DA:19,0
DA:20,0
DA:27,0
DA:28,0
DA:29,0
DA:31,0
DA:32,0
DA:33,0
DA:35,0
DA:36,0
DA:37,0
DA:39,0
DA:40,0
DA:41,0
DA:42,0
DA:44,0
DA:45,0
DA:46,0
DA:48,0
DA:49,0
DA:50,0
DA:52,0
DA:53,0
DA:54,0
DA:56,0
DA:57,0
DA:58,0
DA:63,0
DA:64,0
DA:65,0
DA:67,0
DA:68,0
DA:69,0
DA:70,0
DA:71,0
DA:73,0
DA:75,0
DA:76,0
DA:78,0
DA:79,0
DA:80,0
DA:82,0
DA:83,0
DA:84,0
BRF:0
BRH:0
LF:58
LH:0
end_of_record
SF:/Users/smeya/git/darwin-metrics/src/hardware/battery/monitors/health.rs
FN:18,_RNCNvMNtNtNtNtCsfmodKU9gJLI_14darwin_metrics8hardware7battery8monitors6healthNtB4_20BatteryHealthMonitor11cycle_count0Bc_
FN:30,_RNCNvMNtNtNtNtCsfmodKU9gJLI_14darwin_metrics8hardware7battery8monitors6healthNtB4_20BatteryHealthMonitor12max_capacity0Bc_
FN:36,_RNCNvMNtNtNtNtCsfmodKU9gJLI_14darwin_metrics8hardware7battery8monitors6healthNtB4_20BatteryHealthMonitor16current_capacity0Bc_
FN:42,_RNCNvMNtNtNtNtCsfmodKU9gJLI_14darwin_metrics8hardware7battery8monitors6healthNtB4_20BatteryHealthMonitor17health_percentage0Bc_
FN:64,_RNCNvMNtNtNtNtCsfmodKU9gJLI_14darwin_metrics8hardware7battery8monitors6healthNtB4_20BatteryHealthMonitor18is_health_critical0Bc_
FN:69,_RNCNvMNtNtNtNtCsfmodKU9gJLI_14darwin_metrics8hardware7battery8monitors6healthNtB4_20BatteryHealthMonitor23is_cycle_count_critical0Bc_
FN:18,_RNvMNtNtNtNtCsfmodKU9gJLI_14darwin_metrics8hardware7battery8monitors6healthNtB2_20BatteryHealthMonitor11cycle_count
FN:30,_RNvMNtNtNtNtCsfmodKU9gJLI_14darwin_metrics8hardware7battery8monitors6healthNtB2_20BatteryHealthMonitor12max_capacity
FN:36,_RNvMNtNtNtNtCsfmodKU9gJLI_14darwin_metrics8hardware7battery8monitors6healthNtB2_20BatteryHealthMonitor16current_capacity
FN:42,_RNvMNtNtNtNtCsfmodKU9gJLI_14darwin_metrics8hardware7battery8monitors6healthNtB2_20BatteryHealthMonitor17health_percentage
FN:64,_RNvMNtNtNtNtCsfmodKU9gJLI_14darwin_metrics8hardware7battery8monitors6healthNtB2_20BatteryHealthMonitor18is_health_critical
FN:69,_RNvMNtNtNtNtCsfmodKU9gJLI_14darwin_metrics8hardware7battery8monitors6healthNtB2_20BatteryHealthMonitor23is_cycle_count_critical
FN:13,_RNvMNtNtNtNtCsfmodKU9gJLI_14darwin_metrics8hardware7battery8monitors6healthNtB2_20BatteryHealthMonitor3new
FN:18,_RNCNvMNtNtNtNtCs6POc8he6zg_14darwin_metrics8hardware7battery8monitors6healthNtB4_20BatteryHealthMonitor11cycle_count0Bc_
FN:30,_RNCNvMNtNtNtNtCs6POc8he6zg_14darwin_metrics8hardware7battery8monitors6healthNtB4_20BatteryHealthMonitor12max_capacity0Bc_
FN:36,_RNCNvMNtNtNtNtCs6POc8he6zg_14darwin_metrics8hardware7battery8monitors6healthNtB4_20BatteryHealthMonitor16current_capacity0Bc_
FN:42,_RNCNvMNtNtNtNtCs6POc8he6zg_14darwin_metrics8hardware7battery8monitors6healthNtB4_20BatteryHealthMonitor17health_percentage0Bc_
FN:64,_RNCNvMNtNtNtNtCs6POc8he6zg_14darwin_metrics8hardware7battery8monitors6healthNtB4_20BatteryHealthMonitor18is_health_critical0Bc_
FN:69,_RNCNvMNtNtNtNtCs6POc8he6zg_14darwin_metrics8hardware7battery8monitors6healthNtB4_20BatteryHealthMonitor23is_cycle_count_critical0Bc_
FN:64,_RNvMNtNtNtNtCs6POc8he6zg_14darwin_metrics8hardware7battery8monitors6healthNtB2_20BatteryHealthMonitor18is_health_critical
FN:69,_RNvMNtNtNtNtCs6POc8he6zg_14darwin_metrics8hardware7battery8monitors6healthNtB2_20BatteryHealthMonitor23is_cycle_count_critical
FN:18,_RNvMNtNtNtNtCs6POc8he6zg_14darwin_metrics8hardware7battery8monitors6healthNtB2_20BatteryHealthMonitor11cycle_count
FN:30,_RNvMNtNtNtNtCs6POc8he6zg_14darwin_metrics8hardware7battery8monitors6healthNtB2_20BatteryHealthMonitor12max_capacity
FN:36,_RNvMNtNtNtNtCs6POc8he6zg_14darwin_metrics8hardware7battery8monitors6healthNtB2_20BatteryHealthMonitor16current_capacity
FN:42,_RNvMNtNtNtNtCs6POc8he6zg_14darwin_metrics8hardware7battery8monitors6healthNtB2_20BatteryHealthMonitor17health_percentage
FN:13,_RNvMNtNtNtNtCs6POc8he6zg_14darwin_metrics8hardware7battery8monitors6healthNtB2_20BatteryHealthMonitor3new
FNDA:0,_RNCNvMNtNtNtNtCsfmodKU9gJLI_14darwin_metrics8hardware7battery8monitors6healthNtB4_20BatteryHealthMonitor11cycle_count0Bc_
FNDA:0,_RNCNvMNtNtNtNtCsfmodKU9gJLI_14darwin_metrics8hardware7battery8monitors6healthNtB4_20BatteryHealthMonitor12max_capacity0Bc_
FNDA:0,_RNCNvMNtNtNtNtCsfmodKU9gJLI_14darwin_metrics8hardware7battery8monitors6healthNtB4_20BatteryHealthMonitor16current_capacity0Bc_
FNDA:0,_RNCNvMNtNtNtNtCsfmodKU9gJLI_14darwin_metrics8hardware7battery8monitors6healthNtB4_20BatteryHealthMonitor17health_percentage0Bc_
FNDA:0,_RNCNvMNtNtNtNtCsfmodKU9gJLI_14darwin_metrics8hardware7battery8monitors6healthNtB4_20BatteryHealthMonitor18is_health_critical0Bc_
FNDA:0,_RNCNvMNtNtNtNtCsfmodKU9gJLI_14darwin_metrics8hardware7battery8monitors6healthNtB4_20BatteryHealthMonitor23is_cycle_count_critical0Bc_
FNDA:0,_RNvMNtNtNtNtCsfmodKU9gJLI_14darwin_metrics8hardware7battery8monitors6healthNtB2_20BatteryHealthMonitor11cycle_count
FNDA:0,_RNvMNtNtNtNtCsfmodKU9gJLI_14darwin_metrics8hardware7battery8monitors6healthNtB2_20BatteryHealthMonitor12max_capacity
FNDA:0,_RNvMNtNtNtNtCsfmodKU9gJLI_14darwin_metrics8hardware7battery8monitors6healthNtB2_20BatteryHealthMonitor16current_capacity
FNDA:0,_RNvMNtNtNtNtCsfmodKU9gJLI_14darwin_metrics8hardware7battery8monitors6healthNtB2_20BatteryHealthMonitor17health_percentage
FNDA:0,_RNvMNtNtNtNtCsfmodKU9gJLI_14darwin_metrics8hardware7battery8monitors6healthNtB2_20BatteryHealthMonitor18is_health_critical
FNDA:0,_RNvMNtNtNtNtCsfmodKU9gJLI_14darwin_metrics8hardware7battery8monitors6healthNtB2_20BatteryHealthMonitor23is_cycle_count_critical
FNDA:0,_RNvMNtNtNtNtCsfmodKU9gJLI_14darwin_metrics8hardware7battery8monitors6healthNtB2_20BatteryHealthMonitor3new
FNDA:0,_RNCNvMNtNtNtNtCs6POc8he6zg_14darwin_metrics8hardware7battery8monitors6healthNtB4_20BatteryHealthMonitor11cycle_count0Bc_
FNDA:0,_RNCNvMNtNtNtNtCs6POc8he6zg_14darwin_metrics8hardware7battery8monitors6healthNtB4_20BatteryHealthMonitor12max_capacity0Bc_
FNDA:0,_RNCNvMNtNtNtNtCs6POc8he6zg_14darwin_metrics8hardware7battery8monitors6healthNtB4_20BatteryHealthMonitor16current_capacity0Bc_
FNDA:0,_RNCNvMNtNtNtNtCs6POc8he6zg_14darwin_metrics8hardware7battery8monitors6healthNtB4_20BatteryHealthMonitor17health_percentage0Bc_
FNDA:0,_RNCNvMNtNtNtNtCs6POc8he6zg_14darwin_metrics8hardware7battery8monitors6healthNtB4_20BatteryHealthMonitor18is_health_critical0Bc_
FNDA:0,_RNCNvMNtNtNtNtCs6POc8he6zg_14darwin_metrics8hardware7battery8monitors6healthNtB4_20BatteryHealthMonitor23is_cycle_count_critical0Bc_
FNDA:0,_RNvMNtNtNtNtCs6POc8he6zg_14darwin_metrics8hardware7battery8monitors6healthNtB2_20BatteryHealthMonitor18is_health_critical
FNDA:0,_RNvMNtNtNtNtCs6POc8he6zg_14darwin_metrics8hardware7battery8monitors6healthNtB2_20BatteryHealthMonitor23is_cycle_count_critical
FNDA:0,_RNvMNtNtNtNtCs6POc8he6zg_14darwin_metrics8hardware7battery8monitors6healthNtB2_20BatteryHealthMonitor11cycle_count
FNDA:0,_RNvMNtNtNtNtCs6POc8he6zg_14darwin_metrics8hardware7battery8monitors6healthNtB2_20BatteryHealthMonitor12max_capacity
FNDA:0,_RNvMNtNtNtNtCs6POc8he6zg_14darwin_metrics8hardware7battery8monitors6healthNtB2_20BatteryHealthMonitor16current_capacity
FNDA:0,_RNvMNtNtNtNtCs6POc8he6zg_14darwin_metrics8hardware7battery8monitors6healthNtB2_20BatteryHealthMonitor17health_percentage
FNDA:0,_RNvMNtNtNtNtCs6POc8he6zg_14darwin_metrics8hardware7battery8monitors6healthNtB2_20BatteryHealthMonitor3new
FNF:13
FNH:0
DA:13,0
DA:14,0
DA:15,0
DA:18,0
DA:19,0
DA:20,0
DA:21,0
DA:22,0
DA:23,0
DA:24,0
DA:25,0
DA:27,0
DA:30,0
DA:31,0
DA:32,0
DA:33,0
DA:36,0
DA:37,0
DA:38,0
DA:39,0
DA:42,0
DA:43,0
DA:45,0
DA:46,0
DA:47,0
DA:48,0
DA:49,0
DA:50,0
DA:51,0
DA:53,0
DA:54,0
DA:55,0
DA:56,0
DA:57,0
DA:58,0
DA:59,0
DA:60,0
DA:61,0
DA:62,0
DA:64,0
DA:65,0
DA:66,0
DA:67,0
DA:69,0
DA:70,0
DA:71,0
DA:72,0
BRF:0
BRH:0
LF:53
LH:0
end_of_record
SF:/Users/smeya/git/darwin-metrics/src/hardware/battery/monitors/power.rs
FN:72,_RNCNvMNtNtNtNtCsfmodKU9gJLI_14darwin_metrics8hardware7battery8monitors5powerNtB4_19BatteryPowerMonitor10percentage0Bc_
FN:24,_RNCNvMNtNtNtNtCsfmodKU9gJLI_14darwin_metrics8hardware7battery8monitors5powerNtB4_19BatteryPowerMonitor11is_charging0Bc_
FN:48,_RNCNvMNtNtNtNtCsfmodKU9gJLI_14darwin_metrics8hardware7battery8monitors5powerNtB4_19BatteryPowerMonitor11power_state0Bc_
FN:60,_RNCNvMNtNtNtNtCsfmodKU9gJLI_14darwin_metrics8hardware7battery8monitors5powerNtB4_19BatteryPowerMonitor14time_remaining0Bc_
FN:36,_RNCNvMNtNtNtNtCsfmodKU9gJLI_14darwin_metrics8hardware7battery8monitors5powerNtB4_19BatteryPowerMonitor17is_external_power0Bc_
FN:199,_RNCNvXs0_NtNtNtNtCsfmodKU9gJLI_14darwin_metrics8hardware7battery8monitors5powerNtB7_19BatteryPowerMonitorNtNtNtNtBf_4core7metrics8hardware17PowerStateMonitor11is_charging0Bf_
FN:170,_RNCNvXs0_NtNtNtNtCsfmodKU9gJLI_14darwin_metrics8hardware7battery8monitors5powerNtB7_19BatteryPowerMonitorNtNtNtNtBf_4core7metrics8hardware17PowerStateMonitor11power_state0Bf_
FN:194,_RNCNvXs0_NtNtNtNtCsfmodKU9gJLI_14darwin_metrics8hardware7battery8monitors5powerNtB7_19BatteryPowerMonitorNtNtNtNtBf_4core7metrics8hardware17PowerStateMonitor13is_on_battery0Bf_
FN:185,_RNCNvXs0_NtNtNtNtCsfmodKU9gJLI_14darwin_metrics8hardware7battery8monitors5powerNtB7_19BatteryPowerMonitorNtNtNtNtBf_4core7metrics8hardware17PowerStateMonitor14time_remaining0Bf_
FN:181,_RNCNvXs0_NtNtNtNtCsfmodKU9gJLI_14darwin_metrics8hardware7battery8monitors5powerNtB7_19BatteryPowerMonitorNtNtNtNtBf_4core7metrics8hardware17PowerStateMonitor18battery_percentage0Bf_
FN:111,_RNCNvXs_NtNtNtNtCsfmodKU9gJLI_14darwin_metrics8hardware7battery8monitors5powerNtB6_19BatteryPowerMonitorNtNtNtNtBe_4core7metrics8hardware17PowerMonitorTrait10get_metric0Be_
FN:134,_RNCNvXs_NtNtNtNtCsfmodKU9gJLI_14darwin_metrics8hardware7battery8monitors5powerNtB6_19BatteryPowerMonitorNtNtNtNtBe_4core7metrics8hardware17PowerMonitorTrait11is_charging0Be_
FN:123,_RNCNvXs_NtNtNtNtCsfmodKU9gJLI_14darwin_metrics8hardware7battery8monitors5powerNtB6_19BatteryPowerMonitorNtNtNtNtBe_4core7metrics8hardware17PowerMonitorTrait11power_state0Be_
FN:103,_RNCNvXs_NtNtNtNtCsfmodKU9gJLI_14darwin_metrics8hardware7battery8monitors5powerNtB6_19BatteryPowerMonitorNtNtNtNtBe_4core7metrics8hardware17PowerMonitorTrait13hardware_type0Be_
FN:156,_RNCNvXs_NtNtNtNtCsfmodKU9gJLI_14darwin_metrics8hardware7battery8monitors5powerNtB6_19BatteryPowerMonitorNtNtNtNtBe_4core7metrics8hardware17PowerMonitorTrait14time_remaining0Be_
FN:145,_RNCNvXs_NtNtNtNtCsfmodKU9gJLI_14darwin_metrics8hardware7battery8monitors5powerNtB6_19BatteryPowerMonitorNtNtNtNtBe_4core7metrics8hardware17PowerMonitorTrait17is_external_power0Be_
FN:117,_RNCNvXs_NtNtNtNtCsfmodKU9gJLI_14darwin_metrics8hardware7battery8monitors5powerNtB6_19BatteryPowerMonitorNtNtNtNtBe_4core7metrics8hardware17PowerMonitorTrait17power_consumption0Be_
FN:99,_RNCNvXs_NtNtNtNtCsfmodKU9gJLI_14darwin_metrics8hardware7battery8monitors5powerNtB6_19BatteryPowerMonitorNtNtNtNtBe_4core7metrics8hardware17PowerMonitorTrait4name0Be_
FN:107,_RNCNvXs_NtNtNtNtCsfmodKU9gJLI_14darwin_metrics8hardware7battery8monitors5powerNtB6_19BatteryPowerMonitorNtNtNtNtBe_4core7metrics8hardware17PowerMonitorTrait9device_id0Be_
FN:72,_RNvMNtNtNtNtCsfmodKU9gJLI_14darwin_metrics8hardware7battery8monitors5powerNtB2_19BatteryPowerMonitor10percentage
FN:24,_RNvMNtNtNtNtCsfmodKU9gJLI_14darwin_metrics8hardware7battery8monitors5powerNtB2_19BatteryPowerMonitor11is_charging
FN:48,_RNvMNtNtNtNtCsfmodKU9gJLI_14darwin_metrics8hardware7battery8monitors5powerNtB2_19BatteryPowerMonitor11power_state
FN:60,_RNvMNtNtNtNtCsfmodKU9gJLI_14darwin_metrics8hardware7battery8monitors5powerNtB2_19BatteryPowerMonitor14time_remaining
FN:36,_RNvMNtNtNtNtCsfmodKU9gJLI_14darwin_metrics8hardware7battery8monitors5powerNtB2_19BatteryPowerMonitor17is_external_power
FN:19,_RNvMNtNtNtNtCsfmodKU9gJLI_14darwin_metrics8hardware7battery8monitors5powerNtB2_19BatteryPowerMonitor3new
FN:208,_RNvXs0_NtNtNtNtCsfmodKU9gJLI_14darwin_metrics8hardware7battery8monitors5powerNtB5_19BatteryPowerMonitorNtNtNtNtBd_4core7metrics8hardware17PowerStateMonitor11is_charging
FN:179,_RNvXs0_NtNtNtNtCsfmodKU9gJLI_14darwin_metrics8hardware7battery8monitors5powerNtB5_19BatteryPowerMonitorNtNtNtNtBd_4core7metrics8hardware17PowerStateMonitor11power_state
FN:197,_RNvXs0_NtNtNtNtCsfmodKU9gJLI_14darwin_metrics8hardware7battery8monitors5powerNtB5_19BatteryPowerMonitorNtNtNtNtBd_4core7metrics8hardware17PowerStateMonitor13is_on_battery
FN:192,_RNvXs0_NtNtNtNtCsfmodKU9gJLI_14darwin_metrics8hardware7battery8monitors5powerNtB5_19BatteryPowerMonitorNtNtNtNtBd_4core7metrics8hardware17PowerStateMonitor14time_remaining
FN:183,_RNvXs0_NtNtNtNtCsfmodKU9gJLI_14darwin_metrics8hardware7battery8monitors5powerNtB5_19BatteryPowerMonitorNtNtNtNtBd_4core7metrics8hardware17PowerStateMonitor18battery_percentage
FN:115,_RNvXs_NtNtNtNtCsfmodKU9gJLI_14darwin_metrics8hardware7battery8monitors5powerNtB4_19BatteryPowerMonitorNtNtNtNtBc_4core7metrics8hardware17PowerMonitorTrait10get_metric
FN:143,_RNvXs_NtNtNtNtCsfmodKU9gJLI_14darwin_metrics8hardware7battery8monitors5powerNtB4_19BatteryPowerMonitorNtNtNtNtBc_4core7metrics8hardware17PowerMonitorTrait11is_charging
FN:132,_RNvXs_NtNtNtNtCsfmodKU9gJLI_14darwin_metrics8hardware7battery8monitors5powerNtB4_19BatteryPowerMonitorNtNtNtNtBc_4core7metrics8hardware17PowerMonitorTrait11power_state
FN:105,_RNvXs_NtNtNtNtCsfmodKU9gJLI_14darwin_metrics8hardware7battery8monitors5powerNtB4_19BatteryPowerMonitorNtNtNtNtBc_4core7metrics8hardware17PowerMonitorTrait13hardware_type
FN:165,_RNvXs_NtNtNtNtCsfmodKU9gJLI_14darwin_metrics8hardware7battery8monitors5powerNtB4_19BatteryPowerMonitorNtNtNtNtBc_4core7metrics8hardware17PowerMonitorTrait14time_remaining
FN:154,_RNvXs_NtNtNtNtCsfmodKU9gJLI_14darwin_metrics8hardware7battery8monitors5powerNtB4_19BatteryPowerMonitorNtNtNtNtBc_4core7metrics8hardware17PowerMonitorTrait17is_external_power
FN:121,_RNvXs_NtNtNtNtCsfmodKU9gJLI_14darwin_metrics8hardware7battery8monitors5powerNtB4_19BatteryPowerMonitorNtNtNtNtBc_4core7metrics8hardware17PowerMonitorTrait17power_consumption
FN:101,_RNvXs_NtNtNtNtCsfmodKU9gJLI_14darwin_metrics8hardware7battery8monitors5powerNtB4_19BatteryPowerMonitorNtNtNtNtBc_4core7metrics8hardware17PowerMonitorTrait4name
FN:109,_RNvXs_NtNtNtNtCsfmodKU9gJLI_14darwin_metrics8hardware7battery8monitors5powerNtB4_19BatteryPowerMonitorNtNtNtNtBc_4core7metrics8hardware17PowerMonitorTrait9device_id
FN:72,_RNCNvMNtNtNtNtCs6POc8he6zg_14darwin_metrics8hardware7battery8monitors5powerNtB4_19BatteryPowerMonitor10percentage0Bc_
FN:24,_RNCNvMNtNtNtNtCs6POc8he6zg_14darwin_metrics8hardware7battery8monitors5powerNtB4_19BatteryPowerMonitor11is_charging0Bc_
FN:48,_RNCNvMNtNtNtNtCs6POc8he6zg_14darwin_metrics8hardware7battery8monitors5powerNtB4_19BatteryPowerMonitor11power_state0Bc_
FN:60,_RNCNvMNtNtNtNtCs6POc8he6zg_14darwin_metrics8hardware7battery8monitors5powerNtB4_19BatteryPowerMonitor14time_remaining0Bc_
FN:36,_RNCNvMNtNtNtNtCs6POc8he6zg_14darwin_metrics8hardware7battery8monitors5powerNtB4_19BatteryPowerMonitor17is_external_power0Bc_
FN:199,_RNCNvXs0_NtNtNtNtCs6POc8he6zg_14darwin_metrics8hardware7battery8monitors5powerNtB7_19BatteryPowerMonitorNtNtNtNtBf_4core7metrics8hardware17PowerStateMonitor11is_charging0Bf_
FN:170,_RNCNvXs0_NtNtNtNtCs6POc8he6zg_14darwin_metrics8hardware7battery8monitors5powerNtB7_19BatteryPowerMonitorNtNtNtNtBf_4core7metrics8hardware17PowerStateMonitor11power_state0Bf_
FN:194,_RNCNvXs0_NtNtNtNtCs6POc8he6zg_14darwin_metrics8hardware7battery8monitors5powerNtB7_19BatteryPowerMonitorNtNtNtNtBf_4core7metrics8hardware17PowerStateMonitor13is_on_battery0Bf_
FN:185,_RNCNvXs0_NtNtNtNtCs6POc8he6zg_14darwin_metrics8hardware7battery8monitors5powerNtB7_19BatteryPowerMonitorNtNtNtNtBf_4core7metrics8hardware17PowerStateMonitor14time_remaining0Bf_
FN:181,_RNCNvXs0_NtNtNtNtCs6POc8he6zg_14darwin_metrics8hardware7battery8monitors5powerNtB7_19BatteryPowerMonitorNtNtNtNtBf_4core7metrics8hardware17PowerStateMonitor18battery_percentage0Bf_
FN:111,_RNCNvXs_NtNtNtNtCs6POc8he6zg_14darwin_metrics8hardware7battery8monitors5powerNtB6_19BatteryPowerMonitorNtNtNtNtBe_4core7metrics8hardware17PowerMonitorTrait10get_metric0Be_
FN:134,_RNCNvXs_NtNtNtNtCs6POc8he6zg_14darwin_metrics8hardware7battery8monitors5powerNtB6_19BatteryPowerMonitorNtNtNtNtBe_4core7metrics8hardware17PowerMonitorTrait11is_charging0Be_
FN:123,_RNCNvXs_NtNtNtNtCs6POc8he6zg_14darwin_metrics8hardware7battery8monitors5powerNtB6_19BatteryPowerMonitorNtNtNtNtBe_4core7metrics8hardware17PowerMonitorTrait11power_state0Be_
FN:103,_RNCNvXs_NtNtNtNtCs6POc8he6zg_14darwin_metrics8hardware7battery8monitors5powerNtB6_19BatteryPowerMonitorNtNtNtNtBe_4core7metrics8hardware17PowerMonitorTrait13hardware_type0Be_
FN:156,_RNCNvXs_NtNtNtNtCs6POc8he6zg_14darwin_metrics8hardware7battery8monitors5powerNtB6_19BatteryPowerMonitorNtNtNtNtBe_4core7metrics8hardware17PowerMonitorTrait14time_remaining0Be_
FN:145,_RNCNvXs_NtNtNtNtCs6POc8he6zg_14darwin_metrics8hardware7battery8monitors5powerNtB6_19BatteryPowerMonitorNtNtNtNtBe_4core7metrics8hardware17PowerMonitorTrait17is_external_power0Be_
FN:117,_RNCNvXs_NtNtNtNtCs6POc8he6zg_14darwin_metrics8hardware7battery8monitors5powerNtB6_19BatteryPowerMonitorNtNtNtNtBe_4core7metrics8hardware17PowerMonitorTrait17power_consumption0Be_
FN:99,_RNCNvXs_NtNtNtNtCs6POc8he6zg_14darwin_metrics8hardware7battery8monitors5powerNtB6_19BatteryPowerMonitorNtNtNtNtBe_4core7metrics8hardware17PowerMonitorTrait4name0Be_
FN:107,_RNCNvXs_NtNtNtNtCs6POc8he6zg_14darwin_metrics8hardware7battery8monitors5powerNtB6_19BatteryPowerMonitorNtNtNtNtBe_4core7metrics8hardware17PowerMonitorTrait9device_id0Be_
FN:72,_RNvMNtNtNtNtCs6POc8he6zg_14darwin_metrics8hardware7battery8monitors5powerNtB2_19BatteryPowerMonitor10percentage
FN:24,_RNvMNtNtNtNtCs6POc8he6zg_14darwin_metrics8hardware7battery8monitors5powerNtB2_19BatteryPowerMonitor11is_charging
FN:48,_RNvMNtNtNtNtCs6POc8he6zg_14darwin_metrics8hardware7battery8monitors5powerNtB2_19BatteryPowerMonitor11power_state
FN:60,_RNvMNtNtNtNtCs6POc8he6zg_14darwin_metrics8hardware7battery8monitors5powerNtB2_19BatteryPowerMonitor14time_remaining
FN:36,_RNvMNtNtNtNtCs6POc8he6zg_14darwin_metrics8hardware7battery8monitors5powerNtB2_19BatteryPowerMonitor17is_external_power
FN:19,_RNvMNtNtNtNtCs6POc8he6zg_14darwin_metrics8hardware7battery8monitors5powerNtB2_19BatteryPowerMonitor3new
FN:208,_RNvXs0_NtNtNtNtCs6POc8he6zg_14darwin_metrics8hardware7battery8monitors5powerNtB5_19BatteryPowerMonitorNtNtNtNtBd_4core7metrics8hardware17PowerStateMonitor11is_charging
FN:179,_RNvXs0_NtNtNtNtCs6POc8he6zg_14darwin_metrics8hardware7battery8monitors5powerNtB5_19BatteryPowerMonitorNtNtNtNtBd_4core7metrics8hardware17PowerStateMonitor11power_state
FN:197,_RNvXs0_NtNtNtNtCs6POc8he6zg_14darwin_metrics8hardware7battery8monitors5powerNtB5_19BatteryPowerMonitorNtNtNtNtBd_4core7metrics8hardware17PowerStateMonitor13is_on_battery
FN:192,_RNvXs0_NtNtNtNtCs6POc8he6zg_14darwin_metrics8hardware7battery8monitors5powerNtB5_19BatteryPowerMonitorNtNtNtNtBd_4core7metrics8hardware17PowerStateMonitor14time_remaining
FN:183,_RNvXs0_NtNtNtNtCs6POc8he6zg_14darwin_metrics8hardware7battery8monitors5powerNtB5_19BatteryPowerMonitorNtNtNtNtBd_4core7metrics8hardware17PowerStateMonitor18battery_percentage
FN:115,_RNvXs_NtNtNtNtCs6POc8he6zg_14darwin_metrics8hardware7battery8monitors5powerNtB4_19BatteryPowerMonitorNtNtNtNtBc_4core7metrics8hardware17PowerMonitorTrait10get_metric
FN:143,_RNvXs_NtNtNtNtCs6POc8he6zg_14darwin_metrics8hardware7battery8monitors5powerNtB4_19BatteryPowerMonitorNtNtNtNtBc_4core7metrics8hardware17PowerMonitorTrait11is_charging
FN:132,_RNvXs_NtNtNtNtCs6POc8he6zg_14darwin_metrics8hardware7battery8monitors5powerNtB4_19BatteryPowerMonitorNtNtNtNtBc_4core7metrics8hardware17PowerMonitorTrait11power_state
[...]
DA:107,0
DA:108,0
DA:109,0
DA:111,0
DA:112,0
DA:113,0
DA:115,0
DA:116,0
DA:117,0
DA:127,1
DA:128,1
DA:129,1
DA:132,1
DA:133,1
DA:134,1
DA:137,1
DA:138,1
DA:139,1
DA:142,1
DA:143,1
DA:144,1
DA:147,0
DA:148,0
DA:149,0
DA:161,0
DA:162,0
DA:163,0
DA:164,0
DA:167,0
DA:168,0
DA:169,0
DA:170,0
DA:171,0
DA:172,0
DA:173,0
DA:174,0
DA:175,0
DA:176,0
DA:177,0
DA:178,0
DA:179,0
DA:180,0
DA:181,0
DA:187,0
DA:188,0
DA:189,0
DA:190,0
DA:191,0
DA:194,0
DA:195,0
DA:196,0
DA:197,0
DA:199,0
DA:200,0
DA:202,0
DA:205,0
DA:206,0
DA:207,0
DA:208,0
DA:210,0
DA:211,0
DA:213,0
DA:216,0
DA:217,0
DA:218,0
DA:219,0
DA:221,0
DA:222,0
DA:224,0
DA:227,0
DA:228,0
DA:229,0
DA:230,0
DA:232,0
DA:233,0
DA:234,0
DA:235,0
DA:237,0
DA:240,0
DA:241,0
DA:242,0
DA:243,0
DA:244,0
DA:245,0
DA:246,0
DA:248,0
DA:250,0
DA:256,0
DA:257,0
DA:258,0
DA:260,0
DA:262,0
DA:264,0
DA:265,0
DA:266,0
DA:267,0
DA:268,0
DA:269,0
DA:270,0
DA:271,0
DA:272,0
DA:273,0
DA:274,0
DA:275,0
DA:277,0
DA:278,0
DA:279,0
DA:280,0
DA:281,0
DA:282,0
DA:283,0
DA:284,0
DA:285,0
DA:286,0
DA:287,0
DA:288,0
DA:290,0
DA:291,0
DA:292,0
DA:293,0
DA:294,0
DA:295,0
DA:296,0
DA:297,0
DA:298,0
DA:299,0
DA:300,0
DA:301,0
DA:303,0
DA:304,0
DA:305,0
DA:306,0
DA:307,0
DA:308,0
DA:309,0
DA:311,0
DA:312,0
DA:313,0
DA:314,0
DA:315,0
DA:316,0
DA:317,0
DA:318,0
DA:319,0
DA:321,0
DA:322,0
DA:323,0
DA:324,0
DA:325,0
DA:326,0
DA:327,0
DA:329,0
DA:330,0
DA:331,0
DA:332,0
DA:333,0
DA:334,0
DA:335,0
DA:338,0
DA:341,0
DA:345,0
DA:346,0
DA:347,0
BRF:0
BRH:0
LF:227
LH:12
end_of_record
SF:/Users/smeya/git/darwin-metrics/src/utils/core/property.rs
FN:8,_RNCNvYpNtNtNtNtCsfmodKU9gJLI_14darwin_metrics5utils4core8property13PropertyUtils17get_bool_property0Bd_
FN:28,_RNCNvYpNtNtNtNtCsfmodKU9gJLI_14darwin_metrics5utils4core8property13PropertyUtils17get_bool_propertys_0Bd_
FN:8,_RNCNvYpNtNtNtNtCsfmodKU9gJLI_14darwin_metrics5utils4core8property13PropertyUtils19get_number_property0Bd_
FN:25,_RNCNvYpNtNtNtNtCsfmodKU9gJLI_14darwin_metrics5utils4core8property13PropertyUtils19get_number_propertys_0Bd_
FN:14,_RNCNvYpNtNtNtNtCsfmodKU9gJLI_14darwin_metrics5utils4core8property13PropertyUtils19get_string_property0Bd_
FN:14,_RNCNvYpNtNtNtNtCsfmodKU9gJLI_14darwin_metrics5utils4core8property13PropertyUtils19get_string_propertys_0Bd_
FN:35,_RNvYpNtNtNtNtCsfmodKU9gJLI_14darwin_metrics5utils4core8property13PropertyUtils10get_numberBb_
FN:31,_RNvYpNtNtNtNtCsfmodKU9gJLI_14darwin_metrics5utils4core8property13PropertyUtils10get_stringBb_
FN:6,_RNvYpNtNtNtNtCsfmodKU9gJLI_14darwin_metrics5utils4core8property13PropertyUtils17get_bool_propertyBb_
FN:6,_RNvYpNtNtNtNtCsfmodKU9gJLI_14darwin_metrics5utils4core8property13PropertyUtils19get_number_propertyBb_
FN:12,_RNvYpNtNtNtNtCsfmodKU9gJLI_14darwin_metrics5utils4core8property13PropertyUtils19get_string_propertyBb_
FN:39,_RNvYpNtNtNtNtCsfmodKU9gJLI_14darwin_metrics5utils4core8property13PropertyUtils8get_boolBb_
FN:8,_RNCNvYpNtNtNtNtCs6POc8he6zg_14darwin_metrics5utils4core8property13PropertyUtils17get_bool_property0Bd_
FN:28,_RNCNvYpNtNtNtNtCs6POc8he6zg_14darwin_metrics5utils4core8property13PropertyUtils17get_bool_propertys_0Bd_
FN:8,_RNCNvYpNtNtNtNtCs6POc8he6zg_14darwin_metrics5utils4core8property13PropertyUtils19get_number_property0Bd_
FN:25,_RNCNvYpNtNtNtNtCs6POc8he6zg_14darwin_metrics5utils4core8property13PropertyUtils19get_number_propertys_0Bd_
FN:14,_RNCNvYpNtNtNtNtCs6POc8he6zg_14darwin_metrics5utils4core8property13PropertyUtils19get_string_property0Bd_
FN:14,_RNCNvYpNtNtNtNtCs6POc8he6zg_14darwin_metrics5utils4core8property13PropertyUtils19get_string_propertys_0Bd_
FN:35,_RNvYpNtNtNtNtCs6POc8he6zg_14darwin_metrics5utils4core8property13PropertyUtils10get_numberBb_
FN:31,_RNvYpNtNtNtNtCs6POc8he6zg_14darwin_metrics5utils4core8property13PropertyUtils10get_stringBb_
FN:6,_RNvYpNtNtNtNtCs6POc8he6zg_14darwin_metrics5utils4core8property13PropertyUtils17get_bool_propertyBb_
FN:6,_RNvYpNtNtNtNtCs6POc8he6zg_14darwin_metrics5utils4core8property13PropertyUtils19get_number_propertyBb_
FN:12,_RNvYpNtNtNtNtCs6POc8he6zg_14darwin_metrics5utils4core8property13PropertyUtils19get_string_propertyBb_
FN:39,_RNvYpNtNtNtNtCs6POc8he6zg_14darwin_metrics5utils4core8property13PropertyUtils8get_boolBb_
FNDA:0,_RNCNvYpNtNtNtNtCsfmodKU9gJLI_14darwin_metrics5utils4core8property13PropertyUtils17get_bool_property0Bd_
FNDA:0,_RNCNvYpNtNtNtNtCsfmodKU9gJLI_14darwin_metrics5utils4core8property13PropertyUtils17get_bool_propertys_0Bd_
FNDA:0,_RNCNvYpNtNtNtNtCsfmodKU9gJLI_14darwin_metrics5utils4core8property13PropertyUtils19get_number_property0Bd_
FNDA:0,_RNCNvYpNtNtNtNtCsfmodKU9gJLI_14darwin_metrics5utils4core8property13PropertyUtils19get_number_propertys_0Bd_
FNDA:0,_RNCNvYpNtNtNtNtCsfmodKU9gJLI_14darwin_metrics5utils4core8property13PropertyUtils19get_string_property0Bd_
FNDA:0,_RNCNvYpNtNtNtNtCsfmodKU9gJLI_14darwin_metrics5utils4core8property13PropertyUtils19get_string_propertys_0Bd_
FNDA:0,_RNvYpNtNtNtNtCsfmodKU9gJLI_14darwin_metrics5utils4core8property13PropertyUtils10get_numberBb_
FNDA:0,_RNvYpNtNtNtNtCsfmodKU9gJLI_14darwin_metrics5utils4core8property13PropertyUtils10get_stringBb_
FNDA:0,_RNvYpNtNtNtNtCsfmodKU9gJLI_14darwin_metrics5utils4core8property13PropertyUtils17get_bool_propertyBb_
FNDA:0,_RNvYpNtNtNtNtCsfmodKU9gJLI_14darwin_metrics5utils4core8property13PropertyUtils19get_number_propertyBb_
FNDA:0,_RNvYpNtNtNtNtCsfmodKU9gJLI_14darwin_metrics5utils4core8property13PropertyUtils19get_string_propertyBb_
FNDA:0,_RNvYpNtNtNtNtCsfmodKU9gJLI_14darwin_metrics5utils4core8property13PropertyUtils8get_boolBb_
FNDA:0,_RNCNvYpNtNtNtNtCs6POc8he6zg_14darwin_metrics5utils4core8property13PropertyUtils17get_bool_property0Bd_
FNDA:0,_RNCNvYpNtNtNtNtCs6POc8he6zg_14darwin_metrics5utils4core8property13PropertyUtils17get_bool_propertys_0Bd_
FNDA:0,_RNCNvYpNtNtNtNtCs6POc8he6zg_14darwin_metrics5utils4core8property13PropertyUtils19get_number_property0Bd_
FNDA:0,_RNCNvYpNtNtNtNtCs6POc8he6zg_14darwin_metrics5utils4core8property13PropertyUtils19get_number_propertys_0Bd_
FNDA:0,_RNCNvYpNtNtNtNtCs6POc8he6zg_14darwin_metrics5utils4core8property13PropertyUtils19get_string_property0Bd_
FNDA:0,_RNCNvYpNtNtNtNtCs6POc8he6zg_14darwin_metrics5utils4core8property13PropertyUtils19get_string_propertys_0Bd_
FNDA:0,_RNvYpNtNtNtNtCs6POc8he6zg_14darwin_metrics5utils4core8property13PropertyUtils10get_numberBb_
FNDA:0,_RNvYpNtNtNtNtCs6POc8he6zg_14darwin_metrics5utils4core8property13PropertyUtils10get_stringBb_
FNDA:0,_RNvYpNtNtNtNtCs6POc8he6zg_14darwin_metrics5utils4core8property13PropertyUtils17get_bool_propertyBb_
FNDA:0,_RNvYpNtNtNtNtCs6POc8he6zg_14darwin_metrics5utils4core8property13PropertyUtils19get_number_propertyBb_
FNDA:0,_RNvYpNtNtNtNtCs6POc8he6zg_14darwin_metrics5utils4core8property13PropertyUtils19get_string_propertyBb_
FNDA:0,_RNvYpNtNtNtNtCs6POc8he6zg_14darwin_metrics5utils4core8property13PropertyUtils8get_boolBb_
FNF:10
FNH:0
DA:6,0
DA:7,0
DA:8,0
DA:9,0
DA:12,0
DA:13,0
DA:14,0
DA:15,0
DA:25,0
DA:28,0
DA:31,0
DA:32,0
DA:33,0
DA:35,0
DA:36,0
DA:37,0
DA:39,0
DA:40,0
DA:41,0
BRF:0
BRH:0
LF:22
LH:0
end_of_record
SF:/Users/smeya/git/darwin-metrics/src/utils/ffi/bindings.rs
FN:1043,_RNvMs3_NtNtNtCsfmodKU9gJLI_14darwin_metrics5utils3ffi8bindingsNtB5_6SmcKey8from_str
FN:1075,_RNvMs3_NtNtNtCsfmodKU9gJLI_14darwin_metrics5utils3ffi8bindingsNtB5_6SmcKey8to_chars
FN:842,_RNvXNtNtNtCsfmodKU9gJLI_14darwin_metrics5utils3ffi8bindingsNtB2_17SMCKeyData_t_dataNtNtCsjCjv0fyyi6U_4core5clone5Clone5clone
FN:877,_RNvXs0_NtNtNtCsfmodKU9gJLI_14darwin_metrics5utils3ffi8bindingsNtB5_12SMCKeyData_tNtNtCsjCjv0fyyi6U_4core5clone5Clone5clone
FN:885,_RNvXs2_NtNtNtCsfmodKU9gJLI_14darwin_metrics5utils3ffi8bindingsNtB5_12SMCKeyData_tNtNtCsjCjv0fyyi6U_4core7default7Default7default
FN:537,_RNCNvNtNtNtCsfmodKU9gJLI_14darwin_metrics5utils3ffi8bindings17extract_proc_name0B9_
FN:601,_RNCNvNtNtNtCsfmodKU9gJLI_14darwin_metrics5utils3ffi8bindings24get_network_stats_native0B9_
FN:1016,_RNvMs3_NtNtNtCsfmodKU9gJLI_14darwin_metrics5utils3ffi8bindingsNtB5_6SmcKey10from_chars
FN:1053,_RNvMs3_NtNtNtCsfmodKU9gJLI_14darwin_metrics5utils3ffi8bindingsNtB5_6SmcKey9to_string
FN:535,_RNvNtNtNtCsfmodKU9gJLI_14darwin_metrics5utils3ffi8bindings17extract_proc_name
FN:543,_RNvNtNtNtCsfmodKU9gJLI_14darwin_metrics5utils3ffi8bindings17is_system_process
FN:556,_RNvNtNtNtCsfmodKU9gJLI_14darwin_metrics5utils3ffi8bindings18smc_key_from_chars
FN:587,_RNvNtNtNtCsfmodKU9gJLI_14darwin_metrics5utils3ffi8bindings24get_network_stats_native
FN:537,_RNCNvNtNtNtCs6POc8he6zg_14darwin_metrics5utils3ffi8bindings17extract_proc_name0B9_
FN:601,_RNCNvNtNtNtCs6POc8he6zg_14darwin_metrics5utils3ffi8bindings24get_network_stats_native0B9_
FN:1016,_RNvMs3_NtNtNtCs6POc8he6zg_14darwin_metrics5utils3ffi8bindingsNtB5_6SmcKey10from_chars
FN:1043,_RNvMs3_NtNtNtCs6POc8he6zg_14darwin_metrics5utils3ffi8bindingsNtB5_6SmcKey8from_str
FN:1075,_RNvMs3_NtNtNtCs6POc8he6zg_14darwin_metrics5utils3ffi8bindingsNtB5_6SmcKey8to_chars
FN:1053,_RNvMs3_NtNtNtCs6POc8he6zg_14darwin_metrics5utils3ffi8bindingsNtB5_6SmcKey9to_string
FN:535,_RNvNtNtNtCs6POc8he6zg_14darwin_metrics5utils3ffi8bindings17extract_proc_name
FN:543,_RNvNtNtNtCs6POc8he6zg_14darwin_metrics5utils3ffi8bindings17is_system_process
FN:556,_RNvNtNtNtCs6POc8he6zg_14darwin_metrics5utils3ffi8bindings18smc_key_from_chars
FN:587,_RNvNtNtNtCs6POc8he6zg_14darwin_metrics5utils3ffi8bindings24get_network_stats_native
FN:842,_RNvXNtNtNtCs6POc8he6zg_14darwin_metrics5utils3ffi8bindingsNtB2_17SMCKeyData_t_dataNtNtCsjCjv0fyyi6U_4core5clone5Clone5clone
FN:877,_RNvXs0_NtNtNtCs6POc8he6zg_14darwin_metrics5utils3ffi8bindingsNtB5_12SMCKeyData_tNtNtCsjCjv0fyyi6U_4core5clone5Clone5clone
FN:885,_RNvXs2_NtNtNtCs6POc8he6zg_14darwin_metrics5utils3ffi8bindingsNtB5_12SMCKeyData_tNtNtCsjCjv0fyyi6U_4core7default7Default7default
FNDA:0,_RNvMs3_NtNtNtCsfmodKU9gJLI_14darwin_metrics5utils3ffi8bindingsNtB5_6SmcKey8from_str
FNDA:0,_RNvMs3_NtNtNtCsfmodKU9gJLI_14darwin_metrics5utils3ffi8bindingsNtB5_6SmcKey8to_chars
FNDA:0,_RNvXNtNtNtCsfmodKU9gJLI_14darwin_metrics5utils3ffi8bindingsNtB2_17SMCKeyData_t_dataNtNtCsjCjv0fyyi6U_4core5clone5Clone5clone
FNDA:0,_RNvXs0_NtNtNtCsfmodKU9gJLI_14darwin_metrics5utils3ffi8bindingsNtB5_12SMCKeyData_tNtNtCsjCjv0fyyi6U_4core5clone5Clone5clone
FNDA:0,_RNvXs2_NtNtNtCsfmodKU9gJLI_14darwin_metrics5utils3ffi8bindingsNtB5_12SMCKeyData_tNtNtCsjCjv0fyyi6U_4core7default7Default7default
FNDA:36,_RNCNvNtNtNtCsfmodKU9gJLI_14darwin_metrics5utils3ffi8bindings17extract_proc_name0B9_
FNDA:2,_RNCNvNtNtNtCsfmodKU9gJLI_14darwin_metrics5utils3ffi8bindings24get_network_stats_native0B9_
FNDA:1,_RNvMs3_NtNtNtCsfmodKU9gJLI_14darwin_metrics5utils3ffi8bindingsNtB5_6SmcKey10from_chars
FNDA:1,_RNvMs3_NtNtNtCsfmodKU9gJLI_14darwin_metrics5utils3ffi8bindingsNtB5_6SmcKey9to_string
FNDA:4,_RNvNtNtNtCsfmodKU9gJLI_14darwin_metrics5utils3ffi8bindings17extract_proc_name
FNDA:15,_RNvNtNtNtCsfmodKU9gJLI_14darwin_metrics5utils3ffi8bindings17is_system_process
FNDA:9,_RNvNtNtNtCsfmodKU9gJLI_14darwin_metrics5utils3ffi8bindings18smc_key_from_chars
FNDA:6,_RNvNtNtNtCsfmodKU9gJLI_14darwin_metrics5utils3ffi8bindings24get_network_stats_native
FNDA:0,_RNCNvNtNtNtCs6POc8he6zg_14darwin_metrics5utils3ffi8bindings17extract_proc_name0B9_
FNDA:0,_RNCNvNtNtNtCs6POc8he6zg_14darwin_metrics5utils3ffi8bindings24get_network_stats_native0B9_
FNDA:15,_RNvMs3_NtNtNtCs6POc8he6zg_14darwin_metrics5utils3ffi8bindingsNtB5_6SmcKey10from_chars
FNDA:9,_RNvMs3_NtNtNtCs6POc8he6zg_14darwin_metrics5utils3ffi8bindingsNtB5_6SmcKey8from_str
FNDA:4,_RNvMs3_NtNtNtCs6POc8he6zg_14darwin_metrics5utils3ffi8bindingsNtB5_6SmcKey8to_chars
FNDA:13,_RNvMs3_NtNtNtCs6POc8he6zg_14darwin_metrics5utils3ffi8bindingsNtB5_6SmcKey9to_string
FNDA:0,_RNvNtNtNtCs6POc8he6zg_14darwin_metrics5utils3ffi8bindings17extract_proc_name
FNDA:0,_RNvNtNtNtCs6POc8he6zg_14darwin_metrics5utils3ffi8bindings17is_system_process
FNDA:0,_RNvNtNtNtCs6POc8he6zg_14darwin_metrics5utils3ffi8bindings18smc_key_from_chars
FNDA:0,_RNvNtNtNtCs6POc8he6zg_14darwin_metrics5utils3ffi8bindings24get_network_stats_native
FNDA:0,_RNvXNtNtNtCs6POc8he6zg_14darwin_metrics5utils3ffi8bindingsNtB2_17SMCKeyData_t_dataNtNtCsjCjv0fyyi6U_4core5clone5Clone5clone
FNDA:0,_RNvXs0_NtNtNtCs6POc8he6zg_14darwin_metrics5utils3ffi8bindingsNtB5_12SMCKeyData_tNtNtCsjCjv0fyyi6U_4core5clone5Clone5clone
FNDA:0,_RNvXs2_NtNtNtCs6POc8he6zg_14darwin_metrics5utils3ffi8bindingsNtB5_12SMCKeyData_tNtNtCsjCjv0fyyi6U_4core7default7Default7default
FNF:13
FNH:10
DA:535,4
DA:536,4
DA:537,36
DA:538,4
DA:539,4
DA:540,4
DA:543,15
DA:544,15
DA:545,15
DA:546,15
DA:547,15
DA:548,15
DA:549,15
DA:550,15
DA:551,10
DA:552,9
DA:553,15
DA:556,9
DA:557,9
DA:558,45
DA:559,36
DA:560,36
DA:561,9
DA:562,9
DA:587,6
DA:592,6
DA:593,2
DA:594,2
DA:595,2
DA:596,2
DA:597,4
DA:598,4
DA:599,4
DA:600,4
DA:601,4
DA:602,2
DA:603,2
DA:604,2
DA:605,2
DA:606,4
DA:609,2
DA:610,2
DA:611,2
DA:612,2
DA:613,2
DA:614,2
DA:615,2
DA:616,2
DA:617,2
DA:618,2
DA:619,2
DA:620,2
DA:621,2
DA:622,2
DA:623,2
DA:624,2
DA:625,2
DA:626,0
DA:627,0
DA:628,0
DA:629,6
DA:842,0
DA:843,0
DA:844,0
DA:877,0
DA:878,0
DA:879,0
DA:885,0
DA:886,0
DA:887,0
DA:888,0
DA:889,0
DA:890,0
DA:891,0
DA:892,0
DA:893,0
DA:894,0
DA:895,0
DA:896,0
DA:897,0
DA:898,0
DA:899,0
DA:900,0
DA:901,0
DA:1016,16
DA:1017,16
DA:1018,64
DA:1019,64
DA:1020,64
DA:1021,16
DA:1022,16
DA:1043,9
DA:1044,9
DA:1045,3
DA:1046,6
DA:1047,6
DA:1048,6
DA:1049,6
DA:1050,9
DA:1053,14
DA:1054,14
DA:1055,14
DA:1075,4
DA:1076,4
DA:1077,20
DA:1078,16
DA:1079,16
DA:1080,16
DA:1081,4
DA:1082,4
BRF:0
BRH:0
LF:113
LH:87
end_of_record
SF:/Users/smeya/git/darwin-metrics/src/utils/mod.rs
FN:172,_RINvNtCsfmodKU9gJLI_14darwin_metrics5utils14objc_safe_execppEB4_
FN:164,_RINvNtCsfmodKU9gJLI_14darwin_metrics5utils16autorelease_poolppEB4_
FN:168,_RNCINvNtCsfmodKU9gJLI_14darwin_metrics5utils16autorelease_poolppE0B6_
FN:236,_RNCNCNvNtCsfmodKU9gJLI_14darwin_metrics5utils8get_name00B7_
FN:235,_RNCNvNtCsfmodKU9gJLI_14darwin_metrics5utils8get_name0B5_
FN:83,_RNvMNtCsfmodKU9gJLI_14darwin_metrics5utilsNtB2_17CStringConversion3new
FN:116,_RNvMs0_NtCsfmodKU9gJLI_14darwin_metrics5utilsNtB5_16RawStrConversion3new
FN:149,_RNvMs2_NtCsfmodKU9gJLI_14darwin_metrics5utilsNtB5_18F64SliceConversion3new
FN:194,_RNvNtCsfmodKU9gJLI_14darwin_metrics5utils15c_str_to_string
FN:210,_RNvNtCsfmodKU9gJLI_14darwin_metrics5utils17raw_str_to_string
FN:225,_RNvNtCsfmodKU9gJLI_14darwin_metrics5utils20raw_f64_slice_to_vec
FN:230,_RNvNtCsfmodKU9gJLI_14darwin_metrics5utils8get_name
FN:122,_RNvXs1_NtCsfmodKU9gJLI_14darwin_metrics5utilsNtB5_16RawStrConversionINtB5_16UnsafeConversionNtNtCseSilAhKSnT0_5alloc6string6StringE7convert
FN:155,_RNvXs3_NtCsfmodKU9gJLI_14darwin_metrics5utilsNtB5_18F64SliceConversionINtB5_16UnsafeConversionINtNtCseSilAhKSnT0_5alloc3vec3VecdEE7convert
FN:89,_RNvXs_NtCsfmodKU9gJLI_14darwin_metrics5utilsNtB4_17CStringConversionINtB4_16UnsafeConversionNtNtCseSilAhKSnT0_5alloc6string6StringE7convert
FN:236,_RNCNCNvNtCs6POc8he6zg_14darwin_metrics5utils8get_name00B7_
FN:172,_RINvNtCs6POc8he6zg_14darwin_metrics5utils14objc_safe_execNtNtCseSilAhKSnT0_5alloc6string6StringNCNCNvB2_8get_name00EB4_
FN:164,_RINvNtCs6POc8he6zg_14darwin_metrics5utils16autorelease_poolINtNtCsjCjv0fyyi6U_4core6result6ResultNtNtCseSilAhKSnT0_5alloc6string6StringNtNtB4_5error5ErrorENCNvB2_8get_name0EB4_
FN:168,_RNCINvNtCs6POc8he6zg_14darwin_metrics5utils16autorelease_poolINtNtCsjCjv0fyyi6U_4core6result6ResultNtNtCseSilAhKSnT0_5alloc6string6StringNtNtB6_5error5ErrorENCNvB4_8get_name0E0B6_
FN:235,_RNCNvNtCs6POc8he6zg_14darwin_metrics5utils8get_name0B5_
FN:83,_RNvMNtCs6POc8he6zg_14darwin_metrics5utilsNtB2_17CStringConversion3new
FN:116,_RNvMs0_NtCs6POc8he6zg_14darwin_metrics5utilsNtB5_16RawStrConversion3new
FN:149,_RNvMs2_NtCs6POc8he6zg_14darwin_metrics5utilsNtB5_18F64SliceConversion3new
FN:194,_RNvNtCs6POc8he6zg_14darwin_metrics5utils15c_str_to_string
FN:210,_RNvNtCs6POc8he6zg_14darwin_metrics5utils17raw_str_to_string
FN:225,_RNvNtCs6POc8he6zg_14darwin_metrics5utils20raw_f64_slice_to_vec
FN:230,_RNvNtCs6POc8he6zg_14darwin_metrics5utils8get_name
FN:122,_RNvXs1_NtCs6POc8he6zg_14darwin_metrics5utilsNtB5_16RawStrConversionINtB5_16UnsafeConversionNtNtCseSilAhKSnT0_5alloc6string6StringE7convert
FN:155,_RNvXs3_NtCs6POc8he6zg_14darwin_metrics5utilsNtB5_18F64SliceConversionINtB5_16UnsafeConversionINtNtCseSilAhKSnT0_5alloc3vec3VecdEE7convert
FN:89,_RNvXs_NtCs6POc8he6zg_14darwin_metrics5utilsNtB4_17CStringConversionINtB4_16UnsafeConversionNtNtCseSilAhKSnT0_5alloc6string6StringE7convert
FNDA:0,_RINvNtCsfmodKU9gJLI_14darwin_metrics5utils14objc_safe_execppEB4_
FNDA:0,_RINvNtCsfmodKU9gJLI_14darwin_metrics5utils16autorelease_poolppEB4_
FNDA:0,_RNCINvNtCsfmodKU9gJLI_14darwin_metrics5utils16autorelease_poolppE0B6_
FNDA:0,_RNCNCNvNtCsfmodKU9gJLI_14darwin_metrics5utils8get_name00B7_
FNDA:0,_RNCNvNtCsfmodKU9gJLI_14darwin_metrics5utils8get_name0B5_
FNDA:0,_RNvMNtCsfmodKU9gJLI_14darwin_metrics5utilsNtB2_17CStringConversion3new
FNDA:0,_RNvMs0_NtCsfmodKU9gJLI_14darwin_metrics5utilsNtB5_16RawStrConversion3new
FNDA:0,_RNvMs2_NtCsfmodKU9gJLI_14darwin_metrics5utilsNtB5_18F64SliceConversion3new
FNDA:0,_RNvNtCsfmodKU9gJLI_14darwin_metrics5utils15c_str_to_string
FNDA:0,_RNvNtCsfmodKU9gJLI_14darwin_metrics5utils17raw_str_to_string
FNDA:0,_RNvNtCsfmodKU9gJLI_14darwin_metrics5utils20raw_f64_slice_to_vec
FNDA:0,_RNvNtCsfmodKU9gJLI_14darwin_metrics5utils8get_name
FNDA:0,_RNvXs1_NtCsfmodKU9gJLI_14darwin_metrics5utilsNtB5_16RawStrConversionINtB5_16UnsafeConversionNtNtCseSilAhKSnT0_5alloc6string6StringE7convert
FNDA:0,_RNvXs3_NtCsfmodKU9gJLI_14darwin_metrics5utilsNtB5_18F64SliceConversionINtB5_16UnsafeConversionINtNtCseSilAhKSnT0_5alloc3vec3VecdEE7convert
FNDA:0,_RNvXs_NtCsfmodKU9gJLI_14darwin_metrics5utilsNtB4_17CStringConversionINtB4_16UnsafeConversionNtNtCseSilAhKSnT0_5alloc6string6StringE7convert
FNDA:0,_RNCNCNvNtCs6POc8he6zg_14darwin_metrics5utils8get_name00B7_
FNDA:0,_RINvNtCs6POc8he6zg_14darwin_metrics5utils14objc_safe_execNtNtCseSilAhKSnT0_5alloc6string6StringNCNCNvB2_8get_name00EB4_
FNDA:0,_RINvNtCs6POc8he6zg_14darwin_metrics5utils16autorelease_poolINtNtCsjCjv0fyyi6U_4core6result6ResultNtNtCseSilAhKSnT0_5alloc6string6StringNtNtB4_5error5ErrorENCNvB2_8get_name0EB4_
FNDA:0,_RNCINvNtCs6POc8he6zg_14darwin_metrics5utils16autorelease_poolINtNtCsjCjv0fyyi6U_4core6result6ResultNtNtCseSilAhKSnT0_5alloc6string6StringNtNtB6_5error5ErrorENCNvB4_8get_name0E0B6_
FNDA:0,_RNCNvNtCs6POc8he6zg_14darwin_metrics5utils8get_name0B5_
FNDA:0,_RNvMNtCs6POc8he6zg_14darwin_metrics5utilsNtB2_17CStringConversion3new
FNDA:0,_RNvMs0_NtCs6POc8he6zg_14darwin_metrics5utilsNtB5_16RawStrConversion3new
FNDA:0,_RNvMs2_NtCs6POc8he6zg_14darwin_metrics5utilsNtB5_18F64SliceConversion3new
FNDA:0,_RNvNtCs6POc8he6zg_14darwin_metrics5utils15c_str_to_string
FNDA:0,_RNvNtCs6POc8he6zg_14darwin_metrics5utils17raw_str_to_string
FNDA:0,_RNvNtCs6POc8he6zg_14darwin_metrics5utils20raw_f64_slice_to_vec
FNDA:0,_RNvNtCs6POc8he6zg_14darwin_metrics5utils8get_name
FNDA:0,_RNvXs1_NtCs6POc8he6zg_14darwin_metrics5utilsNtB5_16RawStrConversionINtB5_16UnsafeConversionNtNtCseSilAhKSnT0_5alloc6string6StringE7convert
FNDA:0,_RNvXs3_NtCs6POc8he6zg_14darwin_metrics5utilsNtB5_18F64SliceConversionINtB5_16UnsafeConversionINtNtCseSilAhKSnT0_5alloc3vec3VecdEE7convert
FNDA:0,_RNvXs_NtCs6POc8he6zg_14darwin_metrics5utilsNtB4_17CStringConversionINtB4_16UnsafeConversionNtNtCseSilAhKSnT0_5alloc6string6StringE7convert
FNF:15
FNH:0
DA:83,0
DA:84,0
DA:85,0
DA:89,0
DA:90,0
DA:91,0
DA:92,0
DA:93,0
DA:94,0
DA:116,0
DA:117,0
DA:118,0
DA:122,0
DA:123,0
DA:124,0
DA:125,0
DA:126,0
DA:127,0
DA:128,0
DA:149,0
DA:150,0
DA:151,0
DA:155,0
DA:156,0
DA:157,0
DA:158,0
DA:159,0
DA:160,0
DA:164,0
DA:165,0
DA:166,0
DA:167,0
DA:168,0
DA:169,0
DA:172,0
DA:173,0
DA:174,0
DA:175,0
DA:176,0
DA:177,0
DA:178,0
DA:179,0
DA:181,0
DA:194,0
DA:195,0
DA:196,0
DA:210,0
DA:211,0
DA:212,0
DA:225,0
DA:226,0
DA:227,0
DA:230,0
DA:231,0
DA:232,0
DA:233,0
DA:234,0
DA:235,0
DA:236,0
DA:237,0
DA:238,0
DA:239,0
DA:240,0
DA:241,0
DA:242,0
DA:243,0
DA:244,0
DA:245,0
DA:246,0
DA:247,0
DA:248,0
DA:249,0
DA:250,0
DA:251,0
DA:252,0
DA:253,0
DA:254,0
DA:255,0
DA:256,0
DA:257,0
DA:258,0
DA:259,0
BRF:0
BRH:0
LF:87
LH:0
end_of_record