SF:/Users/smeya/git/darwin-metrics/src/battery/mod.rs
FN:55,_RNvMs_NtCshKzkSAARfhV_14darwin_metrics7batteryNtB4_7Battery3new
FN:167,_RNvMs_NtCshKzkSAARfhV_14darwin_metrics7batteryNtB4_7Battery11is_critical
FN:144,_RNvMs_NtCshKzkSAARfhV_14darwin_metrics7batteryNtB4_7Battery11with_values
FN:186,_RNvMs_NtCshKzkSAARfhV_14darwin_metrics7batteryNtB4_7Battery14is_health_poor
FN:190,_RNvMs_NtCshKzkSAARfhV_14darwin_metrics7batteryNtB4_7Battery20has_high_cycle_count
FN:194,_RNvMs_NtCshKzkSAARfhV_14darwin_metrics7batteryNtB4_7Battery20power_source_display
FN:175,_RNvMs_NtCshKzkSAARfhV_14darwin_metrics7batteryNtB4_7Battery22time_remaining_display
FN:202,_RNvMs_NtCshKzkSAARfhV_14darwin_metrics7batteryNtB4_7Battery23is_temperature_critical
FN:171,_RNvMs_NtCshKzkSAARfhV_14darwin_metrics7batteryNtB4_7Battery6is_low
FN:66,_RNvMs_NtCshKzkSAARfhV_14darwin_metrics7batteryNtB4_7Battery6update
FN:128,_RNvMs_NtCshKzkSAARfhV_14darwin_metrics7batteryNtB4_7Battery8get_info
FN:44,_RNvXNtCshKzkSAARfhV_14darwin_metrics7batteryNtB2_7BatteryNtNtCs4P3ALgZxGbJ_4core7default7Default7default
FN:208,_RNvXs0_NtCshKzkSAARfhV_14darwin_metrics7batteryNtB5_7BatteryNtNtCs4P3ALgZxGbJ_4core5clone5Clone5clone
FN:224,_RNvXs1_NtCshKzkSAARfhV_14darwin_metrics7batteryNtB5_7BatteryNtNtCs4P3ALgZxGbJ_4core3cmp9PartialEq2eq
FN:167,_RNvMs_NtCsidZjL1D1cJh_14darwin_metrics7batteryNtB4_7Battery11is_critical
FN:144,_RNvMs_NtCsidZjL1D1cJh_14darwin_metrics7batteryNtB4_7Battery11with_values
FN:186,_RNvMs_NtCsidZjL1D1cJh_14darwin_metrics7batteryNtB4_7Battery14is_health_poor
FN:190,_RNvMs_NtCsidZjL1D1cJh_14darwin_metrics7batteryNtB4_7Battery20has_high_cycle_count
FN:194,_RNvMs_NtCsidZjL1D1cJh_14darwin_metrics7batteryNtB4_7Battery20power_source_display
FN:175,_RNvMs_NtCsidZjL1D1cJh_14darwin_metrics7batteryNtB4_7Battery22time_remaining_display
FN:202,_RNvMs_NtCsidZjL1D1cJh_14darwin_metrics7batteryNtB4_7Battery23is_temperature_critical
FN:55,_RNvMs_NtCsidZjL1D1cJh_14darwin_metrics7batteryNtB4_7Battery3new
FN:171,_RNvMs_NtCsidZjL1D1cJh_14darwin_metrics7batteryNtB4_7Battery6is_low
FN:66,_RNvMs_NtCsidZjL1D1cJh_14darwin_metrics7batteryNtB4_7Battery6update
FN:128,_RNvMs_NtCsidZjL1D1cJh_14darwin_metrics7batteryNtB4_7Battery8get_info
FN:44,_RNvXNtCsidZjL1D1cJh_14darwin_metrics7batteryNtB2_7BatteryNtNtCs4P3ALgZxGbJ_4core7default7Default7default
FN:208,_RNvXs0_NtCsidZjL1D1cJh_14darwin_metrics7batteryNtB5_7BatteryNtNtCs4P3ALgZxGbJ_4core5clone5Clone5clone
FN:224,_RNvXs1_NtCsidZjL1D1cJh_14darwin_metrics7batteryNtB5_7BatteryNtNtCs4P3ALgZxGbJ_4core3cmp9PartialEq2eq
FNDA:0,_RNvMs_NtCshKzkSAARfhV_14darwin_metrics7batteryNtB4_7Battery3new
FNDA:0,_RNvMs_NtCshKzkSAARfhV_14darwin_metrics7batteryNtB4_7Battery11is_critical
FNDA:0,_RNvMs_NtCshKzkSAARfhV_14darwin_metrics7batteryNtB4_7Battery11with_values
FNDA:0,_RNvMs_NtCshKzkSAARfhV_14darwin_metrics7batteryNtB4_7Battery14is_health_poor
FNDA:0,_RNvMs_NtCshKzkSAARfhV_14darwin_metrics7batteryNtB4_7Battery20has_high_cycle_count
FNDA:0,_RNvMs_NtCshKzkSAARfhV_14darwin_metrics7batteryNtB4_7Battery20power_source_display
FNDA:0,_RNvMs_NtCshKzkSAARfhV_14darwin_metrics7batteryNtB4_7Battery22time_remaining_display
FNDA:0,_RNvMs_NtCshKzkSAARfhV_14darwin_metrics7batteryNtB4_7Battery23is_temperature_critical
FNDA:0,_RNvMs_NtCshKzkSAARfhV_14darwin_metrics7batteryNtB4_7Battery6is_low
FNDA:0,_RNvMs_NtCshKzkSAARfhV_14darwin_metrics7batteryNtB4_7Battery6update
FNDA:0,_RNvMs_NtCshKzkSAARfhV_14darwin_metrics7batteryNtB4_7Battery8get_info
FNDA:0,_RNvXNtCshKzkSAARfhV_14darwin_metrics7batteryNtB2_7BatteryNtNtCs4P3ALgZxGbJ_4core7default7Default7default
FNDA:0,_RNvXs0_NtCshKzkSAARfhV_14darwin_metrics7batteryNtB5_7BatteryNtNtCs4P3ALgZxGbJ_4core5clone5Clone5clone
FNDA:0,_RNvXs1_NtCshKzkSAARfhV_14darwin_metrics7batteryNtB5_7BatteryNtNtCs4P3ALgZxGbJ_4core3cmp9PartialEq2eq
FNDA:0,_RNvMs_NtCsidZjL1D1cJh_14darwin_metrics7batteryNtB4_7Battery11is_critical
FNDA:0,_RNvMs_NtCsidZjL1D1cJh_14darwin_metrics7batteryNtB4_7Battery11with_values
FNDA:0,_RNvMs_NtCsidZjL1D1cJh_14darwin_metrics7batteryNtB4_7Battery14is_health_poor
FNDA:0,_RNvMs_NtCsidZjL1D1cJh_14darwin_metrics7batteryNtB4_7Battery20has_high_cycle_count
FNDA:0,_RNvMs_NtCsidZjL1D1cJh_14darwin_metrics7batteryNtB4_7Battery20power_source_display
FNDA:0,_RNvMs_NtCsidZjL1D1cJh_14darwin_metrics7batteryNtB4_7Battery22time_remaining_display
FNDA:0,_RNvMs_NtCsidZjL1D1cJh_14darwin_metrics7batteryNtB4_7Battery23is_temperature_critical
FNDA:0,_RNvMs_NtCsidZjL1D1cJh_14darwin_metrics7batteryNtB4_7Battery3new
FNDA:0,_RNvMs_NtCsidZjL1D1cJh_14darwin_metrics7batteryNtB4_7Battery6is_low
FNDA:0,_RNvMs_NtCsidZjL1D1cJh_14darwin_metrics7batteryNtB4_7Battery6update
FNDA:0,_RNvMs_NtCsidZjL1D1cJh_14darwin_metrics7batteryNtB4_7Battery8get_info
FNDA:0,_RNvXNtCsidZjL1D1cJh_14darwin_metrics7batteryNtB2_7BatteryNtNtCs4P3ALgZxGbJ_4core7default7Default7default
FNDA:0,_RNvXs0_NtCsidZjL1D1cJh_14darwin_metrics7batteryNtB5_7BatteryNtNtCs4P3ALgZxGbJ_4core5clone5Clone5clone
FNDA:0,_RNvXs1_NtCsidZjL1D1cJh_14darwin_metrics7batteryNtB5_7BatteryNtNtCs4P3ALgZxGbJ_4core3cmp9PartialEq2eq
FNF:14
FNH:0
DA:44,0
DA:45,0
DA:46,0
DA:55,0
DA:56,0
DA:57,0
DA:58,0
DA:59,0
DA:66,0
DA:67,0
DA:68,0
DA:70,0
DA:71,0
DA:74,0
DA:76,0
DA:77,0
DA:78,0
DA:79,0
DA:80,0
DA:81,0
DA:82,0
DA:83,0
DA:84,0
DA:85,0
DA:86,0
DA:87,0
DA:88,0
DA:89,0
DA:90,0
DA:91,0
DA:92,0
DA:93,0
DA:94,0
DA:96,0
DA:97,0
DA:98,0
DA:99,0
DA:100,0
DA:101,0
DA:103,0
DA:104,0
DA:105,0
DA:106,0
DA:107,0
DA:108,0
DA:110,0
DA:111,0
DA:112,0
DA:113,0
DA:114,0
DA:115,0
DA:116,0
DA:117,0
DA:118,0
DA:119,0
DA:120,0
DA:121,0
DA:128,0
DA:129,0
DA:130,0
DA:132,0
DA:133,0
DA:136,0
DA:137,0
DA:138,0
DA:140,0
DA:144,0
DA:145,0
DA:146,0
DA:147,0
DA:148,0
DA:149,0
DA:150,0
DA:151,0
DA:152,0
DA:153,0
DA:154,0
DA:155,0
DA:156,0
DA:157,0
DA:158,0
DA:159,0
DA:160,0
DA:161,0
DA:162,0
DA:163,0
DA:164,0
DA:165,0
DA:167,0
DA:168,0
DA:169,0
DA:171,0
DA:172,0
DA:173,0
DA:175,0
DA:176,0
DA:177,0
DA:178,0
DA:180,0
DA:181,0
DA:182,0
DA:184,0
DA:186,0
DA:187,0
DA:188,0
DA:190,0
DA:191,0
DA:192,0
DA:194,0
DA:195,0
DA:196,0
DA:197,0
DA:198,0
DA:200,0
DA:202,0
DA:203,0
DA:204,0
DA:208,0
DA:209,0
DA:210,0
DA:211,0
DA:212,0
DA:213,0
DA:214,0
DA:215,0
DA:216,0
DA:217,0
DA:218,0
DA:219,0
DA:220,0
DA:224,0
DA:225,0
DA:226,0
DA:227,0
DA:228,0
DA:229,0
DA:230,0
DA:231,0
DA:232,0
DA:233,0
BRF:0
BRH:0
LF:140
LH:0
end_of_record
SF:/Users/smeya/git/darwin-metrics/src/battery/tests.rs
FN:168,_RNvNtNtCshKzkSAARfhV_14darwin_metrics7battery5tests19create_mock_battery
FN:344,_RNvNtNtCshKzkSAARfhV_14darwin_metrics7battery5testss_15test_battery_eq
FN:185,_RNvNtNtCshKzkSAARfhV_14darwin_metrics7battery5testss_16test_battery_new
FN:329,_RNvNtNtCshKzkSAARfhV_14darwin_metrics7battery5testss_18test_battery_clone
FN:263,_RNvNtNtCshKzkSAARfhV_14darwin_metrics7battery5testss_19test_battery_is_low
FN:226,_RNvNtNtCshKzkSAARfhV_14darwin_metrics7battery5testss_21test_battery_get_info
FN:252,_RNvNtNtCshKzkSAARfhV_14darwin_metrics7battery5testss_24test_battery_is_critical
FN:237,_RNvNtNtCshKzkSAARfhV_14darwin_metrics7battery5testss_24test_battery_with_values
FN:290,_RNvNtNtCshKzkSAARfhV_14darwin_metrics7battery5testss_27test_battery_is_health_poor
FN:193,_RNvNtNtCshKzkSAARfhV_14darwin_metrics7battery5testss_27test_battery_update_present
FN:210,_RNvNtNtCshKzkSAARfhV_14darwin_metrics7battery5testss_31test_battery_update_not_present
FN:299,_RNvNtNtCshKzkSAARfhV_14darwin_metrics7battery5testss_33test_battery_has_high_cycle_count
FN:308,_RNvNtNtCshKzkSAARfhV_14darwin_metrics7battery5testss_33test_battery_power_source_display
FN:272,_RNvNtNtCshKzkSAARfhV_14darwin_metrics7battery5testss_35test_battery_time_remaining_display
FN:320,_RNvNtNtCshKzkSAARfhV_14darwin_metrics7battery5testss_36test_battery_is_temperature_critical
FN:84,_RNvXNtNtCshKzkSAARfhV_14darwin_metrics7battery5testsNtB2_9MockIOKitNtNtNtB6_8hardware5iokit5IOKit11get_service
FN:125,_RNvXNtNtCshKzkSAARfhV_14darwin_metrics7battery5testsNtB2_9MockIOKitNtNtNtB6_8hardware5iokit5IOKit12get_all_fans
FN:121,_RNvXNtNtCshKzkSAARfhV_14darwin_metrics7battery5testsNtB2_9MockIOKitNtNtNtB6_8hardware5iokit5IOKit12get_fan_info
FN:162,_RNvXNtNtCshKzkSAARfhV_14darwin_metrics7battery5testsNtB2_9MockIOKitNtNtNtB6_8hardware5iokit5IOKit12read_smc_key
FN:142,_RNvXNtNtCshKzkSAARfhV_14darwin_metrics7battery5testsNtB2_9MockIOKitNtNtNtB6_8hardware5iokit5IOKit13get_cpu_power
FN:117,_RNvXNtNtCshKzkSAARfhV_14darwin_metrics7battery5testsNtB2_9MockIOKitNtNtNtB6_8hardware5iokit5IOKit13get_fan_count
FN:113,_RNvXNtNtCshKzkSAARfhV_14darwin_metrics7battery5testsNtB2_9MockIOKitNtNtNtB6_8hardware5iokit5IOKit13get_fan_speed
FN:101,_RNvXNtNtCshKzkSAARfhV_14darwin_metrics7battery5testsNtB2_9MockIOKitNtNtNtB6_8hardware5iokit5IOKit13get_gpu_stats
FN:150,_RNvXNtNtCshKzkSAARfhV_14darwin_metrics7battery5testsNtB2_9MockIOKitNtNtNtB6_8hardware5iokit5IOKit16get_thermal_info
FN:63,_RNvXNtNtCshKzkSAARfhV_14darwin_metrics7battery5testsNtB2_9MockIOKitNtNtNtB6_8hardware5iokit5IOKit17get_bool_property
FN:76,_RNvXNtNtCshKzkSAARfhV_14darwin_metrics7battery5testsNtB2_9MockIOKitNtNtNtB6_8hardware5iokit5IOKit17get_dict_property
FN:37,_RNvXNtNtCshKzkSAARfhV_14darwin_metrics7battery5testsNtB2_9MockIOKitNtNtNtB6_8hardware5iokit5IOKit17io_object_release
FN:93,_RNvXNtNtCshKzkSAARfhV_14darwin_metrics7battery5testsNtB2_9MockIOKitNtNtNtB6_8hardware5iokit5IOKit19get_cpu_temperature
FN:97,_RNvXNtNtCshKzkSAARfhV_14darwin_metrics7battery5testsNtB2_9MockIOKitNtNtNtB6_8hardware5iokit5IOKit19get_gpu_temperature
FN:47,_RNvXNtNtCshKzkSAARfhV_14darwin_metrics7battery5testsNtB2_9MockIOKitNtNtNtB6_8hardware5iokit5IOKit19get_number_property
FN:39,_RNvXNtNtCshKzkSAARfhV_14darwin_metrics7battery5testsNtB2_9MockIOKitNtNtNtB6_8hardware5iokit5IOKit19get_string_property
FN:16,_RNvXNtNtCshKzkSAARfhV_14darwin_metrics7battery5testsNtB2_9MockIOKitNtNtNtB6_8hardware5iokit5IOKit19io_service_matching
FN:134,_RNvXNtNtCshKzkSAARfhV_14darwin_metrics7battery5testsNtB2_9MockIOKitNtNtNtB6_8hardware5iokit5IOKit23get_ambient_temperature
FN:138,_RNvXNtNtCshKzkSAARfhV_14darwin_metrics7battery5testsNtB2_9MockIOKitNtNtNtB6_8hardware5iokit5IOKit23get_battery_temperature
FN:146,_RNvXNtNtCshKzkSAARfhV_14darwin_metrics7battery5testsNtB2_9MockIOKitNtNtNtB6_8hardware5iokit5IOKit24check_thermal_throttling
FN:130,_RNvXNtNtCshKzkSAARfhV_14darwin_metrics7battery5testsNtB2_9MockIOKitNtNtNtB6_8hardware5iokit5IOKit24get_heatsink_temperature
FN:88,_RNvXNtNtCshKzkSAARfhV_14darwin_metrics7battery5testsNtB2_9MockIOKitNtNtNtB6_8hardware5iokit5IOKit28io_registry_entry_get_parent
FN:23,_RNvXNtNtCshKzkSAARfhV_14darwin_metrics7battery5testsNtB2_9MockIOKitNtNtNtB6_8hardware5iokit5IOKit31io_service_get_matching_service
FN:30,_RNvXNtNtCshKzkSAARfhV_14darwin_metrics7battery5testsNtB2_9MockIOKitNtNtNtB6_8hardware5iokit5IOKit38io_registry_entry_create_cf_properties
FNDA:0,_RNvNtNtCshKzkSAARfhV_14darwin_metrics7battery5tests19create_mock_battery
FNDA:0,_RNvNtNtCshKzkSAARfhV_14darwin_metrics7battery5testss_15test_battery_eq
FNDA:0,_RNvNtNtCshKzkSAARfhV_14darwin_metrics7battery5testss_16test_battery_new
FNDA:0,_RNvNtNtCshKzkSAARfhV_14darwin_metrics7battery5testss_18test_battery_clone
FNDA:0,_RNvNtNtCshKzkSAARfhV_14darwin_metrics7battery5testss_19test_battery_is_low
FNDA:0,_RNvNtNtCshKzkSAARfhV_14darwin_metrics7battery5testss_21test_battery_get_info
FNDA:0,_RNvNtNtCshKzkSAARfhV_14darwin_metrics7battery5testss_24test_battery_is_critical
FNDA:0,_RNvNtNtCshKzkSAARfhV_14darwin_metrics7battery5testss_24test_battery_with_values
FNDA:0,_RNvNtNtCshKzkSAARfhV_14darwin_metrics7battery5testss_27test_battery_is_health_poor
FNDA:0,_RNvNtNtCshKzkSAARfhV_14darwin_metrics7battery5testss_27test_battery_update_present
FNDA:0,_RNvNtNtCshKzkSAARfhV_14darwin_metrics7battery5testss_31test_battery_update_not_present
FNDA:0,_RNvNtNtCshKzkSAARfhV_14darwin_metrics7battery5testss_33test_battery_has_high_cycle_count
FNDA:0,_RNvNtNtCshKzkSAARfhV_14darwin_metrics7battery5testss_33test_battery_power_source_display
FNDA:0,_RNvNtNtCshKzkSAARfhV_14darwin_metrics7battery5testss_35test_battery_time_remaining_display
FNDA:0,_RNvNtNtCshKzkSAARfhV_14darwin_metrics7battery5testss_36test_battery_is_temperature_critical
FNDA:0,_RNvXNtNtCshKzkSAARfhV_14darwin_metrics7battery5testsNtB2_9MockIOKitNtNtNtB6_8hardware5iokit5IOKit11get_service
FNDA:0,_RNvXNtNtCshKzkSAARfhV_14darwin_metrics7battery5testsNtB2_9MockIOKitNtNtNtB6_8hardware5iokit5IOKit12get_all_fans
FNDA:0,_RNvXNtNtCshKzkSAARfhV_14darwin_metrics7battery5testsNtB2_9MockIOKitNtNtNtB6_8hardware5iokit5IOKit12get_fan_info
FNDA:0,_RNvXNtNtCshKzkSAARfhV_14darwin_metrics7battery5testsNtB2_9MockIOKitNtNtNtB6_8hardware5iokit5IOKit12read_smc_key
FNDA:0,_RNvXNtNtCshKzkSAARfhV_14darwin_metrics7battery5testsNtB2_9MockIOKitNtNtNtB6_8hardware5iokit5IOKit13get_cpu_power
FNDA:0,_RNvXNtNtCshKzkSAARfhV_14darwin_metrics7battery5testsNtB2_9MockIOKitNtNtNtB6_8hardware5iokit5IOKit13get_fan_count
FNDA:0,_RNvXNtNtCshKzkSAARfhV_14darwin_metrics7battery5testsNtB2_9MockIOKitNtNtNtB6_8hardware5iokit5IOKit13get_fan_speed
FNDA:0,_RNvXNtNtCshKzkSAARfhV_14darwin_metrics7battery5testsNtB2_9MockIOKitNtNtNtB6_8hardware5iokit5IOKit13get_gpu_stats
FNDA:0,_RNvXNtNtCshKzkSAARfhV_14darwin_metrics7battery5testsNtB2_9MockIOKitNtNtNtB6_8hardware5iokit5IOKit16get_thermal_info
FNDA:0,_RNvXNtNtCshKzkSAARfhV_14darwin_metrics7battery5testsNtB2_9MockIOKitNtNtNtB6_8hardware5iokit5IOKit17get_bool_property
FNDA:0,_RNvXNtNtCshKzkSAARfhV_14darwin_metrics7battery5testsNtB2_9MockIOKitNtNtNtB6_8hardware5iokit5IOKit17get_dict_property
FNDA:0,_RNvXNtNtCshKzkSAARfhV_14darwin_metrics7battery5testsNtB2_9MockIOKitNtNtNtB6_8hardware5iokit5IOKit17io_object_release
FNDA:0,_RNvXNtNtCshKzkSAARfhV_14darwin_metrics7battery5testsNtB2_9MockIOKitNtNtNtB6_8hardware5iokit5IOKit19get_cpu_temperature
FNDA:0,_RNvXNtNtCshKzkSAARfhV_14darwin_metrics7battery5testsNtB2_9MockIOKitNtNtNtB6_8hardware5iokit5IOKit19get_gpu_temperature
FNDA:0,_RNvXNtNtCshKzkSAARfhV_14darwin_metrics7battery5testsNtB2_9MockIOKitNtNtNtB6_8hardware5iokit5IOKit19get_number_property
FNDA:0,_RNvXNtNtCshKzkSAARfhV_14darwin_metrics7battery5testsNtB2_9MockIOKitNtNtNtB6_8hardware5iokit5IOKit19get_string_property
FNDA:0,_RNvXNtNtCshKzkSAARfhV_14darwin_metrics7battery5testsNtB2_9MockIOKitNtNtNtB6_8hardware5iokit5IOKit19io_service_matching
FNDA:0,_RNvXNtNtCshKzkSAARfhV_14darwin_metrics7battery5testsNtB2_9MockIOKitNtNtNtB6_8hardware5iokit5IOKit23get_ambient_temperature
FNDA:0,_RNvXNtNtCshKzkSAARfhV_14darwin_metrics7battery5testsNtB2_9MockIOKitNtNtNtB6_8hardware5iokit5IOKit23get_battery_temperature
FNDA:0,_RNvXNtNtCshKzkSAARfhV_14darwin_metrics7battery5testsNtB2_9MockIOKitNtNtNtB6_8hardware5iokit5IOKit24check_thermal_throttling
FNDA:0,_RNvXNtNtCshKzkSAARfhV_14darwin_metrics7battery5testsNtB2_9MockIOKitNtNtNtB6_8hardware5iokit5IOKit24get_heatsink_temperature
FNDA:0,_RNvXNtNtCshKzkSAARfhV_14darwin_metrics7battery5testsNtB2_9MockIOKitNtNtNtB6_8hardware5iokit5IOKit28io_registry_entry_get_parent
FNDA:0,_RNvXNtNtCshKzkSAARfhV_14darwin_metrics7battery5testsNtB2_9MockIOKitNtNtNtB6_8hardware5iokit5IOKit31io_service_get_matching_service
FNDA:0,_RNvXNtNtCshKzkSAARfhV_14darwin_metrics7battery5testsNtB2_9MockIOKitNtNtNtB6_8hardware5iokit5IOKit38io_registry_entry_create_cf_properties
FNF:39
FNH:0
DA:16,0
DA:17,0
DA:18,0
DA:19,0
DA:20,0
DA:21,0
DA:23,0
DA:24,0
DA:25,0
DA:26,0
DA:27,0
DA:28,0
DA:30,0
DA:31,0
DA:32,0
DA:33,0
DA:34,0
DA:35,0
DA:37,0
DA:39,0
DA:40,0
DA:41,0
DA:42,0
DA:43,0
DA:44,0
DA:45,0
DA:47,0
DA:48,0
DA:49,0
DA:50,0
DA:51,0
DA:52,0
DA:53,0
DA:54,0
DA:55,0
DA:56,0
DA:57,0
DA:58,0
DA:59,0
DA:61,0
DA:63,0
DA:64,0
DA:65,0
DA:66,0
DA:67,0
DA:68,0
DA:69,0
DA:70,0
DA:71,0
DA:72,0
DA:74,0
DA:76,0
DA:77,0
DA:78,0
DA:79,0
DA:80,0
DA:81,0
DA:82,0
DA:84,0
DA:85,0
DA:86,0
DA:88,0
DA:89,0
DA:90,0
DA:93,0
DA:94,0
DA:95,0
DA:97,0
DA:98,0
DA:99,0
DA:101,0
DA:102,0
DA:103,0
DA:104,0
DA:105,0
DA:106,0
DA:107,0
DA:108,0
DA:109,0
DA:110,0
DA:113,0
DA:114,0
DA:115,0
DA:117,0
DA:118,0
DA:119,0
DA:121,0
DA:122,0
DA:123,0
DA:125,0
DA:126,0
DA:127,0
DA:130,0
DA:131,0
DA:132,0
DA:134,0
DA:135,0
DA:136,0
DA:138,0
DA:139,0
DA:140,0
DA:142,0
DA:143,0
DA:144,0
DA:146,0
DA:147,0
DA:148,0
DA:150,0
DA:151,0
DA:152,0
DA:153,0
DA:154,0
DA:155,0
DA:156,0
DA:157,0
DA:158,0
DA:159,0
DA:160,0
DA:162,0
DA:163,0
DA:164,0
DA:168,0
DA:169,0
DA:170,0
DA:171,0
DA:172,0
DA:173,0
DA:174,0
DA:175,0
DA:176,0
DA:177,0
DA:178,0
DA:179,0
DA:180,0
DA:181,0
DA:182,0
DA:185,0
DA:186,0
DA:187,0
DA:188,0
DA:189,0
DA:190,0
DA:193,0
DA:194,0
DA:195,0
DA:196,0
DA:197,0
DA:198,0
DA:199,0
DA:200,0
DA:201,0
DA:202,0
DA:203,0
DA:205,0
DA:206,0
DA:207,0
DA:210,0
DA:211,0
DA:212,0
DA:213,0
DA:214,0
DA:215,0
DA:216,0
DA:217,0
DA:218,0
DA:219,0
DA:220,0
DA:221,0
DA:222,0
DA:223,0
DA:226,0
DA:227,0
DA:228,0
DA:229,0
DA:230,0
DA:231,0
DA:232,0
DA:233,0
DA:234,0
DA:237,0
DA:238,0
DA:239,0
DA:240,0
DA:241,0
DA:242,0
DA:243,0
DA:244,0
DA:245,0
DA:246,0
DA:247,0
DA:248,0
DA:249,0
DA:252,0
DA:253,0
DA:254,0
DA:255,0
DA:257,0
DA:258,0
DA:259,0
DA:260,0
DA:263,0
DA:264,0
DA:265,0
DA:267,0
DA:268,0
DA:269,0
DA:272,0
DA:273,0
DA:274,0
DA:275,0
DA:276,0
DA:277,0
DA:280,0
DA:281,0
DA:282,0
DA:285,0
DA:286,0
DA:287,0
DA:290,0
DA:291,0
DA:292,0
DA:294,0
DA:295,0
DA:296,0
DA:299,0
DA:300,0
DA:301,0
DA:303,0
DA:304,0
DA:305,0
DA:308,0
DA:309,0
DA:310,0
DA:312,0
DA:313,0
DA:315,0
DA:316,0
DA:317,0
DA:320,0
DA:321,0
DA:322,0
DA:324,0
DA:325,0
DA:326,0
DA:329,0
DA:330,0
DA:331,0
DA:332,0
DA:333,0
DA:334,0
DA:335,0
DA:336,0
DA:337,0
DA:338,0
DA:339,0
DA:340,0
DA:341,0
DA:344,0
DA:345,0
DA:346,0
DA:347,0
DA:348,0
DA:349,0
DA:350,0
DA:351,0
DA:354,0
DA:355,0
DA:356,0
BRF:0
BRH:0
LF:268
LH:0
end_of_record
SF:/Users/smeya/git/darwin-metrics/src/disk/mod.rs
FN:327,_RINvMs0_NtCshKzkSAARfhV_14darwin_metrics4diskNtB6_4Disk12get_for_pathRNtNtCsaxtFaqkp5wQ_5alloc6string6StringEB8_
FN:327,_RINvMs0_NtCshKzkSAARfhV_14darwin_metrics4diskNtB6_4Disk12get_for_pathReEB8_
FN:553,_RINvMs1_NtCshKzkSAARfhV_14darwin_metrics4diskNtB6_11DiskMonitor19get_volume_for_pathReEB8_
FN:339,_RNCINvMs0_NtCshKzkSAARfhV_14darwin_metrics4diskNtB8_4Disk12get_for_pathRNtNtCsaxtFaqkp5wQ_5alloc6string6StringE0Ba_
FN:339,_RNCINvMs0_NtCshKzkSAARfhV_14darwin_metrics4diskNtB8_4Disk12get_for_pathReE0Ba_
FN:564,_RNCINvMs1_NtCshKzkSAARfhV_14darwin_metrics4diskNtB8_11DiskMonitor19get_volume_for_pathReE0Ba_
FN:440,_RNvMs0_NtCshKzkSAARfhV_14darwin_metrics4diskNtB5_4Disk12format_bytes
FN:421,_RNvMs0_NtCshKzkSAARfhV_14darwin_metrics4diskNtB5_4Disk12used_display
FN:157,_RNvMs0_NtCshKzkSAARfhV_14darwin_metrics4diskNtB5_4Disk12with_details
FN:416,_RNvMs0_NtCshKzkSAARfhV_14darwin_metrics4diskNtB5_4Disk13total_display
FN:406,_RNvMs0_NtCshKzkSAARfhV_14darwin_metrics4diskNtB5_4Disk14is_nearly_full
FN:398,_RNvMs0_NtCshKzkSAARfhV_14darwin_metrics4diskNtB5_4Disk16usage_percentage
FN:411,_RNvMs0_NtCshKzkSAARfhV_14darwin_metrics4diskNtB5_4Disk17available_display
FN:134,_RNvMs0_NtCshKzkSAARfhV_14darwin_metrics4diskNtB5_4Disk3new
FN:228,_RNvMs0_NtCshKzkSAARfhV_14darwin_metrics4diskNtB5_4Disk7get_all
FN:426,_RNvMs0_NtCshKzkSAARfhV_14darwin_metrics4diskNtB5_4Disk7summary
FN:180,_RNvMs0_NtCshKzkSAARfhV_14darwin_metrics4diskNtB5_4Disk8get_info
FN:467,_RNvMs1_NtCshKzkSAARfhV_14darwin_metrics4diskNtB5_11DiskMonitor11get_volumes
FN:612,_RNvMs1_NtCshKzkSAARfhV_14darwin_metrics4diskNtB5_11DiskMonitor15get_performance
FN:790,_RNvMs1_NtCshKzkSAARfhV_14darwin_metrics4diskNtB5_11DiskMonitor16detect_disk_type
FN:462,_RNvMs1_NtCshKzkSAARfhV_14darwin_metrics4diskNtB5_11DiskMonitor3new
FN:754,_RNvMs1_NtCshKzkSAARfhV_14darwin_metrics4diskNtB5_11DiskMonitor6update
FN:28,_RNvXNtCshKzkSAARfhV_14darwin_metrics4diskNtB2_8DiskTypeNtNtCs4P3ALgZxGbJ_4core7default7Default7default
FN:824,_RNvXs2_NtCshKzkSAARfhV_14darwin_metrics4diskNtB5_11DiskMonitorNtNtCs4P3ALgZxGbJ_4core7default7Default7default
FN:110,_RNvXs_NtCshKzkSAARfhV_14darwin_metrics4diskNtB4_9DiskStatsNtNtCs4P3ALgZxGbJ_4core7default7Default7default
FN:327,_RINvMs0_NtCsidZjL1D1cJh_14darwin_metrics4diskNtB6_4Disk12get_for_pathpEB8_
FN:553,_RINvMs1_NtCsidZjL1D1cJh_14darwin_metrics4diskNtB6_11DiskMonitor19get_volume_for_pathpEB8_
FN:339,_RNCINvMs0_NtCsidZjL1D1cJh_14darwin_metrics4diskNtB8_4Disk12get_for_pathpE0Ba_
FN:564,_RNCINvMs1_NtCsidZjL1D1cJh_14darwin_metrics4diskNtB8_11DiskMonitor19get_volume_for_pathpE0Ba_
FN:440,_RNvMs0_NtCsidZjL1D1cJh_14darwin_metrics4diskNtB5_4Disk12format_bytes
FN:421,_RNvMs0_NtCsidZjL1D1cJh_14darwin_metrics4diskNtB5_4Disk12used_display
FN:157,_RNvMs0_NtCsidZjL1D1cJh_14darwin_metrics4diskNtB5_4Disk12with_details
FN:416,_RNvMs0_NtCsidZjL1D1cJh_14darwin_metrics4diskNtB5_4Disk13total_display
FN:406,_RNvMs0_NtCsidZjL1D1cJh_14darwin_metrics4diskNtB5_4Disk14is_nearly_full
FN:398,_RNvMs0_NtCsidZjL1D1cJh_14darwin_metrics4diskNtB5_4Disk16usage_percentage
FN:411,_RNvMs0_NtCsidZjL1D1cJh_14darwin_metrics4diskNtB5_4Disk17available_display
FN:134,_RNvMs0_NtCsidZjL1D1cJh_14darwin_metrics4diskNtB5_4Disk3new
FN:228,_RNvMs0_NtCsidZjL1D1cJh_14darwin_metrics4diskNtB5_4Disk7get_all
FN:426,_RNvMs0_NtCsidZjL1D1cJh_14darwin_metrics4diskNtB5_4Disk7summary
FN:180,_RNvMs0_NtCsidZjL1D1cJh_14darwin_metrics4diskNtB5_4Disk8get_info
FN:467,_RNvMs1_NtCsidZjL1D1cJh_14darwin_metrics4diskNtB5_11DiskMonitor11get_volumes
FN:612,_RNvMs1_NtCsidZjL1D1cJh_14darwin_metrics4diskNtB5_11DiskMonitor15get_performance
FN:790,_RNvMs1_NtCsidZjL1D1cJh_14darwin_metrics4diskNtB5_11DiskMonitor16detect_disk_type
FN:462,_RNvMs1_NtCsidZjL1D1cJh_14darwin_metrics4diskNtB5_11DiskMonitor3new
FN:754,_RNvMs1_NtCsidZjL1D1cJh_14darwin_metrics4diskNtB5_11DiskMonitor6update
FN:28,_RNvXNtCsidZjL1D1cJh_14darwin_metrics4diskNtB2_8DiskTypeNtNtCs4P3ALgZxGbJ_4core7default7Default7default
FN:824,_RNvXs2_NtCsidZjL1D1cJh_14darwin_metrics4diskNtB5_11DiskMonitorNtNtCs4P3ALgZxGbJ_4core7default7Default7default
FN:110,_RNvXs_NtCsidZjL1D1cJh_14darwin_metrics4diskNtB4_9DiskStatsNtNtCs4P3ALgZxGbJ_4core7default7Default7default
FNDA:0,_RINvMs0_NtCshKzkSAARfhV_14darwin_metrics4diskNtB6_4Disk12get_for_pathRNtNtCsaxtFaqkp5wQ_5alloc6string6StringEB8_
FNDA:0,_RINvMs0_NtCshKzkSAARfhV_14darwin_metrics4diskNtB6_4Disk12get_for_pathReEB8_
FNDA:0,_RINvMs1_NtCshKzkSAARfhV_14darwin_metrics4diskNtB6_11DiskMonitor19get_volume_for_pathReEB8_
FNDA:0,_RNCINvMs0_NtCshKzkSAARfhV_14darwin_metrics4diskNtB8_4Disk12get_for_pathRNtNtCsaxtFaqkp5wQ_5alloc6string6StringE0Ba_
FNDA:0,_RNCINvMs0_NtCshKzkSAARfhV_14darwin_metrics4diskNtB8_4Disk12get_for_pathReE0Ba_
FNDA:0,_RNCINvMs1_NtCshKzkSAARfhV_14darwin_metrics4diskNtB8_11DiskMonitor19get_volume_for_pathReE0Ba_
FNDA:0,_RNvMs0_NtCshKzkSAARfhV_14darwin_metrics4diskNtB5_4Disk12format_bytes
FNDA:0,_RNvMs0_NtCshKzkSAARfhV_14darwin_metrics4diskNtB5_4Disk12used_display
FNDA:0,_RNvMs0_NtCshKzkSAARfhV_14darwin_metrics4diskNtB5_4Disk12with_details
FNDA:0,_RNvMs0_NtCshKzkSAARfhV_14darwin_metrics4diskNtB5_4Disk13total_display
FNDA:0,_RNvMs0_NtCshKzkSAARfhV_14darwin_metrics4diskNtB5_4Disk14is_nearly_full
FNDA:0,_RNvMs0_NtCshKzkSAARfhV_14darwin_metrics4diskNtB5_4Disk16usage_percentage
FNDA:0,_RNvMs0_NtCshKzkSAARfhV_14darwin_metrics4diskNtB5_4Disk17available_display
FNDA:0,_RNvMs0_NtCshKzkSAARfhV_14darwin_metrics4diskNtB5_4Disk3new
FNDA:0,_RNvMs0_NtCshKzkSAARfhV_14darwin_metrics4diskNtB5_4Disk7get_all
FNDA:0,_RNvMs0_NtCshKzkSAARfhV_14darwin_metrics4diskNtB5_4Disk7summary
FNDA:0,_RNvMs0_NtCshKzkSAARfhV_14darwin_metrics4diskNtB5_4Disk8get_info
FNDA:0,_RNvMs1_NtCshKzkSAARfhV_14darwin_metrics4diskNtB5_11DiskMonitor11get_volumes
FNDA:0,_RNvMs1_NtCshKzkSAARfhV_14darwin_metrics4diskNtB5_11DiskMonitor15get_performance
FNDA:0,_RNvMs1_NtCshKzkSAARfhV_14darwin_metrics4diskNtB5_11DiskMonitor16detect_disk_type
FNDA:0,_RNvMs1_NtCshKzkSAARfhV_14darwin_metrics4diskNtB5_11DiskMonitor3new
FNDA:0,_RNvMs1_NtCshKzkSAARfhV_14darwin_metrics4diskNtB5_11DiskMonitor6update
FNDA:0,_RNvXNtCshKzkSAARfhV_14darwin_metrics4diskNtB2_8DiskTypeNtNtCs4P3ALgZxGbJ_4core7default7Default7default
FNDA:0,_RNvXs2_NtCshKzkSAARfhV_14darwin_metrics4diskNtB5_11DiskMonitorNtNtCs4P3ALgZxGbJ_4core7default7Default7default
FNDA:0,_RNvXs_NtCshKzkSAARfhV_14darwin_metrics4diskNtB4_9DiskStatsNtNtCs4P3ALgZxGbJ_4core7default7Default7default
FNDA:0,_RINvMs0_NtCsidZjL1D1cJh_14darwin_metrics4diskNtB6_4Disk12get_for_pathpEB8_
FNDA:0,_RINvMs1_NtCsidZjL1D1cJh_14darwin_metrics4diskNtB6_11DiskMonitor19get_volume_for_pathpEB8_
FNDA:0,_RNCINvMs0_NtCsidZjL1D1cJh_14darwin_metrics4diskNtB8_4Disk12get_for_pathpE0Ba_
FNDA:0,_RNCINvMs1_NtCsidZjL1D1cJh_14darwin_metrics4diskNtB8_11DiskMonitor19get_volume_for_pathpE0Ba_
FNDA:0,_RNvMs0_NtCsidZjL1D1cJh_14darwin_metrics4diskNtB5_4Disk12format_bytes
FNDA:0,_RNvMs0_NtCsidZjL1D1cJh_14darwin_metrics4diskNtB5_4Disk12used_display
FNDA:0,_RNvMs0_NtCsidZjL1D1cJh_14darwin_metrics4diskNtB5_4Disk12with_details
FNDA:0,_RNvMs0_NtCsidZjL1D1cJh_14darwin_metrics4diskNtB5_4Disk13total_display
FNDA:0,_RNvMs0_NtCsidZjL1D1cJh_14darwin_metrics4diskNtB5_4Disk14is_nearly_full
FNDA:0,_RNvMs0_NtCsidZjL1D1cJh_14darwin_metrics4diskNtB5_4Disk16usage_percentage
FNDA:0,_RNvMs0_NtCsidZjL1D1cJh_14darwin_metrics4diskNtB5_4Disk17available_display
FNDA:0,_RNvMs0_NtCsidZjL1D1cJh_14darwin_metrics4diskNtB5_4Disk3new
FNDA:0,_RNvMs0_NtCsidZjL1D1cJh_14darwin_metrics4diskNtB5_4Disk7get_all
FNDA:0,_RNvMs0_NtCsidZjL1D1cJh_14darwin_metrics4diskNtB5_4Disk7summary
FNDA:0,_RNvMs0_NtCsidZjL1D1cJh_14darwin_metrics4diskNtB5_4Disk8get_info
FNDA:0,_RNvMs1_NtCsidZjL1D1cJh_14darwin_metrics4diskNtB5_11DiskMonitor11get_volumes
FNDA:0,_RNvMs1_NtCsidZjL1D1cJh_14darwin_metrics4diskNtB5_11DiskMonitor15get_performance
FNDA:0,_RNvMs1_NtCsidZjL1D1cJh_14darwin_metrics4diskNtB5_11DiskMonitor16detect_disk_type
FNDA:0,_RNvMs1_NtCsidZjL1D1cJh_14darwin_metrics4diskNtB5_11DiskMonitor3new
FNDA:0,_RNvMs1_NtCsidZjL1D1cJh_14darwin_metrics4diskNtB5_11DiskMonitor6update
FNDA:0,_RNvXNtCsidZjL1D1cJh_14darwin_metrics4diskNtB2_8DiskTypeNtNtCs4P3ALgZxGbJ_4core7default7Default7default
FNDA:0,_RNvXs2_NtCsidZjL1D1cJh_14darwin_metrics4diskNtB5_11DiskMonitorNtNtCs4P3ALgZxGbJ_4core7default7Default7default
FNDA:0,_RNvXs_NtCsidZjL1D1cJh_14darwin_metrics4diskNtB4_9DiskStatsNtNtCs4P3ALgZxGbJ_4core7default7Default7default
FNF:23
FNH:0
DA:28,0
DA:29,0
DA:30,0
DA:110,0
DA:111,0
DA:112,0
DA:113,0
DA:114,0
DA:115,0
DA:116,0
DA:117,0
DA:118,0
DA:119,0
DA:120,0
DA:134,0
DA:135,0
DA:136,0
DA:137,0
DA:138,0
DA:139,0
DA:140,0
DA:141,0
DA:142,0
DA:143,0
DA:144,0
DA:145,0
DA:146,0
DA:147,0
DA:148,0
DA:149,0
DA:150,0
DA:151,0
DA:152,0
DA:153,0
DA:157,0
DA:158,0
DA:159,0
DA:160,0
DA:161,0
DA:162,0
DA:163,0
DA:164,0
DA:165,0
DA:166,0
DA:167,0
DA:168,0
DA:169,0
DA:170,0
DA:171,0
DA:172,0
DA:173,0
DA:174,0
DA:175,0
DA:176,0
DA:177,0
DA:180,0
DA:187,0
DA:188,0
DA:189,0
DA:190,0
DA:191,0
DA:192,0
DA:193,0
DA:194,0
DA:195,0
DA:196,0
DA:197,0
DA:198,0
DA:199,0
DA:200,0
DA:201,0
DA:202,0
DA:203,0
DA:204,0
DA:205,0
DA:206,0
DA:207,0
DA:208,0
DA:209,0
DA:210,0
DA:211,0
DA:212,0
DA:213,0
DA:214,0
DA:215,0
DA:216,0
DA:217,0
DA:218,0
DA:219,0
DA:220,0
DA:221,0
DA:222,0
DA:223,0
DA:224,0
DA:225,0
DA:228,0
DA:239,0
DA:240,0
DA:241,0
DA:242,0
DA:243,0
DA:244,0
DA:245,0
DA:246,0
DA:247,0
DA:248,0
DA:249,0
DA:250,0
DA:251,0
DA:252,0
DA:253,0
DA:254,0
DA:255,0
DA:256,0
DA:257,0
DA:258,0
DA:260,0
DA:261,0
DA:262,0
DA:263,0
DA:264,0
DA:265,0
DA:266,0
DA:267,0
DA:268,0
DA:269,0
DA:270,0
DA:271,0
DA:272,0
DA:273,0
DA:274,0
DA:275,0
DA:276,0
DA:277,0
DA:278,0
DA:279,0
DA:280,0
DA:281,0
DA:282,0
DA:283,0
DA:284,0
DA:285,0
DA:286,0
DA:287,0
DA:288,0
DA:289,0
DA:290,0
DA:291,0
DA:292,0
DA:293,0
DA:296,0
DA:297,0
DA:298,0
DA:299,0
DA:301,0
DA:302,0
DA:305,0
DA:307,0
DA:310,0
DA:311,0
DA:312,0
DA:313,0
DA:314,0
DA:315,0
DA:316,0
DA:317,0
DA:318,0
DA:319,0
DA:320,0
DA:323,0
DA:324,0
DA:327,0
DA:338,0
DA:339,0
DA:341,0
DA:342,0
DA:343,0
DA:344,0
DA:345,0
DA:346,0
DA:347,0
DA:348,0
DA:349,0
DA:350,0
DA:351,0
DA:352,0
DA:353,0
DA:354,0
DA:355,0
DA:356,0
DA:357,0
DA:358,0
DA:359,0
DA:360,0
DA:361,0
DA:362,0
DA:363,0
DA:364,0
DA:365,0
DA:366,0
DA:367,0
DA:368,0
DA:369,0
DA:370,0
DA:371,0
DA:372,0
DA:373,0
DA:374,0
DA:375,0
DA:376,0
DA:379,0
DA:380,0
DA:381,0
DA:382,0
DA:384,0
DA:385,0
DA:387,0
DA:389,0
DA:392,0
DA:393,0
DA:394,0
DA:395,0
DA:398,0
DA:399,0
DA:400,0
DA:401,0
DA:402,0
DA:403,0
DA:406,0
DA:407,0
DA:408,0
DA:411,0
DA:412,0
DA:413,0
DA:416,0
DA:417,0
DA:418,0
DA:421,0
DA:422,0
DA:423,0
DA:426,0
DA:427,0
DA:429,0
DA:430,0
DA:431,0
DA:432,0
DA:433,0
DA:434,0
DA:435,0
DA:436,0
DA:437,0
DA:440,0
DA:446,0
DA:447,0
DA:448,0
DA:449,0
DA:450,0
DA:451,0
DA:452,0
DA:453,0
DA:455,0
DA:457,0
DA:462,0
DA:463,0
DA:464,0
DA:467,0
DA:477,0
DA:478,0
DA:479,0
DA:480,0
DA:481,0
DA:482,0
DA:483,0
DA:484,0
DA:485,0
DA:486,0
DA:487,0
DA:488,0
DA:489,0
DA:490,0
DA:491,0
DA:492,0
DA:493,0
DA:494,0
DA:495,0
DA:496,0
DA:498,0
DA:499,0
DA:500,0
DA:501,0
DA:502,0
DA:503,0
DA:504,0
DA:505,0
DA:506,0
DA:507,0
DA:508,0
DA:509,0
DA:510,0
DA:511,0
DA:512,0
DA:513,0
DA:514,0
DA:515,0
DA:516,0
DA:517,0
DA:518,0
DA:519,0
DA:520,0
DA:521,0
DA:522,0
DA:523,0
DA:524,0
DA:525,0
DA:526,0
DA:527,0
DA:528,0
DA:529,0
DA:530,0
DA:531,0
DA:534,0
DA:535,0
DA:536,0
DA:537,0
DA:538,0
DA:539,0
DA:540,0
DA:541,0
DA:542,0
DA:543,0
DA:544,0
DA:545,0
DA:546,0
DA:549,0
DA:550,0
DA:553,0
DA:563,0
DA:564,0
DA:566,0
DA:567,0
DA:568,0
DA:569,0
DA:570,0
DA:571,0
DA:572,0
DA:573,0
DA:574,0
DA:575,0
DA:576,0
DA:577,0
DA:578,0
DA:579,0
DA:580,0
DA:581,0
DA:582,0
DA:583,0
DA:584,0
DA:585,0
DA:586,0
DA:587,0
DA:588,0
DA:589,0
DA:590,0
DA:591,0
DA:592,0
DA:593,0
DA:594,0
DA:595,0
DA:596,0
DA:597,0
DA:598,0
DA:599,0
DA:600,0
DA:601,0
DA:604,0
DA:605,0
DA:606,0
DA:607,0
DA:608,0
DA:609,0
DA:612,0
DA:613,0
DA:614,0
DA:615,0
DA:616,0
DA:617,0
DA:619,0
DA:620,0
DA:621,0
DA:622,0
DA:623,0
DA:624,0
DA:625,0
DA:626,0
DA:627,0
DA:628,0
DA:629,0
DA:630,0
DA:631,0
DA:632,0
DA:633,0
DA:634,0
DA:635,0
DA:636,0
DA:637,0
DA:638,0
DA:639,0
DA:640,0
DA:641,0
DA:642,0
DA:643,0
DA:644,0
DA:645,0
DA:646,0
DA:647,0
DA:648,0
DA:649,0
DA:650,0
DA:651,0
DA:652,0
DA:653,0
DA:654,0
DA:655,0
DA:656,0
DA:657,0
DA:658,0
DA:659,0
DA:660,0
DA:661,0
DA:662,0
DA:663,0
DA:664,0
DA:665,0
DA:666,0
DA:667,0
DA:668,0
DA:669,0
DA:670,0
DA:671,0
DA:672,0
DA:673,0
DA:674,0
DA:675,0
DA:676,0
DA:677,0
DA:678,0
DA:681,0
DA:682,0
DA:684,0
DA:687,0
DA:688,0
DA:690,0
DA:694,0
DA:695,0
DA:697,0
DA:698,0
DA:700,0
DA:704,0
DA:705,0
DA:706,0
DA:707,0
DA:708,0
DA:709,0
DA:710,0
DA:711,0
DA:712,0
DA:713,0
DA:714,0
DA:715,0
DA:716,0
DA:717,0
DA:718,0
DA:721,0
DA:722,0
DA:723,0
DA:724,0
DA:725,0
DA:726,0
DA:727,0
DA:728,0
DA:729,0
DA:730,0
DA:731,0
DA:732,0
DA:733,0
DA:734,0
DA:735,0
DA:736,0
DA:737,0
DA:738,0
DA:739,0
DA:740,0
DA:741,0
DA:742,0
DA:743,0
DA:744,0
DA:745,0
DA:746,0
DA:747,0
DA:748,0
DA:750,0
DA:751,0
DA:754,0
DA:755,0
DA:756,0
DA:757,0
DA:758,0
DA:759,0
DA:760,0
DA:761,0
DA:762,0
DA:763,0
DA:764,0
DA:765,0
DA:766,0
DA:767,0
DA:768,0
DA:769,0
DA:770,0
DA:771,0
DA:772,0
DA:773,0
DA:774,0
DA:775,0
DA:776,0
DA:777,0
DA:778,0
DA:779,0
DA:780,0
DA:781,0
DA:782,0
DA:783,0
DA:784,0
DA:785,0
DA:786,0
DA:787,0
DA:790,0
DA:791,0
DA:792,0
DA:793,0
DA:794,0
DA:795,0
DA:796,0
DA:797,0
DA:798,0
DA:800,0
DA:801,0
DA:802,0
DA:803,0
DA:804,0
DA:805,0
DA:806,0
DA:807,0
DA:808,0
DA:809,0
DA:810,0
DA:811,0
DA:812,0
DA:813,0
DA:814,0
DA:815,0
DA:816,0
DA:817,0
DA:818,0
DA:819,0
DA:820,0
DA:824,0
DA:825,0
DA:826,0
BRF:0
BRH:0
LF:571
LH:0
end_of_record
SF:/Users/smeya/git/darwin-metrics/src/disk/tests.rs
FN:544,_RNCNvNtNtCshKzkSAARfhV_14darwin_metrics4disk5testss_16test_get_volumes0B7_
FN:72,_RNCNvNtNtCshKzkSAARfhV_14darwin_metrics4disk5testss_20test_get_all_volumes0B7_
FN:604,_RNCNvNtNtCshKzkSAARfhV_14darwin_metrics4disk5testss_22test_volume_comparison0B7_
FN:278,_RNvNtNtCshKzkSAARfhV_14darwin_metrics4disk5testss_13test_disk_new
FN:126,_RNvNtNtCshKzkSAARfhV_14darwin_metrics4disk5testss_16test_disk_config
FN:508,_RNvNtNtCshKzkSAARfhV_14darwin_metrics4disk5testss_16test_get_volumes
FN:353,_RNvNtNtCshKzkSAARfhV_14darwin_metrics4disk5testss_17test_disk_monitor
FN:37,_RNvNtNtCshKzkSAARfhV_14darwin_metrics4disk5testss_17test_format_bytes
FN:262,_RNvNtNtCshKzkSAARfhV_14darwin_metrics4disk5testss_17test_get_for_path
FN:139,_RNvNtNtCshKzkSAARfhV_14darwin_metrics4disk5testss_18test_disk_creation
FN:13,_RNvNtNtCshKzkSAARfhV_14darwin_metrics4disk5testss_19test_is_nearly_full
FN:193,_RNvNtNtCshKzkSAARfhV_14darwin_metrics4disk5testss_20test_display_methods
FN:63,_RNvNtNtCshKzkSAARfhV_14darwin_metrics4disk5testss_20test_get_all_volumes
FN:249,_RNvNtNtCshKzkSAARfhV_14darwin_metrics4disk5testss_21test_detect_disk_type
FN:222,_RNvNtNtCshKzkSAARfhV_14darwin_metrics4disk5testss_21test_disk_monitor_new
FN:82,_RNvNtNtCshKzkSAARfhV_14darwin_metrics4disk5testss_21test_disk_performance
FN:121,_RNvNtNtCshKzkSAARfhV_14darwin_metrics4disk5testss_22test_disk_type_default
FN:155,_RNvNtNtCshKzkSAARfhV_14darwin_metrics4disk5testss_22test_disk_with_details
FN:590,_RNvNtNtCshKzkSAARfhV_14darwin_metrics4disk5testss_22test_volume_comparison
FN:236,_RNvNtNtCshKzkSAARfhV_14darwin_metrics4disk5testss_23test_disk_stats_default
FN:47,_RNvNtNtCshKzkSAARfhV_14darwin_metrics4disk5testss_23test_get_root_disk_info
FN:550,_RNvNtNtCshKzkSAARfhV_14darwin_metrics4disk5testss_24test_get_volume_for_path
FN:229,_RNvNtNtCshKzkSAARfhV_14darwin_metrics4disk5testss_25test_disk_monitor_default
FN:5,_RNvNtNtCshKzkSAARfhV_14darwin_metrics4disk5testss_26test_disk_usage_percentage
FN:327,_RNvNtNtCshKzkSAARfhV_14darwin_metrics4disk5testss_26test_format_bytes_detailed
FN:619,_RNvNtNtCshKzkSAARfhV_14darwin_metrics4disk5testss_26test_get_volumes_filtering
FN:214,_RNvNtNtCshKzkSAARfhV_14darwin_metrics4disk5testss_28test_format_bytes_edge_cases
FN:303,_RNvNtNtCshKzkSAARfhV_14darwin_metrics4disk5testss_28test_is_nearly_full_extended
FN:336,_RNvNtNtCshKzkSAARfhV_14darwin_metrics4disk5testss_29test_display_methods_extended
FN:408,_RNvNtNtCshKzkSAARfhV_14darwin_metrics4disk5testss_29test_get_for_path_error_cases
FN:484,_RNvNtNtCshKzkSAARfhV_14darwin_metrics4disk5testss_29test_get_for_path_performance
FN:747,_RNvNtNtCshKzkSAARfhV_14darwin_metrics4disk5testss_31test_empty_performance_fallback
FN:360,_RNvNtNtCshKzkSAARfhV_14darwin_metrics4disk5testss_31test_get_for_path_comprehensive
FN:175,_RNvNtNtCshKzkSAARfhV_14darwin_metrics4disk5testss_32test_disk_usage_percentage_cases
FN:638,_RNvNtNtCshKzkSAARfhV_14darwin_metrics4disk5testss_33test_get_performance_initial_call
FN:798,_RNvNtNtCshKzkSAARfhV_14darwin_metrics4disk5testss_33test_multiple_performance_updates
FN:290,_RNvNtNtCshKzkSAARfhV_14darwin_metrics4disk5testss_35test_disk_usage_percentage_extended
FN:693,_RNvNtNtCshKzkSAARfhV_14darwin_metrics4disk5testss_36test_performance_metrics_calculation
FN:434,_RNvNtNtCshKzkSAARfhV_14darwin_metrics4disk5testss_37test_get_for_path_disk_type_detection
FN:468,_RNvNtNtCshKzkSAARfhV_14darwin_metrics4disk5testss_37test_get_for_path_with_relative_paths
FNDA:0,_RNCNvNtNtCshKzkSAARfhV_14darwin_metrics4disk5testss_16test_get_volumes0B7_
FNDA:0,_RNCNvNtNtCshKzkSAARfhV_14darwin_metrics4disk5testss_20test_get_all_volumes0B7_
FNDA:0,_RNCNvNtNtCshKzkSAARfhV_14darwin_metrics4disk5testss_22test_volume_comparison0B7_
FNDA:0,_RNvNtNtCshKzkSAARfhV_14darwin_metrics4disk5testss_13test_disk_new
FNDA:0,_RNvNtNtCshKzkSAARfhV_14darwin_metrics4disk5testss_16test_disk_config
FNDA:0,_RNvNtNtCshKzkSAARfhV_14darwin_metrics4disk5testss_16test_get_volumes
FNDA:0,_RNvNtNtCshKzkSAARfhV_14darwin_metrics4disk5testss_17test_disk_monitor
FNDA:0,_RNvNtNtCshKzkSAARfhV_14darwin_metrics4disk5testss_17test_format_bytes
FNDA:0,_RNvNtNtCshKzkSAARfhV_14darwin_metrics4disk5testss_17test_get_for_path
FNDA:0,_RNvNtNtCshKzkSAARfhV_14darwin_metrics4disk5testss_18test_disk_creation
FNDA:0,_RNvNtNtCshKzkSAARfhV_14darwin_metrics4disk5testss_19test_is_nearly_full
FNDA:0,_RNvNtNtCshKzkSAARfhV_14darwin_metrics4disk5testss_20test_display_methods
FNDA:0,_RNvNtNtCshKzkSAARfhV_14darwin_metrics4disk5testss_20test_get_all_volumes
FNDA:0,_RNvNtNtCshKzkSAARfhV_14darwin_metrics4disk5testss_21test_detect_disk_type
FNDA:0,_RNvNtNtCshKzkSAARfhV_14darwin_metrics4disk5testss_21test_disk_monitor_new
FNDA:0,_RNvNtNtCshKzkSAARfhV_14darwin_metrics4disk5testss_21test_disk_performance
FNDA:0,_RNvNtNtCshKzkSAARfhV_14darwin_metrics4disk5testss_22test_disk_type_default
FNDA:0,_RNvNtNtCshKzkSAARfhV_14darwin_metrics4disk5testss_22test_disk_with_details
FNDA:0,_RNvNtNtCshKzkSAARfhV_14darwin_metrics4disk5testss_22test_volume_comparison
FNDA:0,_RNvNtNtCshKzkSAARfhV_14darwin_metrics4disk5testss_23test_disk_stats_default
FNDA:0,_RNvNtNtCshKzkSAARfhV_14darwin_metrics4disk5testss_23test_get_root_disk_info
FNDA:0,_RNvNtNtCshKzkSAARfhV_14darwin_metrics4disk5testss_24test_get_volume_for_path
FNDA:0,_RNvNtNtCshKzkSAARfhV_14darwin_metrics4disk5testss_25test_disk_monitor_default
FNDA:0,_RNvNtNtCshKzkSAARfhV_14darwin_metrics4disk5testss_26test_disk_usage_percentage
FNDA:0,_RNvNtNtCshKzkSAARfhV_14darwin_metrics4disk5testss_26test_format_bytes_detailed
FNDA:0,_RNvNtNtCshKzkSAARfhV_14darwin_metrics4disk5testss_26test_get_volumes_filtering
FNDA:0,_RNvNtNtCshKzkSAARfhV_14darwin_metrics4disk5testss_28test_format_bytes_edge_cases
FNDA:0,_RNvNtNtCshKzkSAARfhV_14darwin_metrics4disk5testss_28test_is_nearly_full_extended
FNDA:0,_RNvNtNtCshKzkSAARfhV_14darwin_metrics4disk5testss_29test_display_methods_extended
FNDA:0,_RNvNtNtCshKzkSAARfhV_14darwin_metrics4disk5testss_29test_get_for_path_error_cases
FNDA:0,_RNvNtNtCshKzkSAARfhV_14darwin_metrics4disk5testss_29test_get_for_path_performance
FNDA:0,_RNvNtNtCshKzkSAARfhV_14darwin_metrics4disk5testss_31test_empty_performance_fallback
FNDA:0,_RNvNtNtCshKzkSAARfhV_14darwin_metrics4disk5testss_31test_get_for_path_comprehensive
FNDA:0,_RNvNtNtCshKzkSAARfhV_14darwin_metrics4disk5testss_32test_disk_usage_percentage_cases
FNDA:0,_RNvNtNtCshKzkSAARfhV_14darwin_metrics4disk5testss_33test_get_performance_initial_call
FNDA:0,_RNvNtNtCshKzkSAARfhV_14darwin_metrics4disk5testss_33test_multiple_performance_updates
FNDA:0,_RNvNtNtCshKzkSAARfhV_14darwin_metrics4disk5testss_35test_disk_usage_percentage_extended
FNDA:0,_RNvNtNtCshKzkSAARfhV_14darwin_metrics4disk5testss_36test_performance_metrics_calculation
FNDA:0,_RNvNtNtCshKzkSAARfhV_14darwin_metrics4disk5testss_37test_get_for_path_disk_type_detection
FNDA:0,_RNvNtNtCshKzkSAARfhV_14darwin_metrics4disk5testss_37test_get_for_path_with_relative_paths
FNF:40
FNH:0
DA:5,0
DA:6,0
DA:7,0
DA:8,0
DA:9,0
DA:10,0
DA:13,0
DA:14,0
DA:15,0
DA:16,0
DA:17,0
DA:18,0
DA:19,0
DA:20,0
DA:21,0
DA:22,0
DA:23,0
DA:24,0
DA:25,0
DA:26,0
DA:27,0
DA:28,0
DA:29,0
DA:30,0
DA:31,0
DA:32,0
DA:33,0
DA:34,0
DA:37,0
DA:38,0
DA:39,0
DA:40,0
DA:41,0
DA:42,0
DA:43,0
DA:44,0
DA:47,0
DA:48,0
DA:49,0
DA:50,0
DA:52,0
DA:53,0
DA:54,0
DA:55,0
DA:56,0
DA:57,0
DA:58,0
DA:59,0
DA:60,0
DA:63,0
DA:64,0
DA:65,0
DA:66,0
DA:68,0
DA:69,0
DA:72,0
DA:73,0
DA:75,0
DA:76,0
DA:77,0
DA:78,0
DA:79,0
DA:82,0
DA:83,0
DA:84,0
DA:85,0
DA:86,0
DA:87,0
DA:88,0
DA:89,0
DA:90,0
DA:91,0
DA:92,0
DA:93,0
DA:94,0
DA:96,0
DA:97,0
DA:99,0
DA:100,0
DA:101,0
DA:102,0
DA:103,0
DA:104,0
DA:105,0
DA:106,0
DA:107,0
DA:108,0
DA:109,0
DA:110,0
DA:111,0
DA:112,0
DA:113,0
DA:114,0
DA:115,0
DA:116,0
DA:117,0
DA:118,0
DA:121,0
DA:122,0
DA:123,0
DA:126,0
DA:127,0
DA:128,0
DA:129,0
DA:130,0
DA:131,0
DA:132,0
DA:133,0
DA:134,0
DA:135,0
DA:136,0
DA:139,0
DA:140,0
DA:141,0
DA:142,0
DA:143,0
DA:144,0
DA:145,0
DA:146,0
DA:147,0
DA:148,0
DA:149,0
DA:150,0
DA:151,0
DA:152,0
DA:155,0
DA:156,0
DA:157,0
DA:158,0
DA:159,0
DA:160,0
DA:161,0
DA:162,0
DA:163,0
DA:164,0
DA:165,0
DA:166,0
DA:167,0
DA:168,0
DA:169,0
DA:170,0
DA:171,0
DA:172,0
DA:175,0
DA:176,0
DA:177,0
DA:178,0
DA:179,0
DA:182,0
DA:183,0
DA:184,0
DA:187,0
DA:188,0
DA:189,0
DA:190,0
DA:193,0
DA:194,0
DA:195,0
DA:196,0
DA:197,0
DA:198,0
DA:199,0
DA:200,0
DA:201,0
DA:202,0
DA:203,0
DA:204,0
DA:205,0
DA:207,0
DA:208,0
DA:209,0
DA:210,0
DA:211,0
DA:214,0
DA:215,0
DA:216,0
DA:217,0
DA:218,0
DA:219,0
DA:222,0
DA:223,0
DA:224,0
DA:225,0
DA:226,0
DA:229,0
DA:230,0
DA:231,0
DA:232,0
DA:233,0
DA:236,0
DA:238,0
DA:239,0
DA:240,0
DA:241,0
DA:242,0
DA:243,0
DA:244,0
DA:245,0
DA:246,0
DA:249,0
DA:250,0
DA:251,0
DA:252,0
DA:253,0
DA:254,0
DA:255,0
DA:256,0
DA:257,0
DA:258,0
DA:259,0
DA:262,0
DA:263,0
DA:264,0
DA:265,0
DA:268,0
DA:269,0
DA:270,0
DA:273,0
DA:274,0
DA:275,0
DA:278,0
DA:279,0
DA:280,0
DA:281,0
DA:282,0
DA:283,0
DA:284,0
DA:285,0
DA:286,0
DA:287,0
DA:290,0
DA:291,0
DA:292,0
DA:293,0
DA:294,0
DA:297,0
DA:298,0
DA:299,0
DA:300,0
DA:303,0
DA:304,0
DA:305,0
DA:306,0
DA:307,0
DA:308,0
DA:309,0
DA:310,0
DA:311,0
DA:312,0
DA:313,0
DA:315,0
DA:316,0
DA:317,0
DA:318,0
DA:319,0
DA:320,0
DA:321,0
DA:322,0
DA:323,0
DA:324,0
DA:327,0
DA:328,0
DA:329,0
DA:330,0
DA:331,0
DA:332,0
DA:333,0
DA:336,0
DA:337,0
DA:338,0
DA:339,0
DA:340,0
DA:341,0
DA:342,0
DA:343,0
DA:344,0
DA:345,0
DA:346,0
DA:347,0
DA:348,0
DA:349,0
DA:350,0
DA:353,0
DA:354,0
DA:355,0
DA:356,0
DA:357,0
DA:360,0
DA:361,0
DA:362,0
DA:363,0
DA:365,0
DA:367,0
DA:368,0
DA:369,0
DA:370,0
DA:371,0
DA:374,0
DA:375,0
DA:378,0
DA:379,0
DA:380,0
DA:383,0
DA:384,0
DA:385,0
DA:386,0
DA:388,0
DA:389,0
DA:390,0
DA:391,0
DA:392,0
DA:395,0
DA:396,0
DA:397,0
DA:398,0
DA:400,0
DA:401,0
DA:402,0
DA:403,0
DA:405,0
DA:408,0
DA:409,0
DA:410,0
DA:411,0
DA:414,0
DA:415,0
DA:419,0
DA:420,0
DA:421,0
DA:422,0
DA:423,0
DA:424,0
DA:426,0
DA:427,0
DA:428,0
DA:429,0
DA:430,0
DA:431,0
DA:434,0
DA:435,0
DA:436,0
DA:438,0
DA:441,0
DA:442,0
DA:443,0
DA:444,0
DA:454,0
DA:458,0
DA:459,0
DA:460,0
DA:463,0
DA:464,0
DA:465,0
DA:468,0
DA:469,0
DA:470,0
DA:472,0
DA:473,0
DA:475,0
DA:476,0
DA:477,0
DA:478,0
DA:479,0
DA:481,0
DA:484,0
DA:488,0
DA:489,0
DA:490,0
DA:491,0
DA:492,0
DA:493,0
DA:496,0
DA:497,0
DA:498,0
DA:499,0
DA:500,0
DA:501,0
DA:502,0
DA:503,0
DA:508,0
DA:509,0
DA:510,0
DA:511,0
DA:512,0
DA:514,0
DA:515,0
DA:517,0
DA:519,0
DA:520,0
DA:521,0
DA:522,0
DA:525,0
DA:526,0
DA:530,0
DA:533,0
DA:536,0
DA:537,0
DA:538,0
DA:540,0
DA:544,0
DA:545,0
DA:546,0
DA:547,0
DA:550,0
DA:551,0
DA:552,0
DA:553,0
DA:554,0
DA:555,0
DA:556,0
DA:557,0
DA:558,0
DA:560,0
DA:561,0
DA:562,0
DA:564,0
DA:566,0
DA:567,0
DA:568,0
DA:569,0
DA:571,0
DA:572,0
DA:573,0
DA:574,0
DA:575,0
DA:576,0
DA:577,0
DA:578,0
DA:579,0
DA:580,0
DA:581,0
DA:585,0
DA:586,0
DA:587,0
DA:590,0
DA:591,0
DA:592,0
DA:593,0
DA:594,0
DA:595,0
DA:596,0
DA:599,0
DA:600,0
DA:602,0
DA:604,0
DA:605,0
DA:607,0
DA:609,0
DA:610,0
DA:611,0
DA:612,0
DA:613,0
DA:614,0
DA:615,0
DA:616,0
DA:619,0
DA:620,0
DA:621,0
DA:622,0
DA:625,0
DA:626,0
DA:627,0
DA:628,0
DA:631,0
DA:632,0
DA:633,0
DA:635,0
DA:638,0
DA:639,0
DA:640,0
DA:641,0
DA:642,0
DA:643,0
DA:644,0
DA:645,0
DA:648,0
DA:649,0
DA:651,0
DA:653,0
DA:656,0
DA:657,0
DA:658,0
DA:659,0
DA:660,0
DA:661,0
DA:662,0
DA:663,0
DA:664,0
DA:665,0
DA:666,0
DA:669,0
DA:670,0
DA:671,0
DA:674,0
DA:675,0
DA:677,0
DA:679,0
DA:682,0
DA:685,0
DA:686,0
DA:687,0
DA:688,0
DA:689,0
DA:690,0
DA:693,0
DA:700,0
DA:701,0
DA:702,0
DA:703,0
DA:704,0
DA:705,0
DA:706,0
DA:707,0
DA:708,0
DA:709,0
DA:710,0
DA:712,0
DA:713,0
DA:714,0
DA:716,0
DA:718,0
DA:719,0
DA:720,0
DA:721,0
DA:722,0
DA:723,0
DA:724,0
DA:725,0
DA:728,0
DA:729,0
DA:730,0
DA:731,0
DA:732,0
DA:736,0
DA:737,0
DA:738,0
DA:739,0
DA:740,0
DA:741,0
DA:742,0
DA:743,0
DA:744,0
DA:747,0
DA:748,0
DA:749,0
DA:750,0
DA:751,0
DA:752,0
DA:753,0
DA:754,0
DA:755,0
DA:756,0
DA:757,0
DA:758,0
DA:759,0
DA:760,0
DA:761,0
DA:762,0
DA:763,0
DA:764,0
DA:765,0
DA:766,0
DA:767,0
DA:768,0
DA:769,0
DA:770,0
DA:771,0
DA:772,0
DA:773,0
DA:774,0
DA:775,0
DA:776,0
DA:778,0
DA:780,0
DA:782,0
DA:784,0
DA:785,0
DA:786,0
DA:787,0
DA:788,0
DA:789,0
DA:790,0
DA:791,0
DA:792,0
DA:793,0
DA:794,0
DA:795,0
DA:798,0
DA:799,0
DA:800,0
DA:801,0
DA:802,0
DA:803,0
DA:804,0
DA:807,0
DA:810,0
DA:811,0
DA:812,0
DA:814,0
DA:815,0
DA:818,0
DA:819,0
DA:820,0
DA:821,0
DA:823,0
DA:824,0
DA:825,0
DA:828,0
DA:832,0
DA:833,0
DA:834,0
BRF:0
BRH:0
LF:614
LH:0
end_of_record
SF:/Users/smeya/git/darwin-metrics/src/error.rs
FN:141,_RNvMNtCshKzkSAARfhV_14darwin_metrics5errorNtB2_5Error16is_not_available
FN:135,_RNvMNtCshKzkSAARfhV_14darwin_metrics5errorNtB2_5Error19is_permission_error
FN:116,_RNvMNtCshKzkSAARfhV_14darwin_metrics5errorNtB2_5Error7details
FN:151,_RNvXs_NtCshKzkSAARfhV_14darwin_metrics5errorNtB4_5ErrorINtNtCs4P3ALgZxGbJ_4core7convert4FromNtNtNtCsfXerQ7jTsRl_3std2io5error5ErrorE4from
FN:86,_RINvMNtCshKzkSAARfhV_14darwin_metrics5errorNtB3_5Error12invalid_dataNtNtCsaxtFaqkp5wQ_5alloc6string6StringEB5_
FN:86,_RINvMNtCshKzkSAARfhV_14darwin_metrics5errorNtB3_5Error12invalid_dataReEB5_
FN:96,_RINvMNtCshKzkSAARfhV_14darwin_metrics5errorNtB3_5Error13not_availableReEB5_
FN:111,_RINvMNtCshKzkSAARfhV_14darwin_metrics5errorNtB3_5Error13process_errorNtNtCsaxtFaqkp5wQ_5alloc6string6StringEB5_
FN:111,_RINvMNtCshKzkSAARfhV_14darwin_metrics5errorNtB3_5Error13process_errorReEB5_
FN:91,_RINvMNtCshKzkSAARfhV_14darwin_metrics5errorNtB3_5Error15not_implementedReEB5_
FN:101,_RINvMNtCshKzkSAARfhV_14darwin_metrics5errorNtB3_5Error17permission_deniedReEB5_
FN:106,_RINvMNtCshKzkSAARfhV_14darwin_metrics5errorNtB3_5Error17service_not_foundNtNtCsaxtFaqkp5wQ_5alloc6string6StringEB5_
FN:106,_RINvMNtCshKzkSAARfhV_14darwin_metrics5errorNtB3_5Error17service_not_foundReEB5_
FN:76,_RINvMNtCshKzkSAARfhV_14darwin_metrics5errorNtB3_5Error6io_kitNtNtCsaxtFaqkp5wQ_5alloc6string6StringEB5_
FN:76,_RINvMNtCshKzkSAARfhV_14darwin_metrics5errorNtB3_5Error6io_kitReEB5_
FN:81,_RINvMNtCshKzkSAARfhV_14darwin_metrics5errorNtB3_5Error6systemNtNtCsaxtFaqkp5wQ_5alloc6string6StringEB5_
FN:81,_RINvMNtCshKzkSAARfhV_14darwin_metrics5errorNtB3_5Error6systemReEB5_
FN:254,_RNvNtNtCshKzkSAARfhV_14darwin_metrics5error5testss_18test_from_io_error
FN:190,_RNvNtNtCshKzkSAARfhV_14darwin_metrics5error5testss_21test_error_details_io
FN:207,_RNvNtNtCshKzkSAARfhV_14darwin_metrics5error5testss_24test_error_details_iokit
FN:221,_RNvNtNtCshKzkSAARfhV_14darwin_metrics5error5testss_24test_error_details_other
FN:162,_RNvNtNtCshKzkSAARfhV_14darwin_metrics5error5testss_27test_error_creation_methods
FN:244,_RNvNtNtCshKzkSAARfhV_14darwin_metrics5error5testss_27test_error_is_not_available
FN:199,_RNvNtNtCshKzkSAARfhV_14darwin_metrics5error5testss_29test_error_details_permission
FN:228,_RNvNtNtCshKzkSAARfhV_14darwin_metrics5error5testss_30test_error_is_permission_error
FN:214,_RNvNtNtCshKzkSAARfhV_14darwin_metrics5error5testss_32test_error_details_not_available
FN:96,_RINvMNtCsidZjL1D1cJh_14darwin_metrics5errorNtB3_5Error13not_availablepEB5_
FN:91,_RINvMNtCsidZjL1D1cJh_14darwin_metrics5errorNtB3_5Error15not_implementedpEB5_
FN:101,_RINvMNtCsidZjL1D1cJh_14darwin_metrics5errorNtB3_5Error17permission_deniedpEB5_
FN:141,_RNvMNtCsidZjL1D1cJh_14darwin_metrics5errorNtB2_5Error16is_not_available
FN:135,_RNvMNtCsidZjL1D1cJh_14darwin_metrics5errorNtB2_5Error19is_permission_error
FN:116,_RNvMNtCsidZjL1D1cJh_14darwin_metrics5errorNtB2_5Error7details
FN:151,_RNvXs_NtCsidZjL1D1cJh_14darwin_metrics5errorNtB4_5ErrorINtNtCs4P3ALgZxGbJ_4core7convert4FromNtNtNtCsfXerQ7jTsRl_3std2io5error5ErrorE4from
FN:86,_RINvMNtCsidZjL1D1cJh_14darwin_metrics5errorNtB3_5Error12invalid_dataNtNtCsaxtFaqkp5wQ_5alloc6string6StringEB5_
FN:86,_RINvMNtCsidZjL1D1cJh_14darwin_metrics5errorNtB3_5Error12invalid_dataReEB5_
FN:111,_RINvMNtCsidZjL1D1cJh_14darwin_metrics5errorNtB3_5Error13process_errorNtNtCsaxtFaqkp5wQ_5alloc6string6StringEB5_
FN:111,_RINvMNtCsidZjL1D1cJh_14darwin_metrics5errorNtB3_5Error13process_errorReEB5_
FN:106,_RINvMNtCsidZjL1D1cJh_14darwin_metrics5errorNtB3_5Error17service_not_foundNtNtCsaxtFaqkp5wQ_5alloc6string6StringEB5_
FN:106,_RINvMNtCsidZjL1D1cJh_14darwin_metrics5errorNtB3_5Error17service_not_foundReEB5_
FN:76,_RINvMNtCsidZjL1D1cJh_14darwin_metrics5errorNtB3_5Error6io_kitNtNtCsaxtFaqkp5wQ_5alloc6string6StringEB5_
FN:81,_RINvMNtCsidZjL1D1cJh_14darwin_metrics5errorNtB3_5Error6systemNtNtCsaxtFaqkp5wQ_5alloc6string6StringEB5_
FN:81,_RINvMNtCsidZjL1D1cJh_14darwin_metrics5errorNtB3_5Error6systemReEB5_
FNDA:0,_RNvMNtCshKzkSAARfhV_14darwin_metrics5errorNtB2_5Error16is_not_available
FNDA:0,_RNvMNtCshKzkSAARfhV_14darwin_metrics5errorNtB2_5Error19is_permission_error
FNDA:0,_RNvMNtCshKzkSAARfhV_14darwin_metrics5errorNtB2_5Error7details
FNDA:0,_RNvXs_NtCshKzkSAARfhV_14darwin_metrics5errorNtB4_5ErrorINtNtCs4P3ALgZxGbJ_4core7convert4FromNtNtNtCsfXerQ7jTsRl_3std2io5error5ErrorE4from
FNDA:0,_RINvMNtCshKzkSAARfhV_14darwin_metrics5errorNtB3_5Error12invalid_dataNtNtCsaxtFaqkp5wQ_5alloc6string6StringEB5_
FNDA:0,_RINvMNtCshKzkSAARfhV_14darwin_metrics5errorNtB3_5Error12invalid_dataReEB5_
FNDA:0,_RINvMNtCshKzkSAARfhV_14darwin_metrics5errorNtB3_5Error13not_availableReEB5_
FNDA:0,_RINvMNtCshKzkSAARfhV_14darwin_metrics5errorNtB3_5Error13process_errorNtNtCsaxtFaqkp5wQ_5alloc6string6StringEB5_
FNDA:0,_RINvMNtCshKzkSAARfhV_14darwin_metrics5errorNtB3_5Error13process_errorReEB5_
FNDA:0,_RINvMNtCshKzkSAARfhV_14darwin_metrics5errorNtB3_5Error15not_implementedReEB5_
FNDA:0,_RINvMNtCshKzkSAARfhV_14darwin_metrics5errorNtB3_5Error17permission_deniedReEB5_
FNDA:0,_RINvMNtCshKzkSAARfhV_14darwin_metrics5errorNtB3_5Error17service_not_foundNtNtCsaxtFaqkp5wQ_5alloc6string6StringEB5_
FNDA:0,_RINvMNtCshKzkSAARfhV_14darwin_metrics5errorNtB3_5Error17service_not_foundReEB5_
FNDA:0,_RINvMNtCshKzkSAARfhV_14darwin_metrics5errorNtB3_5Error6io_kitNtNtCsaxtFaqkp5wQ_5alloc6string6StringEB5_
FNDA:0,_RINvMNtCshKzkSAARfhV_14darwin_metrics5errorNtB3_5Error6io_kitReEB5_
FNDA:0,_RINvMNtCshKzkSAARfhV_14darwin_metrics5errorNtB3_5Error6systemNtNtCsaxtFaqkp5wQ_5alloc6string6StringEB5_
FNDA:0,_RINvMNtCshKzkSAARfhV_14darwin_metrics5errorNtB3_5Error6systemReEB5_
FNDA:0,_RNvNtNtCshKzkSAARfhV_14darwin_metrics5error5testss_18test_from_io_error
FNDA:0,_RNvNtNtCshKzkSAARfhV_14darwin_metrics5error5testss_21test_error_details_io
FNDA:0,_RNvNtNtCshKzkSAARfhV_14darwin_metrics5error5testss_24test_error_details_iokit
FNDA:0,_RNvNtNtCshKzkSAARfhV_14darwin_metrics5error5testss_24test_error_details_other
FNDA:0,_RNvNtNtCshKzkSAARfhV_14darwin_metrics5error5testss_27test_error_creation_methods
FNDA:0,_RNvNtNtCshKzkSAARfhV_14darwin_metrics5error5testss_27test_error_is_not_available
FNDA:0,_RNvNtNtCshKzkSAARfhV_14darwin_metrics5error5testss_29test_error_details_permission
FNDA:0,_RNvNtNtCshKzkSAARfhV_14darwin_metrics5error5testss_30test_error_is_permission_error
FNDA:0,_RNvNtNtCshKzkSAARfhV_14darwin_metrics5error5testss_32test_error_details_not_available
FNDA:0,_RINvMNtCsidZjL1D1cJh_14darwin_metrics5errorNtB3_5Error13not_availablepEB5_
FNDA:0,_RINvMNtCsidZjL1D1cJh_14darwin_metrics5errorNtB3_5Error15not_implementedpEB5_
FNDA:0,_RINvMNtCsidZjL1D1cJh_14darwin_metrics5errorNtB3_5Error17permission_deniedpEB5_
FNDA:0,_RNvMNtCsidZjL1D1cJh_14darwin_metrics5errorNtB2_5Error16is_not_available
FNDA:0,_RNvMNtCsidZjL1D1cJh_14darwin_metrics5errorNtB2_5Error19is_permission_error
FNDA:0,_RNvMNtCsidZjL1D1cJh_14darwin_metrics5errorNtB2_5Error7details
FNDA:0,_RNvXs_NtCsidZjL1D1cJh_14darwin_metrics5errorNtB4_5ErrorINtNtCs4P3ALgZxGbJ_4core7convert4FromNtNtNtCsfXerQ7jTsRl_3std2io5error5ErrorE4from
FNDA:0,_RINvMNtCsidZjL1D1cJh_14darwin_metrics5errorNtB3_5Error12invalid_dataNtNtCsaxtFaqkp5wQ_5alloc6string6StringEB5_
FNDA:0,_RINvMNtCsidZjL1D1cJh_14darwin_metrics5errorNtB3_5Error12invalid_dataReEB5_
FNDA:0,_RINvMNtCsidZjL1D1cJh_14darwin_metrics5errorNtB3_5Error13process_errorNtNtCsaxtFaqkp5wQ_5alloc6string6StringEB5_
FNDA:0,_RINvMNtCsidZjL1D1cJh_14darwin_metrics5errorNtB3_5Error13process_errorReEB5_
FNDA:0,_RINvMNtCsidZjL1D1cJh_14darwin_metrics5errorNtB3_5Error17service_not_foundNtNtCsaxtFaqkp5wQ_5alloc6string6StringEB5_
FNDA:0,_RINvMNtCsidZjL1D1cJh_14darwin_metrics5errorNtB3_5Error17service_not_foundReEB5_
FNDA:0,_RINvMNtCsidZjL1D1cJh_14darwin_metrics5errorNtB3_5Error6io_kitNtNtCsaxtFaqkp5wQ_5alloc6string6StringEB5_
FNDA:0,_RINvMNtCsidZjL1D1cJh_14darwin_metrics5errorNtB3_5Error6systemNtNtCsaxtFaqkp5wQ_5alloc6string6StringEB5_
FNDA:0,_RINvMNtCsidZjL1D1cJh_14darwin_metrics5errorNtB3_5Error6systemReEB5_
FNF:21
FNH:0
DA:76,0
DA:77,0
DA:78,0
DA:81,0
DA:82,0
DA:83,0
DA:86,0
DA:87,0
DA:88,0
DA:91,0
DA:92,0
DA:93,0
DA:96,0
DA:97,0
DA:98,0
DA:101,0
DA:102,0
DA:103,0
DA:106,0
DA:107,0
DA:108,0
DA:111,0
DA:112,0
DA:113,0
DA:116,0
DA:117,0
DA:118,0
DA:119,0
DA:120,0
DA:122,0
DA:123,0
DA:124,0
DA:125,0
DA:126,0
DA:127,0
DA:128,0
DA:129,0
DA:130,0
DA:132,0
DA:135,0
DA:136,0
DA:137,0
DA:138,0
DA:141,0
DA:142,0
DA:143,0
DA:151,0
DA:152,0
DA:153,0
DA:162,0
DA:163,0
DA:164,0
DA:165,0
DA:167,0
DA:168,0
DA:170,0
DA:171,0
DA:173,0
DA:174,0
DA:176,0
DA:177,0
DA:179,0
DA:180,0
DA:182,0
DA:183,0
DA:185,0
DA:186,0
DA:187,0
DA:190,0
DA:191,0
DA:192,0
DA:193,0
DA:194,0
DA:195,0
DA:196,0
DA:199,0
DA:200,0
DA:201,0
DA:202,0
DA:203,0
DA:204,0
DA:207,0
DA:208,0
DA:209,0
DA:210,0
DA:211,0
DA:214,0
DA:215,0
DA:216,0
DA:217,0
DA:218,0
DA:221,0
DA:222,0
DA:223,0
DA:224,0
DA:225,0
DA:228,0
DA:229,0
DA:230,0
DA:231,0
DA:233,0
DA:234,0
DA:236,0
DA:237,0
DA:239,0
DA:240,0
DA:241,0
DA:244,0
DA:245,0
DA:246,0
DA:247,0
DA:249,0
DA:250,0
DA:251,0
DA:254,0
DA:255,0
DA:256,0
DA:257,0
DA:259,0
DA:260,0
DA:261,0
DA:263,0
DA:265,0
BRF:0
BRH:0
LF:123
LH:0
end_of_record
SF:/Users/smeya/git/darwin-metrics/src/hardware/cpu/cpu_impl.rs
FN:259,_RNvMNtNtNtCshKzkSAARfhV_14darwin_metrics8hardware3cpu8cpu_implNtB2_3CPU17frequency_metrics
FN:278,_RNCNvMNtNtNtCshKzkSAARfhV_14darwin_metrics8hardware3cpu8cpu_implNtB4_3CPU17max_frequency_mhz0Ba_
FN:269,_RNCNvMNtNtNtCshKzkSAARfhV_14darwin_metrics8hardware3cpu8cpu_implNtB4_3CPU17min_frequency_mhz0Ba_
FN:287,_RNCNvMNtNtNtCshKzkSAARfhV_14darwin_metrics8hardware3cpu8cpu_implNtB4_3CPU21available_frequencies0Ba_
FN:226,_RNvMNtNtNtCshKzkSAARfhV_14darwin_metrics8hardware3cpu8cpu_implNtB2_3CPU10core_usage
FN:238,_RNvMNtNtNtCshKzkSAARfhV_14darwin_metrics8hardware3cpu8cpu_implNtB2_3CPU10model_name
FN:247,_RNvMNtNtNtCshKzkSAARfhV_14darwin_metrics8hardware3cpu8cpu_implNtB2_3CPU11temperature
FN:214,_RNvMNtNtNtCshKzkSAARfhV_14darwin_metrics8hardware3cpu8cpu_implNtB2_3CPU13frequency_mhz
FN:202,_RNvMNtNtNtCshKzkSAARfhV_14darwin_metrics8hardware3cpu8cpu_implNtB2_3CPU13logical_cores
FN:190,_RNvMNtNtNtCshKzkSAARfhV_14darwin_metrics8hardware3cpu8cpu_implNtB2_3CPU14physical_cores
FN:149,_RNvMNtNtNtCshKzkSAARfhV_14darwin_metrics8hardware3cpu8cpu_implNtB2_3CPU16fetch_core_usage
FN:277,_RNvMNtNtNtCshKzkSAARfhV_14darwin_metrics8hardware3cpu8cpu_implNtB2_3CPU17max_frequency_mhz
FN:268,_RNvMNtNtNtCshKzkSAARfhV_14darwin_metrics8hardware3cpu8cpu_implNtB2_3CPU17min_frequency_mhz
FN:286,_RNvMNtNtNtCshKzkSAARfhV_14darwin_metrics8hardware3cpu8cpu_implNtB2_3CPU21available_frequencies
FN:178,_RNvMNtNtNtCshKzkSAARfhV_14darwin_metrics8hardware3cpu8cpu_implNtB2_3CPU21fetch_cpu_temperature
FN:71,_RNvMNtNtNtCshKzkSAARfhV_14darwin_metrics8hardware3cpu8cpu_implNtB2_3CPU3new
FN:99,_RNvMNtNtNtCshKzkSAARfhV_14darwin_metrics8hardware3cpu8cpu_implNtB2_3CPU6update
FN:330,_RNvMs0_NtNtNtCshKzkSAARfhV_14darwin_metrics8hardware3cpu8cpu_implNtB5_3CPU13new_with_mock
FN:304,_RNvXs_NtNtNtCshKzkSAARfhV_14darwin_metrics8hardware3cpu8cpu_implNtB4_3CPUNtB6_10CpuMetrics13get_cpu_usage
FN:322,_RNvXs_NtNtNtCshKzkSAARfhV_14darwin_metrics8hardware3cpu8cpu_implNtB4_3CPUNtB6_10CpuMetrics17get_cpu_frequency
FN:313,_RNvXs_NtNtNtCshKzkSAARfhV_14darwin_metrics8hardware3cpu8cpu_implNtB4_3CPUNtB6_10CpuMetrics19get_cpu_temperature
FN:336,_RNCNvMs0_NtNtNtCshKzkSAARfhV_14darwin_metrics8hardware3cpu8cpu_implNtB7_3CPU13new_with_mocks_0Bd_
FN:334,_RNCNvMs0_NtNtNtCshKzkSAARfhV_14darwin_metrics8hardware3cpu8cpu_implNtB7_3CPU13new_with_mock0Bd_
FN:278,_RNCNvMNtNtNtCsidZjL1D1cJh_14darwin_metrics8hardware3cpu8cpu_implNtB4_3CPU17max_frequency_mhz0Ba_
FN:269,_RNCNvMNtNtNtCsidZjL1D1cJh_14darwin_metrics8hardware3cpu8cpu_implNtB4_3CPU17min_frequency_mhz0Ba_
FN:287,_RNCNvMNtNtNtCsidZjL1D1cJh_14darwin_metrics8hardware3cpu8cpu_implNtB4_3CPU21available_frequencies0Ba_
FN:226,_RNvMNtNtNtCsidZjL1D1cJh_14darwin_metrics8hardware3cpu8cpu_implNtB2_3CPU10core_usage
FN:238,_RNvMNtNtNtCsidZjL1D1cJh_14darwin_metrics8hardware3cpu8cpu_implNtB2_3CPU10model_name
FN:247,_RNvMNtNtNtCsidZjL1D1cJh_14darwin_metrics8hardware3cpu8cpu_implNtB2_3CPU11temperature
FN:214,_RNvMNtNtNtCsidZjL1D1cJh_14darwin_metrics8hardware3cpu8cpu_implNtB2_3CPU13frequency_mhz
FN:202,_RNvMNtNtNtCsidZjL1D1cJh_14darwin_metrics8hardware3cpu8cpu_implNtB2_3CPU13logical_cores
FN:190,_RNvMNtNtNtCsidZjL1D1cJh_14darwin_metrics8hardware3cpu8cpu_implNtB2_3CPU14physical_cores
FN:149,_RNvMNtNtNtCsidZjL1D1cJh_14darwin_metrics8hardware3cpu8cpu_implNtB2_3CPU16fetch_core_usage
FN:259,_RNvMNtNtNtCsidZjL1D1cJh_14darwin_metrics8hardware3cpu8cpu_implNtB2_3CPU17frequency_metrics
FN:277,_RNvMNtNtNtCsidZjL1D1cJh_14darwin_metrics8hardware3cpu8cpu_implNtB2_3CPU17max_frequency_mhz
FN:268,_RNvMNtNtNtCsidZjL1D1cJh_14darwin_metrics8hardware3cpu8cpu_implNtB2_3CPU17min_frequency_mhz
FN:286,_RNvMNtNtNtCsidZjL1D1cJh_14darwin_metrics8hardware3cpu8cpu_implNtB2_3CPU21available_frequencies
FN:178,_RNvMNtNtNtCsidZjL1D1cJh_14darwin_metrics8hardware3cpu8cpu_implNtB2_3CPU21fetch_cpu_temperature
FN:71,_RNvMNtNtNtCsidZjL1D1cJh_14darwin_metrics8hardware3cpu8cpu_implNtB2_3CPU3new
FN:99,_RNvMNtNtNtCsidZjL1D1cJh_14darwin_metrics8hardware3cpu8cpu_implNtB2_3CPU6update
FN:304,_RNvXs_NtNtNtCsidZjL1D1cJh_14darwin_metrics8hardware3cpu8cpu_implNtB4_3CPUNtB6_10CpuMetrics13get_cpu_usage
FN:322,_RNvXs_NtNtNtCsidZjL1D1cJh_14darwin_metrics8hardware3cpu8cpu_implNtB4_3CPUNtB6_10CpuMetrics17get_cpu_frequency
FN:313,_RNvXs_NtNtNtCsidZjL1D1cJh_14darwin_metrics8hardware3cpu8cpu_implNtB4_3CPUNtB6_10CpuMetrics19get_cpu_temperature
FNDA:0,_RNvMNtNtNtCshKzkSAARfhV_14darwin_metrics8hardware3cpu8cpu_implNtB2_3CPU17frequency_metrics
FNDA:0,_RNCNvMNtNtNtCshKzkSAARfhV_14darwin_metrics8hardware3cpu8cpu_implNtB4_3CPU17max_frequency_mhz0Ba_
FNDA:0,_RNCNvMNtNtNtCshKzkSAARfhV_14darwin_metrics8hardware3cpu8cpu_implNtB4_3CPU17min_frequency_mhz0Ba_
FNDA:0,_RNCNvMNtNtNtCshKzkSAARfhV_14darwin_metrics8hardware3cpu8cpu_implNtB4_3CPU21available_frequencies0Ba_
FNDA:0,_RNvMNtNtNtCshKzkSAARfhV_14darwin_metrics8hardware3cpu8cpu_implNtB2_3CPU10core_usage
FNDA:0,_RNvMNtNtNtCshKzkSAARfhV_14darwin_metrics8hardware3cpu8cpu_implNtB2_3CPU10model_name
FNDA:0,_RNvMNtNtNtCshKzkSAARfhV_14darwin_metrics8hardware3cpu8cpu_implNtB2_3CPU11temperature
FNDA:0,_RNvMNtNtNtCshKzkSAARfhV_14darwin_metrics8hardware3cpu8cpu_implNtB2_3CPU13frequency_mhz
FNDA:0,_RNvMNtNtNtCshKzkSAARfhV_14darwin_metrics8hardware3cpu8cpu_implNtB2_3CPU13logical_cores
FNDA:0,_RNvMNtNtNtCshKzkSAARfhV_14darwin_metrics8hardware3cpu8cpu_implNtB2_3CPU14physical_cores
FNDA:0,_RNvMNtNtNtCshKzkSAARfhV_14darwin_metrics8hardware3cpu8cpu_implNtB2_3CPU16fetch_core_usage
FNDA:0,_RNvMNtNtNtCshKzkSAARfhV_14darwin_metrics8hardware3cpu8cpu_implNtB2_3CPU17max_frequency_mhz
FNDA:0,_RNvMNtNtNtCshKzkSAARfhV_14darwin_metrics8hardware3cpu8cpu_implNtB2_3CPU17min_frequency_mhz
FNDA:0,_RNvMNtNtNtCshKzkSAARfhV_14darwin_metrics8hardware3cpu8cpu_implNtB2_3CPU21available_frequencies
FNDA:0,_RNvMNtNtNtCshKzkSAARfhV_14darwin_metrics8hardware3cpu8cpu_implNtB2_3CPU21fetch_cpu_temperature
FNDA:0,_RNvMNtNtNtCshKzkSAARfhV_14darwin_metrics8hardware3cpu8cpu_implNtB2_3CPU3new
FNDA:0,_RNvMNtNtNtCshKzkSAARfhV_14darwin_metrics8hardware3cpu8cpu_implNtB2_3CPU6update
FNDA:0,_RNvMs0_NtNtNtCshKzkSAARfhV_14darwin_metrics8hardware3cpu8cpu_implNtB5_3CPU13new_with_mock
FNDA:0,_RNvXs_NtNtNtCshKzkSAARfhV_14darwin_metrics8hardware3cpu8cpu_implNtB4_3CPUNtB6_10CpuMetrics13get_cpu_usage
FNDA:0,_RNvXs_NtNtNtCshKzkSAARfhV_14darwin_metrics8hardware3cpu8cpu_implNtB4_3CPUNtB6_10CpuMetrics17get_cpu_frequency
FNDA:0,_RNvXs_NtNtNtCshKzkSAARfhV_14darwin_metrics8hardware3cpu8cpu_implNtB4_3CPUNtB6_10CpuMetrics19get_cpu_temperature
FNDA:0,_RNCNvMs0_NtNtNtCshKzkSAARfhV_14darwin_metrics8hardware3cpu8cpu_implNtB7_3CPU13new_with_mocks_0Bd_
FNDA:0,_RNCNvMs0_NtNtNtCshKzkSAARfhV_14darwin_metrics8hardware3cpu8cpu_implNtB7_3CPU13new_with_mock0Bd_
FNDA:0,_RNCNvMNtNtNtCsidZjL1D1cJh_14darwin_metrics8hardware3cpu8cpu_implNtB4_3CPU17max_frequency_mhz0Ba_
FNDA:0,_RNCNvMNtNtNtCsidZjL1D1cJh_14darwin_metrics8hardware3cpu8cpu_implNtB4_3CPU17min_frequency_mhz0Ba_
FNDA:0,_RNCNvMNtNtNtCsidZjL1D1cJh_14darwin_metrics8hardware3cpu8cpu_implNtB4_3CPU21available_frequencies0Ba_
FNDA:0,_RNvMNtNtNtCsidZjL1D1cJh_14darwin_metrics8hardware3cpu8cpu_implNtB2_3CPU10core_usage
FNDA:0,_RNvMNtNtNtCsidZjL1D1cJh_14darwin_metrics8hardware3cpu8cpu_implNtB2_3CPU10model_name
FNDA:0,_RNvMNtNtNtCsidZjL1D1cJh_14darwin_metrics8hardware3cpu8cpu_implNtB2_3CPU11temperature
FNDA:0,_RNvMNtNtNtCsidZjL1D1cJh_14darwin_metrics8hardware3cpu8cpu_implNtB2_3CPU13frequency_mhz
FNDA:0,_RNvMNtNtNtCsidZjL1D1cJh_14darwin_metrics8hardware3cpu8cpu_implNtB2_3CPU13logical_cores
FNDA:0,_RNvMNtNtNtCsidZjL1D1cJh_14darwin_metrics8hardware3cpu8cpu_implNtB2_3CPU14physical_cores
FNDA:0,_RNvMNtNtNtCsidZjL1D1cJh_14darwin_metrics8hardware3cpu8cpu_implNtB2_3CPU16fetch_core_usage
FNDA:0,_RNvMNtNtNtCsidZjL1D1cJh_14darwin_metrics8hardware3cpu8cpu_implNtB2_3CPU17frequency_metrics
FNDA:0,_RNvMNtNtNtCsidZjL1D1cJh_14darwin_metrics8hardware3cpu8cpu_implNtB2_3CPU17max_frequency_mhz
FNDA:0,_RNvMNtNtNtCsidZjL1D1cJh_14darwin_metrics8hardware3cpu8cpu_implNtB2_3CPU17min_frequency_mhz
FNDA:0,_RNvMNtNtNtCsidZjL1D1cJh_14darwin_metrics8hardware3cpu8cpu_implNtB2_3CPU21available_frequencies
FNDA:0,_RNvMNtNtNtCsidZjL1D1cJh_14darwin_metrics8hardware3cpu8cpu_implNtB2_3CPU21fetch_cpu_temperature
FNDA:0,_RNvMNtNtNtCsidZjL1D1cJh_14darwin_metrics8hardware3cpu8cpu_implNtB2_3CPU3new
FNDA:0,_RNvMNtNtNtCsidZjL1D1cJh_14darwin_metrics8hardware3cpu8cpu_implNtB2_3CPU6update
FNDA:0,_RNvXs_NtNtNtCsidZjL1D1cJh_14darwin_metrics8hardware3cpu8cpu_implNtB4_3CPUNtB6_10CpuMetrics13get_cpu_usage
FNDA:0,_RNvXs_NtNtNtCsidZjL1D1cJh_14darwin_metrics8hardware3cpu8cpu_implNtB4_3CPUNtB6_10CpuMetrics17get_cpu_frequency
FNDA:0,_RNvXs_NtNtNtCsidZjL1D1cJh_14darwin_metrics8hardware3cpu8cpu_implNtB4_3CPUNtB6_10CpuMetrics19get_cpu_temperature
FNF:23
FNH:0
DA:71,0
DA:72,0
DA:73,0
DA:74,0
DA:75,0
DA:76,0
DA:77,0
DA:78,0
DA:79,0
DA:80,0
DA:81,0
DA:82,0
DA:83,0
DA:84,0
DA:85,0
DA:99,0
DA:100,0
DA:104,0
DA:105,0
DA:106,0
DA:107,0
DA:108,0
DA:109,0
DA:110,0
DA:111,0
DA:112,0
DA:113,0
DA:114,0
DA:115,0
DA:116,0
DA:117,0
DA:118,0
DA:119,0
DA:122,0
DA:126,0
DA:127,0
DA:128,0
DA:129,0
DA:130,0
DA:131,0
DA:132,0
DA:133,0
DA:149,0
DA:150,0
DA:151,0
DA:152,0
DA:153,0
DA:154,0
DA:155,0
DA:156,0
DA:157,0
DA:158,0
DA:159,0
DA:160,0
DA:161,0
DA:162,0
DA:163,0
DA:164,0
DA:165,0
DA:167,0
DA:168,0
DA:178,0
DA:179,0
DA:180,0
DA:190,0
DA:191,0
DA:192,0
DA:202,0
DA:203,0
DA:204,0
DA:214,0
DA:215,0
DA:216,0
DA:226,0
DA:227,0
DA:228,0
DA:238,0
DA:239,0
DA:240,0
DA:247,0
DA:248,0
DA:249,0
DA:259,0
DA:260,0
DA:261,0
DA:268,0
DA:269,0
DA:270,0
DA:277,0
DA:278,0
DA:279,0
DA:286,0
DA:287,0
DA:288,0
DA:304,0
DA:305,0
DA:306,0
DA:313,0
DA:314,0
DA:315,0
DA:322,0
DA:323,0
DA:324,0
DA:330,0
DA:331,0
DA:332,0
DA:333,0
DA:334,0
DA:335,0
DA:336,0
DA:338,0
DA:339,0
DA:340,0
DA:341,0
DA:342,0
DA:343,0
DA:344,0
DA:345,0
DA:346,0
DA:347,0
DA:348,0
DA:349,0
DA:350,0
DA:351,0
DA:352,0
DA:353,0
DA:354,0
DA:355,0
DA:356,0
DA:357,0
DA:358,0
DA:359,0
BRF:0
BRH:0
LF:138
LH:0
end_of_record
SF:/Users/smeya/git/darwin-metrics/src/hardware/cpu/frequency.rs
FN:150,_RNCNvNtNtNtCshKzkSAARfhV_14darwin_metrics8hardware3cpu9frequency30fetch_sysctl_frequency_by_name0B9_
FN:97,_RNvMs_NtNtNtCshKzkSAARfhV_14darwin_metrics8hardware3cpu9frequencyNtB4_16FrequencyMonitor11get_metrics
FN:81,_RNvMs_NtNtNtCshKzkSAARfhV_14darwin_metrics8hardware3cpu9frequencyNtB4_16FrequencyMonitor3new
FN:120,_RNvNtNtNtCshKzkSAARfhV_14darwin_metrics8hardware3cpu9frequency17retrieve_cpu_info
FN:110,_RNvNtNtNtCshKzkSAARfhV_14darwin_metrics8hardware3cpu9frequency21fetch_cpu_frequencies
FN:146,_RNvNtNtNtCshKzkSAARfhV_14darwin_metrics8hardware3cpu9frequency30fetch_sysctl_frequency_by_name
FN:70,_RNvXNtNtNtCshKzkSAARfhV_14darwin_metrics8hardware3cpu9frequencyNtB2_16FrequencyMonitorNtNtCs4P3ALgZxGbJ_4core7default7Default7default
FN:150,_RNCNvNtNtNtCsidZjL1D1cJh_14darwin_metrics8hardware3cpu9frequency30fetch_sysctl_frequency_by_name0B9_
FN:97,_RNvMs_NtNtNtCsidZjL1D1cJh_14darwin_metrics8hardware3cpu9frequencyNtB4_16FrequencyMonitor11get_metrics
FN:81,_RNvMs_NtNtNtCsidZjL1D1cJh_14darwin_metrics8hardware3cpu9frequencyNtB4_16FrequencyMonitor3new
FN:120,_RNvNtNtNtCsidZjL1D1cJh_14darwin_metrics8hardware3cpu9frequency17retrieve_cpu_info
FN:110,_RNvNtNtNtCsidZjL1D1cJh_14darwin_metrics8hardware3cpu9frequency21fetch_cpu_frequencies
FN:146,_RNvNtNtNtCsidZjL1D1cJh_14darwin_metrics8hardware3cpu9frequency30fetch_sysctl_frequency_by_name
FN:70,_RNvXNtNtNtCsidZjL1D1cJh_14darwin_metrics8hardware3cpu9frequencyNtB2_16FrequencyMonitorNtNtCs4P3ALgZxGbJ_4core7default7Default7default
FNDA:0,_RNCNvNtNtNtCshKzkSAARfhV_14darwin_metrics8hardware3cpu9frequency30fetch_sysctl_frequency_by_name0B9_
FNDA:0,_RNvMs_NtNtNtCshKzkSAARfhV_14darwin_metrics8hardware3cpu9frequencyNtB4_16FrequencyMonitor11get_metrics
FNDA:0,_RNvMs_NtNtNtCshKzkSAARfhV_14darwin_metrics8hardware3cpu9frequencyNtB4_16FrequencyMonitor3new
FNDA:0,_RNvNtNtNtCshKzkSAARfhV_14darwin_metrics8hardware3cpu9frequency17retrieve_cpu_info
FNDA:0,_RNvNtNtNtCshKzkSAARfhV_14darwin_metrics8hardware3cpu9frequency21fetch_cpu_frequencies
FNDA:0,_RNvNtNtNtCshKzkSAARfhV_14darwin_metrics8hardware3cpu9frequency30fetch_sysctl_frequency_by_name
FNDA:0,_RNvXNtNtNtCshKzkSAARfhV_14darwin_metrics8hardware3cpu9frequencyNtB2_16FrequencyMonitorNtNtCs4P3ALgZxGbJ_4core7default7Default7default
FNDA:0,_RNCNvNtNtNtCsidZjL1D1cJh_14darwin_metrics8hardware3cpu9frequency30fetch_sysctl_frequency_by_name0B9_
FNDA:0,_RNvMs_NtNtNtCsidZjL1D1cJh_14darwin_metrics8hardware3cpu9frequencyNtB4_16FrequencyMonitor11get_metrics
FNDA:0,_RNvMs_NtNtNtCsidZjL1D1cJh_14darwin_metrics8hardware3cpu9frequencyNtB4_16FrequencyMonitor3new
FNDA:0,_RNvNtNtNtCsidZjL1D1cJh_14darwin_metrics8hardware3cpu9frequency17retrieve_cpu_info
FNDA:0,_RNvNtNtNtCsidZjL1D1cJh_14darwin_metrics8hardware3cpu9frequency21fetch_cpu_frequencies
FNDA:0,_RNvNtNtNtCsidZjL1D1cJh_14darwin_metrics8hardware3cpu9frequency30fetch_sysctl_frequency_by_name
FNDA:0,_RNvXNtNtNtCsidZjL1D1cJh_14darwin_metrics8hardware3cpu9frequencyNtB2_16FrequencyMonitorNtNtCs4P3ALgZxGbJ_4core7default7Default7default
FNF:7
FNH:0
DA:70,0
DA:71,0
DA:72,0
DA:81,0
DA:82,0
DA:83,0
DA:97,0
DA:98,0
DA:99,0
DA:110,0
DA:111,0
DA:112,0
DA:113,0
DA:114,0
DA:115,0
DA:116,0
DA:117,0
DA:118,0
DA:120,0
DA:125,0
DA:126,0
DA:127,0
DA:131,0
DA:132,0
DA:133,0
DA:134,0
DA:135,0
DA:136,0
DA:137,0
DA:138,0
DA:139,0
DA:140,0
DA:141,0
DA:143,0
DA:144,0
DA:146,0
DA:150,0
DA:151,0
DA:152,0
DA:154,0
DA:155,0
DA:156,0
DA:157,0
DA:158,0
DA:159,0
DA:160,0
DA:161,0
DA:162,0
DA:163,0
DA:164,0
DA:165,0
DA:166,0
DA:167,0
DA:168,0
DA:169,0
DA:170,0
DA:171,0
DA:172,0
DA:173,0
BRF:0
BRH:0
LF:61
LH:0
end_of_record
SF:/Users/smeya/git/darwin-metrics/src/hardware/cpu/tests.rs
FN:16,_RNvNtNtNtCshKzkSAARfhV_14darwin_metrics8hardware3cpu5testss_14test_cpu_usage
FN:74,_RNvNtNtNtCshKzkSAARfhV_14darwin_metrics8hardware3cpu5testss_16test_real_update
FN:231,_RNvNtNtNtCshKzkSAARfhV_14darwin_metrics8hardware3cpu5testss_22test_core_usage_values
FN:25,_RNvNtNtNtCshKzkSAARfhV_14darwin_metrics8hardware3cpu5testss_22test_cpu_metrics_trait
FN:34,_RNvNtNtNtCshKzkSAARfhV_14darwin_metrics8hardware3cpu5testss_22test_frequency_metrics
FN:4,_RNvNtNtNtCshKzkSAARfhV_14darwin_metrics8hardware3cpu5testss_23test_cpu_initialization
FN:95,_RNvNtNtNtCshKzkSAARfhV_14darwin_metrics8hardware3cpu5testss_26test_frequency_monitor_new
FN:54,_RNvNtNtNtCshKzkSAARfhV_14darwin_metrics8hardware3cpu5testss_28test_create_from_constructor
FN:143,_RNvNtNtNtCshKzkSAARfhV_14darwin_metrics8hardware3cpu5testss_28test_frequency_metrics_clone
FN:161,_RNvNtNtNtCshKzkSAARfhV_14darwin_metrics8hardware3cpu5testss_28test_frequency_metrics_debug
FN:125,_RNvNtNtNtCshKzkSAARfhV_14darwin_metrics8hardware3cpu5testss_29test_frequency_metrics_struct
FN:102,_RNvNtNtNtCshKzkSAARfhV_14darwin_metrics8hardware3cpu5testss_30test_frequency_monitor_default
FN:180,_RNvNtNtNtCshKzkSAARfhV_14darwin_metrics8hardware3cpu5testss_31test_frequency_metrics_equality
FN:109,_RNvNtNtNtCshKzkSAARfhV_14darwin_metrics8hardware3cpu5testss_34test_frequency_monitor_get_metrics
FN:208,_RNvNtNtNtCshKzkSAARfhV_14darwin_metrics8hardware3cpu5testss_38test_available_frequencies_calculation
FN:246,_RNvNtNtNtCshKzkSAARfhV_14darwin_metrics8hardware3cpu5testss_42test_core_usage_with_different_core_counts
FNDA:0,_RNvNtNtNtCshKzkSAARfhV_14darwin_metrics8hardware3cpu5testss_14test_cpu_usage
FNDA:0,_RNvNtNtNtCshKzkSAARfhV_14darwin_metrics8hardware3cpu5testss_16test_real_update
FNDA:0,_RNvNtNtNtCshKzkSAARfhV_14darwin_metrics8hardware3cpu5testss_22test_core_usage_values
FNDA:0,_RNvNtNtNtCshKzkSAARfhV_14darwin_metrics8hardware3cpu5testss_22test_cpu_metrics_trait
FNDA:0,_RNvNtNtNtCshKzkSAARfhV_14darwin_metrics8hardware3cpu5testss_22test_frequency_metrics
FNDA:0,_RNvNtNtNtCshKzkSAARfhV_14darwin_metrics8hardware3cpu5testss_23test_cpu_initialization
FNDA:0,_RNvNtNtNtCshKzkSAARfhV_14darwin_metrics8hardware3cpu5testss_26test_frequency_monitor_new
FNDA:0,_RNvNtNtNtCshKzkSAARfhV_14darwin_metrics8hardware3cpu5testss_28test_create_from_constructor
FNDA:0,_RNvNtNtNtCshKzkSAARfhV_14darwin_metrics8hardware3cpu5testss_28test_frequency_metrics_clone
FNDA:0,_RNvNtNtNtCshKzkSAARfhV_14darwin_metrics8hardware3cpu5testss_28test_frequency_metrics_debug
FNDA:0,_RNvNtNtNtCshKzkSAARfhV_14darwin_metrics8hardware3cpu5testss_29test_frequency_metrics_struct
FNDA:0,_RNvNtNtNtCshKzkSAARfhV_14darwin_metrics8hardware3cpu5testss_30test_frequency_monitor_default
FNDA:0,_RNvNtNtNtCshKzkSAARfhV_14darwin_metrics8hardware3cpu5testss_31test_frequency_metrics_equality
FNDA:0,_RNvNtNtNtCshKzkSAARfhV_14darwin_metrics8hardware3cpu5testss_34test_frequency_monitor_get_metrics
FNDA:0,_RNvNtNtNtCshKzkSAARfhV_14darwin_metrics8hardware3cpu5testss_38test_available_frequencies_calculation
FNDA:0,_RNvNtNtNtCshKzkSAARfhV_14darwin_metrics8hardware3cpu5testss_42test_core_usage_with_different_core_counts
FNF:16
FNH:0
DA:4,0
DA:5,0
DA:6,0
DA:7,0
DA:8,0
DA:9,0
DA:10,0
DA:11,0
DA:12,0
DA:13,0
DA:16,0
DA:17,0
DA:18,0
DA:19,0
DA:20,0
DA:21,0
DA:22,0
DA:25,0
DA:26,0
DA:27,0
DA:28,0
DA:29,0
DA:30,0
DA:31,0
DA:34,0
DA:35,0
DA:36,0
DA:37,0
DA:38,0
DA:39,0
DA:41,0
DA:42,0
DA:43,0
DA:44,0
DA:45,0
DA:46,0
DA:54,0
DA:55,0
DA:56,0
DA:57,0
DA:58,0
DA:59,0
DA:60,0
DA:61,0
DA:62,0
DA:63,0
DA:64,0
DA:66,0
DA:67,0
DA:68,0
DA:69,0
DA:71,0
DA:74,0
DA:75,0
DA:76,0
DA:78,0
DA:80,0
DA:81,0
DA:82,0
DA:83,0
DA:84,0
DA:85,0
DA:86,0
DA:87,0
DA:88,0
DA:89,0
DA:90,0
DA:95,0
DA:96,0
DA:97,0
DA:98,0
DA:99,0
DA:102,0
DA:103,0
DA:104,0
DA:105,0
DA:106,0
DA:109,0
DA:110,0
DA:111,0
DA:112,0
DA:113,0
DA:114,0
DA:115,0
DA:116,0
DA:117,0
DA:118,0
DA:119,0
DA:120,0
DA:121,0
DA:122,0
DA:125,0
DA:126,0
DA:127,0
DA:128,0
DA:129,0
DA:130,0
DA:131,0
DA:132,0
DA:133,0
DA:134,0
DA:135,0
DA:136,0
DA:137,0
DA:138,0
DA:139,0
DA:140,0
DA:143,0
DA:144,0
DA:145,0
DA:146,0
DA:147,0
DA:148,0
DA:149,0
DA:150,0
DA:151,0
DA:152,0
DA:153,0
DA:154,0
DA:155,0
DA:156,0
DA:157,0
DA:158,0
DA:161,0
DA:162,0
DA:163,0
DA:164,0
DA:165,0
DA:166,0
DA:167,0
DA:168,0
DA:169,0
DA:170,0
DA:171,0
DA:172,0
DA:173,0
DA:174,0
DA:175,0
DA:176,0
DA:177,0
DA:180,0
DA:181,0
DA:182,0
DA:183,0
DA:184,0
DA:185,0
DA:186,0
DA:187,0
DA:188,0
DA:189,0
DA:190,0
DA:191,0
DA:192,0
DA:193,0
DA:194,0
DA:195,0
DA:196,0
DA:197,0
DA:198,0
DA:199,0
DA:200,0
DA:201,0
DA:202,0
DA:203,0
DA:204,0
DA:205,0
DA:208,0
DA:209,0
DA:210,0
DA:211,0
DA:212,0
DA:213,0
DA:214,0
DA:215,0
DA:216,0
DA:217,0
DA:218,0
DA:219,0
DA:220,0
DA:221,0
DA:222,0
DA:226,0
DA:227,0
DA:228,0
DA:231,0
DA:232,0
DA:233,0
DA:234,0
DA:235,0
DA:236,0
DA:237,0
DA:240,0
DA:241,0
DA:243,0
DA:246,0
DA:247,0
DA:248,0
DA:249,0
DA:250,0
DA:251,0
DA:252,0
DA:255,0
DA:256,0
DA:260,0
DA:261,0
DA:262,0
DA:263,0
DA:264,0
BRF:0
BRH:0
LF:208
LH:0
end_of_record
SF:/Users/smeya/git/darwin-metrics/src/hardware/gpu/mod.rs
FN:502,_RNCNvMNtNtCshKzkSAARfhV_14darwin_metrics8hardware3gpuNtB4_3Gpu15get_temperature0B8_
FN:58,_RNCNvMNtNtCshKzkSAARfhV_14darwin_metrics8hardware3gpuNtB4_3Gpu3new0B8_
FN:72,_RNCNvMNtNtCshKzkSAARfhV_14darwin_metrics8hardware3gpuNtB4_3Gpu4name0B8_
FN:259,_RNCNvMNtNtCshKzkSAARfhV_14darwin_metrics8hardware3gpuNtB4_3Gpu7metrics0B8_
FN:731,_RNvMNtNtCshKzkSAARfhV_14darwin_metrics8hardware3gpuNtB2_3Gpu13get_cpu_cores
FN:232,_RNvMNtNtCshKzkSAARfhV_14darwin_metrics8hardware3gpuNtB2_3Gpu13get_cpu_model
FN:485,_RNvMNtNtCshKzkSAARfhV_14darwin_metrics8hardware3gpuNtB2_3Gpu15get_temperature
FN:431,_RNvMNtNtCshKzkSAARfhV_14darwin_metrics8hardware3gpuNtB2_3Gpu16get_memory_stats
FN:303,_RNvMNtNtCshKzkSAARfhV_14darwin_metrics8hardware3gpuNtB2_3Gpu19get_characteristics
FN:376,_RNvMNtNtCshKzkSAARfhV_14darwin_metrics8hardware3gpuNtB2_3Gpu20estimate_memory_info
FN:607,_RNvMNtNtCshKzkSAARfhV_14darwin_metrics8hardware3gpuNtB2_3Gpu20estimate_utilization
FN:705,_RNvMNtNtCshKzkSAARfhV_14darwin_metrics8hardware3gpuNtB2_3Gpu23get_cpu_usage_component
FN:114,_RNvMNtNtCshKzkSAARfhV_14darwin_metrics8hardware3gpuNtB2_3Gpu25detect_apple_silicon_chip
FN:639,_RNvMNtNtCshKzkSAARfhV_14darwin_metrics8hardware3gpuNtB2_3Gpu25get_system_load_component
FN:654,_RNvMNtNtCshKzkSAARfhV_14darwin_metrics8hardware3gpuNtB2_3Gpu30get_process_activity_component
FN:56,_RNvMNtNtCshKzkSAARfhV_14darwin_metrics8hardware3gpuNtB2_3Gpu3new
FN:70,_RNvMNtNtCshKzkSAARfhV_14darwin_metrics8hardware3gpuNtB2_3Gpu4name
FN:258,_RNvMNtNtCshKzkSAARfhV_14darwin_metrics8hardware3gpuNtB2_3Gpu7metrics
FN:185,_RNvMNtNtCshKzkSAARfhV_14darwin_metrics8hardware3gpuNtB2_3Gpu16detect_intel_gpu
FN:762,_RNCNvXs_NtNtCshKzkSAARfhV_14darwin_metrics8hardware3gpuNtB6_3GpuNtNtNtCs4P3ALgZxGbJ_4core3ops4drop4Drop4drop0Ba_
FN:759,_RNvXs_NtNtCshKzkSAARfhV_14darwin_metrics8hardware3gpuNtB4_3GpuNtNtNtCs4P3ALgZxGbJ_4core3ops4drop4Drop4drop
FN:762,_RNCNvXs_NtNtCsidZjL1D1cJh_14darwin_metrics8hardware3gpuNtB6_3GpuNtNtNtCs4P3ALgZxGbJ_4core3ops4drop4Drop4drop0Ba_
FN:759,_RNvXs_NtNtCsidZjL1D1cJh_14darwin_metrics8hardware3gpuNtB4_3GpuNtNtNtCs4P3ALgZxGbJ_4core3ops4drop4Drop4drop
FN:232,_RNvMNtNtCsidZjL1D1cJh_14darwin_metrics8hardware3gpuNtB2_3Gpu13get_cpu_model
FN:185,_RNvMNtNtCsidZjL1D1cJh_14darwin_metrics8hardware3gpuNtB2_3Gpu16detect_intel_gpu
FN:502,_RNCNvMNtNtCsidZjL1D1cJh_14darwin_metrics8hardware3gpuNtB4_3Gpu15get_temperature0B8_
FN:58,_RNCNvMNtNtCsidZjL1D1cJh_14darwin_metrics8hardware3gpuNtB4_3Gpu3new0B8_
FN:72,_RNCNvMNtNtCsidZjL1D1cJh_14darwin_metrics8hardware3gpuNtB4_3Gpu4name0B8_
FN:259,_RNCNvMNtNtCsidZjL1D1cJh_14darwin_metrics8hardware3gpuNtB4_3Gpu7metrics0B8_
FN:731,_RNvMNtNtCsidZjL1D1cJh_14darwin_metrics8hardware3gpuNtB2_3Gpu13get_cpu_cores
FN:485,_RNvMNtNtCsidZjL1D1cJh_14darwin_metrics8hardware3gpuNtB2_3Gpu15get_temperature
FN:431,_RNvMNtNtCsidZjL1D1cJh_14darwin_metrics8hardware3gpuNtB2_3Gpu16get_memory_stats
FN:303,_RNvMNtNtCsidZjL1D1cJh_14darwin_metrics8hardware3gpuNtB2_3Gpu19get_characteristics
FN:376,_RNvMNtNtCsidZjL1D1cJh_14darwin_metrics8hardware3gpuNtB2_3Gpu20estimate_memory_info
FN:607,_RNvMNtNtCsidZjL1D1cJh_14darwin_metrics8hardware3gpuNtB2_3Gpu20estimate_utilization
FN:705,_RNvMNtNtCsidZjL1D1cJh_14darwin_metrics8hardware3gpuNtB2_3Gpu23get_cpu_usage_component
FN:114,_RNvMNtNtCsidZjL1D1cJh_14darwin_metrics8hardware3gpuNtB2_3Gpu25detect_apple_silicon_chip
FN:639,_RNvMNtNtCsidZjL1D1cJh_14darwin_metrics8hardware3gpuNtB2_3Gpu25get_system_load_component
FN:654,_RNvMNtNtCsidZjL1D1cJh_14darwin_metrics8hardware3gpuNtB2_3Gpu30get_process_activity_component
FN:56,_RNvMNtNtCsidZjL1D1cJh_14darwin_metrics8hardware3gpuNtB2_3Gpu3new
FN:70,_RNvMNtNtCsidZjL1D1cJh_14darwin_metrics8hardware3gpuNtB2_3Gpu4name
FN:258,_RNvMNtNtCsidZjL1D1cJh_14darwin_metrics8hardware3gpuNtB2_3Gpu7metrics
FNDA:0,_RNCNvMNtNtCshKzkSAARfhV_14darwin_metrics8hardware3gpuNtB4_3Gpu15get_temperature0B8_
FNDA:0,_RNCNvMNtNtCshKzkSAARfhV_14darwin_metrics8hardware3gpuNtB4_3Gpu3new0B8_
FNDA:0,_RNCNvMNtNtCshKzkSAARfhV_14darwin_metrics8hardware3gpuNtB4_3Gpu4name0B8_
FNDA:0,_RNCNvMNtNtCshKzkSAARfhV_14darwin_metrics8hardware3gpuNtB4_3Gpu7metrics0B8_
FNDA:0,_RNvMNtNtCshKzkSAARfhV_14darwin_metrics8hardware3gpuNtB2_3Gpu13get_cpu_cores
FNDA:0,_RNvMNtNtCshKzkSAARfhV_14darwin_metrics8hardware3gpuNtB2_3Gpu13get_cpu_model
FNDA:0,_RNvMNtNtCshKzkSAARfhV_14darwin_metrics8hardware3gpuNtB2_3Gpu15get_temperature
FNDA:0,_RNvMNtNtCshKzkSAARfhV_14darwin_metrics8hardware3gpuNtB2_3Gpu16get_memory_stats
FNDA:0,_RNvMNtNtCshKzkSAARfhV_14darwin_metrics8hardware3gpuNtB2_3Gpu19get_characteristics
FNDA:0,_RNvMNtNtCshKzkSAARfhV_14darwin_metrics8hardware3gpuNtB2_3Gpu20estimate_memory_info
FNDA:0,_RNvMNtNtCshKzkSAARfhV_14darwin_metrics8hardware3gpuNtB2_3Gpu20estimate_utilization
FNDA:0,_RNvMNtNtCshKzkSAARfhV_14darwin_metrics8hardware3gpuNtB2_3Gpu23get_cpu_usage_component
FNDA:0,_RNvMNtNtCshKzkSAARfhV_14darwin_metrics8hardware3gpuNtB2_3Gpu25detect_apple_silicon_chip
FNDA:0,_RNvMNtNtCshKzkSAARfhV_14darwin_metrics8hardware3gpuNtB2_3Gpu25get_system_load_component
FNDA:0,_RNvMNtNtCshKzkSAARfhV_14darwin_metrics8hardware3gpuNtB2_3Gpu30get_process_activity_component
FNDA:0,_RNvMNtNtCshKzkSAARfhV_14darwin_metrics8hardware3gpuNtB2_3Gpu3new
FNDA:0,_RNvMNtNtCshKzkSAARfhV_14darwin_metrics8hardware3gpuNtB2_3Gpu4name
FNDA:0,_RNvMNtNtCshKzkSAARfhV_14darwin_metrics8hardware3gpuNtB2_3Gpu7metrics
FNDA:0,_RNvMNtNtCshKzkSAARfhV_14darwin_metrics8hardware3gpuNtB2_3Gpu16detect_intel_gpu
FNDA:0,_RNCNvXs_NtNtCshKzkSAARfhV_14darwin_metrics8hardware3gpuNtB6_3GpuNtNtNtCs4P3ALgZxGbJ_4core3ops4drop4Drop4drop0Ba_
FNDA:0,_RNvXs_NtNtCshKzkSAARfhV_14darwin_metrics8hardware3gpuNtB4_3GpuNtNtNtCs4P3ALgZxGbJ_4core3ops4drop4Drop4drop
FNDA:0,_RNCNvXs_NtNtCsidZjL1D1cJh_14darwin_metrics8hardware3gpuNtB6_3GpuNtNtNtCs4P3ALgZxGbJ_4core3ops4drop4Drop4drop0Ba_
FNDA:0,_RNvXs_NtNtCsidZjL1D1cJh_14darwin_metrics8hardware3gpuNtB4_3GpuNtNtNtCs4P3ALgZxGbJ_4core3ops4drop4Drop4drop
FNDA:0,_RNvMNtNtCsidZjL1D1cJh_14darwin_metrics8hardware3gpuNtB2_3Gpu13get_cpu_model
FNDA:0,_RNvMNtNtCsidZjL1D1cJh_14darwin_metrics8hardware3gpuNtB2_3Gpu16detect_intel_gpu
FNDA:0,_RNCNvMNtNtCsidZjL1D1cJh_14darwin_metrics8hardware3gpuNtB4_3Gpu15get_temperature0B8_
FNDA:0,_RNCNvMNtNtCsidZjL1D1cJh_14darwin_metrics8hardware3gpuNtB4_3Gpu3new0B8_
FNDA:0,_RNCNvMNtNtCsidZjL1D1cJh_14darwin_metrics8hardware3gpuNtB4_3Gpu4name0B8_
FNDA:0,_RNCNvMNtNtCsidZjL1D1cJh_14darwin_metrics8hardware3gpuNtB4_3Gpu7metrics0B8_
FNDA:0,_RNvMNtNtCsidZjL1D1cJh_14darwin_metrics8hardware3gpuNtB2_3Gpu13get_cpu_cores
FNDA:0,_RNvMNtNtCsidZjL1D1cJh_14darwin_metrics8hardware3gpuNtB2_3Gpu15get_temperature
FNDA:0,_RNvMNtNtCsidZjL1D1cJh_14darwin_metrics8hardware3gpuNtB2_3Gpu16get_memory_stats
FNDA:0,_RNvMNtNtCsidZjL1D1cJh_14darwin_metrics8hardware3gpuNtB2_3Gpu19get_characteristics
FNDA:0,_RNvMNtNtCsidZjL1D1cJh_14darwin_metrics8hardware3gpuNtB2_3Gpu20estimate_memory_info
FNDA:0,_RNvMNtNtCsidZjL1D1cJh_14darwin_metrics8hardware3gpuNtB2_3Gpu20estimate_utilization
FNDA:0,_RNvMNtNtCsidZjL1D1cJh_14darwin_metrics8hardware3gpuNtB2_3Gpu23get_cpu_usage_component
FNDA:0,_RNvMNtNtCsidZjL1D1cJh_14darwin_metrics8hardware3gpuNtB2_3Gpu25detect_apple_silicon_chip
FNDA:0,_RNvMNtNtCsidZjL1D1cJh_14darwin_metrics8hardware3gpuNtB2_3Gpu25get_system_load_component
FNDA:0,_RNvMNtNtCsidZjL1D1cJh_14darwin_metrics8hardware3gpuNtB2_3Gpu30get_process_activity_component
FNDA:0,_RNvMNtNtCsidZjL1D1cJh_14darwin_metrics8hardware3gpuNtB2_3Gpu3new
FNDA:0,_RNvMNtNtCsidZjL1D1cJh_14darwin_metrics8hardware3gpuNtB2_3Gpu4name
FNDA:0,_RNvMNtNtCsidZjL1D1cJh_14darwin_metrics8hardware3gpuNtB2_3Gpu7metrics
FNF:21
FNH:0
DA:56,0
DA:57,0
DA:58,0
DA:59,0
DA:60,0
DA:61,0
DA:63,0
DA:65,0
DA:66,0
DA:67,0
DA:68,0
DA:70,0
DA:71,0
DA:72,0
DA:74,0
DA:76,0
DA:77,0
DA:78,0
DA:79,0
DA:80,0
DA:81,0
DA:82,0
DA:83,0
DA:84,0
DA:85,0
DA:86,0
DA:87,0
DA:88,0
DA:89,0
DA:91,0
DA:94,0
DA:96,0
DA:97,0
DA:98,0
DA:99,0
DA:100,0
DA:101,0
DA:102,0
DA:105,0
DA:106,0
DA:107,0
DA:108,0
DA:109,0
DA:110,0
DA:111,0
DA:114,0
DA:115,0
DA:116,0
DA:117,0
DA:118,0
DA:119,0
DA:121,0
DA:122,0
DA:123,0
DA:124,0
DA:125,0
DA:126,0
DA:127,0
DA:128,0
DA:129,0
DA:130,0
DA:131,0
DA:132,0
DA:133,0
DA:134,0
DA:135,0
DA:136,0
DA:137,0
DA:138,0
DA:139,0
DA:140,0
DA:141,0
DA:142,0
DA:143,0
DA:144,0
DA:145,0
DA:146,0
DA:147,0
DA:148,0
DA:149,0
DA:150,0
DA:151,0
DA:154,0
DA:155,0
DA:156,0
DA:157,0
DA:158,0
DA:159,0
DA:160,0
DA:161,0
DA:162,0
DA:165,0
DA:166,0
DA:167,0
DA:169,0
DA:170,0
DA:171,0
DA:172,0
DA:173,0
DA:174,0
DA:175,0
DA:176,0
DA:177,0
DA:178,0
DA:179,0
DA:180,0
DA:182,0
DA:185,0
DA:193,0
DA:194,0
DA:195,0
DA:196,0
DA:197,0
DA:198,0
DA:199,0
DA:200,0
DA:201,0
DA:202,0
DA:203,0
DA:204,0
DA:205,0
DA:206,0
DA:207,0
DA:208,0
DA:209,0
DA:210,0
DA:211,0
DA:212,0
DA:218,0
DA:219,0
DA:220,0
DA:221,0
DA:222,0
DA:223,0
DA:224,0
DA:225,0
DA:226,0
DA:227,0
DA:229,0
DA:232,0
DA:233,0
DA:234,0
DA:235,0
DA:236,0
DA:238,0
DA:239,0
[...]
FN:130,_RNvNtCshKzkSAARfhV_14darwin_metrics5utils20raw_f64_slice_to_vec
FN:138,_RNvNtCshKzkSAARfhV_14darwin_metrics5utils8get_name
FN:51,_RNCNvYpNtNtCsidZjL1D1cJh_14darwin_metrics5utils13PropertyUtils17get_bool_property0B9_
FN:52,_RNCNvYpNtNtCsidZjL1D1cJh_14darwin_metrics5utils13PropertyUtils17get_bool_propertys_0B9_
FN:44,_RNCNvYpNtNtCsidZjL1D1cJh_14darwin_metrics5utils13PropertyUtils19get_number_property0B9_
FN:45,_RNCNvYpNtNtCsidZjL1D1cJh_14darwin_metrics5utils13PropertyUtils19get_number_propertys_0B9_
FN:37,_RNCNvYpNtNtCsidZjL1D1cJh_14darwin_metrics5utils13PropertyUtils19get_string_property0B9_
FN:38,_RNCNvYpNtNtCsidZjL1D1cJh_14darwin_metrics5utils13PropertyUtils19get_string_propertys_0B9_
FN:48,_RNvYpNtNtCsidZjL1D1cJh_14darwin_metrics5utils13PropertyUtils17get_bool_propertyB7_
FN:41,_RNvYpNtNtCsidZjL1D1cJh_14darwin_metrics5utils13PropertyUtils19get_number_propertyB7_
FN:34,_RNvYpNtNtCsidZjL1D1cJh_14darwin_metrics5utils13PropertyUtils19get_string_propertyB7_
FN:144,_RNCNCNvNtCsidZjL1D1cJh_14darwin_metrics5utils8get_name00B7_
FN:69,_RINvNtCsidZjL1D1cJh_14darwin_metrics5utils14objc_safe_execNtNtCsaxtFaqkp5wQ_5alloc6string6StringNCNCNvB2_8get_name00EB4_
FN:61,_RINvNtCsidZjL1D1cJh_14darwin_metrics5utils16autorelease_poolINtNtCs4P3ALgZxGbJ_4core6result6ResultNtNtCsaxtFaqkp5wQ_5alloc6string6StringNtNtB4_5error5ErrorENCNvB2_8get_name0EB4_
FN:65,_RNCINvNtCsidZjL1D1cJh_14darwin_metrics5utils16autorelease_poolINtNtCs4P3ALgZxGbJ_4core6result6ResultNtNtCsaxtFaqkp5wQ_5alloc6string6StringNtNtB6_5error5ErrorENCNvB4_8get_name0E0B6_
FN:143,_RNCNvNtCsidZjL1D1cJh_14darwin_metrics5utils8get_name0B5_
FN:91,_RNvNtCsidZjL1D1cJh_14darwin_metrics5utils15c_str_to_string
FN:110,_RNvNtCsidZjL1D1cJh_14darwin_metrics5utils17raw_str_to_string
FN:130,_RNvNtCsidZjL1D1cJh_14darwin_metrics5utils20raw_f64_slice_to_vec
FN:138,_RNvNtCsidZjL1D1cJh_14darwin_metrics5utils8get_name
FNDA:0,_RNCNvYpNtNtCshKzkSAARfhV_14darwin_metrics5utils13PropertyUtils17get_bool_property0B9_
FNDA:0,_RNCNvYpNtNtCshKzkSAARfhV_14darwin_metrics5utils13PropertyUtils17get_bool_propertys_0B9_
FNDA:0,_RNCNvYpNtNtCshKzkSAARfhV_14darwin_metrics5utils13PropertyUtils19get_number_property0B9_
FNDA:0,_RNCNvYpNtNtCshKzkSAARfhV_14darwin_metrics5utils13PropertyUtils19get_number_propertys_0B9_
FNDA:0,_RNCNvYpNtNtCshKzkSAARfhV_14darwin_metrics5utils13PropertyUtils19get_string_property0B9_
FNDA:0,_RNCNvYpNtNtCshKzkSAARfhV_14darwin_metrics5utils13PropertyUtils19get_string_propertys_0B9_
FNDA:0,_RNvYpNtNtCshKzkSAARfhV_14darwin_metrics5utils13PropertyUtils17get_bool_propertyB7_
FNDA:0,_RNvYpNtNtCshKzkSAARfhV_14darwin_metrics5utils13PropertyUtils19get_number_propertyB7_
FNDA:0,_RNvYpNtNtCshKzkSAARfhV_14darwin_metrics5utils13PropertyUtils19get_string_propertyB7_
FNDA:0,_RINvNtCshKzkSAARfhV_14darwin_metrics5utils14objc_safe_execNtNtCsaxtFaqkp5wQ_5alloc6string6StringNCNCNvB2_8get_name00EB4_
FNDA:0,_RINvNtCshKzkSAARfhV_14darwin_metrics5utils14objc_safe_execlNCNvNtB2_5testss_19test_objc_safe_exec0EB4_
FNDA:0,_RINvNtCshKzkSAARfhV_14darwin_metrics5utils14objc_safe_execlNCNvNtB2_5testss_19test_objc_safe_execs_0EB4_
FNDA:0,_RINvNtCshKzkSAARfhV_14darwin_metrics5utils16autorelease_poolINtNtCs4P3ALgZxGbJ_4core6result6ResultNtNtCsaxtFaqkp5wQ_5alloc6string6StringNtNtB4_5error5ErrorENCNvB2_8get_name0EB4_
FNDA:0,_RINvNtCshKzkSAARfhV_14darwin_metrics5utils16autorelease_poolNtNtCsaxtFaqkp5wQ_5alloc6string6StringNCNvNtB2_5testss_21test_autorelease_pools_0EB4_
FNDA:0,_RINvNtCshKzkSAARfhV_14darwin_metrics5utils16autorelease_poollNCNvNtB2_5testss_21test_autorelease_pool0EB4_
FNDA:0,_RNCINvNtCshKzkSAARfhV_14darwin_metrics5utils16autorelease_poolINtNtCs4P3ALgZxGbJ_4core6result6ResultNtNtCsaxtFaqkp5wQ_5alloc6string6StringNtNtB6_5error5ErrorENCNvB4_8get_name0E0B6_
FNDA:0,_RNCINvNtCshKzkSAARfhV_14darwin_metrics5utils16autorelease_poolNtNtCsaxtFaqkp5wQ_5alloc6string6StringNCNvNtB4_5testss_21test_autorelease_pools_0E0B6_
FNDA:0,_RNCINvNtCshKzkSAARfhV_14darwin_metrics5utils16autorelease_poollNCNvNtB4_5testss_21test_autorelease_pool0E0B6_
FNDA:0,_RNCNvNtCshKzkSAARfhV_14darwin_metrics5utils8get_name0B5_
FNDA:0,_RNCNvNtNtCshKzkSAARfhV_14darwin_metrics5utils5testss_21test_autorelease_pool0B7_
FNDA:0,_RNCNvNtNtCshKzkSAARfhV_14darwin_metrics5utils5testss_21test_autorelease_pools_0B7_
FNDA:0,_RNvNtNtCshKzkSAARfhV_14darwin_metrics5utils5testss_19test_objc_safe_exec
FNDA:0,_RNvNtNtCshKzkSAARfhV_14darwin_metrics5utils5testss_20test_c_str_to_string
FNDA:0,_RNvNtNtCshKzkSAARfhV_14darwin_metrics5utils5testss_21test_autorelease_pool
FNDA:0,_RNvNtNtCshKzkSAARfhV_14darwin_metrics5utils5testss_22test_property_accessor
FNDA:0,_RNvNtNtCshKzkSAARfhV_14darwin_metrics5utils5testss_22test_raw_str_to_string
FNDA:0,_RNvNtNtCshKzkSAARfhV_14darwin_metrics5utils5testss_25test_get_name_null_device
FNDA:0,_RNvNtNtCshKzkSAARfhV_14darwin_metrics5utils5testss_25test_raw_f64_slice_to_vec
FNDA:0,_RNCNCNvNtCshKzkSAARfhV_14darwin_metrics5utils8get_name00B7_
FNDA:0,_RNCNvNtNtCshKzkSAARfhV_14darwin_metrics5utils5testss_19test_objc_safe_exec0B7_
FNDA:0,_RNCNvNtNtCshKzkSAARfhV_14darwin_metrics5utils5testss_19test_objc_safe_execs_0B7_
FNDA:0,_RNvNtCshKzkSAARfhV_14darwin_metrics5utils15c_str_to_string
FNDA:0,_RNvNtCshKzkSAARfhV_14darwin_metrics5utils17raw_str_to_string
FNDA:0,_RNvNtCshKzkSAARfhV_14darwin_metrics5utils20raw_f64_slice_to_vec
FNDA:0,_RNvNtCshKzkSAARfhV_14darwin_metrics5utils8get_name
FNDA:0,_RNCNvYpNtNtCsidZjL1D1cJh_14darwin_metrics5utils13PropertyUtils17get_bool_property0B9_
FNDA:0,_RNCNvYpNtNtCsidZjL1D1cJh_14darwin_metrics5utils13PropertyUtils17get_bool_propertys_0B9_
FNDA:0,_RNCNvYpNtNtCsidZjL1D1cJh_14darwin_metrics5utils13PropertyUtils19get_number_property0B9_
FNDA:0,_RNCNvYpNtNtCsidZjL1D1cJh_14darwin_metrics5utils13PropertyUtils19get_number_propertys_0B9_
FNDA:0,_RNCNvYpNtNtCsidZjL1D1cJh_14darwin_metrics5utils13PropertyUtils19get_string_property0B9_
FNDA:0,_RNCNvYpNtNtCsidZjL1D1cJh_14darwin_metrics5utils13PropertyUtils19get_string_propertys_0B9_
FNDA:0,_RNvYpNtNtCsidZjL1D1cJh_14darwin_metrics5utils13PropertyUtils17get_bool_propertyB7_
FNDA:0,_RNvYpNtNtCsidZjL1D1cJh_14darwin_metrics5utils13PropertyUtils19get_number_propertyB7_
FNDA:0,_RNvYpNtNtCsidZjL1D1cJh_14darwin_metrics5utils13PropertyUtils19get_string_propertyB7_
FNDA:0,_RNCNCNvNtCsidZjL1D1cJh_14darwin_metrics5utils8get_name00B7_
FNDA:0,_RINvNtCsidZjL1D1cJh_14darwin_metrics5utils14objc_safe_execNtNtCsaxtFaqkp5wQ_5alloc6string6StringNCNCNvB2_8get_name00EB4_
FNDA:0,_RINvNtCsidZjL1D1cJh_14darwin_metrics5utils16autorelease_poolINtNtCs4P3ALgZxGbJ_4core6result6ResultNtNtCsaxtFaqkp5wQ_5alloc6string6StringNtNtB4_5error5ErrorENCNvB2_8get_name0EB4_
FNDA:0,_RNCINvNtCsidZjL1D1cJh_14darwin_metrics5utils16autorelease_poolINtNtCs4P3ALgZxGbJ_4core6result6ResultNtNtCsaxtFaqkp5wQ_5alloc6string6StringNtNtB6_5error5ErrorENCNvB4_8get_name0E0B6_
FNDA:0,_RNCNvNtCsidZjL1D1cJh_14darwin_metrics5utils8get_name0B5_
FNDA:0,_RNvNtCsidZjL1D1cJh_14darwin_metrics5utils15c_str_to_string
FNDA:0,_RNvNtCsidZjL1D1cJh_14darwin_metrics5utils17raw_str_to_string
FNDA:0,_RNvNtCsidZjL1D1cJh_14darwin_metrics5utils20raw_f64_slice_to_vec
FNDA:0,_RNvNtCsidZjL1D1cJh_14darwin_metrics5utils8get_name
FNF:29
FNH:0
DA:34,0
DA:35,0
DA:36,0
DA:37,0
DA:38,0
DA:39,0
DA:41,0
DA:42,0
DA:43,0
DA:44,0
DA:45,0
DA:46,0
DA:48,0
DA:49,0
DA:50,0
DA:51,0
DA:52,0
DA:53,0
DA:61,0
DA:62,0
DA:63,0
DA:64,0
DA:65,0
DA:66,0
DA:69,0
DA:70,0
DA:71,0
DA:72,0
DA:73,0
DA:74,0
DA:75,0
DA:76,0
DA:78,0
DA:91,0
DA:92,0
DA:93,0
DA:94,0
DA:95,0
DA:96,0
DA:110,0
DA:111,0
DA:112,0
DA:113,0
DA:114,0
DA:115,0
DA:116,0
DA:130,0
DA:131,0
DA:132,0
DA:133,0
DA:134,0
DA:135,0
DA:138,0
DA:139,0
DA:140,0
DA:141,0
DA:142,0
DA:143,0
DA:144,0
DA:145,0
DA:146,0
DA:147,0
DA:148,0
DA:149,0
DA:150,0
DA:151,0
DA:152,0
DA:153,0
DA:154,0
DA:155,0
DA:156,0
DA:157,0
DA:158,0
DA:159,0
DA:160,0
DA:161,0
DA:169,0
DA:170,0
DA:171,0
DA:172,0
DA:173,0
DA:174,0
DA:175,0
DA:176,0
DA:177,0
DA:180,0
DA:181,0
DA:183,0
DA:186,0
DA:187,0
DA:188,0
DA:189,0
DA:190,0
DA:191,0
DA:192,0
DA:193,0
DA:194,0
DA:195,0
DA:198,0
DA:199,0
DA:202,0
DA:203,0
DA:205,0
DA:208,0
DA:209,0
DA:210,0
DA:211,0
DA:212,0
DA:213,0
DA:214,0
DA:215,0
DA:216,0
DA:219,0
DA:220,0
DA:223,0
DA:224,0
DA:226,0
DA:229,0
DA:230,0
DA:231,0
DA:232,0
DA:235,0
DA:236,0
DA:237,0
DA:240,0
DA:241,0
DA:242,0
DA:243,0
DA:244,0
DA:247,0
DA:248,0
DA:249,0
DA:250,0
DA:251,0
DA:255,0
DA:258,0
DA:259,0
DA:260,0
DA:261,0
DA:262,0
DA:263,0
DA:265,0
DA:268,0
DA:269,0
DA:270,0
DA:271,0
DA:272,0
DA:273,0
BRF:0
BRH:0
LF:163
LH:0
end_of_record
SF:/Users/smeya/git/darwin-metrics/src/utils/property_utils.rs
FN:25,_RNCNvYNtNtNtCshKzkSAARfhV_14darwin_metrics5utils20property_utils_tests17MockPropertyUtilsNtNtB8_14property_utils13PropertyUtils17get_bool_property0Ba_
FN:26,_RNCNvYNtNtNtCshKzkSAARfhV_14darwin_metrics5utils20property_utils_tests17MockPropertyUtilsNtNtB8_14property_utils13PropertyUtils17get_bool_propertys_0Ba_
FN:17,_RNCNvYNtNtNtCshKzkSAARfhV_14darwin_metrics5utils20property_utils_tests17MockPropertyUtilsNtNtB8_14property_utils13PropertyUtils19get_number_property0Ba_
FN:18,_RNCNvYNtNtNtCshKzkSAARfhV_14darwin_metrics5utils20property_utils_tests17MockPropertyUtilsNtNtB8_14property_utils13PropertyUtils19get_number_propertys_0Ba_
FN:9,_RNCNvYNtNtNtCshKzkSAARfhV_14darwin_metrics5utils20property_utils_tests17MockPropertyUtilsNtNtB8_14property_utils13PropertyUtils19get_string_property0Ba_
FN:10,_RNCNvYNtNtNtCshKzkSAARfhV_14darwin_metrics5utils20property_utils_tests17MockPropertyUtilsNtNtB8_14property_utils13PropertyUtils19get_string_propertys_0Ba_
FN:22,_RNvYNtNtNtCshKzkSAARfhV_14darwin_metrics5utils20property_utils_tests17MockPropertyUtilsNtNtB6_14property_utils13PropertyUtils17get_bool_propertyB8_
FN:14,_RNvYNtNtNtCshKzkSAARfhV_14darwin_metrics5utils20property_utils_tests17MockPropertyUtilsNtNtB6_14property_utils13PropertyUtils19get_number_propertyB8_
FN:6,_RNvYNtNtNtCshKzkSAARfhV_14darwin_metrics5utils20property_utils_tests17MockPropertyUtilsNtNtB6_14property_utils13PropertyUtils19get_string_propertyB8_
FN:25,_RNCNvYpNtNtNtCsidZjL1D1cJh_14darwin_metrics5utils14property_utils13PropertyUtils17get_bool_property0Bb_
FN:26,_RNCNvYpNtNtNtCsidZjL1D1cJh_14darwin_metrics5utils14property_utils13PropertyUtils17get_bool_propertys_0Bb_
FN:17,_RNCNvYpNtNtNtCsidZjL1D1cJh_14darwin_metrics5utils14property_utils13PropertyUtils19get_number_property0Bb_
FN:18,_RNCNvYpNtNtNtCsidZjL1D1cJh_14darwin_metrics5utils14property_utils13PropertyUtils19get_number_propertys_0Bb_
FN:9,_RNCNvYpNtNtNtCsidZjL1D1cJh_14darwin_metrics5utils14property_utils13PropertyUtils19get_string_property0Bb_
FN:10,_RNCNvYpNtNtNtCsidZjL1D1cJh_14darwin_metrics5utils14property_utils13PropertyUtils19get_string_propertys_0Bb_
FN:22,_RNvYpNtNtNtCsidZjL1D1cJh_14darwin_metrics5utils14property_utils13PropertyUtils17get_bool_propertyB9_
FN:14,_RNvYpNtNtNtCsidZjL1D1cJh_14darwin_metrics5utils14property_utils13PropertyUtils19get_number_propertyB9_
FN:6,_RNvYpNtNtNtCsidZjL1D1cJh_14darwin_metrics5utils14property_utils13PropertyUtils19get_string_propertyB9_
FNDA:0,_RNCNvYNtNtNtCshKzkSAARfhV_14darwin_metrics5utils20property_utils_tests17MockPropertyUtilsNtNtB8_14property_utils13PropertyUtils17get_bool_property0Ba_
FNDA:0,_RNCNvYNtNtNtCshKzkSAARfhV_14darwin_metrics5utils20property_utils_tests17MockPropertyUtilsNtNtB8_14property_utils13PropertyUtils17get_bool_propertys_0Ba_
FNDA:0,_RNCNvYNtNtNtCshKzkSAARfhV_14darwin_metrics5utils20property_utils_tests17MockPropertyUtilsNtNtB8_14property_utils13PropertyUtils19get_number_property0Ba_
FNDA:0,_RNCNvYNtNtNtCshKzkSAARfhV_14darwin_metrics5utils20property_utils_tests17MockPropertyUtilsNtNtB8_14property_utils13PropertyUtils19get_number_propertys_0Ba_
FNDA:0,_RNCNvYNtNtNtCshKzkSAARfhV_14darwin_metrics5utils20property_utils_tests17MockPropertyUtilsNtNtB8_14property_utils13PropertyUtils19get_string_property0Ba_
FNDA:0,_RNCNvYNtNtNtCshKzkSAARfhV_14darwin_metrics5utils20property_utils_tests17MockPropertyUtilsNtNtB8_14property_utils13PropertyUtils19get_string_propertys_0Ba_
FNDA:0,_RNvYNtNtNtCshKzkSAARfhV_14darwin_metrics5utils20property_utils_tests17MockPropertyUtilsNtNtB6_14property_utils13PropertyUtils17get_bool_propertyB8_
FNDA:0,_RNvYNtNtNtCshKzkSAARfhV_14darwin_metrics5utils20property_utils_tests17MockPropertyUtilsNtNtB6_14property_utils13PropertyUtils19get_number_propertyB8_
FNDA:0,_RNvYNtNtNtCshKzkSAARfhV_14darwin_metrics5utils20property_utils_tests17MockPropertyUtilsNtNtB6_14property_utils13PropertyUtils19get_string_propertyB8_
FNDA:0,_RNCNvYpNtNtNtCsidZjL1D1cJh_14darwin_metrics5utils14property_utils13PropertyUtils17get_bool_property0Bb_
FNDA:0,_RNCNvYpNtNtNtCsidZjL1D1cJh_14darwin_metrics5utils14property_utils13PropertyUtils17get_bool_propertys_0Bb_
FNDA:0,_RNCNvYpNtNtNtCsidZjL1D1cJh_14darwin_metrics5utils14property_utils13PropertyUtils19get_number_property0Bb_
FNDA:0,_RNCNvYpNtNtNtCsidZjL1D1cJh_14darwin_metrics5utils14property_utils13PropertyUtils19get_number_propertys_0Bb_
FNDA:0,_RNCNvYpNtNtNtCsidZjL1D1cJh_14darwin_metrics5utils14property_utils13PropertyUtils19get_string_property0Bb_
FNDA:0,_RNCNvYpNtNtNtCsidZjL1D1cJh_14darwin_metrics5utils14property_utils13PropertyUtils19get_string_propertys_0Bb_
FNDA:0,_RNvYpNtNtNtCsidZjL1D1cJh_14darwin_metrics5utils14property_utils13PropertyUtils17get_bool_propertyB9_
FNDA:0,_RNvYpNtNtNtCsidZjL1D1cJh_14darwin_metrics5utils14property_utils13PropertyUtils19get_number_propertyB9_
FNDA:0,_RNvYpNtNtNtCsidZjL1D1cJh_14darwin_metrics5utils14property_utils13PropertyUtils19get_string_propertyB9_
FNF:9
FNH:0
DA:6,0
DA:7,0
DA:8,0
DA:9,0
DA:10,0
DA:11,0
DA:14,0
DA:15,0
DA:16,0
DA:17,0
DA:18,0
DA:19,0
DA:22,0
DA:23,0
DA:24,0
DA:25,0
DA:26,0
DA:27,0
BRF:0
BRH:0
LF:24
LH:0
end_of_record
SF:/Users/smeya/git/darwin-metrics/src/utils/property_utils_tests.rs
FN:14,_RNvNtNtCshKzkSAARfhV_14darwin_metrics5utils20property_utils_testss_25test_property_utils_trait
FN:34,_RNvNtNtCshKzkSAARfhV_14darwin_metrics5utils20property_utils_testss_39test_property_accessor_implements_trait
FNDA:0,_RNvNtNtCshKzkSAARfhV_14darwin_metrics5utils20property_utils_testss_25test_property_utils_trait
FNDA:0,_RNvNtNtCshKzkSAARfhV_14darwin_metrics5utils20property_utils_testss_39test_property_accessor_implements_trait
FNF:2
FNH:0
DA:14,0
DA:15,0
DA:16,0
DA:17,0
DA:18,0
DA:19,0
DA:20,0
DA:21,0
DA:22,0
DA:23,0
DA:24,0
DA:25,0
DA:26,0
DA:27,0
DA:28,0
DA:29,0
DA:30,0
DA:31,0
DA:34,0
DA:35,0
DA:36,0
DA:37,0
DA:38,0
DA:39,0
DA:40,0
DA:41,0
DA:42,0
DA:43,0
DA:44,0
DA:45,0
DA:46,0
DA:47,0
BRF:0
BRH:0
LF:32
LH:0
end_of_record
SF:/Users/smeya/git/darwin-metrics/src/utils/test_utils.rs
FN:62,_RNvNtNtCshKzkSAARfhV_14darwin_metrics5utils10test_utils18create_test_number
FN:49,_RNvNtNtCshKzkSAARfhV_14darwin_metrics5utils10test_utils18create_test_object
FN:57,_RNvNtNtCshKzkSAARfhV_14darwin_metrics5utils10test_utils18create_test_string
FN:5,_RNvNtNtCshKzkSAARfhV_14darwin_metrics5utils10test_utils22create_test_dictionary
FN:79,_RNvXNtNtCshKzkSAARfhV_14darwin_metrics5utils10test_utilsReNtB2_10ToNSObject12to_ns_object
FN:101,_RNvXININtNtCshKzkSAARfhV_14darwin_metrics5utils10test_utilss0_0pERpNtB5_10ToNSObject12to_ns_objectB9_
FN:108,_RNvXININtNtCshKzkSAARfhV_14darwin_metrics5utils10test_utilss1_0pEINtNtNtCs3lsjWX7HD2I_5objc22rc8retained8RetainedpENtB5_10ToNSObject12to_ns_objectB9_
FN:88,_RNvXs_NtNtCshKzkSAARfhV_14darwin_metrics5utils10test_utilsxNtB4_10ToNSObject12to_ns_object
FN:144,_RNvNtNtNtCshKzkSAARfhV_14darwin_metrics5utils10test_utils5testss_23test_create_test_number
FN:152,_RNvNtNtNtCshKzkSAARfhV_14darwin_metrics5utils10test_utils5testss_23test_create_test_object
FN:136,_RNvNtNtNtCshKzkSAARfhV_14darwin_metrics5utils10test_utils5testss_23test_create_test_string
FN:120,_RNvNtNtNtCshKzkSAARfhV_14darwin_metrics5utils10test_utils5testss_27test_create_test_dictionary
FN:127,_RNvNtNtNtCshKzkSAARfhV_14darwin_metrics5utils10test_utils5testss_40test_create_test_dictionary_with_entries
FN:17,_RINvNtNtCshKzkSAARfhV_14darwin_metrics5utils10test_utils35create_test_dictionary_with_entriesReB1t_Kj2_EB6_
FN:17,_RINvNtNtCsidZjL1D1cJh_14darwin_metrics5utils10test_utils35create_test_dictionary_with_entriesppKpEB6_
FN:101,_RNvXININtNtCsidZjL1D1cJh_14darwin_metrics5utils10test_utilss0_0pERpNtB5_10ToNSObject12to_ns_objectB9_
FN:108,_RNvXININtNtCsidZjL1D1cJh_14darwin_metrics5utils10test_utilss1_0pEINtNtNtCs3lsjWX7HD2I_5objc22rc8retained8RetainedpENtB5_10ToNSObject12to_ns_objectB9_
FN:62,_RNvNtNtCsidZjL1D1cJh_14darwin_metrics5utils10test_utils18create_test_number
FN:49,_RNvNtNtCsidZjL1D1cJh_14darwin_metrics5utils10test_utils18create_test_object
FN:57,_RNvNtNtCsidZjL1D1cJh_14darwin_metrics5utils10test_utils18create_test_string
FN:5,_RNvNtNtCsidZjL1D1cJh_14darwin_metrics5utils10test_utils22create_test_dictionary
FN:79,_RNvXNtNtCsidZjL1D1cJh_14darwin_metrics5utils10test_utilsReNtB2_10ToNSObject12to_ns_object
FN:88,_RNvXs_NtNtCsidZjL1D1cJh_14darwin_metrics5utils10test_utilsxNtB4_10ToNSObject12to_ns_object
FNDA:0,_RNvNtNtCshKzkSAARfhV_14darwin_metrics5utils10test_utils18create_test_number
FNDA:0,_RNvNtNtCshKzkSAARfhV_14darwin_metrics5utils10test_utils18create_test_object
FNDA:0,_RNvNtNtCshKzkSAARfhV_14darwin_metrics5utils10test_utils18create_test_string
FNDA:0,_RNvNtNtCshKzkSAARfhV_14darwin_metrics5utils10test_utils22create_test_dictionary
FNDA:0,_RNvXNtNtCshKzkSAARfhV_14darwin_metrics5utils10test_utilsReNtB2_10ToNSObject12to_ns_object
FNDA:0,_RNvXININtNtCshKzkSAARfhV_14darwin_metrics5utils10test_utilss0_0pERpNtB5_10ToNSObject12to_ns_objectB9_
FNDA:0,_RNvXININtNtCshKzkSAARfhV_14darwin_metrics5utils10test_utilss1_0pEINtNtNtCs3lsjWX7HD2I_5objc22rc8retained8RetainedpENtB5_10ToNSObject12to_ns_objectB9_
FNDA:0,_RNvXs_NtNtCshKzkSAARfhV_14darwin_metrics5utils10test_utilsxNtB4_10ToNSObject12to_ns_object
FNDA:0,_RNvNtNtNtCshKzkSAARfhV_14darwin_metrics5utils10test_utils5testss_23test_create_test_number
FNDA:0,_RNvNtNtNtCshKzkSAARfhV_14darwin_metrics5utils10test_utils5testss_23test_create_test_object
FNDA:0,_RNvNtNtNtCshKzkSAARfhV_14darwin_metrics5utils10test_utils5testss_23test_create_test_string
FNDA:0,_RNvNtNtNtCshKzkSAARfhV_14darwin_metrics5utils10test_utils5testss_27test_create_test_dictionary
FNDA:0,_RNvNtNtNtCshKzkSAARfhV_14darwin_metrics5utils10test_utils5testss_40test_create_test_dictionary_with_entries
FNDA:0,_RINvNtNtCshKzkSAARfhV_14darwin_metrics5utils10test_utils35create_test_dictionary_with_entriesReB1t_Kj2_EB6_
FNDA:0,_RINvNtNtCsidZjL1D1cJh_14darwin_metrics5utils10test_utils35create_test_dictionary_with_entriesppKpEB6_
FNDA:0,_RNvXININtNtCsidZjL1D1cJh_14darwin_metrics5utils10test_utilss0_0pERpNtB5_10ToNSObject12to_ns_objectB9_
FNDA:0,_RNvXININtNtCsidZjL1D1cJh_14darwin_metrics5utils10test_utilss1_0pEINtNtNtCs3lsjWX7HD2I_5objc22rc8retained8RetainedpENtB5_10ToNSObject12to_ns_objectB9_
FNDA:0,_RNvNtNtCsidZjL1D1cJh_14darwin_metrics5utils10test_utils18create_test_number
FNDA:0,_RNvNtNtCsidZjL1D1cJh_14darwin_metrics5utils10test_utils18create_test_object
FNDA:0,_RNvNtNtCsidZjL1D1cJh_14darwin_metrics5utils10test_utils18create_test_string
FNDA:0,_RNvNtNtCsidZjL1D1cJh_14darwin_metrics5utils10test_utils22create_test_dictionary
FNDA:0,_RNvXNtNtCsidZjL1D1cJh_14darwin_metrics5utils10test_utilsReNtB2_10ToNSObject12to_ns_object
FNDA:0,_RNvXs_NtNtCsidZjL1D1cJh_14darwin_metrics5utils10test_utilsxNtB4_10ToNSObject12to_ns_object
FNF:14
FNH:0
DA:5,0
DA:6,0
DA:7,0
DA:8,0
DA:9,0
DA:10,0
DA:17,0
DA:18,0
DA:19,0
DA:20,0
DA:21,0
DA:22,0
DA:23,0
DA:24,0
DA:25,0
DA:26,0
DA:27,0
DA:29,0
DA:30,0
DA:31,0
DA:32,0
DA:33,0
DA:34,0
DA:37,0
DA:38,0
DA:39,0
DA:40,0
DA:41,0
DA:42,0
DA:43,0
DA:44,0
DA:45,0
DA:46,0
DA:49,0
DA:50,0
DA:51,0
DA:52,0
DA:53,0
DA:54,0
DA:57,0
DA:58,0
DA:59,0
DA:62,0
DA:63,0
DA:64,0
DA:65,0
DA:66,0
DA:67,0
DA:68,0
DA:69,0
DA:70,0
DA:79,0
DA:80,0
DA:81,0
DA:82,0
DA:83,0
DA:88,0
DA:89,0
DA:90,0
DA:91,0
DA:92,0
DA:93,0
DA:94,0
DA:95,0
DA:96,0
DA:101,0
DA:102,0
DA:103,0
DA:108,0
DA:109,0
DA:110,0
DA:111,0
DA:120,0
DA:121,0
DA:122,0
DA:123,0
DA:127,0
DA:128,0
DA:129,0
DA:130,0
DA:131,0
DA:132,0
DA:136,0
DA:137,0
DA:138,0
DA:139,0
DA:140,0
DA:144,0
DA:145,0
DA:146,0
DA:147,0
DA:148,0
DA:152,0
DA:153,0
DA:154,0
DA:155,0
BRF:0
BRH:0
LF:96
LH:0
end_of_record