SF:/Users/smeya/git/darwin-metrics/src/battery/mod.rs
FN:151,_RNvMs_NtCs6JXvGULNGKJ_14darwin_metrics7batteryNtB4_7Battery11is_critical
FN:128,_RNvMs_NtCs6JXvGULNGKJ_14darwin_metrics7batteryNtB4_7Battery11with_values
FN:170,_RNvMs_NtCs6JXvGULNGKJ_14darwin_metrics7batteryNtB4_7Battery14is_health_poor
FN:174,_RNvMs_NtCs6JXvGULNGKJ_14darwin_metrics7batteryNtB4_7Battery20has_high_cycle_count
FN:178,_RNvMs_NtCs6JXvGULNGKJ_14darwin_metrics7batteryNtB4_7Battery20power_source_display
FN:159,_RNvMs_NtCs6JXvGULNGKJ_14darwin_metrics7batteryNtB4_7Battery22time_remaining_display
FN:186,_RNvMs_NtCs6JXvGULNGKJ_14darwin_metrics7batteryNtB4_7Battery23is_temperature_critical
FN:155,_RNvMs_NtCs6JXvGULNGKJ_14darwin_metrics7batteryNtB4_7Battery6is_low
FN:56,_RNvMs_NtCs6JXvGULNGKJ_14darwin_metrics7batteryNtB4_7Battery6update
FN:113,_RNvMs_NtCs6JXvGULNGKJ_14darwin_metrics7batteryNtB4_7Battery8get_info
FN:44,_RNvXNtCs6JXvGULNGKJ_14darwin_metrics7batteryNtB2_7BatteryNtNtCs4P3ALgZxGbJ_4core7default7Default7default
FN:192,_RNvXs0_NtCs6JXvGULNGKJ_14darwin_metrics7batteryNtB5_7BatteryNtNtCs4P3ALgZxGbJ_4core5clone5Clone5clone
FN:208,_RNvXs1_NtCs6JXvGULNGKJ_14darwin_metrics7batteryNtB5_7BatteryNtNtCs4P3ALgZxGbJ_4core3cmp9PartialEq2eq
FN:50,_RNvMs_NtCs6JXvGULNGKJ_14darwin_metrics7batteryNtB4_7Battery3new
FN:388,_RNvNtNtCs6JXvGULNGKJ_14darwin_metrics7battery5tests19create_mock_battery
FN:582,_RNvNtNtCs6JXvGULNGKJ_14darwin_metrics7battery5testss_15test_battery_eq
FN:407,_RNvNtNtCs6JXvGULNGKJ_14darwin_metrics7battery5testss_16test_battery_new
FN:567,_RNvNtNtCs6JXvGULNGKJ_14darwin_metrics7battery5testss_18test_battery_clone
FN:493,_RNvNtNtCs6JXvGULNGKJ_14darwin_metrics7battery5testss_19test_battery_is_low
FN:449,_RNvNtNtCs6JXvGULNGKJ_14darwin_metrics7battery5testss_21test_battery_get_info
FN:483,_RNvNtNtCs6JXvGULNGKJ_14darwin_metrics7battery5testss_24test_battery_is_critical
FN:460,_RNvNtNtCs6JXvGULNGKJ_14darwin_metrics7battery5testss_24test_battery_with_values
FN:520,_RNvNtNtCs6JXvGULNGKJ_14darwin_metrics7battery5testss_27test_battery_is_health_poor
FN:416,_RNvNtNtCs6JXvGULNGKJ_14darwin_metrics7battery5testss_27test_battery_update_present
FN:433,_RNvNtNtCs6JXvGULNGKJ_14darwin_metrics7battery5testss_31test_battery_update_not_present
FN:531,_RNvNtNtCs6JXvGULNGKJ_14darwin_metrics7battery5testss_33test_battery_has_high_cycle_count
FN:542,_RNvNtNtCs6JXvGULNGKJ_14darwin_metrics7battery5testss_33test_battery_power_source_display
FN:503,_RNvNtNtCs6JXvGULNGKJ_14darwin_metrics7battery5testss_35test_battery_time_remaining_display
FN:556,_RNvNtNtCs6JXvGULNGKJ_14darwin_metrics7battery5testss_36test_battery_is_temperature_critical
FN:299,_RNvXNtNtCs6JXvGULNGKJ_14darwin_metrics7battery5testsNtB2_9MockIOKitNtNtNtB6_8hardware5iokit5IOKit11get_service
FN:345,_RNvXNtNtCs6JXvGULNGKJ_14darwin_metrics7battery5testsNtB2_9MockIOKitNtNtNtB6_8hardware5iokit5IOKit12get_all_fans
FN:336,_RNvXNtNtCs6JXvGULNGKJ_14darwin_metrics7battery5testsNtB2_9MockIOKitNtNtNtB6_8hardware5iokit5IOKit12get_fan_info
FN:382,_RNvXNtNtCs6JXvGULNGKJ_14darwin_metrics7battery5testsNtB2_9MockIOKitNtNtNtB6_8hardware5iokit5IOKit12read_smc_key
FN:362,_RNvXNtNtCs6JXvGULNGKJ_14darwin_metrics7battery5testsNtB2_9MockIOKitNtNtNtB6_8hardware5iokit5IOKit13get_cpu_power
FN:332,_RNvXNtNtCs6JXvGULNGKJ_14darwin_metrics7battery5testsNtB2_9MockIOKitNtNtNtB6_8hardware5iokit5IOKit13get_fan_count
FN:328,_RNvXNtNtCs6JXvGULNGKJ_14darwin_metrics7battery5testsNtB2_9MockIOKitNtNtNtB6_8hardware5iokit5IOKit13get_fan_speed
FN:316,_RNvXNtNtCs6JXvGULNGKJ_14darwin_metrics7battery5testsNtB2_9MockIOKitNtNtNtB6_8hardware5iokit5IOKit13get_gpu_stats
FN:370,_RNvXNtNtCs6JXvGULNGKJ_14darwin_metrics7battery5testsNtB2_9MockIOKitNtNtNtB6_8hardware5iokit5IOKit16get_thermal_info
FN:282,_RNvXNtNtCs6JXvGULNGKJ_14darwin_metrics7battery5testsNtB2_9MockIOKitNtNtNtB6_8hardware5iokit5IOKit17get_bool_property
FN:291,_RNvXNtNtCs6JXvGULNGKJ_14darwin_metrics7battery5testsNtB2_9MockIOKitNtNtNtB6_8hardware5iokit5IOKit17get_dict_property
FN:256,_RNvXNtNtCs6JXvGULNGKJ_14darwin_metrics7battery5testsNtB2_9MockIOKitNtNtNtB6_8hardware5iokit5IOKit17io_object_release
FN:308,_RNvXNtNtCs6JXvGULNGKJ_14darwin_metrics7battery5testsNtB2_9MockIOKitNtNtNtB6_8hardware5iokit5IOKit19get_cpu_temperature
FN:312,_RNvXNtNtCs6JXvGULNGKJ_14darwin_metrics7battery5testsNtB2_9MockIOKitNtNtNtB6_8hardware5iokit5IOKit19get_gpu_temperature
FN:266,_RNvXNtNtCs6JXvGULNGKJ_14darwin_metrics7battery5testsNtB2_9MockIOKitNtNtNtB6_8hardware5iokit5IOKit19get_number_property
FN:258,_RNvXNtNtCs6JXvGULNGKJ_14darwin_metrics7battery5testsNtB2_9MockIOKitNtNtNtB6_8hardware5iokit5IOKit19get_string_property
FN:238,_RNvXNtNtCs6JXvGULNGKJ_14darwin_metrics7battery5testsNtB2_9MockIOKitNtNtNtB6_8hardware5iokit5IOKit19io_service_matching
FN:354,_RNvXNtNtCs6JXvGULNGKJ_14darwin_metrics7battery5testsNtB2_9MockIOKitNtNtNtB6_8hardware5iokit5IOKit23get_ambient_temperature
FN:358,_RNvXNtNtCs6JXvGULNGKJ_14darwin_metrics7battery5testsNtB2_9MockIOKitNtNtNtB6_8hardware5iokit5IOKit23get_battery_temperature
FN:366,_RNvXNtNtCs6JXvGULNGKJ_14darwin_metrics7battery5testsNtB2_9MockIOKitNtNtNtB6_8hardware5iokit5IOKit24check_thermal_throttling
FN:350,_RNvXNtNtCs6JXvGULNGKJ_14darwin_metrics7battery5testsNtB2_9MockIOKitNtNtNtB6_8hardware5iokit5IOKit24get_heatsink_temperature
FN:303,_RNvXNtNtCs6JXvGULNGKJ_14darwin_metrics7battery5testsNtB2_9MockIOKitNtNtNtB6_8hardware5iokit5IOKit28io_registry_entry_get_parent
FN:242,_RNvXNtNtCs6JXvGULNGKJ_14darwin_metrics7battery5testsNtB2_9MockIOKitNtNtNtB6_8hardware5iokit5IOKit31io_service_get_matching_service
FN:249,_RNvXNtNtCs6JXvGULNGKJ_14darwin_metrics7battery5testsNtB2_9MockIOKitNtNtNtB6_8hardware5iokit5IOKit38io_registry_entry_create_cf_properties
FN:151,_RNvMs_NtCsaakIWYUxKbY_14darwin_metrics7batteryNtB4_7Battery11is_critical
FN:128,_RNvMs_NtCsaakIWYUxKbY_14darwin_metrics7batteryNtB4_7Battery11with_values
FN:170,_RNvMs_NtCsaakIWYUxKbY_14darwin_metrics7batteryNtB4_7Battery14is_health_poor
FN:174,_RNvMs_NtCsaakIWYUxKbY_14darwin_metrics7batteryNtB4_7Battery20has_high_cycle_count
FN:178,_RNvMs_NtCsaakIWYUxKbY_14darwin_metrics7batteryNtB4_7Battery20power_source_display
FN:159,_RNvMs_NtCsaakIWYUxKbY_14darwin_metrics7batteryNtB4_7Battery22time_remaining_display
FN:186,_RNvMs_NtCsaakIWYUxKbY_14darwin_metrics7batteryNtB4_7Battery23is_temperature_critical
FN:50,_RNvMs_NtCsaakIWYUxKbY_14darwin_metrics7batteryNtB4_7Battery3new
FN:155,_RNvMs_NtCsaakIWYUxKbY_14darwin_metrics7batteryNtB4_7Battery6is_low
FN:56,_RNvMs_NtCsaakIWYUxKbY_14darwin_metrics7batteryNtB4_7Battery6update
FN:113,_RNvMs_NtCsaakIWYUxKbY_14darwin_metrics7batteryNtB4_7Battery8get_info
FN:44,_RNvXNtCsaakIWYUxKbY_14darwin_metrics7batteryNtB2_7BatteryNtNtCs4P3ALgZxGbJ_4core7default7Default7default
FN:192,_RNvXs0_NtCsaakIWYUxKbY_14darwin_metrics7batteryNtB5_7BatteryNtNtCs4P3ALgZxGbJ_4core5clone5Clone5clone
FN:208,_RNvXs1_NtCsaakIWYUxKbY_14darwin_metrics7batteryNtB5_7BatteryNtNtCs4P3ALgZxGbJ_4core3cmp9PartialEq2eq
FNDA:2,_RNvMs_NtCs6JXvGULNGKJ_14darwin_metrics7batteryNtB4_7Battery11is_critical
FNDA:9,_RNvMs_NtCs6JXvGULNGKJ_14darwin_metrics7batteryNtB4_7Battery11with_values
FNDA:2,_RNvMs_NtCs6JXvGULNGKJ_14darwin_metrics7batteryNtB4_7Battery14is_health_poor
FNDA:2,_RNvMs_NtCs6JXvGULNGKJ_14darwin_metrics7batteryNtB4_7Battery20has_high_cycle_count
FNDA:3,_RNvMs_NtCs6JXvGULNGKJ_14darwin_metrics7batteryNtB4_7Battery20power_source_display
FNDA:3,_RNvMs_NtCs6JXvGULNGKJ_14darwin_metrics7batteryNtB4_7Battery22time_remaining_display
FNDA:2,_RNvMs_NtCs6JXvGULNGKJ_14darwin_metrics7batteryNtB4_7Battery23is_temperature_critical
FNDA:2,_RNvMs_NtCs6JXvGULNGKJ_14darwin_metrics7batteryNtB4_7Battery6is_low
FNDA:6,_RNvMs_NtCs6JXvGULNGKJ_14darwin_metrics7batteryNtB4_7Battery6update
FNDA:1,_RNvMs_NtCs6JXvGULNGKJ_14darwin_metrics7batteryNtB4_7Battery8get_info
FNDA:8,_RNvXNtCs6JXvGULNGKJ_14darwin_metrics7batteryNtB2_7BatteryNtNtCs4P3ALgZxGbJ_4core7default7Default7default
FNDA:2,_RNvXs0_NtCs6JXvGULNGKJ_14darwin_metrics7batteryNtB5_7BatteryNtNtCs4P3ALgZxGbJ_4core5clone5Clone5clone
FNDA:2,_RNvXs1_NtCs6JXvGULNGKJ_14darwin_metrics7batteryNtB5_7BatteryNtNtCs4P3ALgZxGbJ_4core3cmp9PartialEq2eq
FNDA:0,_RNvMs_NtCs6JXvGULNGKJ_14darwin_metrics7batteryNtB4_7Battery3new
FNDA:6,_RNvNtNtCs6JXvGULNGKJ_14darwin_metrics7battery5tests19create_mock_battery
FNDA:1,_RNvNtNtCs6JXvGULNGKJ_14darwin_metrics7battery5testss_15test_battery_eq
FNDA:1,_RNvNtNtCs6JXvGULNGKJ_14darwin_metrics7battery5testss_16test_battery_new
FNDA:1,_RNvNtNtCs6JXvGULNGKJ_14darwin_metrics7battery5testss_18test_battery_clone
FNDA:1,_RNvNtNtCs6JXvGULNGKJ_14darwin_metrics7battery5testss_19test_battery_is_low
FNDA:1,_RNvNtNtCs6JXvGULNGKJ_14darwin_metrics7battery5testss_21test_battery_get_info
FNDA:1,_RNvNtNtCs6JXvGULNGKJ_14darwin_metrics7battery5testss_24test_battery_is_critical
FNDA:1,_RNvNtNtCs6JXvGULNGKJ_14darwin_metrics7battery5testss_24test_battery_with_values
FNDA:1,_RNvNtNtCs6JXvGULNGKJ_14darwin_metrics7battery5testss_27test_battery_is_health_poor
FNDA:1,_RNvNtNtCs6JXvGULNGKJ_14darwin_metrics7battery5testss_27test_battery_update_present
FNDA:1,_RNvNtNtCs6JXvGULNGKJ_14darwin_metrics7battery5testss_31test_battery_update_not_present
FNDA:1,_RNvNtNtCs6JXvGULNGKJ_14darwin_metrics7battery5testss_33test_battery_has_high_cycle_count
FNDA:1,_RNvNtNtCs6JXvGULNGKJ_14darwin_metrics7battery5testss_33test_battery_power_source_display
FNDA:1,_RNvNtNtCs6JXvGULNGKJ_14darwin_metrics7battery5testss_35test_battery_time_remaining_display
FNDA:1,_RNvNtNtCs6JXvGULNGKJ_14darwin_metrics7battery5testss_36test_battery_is_temperature_critical
FNDA:0,_RNvXNtNtCs6JXvGULNGKJ_14darwin_metrics7battery5testsNtB2_9MockIOKitNtNtNtB6_8hardware5iokit5IOKit11get_service
FNDA:0,_RNvXNtNtCs6JXvGULNGKJ_14darwin_metrics7battery5testsNtB2_9MockIOKitNtNtNtB6_8hardware5iokit5IOKit12get_all_fans
FNDA:0,_RNvXNtNtCs6JXvGULNGKJ_14darwin_metrics7battery5testsNtB2_9MockIOKitNtNtNtB6_8hardware5iokit5IOKit12get_fan_info
FNDA:0,_RNvXNtNtCs6JXvGULNGKJ_14darwin_metrics7battery5testsNtB2_9MockIOKitNtNtNtB6_8hardware5iokit5IOKit12read_smc_key
FNDA:0,_RNvXNtNtCs6JXvGULNGKJ_14darwin_metrics7battery5testsNtB2_9MockIOKitNtNtNtB6_8hardware5iokit5IOKit13get_cpu_power
FNDA:0,_RNvXNtNtCs6JXvGULNGKJ_14darwin_metrics7battery5testsNtB2_9MockIOKitNtNtNtB6_8hardware5iokit5IOKit13get_fan_count
FNDA:0,_RNvXNtNtCs6JXvGULNGKJ_14darwin_metrics7battery5testsNtB2_9MockIOKitNtNtNtB6_8hardware5iokit5IOKit13get_fan_speed
FNDA:0,_RNvXNtNtCs6JXvGULNGKJ_14darwin_metrics7battery5testsNtB2_9MockIOKitNtNtNtB6_8hardware5iokit5IOKit13get_gpu_stats
FNDA:0,_RNvXNtNtCs6JXvGULNGKJ_14darwin_metrics7battery5testsNtB2_9MockIOKitNtNtNtB6_8hardware5iokit5IOKit16get_thermal_info
FNDA:16,_RNvXNtNtCs6JXvGULNGKJ_14darwin_metrics7battery5testsNtB2_9MockIOKitNtNtNtB6_8hardware5iokit5IOKit17get_bool_property
FNDA:0,_RNvXNtNtCs6JXvGULNGKJ_14darwin_metrics7battery5testsNtB2_9MockIOKitNtNtNtB6_8hardware5iokit5IOKit17get_dict_property
FNDA:0,_RNvXNtNtCs6JXvGULNGKJ_14darwin_metrics7battery5testsNtB2_9MockIOKitNtNtNtB6_8hardware5iokit5IOKit17io_object_release
FNDA:0,_RNvXNtNtCs6JXvGULNGKJ_14darwin_metrics7battery5testsNtB2_9MockIOKitNtNtNtB6_8hardware5iokit5IOKit19get_cpu_temperature
FNDA:0,_RNvXNtNtCs6JXvGULNGKJ_14darwin_metrics7battery5testsNtB2_9MockIOKitNtNtNtB6_8hardware5iokit5IOKit19get_gpu_temperature
FNDA:30,_RNvXNtNtCs6JXvGULNGKJ_14darwin_metrics7battery5testsNtB2_9MockIOKitNtNtNtB6_8hardware5iokit5IOKit19get_number_property
FNDA:0,_RNvXNtNtCs6JXvGULNGKJ_14darwin_metrics7battery5testsNtB2_9MockIOKitNtNtNtB6_8hardware5iokit5IOKit19get_string_property
FNDA:7,_RNvXNtNtCs6JXvGULNGKJ_14darwin_metrics7battery5testsNtB2_9MockIOKitNtNtNtB6_8hardware5iokit5IOKit19io_service_matching
FNDA:0,_RNvXNtNtCs6JXvGULNGKJ_14darwin_metrics7battery5testsNtB2_9MockIOKitNtNtNtB6_8hardware5iokit5IOKit23get_ambient_temperature
FNDA:0,_RNvXNtNtCs6JXvGULNGKJ_14darwin_metrics7battery5testsNtB2_9MockIOKitNtNtNtB6_8hardware5iokit5IOKit23get_battery_temperature
FNDA:0,_RNvXNtNtCs6JXvGULNGKJ_14darwin_metrics7battery5testsNtB2_9MockIOKitNtNtNtB6_8hardware5iokit5IOKit24check_thermal_throttling
FNDA:0,_RNvXNtNtCs6JXvGULNGKJ_14darwin_metrics7battery5testsNtB2_9MockIOKitNtNtNtB6_8hardware5iokit5IOKit24get_heatsink_temperature
FNDA:0,_RNvXNtNtCs6JXvGULNGKJ_14darwin_metrics7battery5testsNtB2_9MockIOKitNtNtNtB6_8hardware5iokit5IOKit28io_registry_entry_get_parent
FNDA:7,_RNvXNtNtCs6JXvGULNGKJ_14darwin_metrics7battery5testsNtB2_9MockIOKitNtNtNtB6_8hardware5iokit5IOKit31io_service_get_matching_service
FNDA:7,_RNvXNtNtCs6JXvGULNGKJ_14darwin_metrics7battery5testsNtB2_9MockIOKitNtNtNtB6_8hardware5iokit5IOKit38io_registry_entry_create_cf_properties
FNDA:0,_RNvMs_NtCsaakIWYUxKbY_14darwin_metrics7batteryNtB4_7Battery11is_critical
FNDA:0,_RNvMs_NtCsaakIWYUxKbY_14darwin_metrics7batteryNtB4_7Battery11with_values
FNDA:0,_RNvMs_NtCsaakIWYUxKbY_14darwin_metrics7batteryNtB4_7Battery14is_health_poor
FNDA:0,_RNvMs_NtCsaakIWYUxKbY_14darwin_metrics7batteryNtB4_7Battery20has_high_cycle_count
FNDA:0,_RNvMs_NtCsaakIWYUxKbY_14darwin_metrics7batteryNtB4_7Battery20power_source_display
FNDA:0,_RNvMs_NtCsaakIWYUxKbY_14darwin_metrics7batteryNtB4_7Battery22time_remaining_display
FNDA:0,_RNvMs_NtCsaakIWYUxKbY_14darwin_metrics7batteryNtB4_7Battery23is_temperature_critical
FNDA:0,_RNvMs_NtCsaakIWYUxKbY_14darwin_metrics7batteryNtB4_7Battery3new
FNDA:0,_RNvMs_NtCsaakIWYUxKbY_14darwin_metrics7batteryNtB4_7Battery6is_low
FNDA:0,_RNvMs_NtCsaakIWYUxKbY_14darwin_metrics7batteryNtB4_7Battery6update
FNDA:0,_RNvMs_NtCsaakIWYUxKbY_14darwin_metrics7batteryNtB4_7Battery8get_info
FNDA:0,_RNvXNtCsaakIWYUxKbY_14darwin_metrics7batteryNtB2_7BatteryNtNtCs4P3ALgZxGbJ_4core7default7Default7default
FNDA:0,_RNvXs0_NtCsaakIWYUxKbY_14darwin_metrics7batteryNtB5_7BatteryNtNtCs4P3ALgZxGbJ_4core5clone5Clone5clone
FNDA:0,_RNvXs1_NtCsaakIWYUxKbY_14darwin_metrics7batteryNtB5_7BatteryNtNtCs4P3ALgZxGbJ_4core3cmp9PartialEq2eq
FNF:53
FNH:33
DA:44,8
DA:45,8
DA:46,8
DA:50,0
DA:51,0
DA:52,0
DA:53,0
DA:54,0
DA:56,6
DA:57,6
DA:58,6
DA:60,6
DA:61,0
DA:64,6
DA:66,6
DA:67,6
DA:68,6
DA:69,6
DA:70,1
DA:71,1
DA:72,1
DA:73,1
DA:74,1
DA:75,1
DA:76,1
DA:77,1
DA:78,5
DA:79,5
DA:80,5
DA:81,5
DA:82,5
DA:83,5
DA:84,5
DA:86,5
DA:87,5
DA:88,5
DA:89,5
DA:90,5
DA:91,5
DA:93,5
DA:94,5
DA:95,5
DA:96,5
DA:97,5
DA:98,5
DA:100,5
DA:101,5
DA:102,5
DA:103,5
DA:104,5
DA:105,5
DA:106,5
DA:107,5
DA:108,5
DA:109,5
DA:110,5
DA:111,6
DA:113,1
DA:114,1
DA:115,1
DA:117,1
DA:118,0
DA:121,1
DA:122,1
DA:123,0
DA:125,1
DA:128,9
DA:129,9
DA:130,9
DA:131,9
DA:132,9
DA:133,9
DA:134,9
DA:135,9
DA:136,9
DA:137,9
DA:138,9
DA:139,9
DA:140,9
DA:141,9
DA:142,9
DA:143,9
DA:144,9
DA:145,9
DA:146,9
DA:147,9
DA:148,9
DA:149,9
DA:151,2
DA:152,2
DA:153,2
DA:155,2
DA:156,2
DA:157,2
DA:159,3
DA:160,3
DA:161,3
DA:162,2
DA:164,1
DA:165,1
DA:166,1
DA:168,3
DA:170,2
DA:171,2
DA:172,2
DA:174,2
DA:175,2
DA:176,2
DA:178,3
DA:179,3
DA:180,1
DA:181,1
DA:182,1
DA:184,3
DA:186,2
DA:187,2
DA:188,2
DA:192,2
DA:193,2
DA:194,2
DA:195,2
DA:196,2
DA:197,2
DA:198,2
DA:199,2
DA:200,2
DA:201,2
DA:202,2
DA:203,2
DA:204,2
DA:208,2
DA:209,2
DA:210,2
DA:211,2
DA:212,1
DA:213,1
DA:214,1
DA:215,1
DA:216,1
DA:217,2
DA:238,7
DA:239,7
DA:240,7
DA:242,7
DA:243,7
DA:244,7
DA:245,7
DA:246,7
DA:247,7
DA:249,7
DA:250,7
DA:251,7
DA:252,7
DA:253,7
DA:254,7
DA:256,0
DA:258,0
DA:259,0
DA:260,0
DA:261,0
DA:262,0
DA:263,0
DA:264,0
DA:266,30
DA:267,30
DA:268,30
DA:269,30
DA:270,30
DA:271,30
DA:272,30
DA:273,25
DA:274,20
DA:275,15
DA:276,10
DA:277,5
DA:278,0
DA:280,30
DA:282,16
DA:283,16
DA:284,16
DA:285,10
DA:286,5
DA:287,0
DA:289,16
DA:291,0
DA:292,0
DA:293,0
DA:294,0
DA:295,0
DA:296,0
DA:297,0
DA:299,0
DA:300,0
DA:301,0
DA:303,0
DA:304,0
DA:305,0
DA:308,0
DA:309,0
DA:310,0
DA:312,0
DA:313,0
DA:314,0
DA:316,0
DA:317,0
DA:318,0
DA:319,0
DA:320,0
DA:321,0
DA:322,0
DA:323,0
DA:324,0
DA:325,0
DA:328,0
DA:329,0
DA:330,0
DA:332,0
DA:333,0
DA:334,0
DA:336,0
DA:337,0
DA:338,0
DA:339,0
DA:340,0
DA:341,0
DA:342,0
DA:343,0
DA:345,0
DA:346,0
DA:347,0
DA:350,0
DA:351,0
DA:352,0
DA:354,0
DA:355,0
DA:356,0
DA:358,0
DA:359,0
DA:360,0
DA:362,0
DA:363,0
DA:364,0
DA:366,0
DA:367,0
DA:368,0
DA:370,0
DA:371,0
DA:372,0
DA:373,0
DA:374,0
DA:375,0
DA:376,0
DA:377,0
DA:378,0
DA:379,0
DA:380,0
DA:382,0
DA:383,0
DA:384,0
DA:388,6
DA:389,6
DA:390,6
DA:391,6
DA:392,6
DA:393,6
DA:394,6
DA:395,6
DA:396,6
DA:397,6
DA:398,6
DA:399,6
DA:400,6
DA:401,6
DA:402,6
DA:403,6
DA:404,6
DA:407,1
DA:408,1
DA:409,1
DA:410,1
DA:411,1
DA:412,1
DA:413,1
DA:416,1
DA:417,1
DA:418,1
DA:419,1
DA:420,1
DA:421,1
DA:422,1
DA:423,1
DA:424,1
DA:425,1
DA:426,1
DA:428,1
DA:429,1
DA:430,1
DA:433,1
DA:434,1
DA:435,1
DA:436,1
DA:437,1
DA:438,1
DA:439,1
DA:440,1
DA:441,1
DA:442,1
DA:443,1
DA:444,1
DA:445,1
DA:446,1
DA:449,1
DA:450,1
DA:451,1
DA:452,1
DA:453,1
DA:454,1
DA:455,1
DA:456,1
DA:457,1
DA:460,1
DA:461,1
DA:462,1
DA:463,1
DA:464,1
DA:465,1
DA:466,1
DA:467,1
DA:468,1
DA:469,1
DA:470,1
DA:471,1
DA:472,1
DA:473,1
DA:474,1
DA:475,1
DA:476,1
DA:477,1
DA:478,1
DA:479,1
DA:480,1
DA:483,1
DA:484,1
DA:485,1
DA:486,1
DA:488,1
DA:489,1
DA:490,1
DA:493,1
DA:494,1
DA:495,1
DA:496,1
DA:498,1
DA:499,1
DA:500,1
DA:503,1
DA:504,1
DA:505,1
DA:506,1
DA:507,1
DA:508,1
DA:511,1
DA:512,1
DA:515,1
DA:516,1
DA:517,1
DA:520,1
DA:521,1
DA:522,1
DA:523,1
DA:524,1
DA:526,1
DA:527,1
DA:528,1
DA:531,1
DA:532,1
DA:533,1
DA:534,1
DA:535,1
DA:537,1
DA:538,1
DA:539,1
DA:542,1
DA:543,1
DA:544,1
DA:545,1
DA:546,1
DA:548,1
DA:549,1
DA:551,1
DA:552,1
DA:553,1
DA:556,1
DA:557,1
DA:558,1
DA:559,1
DA:560,1
DA:562,1
DA:563,1
DA:564,1
DA:567,1
DA:568,1
DA:569,1
DA:570,1
DA:571,1
DA:572,1
DA:573,1
DA:574,1
DA:575,1
DA:576,1
DA:577,1
DA:578,1
DA:579,1
DA:582,1
DA:583,1
DA:584,1
DA:585,1
DA:586,1
DA:587,1
DA:588,1
DA:589,1
DA:592,1
DA:593,1
DA:594,1
BRF:0
BRH:0
LF:424
LH:331
end_of_record
SF:/Users/smeya/git/darwin-metrics/src/disk/mod.rs
FN:328,_RINvMs0_NtCs6JXvGULNGKJ_14darwin_metrics4diskNtB6_4Disk12get_for_pathpEB8_
FN:579,_RINvMs1_NtCs6JXvGULNGKJ_14darwin_metrics4diskNtB6_11DiskMonitor19get_volume_for_pathpEB8_
FN:340,_RNCINvMs0_NtCs6JXvGULNGKJ_14darwin_metrics4diskNtB8_4Disk12get_for_pathpE0Ba_
FN:613,_RNCINvMs1_NtCs6JXvGULNGKJ_14darwin_metrics4diskNtB8_11DiskMonitor19get_volume_for_pathpE0Ba_
FN:412,_RNvMs0_NtCs6JXvGULNGKJ_14darwin_metrics4diskNtB5_4Disk17available_display
FN:468,_RNvMs1_NtCs6JXvGULNGKJ_14darwin_metrics4diskNtB5_11DiskMonitor11get_volumes
FN:841,_RNvMs1_NtCs6JXvGULNGKJ_14darwin_metrics4diskNtB5_11DiskMonitor16detect_disk_type
FN:28,_RNvXNtCs6JXvGULNGKJ_14darwin_metrics4diskNtB2_8DiskTypeNtNtCs4P3ALgZxGbJ_4core7default7Default7default
FN:876,_RNvXs2_NtCs6JXvGULNGKJ_14darwin_metrics4diskNtB5_11DiskMonitorNtNtCs4P3ALgZxGbJ_4core7default7Default7default
FN:110,_RNvXs_NtCs6JXvGULNGKJ_14darwin_metrics4diskNtB4_9DiskStatsNtNtCs4P3ALgZxGbJ_4core7default7Default7default
FN:441,_RNvMs0_NtCs6JXvGULNGKJ_14darwin_metrics4diskNtB5_4Disk12format_bytes
FN:422,_RNvMs0_NtCs6JXvGULNGKJ_14darwin_metrics4diskNtB5_4Disk12used_display
FN:157,_RNvMs0_NtCs6JXvGULNGKJ_14darwin_metrics4diskNtB5_4Disk12with_details
FN:417,_RNvMs0_NtCs6JXvGULNGKJ_14darwin_metrics4diskNtB5_4Disk13total_display
FN:407,_RNvMs0_NtCs6JXvGULNGKJ_14darwin_metrics4diskNtB5_4Disk14is_nearly_full
FN:399,_RNvMs0_NtCs6JXvGULNGKJ_14darwin_metrics4diskNtB5_4Disk16usage_percentage
FN:134,_RNvMs0_NtCs6JXvGULNGKJ_14darwin_metrics4diskNtB5_4Disk3new
FN:228,_RNvMs0_NtCs6JXvGULNGKJ_14darwin_metrics4diskNtB5_4Disk7get_all
FN:427,_RNvMs0_NtCs6JXvGULNGKJ_14darwin_metrics4diskNtB5_4Disk7summary
FN:180,_RNvMs0_NtCs6JXvGULNGKJ_14darwin_metrics4diskNtB5_4Disk8get_info
FN:661,_RNvMs1_NtCs6JXvGULNGKJ_14darwin_metrics4diskNtB5_11DiskMonitor15get_performance
FN:463,_RNvMs1_NtCs6JXvGULNGKJ_14darwin_metrics4diskNtB5_11DiskMonitor3new
FN:804,_RNvMs1_NtCs6JXvGULNGKJ_14darwin_metrics4diskNtB5_11DiskMonitor6update
FN:959,_RNCNvNtNtCs6JXvGULNGKJ_14darwin_metrics4disk5testss_20test_get_all_volumes0B7_
FN:924,_RNvNtNtCs6JXvGULNGKJ_14darwin_metrics4disk5testss_17test_format_bytes
FN:900,_RNvNtNtCs6JXvGULNGKJ_14darwin_metrics4disk5testss_19test_is_nearly_full
FN:950,_RNvNtNtCs6JXvGULNGKJ_14darwin_metrics4disk5testss_20test_get_all_volumes
FN:969,_RNvNtNtCs6JXvGULNGKJ_14darwin_metrics4disk5testss_21test_disk_performance
FN:934,_RNvNtNtCs6JXvGULNGKJ_14darwin_metrics4disk5testss_23test_get_root_disk_info
FN:886,_RNvNtNtCs6JXvGULNGKJ_14darwin_metrics4disk5testss_26test_disk_usage_percentage
FN:328,_RINvMs0_NtCsaakIWYUxKbY_14darwin_metrics4diskNtB6_4Disk12get_for_pathpEB8_
FN:579,_RINvMs1_NtCsaakIWYUxKbY_14darwin_metrics4diskNtB6_11DiskMonitor19get_volume_for_pathpEB8_
FN:340,_RNCINvMs0_NtCsaakIWYUxKbY_14darwin_metrics4diskNtB8_4Disk12get_for_pathpE0Ba_
FN:613,_RNCINvMs1_NtCsaakIWYUxKbY_14darwin_metrics4diskNtB8_11DiskMonitor19get_volume_for_pathpE0Ba_
FN:441,_RNvMs0_NtCsaakIWYUxKbY_14darwin_metrics4diskNtB5_4Disk12format_bytes
FN:422,_RNvMs0_NtCsaakIWYUxKbY_14darwin_metrics4diskNtB5_4Disk12used_display
FN:157,_RNvMs0_NtCsaakIWYUxKbY_14darwin_metrics4diskNtB5_4Disk12with_details
FN:417,_RNvMs0_NtCsaakIWYUxKbY_14darwin_metrics4diskNtB5_4Disk13total_display
FN:407,_RNvMs0_NtCsaakIWYUxKbY_14darwin_metrics4diskNtB5_4Disk14is_nearly_full
FN:399,_RNvMs0_NtCsaakIWYUxKbY_14darwin_metrics4diskNtB5_4Disk16usage_percentage
FN:412,_RNvMs0_NtCsaakIWYUxKbY_14darwin_metrics4diskNtB5_4Disk17available_display
FN:134,_RNvMs0_NtCsaakIWYUxKbY_14darwin_metrics4diskNtB5_4Disk3new
FN:228,_RNvMs0_NtCsaakIWYUxKbY_14darwin_metrics4diskNtB5_4Disk7get_all
FN:427,_RNvMs0_NtCsaakIWYUxKbY_14darwin_metrics4diskNtB5_4Disk7summary
FN:180,_RNvMs0_NtCsaakIWYUxKbY_14darwin_metrics4diskNtB5_4Disk8get_info
FN:468,_RNvMs1_NtCsaakIWYUxKbY_14darwin_metrics4diskNtB5_11DiskMonitor11get_volumes
FN:661,_RNvMs1_NtCsaakIWYUxKbY_14darwin_metrics4diskNtB5_11DiskMonitor15get_performance
FN:841,_RNvMs1_NtCsaakIWYUxKbY_14darwin_metrics4diskNtB5_11DiskMonitor16detect_disk_type
FN:463,_RNvMs1_NtCsaakIWYUxKbY_14darwin_metrics4diskNtB5_11DiskMonitor3new
FN:804,_RNvMs1_NtCsaakIWYUxKbY_14darwin_metrics4diskNtB5_11DiskMonitor6update
FN:28,_RNvXNtCsaakIWYUxKbY_14darwin_metrics4diskNtB2_8DiskTypeNtNtCs4P3ALgZxGbJ_4core7default7Default7default
FN:876,_RNvXs2_NtCsaakIWYUxKbY_14darwin_metrics4diskNtB5_11DiskMonitorNtNtCs4P3ALgZxGbJ_4core7default7Default7default
FN:110,_RNvXs_NtCsaakIWYUxKbY_14darwin_metrics4diskNtB4_9DiskStatsNtNtCs4P3ALgZxGbJ_4core7default7Default7default
FNDA:0,_RINvMs0_NtCs6JXvGULNGKJ_14darwin_metrics4diskNtB6_4Disk12get_for_pathpEB8_
FNDA:0,_RINvMs1_NtCs6JXvGULNGKJ_14darwin_metrics4diskNtB6_11DiskMonitor19get_volume_for_pathpEB8_
FNDA:0,_RNCINvMs0_NtCs6JXvGULNGKJ_14darwin_metrics4diskNtB8_4Disk12get_for_pathpE0Ba_
FNDA:0,_RNCINvMs1_NtCs6JXvGULNGKJ_14darwin_metrics4diskNtB8_11DiskMonitor19get_volume_for_pathpE0Ba_
FNDA:0,_RNvMs0_NtCs6JXvGULNGKJ_14darwin_metrics4diskNtB5_4Disk17available_display
FNDA:0,_RNvMs1_NtCs6JXvGULNGKJ_14darwin_metrics4diskNtB5_11DiskMonitor11get_volumes
FNDA:0,_RNvMs1_NtCs6JXvGULNGKJ_14darwin_metrics4diskNtB5_11DiskMonitor16detect_disk_type
FNDA:0,_RNvXNtCs6JXvGULNGKJ_14darwin_metrics4diskNtB2_8DiskTypeNtNtCs4P3ALgZxGbJ_4core7default7Default7default
FNDA:0,_RNvXs2_NtCs6JXvGULNGKJ_14darwin_metrics4diskNtB5_11DiskMonitorNtNtCs4P3ALgZxGbJ_4core7default7Default7default
FNDA:0,_RNvXs_NtCs6JXvGULNGKJ_14darwin_metrics4diskNtB4_9DiskStatsNtNtCs4P3ALgZxGbJ_4core7default7Default7default
FNDA:26,_RNvMs0_NtCs6JXvGULNGKJ_14darwin_metrics4diskNtB5_4Disk12format_bytes
FNDA:9,_RNvMs0_NtCs6JXvGULNGKJ_14darwin_metrics4diskNtB5_4Disk12used_display
FNDA:9,_RNvMs0_NtCs6JXvGULNGKJ_14darwin_metrics4diskNtB5_4Disk12with_details
FNDA:9,_RNvMs0_NtCs6JXvGULNGKJ_14darwin_metrics4diskNtB5_4Disk13total_display
FNDA:2,_RNvMs0_NtCs6JXvGULNGKJ_14darwin_metrics4diskNtB5_4Disk14is_nearly_full
FNDA:12,_RNvMs0_NtCs6JXvGULNGKJ_14darwin_metrics4diskNtB5_4Disk16usage_percentage
FNDA:3,_RNvMs0_NtCs6JXvGULNGKJ_14darwin_metrics4diskNtB5_4Disk3new
FNDA:1,_RNvMs0_NtCs6JXvGULNGKJ_14darwin_metrics4diskNtB5_4Disk7get_all
FNDA:9,_RNvMs0_NtCs6JXvGULNGKJ_14darwin_metrics4diskNtB5_4Disk7summary
FNDA:1,_RNvMs0_NtCs6JXvGULNGKJ_14darwin_metrics4diskNtB5_4Disk8get_info
FNDA:1,_RNvMs1_NtCs6JXvGULNGKJ_14darwin_metrics4diskNtB5_11DiskMonitor15get_performance
FNDA:1,_RNvMs1_NtCs6JXvGULNGKJ_14darwin_metrics4diskNtB5_11DiskMonitor3new
FNDA:1,_RNvMs1_NtCs6JXvGULNGKJ_14darwin_metrics4diskNtB5_11DiskMonitor6update
FNDA:1,_RNCNvNtNtCs6JXvGULNGKJ_14darwin_metrics4disk5testss_20test_get_all_volumes0B7_
FNDA:1,_RNvNtNtCs6JXvGULNGKJ_14darwin_metrics4disk5testss_17test_format_bytes
FNDA:1,_RNvNtNtCs6JXvGULNGKJ_14darwin_metrics4disk5testss_19test_is_nearly_full
FNDA:1,_RNvNtNtCs6JXvGULNGKJ_14darwin_metrics4disk5testss_20test_get_all_volumes
FNDA:1,_RNvNtNtCs6JXvGULNGKJ_14darwin_metrics4disk5testss_21test_disk_performance
FNDA:1,_RNvNtNtCs6JXvGULNGKJ_14darwin_metrics4disk5testss_23test_get_root_disk_info
FNDA:1,_RNvNtNtCs6JXvGULNGKJ_14darwin_metrics4disk5testss_26test_disk_usage_percentage
FNDA:0,_RINvMs0_NtCsaakIWYUxKbY_14darwin_metrics4diskNtB6_4Disk12get_for_pathpEB8_
FNDA:0,_RINvMs1_NtCsaakIWYUxKbY_14darwin_metrics4diskNtB6_11DiskMonitor19get_volume_for_pathpEB8_
FNDA:0,_RNCINvMs0_NtCsaakIWYUxKbY_14darwin_metrics4diskNtB8_4Disk12get_for_pathpE0Ba_
FNDA:0,_RNCINvMs1_NtCsaakIWYUxKbY_14darwin_metrics4diskNtB8_11DiskMonitor19get_volume_for_pathpE0Ba_
FNDA:0,_RNvMs0_NtCsaakIWYUxKbY_14darwin_metrics4diskNtB5_4Disk12format_bytes
FNDA:0,_RNvMs0_NtCsaakIWYUxKbY_14darwin_metrics4diskNtB5_4Disk12used_display
FNDA:0,_RNvMs0_NtCsaakIWYUxKbY_14darwin_metrics4diskNtB5_4Disk12with_details
FNDA:0,_RNvMs0_NtCsaakIWYUxKbY_14darwin_metrics4diskNtB5_4Disk13total_display
FNDA:0,_RNvMs0_NtCsaakIWYUxKbY_14darwin_metrics4diskNtB5_4Disk14is_nearly_full
FNDA:0,_RNvMs0_NtCsaakIWYUxKbY_14darwin_metrics4diskNtB5_4Disk16usage_percentage
FNDA:0,_RNvMs0_NtCsaakIWYUxKbY_14darwin_metrics4diskNtB5_4Disk17available_display
FNDA:0,_RNvMs0_NtCsaakIWYUxKbY_14darwin_metrics4diskNtB5_4Disk3new
FNDA:0,_RNvMs0_NtCsaakIWYUxKbY_14darwin_metrics4diskNtB5_4Disk7get_all
FNDA:0,_RNvMs0_NtCsaakIWYUxKbY_14darwin_metrics4diskNtB5_4Disk7summary
FNDA:0,_RNvMs0_NtCsaakIWYUxKbY_14darwin_metrics4diskNtB5_4Disk8get_info
FNDA:0,_RNvMs1_NtCsaakIWYUxKbY_14darwin_metrics4diskNtB5_11DiskMonitor11get_volumes
FNDA:0,_RNvMs1_NtCsaakIWYUxKbY_14darwin_metrics4diskNtB5_11DiskMonitor15get_performance
FNDA:0,_RNvMs1_NtCsaakIWYUxKbY_14darwin_metrics4diskNtB5_11DiskMonitor16detect_disk_type
FNDA:0,_RNvMs1_NtCsaakIWYUxKbY_14darwin_metrics4diskNtB5_11DiskMonitor3new
FNDA:0,_RNvMs1_NtCsaakIWYUxKbY_14darwin_metrics4diskNtB5_11DiskMonitor6update
FNDA:0,_RNvXNtCsaakIWYUxKbY_14darwin_metrics4diskNtB2_8DiskTypeNtNtCs4P3ALgZxGbJ_4core7default7Default7default
FNDA:0,_RNvXs2_NtCsaakIWYUxKbY_14darwin_metrics4diskNtB5_11DiskMonitorNtNtCs4P3ALgZxGbJ_4core7default7Default7default
FNDA:0,_RNvXs_NtCsaakIWYUxKbY_14darwin_metrics4diskNtB4_9DiskStatsNtNtCs4P3ALgZxGbJ_4core7default7Default7default
FNF:30
FNH:20
DA:28,0
DA:29,0
DA:30,0
DA:110,0
DA:111,0
DA:112,0
DA:113,0
DA:114,0
DA:115,0
DA:116,0
DA:117,0
DA:118,0
DA:119,0
DA:120,0
DA:134,3
DA:135,3
DA:136,3
DA:137,3
DA:138,3
DA:139,3
DA:140,3
DA:141,3
DA:142,3
DA:143,3
DA:144,3
DA:145,3
DA:146,3
DA:147,3
DA:148,3
DA:149,3
DA:150,3
DA:151,3
DA:152,3
DA:153,3
DA:157,9
DA:158,9
DA:159,9
DA:160,9
DA:161,9
DA:162,9
DA:163,9
DA:164,9
DA:165,9
DA:166,9
DA:167,9
DA:168,9
DA:169,9
DA:170,9
DA:171,9
DA:172,9
DA:173,9
DA:174,9
DA:175,9
DA:176,9
DA:177,9
DA:180,1
DA:187,1
DA:188,1
DA:189,1
DA:190,1
DA:191,1
DA:192,1
DA:193,0
DA:194,1
DA:195,1
DA:196,1
DA:197,1
DA:198,1
DA:199,1
DA:200,1
DA:201,1
DA:202,1
DA:203,1
DA:204,1
DA:205,1
DA:206,1
DA:207,1
DA:208,1
DA:209,1
DA:210,1
DA:211,1
DA:212,1
DA:213,1
DA:214,1
DA:215,1
DA:216,1
DA:217,1
DA:218,1
DA:219,1
DA:220,1
DA:221,1
DA:222,1
DA:223,1
DA:224,1
DA:225,1
DA:228,1
DA:239,1
DA:240,1
DA:241,1
DA:242,0
DA:243,1
DA:244,1
DA:245,1
DA:246,1
DA:247,1
DA:248,1
DA:249,1
DA:250,1
DA:251,1
DA:252,1
DA:253,1
DA:254,0
DA:255,1
DA:256,1
DA:257,1
DA:258,1
DA:260,10
DA:261,10
DA:262,10
DA:263,10
DA:264,10
DA:265,10
DA:266,10
DA:267,10
DA:268,10
DA:269,10
DA:270,2
DA:271,8
DA:272,8
DA:273,8
DA:274,8
DA:275,8
DA:276,8
DA:277,8
DA:278,8
DA:279,8
DA:280,8
DA:281,8
DA:282,8
DA:283,8
DA:284,8
DA:285,8
DA:286,8
DA:287,8
DA:288,8
DA:289,8
DA:290,8
DA:291,8
DA:292,8
DA:293,8
DA:296,8
DA:297,8
DA:298,8
DA:299,8
DA:301,0
DA:302,8
DA:306,8
DA:308,0
DA:311,8
DA:312,8
DA:313,8
DA:314,8
DA:315,8
DA:316,8
DA:317,8
DA:318,8
DA:319,8
DA:320,8
DA:321,8
DA:324,1
DA:325,1
DA:328,0
DA:339,0
DA:340,0
DA:342,0
DA:343,0
DA:344,0
DA:345,0
DA:346,0
DA:347,0
DA:348,0
DA:349,0
DA:350,0
DA:351,0
DA:352,0
DA:353,0
DA:354,0
DA:355,0
DA:356,0
DA:357,0
DA:358,0
DA:359,0
DA:360,0
DA:361,0
DA:362,0
DA:363,0
DA:364,0
DA:365,0
DA:366,0
DA:367,0
DA:368,0
DA:369,0
DA:370,0
DA:371,0
DA:372,0
DA:373,0
DA:374,0
DA:375,0
DA:376,0
DA:377,0
DA:380,0
DA:381,0
DA:382,0
DA:383,0
DA:385,0
DA:386,0
DA:388,0
DA:390,0
DA:393,0
DA:394,0
DA:395,0
DA:396,0
DA:399,12
DA:400,12
DA:401,0
DA:402,12
DA:403,12
DA:404,12
DA:407,2
DA:408,2
DA:409,2
DA:412,0
DA:413,0
DA:414,0
DA:417,9
DA:418,9
DA:419,9
DA:422,9
DA:423,9
DA:424,9
DA:427,9
DA:428,9
DA:430,9
DA:431,9
DA:432,9
DA:433,9
DA:434,9
DA:435,9
DA:436,9
DA:437,9
DA:438,9
DA:441,26
DA:447,26
DA:448,1
DA:449,25
DA:450,13
DA:451,12
DA:452,7
DA:453,5
DA:454,2
DA:456,3
DA:458,26
DA:463,1
DA:464,1
DA:465,1
DA:468,0
DA:503,0
DA:504,0
DA:505,0
DA:506,0
DA:507,0
DA:508,0
DA:509,0
DA:510,0
DA:511,0
DA:512,0
DA:513,0
DA:514,0
DA:515,0
DA:516,0
DA:517,0
DA:518,0
DA:519,0
DA:520,0
DA:521,0
DA:522,0
DA:524,0
DA:525,0
DA:526,0
DA:527,0
DA:528,0
DA:529,0
DA:530,0
DA:531,0
DA:532,0
DA:533,0
DA:534,0
DA:535,0
DA:536,0
DA:537,0
DA:538,0
DA:539,0
DA:540,0
DA:541,0
DA:542,0
DA:543,0
DA:544,0
DA:545,0
DA:546,0
DA:547,0
DA:548,0
DA:549,0
DA:550,0
DA:551,0
DA:552,0
DA:553,0
DA:554,0
DA:555,0
DA:556,0
DA:557,0
DA:560,0
DA:561,0
DA:562,0
DA:563,0
DA:564,0
DA:565,0
DA:566,0
DA:567,0
DA:568,0
DA:569,0
DA:570,0
DA:571,0
DA:572,0
DA:575,0
DA:576,0
DA:579,0
DA:612,0
DA:613,0
DA:615,0
DA:616,0
DA:617,0
DA:618,0
DA:619,0
DA:620,0
DA:621,0
DA:622,0
DA:623,0
DA:624,0
DA:625,0
DA:626,0
DA:627,0
DA:628,0
DA:629,0
DA:630,0
DA:631,0
DA:632,0
DA:633,0
DA:634,0
DA:635,0
DA:636,0
DA:637,0
DA:638,0
DA:639,0
DA:640,0
DA:641,0
DA:642,0
DA:643,0
DA:644,0
DA:645,0
DA:646,0
DA:647,0
DA:648,0
DA:649,0
DA:650,0
DA:653,0
DA:654,0
DA:655,0
DA:656,0
DA:657,0
DA:658,0
DA:661,1
DA:662,1
DA:663,1
DA:664,1
DA:665,1
DA:666,1
DA:668,0
DA:669,0
DA:670,0
DA:671,0
DA:672,0
DA:673,0
DA:674,0
DA:675,0
DA:676,0
DA:677,0
DA:678,0
DA:679,0
DA:680,0
DA:681,0
DA:682,0
DA:683,0
DA:684,0
DA:685,0
DA:686,0
DA:687,0
DA:688,0
DA:689,0
DA:690,0
DA:691,0
DA:692,0
DA:693,0
DA:694,0
DA:695,0
DA:696,0
DA:697,0
DA:698,1
DA:699,1
DA:700,1
DA:701,1
DA:702,1
DA:703,1
DA:704,1
DA:705,1
DA:706,1
DA:707,1
DA:708,1
DA:709,1
DA:710,1
DA:711,1
DA:712,1
DA:713,1
DA:714,1
DA:715,1
DA:716,1
DA:717,1
DA:718,1
DA:719,1
DA:720,1
DA:721,1
DA:722,1
DA:723,1
DA:724,1
DA:725,1
DA:726,1
DA:727,1
DA:728,1
DA:731,1
DA:732,0
DA:734,1
DA:737,1
DA:738,0
DA:740,1
DA:744,1
DA:745,1
DA:747,1
DA:748,1
DA:750,0
DA:754,1
DA:755,1
DA:756,1
DA:757,1
DA:758,1
DA:759,1
DA:760,1
DA:761,1
DA:762,1
DA:763,1
DA:764,1
DA:765,1
DA:766,1
DA:767,0
DA:768,0
DA:771,1
DA:772,1
DA:773,1
DA:774,1
DA:775,1
DA:776,1
DA:777,1
DA:778,1
DA:779,1
DA:780,1
DA:781,1
DA:782,1
DA:783,1
DA:784,1
DA:785,0
DA:786,0
DA:787,0
DA:788,0
DA:789,0
DA:790,0
DA:791,0
DA:792,0
DA:793,0
DA:794,0
DA:795,0
DA:796,0
DA:797,0
DA:798,1
DA:800,1
DA:801,1
DA:804,1
DA:805,1
DA:806,1
DA:807,1
DA:808,1
DA:809,1
DA:810,1
DA:811,1
DA:812,1
DA:813,1
DA:814,1
DA:815,1
DA:816,1
DA:817,1
DA:818,1
DA:819,1
DA:820,1
DA:821,1
DA:822,1
DA:823,1
DA:824,1
DA:825,1
DA:826,1
DA:827,1
DA:828,1
DA:829,1
DA:830,1
DA:831,1
DA:832,1
DA:833,1
DA:834,1
DA:835,1
DA:836,1
DA:837,1
DA:838,1
DA:841,0
DA:842,0
DA:843,0
DA:844,0
DA:845,0
DA:846,0
DA:847,0
DA:848,0
DA:849,0
DA:851,0
DA:852,0
DA:853,0
DA:854,0
DA:855,0
DA:856,0
DA:857,0
DA:858,0
DA:859,0
DA:860,0
DA:861,0
DA:862,0
DA:863,0
DA:864,0
DA:865,0
DA:866,0
DA:867,0
DA:868,0
DA:869,0
DA:870,0
DA:871,0
DA:872,0
DA:876,0
DA:877,0
DA:878,0
DA:886,1
DA:887,1
DA:888,1
DA:889,1
DA:890,1
DA:891,1
DA:892,1
DA:893,1
DA:894,1
DA:895,1
DA:896,1
DA:897,1
DA:900,1
DA:901,1
DA:902,1
DA:903,1
DA:904,1
DA:905,1
DA:906,1
DA:907,1
DA:908,1
DA:909,1
DA:910,1
DA:911,1
DA:912,1
DA:913,1
DA:914,1
DA:915,1
DA:916,1
DA:917,1
DA:918,1
DA:919,1
DA:920,1
DA:921,1
DA:924,1
DA:925,1
DA:926,1
DA:927,1
DA:928,1
DA:929,1
DA:930,1
DA:931,1
DA:934,1
DA:935,1
DA:936,1
DA:937,1
DA:939,1
DA:940,1
DA:941,1
DA:942,1
DA:943,1
DA:944,1
DA:945,1
DA:946,0
DA:947,1
DA:950,1
DA:951,1
DA:952,1
DA:953,1
DA:955,1
DA:956,1
DA:959,1
DA:960,1
DA:962,9
DA:963,8
DA:964,8
DA:965,0
DA:966,1
DA:969,1
DA:970,1
DA:971,1
DA:972,1
DA:973,1
DA:974,1
DA:975,1
DA:976,1
DA:977,1
DA:978,1
DA:979,1
DA:980,1
DA:981,1
DA:983,1
DA:984,1
DA:986,2
DA:987,1
DA:988,1
DA:989,1
DA:990,1
DA:991,1
DA:992,1
DA:993,1
DA:994,1
DA:995,1
DA:996,1
DA:997,1
DA:998,1
DA:999,1
DA:1000,1
DA:1001,1
DA:1002,1
DA:1003,1
DA:1004,0
DA:1005,1
BRF:0
BRH:0
LF:678
LH:402
end_of_record
SF:/Users/smeya/git/darwin-metrics/src/error.rs
FN:99,_RINvMNtCs6JXvGULNGKJ_14darwin_metrics5errorNtB3_5Error13not_availablepEB5_
FN:94,_RINvMNtCs6JXvGULNGKJ_14darwin_metrics5errorNtB3_5Error15not_implementedpEB5_
FN:104,_RINvMNtCs6JXvGULNGKJ_14darwin_metrics5errorNtB3_5Error17permission_deniedpEB5_
FN:144,_RNvMNtCs6JXvGULNGKJ_14darwin_metrics5errorNtB2_5Error16is_not_available
FN:138,_RNvMNtCs6JXvGULNGKJ_14darwin_metrics5errorNtB2_5Error19is_permission_error
FN:119,_RNvMNtCs6JXvGULNGKJ_14darwin_metrics5errorNtB2_5Error7details
FN:154,_RNvXs_NtCs6JXvGULNGKJ_14darwin_metrics5errorNtB4_5ErrorINtNtCs4P3ALgZxGbJ_4core7convert4FromNtNtNtCsfXerQ7jTsRl_3std2io5error5ErrorE4from
FN:89,_RINvMNtCs6JXvGULNGKJ_14darwin_metrics5errorNtB3_5Error12invalid_dataNtNtCsaxtFaqkp5wQ_5alloc6string6StringEB5_
FN:89,_RINvMNtCs6JXvGULNGKJ_14darwin_metrics5errorNtB3_5Error12invalid_dataReEB5_
FN:114,_RINvMNtCs6JXvGULNGKJ_14darwin_metrics5errorNtB3_5Error13process_errorNtNtCsaxtFaqkp5wQ_5alloc6string6StringEB5_
FN:114,_RINvMNtCs6JXvGULNGKJ_14darwin_metrics5errorNtB3_5Error13process_errorReEB5_
FN:109,_RINvMNtCs6JXvGULNGKJ_14darwin_metrics5errorNtB3_5Error17service_not_foundNtNtCsaxtFaqkp5wQ_5alloc6string6StringEB5_
FN:109,_RINvMNtCs6JXvGULNGKJ_14darwin_metrics5errorNtB3_5Error17service_not_foundReEB5_
FN:79,_RINvMNtCs6JXvGULNGKJ_14darwin_metrics5errorNtB3_5Error6io_kitNtNtCsaxtFaqkp5wQ_5alloc6string6StringEB5_
FN:84,_RINvMNtCs6JXvGULNGKJ_14darwin_metrics5errorNtB3_5Error6systemNtNtCsaxtFaqkp5wQ_5alloc6string6StringEB5_
FN:84,_RINvMNtCs6JXvGULNGKJ_14darwin_metrics5errorNtB3_5Error6systemReEB5_
FN:144,_RNvMNtCsaakIWYUxKbY_14darwin_metrics5errorNtB2_5Error16is_not_available
FN:138,_RNvMNtCsaakIWYUxKbY_14darwin_metrics5errorNtB2_5Error19is_permission_error
FN:119,_RNvMNtCsaakIWYUxKbY_14darwin_metrics5errorNtB2_5Error7details
FN:154,_RNvXs_NtCsaakIWYUxKbY_14darwin_metrics5errorNtB4_5ErrorINtNtCs4P3ALgZxGbJ_4core7convert4FromNtNtNtCsfXerQ7jTsRl_3std2io5error5ErrorE4from
FN:89,_RINvMNtCsaakIWYUxKbY_14darwin_metrics5errorNtB3_5Error12invalid_dataNtNtCsaxtFaqkp5wQ_5alloc6string6StringEB5_
FN:89,_RINvMNtCsaakIWYUxKbY_14darwin_metrics5errorNtB3_5Error12invalid_dataReEB5_
FN:114,_RINvMNtCsaakIWYUxKbY_14darwin_metrics5errorNtB3_5Error13process_errorNtNtCsaxtFaqkp5wQ_5alloc6string6StringEB5_
FN:114,_RINvMNtCsaakIWYUxKbY_14darwin_metrics5errorNtB3_5Error13process_errorReEB5_
FN:109,_RINvMNtCsaakIWYUxKbY_14darwin_metrics5errorNtB3_5Error17service_not_foundNtNtCsaxtFaqkp5wQ_5alloc6string6StringEB5_
FN:109,_RINvMNtCsaakIWYUxKbY_14darwin_metrics5errorNtB3_5Error17service_not_foundReEB5_
FN:79,_RINvMNtCsaakIWYUxKbY_14darwin_metrics5errorNtB3_5Error6io_kitNtNtCsaxtFaqkp5wQ_5alloc6string6StringEB5_
FN:84,_RINvMNtCsaakIWYUxKbY_14darwin_metrics5errorNtB3_5Error6systemNtNtCsaxtFaqkp5wQ_5alloc6string6StringEB5_
FN:84,_RINvMNtCsaakIWYUxKbY_14darwin_metrics5errorNtB3_5Error6systemReEB5_
FN:99,_RINvMNtCsaakIWYUxKbY_14darwin_metrics5errorNtB3_5Error13not_availablepEB5_
FN:94,_RINvMNtCsaakIWYUxKbY_14darwin_metrics5errorNtB3_5Error15not_implementedpEB5_
FN:104,_RINvMNtCsaakIWYUxKbY_14darwin_metrics5errorNtB3_5Error17permission_deniedpEB5_
FNDA:0,_RINvMNtCs6JXvGULNGKJ_14darwin_metrics5errorNtB3_5Error13not_availablepEB5_
FNDA:0,_RINvMNtCs6JXvGULNGKJ_14darwin_metrics5errorNtB3_5Error15not_implementedpEB5_
FNDA:0,_RINvMNtCs6JXvGULNGKJ_14darwin_metrics5errorNtB3_5Error17permission_deniedpEB5_
FNDA:0,_RNvMNtCs6JXvGULNGKJ_14darwin_metrics5errorNtB2_5Error16is_not_available
FNDA:0,_RNvMNtCs6JXvGULNGKJ_14darwin_metrics5errorNtB2_5Error19is_permission_error
FNDA:0,_RNvMNtCs6JXvGULNGKJ_14darwin_metrics5errorNtB2_5Error7details
FNDA:0,_RNvXs_NtCs6JXvGULNGKJ_14darwin_metrics5errorNtB4_5ErrorINtNtCs4P3ALgZxGbJ_4core7convert4FromNtNtNtCsfXerQ7jTsRl_3std2io5error5ErrorE4from
FNDA:0,_RINvMNtCs6JXvGULNGKJ_14darwin_metrics5errorNtB3_5Error12invalid_dataNtNtCsaxtFaqkp5wQ_5alloc6string6StringEB5_
FNDA:4,_RINvMNtCs6JXvGULNGKJ_14darwin_metrics5errorNtB3_5Error12invalid_dataReEB5_
FNDA:1044,_RINvMNtCs6JXvGULNGKJ_14darwin_metrics5errorNtB3_5Error13process_errorNtNtCsaxtFaqkp5wQ_5alloc6string6StringEB5_
FNDA:0,_RINvMNtCs6JXvGULNGKJ_14darwin_metrics5errorNtB3_5Error13process_errorReEB5_
FNDA:0,_RINvMNtCs6JXvGULNGKJ_14darwin_metrics5errorNtB3_5Error17service_not_foundNtNtCsaxtFaqkp5wQ_5alloc6string6StringEB5_
FNDA:1,_RINvMNtCs6JXvGULNGKJ_14darwin_metrics5errorNtB3_5Error17service_not_foundReEB5_
FNDA:4,_RINvMNtCs6JXvGULNGKJ_14darwin_metrics5errorNtB3_5Error6io_kitNtNtCsaxtFaqkp5wQ_5alloc6string6StringEB5_
FNDA:2,_RINvMNtCs6JXvGULNGKJ_14darwin_metrics5errorNtB3_5Error6systemNtNtCsaxtFaqkp5wQ_5alloc6string6StringEB5_
FNDA:3,_RINvMNtCs6JXvGULNGKJ_14darwin_metrics5errorNtB3_5Error6systemReEB5_
FNDA:0,_RNvMNtCsaakIWYUxKbY_14darwin_metrics5errorNtB2_5Error16is_not_available
FNDA:0,_RNvMNtCsaakIWYUxKbY_14darwin_metrics5errorNtB2_5Error19is_permission_error
FNDA:0,_RNvMNtCsaakIWYUxKbY_14darwin_metrics5errorNtB2_5Error7details
FNDA:0,_RNvXs_NtCsaakIWYUxKbY_14darwin_metrics5errorNtB4_5ErrorINtNtCs4P3ALgZxGbJ_4core7convert4FromNtNtNtCsfXerQ7jTsRl_3std2io5error5ErrorE4from
FNDA:0,_RINvMNtCsaakIWYUxKbY_14darwin_metrics5errorNtB3_5Error12invalid_dataNtNtCsaxtFaqkp5wQ_5alloc6string6StringEB5_
FNDA:0,_RINvMNtCsaakIWYUxKbY_14darwin_metrics5errorNtB3_5Error12invalid_dataReEB5_
FNDA:0,_RINvMNtCsaakIWYUxKbY_14darwin_metrics5errorNtB3_5Error13process_errorNtNtCsaxtFaqkp5wQ_5alloc6string6StringEB5_
FNDA:0,_RINvMNtCsaakIWYUxKbY_14darwin_metrics5errorNtB3_5Error13process_errorReEB5_
FNDA:0,_RINvMNtCsaakIWYUxKbY_14darwin_metrics5errorNtB3_5Error17service_not_foundNtNtCsaxtFaqkp5wQ_5alloc6string6StringEB5_
FNDA:0,_RINvMNtCsaakIWYUxKbY_14darwin_metrics5errorNtB3_5Error17service_not_foundReEB5_
FNDA:0,_RINvMNtCsaakIWYUxKbY_14darwin_metrics5errorNtB3_5Error6io_kitNtNtCsaxtFaqkp5wQ_5alloc6string6StringEB5_
FNDA:0,_RINvMNtCsaakIWYUxKbY_14darwin_metrics5errorNtB3_5Error6systemNtNtCsaxtFaqkp5wQ_5alloc6string6StringEB5_
FNDA:0,_RINvMNtCsaakIWYUxKbY_14darwin_metrics5errorNtB3_5Error6systemReEB5_
FNDA:0,_RINvMNtCsaakIWYUxKbY_14darwin_metrics5errorNtB3_5Error13not_availablepEB5_
FNDA:0,_RINvMNtCsaakIWYUxKbY_14darwin_metrics5errorNtB3_5Error15not_implementedpEB5_
FNDA:0,_RINvMNtCsaakIWYUxKbY_14darwin_metrics5errorNtB3_5Error17permission_deniedpEB5_
FNF:12
FNH:5
DA:79,4
DA:80,4
DA:81,4
DA:84,5
DA:85,5
DA:86,5
DA:89,4
DA:90,4
DA:91,4
DA:94,0
DA:95,0
DA:96,0
DA:99,0
DA:100,0
DA:101,0
DA:104,0
DA:105,0
DA:106,0
DA:109,1
DA:110,1
DA:111,1
DA:114,1044
DA:115,1044
DA:116,1044
DA:119,0
DA:120,0
DA:121,0
DA:122,0
DA:123,0
DA:125,0
DA:126,0
DA:127,0
DA:128,0
DA:129,0
DA:130,0
DA:131,0
DA:132,0
DA:133,0
DA:135,0
DA:138,0
DA:139,0
DA:140,0
DA:141,0
DA:144,0
DA:145,0
DA:146,0
DA:154,0
DA:155,0
DA:156,0
DA:157,0
DA:158,0
DA:159,0
BRF:0
BRH:0
LF:52
LH:15
end_of_record
SF:/Users/smeya/git/darwin-metrics/src/hardware/cpu/cpu_impl.rs
FN:156,_RNvMNtNtNtCs6JXvGULNGKJ_14darwin_metrics8hardware3cpu8cpu_implNtB2_3CPU16fetch_core_usage
FN:192,_RNvMNtNtNtCs6JXvGULNGKJ_14darwin_metrics8hardware3cpu8cpu_implNtB2_3CPU21fetch_cpu_temperature
FN:73,_RNvMNtNtNtCs6JXvGULNGKJ_14darwin_metrics8hardware3cpu8cpu_implNtB2_3CPU3new
FN:102,_RNvMNtNtNtCs6JXvGULNGKJ_14darwin_metrics8hardware3cpu8cpu_implNtB2_3CPU6update
FN:295,_RNCNvMNtNtNtCs6JXvGULNGKJ_14darwin_metrics8hardware3cpu8cpu_implNtB4_3CPU17max_frequency_mhz0Ba_
FN:286,_RNCNvMNtNtNtCs6JXvGULNGKJ_14darwin_metrics8hardware3cpu8cpu_implNtB4_3CPU17min_frequency_mhz0Ba_
FN:305,_RNCNvMNtNtNtCs6JXvGULNGKJ_14darwin_metrics8hardware3cpu8cpu_implNtB4_3CPU21available_frequencies0Ba_
FN:242,_RNvMNtNtNtCs6JXvGULNGKJ_14darwin_metrics8hardware3cpu8cpu_implNtB2_3CPU10core_usage
FN:254,_RNvMNtNtNtCs6JXvGULNGKJ_14darwin_metrics8hardware3cpu8cpu_implNtB2_3CPU10model_name
FN:263,_RNvMNtNtNtCs6JXvGULNGKJ_14darwin_metrics8hardware3cpu8cpu_implNtB2_3CPU11temperature
FN:230,_RNvMNtNtNtCs6JXvGULNGKJ_14darwin_metrics8hardware3cpu8cpu_implNtB2_3CPU13frequency_mhz
FN:218,_RNvMNtNtNtCs6JXvGULNGKJ_14darwin_metrics8hardware3cpu8cpu_implNtB2_3CPU13logical_cores
FN:205,_RNvMNtNtNtCs6JXvGULNGKJ_14darwin_metrics8hardware3cpu8cpu_implNtB2_3CPU14physical_cores
FN:276,_RNvMNtNtNtCs6JXvGULNGKJ_14darwin_metrics8hardware3cpu8cpu_implNtB2_3CPU17frequency_metrics
FN:294,_RNvMNtNtNtCs6JXvGULNGKJ_14darwin_metrics8hardware3cpu8cpu_implNtB2_3CPU17max_frequency_mhz
FN:285,_RNvMNtNtNtCs6JXvGULNGKJ_14darwin_metrics8hardware3cpu8cpu_implNtB2_3CPU17min_frequency_mhz
FN:304,_RNvMNtNtNtCs6JXvGULNGKJ_14darwin_metrics8hardware3cpu8cpu_implNtB2_3CPU21available_frequencies
FN:354,_RNvMNtNtNtNtCs6JXvGULNGKJ_14darwin_metrics8hardware3cpu8cpu_impl5testsNtB4_3CPU13new_with_mock
FN:325,_RNvXs_NtNtNtCs6JXvGULNGKJ_14darwin_metrics8hardware3cpu8cpu_implNtB4_3CPUNtB6_10CpuMetrics13get_cpu_usage
FN:343,_RNvXs_NtNtNtCs6JXvGULNGKJ_14darwin_metrics8hardware3cpu8cpu_implNtB4_3CPUNtB6_10CpuMetrics17get_cpu_frequency
FN:334,_RNvXs_NtNtNtCs6JXvGULNGKJ_14darwin_metrics8hardware3cpu8cpu_implNtB4_3CPUNtB6_10CpuMetrics19get_cpu_temperature
FN:394,_RNvNtNtNtNtCs6JXvGULNGKJ_14darwin_metrics8hardware3cpu8cpu_impl5testss_14test_cpu_usage
FN:407,_RNvNtNtNtNtCs6JXvGULNGKJ_14darwin_metrics8hardware3cpu8cpu_impl5testss_22test_cpu_metrics_trait
FN:419,_RNvNtNtNtNtCs6JXvGULNGKJ_14darwin_metrics8hardware3cpu8cpu_impl5testss_22test_frequency_metrics
FN:382,_RNvNtNtNtNtCs6JXvGULNGKJ_14darwin_metrics8hardware3cpu8cpu_impl5testss_23test_cpu_initialization
FN:295,_RNCNvMNtNtNtCsaakIWYUxKbY_14darwin_metrics8hardware3cpu8cpu_implNtB4_3CPU17max_frequency_mhz0Ba_
FN:286,_RNCNvMNtNtNtCsaakIWYUxKbY_14darwin_metrics8hardware3cpu8cpu_implNtB4_3CPU17min_frequency_mhz0Ba_
FN:305,_RNCNvMNtNtNtCsaakIWYUxKbY_14darwin_metrics8hardware3cpu8cpu_implNtB4_3CPU21available_frequencies0Ba_
FN:242,_RNvMNtNtNtCsaakIWYUxKbY_14darwin_metrics8hardware3cpu8cpu_implNtB2_3CPU10core_usage
FN:254,_RNvMNtNtNtCsaakIWYUxKbY_14darwin_metrics8hardware3cpu8cpu_implNtB2_3CPU10model_name
FN:263,_RNvMNtNtNtCsaakIWYUxKbY_14darwin_metrics8hardware3cpu8cpu_implNtB2_3CPU11temperature
FN:230,_RNvMNtNtNtCsaakIWYUxKbY_14darwin_metrics8hardware3cpu8cpu_implNtB2_3CPU13frequency_mhz
FN:218,_RNvMNtNtNtCsaakIWYUxKbY_14darwin_metrics8hardware3cpu8cpu_implNtB2_3CPU13logical_cores
FN:205,_RNvMNtNtNtCsaakIWYUxKbY_14darwin_metrics8hardware3cpu8cpu_implNtB2_3CPU14physical_cores
FN:156,_RNvMNtNtNtCsaakIWYUxKbY_14darwin_metrics8hardware3cpu8cpu_implNtB2_3CPU16fetch_core_usage
FN:276,_RNvMNtNtNtCsaakIWYUxKbY_14darwin_metrics8hardware3cpu8cpu_implNtB2_3CPU17frequency_metrics
FN:294,_RNvMNtNtNtCsaakIWYUxKbY_14darwin_metrics8hardware3cpu8cpu_implNtB2_3CPU17max_frequency_mhz
FN:285,_RNvMNtNtNtCsaakIWYUxKbY_14darwin_metrics8hardware3cpu8cpu_implNtB2_3CPU17min_frequency_mhz
FN:304,_RNvMNtNtNtCsaakIWYUxKbY_14darwin_metrics8hardware3cpu8cpu_implNtB2_3CPU21available_frequencies
FN:192,_RNvMNtNtNtCsaakIWYUxKbY_14darwin_metrics8hardware3cpu8cpu_implNtB2_3CPU21fetch_cpu_temperature
FN:73,_RNvMNtNtNtCsaakIWYUxKbY_14darwin_metrics8hardware3cpu8cpu_implNtB2_3CPU3new
FN:102,_RNvMNtNtNtCsaakIWYUxKbY_14darwin_metrics8hardware3cpu8cpu_implNtB2_3CPU6update
FN:325,_RNvXs_NtNtNtCsaakIWYUxKbY_14darwin_metrics8hardware3cpu8cpu_implNtB4_3CPUNtB6_10CpuMetrics13get_cpu_usage
FN:343,_RNvXs_NtNtNtCsaakIWYUxKbY_14darwin_metrics8hardware3cpu8cpu_implNtB4_3CPUNtB6_10CpuMetrics17get_cpu_frequency
FN:334,_RNvXs_NtNtNtCsaakIWYUxKbY_14darwin_metrics8hardware3cpu8cpu_implNtB4_3CPUNtB6_10CpuMetrics19get_cpu_temperature
FNDA:0,_RNvMNtNtNtCs6JXvGULNGKJ_14darwin_metrics8hardware3cpu8cpu_implNtB2_3CPU16fetch_core_usage
FNDA:0,_RNvMNtNtNtCs6JXvGULNGKJ_14darwin_metrics8hardware3cpu8cpu_implNtB2_3CPU21fetch_cpu_temperature
FNDA:0,_RNvMNtNtNtCs6JXvGULNGKJ_14darwin_metrics8hardware3cpu8cpu_implNtB2_3CPU3new
FNDA:0,_RNvMNtNtNtCs6JXvGULNGKJ_14darwin_metrics8hardware3cpu8cpu_implNtB2_3CPU6update
FNDA:1,_RNCNvMNtNtNtCs6JXvGULNGKJ_14darwin_metrics8hardware3cpu8cpu_implNtB4_3CPU17max_frequency_mhz0Ba_
FNDA:1,_RNCNvMNtNtNtCs6JXvGULNGKJ_14darwin_metrics8hardware3cpu8cpu_implNtB4_3CPU17min_frequency_mhz0Ba_
FNDA:1,_RNCNvMNtNtNtCs6JXvGULNGKJ_14darwin_metrics8hardware3cpu8cpu_implNtB4_3CPU21available_frequencies0Ba_
FNDA:2,_RNvMNtNtNtCs6JXvGULNGKJ_14darwin_metrics8hardware3cpu8cpu_implNtB2_3CPU10core_usage
FNDA:1,_RNvMNtNtNtCs6JXvGULNGKJ_14darwin_metrics8hardware3cpu8cpu_implNtB2_3CPU10model_name
FNDA:1,_RNvMNtNtNtCs6JXvGULNGKJ_14darwin_metrics8hardware3cpu8cpu_implNtB2_3CPU11temperature
FNDA:2,_RNvMNtNtNtCs6JXvGULNGKJ_14darwin_metrics8hardware3cpu8cpu_implNtB2_3CPU13frequency_mhz
FNDA:1,_RNvMNtNtNtCs6JXvGULNGKJ_14darwin_metrics8hardware3cpu8cpu_implNtB2_3CPU13logical_cores
FNDA:1,_RNvMNtNtNtCs6JXvGULNGKJ_14darwin_metrics8hardware3cpu8cpu_implNtB2_3CPU14physical_cores
FNDA:1,_RNvMNtNtNtCs6JXvGULNGKJ_14darwin_metrics8hardware3cpu8cpu_implNtB2_3CPU17frequency_metrics
FNDA:1,_RNvMNtNtNtCs6JXvGULNGKJ_14darwin_metrics8hardware3cpu8cpu_implNtB2_3CPU17max_frequency_mhz
FNDA:1,_RNvMNtNtNtCs6JXvGULNGKJ_14darwin_metrics8hardware3cpu8cpu_implNtB2_3CPU17min_frequency_mhz
FNDA:1,_RNvMNtNtNtCs6JXvGULNGKJ_14darwin_metrics8hardware3cpu8cpu_implNtB2_3CPU21available_frequencies
FNDA:4,_RNvMNtNtNtNtCs6JXvGULNGKJ_14darwin_metrics8hardware3cpu8cpu_impl5testsNtB4_3CPU13new_with_mock
FNDA:3,_RNvXs_NtNtNtCs6JXvGULNGKJ_14darwin_metrics8hardware3cpu8cpu_implNtB4_3CPUNtB6_10CpuMetrics13get_cpu_usage
FNDA:1,_RNvXs_NtNtNtCs6JXvGULNGKJ_14darwin_metrics8hardware3cpu8cpu_implNtB4_3CPUNtB6_10CpuMetrics17get_cpu_frequency
FNDA:1,_RNvXs_NtNtNtCs6JXvGULNGKJ_14darwin_metrics8hardware3cpu8cpu_implNtB4_3CPUNtB6_10CpuMetrics19get_cpu_temperature
FNDA:1,_RNvNtNtNtNtCs6JXvGULNGKJ_14darwin_metrics8hardware3cpu8cpu_impl5testss_14test_cpu_usage
FNDA:1,_RNvNtNtNtNtCs6JXvGULNGKJ_14darwin_metrics8hardware3cpu8cpu_impl5testss_22test_cpu_metrics_trait
FNDA:1,_RNvNtNtNtNtCs6JXvGULNGKJ_14darwin_metrics8hardware3cpu8cpu_impl5testss_22test_frequency_metrics
FNDA:1,_RNvNtNtNtNtCs6JXvGULNGKJ_14darwin_metrics8hardware3cpu8cpu_impl5testss_23test_cpu_initialization
FNDA:0,_RNCNvMNtNtNtCsaakIWYUxKbY_14darwin_metrics8hardware3cpu8cpu_implNtB4_3CPU17max_frequency_mhz0Ba_
FNDA:0,_RNCNvMNtNtNtCsaakIWYUxKbY_14darwin_metrics8hardware3cpu8cpu_implNtB4_3CPU17min_frequency_mhz0Ba_
FNDA:0,_RNCNvMNtNtNtCsaakIWYUxKbY_14darwin_metrics8hardware3cpu8cpu_implNtB4_3CPU21available_frequencies0Ba_
FNDA:0,_RNvMNtNtNtCsaakIWYUxKbY_14darwin_metrics8hardware3cpu8cpu_implNtB2_3CPU10core_usage
FNDA:0,_RNvMNtNtNtCsaakIWYUxKbY_14darwin_metrics8hardware3cpu8cpu_implNtB2_3CPU10model_name
FNDA:0,_RNvMNtNtNtCsaakIWYUxKbY_14darwin_metrics8hardware3cpu8cpu_implNtB2_3CPU11temperature
FNDA:0,_RNvMNtNtNtCsaakIWYUxKbY_14darwin_metrics8hardware3cpu8cpu_implNtB2_3CPU13frequency_mhz
FNDA:0,_RNvMNtNtNtCsaakIWYUxKbY_14darwin_metrics8hardware3cpu8cpu_implNtB2_3CPU13logical_cores
FNDA:0,_RNvMNtNtNtCsaakIWYUxKbY_14darwin_metrics8hardware3cpu8cpu_implNtB2_3CPU14physical_cores
FNDA:0,_RNvMNtNtNtCsaakIWYUxKbY_14darwin_metrics8hardware3cpu8cpu_implNtB2_3CPU16fetch_core_usage
FNDA:0,_RNvMNtNtNtCsaakIWYUxKbY_14darwin_metrics8hardware3cpu8cpu_implNtB2_3CPU17frequency_metrics
FNDA:0,_RNvMNtNtNtCsaakIWYUxKbY_14darwin_metrics8hardware3cpu8cpu_implNtB2_3CPU17max_frequency_mhz
FNDA:0,_RNvMNtNtNtCsaakIWYUxKbY_14darwin_metrics8hardware3cpu8cpu_implNtB2_3CPU17min_frequency_mhz
FNDA:0,_RNvMNtNtNtCsaakIWYUxKbY_14darwin_metrics8hardware3cpu8cpu_implNtB2_3CPU21available_frequencies
FNDA:0,_RNvMNtNtNtCsaakIWYUxKbY_14darwin_metrics8hardware3cpu8cpu_implNtB2_3CPU21fetch_cpu_temperature
FNDA:0,_RNvMNtNtNtCsaakIWYUxKbY_14darwin_metrics8hardware3cpu8cpu_implNtB2_3CPU3new
FNDA:0,_RNvMNtNtNtCsaakIWYUxKbY_14darwin_metrics8hardware3cpu8cpu_implNtB2_3CPU6update
FNDA:0,_RNvXs_NtNtNtCsaakIWYUxKbY_14darwin_metrics8hardware3cpu8cpu_implNtB4_3CPUNtB6_10CpuMetrics13get_cpu_usage
FNDA:0,_RNvXs_NtNtNtCsaakIWYUxKbY_14darwin_metrics8hardware3cpu8cpu_implNtB4_3CPUNtB6_10CpuMetrics17get_cpu_frequency
FNDA:0,_RNvXs_NtNtNtCsaakIWYUxKbY_14darwin_metrics8hardware3cpu8cpu_implNtB4_3CPUNtB6_10CpuMetrics19get_cpu_temperature
FNF:25
FNH:21
DA:73,0
DA:74,0
DA:75,0
DA:76,0
DA:77,0
DA:78,0
DA:79,0
DA:80,0
DA:81,0
DA:82,0
DA:83,0
DA:84,0
DA:85,0
DA:86,0
DA:87,0
DA:102,0
DA:103,0
DA:108,0
DA:109,0
DA:110,0
DA:111,0
DA:112,0
DA:113,0
DA:114,0
DA:115,0
DA:116,0
DA:117,0
DA:118,0
DA:119,0
DA:120,0
DA:121,0
DA:122,0
DA:123,0
DA:126,0
DA:131,0
DA:132,0
DA:133,0
DA:134,0
DA:135,0
DA:136,0
DA:137,0
DA:138,0
DA:156,0
DA:157,0
DA:158,0
DA:159,0
DA:160,0
DA:161,0
DA:162,0
DA:163,0
DA:164,0
DA:165,0
DA:166,0
DA:167,0
DA:168,0
DA:169,0
DA:170,0
DA:171,0
DA:172,0
DA:173,0
DA:174,0
DA:175,0
DA:176,0
DA:177,0
DA:178,0
DA:180,0
DA:181,0
DA:192,0
DA:193,0
DA:194,0
DA:205,1
DA:206,1
DA:207,1
DA:218,1
DA:219,1
DA:220,1
DA:230,2
DA:231,2
DA:232,2
DA:242,2
DA:243,2
DA:244,2
DA:254,1
DA:255,1
DA:256,1
DA:263,1
DA:264,1
DA:265,1
DA:276,1
DA:277,1
DA:278,1
DA:285,1
DA:286,1
DA:287,1
DA:294,1
DA:295,1
DA:296,1
DA:304,1
DA:305,1
DA:306,1
DA:325,3
DA:326,3
DA:327,3
DA:334,1
DA:335,1
DA:336,1
DA:343,1
DA:344,1
DA:345,1
DA:354,4
DA:355,4
DA:356,4
DA:357,4
DA:358,4
DA:359,4
DA:360,4
DA:361,4
DA:362,4
DA:363,4
DA:364,4
DA:365,4
DA:366,4
DA:367,4
DA:368,4
DA:369,4
DA:370,4
DA:371,4
DA:372,4
DA:373,4
DA:374,4
DA:375,4
DA:376,4
DA:377,4
DA:378,4
DA:382,1
DA:383,1
DA:384,1
DA:385,1
DA:386,1
DA:387,1
DA:388,1
DA:389,1
DA:390,1
DA:391,1
DA:394,1
DA:395,1
DA:396,1
DA:397,1
DA:398,1
DA:402,1
DA:403,1
DA:404,1
DA:407,1
DA:408,1
DA:409,1
DA:410,1
DA:411,1
DA:412,1
DA:415,1
DA:416,1
DA:419,1
DA:420,1
DA:421,1
DA:422,1
DA:423,1
DA:424,1
DA:425,1
DA:428,1
DA:429,1
DA:430,1
DA:431,1
DA:434,1
DA:435,1
DA:436,1
DA:437,1
DA:438,1
DA:439,1
BRF:0
BRH:0
LF:180
LH:110
end_of_record
SF:/Users/smeya/git/darwin-metrics/src/hardware/cpu/frequency.rs
FN:89,_RNvMs_NtNtNtCs6JXvGULNGKJ_14darwin_metrics8hardware3cpu9frequencyNtB4_16FrequencyMonitor3new
FN:187,_RNvNtNtNtCs6JXvGULNGKJ_14darwin_metrics8hardware3cpu9frequency22fetch_sysctl_frequency
FN:160,_RNCNvNtNtNtCs6JXvGULNGKJ_14darwin_metrics8hardware3cpu9frequency30fetch_sysctl_frequency_by_name0B9_
FN:106,_RNvMs_NtNtNtCs6JXvGULNGKJ_14darwin_metrics8hardware3cpu9frequencyNtB4_16FrequencyMonitor11get_metrics
FN:129,_RNvNtNtNtCs6JXvGULNGKJ_14darwin_metrics8hardware3cpu9frequency17retrieve_cpu_info
FN:119,_RNvNtNtNtCs6JXvGULNGKJ_14darwin_metrics8hardware3cpu9frequency21fetch_cpu_frequencies
FN:156,_RNvNtNtNtCs6JXvGULNGKJ_14darwin_metrics8hardware3cpu9frequency30fetch_sysctl_frequency_by_name
FN:78,_RNvXNtNtNtCs6JXvGULNGKJ_14darwin_metrics8hardware3cpu9frequencyNtB2_16FrequencyMonitorNtNtCs4P3ALgZxGbJ_4core7default7Default7default
FN:210,_RNvNtNtNtNtCs6JXvGULNGKJ_14darwin_metrics8hardware3cpu9frequency5testss_22test_frequency_metrics
FN:225,_RNvNtNtNtNtCs6JXvGULNGKJ_14darwin_metrics8hardware3cpu9frequency5testss_26test_frequency_monitor_new
FN:234,_RNvNtNtNtNtCs6JXvGULNGKJ_14darwin_metrics8hardware3cpu9frequency5testss_27test_fetch_sysctl_frequency
FN:187,_RNvNtNtNtCsaakIWYUxKbY_14darwin_metrics8hardware3cpu9frequency22fetch_sysctl_frequency
FN:160,_RNCNvNtNtNtCsaakIWYUxKbY_14darwin_metrics8hardware3cpu9frequency30fetch_sysctl_frequency_by_name0B9_
FN:106,_RNvMs_NtNtNtCsaakIWYUxKbY_14darwin_metrics8hardware3cpu9frequencyNtB4_16FrequencyMonitor11get_metrics
FN:89,_RNvMs_NtNtNtCsaakIWYUxKbY_14darwin_metrics8hardware3cpu9frequencyNtB4_16FrequencyMonitor3new
FN:129,_RNvNtNtNtCsaakIWYUxKbY_14darwin_metrics8hardware3cpu9frequency17retrieve_cpu_info
FN:119,_RNvNtNtNtCsaakIWYUxKbY_14darwin_metrics8hardware3cpu9frequency21fetch_cpu_frequencies
FN:156,_RNvNtNtNtCsaakIWYUxKbY_14darwin_metrics8hardware3cpu9frequency30fetch_sysctl_frequency_by_name
FN:78,_RNvXNtNtNtCsaakIWYUxKbY_14darwin_metrics8hardware3cpu9frequencyNtB2_16FrequencyMonitorNtNtCs4P3ALgZxGbJ_4core7default7Default7default
FNDA:5,_RNvMs_NtNtNtCs6JXvGULNGKJ_14darwin_metrics8hardware3cpu9frequencyNtB4_16FrequencyMonitor3new
FNDA:1,_RNvNtNtNtCs6JXvGULNGKJ_14darwin_metrics8hardware3cpu9frequency22fetch_sysctl_frequency
FNDA:0,_RNCNvNtNtNtCs6JXvGULNGKJ_14darwin_metrics8hardware3cpu9frequency30fetch_sysctl_frequency_by_name0B9_
FNDA:0,_RNvMs_NtNtNtCs6JXvGULNGKJ_14darwin_metrics8hardware3cpu9frequencyNtB4_16FrequencyMonitor11get_metrics
FNDA:0,_RNvNtNtNtCs6JXvGULNGKJ_14darwin_metrics8hardware3cpu9frequency17retrieve_cpu_info
FNDA:0,_RNvNtNtNtCs6JXvGULNGKJ_14darwin_metrics8hardware3cpu9frequency21fetch_cpu_frequencies
FNDA:0,_RNvNtNtNtCs6JXvGULNGKJ_14darwin_metrics8hardware3cpu9frequency30fetch_sysctl_frequency_by_name
FNDA:0,_RNvXNtNtNtCs6JXvGULNGKJ_14darwin_metrics8hardware3cpu9frequencyNtB2_16FrequencyMonitorNtNtCs4P3ALgZxGbJ_4core7default7Default7default
FNDA:1,_RNvNtNtNtNtCs6JXvGULNGKJ_14darwin_metrics8hardware3cpu9frequency5testss_22test_frequency_metrics
FNDA:1,_RNvNtNtNtNtCs6JXvGULNGKJ_14darwin_metrics8hardware3cpu9frequency5testss_26test_frequency_monitor_new
FNDA:1,_RNvNtNtNtNtCs6JXvGULNGKJ_14darwin_metrics8hardware3cpu9frequency5testss_27test_fetch_sysctl_frequency
FNDA:0,_RNvNtNtNtCsaakIWYUxKbY_14darwin_metrics8hardware3cpu9frequency22fetch_sysctl_frequency
FNDA:0,_RNCNvNtNtNtCsaakIWYUxKbY_14darwin_metrics8hardware3cpu9frequency30fetch_sysctl_frequency_by_name0B9_
FNDA:0,_RNvMs_NtNtNtCsaakIWYUxKbY_14darwin_metrics8hardware3cpu9frequencyNtB4_16FrequencyMonitor11get_metrics
FNDA:0,_RNvMs_NtNtNtCsaakIWYUxKbY_14darwin_metrics8hardware3cpu9frequencyNtB4_16FrequencyMonitor3new
FNDA:0,_RNvNtNtNtCsaakIWYUxKbY_14darwin_metrics8hardware3cpu9frequency17retrieve_cpu_info
FNDA:0,_RNvNtNtNtCsaakIWYUxKbY_14darwin_metrics8hardware3cpu9frequency21fetch_cpu_frequencies
FNDA:0,_RNvNtNtNtCsaakIWYUxKbY_14darwin_metrics8hardware3cpu9frequency30fetch_sysctl_frequency_by_name
FNDA:0,_RNvXNtNtNtCsaakIWYUxKbY_14darwin_metrics8hardware3cpu9frequencyNtB2_16FrequencyMonitorNtNtCs4P3ALgZxGbJ_4core7default7Default7default
FNF:11
FNH:5
DA:78,0
DA:79,0
DA:80,0
DA:89,5
DA:90,5
DA:91,5
DA:106,0
DA:107,0
DA:108,0
DA:119,0
DA:120,0
DA:121,0
DA:122,0
DA:123,0
DA:124,0
DA:125,0
DA:126,0
DA:127,0
DA:129,0
DA:135,0
DA:136,0
DA:137,0
DA:141,0
DA:142,0
DA:143,0
DA:144,0
DA:145,0
DA:146,0
DA:147,0
DA:148,0
DA:149,0
DA:150,0
DA:151,0
DA:153,0
DA:154,0
DA:156,0
DA:160,0
DA:161,0
DA:162,0
DA:164,0
DA:165,0
DA:166,0
DA:167,0
DA:168,0
DA:169,0
DA:170,0
DA:171,0
DA:172,0
DA:173,0
DA:174,0
DA:175,0
DA:176,0
DA:177,0
DA:178,0
DA:179,0
DA:180,0
DA:181,0
DA:182,0
DA:183,0
DA:187,1
DA:188,1
DA:189,1
DA:190,1
DA:191,1
DA:192,1
DA:193,1
DA:194,1
DA:195,1
DA:196,1
DA:197,1
DA:198,1
DA:199,1
DA:200,0
DA:201,0
DA:202,0
DA:203,1
DA:210,1
DA:211,1
DA:212,1
DA:213,1
DA:214,1
DA:215,1
DA:216,1
DA:217,1
DA:218,1
DA:219,1
DA:220,1
DA:221,1
DA:222,1
DA:225,1
DA:226,1
DA:227,1
DA:228,1
DA:229,1
DA:234,1
DA:235,1
DA:236,1
DA:237,1
DA:238,1
DA:239,1
DA:240,1
DA:242,1
DA:243,1
DA:244,0
DA:246,1
BRF:0
BRH:0
LF:107
LH:45
end_of_record
SF:/Users/smeya/git/darwin-metrics/src/hardware/gpu/mod.rs
FN:189,_RNvMNtNtCs6JXvGULNGKJ_14darwin_metrics8hardware3gpuNtB2_3Gpu16detect_intel_gpu
FN:513,_RNCNvMNtNtCs6JXvGULNGKJ_14darwin_metrics8hardware3gpuNtB4_3Gpu15get_temperature0B8_
FN:59,_RNCNvMNtNtCs6JXvGULNGKJ_14darwin_metrics8hardware3gpuNtB4_3Gpu3new0B8_
FN:73,_RNCNvMNtNtCs6JXvGULNGKJ_14darwin_metrics8hardware3gpuNtB4_3Gpu4name0B8_
FN:267,_RNCNvMNtNtCs6JXvGULNGKJ_14darwin_metrics8hardware3gpuNtB4_3Gpu7metrics0B8_
FN:748,_RNvMNtNtCs6JXvGULNGKJ_14darwin_metrics8hardware3gpuNtB2_3Gpu13get_cpu_cores
FN:240,_RNvMNtNtCs6JXvGULNGKJ_14darwin_metrics8hardware3gpuNtB2_3Gpu13get_cpu_model
FN:496,_RNvMNtNtCs6JXvGULNGKJ_14darwin_metrics8hardware3gpuNtB2_3Gpu15get_temperature
FN:442,_RNvMNtNtCs6JXvGULNGKJ_14darwin_metrics8hardware3gpuNtB2_3Gpu16get_memory_stats
FN:312,_RNvMNtNtCs6JXvGULNGKJ_14darwin_metrics8hardware3gpuNtB2_3Gpu19get_characteristics
FN:385,_RNvMNtNtCs6JXvGULNGKJ_14darwin_metrics8hardware3gpuNtB2_3Gpu20estimate_memory_info
FN:618,_RNvMNtNtCs6JXvGULNGKJ_14darwin_metrics8hardware3gpuNtB2_3Gpu20estimate_utilization
FN:719,_RNvMNtNtCs6JXvGULNGKJ_14darwin_metrics8hardware3gpuNtB2_3Gpu23get_cpu_usage_component
FN:115,_RNvMNtNtCs6JXvGULNGKJ_14darwin_metrics8hardware3gpuNtB2_3Gpu25detect_apple_silicon_chip
FN:651,_RNvMNtNtCs6JXvGULNGKJ_14darwin_metrics8hardware3gpuNtB2_3Gpu25get_system_load_component
FN:667,_RNvMNtNtCs6JXvGULNGKJ_14darwin_metrics8hardware3gpuNtB2_3Gpu30get_process_activity_component
FN:57,_RNvMNtNtCs6JXvGULNGKJ_14darwin_metrics8hardware3gpuNtB2_3Gpu3new
FN:71,_RNvMNtNtCs6JXvGULNGKJ_14darwin_metrics8hardware3gpuNtB2_3Gpu4name
FN:266,_RNvMNtNtCs6JXvGULNGKJ_14darwin_metrics8hardware3gpuNtB2_3Gpu7metrics
FN:840,_RNvNtNtNtCs6JXvGULNGKJ_14darwin_metrics8hardware3gpu5testss_12test_metrics
FN:805,_RNvNtNtNtCs6JXvGULNGKJ_14darwin_metrics8hardware3gpu5testss_13test_gpu_name
FN:819,_RNvNtNtNtCs6JXvGULNGKJ_14darwin_metrics8hardware3gpu5testss_16test_memory_info
FN:936,_RNvNtNtNtCs6JXvGULNGKJ_14darwin_metrics8hardware3gpu5testss_18test_cpu_detection
FN:798,_RNvNtNtNtCs6JXvGULNGKJ_14darwin_metrics8hardware3gpu5testss_23test_gpu_initialization
FN:859,_RNvNtNtNtCs6JXvGULNGKJ_14darwin_metrics8hardware3gpu5testss_24test_gpu_characteristics
FN:913,_RNvNtNtNtCs6JXvGULNGKJ_14darwin_metrics8hardware3gpu5testss_28test_apple_silicon_detection
FN:974,_RNvNtNtNtCs6JXvGULNGKJ_14darwin_metrics8hardware3gpu5testss_28test_metrics_characteristics
FN:779,_RNCNvXs_NtNtCs6JXvGULNGKJ_14darwin_metrics8hardware3gpuNtB6_3GpuNtNtNtCs4P3ALgZxGbJ_4core3ops4drop4Drop4drop0Ba_
FN:776,_RNvXs_NtNtCs6JXvGULNGKJ_14darwin_metrics8hardware3gpuNtB4_3GpuNtNtNtCs4P3ALgZxGbJ_4core3ops4drop4Drop4drop
FN:240,_RNvMNtNtCsaakIWYUxKbY_14darwin_metrics8hardware3gpuNtB2_3Gpu13get_cpu_model
FN:189,_RNvMNtNtCsaakIWYUxKbY_14darwin_metrics8hardware3gpuNtB2_3Gpu16detect_intel_gpu
FN:513,_RNCNvMNtNtCsaakIWYUxKbY_14darwin_metrics8hardware3gpuNtB4_3Gpu15get_temperature0B8_
FN:59,_RNCNvMNtNtCsaakIWYUxKbY_14darwin_metrics8hardware3gpuNtB4_3Gpu3new0B8_
FN:73,_RNCNvMNtNtCsaakIWYUxKbY_14darwin_metrics8hardware3gpuNtB4_3Gpu4name0B8_
FN:267,_RNCNvMNtNtCsaakIWYUxKbY_14darwin_metrics8hardware3gpuNtB4_3Gpu7metrics0B8_
FN:748,_RNvMNtNtCsaakIWYUxKbY_14darwin_metrics8hardware3gpuNtB2_3Gpu13get_cpu_cores
FN:496,_RNvMNtNtCsaakIWYUxKbY_14darwin_metrics8hardware3gpuNtB2_3Gpu15get_temperature
FN:442,_RNvMNtNtCsaakIWYUxKbY_14darwin_metrics8hardware3gpuNtB2_3Gpu16get_memory_stats
FN:312,_RNvMNtNtCsaakIWYUxKbY_14darwin_metrics8hardware3gpuNtB2_3Gpu19get_characteristics
FN:385,_RNvMNtNtCsaakIWYUxKbY_14darwin_metrics8hardware3gpuNtB2_3Gpu20estimate_memory_info
FN:618,_RNvMNtNtCsaakIWYUxKbY_14darwin_metrics8hardware3gpuNtB2_3Gpu20estimate_utilization
FN:719,_RNvMNtNtCsaakIWYUxKbY_14darwin_metrics8hardware3gpuNtB2_3Gpu23get_cpu_usage_component
FN:115,_RNvMNtNtCsaakIWYUxKbY_14darwin_metrics8hardware3gpuNtB2_3Gpu25detect_apple_silicon_chip
FN:651,_RNvMNtNtCsaakIWYUxKbY_14darwin_metrics8hardware3gpuNtB2_3Gpu25get_system_load_component
FN:667,_RNvMNtNtCsaakIWYUxKbY_14darwin_metrics8hardware3gpuNtB2_3Gpu30get_process_activity_component
FN:57,_RNvMNtNtCsaakIWYUxKbY_14darwin_metrics8hardware3gpuNtB2_3Gpu3new
FN:71,_RNvMNtNtCsaakIWYUxKbY_14darwin_metrics8hardware3gpuNtB2_3Gpu4name
FN:266,_RNvMNtNtCsaakIWYUxKbY_14darwin_metrics8hardware3gpuNtB2_3Gpu7metrics
FN:779,_RNCNvXs_NtNtCsaakIWYUxKbY_14darwin_metrics8hardware3gpuNtB6_3GpuNtNtNtCs4P3ALgZxGbJ_4core3ops4drop4Drop4drop0Ba_
FN:776,_RNvXs_NtNtCsaakIWYUxKbY_14darwin_metrics8hardware3gpuNtB4_3GpuNtNtNtCs4P3ALgZxGbJ_4core3ops4drop4Drop4drop
FNDA:0,_RNvMNtNtCs6JXvGULNGKJ_14darwin_metrics8hardware3gpuNtB2_3Gpu16detect_intel_gpu
FNDA:0,_RNCNvMNtNtCs6JXvGULNGKJ_14darwin_metrics8hardware3gpuNtB4_3Gpu15get_temperature0B8_
FNDA:8,_RNCNvMNtNtCs6JXvGULNGKJ_14darwin_metrics8hardware3gpuNtB4_3Gpu3new0B8_
FNDA:3,_RNCNvMNtNtCs6JXvGULNGKJ_14darwin_metrics8hardware3gpuNtB4_3Gpu4name0B8_
FNDA:2,_RNCNvMNtNtCs6JXvGULNGKJ_14darwin_metrics8hardware3gpuNtB4_3Gpu7metrics0B8_
FNDA:5,_RNvMNtNtCs6JXvGULNGKJ_14darwin_metrics8hardware3gpuNtB2_3Gpu13get_cpu_cores
FNDA:1,_RNvMNtNtCs6JXvGULNGKJ_14darwin_metrics8hardware3gpuNtB2_3Gpu13get_cpu_model
FNDA:2,_RNvMNtNtCs6JXvGULNGKJ_14darwin_metrics8hardware3gpuNtB2_3Gpu15get_temperature
FNDA:3,_RNvMNtNtCs6JXvGULNGKJ_14darwin_metrics8hardware3gpuNtB2_3Gpu16get_memory_stats
FNDA:6,_RNvMNtNtCs6JXvGULNGKJ_14darwin_metrics8hardware3gpuNtB2_3Gpu19get_characteristics
FNDA:3,_RNvMNtNtCs6JXvGULNGKJ_14darwin_metrics8hardware3gpuNtB2_3Gpu20estimate_memory_info
FNDA:5,_RNvMNtNtCs6JXvGULNGKJ_14darwin_metrics8hardware3gpuNtB2_3Gpu20estimate_utilization
FNDA:5,_RNvMNtNtCs6JXvGULNGKJ_14darwin_metrics8hardware3gpuNtB2_3Gpu23get_cpu_usage_component
FNDA:9,_RNvMNtNtCs6JXvGULNGKJ_14darwin_metrics8hardware3gpuNtB2_3Gpu25detect_apple_silicon_chip
FNDA:5,_RNvMNtNtCs6JXvGULNGKJ_14darwin_metrics8hardware3gpuNtB2_3Gpu25get_system_load_component
FNDA:5,_RNvMNtNtCs6JXvGULNGKJ_14darwin_metrics8hardware3gpuNtB2_3Gpu30get_process_activity_component
FNDA:8,_RNvMNtNtCs6JXvGULNGKJ_14darwin_metrics8hardware3gpuNtB2_3Gpu3new
FNDA:3,_RNvMNtNtCs6JXvGULNGKJ_14darwin_metrics8hardware3gpuNtB2_3Gpu4name
FNDA:2,_RNvMNtNtCs6JXvGULNGKJ_14darwin_metrics8hardware3gpuNtB2_3Gpu7metrics
FNDA:1,_RNvNtNtNtCs6JXvGULNGKJ_14darwin_metrics8hardware3gpu5testss_12test_metrics
FNDA:1,_RNvNtNtNtCs6JXvGULNGKJ_14darwin_metrics8hardware3gpu5testss_13test_gpu_name
FNDA:1,_RNvNtNtNtCs6JXvGULNGKJ_14darwin_metrics8hardware3gpu5testss_16test_memory_info
FNDA:1,_RNvNtNtNtCs6JXvGULNGKJ_14darwin_metrics8hardware3gpu5testss_18test_cpu_detection
FNDA:1,_RNvNtNtNtCs6JXvGULNGKJ_14darwin_metrics8hardware3gpu5testss_23test_gpu_initialization
FNDA:1,_RNvNtNtNtCs6JXvGULNGKJ_14darwin_metrics8hardware3gpu5testss_24test_gpu_characteristics
FNDA:1,_RNvNtNtNtCs6JXvGULNGKJ_14darwin_metrics8hardware3gpu5testss_28test_apple_silicon_detection
FNDA:1,_RNvNtNtNtCs6JXvGULNGKJ_14darwin_metrics8hardware3gpu5testss_28test_metrics_characteristics
FNDA:8,_RNCNvXs_NtNtCs6JXvGULNGKJ_14darwin_metrics8hardware3gpuNtB6_3GpuNtNtNtCs4P3ALgZxGbJ_4core3ops4drop4Drop4drop0Ba_
FNDA:8,_RNvXs_NtNtCs6JXvGULNGKJ_14darwin_metrics8hardware3gpuNtB4_3GpuNtNtNtCs4P3ALgZxGbJ_4core3ops4drop4Drop4drop
FNDA:0,_RNvMNtNtCsaakIWYUxKbY_14darwin_metrics8hardware3gpuNtB2_3Gpu13get_cpu_model
FNDA:0,_RNvMNtNtCsaakIWYUxKbY_14darwin_metrics8hardware3gpuNtB2_3Gpu16detect_intel_gpu
FNDA:0,_RNCNvMNtNtCsaakIWYUxKbY_14darwin_metrics8hardware3gpuNtB4_3Gpu15get_temperature0B8_
FNDA:0,_RNCNvMNtNtCsaakIWYUxKbY_14darwin_metrics8hardware3gpuNtB4_3Gpu3new0B8_
FNDA:0,_RNCNvMNtNtCsaakIWYUxKbY_14darwin_metrics8hardware3gpuNtB4_3Gpu4name0B8_
FNDA:0,_RNCNvMNtNtCsaakIWYUxKbY_14darwin_metrics8hardware3gpuNtB4_3Gpu7metrics0B8_
FNDA:0,_RNvMNtNtCsaakIWYUxKbY_14darwin_metrics8hardware3gpuNtB2_3Gpu13get_cpu_cores
FNDA:0,_RNvMNtNtCsaakIWYUxKbY_14darwin_metrics8hardware3gpuNtB2_3Gpu15get_temperature
FNDA:0,_RNvMNtNtCsaakIWYUxKbY_14darwin_metrics8hardware3gpuNtB2_3Gpu16get_memory_stats
FNDA:0,_RNvMNtNtCsaakIWYUxKbY_14darwin_metrics8hardware3gpuNtB2_3Gpu19get_characteristics
FNDA:0,_RNvMNtNtCsaakIWYUxKbY_14darwin_metrics8hardware3gpuNtB2_3Gpu20estimate_memory_info
FNDA:0,_RNvMNtNtCsaakIWYUxKbY_14darwin_metrics8hardware3gpuNtB2_3Gpu20estimate_utilization
FNDA:0,_RNvMNtNtCsaakIWYUxKbY_14darwin_metrics8hardware3gpuNtB2_3Gpu23get_cpu_usage_component
FNDA:0,_RNvMNtNtCsaakIWYUxKbY_14darwin_metrics8hardware3gpuNtB2_3Gpu25detect_apple_silicon_chip
FNDA:0,_RNvMNtNtCsaakIWYUxKbY_14darwin_metrics8hardware3gpuNtB2_3Gpu25get_system_load_component
FNDA:0,_RNvMNtNtCsaakIWYUxKbY_14darwin_metrics8hardware3gpuNtB2_3Gpu30get_process_activity_component
FNDA:0,_RNvMNtNtCsaakIWYUxKbY_14darwin_metrics8hardware3gpuNtB2_3Gpu3new
FNDA:0,_RNvMNtNtCsaakIWYUxKbY_14darwin_metrics8hardware3gpuNtB2_3Gpu4name
FNDA:0,_RNvMNtNtCsaakIWYUxKbY_14darwin_metrics8hardware3gpuNtB2_3Gpu7metrics
FNDA:0,_RNCNvXs_NtNtCsaakIWYUxKbY_14darwin_metrics8hardware3gpuNtB6_3GpuNtNtNtCs4P3ALgZxGbJ_4core3ops4drop4Drop4drop0Ba_
FNDA:0,_RNvXs_NtNtCsaakIWYUxKbY_14darwin_metrics8hardware3gpuNtB4_3GpuNtNtNtCs4P3ALgZxGbJ_4core3ops4drop4Drop4drop
FNF:29
FNH:27
DA:57,8
DA:58,8
DA:59,8
DA:60,8
DA:61,8
DA:62,0
DA:64,8
DA:66,8
DA:67,8
DA:68,8
DA:69,8
DA:71,3
DA:72,3
DA:73,3
DA:75,3
DA:77,3
DA:78,3
DA:79,3
DA:80,3
DA:81,3
DA:82,3
DA:83,3
DA:84,3
DA:85,3
DA:86,3
DA:87,3
DA:88,0
DA:89,0
DA:90,0
DA:92,0
DA:95,0
DA:97,0
DA:98,0
DA:99,0
DA:100,0
DA:101,0
DA:102,0
DA:103,0
DA:106,0
DA:107,0
DA:108,0
DA:109,0
DA:110,0
DA:111,3
DA:112,3
DA:115,9
DA:116,9
DA:117,9
DA:118,9
DA:119,9
DA:120,9
DA:122,9
DA:123,9
DA:124,9
DA:125,9
DA:126,9
DA:127,9
DA:128,9
DA:129,9
DA:130,9
DA:131,0
DA:132,9
DA:133,9
DA:134,9
DA:135,9
DA:136,9
DA:137,9
DA:138,9
DA:139,9
DA:140,9
DA:141,9
DA:142,9
DA:143,9
DA:144,9
DA:145,9
DA:146,9
DA:147,0
DA:148,0
DA:149,0
DA:150,0
DA:152,0
DA:156,9
DA:157,9
DA:158,0
DA:159,9
DA:160,0
DA:161,9
DA:162,0
DA:164,9
DA:168,0
DA:169,0
DA:170,0
DA:172,0
DA:173,0
DA:174,0
DA:175,0
DA:176,0
DA:177,0
DA:179,0
DA:181,0
DA:182,0
DA:183,0
DA:184,0
DA:186,9
DA:189,0
DA:198,0
DA:199,0
DA:200,0
DA:201,0
DA:202,0
DA:203,0
DA:204,0
DA:205,0
DA:206,0
DA:207,0
DA:208,0
DA:209,0
DA:210,0
DA:211,0
DA:212,0
DA:213,0
DA:214,0
DA:215,0
DA:216,0
DA:217,0
DA:225,0
DA:226,0
DA:227,0
DA:228,0
DA:229,0
DA:231,0
DA:233,0
DA:234,0
DA:235,0
DA:237,0
DA:240,1
DA:241,1
DA:242,1
DA:243,1
DA:244,1
DA:246,1
DA:247,1
DA:248,1
DA:249,1
DA:250,1
DA:251,1
DA:252,1
DA:253,1
DA:254,1
DA:255,0
DA:256,1
DA:257,1
DA:258,1
DA:259,1
DA:260,1
DA:261,1
DA:262,1
DA:264,1
DA:266,2
DA:267,2
DA:269,2
DA:270,2
DA:271,2
DA:272,0
DA:275,2
DA:276,2
DA:280,2
DA:281,2
DA:282,2
DA:283,2
DA:284,2
DA:287,2
DA:288,2
DA:292,2
DA:294,2
DA:295,0
DA:297,0
DA:300,0
DA:302,2
DA:303,0
DA:304,0
DA:305,0
DA:307,2
DA:308,2
DA:309,2
DA:312,6
DA:313,6
DA:314,6
DA:315,6
DA:316,6
DA:317,6
DA:318,6
DA:319,6
DA:320,6
DA:323,6
DA:326,6
DA:329,6
DA:330,0
DA:331,0
DA:332,6
DA:333,0
DA:334,0
DA:335,6
DA:336,0
DA:337,0
DA:338,6
DA:339,0
DA:340,0
DA:341,6
DA:342,0
DA:343,0
DA:344,6
DA:345,0
DA:346,0
DA:347,6
DA:348,6
DA:349,6
DA:350,6
DA:351,0
DA:352,0
DA:353,0
DA:354,0
DA:355,0
DA:356,0
DA:357,0
DA:358,0
DA:359,0
DA:360,0
DA:361,0
DA:362,0
DA:363,0
DA:366,0
DA:368,0
DA:369,0
DA:370,0
DA:371,0
DA:374,0
DA:375,0
DA:376,0
DA:377,0
DA:378,0
DA:381,6
DA:382,6
DA:385,3
DA:387,3
DA:390,3
DA:394,3
DA:397,3
DA:398,3
DA:399,3
DA:400,0
DA:403,3
DA:404,0
DA:407,0
DA:411,0
DA:420,3
DA:423,3
DA:424,3
DA:425,3
DA:426,3
DA:427,3
DA:428,3
DA:429,3
DA:430,3
DA:431,3
DA:432,3
DA:433,3
DA:434,3
DA:435,3
DA:436,3
DA:437,3
DA:438,3
DA:439,3
DA:442,3
DA:443,3
DA:444,3
DA:445,3
DA:446,3
DA:447,3
DA:448,3
DA:449,3
DA:450,3
DA:451,3
DA:452,3
DA:453,3
DA:454,3
DA:455,3
DA:456,3
DA:457,3
DA:458,3
DA:459,3
DA:460,0
DA:461,0
DA:462,3
DA:468,3
DA:469,3
DA:470,3
DA:471,3
DA:472,3
DA:473,3
DA:474,3
DA:475,3
DA:476,3
DA:477,3
DA:478,3
DA:479,3
DA:480,3
DA:483,3
DA:486,0
DA:488,3
DA:491,3
DA:492,3
DA:493,3
DA:496,2
DA:512,2
DA:513,2
DA:514,2
DA:515,2
DA:516,0
DA:517,2
DA:518,2
DA:519,2
DA:520,2
DA:521,0
DA:522,2
DA:523,2
DA:524,2
DA:525,2
DA:526,2
DA:527,2
DA:528,2
DA:529,2
DA:530,2
DA:531,0
DA:532,0
DA:533,0
DA:534,0
DA:535,0
DA:536,0
DA:537,0
DA:538,0
DA:539,0
DA:540,0
DA:541,0
DA:542,0
DA:543,0
DA:544,0
DA:545,0
DA:546,0
DA:547,0
DA:548,0
DA:549,0
DA:550,0
DA:551,0
DA:552,0
DA:553,0
DA:554,0
DA:555,0
DA:556,0
DA:557,0
DA:558,0
DA:559,0
DA:560,0
DA:561,0
DA:562,0
DA:563,0
DA:564,0
DA:565,0
DA:566,0
DA:567,0
DA:568,0
DA:569,0
DA:570,0
DA:571,0
DA:572,0
DA:573,0
DA:574,0
DA:575,0
DA:576,0
DA:577,0
DA:578,0
DA:579,0
DA:580,0
DA:581,0
DA:582,0
DA:583,0
DA:584,0
DA:585,0
DA:586,0
DA:587,0
DA:588,0
DA:589,0
DA:590,0
DA:591,0
DA:592,0
DA:593,0
DA:594,0
DA:595,0
DA:596,0
DA:597,0
DA:598,0
DA:599,0
DA:600,0
DA:601,0
DA:602,0
DA:603,0
DA:604,0
DA:607,0
DA:608,0
DA:609,0
DA:611,0
DA:615,2
DA:618,5
DA:619,5
DA:620,5
DA:621,5
DA:622,5
DA:623,5
DA:624,5
DA:625,5
DA:626,5
DA:627,5
DA:628,5
DA:629,5
DA:630,5
DA:631,5
DA:632,5
DA:633,5
DA:634,5
DA:635,5
DA:636,5
DA:640,5
DA:641,5
DA:642,5
DA:643,5
DA:644,5
DA:645,5
DA:646,5
DA:647,5
DA:648,5
DA:651,5
DA:655,5
DA:656,5
DA:657,0
DA:658,5
DA:659,5
DA:660,5
DA:661,5
DA:662,5
DA:664,5
DA:667,5
DA:670,5
DA:672,5
DA:676,25000
DA:677,24995
DA:678,24995
DA:679,24995
DA:680,24995
DA:681,24995
DA:682,24995
DA:683,24995
DA:684,24995
DA:685,24995
DA:686,24995
DA:687,0
DA:688,24995
DA:691,24995
DA:692,0
DA:693,24995
DA:697,5
DA:698,5
DA:699,5
DA:700,5
DA:701,5
DA:703,0
DA:709,5
DA:713,5
DA:715,5
DA:716,5
DA:719,5
DA:720,5
DA:721,5
DA:722,5
DA:723,5
DA:724,5
DA:725,5
DA:726,5
DA:727,5
DA:728,5
DA:729,5
DA:730,0
DA:731,5
DA:732,5
DA:733,5
DA:734,5
DA:735,5
DA:736,5
DA:737,5
DA:738,5
DA:739,5
DA:740,5
DA:741,5
DA:742,5
DA:743,5
DA:745,5
DA:748,5
DA:749,5
DA:750,5
DA:751,5
DA:752,5
DA:753,5
DA:754,5
DA:755,5
DA:756,5
DA:757,5
DA:758,5
DA:759,5
DA:760,5
DA:761,5
DA:762,5
DA:763,5
DA:764,5
DA:766,0
DA:768,5
DA:771,5
DA:776,8
DA:777,8
DA:778,8
DA:779,8
DA:780,8
DA:781,8
DA:782,8
DA:783,8
DA:784,8
DA:785,8
DA:786,0
DA:787,8
DA:798,1
DA:799,1
DA:800,1
DA:801,1
DA:802,1
DA:805,1
DA:806,1
DA:807,1
DA:808,1
DA:809,1
DA:810,1
DA:811,1
DA:812,1
DA:815,1
DA:816,1
DA:819,1
DA:820,1
DA:821,1
DA:822,1
DA:823,1
DA:824,1
DA:825,1
DA:826,1
DA:827,1
DA:828,1
DA:829,1
DA:830,1
DA:831,1
DA:832,0
DA:836,1
DA:837,1
DA:840,1
DA:841,1
DA:842,1
DA:843,1
DA:844,1
DA:845,1
DA:846,1
DA:847,1
DA:848,1
DA:849,1
DA:850,1
DA:851,0
DA:855,1
DA:856,1
DA:859,1
DA:860,1
DA:861,1
DA:862,1
DA:863,1
DA:864,1
DA:865,1
DA:866,1
DA:867,0
DA:869,1
DA:870,1
DA:871,0
DA:873,0
DA:879,1
DA:881,1
DA:882,1
DA:883,1
DA:884,0
DA:887,0
DA:888,0
DA:891,1
DA:892,1
DA:893,1
DA:894,0
DA:897,0
DA:900,1
DA:901,1
DA:902,1
DA:903,0
DA:906,0
DA:909,1
DA:910,1
DA:913,1
DA:914,1
DA:915,1
DA:916,1
DA:918,1
DA:919,1
DA:920,0
DA:923,1
DA:924,1
DA:925,1
DA:926,1
DA:927,0
DA:928,0
DA:931,0
DA:932,0
DA:933,1
DA:936,1
DA:937,1
DA:938,1
DA:939,1
DA:940,1
DA:941,1
DA:944,1
DA:946,1
DA:947,1
DA:949,1
DA:951,1
DA:952,1
DA:953,0
DA:954,0
DA:955,0
DA:956,0
DA:961,0
DA:962,0
DA:963,0
DA:967,0
DA:970,1
DA:971,1
DA:974,1
DA:975,1
DA:976,1
DA:977,1
DA:978,1
DA:979,1
DA:980,1
DA:981,1
DA:982,0
DA:984,0
DA:987,1
DA:990,1
DA:991,1
DA:992,0
DA:995,0
DA:998,1
DA:999,1
DA:1000,1
DA:1001,0
DA:1004,0
DA:1005,1
BRF:0
BRH:0
LF:682
LH:441
end_of_record
SF:/Users/smeya/git/darwin-metrics/src/hardware/iokit/mock.rs
FN:38,_RNvXNtNtNtCs6JXvGULNGKJ_14darwin_metrics8hardware5iokit4mockNtB2_9MockIOKitNtNtCs4P3ALgZxGbJ_4core7default7Default7default
FN:150,_RNvMs_NtNtNtCs6JXvGULNGKJ_14darwin_metrics8hardware5iokit4mockNtB4_9MockIOKit19expect_get_all_fans
FN:144,_RNvMs_NtNtNtCs6JXvGULNGKJ_14darwin_metrics8hardware5iokit4mockNtB4_9MockIOKit19expect_get_fan_info
FN:192,_RNvMs_NtNtNtCs6JXvGULNGKJ_14darwin_metrics8hardware5iokit4mockNtB4_9MockIOKit19expect_read_smc_key
FN:174,_RNvMs_NtNtNtCs6JXvGULNGKJ_14darwin_metrics8hardware5iokit4mockNtB4_9MockIOKit20expect_get_cpu_power
FN:138,_RNvMs_NtNtNtCs6JXvGULNGKJ_14darwin_metrics8hardware5iokit4mockNtB4_9MockIOKit20expect_get_fan_count
FN:132,_RNvMs_NtNtNtCs6JXvGULNGKJ_14darwin_metrics8hardware5iokit4mockNtB4_9MockIOKit20expect_get_fan_speed
FN:126,_RNvMs_NtNtNtCs6JXvGULNGKJ_14darwin_metrics8hardware5iokit4mockNtB4_9MockIOKit20expect_get_gpu_stats
FN:186,_RNvMs_NtNtNtCs6JXvGULNGKJ_14darwin_metrics8hardware5iokit4mockNtB4_9MockIOKit23expect_get_thermal_info
FN:108,_RNvMs_NtNtNtCs6JXvGULNGKJ_14darwin_metrics8hardware5iokit4mockNtB4_9MockIOKit24expect_get_bool_property
FN:114,_RNvMs_NtNtNtCs6JXvGULNGKJ_14darwin_metrics8hardware5iokit4mockNtB4_9MockIOKit26expect_get_cpu_temperature
FN:120,_RNvMs_NtNtNtCs6JXvGULNGKJ_14darwin_metrics8hardware5iokit4mockNtB4_9MockIOKit26expect_get_gpu_temperature
FN:102,_RNvMs_NtNtNtCs6JXvGULNGKJ_14darwin_metrics8hardware5iokit4mockNtB4_9MockIOKit26expect_get_number_property
FN:96,_RNvMs_NtNtNtCs6JXvGULNGKJ_14darwin_metrics8hardware5iokit4mockNtB4_9MockIOKit26expect_get_string_property
FN:162,_RNvMs_NtNtNtCs6JXvGULNGKJ_14darwin_metrics8hardware5iokit4mockNtB4_9MockIOKit30expect_get_ambient_temperature
FN:168,_RNvMs_NtNtNtCs6JXvGULNGKJ_14darwin_metrics8hardware5iokit4mockNtB4_9MockIOKit30expect_get_battery_temperature
FN:180,_RNvMs_NtNtNtCs6JXvGULNGKJ_14darwin_metrics8hardware5iokit4mockNtB4_9MockIOKit31expect_check_thermal_throttling
FN:156,_RNvMs_NtNtNtCs6JXvGULNGKJ_14darwin_metrics8hardware5iokit4mockNtB4_9MockIOKit31expect_get_heatsink_temperature
FN:45,_RNvMs_NtNtNtCs6JXvGULNGKJ_14darwin_metrics8hardware5iokit4mockNtB4_9MockIOKit3new
FN:265,_RNvXs2_NtNtNtCs6JXvGULNGKJ_14darwin_metrics8hardware5iokit4mockNtB5_9MockIOKitNtB7_5IOKit11get_service
FN:337,_RNvXs2_NtNtNtCs6JXvGULNGKJ_14darwin_metrics8hardware5iokit4mockNtB5_9MockIOKitNtB7_5IOKit12get_all_fans
FN:322,_RNvXs2_NtNtNtCs6JXvGULNGKJ_14darwin_metrics8hardware5iokit4mockNtB5_9MockIOKitNtB7_5IOKit12get_fan_info
FN:415,_RNvXs2_NtNtNtCs6JXvGULNGKJ_14darwin_metrics8hardware5iokit4mockNtB5_9MockIOKitNtB7_5IOKit12read_smc_key
FN:383,_RNvXs2_NtNtNtCs6JXvGULNGKJ_14darwin_metrics8hardware5iokit4mockNtB5_9MockIOKitNtB7_5IOKit13get_cpu_power
FN:314,_RNvXs2_NtNtNtCs6JXvGULNGKJ_14darwin_metrics8hardware5iokit4mockNtB5_9MockIOKitNtB7_5IOKit13get_fan_count
FN:306,_RNvXs2_NtNtNtCs6JXvGULNGKJ_14darwin_metrics8hardware5iokit4mockNtB5_9MockIOKitNtB7_5IOKit13get_fan_speed
FN:290,_RNvXs2_NtNtNtCs6JXvGULNGKJ_14darwin_metrics8hardware5iokit4mockNtB5_9MockIOKitNtB7_5IOKit13get_gpu_stats
FN:399,_RNvXs2_NtNtNtCs6JXvGULNGKJ_14darwin_metrics8hardware5iokit4mockNtB5_9MockIOKitNtB7_5IOKit16get_thermal_info
FN:249,_RNvXs2_NtNtNtCs6JXvGULNGKJ_14darwin_metrics8hardware5iokit4mockNtB5_9MockIOKitNtB7_5IOKit17get_bool_property
FN:257,_RNvXs2_NtNtNtCs6JXvGULNGKJ_14darwin_metrics8hardware5iokit4mockNtB5_9MockIOKitNtB7_5IOKit17get_dict_property
FN:221,_RNvXs2_NtNtNtCs6JXvGULNGKJ_14darwin_metrics8hardware5iokit4mockNtB5_9MockIOKitNtB7_5IOKit17io_object_release
FN:274,_RNvXs2_NtNtNtCs6JXvGULNGKJ_14darwin_metrics8hardware5iokit4mockNtB5_9MockIOKitNtB7_5IOKit19get_cpu_temperature
FN:282,_RNvXs2_NtNtNtCs6JXvGULNGKJ_14darwin_metrics8hardware5iokit4mockNtB5_9MockIOKitNtB7_5IOKit19get_gpu_temperature
FN:237,_RNvXs2_NtNtNtCs6JXvGULNGKJ_14darwin_metrics8hardware5iokit4mockNtB5_9MockIOKitNtB7_5IOKit19get_number_property
FN:225,_RNvXs2_NtNtNtCs6JXvGULNGKJ_14darwin_metrics8hardware5iokit4mockNtB5_9MockIOKitNtB7_5IOKit19get_string_property
FN:203,_RNvXs2_NtNtNtCs6JXvGULNGKJ_14darwin_metrics8hardware5iokit4mockNtB5_9MockIOKitNtB7_5IOKit19io_service_matching
FN:367,_RNvXs2_NtNtNtCs6JXvGULNGKJ_14darwin_metrics8hardware5iokit4mockNtB5_9MockIOKitNtB7_5IOKit23get_ambient_temperature
FN:375,_RNvXs2_NtNtNtCs6JXvGULNGKJ_14darwin_metrics8hardware5iokit4mockNtB5_9MockIOKitNtB7_5IOKit23get_battery_temperature
FN:391,_RNvXs2_NtNtNtCs6JXvGULNGKJ_14darwin_metrics8hardware5iokit4mockNtB5_9MockIOKitNtB7_5IOKit24check_thermal_throttling
FN:359,_RNvXs2_NtNtNtCs6JXvGULNGKJ_14darwin_metrics8hardware5iokit4mockNtB5_9MockIOKitNtB7_5IOKit24get_heatsink_temperature
FN:269,_RNvXs2_NtNtNtCs6JXvGULNGKJ_14darwin_metrics8hardware5iokit4mockNtB5_9MockIOKitNtB7_5IOKit28io_registry_entry_get_parent
FN:207,_RNvXs2_NtNtNtCs6JXvGULNGKJ_14darwin_metrics8hardware5iokit4mockNtB5_9MockIOKitNtB7_5IOKit31io_service_get_matching_service
FN:214,_RNvXs2_NtNtNtCs6JXvGULNGKJ_14darwin_metrics8hardware5iokit4mockNtB5_9MockIOKitNtB7_5IOKit38io_registry_entry_create_cf_properties
FNDA:0,_RNvXNtNtNtCs6JXvGULNGKJ_14darwin_metrics8hardware5iokit4mockNtB2_9MockIOKitNtNtCs4P3ALgZxGbJ_4core7default7Default7default
FNDA:1,_RNvMs_NtNtNtCs6JXvGULNGKJ_14darwin_metrics8hardware5iokit4mockNtB4_9MockIOKit19expect_get_all_fans
FNDA:1,_RNvMs_NtNtNtCs6JXvGULNGKJ_14darwin_metrics8hardware5iokit4mockNtB4_9MockIOKit19expect_get_fan_info
FNDA:1,_RNvMs_NtNtNtCs6JXvGULNGKJ_14darwin_metrics8hardware5iokit4mockNtB4_9MockIOKit19expect_read_smc_key
FNDA:1,_RNvMs_NtNtNtCs6JXvGULNGKJ_14darwin_metrics8hardware5iokit4mockNtB4_9MockIOKit20expect_get_cpu_power
FNDA:1,_RNvMs_NtNtNtCs6JXvGULNGKJ_14darwin_metrics8hardware5iokit4mockNtB4_9MockIOKit20expect_get_fan_count
FNDA:1,_RNvMs_NtNtNtCs6JXvGULNGKJ_14darwin_metrics8hardware5iokit4mockNtB4_9MockIOKit20expect_get_fan_speed
FNDA:1,_RNvMs_NtNtNtCs6JXvGULNGKJ_14darwin_metrics8hardware5iokit4mockNtB4_9MockIOKit20expect_get_gpu_stats
FNDA:1,_RNvMs_NtNtNtCs6JXvGULNGKJ_14darwin_metrics8hardware5iokit4mockNtB4_9MockIOKit23expect_get_thermal_info
FNDA:1,_RNvMs_NtNtNtCs6JXvGULNGKJ_14darwin_metrics8hardware5iokit4mockNtB4_9MockIOKit24expect_get_bool_property
FNDA:5,_RNvMs_NtNtNtCs6JXvGULNGKJ_14darwin_metrics8hardware5iokit4mockNtB4_9MockIOKit26expect_get_cpu_temperature
FNDA:1,_RNvMs_NtNtNtCs6JXvGULNGKJ_14darwin_metrics8hardware5iokit4mockNtB4_9MockIOKit26expect_get_gpu_temperature
FNDA:1,_RNvMs_NtNtNtCs6JXvGULNGKJ_14darwin_metrics8hardware5iokit4mockNtB4_9MockIOKit26expect_get_number_property
FNDA:1,_RNvMs_NtNtNtCs6JXvGULNGKJ_14darwin_metrics8hardware5iokit4mockNtB4_9MockIOKit26expect_get_string_property
FNDA:1,_RNvMs_NtNtNtCs6JXvGULNGKJ_14darwin_metrics8hardware5iokit4mockNtB4_9MockIOKit30expect_get_ambient_temperature
FNDA:1,_RNvMs_NtNtNtCs6JXvGULNGKJ_14darwin_metrics8hardware5iokit4mockNtB4_9MockIOKit30expect_get_battery_temperature
FNDA:1,_RNvMs_NtNtNtCs6JXvGULNGKJ_14darwin_metrics8hardware5iokit4mockNtB4_9MockIOKit31expect_check_thermal_throttling
FNDA:1,_RNvMs_NtNtNtCs6JXvGULNGKJ_14darwin_metrics8hardware5iokit4mockNtB4_9MockIOKit31expect_get_heatsink_temperature
FNDA:27,_RNvMs_NtNtNtCs6JXvGULNGKJ_14darwin_metrics8hardware5iokit4mockNtB4_9MockIOKit3new
FNDA:1,_RNvXs2_NtNtNtCs6JXvGULNGKJ_14darwin_metrics8hardware5iokit4mockNtB5_9MockIOKitNtB7_5IOKit11get_service
FNDA:1,_RNvXs2_NtNtNtCs6JXvGULNGKJ_14darwin_metrics8hardware5iokit4mockNtB5_9MockIOKitNtB7_5IOKit12get_all_fans
FNDA:1,_RNvXs2_NtNtNtCs6JXvGULNGKJ_14darwin_metrics8hardware5iokit4mockNtB5_9MockIOKitNtB7_5IOKit12get_fan_info
FNDA:1,_RNvXs2_NtNtNtCs6JXvGULNGKJ_14darwin_metrics8hardware5iokit4mockNtB5_9MockIOKitNtB7_5IOKit12read_smc_key
FNDA:1,_RNvXs2_NtNtNtCs6JXvGULNGKJ_14darwin_metrics8hardware5iokit4mockNtB5_9MockIOKitNtB7_5IOKit13get_cpu_power
FNDA:1,_RNvXs2_NtNtNtCs6JXvGULNGKJ_14darwin_metrics8hardware5iokit4mockNtB5_9MockIOKitNtB7_5IOKit13get_fan_count
FNDA:1,_RNvXs2_NtNtNtCs6JXvGULNGKJ_14darwin_metrics8hardware5iokit4mockNtB5_9MockIOKitNtB7_5IOKit13get_fan_speed
FNDA:1,_RNvXs2_NtNtNtCs6JXvGULNGKJ_14darwin_metrics8hardware5iokit4mockNtB5_9MockIOKitNtB7_5IOKit13get_gpu_stats
FNDA:1,_RNvXs2_NtNtNtCs6JXvGULNGKJ_14darwin_metrics8hardware5iokit4mockNtB5_9MockIOKitNtB7_5IOKit16get_thermal_info
FNDA:1,_RNvXs2_NtNtNtCs6JXvGULNGKJ_14darwin_metrics8hardware5iokit4mockNtB5_9MockIOKitNtB7_5IOKit17get_bool_property
FNDA:1,_RNvXs2_NtNtNtCs6JXvGULNGKJ_14darwin_metrics8hardware5iokit4mockNtB5_9MockIOKitNtB7_5IOKit17get_dict_property
FNDA:0,_RNvXs2_NtNtNtCs6JXvGULNGKJ_14darwin_metrics8hardware5iokit4mockNtB5_9MockIOKitNtB7_5IOKit17io_object_release
FNDA:1,_RNvXs2_NtNtNtCs6JXvGULNGKJ_14darwin_metrics8hardware5iokit4mockNtB5_9MockIOKitNtB7_5IOKit19get_cpu_temperature
FNDA:1,_RNvXs2_NtNtNtCs6JXvGULNGKJ_14darwin_metrics8hardware5iokit4mockNtB5_9MockIOKitNtB7_5IOKit19get_gpu_temperature
FNDA:1,_RNvXs2_NtNtNtCs6JXvGULNGKJ_14darwin_metrics8hardware5iokit4mockNtB5_9MockIOKitNtB7_5IOKit19get_number_property
FNDA:1,_RNvXs2_NtNtNtCs6JXvGULNGKJ_14darwin_metrics8hardware5iokit4mockNtB5_9MockIOKitNtB7_5IOKit19get_string_property
FNDA:1,_RNvXs2_NtNtNtCs6JXvGULNGKJ_14darwin_metrics8hardware5iokit4mockNtB5_9MockIOKitNtB7_5IOKit19io_service_matching
FNDA:1,_RNvXs2_NtNtNtCs6JXvGULNGKJ_14darwin_metrics8hardware5iokit4mockNtB5_9MockIOKitNtB7_5IOKit23get_ambient_temperature
FNDA:1,_RNvXs2_NtNtNtCs6JXvGULNGKJ_14darwin_metrics8hardware5iokit4mockNtB5_9MockIOKitNtB7_5IOKit23get_battery_temperature
[...]
FN:240,_RNvNtNtCs6JXvGULNGKJ_14darwin_metrics5utils5testss_19test_objc_safe_exec
FN:169,_RNvNtNtCs6JXvGULNGKJ_14darwin_metrics5utils5testss_20test_c_str_to_string
FN:229,_RNvNtNtCs6JXvGULNGKJ_14darwin_metrics5utils5testss_21test_autorelease_pool
FN:268,_RNvNtNtCs6JXvGULNGKJ_14darwin_metrics5utils5testss_22test_property_accessor
FN:186,_RNvNtNtCs6JXvGULNGKJ_14darwin_metrics5utils5testss_22test_raw_str_to_string
FN:258,_RNvNtNtCs6JXvGULNGKJ_14darwin_metrics5utils5testss_25test_get_name_null_device
FN:208,_RNvNtNtCs6JXvGULNGKJ_14darwin_metrics5utils5testss_25test_raw_f64_slice_to_vec
FN:91,_RNvNtCs6JXvGULNGKJ_14darwin_metrics5utils15c_str_to_string
FN:110,_RNvNtCs6JXvGULNGKJ_14darwin_metrics5utils17raw_str_to_string
FN:130,_RNvNtCs6JXvGULNGKJ_14darwin_metrics5utils20raw_f64_slice_to_vec
FN:138,_RNvNtCs6JXvGULNGKJ_14darwin_metrics5utils8get_name
FN:144,_RNCNCNvNtCs6JXvGULNGKJ_14darwin_metrics5utils8get_name00B7_
FN:242,_RNCNvNtNtCs6JXvGULNGKJ_14darwin_metrics5utils5testss_19test_objc_safe_exec0B7_
FN:247,_RNCNvNtNtCs6JXvGULNGKJ_14darwin_metrics5utils5testss_19test_objc_safe_execs_0B7_
FN:51,_RNCNvYpNtNtCsaakIWYUxKbY_14darwin_metrics5utils13PropertyUtils17get_bool_property0B9_
FN:52,_RNCNvYpNtNtCsaakIWYUxKbY_14darwin_metrics5utils13PropertyUtils17get_bool_propertys_0B9_
FN:44,_RNCNvYpNtNtCsaakIWYUxKbY_14darwin_metrics5utils13PropertyUtils19get_number_property0B9_
FN:45,_RNCNvYpNtNtCsaakIWYUxKbY_14darwin_metrics5utils13PropertyUtils19get_number_propertys_0B9_
FN:37,_RNCNvYpNtNtCsaakIWYUxKbY_14darwin_metrics5utils13PropertyUtils19get_string_property0B9_
FN:38,_RNCNvYpNtNtCsaakIWYUxKbY_14darwin_metrics5utils13PropertyUtils19get_string_propertys_0B9_
FN:48,_RNvYpNtNtCsaakIWYUxKbY_14darwin_metrics5utils13PropertyUtils17get_bool_propertyB7_
FN:41,_RNvYpNtNtCsaakIWYUxKbY_14darwin_metrics5utils13PropertyUtils19get_number_propertyB7_
FN:34,_RNvYpNtNtCsaakIWYUxKbY_14darwin_metrics5utils13PropertyUtils19get_string_propertyB7_
FN:91,_RNvNtCsaakIWYUxKbY_14darwin_metrics5utils15c_str_to_string
FN:110,_RNvNtCsaakIWYUxKbY_14darwin_metrics5utils17raw_str_to_string
FN:130,_RNvNtCsaakIWYUxKbY_14darwin_metrics5utils20raw_f64_slice_to_vec
FN:138,_RNvNtCsaakIWYUxKbY_14darwin_metrics5utils8get_name
FN:144,_RNCNCNvNtCsaakIWYUxKbY_14darwin_metrics5utils8get_name00B7_
FN:69,_RINvNtCsaakIWYUxKbY_14darwin_metrics5utils14objc_safe_execNtNtCsaxtFaqkp5wQ_5alloc6string6StringNCNCNvB2_8get_name00EB4_
FN:61,_RINvNtCsaakIWYUxKbY_14darwin_metrics5utils16autorelease_poolINtNtCs4P3ALgZxGbJ_4core6result6ResultNtNtCsaxtFaqkp5wQ_5alloc6string6StringNtNtB4_5error5ErrorENCNvB2_8get_name0EB4_
FN:65,_RNCINvNtCsaakIWYUxKbY_14darwin_metrics5utils16autorelease_poolINtNtCs4P3ALgZxGbJ_4core6result6ResultNtNtCsaxtFaqkp5wQ_5alloc6string6StringNtNtB6_5error5ErrorENCNvB4_8get_name0E0B6_
FN:143,_RNCNvNtCsaakIWYUxKbY_14darwin_metrics5utils8get_name0B5_
FNDA:0,_RNCNvYpNtNtCs6JXvGULNGKJ_14darwin_metrics5utils13PropertyUtils17get_bool_property0B9_
FNDA:0,_RNCNvYpNtNtCs6JXvGULNGKJ_14darwin_metrics5utils13PropertyUtils17get_bool_propertys_0B9_
FNDA:0,_RNCNvYpNtNtCs6JXvGULNGKJ_14darwin_metrics5utils13PropertyUtils19get_number_property0B9_
FNDA:0,_RNCNvYpNtNtCs6JXvGULNGKJ_14darwin_metrics5utils13PropertyUtils19get_number_propertys_0B9_
FNDA:0,_RNCNvYpNtNtCs6JXvGULNGKJ_14darwin_metrics5utils13PropertyUtils19get_string_property0B9_
FNDA:0,_RNCNvYpNtNtCs6JXvGULNGKJ_14darwin_metrics5utils13PropertyUtils19get_string_propertys_0B9_
FNDA:0,_RNvYpNtNtCs6JXvGULNGKJ_14darwin_metrics5utils13PropertyUtils17get_bool_propertyB7_
FNDA:0,_RNvYpNtNtCs6JXvGULNGKJ_14darwin_metrics5utils13PropertyUtils19get_number_propertyB7_
FNDA:0,_RNvYpNtNtCs6JXvGULNGKJ_14darwin_metrics5utils13PropertyUtils19get_string_propertyB7_
FNDA:0,_RINvNtCs6JXvGULNGKJ_14darwin_metrics5utils14objc_safe_execNtNtCsaxtFaqkp5wQ_5alloc6string6StringNCNCNvB2_8get_name00EB4_
FNDA:1,_RINvNtCs6JXvGULNGKJ_14darwin_metrics5utils14objc_safe_execlNCNvNtB2_5testss_19test_objc_safe_exec0EB4_
FNDA:1,_RINvNtCs6JXvGULNGKJ_14darwin_metrics5utils14objc_safe_execlNCNvNtB2_5testss_19test_objc_safe_execs_0EB4_
FNDA:0,_RINvNtCs6JXvGULNGKJ_14darwin_metrics5utils16autorelease_poolINtNtCs4P3ALgZxGbJ_4core6result6ResultNtNtCsaxtFaqkp5wQ_5alloc6string6StringNtNtB4_5error5ErrorENCNvB2_8get_name0EB4_
FNDA:1,_RINvNtCs6JXvGULNGKJ_14darwin_metrics5utils16autorelease_poolNtNtCsaxtFaqkp5wQ_5alloc6string6StringNCNvNtB2_5testss_21test_autorelease_pools_0EB4_
FNDA:1,_RINvNtCs6JXvGULNGKJ_14darwin_metrics5utils16autorelease_poollNCNvNtB2_5testss_21test_autorelease_pool0EB4_
FNDA:0,_RNCINvNtCs6JXvGULNGKJ_14darwin_metrics5utils16autorelease_poolINtNtCs4P3ALgZxGbJ_4core6result6ResultNtNtCsaxtFaqkp5wQ_5alloc6string6StringNtNtB6_5error5ErrorENCNvB4_8get_name0E0B6_
FNDA:1,_RNCINvNtCs6JXvGULNGKJ_14darwin_metrics5utils16autorelease_poolNtNtCsaxtFaqkp5wQ_5alloc6string6StringNCNvNtB4_5testss_21test_autorelease_pools_0E0B6_
FNDA:1,_RNCINvNtCs6JXvGULNGKJ_14darwin_metrics5utils16autorelease_poollNCNvNtB4_5testss_21test_autorelease_pool0E0B6_
FNDA:0,_RNCNvNtCs6JXvGULNGKJ_14darwin_metrics5utils8get_name0B5_
FNDA:1,_RNCNvNtNtCs6JXvGULNGKJ_14darwin_metrics5utils5testss_21test_autorelease_pool0B7_
FNDA:1,_RNCNvNtNtCs6JXvGULNGKJ_14darwin_metrics5utils5testss_21test_autorelease_pools_0B7_
FNDA:1,_RNvNtNtCs6JXvGULNGKJ_14darwin_metrics5utils5testss_19test_objc_safe_exec
FNDA:1,_RNvNtNtCs6JXvGULNGKJ_14darwin_metrics5utils5testss_20test_c_str_to_string
FNDA:1,_RNvNtNtCs6JXvGULNGKJ_14darwin_metrics5utils5testss_21test_autorelease_pool
FNDA:1,_RNvNtNtCs6JXvGULNGKJ_14darwin_metrics5utils5testss_22test_property_accessor
FNDA:1,_RNvNtNtCs6JXvGULNGKJ_14darwin_metrics5utils5testss_22test_raw_str_to_string
FNDA:1,_RNvNtNtCs6JXvGULNGKJ_14darwin_metrics5utils5testss_25test_get_name_null_device
FNDA:1,_RNvNtNtCs6JXvGULNGKJ_14darwin_metrics5utils5testss_25test_raw_f64_slice_to_vec
FNDA:2,_RNvNtCs6JXvGULNGKJ_14darwin_metrics5utils15c_str_to_string
FNDA:3,_RNvNtCs6JXvGULNGKJ_14darwin_metrics5utils17raw_str_to_string
FNDA:3,_RNvNtCs6JXvGULNGKJ_14darwin_metrics5utils20raw_f64_slice_to_vec
FNDA:1,_RNvNtCs6JXvGULNGKJ_14darwin_metrics5utils8get_name
FNDA:0,_RNCNCNvNtCs6JXvGULNGKJ_14darwin_metrics5utils8get_name00B7_
FNDA:1,_RNCNvNtNtCs6JXvGULNGKJ_14darwin_metrics5utils5testss_19test_objc_safe_exec0B7_
FNDA:1,_RNCNvNtNtCs6JXvGULNGKJ_14darwin_metrics5utils5testss_19test_objc_safe_execs_0B7_
FNDA:0,_RNCNvYpNtNtCsaakIWYUxKbY_14darwin_metrics5utils13PropertyUtils17get_bool_property0B9_
FNDA:0,_RNCNvYpNtNtCsaakIWYUxKbY_14darwin_metrics5utils13PropertyUtils17get_bool_propertys_0B9_
FNDA:0,_RNCNvYpNtNtCsaakIWYUxKbY_14darwin_metrics5utils13PropertyUtils19get_number_property0B9_
FNDA:0,_RNCNvYpNtNtCsaakIWYUxKbY_14darwin_metrics5utils13PropertyUtils19get_number_propertys_0B9_
FNDA:0,_RNCNvYpNtNtCsaakIWYUxKbY_14darwin_metrics5utils13PropertyUtils19get_string_property0B9_
FNDA:0,_RNCNvYpNtNtCsaakIWYUxKbY_14darwin_metrics5utils13PropertyUtils19get_string_propertys_0B9_
FNDA:0,_RNvYpNtNtCsaakIWYUxKbY_14darwin_metrics5utils13PropertyUtils17get_bool_propertyB7_
FNDA:0,_RNvYpNtNtCsaakIWYUxKbY_14darwin_metrics5utils13PropertyUtils19get_number_propertyB7_
FNDA:0,_RNvYpNtNtCsaakIWYUxKbY_14darwin_metrics5utils13PropertyUtils19get_string_propertyB7_
FNDA:0,_RNvNtCsaakIWYUxKbY_14darwin_metrics5utils15c_str_to_string
FNDA:0,_RNvNtCsaakIWYUxKbY_14darwin_metrics5utils17raw_str_to_string
FNDA:0,_RNvNtCsaakIWYUxKbY_14darwin_metrics5utils20raw_f64_slice_to_vec
FNDA:0,_RNvNtCsaakIWYUxKbY_14darwin_metrics5utils8get_name
FNDA:0,_RNCNCNvNtCsaakIWYUxKbY_14darwin_metrics5utils8get_name00B7_
FNDA:0,_RINvNtCsaakIWYUxKbY_14darwin_metrics5utils14objc_safe_execNtNtCsaxtFaqkp5wQ_5alloc6string6StringNCNCNvB2_8get_name00EB4_
FNDA:0,_RINvNtCsaakIWYUxKbY_14darwin_metrics5utils16autorelease_poolINtNtCs4P3ALgZxGbJ_4core6result6ResultNtNtCsaxtFaqkp5wQ_5alloc6string6StringNtNtB4_5error5ErrorENCNvB2_8get_name0EB4_
FNDA:0,_RNCINvNtCsaakIWYUxKbY_14darwin_metrics5utils16autorelease_poolINtNtCs4P3ALgZxGbJ_4core6result6ResultNtNtCsaxtFaqkp5wQ_5alloc6string6StringNtNtB6_5error5ErrorENCNvB4_8get_name0E0B6_
FNDA:0,_RNCNvNtCsaakIWYUxKbY_14darwin_metrics5utils8get_name0B5_
FNF:29
FNH:18
DA:34,0
DA:35,0
DA:36,0
DA:37,0
DA:38,0
DA:39,0
DA:41,0
DA:42,0
DA:43,0
DA:44,0
DA:45,0
DA:46,0
DA:48,0
DA:49,0
DA:50,0
DA:51,0
DA:52,0
DA:53,0
DA:61,2
DA:62,2
DA:63,2
DA:64,2
DA:65,2
DA:66,2
DA:69,2
DA:70,2
DA:71,2
DA:72,2
DA:73,2
DA:74,2
DA:75,2
DA:76,0
DA:78,2
DA:91,2
DA:92,2
DA:93,1
DA:94,1
DA:95,1
DA:96,2
DA:110,3
DA:111,3
DA:112,2
DA:113,1
DA:114,1
DA:115,1
DA:116,3
DA:130,3
DA:131,3
DA:132,2
DA:133,1
DA:134,1
DA:135,3
DA:138,1
DA:139,1
DA:140,1
DA:141,0
DA:142,0
DA:143,0
DA:144,0
DA:145,0
DA:146,0
DA:147,0
DA:148,0
DA:149,0
DA:150,0
DA:151,0
DA:152,0
DA:153,0
DA:154,0
DA:155,0
DA:156,0
DA:157,0
DA:158,0
DA:159,0
DA:160,0
DA:161,1
DA:169,1
DA:170,1
DA:171,1
DA:172,1
DA:173,1
DA:174,1
DA:175,1
DA:176,1
DA:177,1
DA:180,1
DA:181,1
DA:183,1
DA:186,1
DA:187,1
DA:188,1
DA:189,1
DA:190,1
DA:191,1
DA:192,1
DA:193,1
DA:194,1
DA:195,1
DA:198,1
DA:199,1
DA:202,1
DA:203,1
DA:205,1
DA:208,1
DA:209,1
DA:210,1
DA:211,1
DA:212,1
DA:213,1
DA:214,1
DA:215,1
DA:216,1
DA:219,1
DA:220,1
DA:223,1
DA:224,1
DA:226,1
DA:229,1
DA:230,1
DA:231,1
DA:232,1
DA:235,1
DA:236,1
DA:237,1
DA:240,1
DA:241,1
DA:242,1
DA:243,1
DA:244,1
DA:247,1
DA:248,1
DA:249,1
DA:250,1
DA:251,0
DA:255,1
DA:258,1
DA:259,1
DA:260,1
DA:261,1
DA:262,1
DA:263,0
DA:265,1
DA:268,1
DA:269,1
DA:270,1
DA:271,1
DA:272,1
DA:273,1
BRF:0
BRH:0
LF:163
LH:112
end_of_record
SF:/Users/smeya/git/darwin-metrics/src/utils/property_utils.rs
FN:22,_RNCNvYNtNtNtCs6JXvGULNGKJ_14darwin_metrics5utils20property_utils_tests17MockPropertyUtilsNtNtB8_14property_utils13PropertyUtils17get_bool_property0Ba_
FN:23,_RNCNvYNtNtNtCs6JXvGULNGKJ_14darwin_metrics5utils20property_utils_tests17MockPropertyUtilsNtNtB8_14property_utils13PropertyUtils17get_bool_propertys_0Ba_
FN:15,_RNCNvYNtNtNtCs6JXvGULNGKJ_14darwin_metrics5utils20property_utils_tests17MockPropertyUtilsNtNtB8_14property_utils13PropertyUtils19get_number_property0Ba_
FN:16,_RNCNvYNtNtNtCs6JXvGULNGKJ_14darwin_metrics5utils20property_utils_tests17MockPropertyUtilsNtNtB8_14property_utils13PropertyUtils19get_number_propertys_0Ba_
FN:8,_RNCNvYNtNtNtCs6JXvGULNGKJ_14darwin_metrics5utils20property_utils_tests17MockPropertyUtilsNtNtB8_14property_utils13PropertyUtils19get_string_property0Ba_
FN:9,_RNCNvYNtNtNtCs6JXvGULNGKJ_14darwin_metrics5utils20property_utils_tests17MockPropertyUtilsNtNtB8_14property_utils13PropertyUtils19get_string_propertys_0Ba_
FN:19,_RNvYNtNtNtCs6JXvGULNGKJ_14darwin_metrics5utils20property_utils_tests17MockPropertyUtilsNtNtB6_14property_utils13PropertyUtils17get_bool_propertyB8_
FN:12,_RNvYNtNtNtCs6JXvGULNGKJ_14darwin_metrics5utils20property_utils_tests17MockPropertyUtilsNtNtB6_14property_utils13PropertyUtils19get_number_propertyB8_
FN:5,_RNvYNtNtNtCs6JXvGULNGKJ_14darwin_metrics5utils20property_utils_tests17MockPropertyUtilsNtNtB6_14property_utils13PropertyUtils19get_string_propertyB8_
FN:22,_RNCNvYpNtNtNtCsaakIWYUxKbY_14darwin_metrics5utils14property_utils13PropertyUtils17get_bool_property0Bb_
FN:23,_RNCNvYpNtNtNtCsaakIWYUxKbY_14darwin_metrics5utils14property_utils13PropertyUtils17get_bool_propertys_0Bb_
FN:15,_RNCNvYpNtNtNtCsaakIWYUxKbY_14darwin_metrics5utils14property_utils13PropertyUtils19get_number_property0Bb_
FN:16,_RNCNvYpNtNtNtCsaakIWYUxKbY_14darwin_metrics5utils14property_utils13PropertyUtils19get_number_propertys_0Bb_
FN:8,_RNCNvYpNtNtNtCsaakIWYUxKbY_14darwin_metrics5utils14property_utils13PropertyUtils19get_string_property0Bb_
FN:9,_RNCNvYpNtNtNtCsaakIWYUxKbY_14darwin_metrics5utils14property_utils13PropertyUtils19get_string_propertys_0Bb_
FN:19,_RNvYpNtNtNtCsaakIWYUxKbY_14darwin_metrics5utils14property_utils13PropertyUtils17get_bool_propertyB9_
FN:12,_RNvYpNtNtNtCsaakIWYUxKbY_14darwin_metrics5utils14property_utils13PropertyUtils19get_number_propertyB9_
FN:5,_RNvYpNtNtNtCsaakIWYUxKbY_14darwin_metrics5utils14property_utils13PropertyUtils19get_string_propertyB9_
FNDA:0,_RNCNvYNtNtNtCs6JXvGULNGKJ_14darwin_metrics5utils20property_utils_tests17MockPropertyUtilsNtNtB8_14property_utils13PropertyUtils17get_bool_property0Ba_
FNDA:0,_RNCNvYNtNtNtCs6JXvGULNGKJ_14darwin_metrics5utils20property_utils_tests17MockPropertyUtilsNtNtB8_14property_utils13PropertyUtils17get_bool_propertys_0Ba_
FNDA:0,_RNCNvYNtNtNtCs6JXvGULNGKJ_14darwin_metrics5utils20property_utils_tests17MockPropertyUtilsNtNtB8_14property_utils13PropertyUtils19get_number_property0Ba_
FNDA:0,_RNCNvYNtNtNtCs6JXvGULNGKJ_14darwin_metrics5utils20property_utils_tests17MockPropertyUtilsNtNtB8_14property_utils13PropertyUtils19get_number_propertys_0Ba_
FNDA:0,_RNCNvYNtNtNtCs6JXvGULNGKJ_14darwin_metrics5utils20property_utils_tests17MockPropertyUtilsNtNtB8_14property_utils13PropertyUtils19get_string_property0Ba_
FNDA:0,_RNCNvYNtNtNtCs6JXvGULNGKJ_14darwin_metrics5utils20property_utils_tests17MockPropertyUtilsNtNtB8_14property_utils13PropertyUtils19get_string_propertys_0Ba_
FNDA:1,_RNvYNtNtNtCs6JXvGULNGKJ_14darwin_metrics5utils20property_utils_tests17MockPropertyUtilsNtNtB6_14property_utils13PropertyUtils17get_bool_propertyB8_
FNDA:1,_RNvYNtNtNtCs6JXvGULNGKJ_14darwin_metrics5utils20property_utils_tests17MockPropertyUtilsNtNtB6_14property_utils13PropertyUtils19get_number_propertyB8_
FNDA:1,_RNvYNtNtNtCs6JXvGULNGKJ_14darwin_metrics5utils20property_utils_tests17MockPropertyUtilsNtNtB6_14property_utils13PropertyUtils19get_string_propertyB8_
FNDA:0,_RNCNvYpNtNtNtCsaakIWYUxKbY_14darwin_metrics5utils14property_utils13PropertyUtils17get_bool_property0Bb_
FNDA:0,_RNCNvYpNtNtNtCsaakIWYUxKbY_14darwin_metrics5utils14property_utils13PropertyUtils17get_bool_propertys_0Bb_
FNDA:0,_RNCNvYpNtNtNtCsaakIWYUxKbY_14darwin_metrics5utils14property_utils13PropertyUtils19get_number_property0Bb_
FNDA:0,_RNCNvYpNtNtNtCsaakIWYUxKbY_14darwin_metrics5utils14property_utils13PropertyUtils19get_number_propertys_0Bb_
FNDA:0,_RNCNvYpNtNtNtCsaakIWYUxKbY_14darwin_metrics5utils14property_utils13PropertyUtils19get_string_property0Bb_
FNDA:0,_RNCNvYpNtNtNtCsaakIWYUxKbY_14darwin_metrics5utils14property_utils13PropertyUtils19get_string_propertys_0Bb_
FNDA:0,_RNvYpNtNtNtCsaakIWYUxKbY_14darwin_metrics5utils14property_utils13PropertyUtils17get_bool_propertyB9_
FNDA:0,_RNvYpNtNtNtCsaakIWYUxKbY_14darwin_metrics5utils14property_utils13PropertyUtils19get_number_propertyB9_
FNDA:0,_RNvYpNtNtNtCsaakIWYUxKbY_14darwin_metrics5utils14property_utils13PropertyUtils19get_string_propertyB9_
FNF:9
FNH:3
DA:5,1
DA:6,1
DA:7,1
DA:8,1
DA:9,1
DA:10,1
DA:12,1
DA:13,1
DA:14,1
DA:15,1
DA:16,1
DA:17,1
DA:19,1
DA:20,1
DA:21,1
DA:22,1
DA:23,1
DA:24,1
BRF:0
BRH:0
LF:24
LH:18
end_of_record
SF:/Users/smeya/git/darwin-metrics/src/utils/property_utils_tests.rs
FN:14,_RNvNtNtCs6JXvGULNGKJ_14darwin_metrics5utils20property_utils_testss_25test_property_utils_trait
FN:34,_RNvNtNtCs6JXvGULNGKJ_14darwin_metrics5utils20property_utils_testss_39test_property_accessor_implements_trait
FNDA:1,_RNvNtNtCs6JXvGULNGKJ_14darwin_metrics5utils20property_utils_testss_25test_property_utils_trait
FNDA:1,_RNvNtNtCs6JXvGULNGKJ_14darwin_metrics5utils20property_utils_testss_39test_property_accessor_implements_trait
FNF:2
FNH:2
DA:14,1
DA:15,1
DA:16,1
DA:17,1
DA:18,1
DA:19,1
DA:20,1
DA:21,1
DA:22,1
DA:23,1
DA:24,1
DA:25,1
DA:26,1
DA:27,1
DA:28,1
DA:29,1
DA:30,1
DA:31,1
DA:34,1
DA:35,1
DA:36,1
DA:37,1
DA:38,1
DA:39,1
DA:40,1
DA:41,1
DA:42,1
DA:43,1
DA:44,1
DA:45,1
DA:46,1
DA:47,1
DA:48,1
BRF:0
BRH:0
LF:33
LH:33
end_of_record
SF:/Users/smeya/git/darwin-metrics/src/utils/test_utils.rs
FN:21,_RNCNCNvNtNtCs6JXvGULNGKJ_14darwin_metrics5utils10test_utils35create_test_dictionary_with_entries00B9_
FN:22,_RNCNCNvNtNtCs6JXvGULNGKJ_14darwin_metrics5utils10test_utils35create_test_dictionary_with_entries0s_0B9_
FN:38,_RNCNvNtNtCs6JXvGULNGKJ_14darwin_metrics5utils10test_utils18create_test_number0B7_
FN:19,_RNCNvNtNtCs6JXvGULNGKJ_14darwin_metrics5utils10test_utils35create_test_dictionary_with_entries0B7_
FN:37,_RNvNtNtCs6JXvGULNGKJ_14darwin_metrics5utils10test_utils18create_test_number
FN:32,_RNvNtNtCs6JXvGULNGKJ_14darwin_metrics5utils10test_utils18create_test_string
FN:18,_RNvNtNtCs6JXvGULNGKJ_14darwin_metrics5utils10test_utils35create_test_dictionary_with_entries
FN:47,_RNCNvNtNtCs6JXvGULNGKJ_14darwin_metrics5utils10test_utils18create_test_object0B7_
FN:10,_RNCNvNtNtCs6JXvGULNGKJ_14darwin_metrics5utils10test_utils22create_test_dictionary0B7_
FN:46,_RNvNtNtCs6JXvGULNGKJ_14darwin_metrics5utils10test_utils18create_test_object
FN:9,_RNvNtNtCs6JXvGULNGKJ_14darwin_metrics5utils10test_utils22create_test_dictionary
FN:21,_RNCNCNvNtNtCsaakIWYUxKbY_14darwin_metrics5utils10test_utils35create_test_dictionary_with_entries00B9_
FN:22,_RNCNCNvNtNtCsaakIWYUxKbY_14darwin_metrics5utils10test_utils35create_test_dictionary_with_entries0s_0B9_
FN:38,_RNCNvNtNtCsaakIWYUxKbY_14darwin_metrics5utils10test_utils18create_test_number0B7_
FN:47,_RNCNvNtNtCsaakIWYUxKbY_14darwin_metrics5utils10test_utils18create_test_object0B7_
FN:10,_RNCNvNtNtCsaakIWYUxKbY_14darwin_metrics5utils10test_utils22create_test_dictionary0B7_
FN:19,_RNCNvNtNtCsaakIWYUxKbY_14darwin_metrics5utils10test_utils35create_test_dictionary_with_entries0B7_
FN:37,_RNvNtNtCsaakIWYUxKbY_14darwin_metrics5utils10test_utils18create_test_number
FN:46,_RNvNtNtCsaakIWYUxKbY_14darwin_metrics5utils10test_utils18create_test_object
FN:32,_RNvNtNtCsaakIWYUxKbY_14darwin_metrics5utils10test_utils18create_test_string
FN:9,_RNvNtNtCsaakIWYUxKbY_14darwin_metrics5utils10test_utils22create_test_dictionary
FN:18,_RNvNtNtCsaakIWYUxKbY_14darwin_metrics5utils10test_utils35create_test_dictionary_with_entries
FNDA:0,_RNCNCNvNtNtCs6JXvGULNGKJ_14darwin_metrics5utils10test_utils35create_test_dictionary_with_entries00B9_
FNDA:0,_RNCNCNvNtNtCs6JXvGULNGKJ_14darwin_metrics5utils10test_utils35create_test_dictionary_with_entries0s_0B9_
FNDA:0,_RNCNvNtNtCs6JXvGULNGKJ_14darwin_metrics5utils10test_utils18create_test_number0B7_
FNDA:0,_RNCNvNtNtCs6JXvGULNGKJ_14darwin_metrics5utils10test_utils35create_test_dictionary_with_entries0B7_
FNDA:0,_RNvNtNtCs6JXvGULNGKJ_14darwin_metrics5utils10test_utils18create_test_number
FNDA:0,_RNvNtNtCs6JXvGULNGKJ_14darwin_metrics5utils10test_utils18create_test_string
FNDA:0,_RNvNtNtCs6JXvGULNGKJ_14darwin_metrics5utils10test_utils35create_test_dictionary_with_entries
FNDA:10,_RNCNvNtNtCs6JXvGULNGKJ_14darwin_metrics5utils10test_utils18create_test_object0B7_
FNDA:22,_RNCNvNtNtCs6JXvGULNGKJ_14darwin_metrics5utils10test_utils22create_test_dictionary0B7_
FNDA:10,_RNvNtNtCs6JXvGULNGKJ_14darwin_metrics5utils10test_utils18create_test_object
FNDA:22,_RNvNtNtCs6JXvGULNGKJ_14darwin_metrics5utils10test_utils22create_test_dictionary
FNDA:0,_RNCNCNvNtNtCsaakIWYUxKbY_14darwin_metrics5utils10test_utils35create_test_dictionary_with_entries00B9_
FNDA:0,_RNCNCNvNtNtCsaakIWYUxKbY_14darwin_metrics5utils10test_utils35create_test_dictionary_with_entries0s_0B9_
FNDA:0,_RNCNvNtNtCsaakIWYUxKbY_14darwin_metrics5utils10test_utils18create_test_number0B7_
FNDA:0,_RNCNvNtNtCsaakIWYUxKbY_14darwin_metrics5utils10test_utils18create_test_object0B7_
FNDA:0,_RNCNvNtNtCsaakIWYUxKbY_14darwin_metrics5utils10test_utils22create_test_dictionary0B7_
FNDA:0,_RNCNvNtNtCsaakIWYUxKbY_14darwin_metrics5utils10test_utils35create_test_dictionary_with_entries0B7_
FNDA:0,_RNvNtNtCsaakIWYUxKbY_14darwin_metrics5utils10test_utils18create_test_number
FNDA:0,_RNvNtNtCsaakIWYUxKbY_14darwin_metrics5utils10test_utils18create_test_object
FNDA:0,_RNvNtNtCsaakIWYUxKbY_14darwin_metrics5utils10test_utils18create_test_string
FNDA:0,_RNvNtNtCsaakIWYUxKbY_14darwin_metrics5utils10test_utils22create_test_dictionary
FNDA:0,_RNvNtNtCsaakIWYUxKbY_14darwin_metrics5utils10test_utils35create_test_dictionary_with_entries
FNF:11
FNH:4
DA:9,22
DA:10,22
DA:11,22
DA:12,22
DA:13,22
DA:14,22
DA:15,22
DA:18,0
DA:19,0
DA:20,0
DA:21,0
DA:22,0
DA:23,0
DA:24,0
DA:25,0
DA:26,0
DA:27,0
DA:28,0
DA:29,0
DA:32,0
DA:33,0
DA:34,0
DA:37,0
DA:38,0
DA:39,0
DA:40,0
DA:41,0
DA:42,0
DA:43,0
DA:46,10
DA:47,10
DA:48,10
DA:49,10
DA:50,10
DA:51,10
BRF:0
BRH:0
LF:45
LH:17
end_of_record