SF:/Users/smeya/git/darwin-metrics/src/battery/mod.rs
FN:50,_RNvMs_NtCscUQfL4jadIi_14darwin_metrics7batteryNtB4_7Battery3new
FN:390,_RNvNtNtCscUQfL4jadIi_14darwin_metrics7battery5tests19create_mock_battery
FN:567,_RNvNtNtCscUQfL4jadIi_14darwin_metrics7battery5testss_15test_battery_eq
FN:407,_RNvNtNtCscUQfL4jadIi_14darwin_metrics7battery5testss_16test_battery_new
FN:552,_RNvNtNtCscUQfL4jadIi_14darwin_metrics7battery5testss_18test_battery_clone
FN:486,_RNvNtNtCscUQfL4jadIi_14darwin_metrics7battery5testss_19test_battery_is_low
FN:449,_RNvNtNtCscUQfL4jadIi_14darwin_metrics7battery5testss_21test_battery_get_info
FN:475,_RNvNtNtCscUQfL4jadIi_14darwin_metrics7battery5testss_24test_battery_is_critical
FN:460,_RNvNtNtCscUQfL4jadIi_14darwin_metrics7battery5testss_24test_battery_with_values
FN:513,_RNvNtNtCscUQfL4jadIi_14darwin_metrics7battery5testss_27test_battery_is_health_poor
FN:416,_RNvNtNtCscUQfL4jadIi_14darwin_metrics7battery5testss_27test_battery_update_present
FN:433,_RNvNtNtCscUQfL4jadIi_14darwin_metrics7battery5testss_31test_battery_update_not_present
FN:522,_RNvNtNtCscUQfL4jadIi_14darwin_metrics7battery5testss_33test_battery_has_high_cycle_count
FN:531,_RNvNtNtCscUQfL4jadIi_14darwin_metrics7battery5testss_33test_battery_power_source_display
FN:495,_RNvNtNtCscUQfL4jadIi_14darwin_metrics7battery5testss_35test_battery_time_remaining_display
FN:543,_RNvNtNtCscUQfL4jadIi_14darwin_metrics7battery5testss_36test_battery_is_temperature_critical
FN:306,_RNvXNtNtCscUQfL4jadIi_14darwin_metrics7battery5testsNtB2_9MockIOKitNtNtNtB6_8hardware5iokit5IOKit11get_service
FN:347,_RNvXNtNtCscUQfL4jadIi_14darwin_metrics7battery5testsNtB2_9MockIOKitNtNtNtB6_8hardware5iokit5IOKit12get_all_fans
FN:343,_RNvXNtNtCscUQfL4jadIi_14darwin_metrics7battery5testsNtB2_9MockIOKitNtNtNtB6_8hardware5iokit5IOKit12get_fan_info
FN:384,_RNvXNtNtCscUQfL4jadIi_14darwin_metrics7battery5testsNtB2_9MockIOKitNtNtNtB6_8hardware5iokit5IOKit12read_smc_key
FN:364,_RNvXNtNtCscUQfL4jadIi_14darwin_metrics7battery5testsNtB2_9MockIOKitNtNtNtB6_8hardware5iokit5IOKit13get_cpu_power
FN:339,_RNvXNtNtCscUQfL4jadIi_14darwin_metrics7battery5testsNtB2_9MockIOKitNtNtNtB6_8hardware5iokit5IOKit13get_fan_count
FN:335,_RNvXNtNtCscUQfL4jadIi_14darwin_metrics7battery5testsNtB2_9MockIOKitNtNtNtB6_8hardware5iokit5IOKit13get_fan_speed
FN:323,_RNvXNtNtCscUQfL4jadIi_14darwin_metrics7battery5testsNtB2_9MockIOKitNtNtNtB6_8hardware5iokit5IOKit13get_gpu_stats
FN:372,_RNvXNtNtCscUQfL4jadIi_14darwin_metrics7battery5testsNtB2_9MockIOKitNtNtNtB6_8hardware5iokit5IOKit16get_thermal_info
FN:285,_RNvXNtNtCscUQfL4jadIi_14darwin_metrics7battery5testsNtB2_9MockIOKitNtNtNtB6_8hardware5iokit5IOKit17get_bool_property
FN:298,_RNvXNtNtCscUQfL4jadIi_14darwin_metrics7battery5testsNtB2_9MockIOKitNtNtNtB6_8hardware5iokit5IOKit17get_dict_property
FN:259,_RNvXNtNtCscUQfL4jadIi_14darwin_metrics7battery5testsNtB2_9MockIOKitNtNtNtB6_8hardware5iokit5IOKit17io_object_release
FN:315,_RNvXNtNtCscUQfL4jadIi_14darwin_metrics7battery5testsNtB2_9MockIOKitNtNtNtB6_8hardware5iokit5IOKit19get_cpu_temperature
FN:319,_RNvXNtNtCscUQfL4jadIi_14darwin_metrics7battery5testsNtB2_9MockIOKitNtNtNtB6_8hardware5iokit5IOKit19get_gpu_temperature
FN:269,_RNvXNtNtCscUQfL4jadIi_14darwin_metrics7battery5testsNtB2_9MockIOKitNtNtNtB6_8hardware5iokit5IOKit19get_number_property
FN:261,_RNvXNtNtCscUQfL4jadIi_14darwin_metrics7battery5testsNtB2_9MockIOKitNtNtNtB6_8hardware5iokit5IOKit19get_string_property
FN:238,_RNvXNtNtCscUQfL4jadIi_14darwin_metrics7battery5testsNtB2_9MockIOKitNtNtNtB6_8hardware5iokit5IOKit19io_service_matching
FN:356,_RNvXNtNtCscUQfL4jadIi_14darwin_metrics7battery5testsNtB2_9MockIOKitNtNtNtB6_8hardware5iokit5IOKit23get_ambient_temperature
FN:360,_RNvXNtNtCscUQfL4jadIi_14darwin_metrics7battery5testsNtB2_9MockIOKitNtNtNtB6_8hardware5iokit5IOKit23get_battery_temperature
FN:368,_RNvXNtNtCscUQfL4jadIi_14darwin_metrics7battery5testsNtB2_9MockIOKitNtNtNtB6_8hardware5iokit5IOKit24check_thermal_throttling
FN:352,_RNvXNtNtCscUQfL4jadIi_14darwin_metrics7battery5testsNtB2_9MockIOKitNtNtNtB6_8hardware5iokit5IOKit24get_heatsink_temperature
FN:310,_RNvXNtNtCscUQfL4jadIi_14darwin_metrics7battery5testsNtB2_9MockIOKitNtNtNtB6_8hardware5iokit5IOKit28io_registry_entry_get_parent
FN:245,_RNvXNtNtCscUQfL4jadIi_14darwin_metrics7battery5testsNtB2_9MockIOKitNtNtNtB6_8hardware5iokit5IOKit31io_service_get_matching_service
FN:252,_RNvXNtNtCscUQfL4jadIi_14darwin_metrics7battery5testsNtB2_9MockIOKitNtNtNtB6_8hardware5iokit5IOKit38io_registry_entry_create_cf_properties
FN:151,_RNvMs_NtCscUQfL4jadIi_14darwin_metrics7batteryNtB4_7Battery11is_critical
FN:128,_RNvMs_NtCscUQfL4jadIi_14darwin_metrics7batteryNtB4_7Battery11with_values
FN:170,_RNvMs_NtCscUQfL4jadIi_14darwin_metrics7batteryNtB4_7Battery14is_health_poor
FN:174,_RNvMs_NtCscUQfL4jadIi_14darwin_metrics7batteryNtB4_7Battery20has_high_cycle_count
FN:178,_RNvMs_NtCscUQfL4jadIi_14darwin_metrics7batteryNtB4_7Battery20power_source_display
FN:159,_RNvMs_NtCscUQfL4jadIi_14darwin_metrics7batteryNtB4_7Battery22time_remaining_display
FN:186,_RNvMs_NtCscUQfL4jadIi_14darwin_metrics7batteryNtB4_7Battery23is_temperature_critical
FN:155,_RNvMs_NtCscUQfL4jadIi_14darwin_metrics7batteryNtB4_7Battery6is_low
FN:56,_RNvMs_NtCscUQfL4jadIi_14darwin_metrics7batteryNtB4_7Battery6update
FN:113,_RNvMs_NtCscUQfL4jadIi_14darwin_metrics7batteryNtB4_7Battery8get_info
FN:44,_RNvXNtCscUQfL4jadIi_14darwin_metrics7batteryNtB2_7BatteryNtNtCs4P3ALgZxGbJ_4core7default7Default7default
FN:192,_RNvXs0_NtCscUQfL4jadIi_14darwin_metrics7batteryNtB5_7BatteryNtNtCs4P3ALgZxGbJ_4core5clone5Clone5clone
FN:208,_RNvXs1_NtCscUQfL4jadIi_14darwin_metrics7batteryNtB5_7BatteryNtNtCs4P3ALgZxGbJ_4core3cmp9PartialEq2eq
FN:151,_RNvMs_NtCsgzbQ35vyMKY_14darwin_metrics7batteryNtB4_7Battery11is_critical
FN:128,_RNvMs_NtCsgzbQ35vyMKY_14darwin_metrics7batteryNtB4_7Battery11with_values
FN:170,_RNvMs_NtCsgzbQ35vyMKY_14darwin_metrics7batteryNtB4_7Battery14is_health_poor
FN:174,_RNvMs_NtCsgzbQ35vyMKY_14darwin_metrics7batteryNtB4_7Battery20has_high_cycle_count
FN:178,_RNvMs_NtCsgzbQ35vyMKY_14darwin_metrics7batteryNtB4_7Battery20power_source_display
FN:159,_RNvMs_NtCsgzbQ35vyMKY_14darwin_metrics7batteryNtB4_7Battery22time_remaining_display
FN:186,_RNvMs_NtCsgzbQ35vyMKY_14darwin_metrics7batteryNtB4_7Battery23is_temperature_critical
FN:50,_RNvMs_NtCsgzbQ35vyMKY_14darwin_metrics7batteryNtB4_7Battery3new
FN:155,_RNvMs_NtCsgzbQ35vyMKY_14darwin_metrics7batteryNtB4_7Battery6is_low
FN:56,_RNvMs_NtCsgzbQ35vyMKY_14darwin_metrics7batteryNtB4_7Battery6update
FN:113,_RNvMs_NtCsgzbQ35vyMKY_14darwin_metrics7batteryNtB4_7Battery8get_info
FN:44,_RNvXNtCsgzbQ35vyMKY_14darwin_metrics7batteryNtB2_7BatteryNtNtCs4P3ALgZxGbJ_4core7default7Default7default
FN:192,_RNvXs0_NtCsgzbQ35vyMKY_14darwin_metrics7batteryNtB5_7BatteryNtNtCs4P3ALgZxGbJ_4core5clone5Clone5clone
FN:208,_RNvXs1_NtCsgzbQ35vyMKY_14darwin_metrics7batteryNtB5_7BatteryNtNtCs4P3ALgZxGbJ_4core3cmp9PartialEq2eq
FNDA:0,_RNvMs_NtCscUQfL4jadIi_14darwin_metrics7batteryNtB4_7Battery3new
FNDA:6,_RNvNtNtCscUQfL4jadIi_14darwin_metrics7battery5tests19create_mock_battery
FNDA:1,_RNvNtNtCscUQfL4jadIi_14darwin_metrics7battery5testss_15test_battery_eq
FNDA:1,_RNvNtNtCscUQfL4jadIi_14darwin_metrics7battery5testss_16test_battery_new
FNDA:1,_RNvNtNtCscUQfL4jadIi_14darwin_metrics7battery5testss_18test_battery_clone
FNDA:1,_RNvNtNtCscUQfL4jadIi_14darwin_metrics7battery5testss_19test_battery_is_low
FNDA:1,_RNvNtNtCscUQfL4jadIi_14darwin_metrics7battery5testss_21test_battery_get_info
FNDA:1,_RNvNtNtCscUQfL4jadIi_14darwin_metrics7battery5testss_24test_battery_is_critical
FNDA:1,_RNvNtNtCscUQfL4jadIi_14darwin_metrics7battery5testss_24test_battery_with_values
FNDA:1,_RNvNtNtCscUQfL4jadIi_14darwin_metrics7battery5testss_27test_battery_is_health_poor
FNDA:1,_RNvNtNtCscUQfL4jadIi_14darwin_metrics7battery5testss_27test_battery_update_present
FNDA:1,_RNvNtNtCscUQfL4jadIi_14darwin_metrics7battery5testss_31test_battery_update_not_present
FNDA:1,_RNvNtNtCscUQfL4jadIi_14darwin_metrics7battery5testss_33test_battery_has_high_cycle_count
FNDA:1,_RNvNtNtCscUQfL4jadIi_14darwin_metrics7battery5testss_33test_battery_power_source_display
FNDA:1,_RNvNtNtCscUQfL4jadIi_14darwin_metrics7battery5testss_35test_battery_time_remaining_display
FNDA:1,_RNvNtNtCscUQfL4jadIi_14darwin_metrics7battery5testss_36test_battery_is_temperature_critical
FNDA:0,_RNvXNtNtCscUQfL4jadIi_14darwin_metrics7battery5testsNtB2_9MockIOKitNtNtNtB6_8hardware5iokit5IOKit11get_service
FNDA:0,_RNvXNtNtCscUQfL4jadIi_14darwin_metrics7battery5testsNtB2_9MockIOKitNtNtNtB6_8hardware5iokit5IOKit12get_all_fans
FNDA:0,_RNvXNtNtCscUQfL4jadIi_14darwin_metrics7battery5testsNtB2_9MockIOKitNtNtNtB6_8hardware5iokit5IOKit12get_fan_info
FNDA:0,_RNvXNtNtCscUQfL4jadIi_14darwin_metrics7battery5testsNtB2_9MockIOKitNtNtNtB6_8hardware5iokit5IOKit12read_smc_key
FNDA:0,_RNvXNtNtCscUQfL4jadIi_14darwin_metrics7battery5testsNtB2_9MockIOKitNtNtNtB6_8hardware5iokit5IOKit13get_cpu_power
FNDA:0,_RNvXNtNtCscUQfL4jadIi_14darwin_metrics7battery5testsNtB2_9MockIOKitNtNtNtB6_8hardware5iokit5IOKit13get_fan_count
FNDA:0,_RNvXNtNtCscUQfL4jadIi_14darwin_metrics7battery5testsNtB2_9MockIOKitNtNtNtB6_8hardware5iokit5IOKit13get_fan_speed
FNDA:0,_RNvXNtNtCscUQfL4jadIi_14darwin_metrics7battery5testsNtB2_9MockIOKitNtNtNtB6_8hardware5iokit5IOKit13get_gpu_stats
FNDA:0,_RNvXNtNtCscUQfL4jadIi_14darwin_metrics7battery5testsNtB2_9MockIOKitNtNtNtB6_8hardware5iokit5IOKit16get_thermal_info
FNDA:16,_RNvXNtNtCscUQfL4jadIi_14darwin_metrics7battery5testsNtB2_9MockIOKitNtNtNtB6_8hardware5iokit5IOKit17get_bool_property
FNDA:0,_RNvXNtNtCscUQfL4jadIi_14darwin_metrics7battery5testsNtB2_9MockIOKitNtNtNtB6_8hardware5iokit5IOKit17get_dict_property
FNDA:0,_RNvXNtNtCscUQfL4jadIi_14darwin_metrics7battery5testsNtB2_9MockIOKitNtNtNtB6_8hardware5iokit5IOKit17io_object_release
FNDA:0,_RNvXNtNtCscUQfL4jadIi_14darwin_metrics7battery5testsNtB2_9MockIOKitNtNtNtB6_8hardware5iokit5IOKit19get_cpu_temperature
FNDA:0,_RNvXNtNtCscUQfL4jadIi_14darwin_metrics7battery5testsNtB2_9MockIOKitNtNtNtB6_8hardware5iokit5IOKit19get_gpu_temperature
FNDA:30,_RNvXNtNtCscUQfL4jadIi_14darwin_metrics7battery5testsNtB2_9MockIOKitNtNtNtB6_8hardware5iokit5IOKit19get_number_property
FNDA:0,_RNvXNtNtCscUQfL4jadIi_14darwin_metrics7battery5testsNtB2_9MockIOKitNtNtNtB6_8hardware5iokit5IOKit19get_string_property
FNDA:7,_RNvXNtNtCscUQfL4jadIi_14darwin_metrics7battery5testsNtB2_9MockIOKitNtNtNtB6_8hardware5iokit5IOKit19io_service_matching
FNDA:0,_RNvXNtNtCscUQfL4jadIi_14darwin_metrics7battery5testsNtB2_9MockIOKitNtNtNtB6_8hardware5iokit5IOKit23get_ambient_temperature
FNDA:0,_RNvXNtNtCscUQfL4jadIi_14darwin_metrics7battery5testsNtB2_9MockIOKitNtNtNtB6_8hardware5iokit5IOKit23get_battery_temperature
FNDA:0,_RNvXNtNtCscUQfL4jadIi_14darwin_metrics7battery5testsNtB2_9MockIOKitNtNtNtB6_8hardware5iokit5IOKit24check_thermal_throttling
FNDA:0,_RNvXNtNtCscUQfL4jadIi_14darwin_metrics7battery5testsNtB2_9MockIOKitNtNtNtB6_8hardware5iokit5IOKit24get_heatsink_temperature
FNDA:0,_RNvXNtNtCscUQfL4jadIi_14darwin_metrics7battery5testsNtB2_9MockIOKitNtNtNtB6_8hardware5iokit5IOKit28io_registry_entry_get_parent
FNDA:7,_RNvXNtNtCscUQfL4jadIi_14darwin_metrics7battery5testsNtB2_9MockIOKitNtNtNtB6_8hardware5iokit5IOKit31io_service_get_matching_service
FNDA:7,_RNvXNtNtCscUQfL4jadIi_14darwin_metrics7battery5testsNtB2_9MockIOKitNtNtNtB6_8hardware5iokit5IOKit38io_registry_entry_create_cf_properties
FNDA:2,_RNvMs_NtCscUQfL4jadIi_14darwin_metrics7batteryNtB4_7Battery11is_critical
FNDA:18,_RNvMs_NtCscUQfL4jadIi_14darwin_metrics7batteryNtB4_7Battery11with_values
FNDA:2,_RNvMs_NtCscUQfL4jadIi_14darwin_metrics7batteryNtB4_7Battery14is_health_poor
FNDA:2,_RNvMs_NtCscUQfL4jadIi_14darwin_metrics7batteryNtB4_7Battery20has_high_cycle_count
FNDA:3,_RNvMs_NtCscUQfL4jadIi_14darwin_metrics7batteryNtB4_7Battery20power_source_display
FNDA:3,_RNvMs_NtCscUQfL4jadIi_14darwin_metrics7batteryNtB4_7Battery22time_remaining_display
FNDA:2,_RNvMs_NtCscUQfL4jadIi_14darwin_metrics7batteryNtB4_7Battery23is_temperature_critical
FNDA:2,_RNvMs_NtCscUQfL4jadIi_14darwin_metrics7batteryNtB4_7Battery6is_low
FNDA:6,_RNvMs_NtCscUQfL4jadIi_14darwin_metrics7batteryNtB4_7Battery6update
FNDA:1,_RNvMs_NtCscUQfL4jadIi_14darwin_metrics7batteryNtB4_7Battery8get_info
FNDA:17,_RNvXNtCscUQfL4jadIi_14darwin_metrics7batteryNtB2_7BatteryNtNtCs4P3ALgZxGbJ_4core7default7Default7default
FNDA:2,_RNvXs0_NtCscUQfL4jadIi_14darwin_metrics7batteryNtB5_7BatteryNtNtCs4P3ALgZxGbJ_4core5clone5Clone5clone
FNDA:2,_RNvXs1_NtCscUQfL4jadIi_14darwin_metrics7batteryNtB5_7BatteryNtNtCs4P3ALgZxGbJ_4core3cmp9PartialEq2eq
FNDA:0,_RNvMs_NtCsgzbQ35vyMKY_14darwin_metrics7batteryNtB4_7Battery11is_critical
FNDA:0,_RNvMs_NtCsgzbQ35vyMKY_14darwin_metrics7batteryNtB4_7Battery11with_values
FNDA:0,_RNvMs_NtCsgzbQ35vyMKY_14darwin_metrics7batteryNtB4_7Battery14is_health_poor
FNDA:0,_RNvMs_NtCsgzbQ35vyMKY_14darwin_metrics7batteryNtB4_7Battery20has_high_cycle_count
FNDA:0,_RNvMs_NtCsgzbQ35vyMKY_14darwin_metrics7batteryNtB4_7Battery20power_source_display
FNDA:0,_RNvMs_NtCsgzbQ35vyMKY_14darwin_metrics7batteryNtB4_7Battery22time_remaining_display
FNDA:0,_RNvMs_NtCsgzbQ35vyMKY_14darwin_metrics7batteryNtB4_7Battery23is_temperature_critical
FNDA:0,_RNvMs_NtCsgzbQ35vyMKY_14darwin_metrics7batteryNtB4_7Battery3new
FNDA:0,_RNvMs_NtCsgzbQ35vyMKY_14darwin_metrics7batteryNtB4_7Battery6is_low
FNDA:0,_RNvMs_NtCsgzbQ35vyMKY_14darwin_metrics7batteryNtB4_7Battery6update
FNDA:0,_RNvMs_NtCsgzbQ35vyMKY_14darwin_metrics7batteryNtB4_7Battery8get_info
FNDA:0,_RNvXNtCsgzbQ35vyMKY_14darwin_metrics7batteryNtB2_7BatteryNtNtCs4P3ALgZxGbJ_4core7default7Default7default
FNDA:0,_RNvXs0_NtCsgzbQ35vyMKY_14darwin_metrics7batteryNtB5_7BatteryNtNtCs4P3ALgZxGbJ_4core5clone5Clone5clone
FNDA:0,_RNvXs1_NtCsgzbQ35vyMKY_14darwin_metrics7batteryNtB5_7BatteryNtNtCs4P3ALgZxGbJ_4core3cmp9PartialEq2eq
FNF:53
FNH:33
DA:44,17
DA:45,17
DA:46,17
DA:50,0
DA:51,0
DA:52,0
DA:53,0
DA:54,0
DA:56,6
DA:57,6
DA:58,6
DA:60,6
DA:61,0
DA:64,6
DA:66,6
DA:67,6
DA:68,6
DA:69,6
DA:70,1
DA:71,1
DA:72,1
DA:73,1
DA:74,1
DA:75,1
DA:76,1
DA:77,1
DA:78,5
DA:79,5
DA:80,5
DA:81,5
DA:82,5
DA:83,5
DA:84,5
DA:86,5
DA:87,5
DA:88,5
DA:89,5
DA:90,5
DA:91,5
DA:93,5
DA:94,5
DA:95,5
DA:96,5
DA:97,5
DA:98,5
DA:100,5
DA:101,5
DA:102,5
DA:103,5
DA:104,5
DA:105,5
DA:106,5
DA:107,5
DA:108,5
DA:109,5
DA:110,5
DA:111,6
DA:113,1
DA:114,1
DA:115,1
DA:117,1
DA:118,0
DA:121,1
DA:122,1
DA:123,0
DA:125,1
DA:128,18
DA:129,18
DA:130,18
DA:131,18
DA:132,18
DA:133,18
DA:134,18
DA:135,18
DA:136,18
DA:137,18
DA:138,18
DA:139,18
DA:140,18
DA:141,18
DA:142,18
DA:143,18
DA:144,18
DA:145,18
DA:146,18
DA:147,18
DA:148,18
DA:149,18
DA:151,2
DA:152,2
DA:153,2
DA:155,2
DA:156,2
DA:157,2
DA:159,3
DA:160,3
DA:161,3
DA:162,2
DA:164,1
DA:165,1
DA:166,1
DA:168,3
DA:170,2
DA:171,2
DA:172,2
DA:174,2
DA:175,2
DA:176,2
DA:178,3
DA:179,3
DA:180,1
DA:181,1
DA:182,1
DA:184,3
DA:186,2
DA:187,2
DA:188,2
DA:192,2
DA:193,2
DA:194,2
DA:195,2
DA:196,2
DA:197,2
DA:198,2
DA:199,2
DA:200,2
DA:201,2
DA:202,2
DA:203,2
DA:204,2
DA:208,2
DA:209,2
DA:210,2
DA:211,2
DA:212,1
DA:213,1
DA:214,1
DA:215,1
DA:216,1
DA:217,2
DA:238,7
DA:239,7
DA:240,7
DA:241,7
DA:242,7
DA:243,7
DA:245,7
DA:246,7
DA:247,7
DA:248,7
DA:249,7
DA:250,7
DA:252,7
DA:253,7
DA:254,7
DA:255,7
DA:256,7
DA:257,7
DA:259,0
DA:261,0
DA:262,0
DA:263,0
DA:264,0
DA:265,0
DA:266,0
DA:267,0
DA:269,30
DA:270,30
DA:271,30
DA:272,30
DA:273,30
DA:274,30
DA:275,30
DA:276,25
DA:277,20
DA:278,15
DA:279,10
DA:280,5
DA:281,0
DA:283,30
DA:285,16
DA:286,16
DA:287,16
DA:288,16
DA:289,16
DA:290,16
DA:291,16
DA:292,10
DA:293,5
DA:294,0
DA:296,16
DA:298,0
DA:299,0
DA:300,0
DA:301,0
DA:302,0
DA:303,0
DA:304,0
DA:306,0
DA:307,0
DA:308,0
DA:310,0
DA:311,0
DA:312,0
DA:315,0
DA:316,0
DA:317,0
DA:319,0
DA:320,0
DA:321,0
DA:323,0
DA:324,0
DA:325,0
DA:326,0
DA:327,0
DA:328,0
DA:329,0
DA:330,0
DA:331,0
DA:332,0
DA:335,0
DA:336,0
DA:337,0
DA:339,0
DA:340,0
DA:341,0
DA:343,0
DA:344,0
DA:345,0
DA:347,0
DA:348,0
DA:349,0
DA:352,0
DA:353,0
DA:354,0
DA:356,0
DA:357,0
DA:358,0
DA:360,0
DA:361,0
DA:362,0
DA:364,0
DA:365,0
DA:366,0
DA:368,0
DA:369,0
DA:370,0
DA:372,0
DA:373,0
DA:374,0
DA:375,0
DA:376,0
DA:377,0
DA:378,0
DA:379,0
DA:380,0
DA:381,0
DA:382,0
DA:384,0
DA:385,0
DA:386,0
DA:390,6
DA:391,6
DA:392,6
DA:393,6
DA:394,6
DA:395,6
DA:396,6
DA:397,6
DA:398,6
DA:399,6
DA:400,6
DA:401,6
DA:402,6
DA:403,6
DA:404,6
DA:407,1
DA:408,1
DA:409,1
DA:410,1
DA:411,1
DA:412,1
DA:413,1
DA:416,1
DA:417,1
DA:418,1
DA:419,1
DA:420,1
DA:421,1
DA:422,1
DA:423,1
DA:424,1
DA:425,1
DA:426,1
DA:428,1
DA:429,1
DA:430,1
DA:433,1
DA:434,1
DA:435,1
DA:436,1
DA:437,1
DA:438,1
DA:439,1
DA:440,1
DA:441,1
DA:442,1
DA:443,1
DA:444,1
DA:445,1
DA:446,1
DA:449,1
DA:450,1
DA:451,1
DA:452,1
DA:453,1
DA:454,1
DA:455,1
DA:456,1
DA:457,1
DA:460,1
DA:461,1
DA:462,1
DA:463,1
DA:464,1
DA:465,1
DA:466,1
DA:467,1
DA:468,1
DA:469,1
DA:470,1
DA:471,1
DA:472,1
DA:475,1
DA:476,1
DA:477,1
DA:478,1
DA:480,1
DA:481,1
DA:482,1
DA:483,1
DA:486,1
DA:487,1
DA:488,1
DA:490,1
DA:491,1
DA:492,1
DA:495,1
DA:496,1
DA:497,1
DA:498,1
DA:499,1
DA:500,1
DA:503,1
DA:504,1
DA:505,1
DA:508,1
DA:509,1
DA:510,1
DA:513,1
DA:514,1
DA:515,1
DA:517,1
DA:518,1
DA:519,1
DA:522,1
DA:523,1
DA:524,1
DA:526,1
DA:527,1
DA:528,1
DA:531,1
DA:532,1
DA:533,1
DA:535,1
DA:536,1
DA:538,1
DA:539,1
DA:540,1
DA:543,1
DA:544,1
DA:545,1
DA:547,1
DA:548,1
DA:549,1
DA:552,1
DA:553,1
DA:554,1
DA:555,1
DA:556,1
DA:557,1
DA:558,1
DA:559,1
DA:560,1
DA:561,1
DA:562,1
DA:563,1
DA:564,1
DA:567,1
DA:568,1
DA:569,1
DA:570,1
DA:571,1
DA:572,1
DA:573,1
DA:574,1
DA:577,1
DA:578,1
DA:579,1
BRF:0
BRH:0
LF:409
LH:321
end_of_record
SF:/Users/smeya/git/darwin-metrics/src/disk/mod.rs
FN:328,_RINvMs0_NtCscUQfL4jadIi_14darwin_metrics4diskNtB6_4Disk12get_for_pathpEB8_
FN:579,_RINvMs1_NtCscUQfL4jadIi_14darwin_metrics4diskNtB6_11DiskMonitor19get_volume_for_pathpEB8_
FN:340,_RNCINvMs0_NtCscUQfL4jadIi_14darwin_metrics4diskNtB8_4Disk12get_for_pathpE0Ba_
FN:613,_RNCINvMs1_NtCscUQfL4jadIi_14darwin_metrics4diskNtB8_11DiskMonitor19get_volume_for_pathpE0Ba_
FN:412,_RNvMs0_NtCscUQfL4jadIi_14darwin_metrics4diskNtB5_4Disk17available_display
FN:468,_RNvMs1_NtCscUQfL4jadIi_14darwin_metrics4diskNtB5_11DiskMonitor11get_volumes
FN:841,_RNvMs1_NtCscUQfL4jadIi_14darwin_metrics4diskNtB5_11DiskMonitor16detect_disk_type
FN:28,_RNvXNtCscUQfL4jadIi_14darwin_metrics4diskNtB2_8DiskTypeNtNtCs4P3ALgZxGbJ_4core7default7Default7default
FN:876,_RNvXs2_NtCscUQfL4jadIi_14darwin_metrics4diskNtB5_11DiskMonitorNtNtCs4P3ALgZxGbJ_4core7default7Default7default
FN:110,_RNvXs_NtCscUQfL4jadIi_14darwin_metrics4diskNtB4_9DiskStatsNtNtCs4P3ALgZxGbJ_4core7default7Default7default
FN:441,_RNvMs0_NtCscUQfL4jadIi_14darwin_metrics4diskNtB5_4Disk12format_bytes
FN:422,_RNvMs0_NtCscUQfL4jadIi_14darwin_metrics4diskNtB5_4Disk12used_display
FN:157,_RNvMs0_NtCscUQfL4jadIi_14darwin_metrics4diskNtB5_4Disk12with_details
FN:417,_RNvMs0_NtCscUQfL4jadIi_14darwin_metrics4diskNtB5_4Disk13total_display
FN:407,_RNvMs0_NtCscUQfL4jadIi_14darwin_metrics4diskNtB5_4Disk14is_nearly_full
FN:399,_RNvMs0_NtCscUQfL4jadIi_14darwin_metrics4diskNtB5_4Disk16usage_percentage
FN:134,_RNvMs0_NtCscUQfL4jadIi_14darwin_metrics4diskNtB5_4Disk3new
FN:228,_RNvMs0_NtCscUQfL4jadIi_14darwin_metrics4diskNtB5_4Disk7get_all
FN:427,_RNvMs0_NtCscUQfL4jadIi_14darwin_metrics4diskNtB5_4Disk7summary
FN:180,_RNvMs0_NtCscUQfL4jadIi_14darwin_metrics4diskNtB5_4Disk8get_info
FN:661,_RNvMs1_NtCscUQfL4jadIi_14darwin_metrics4diskNtB5_11DiskMonitor15get_performance
FN:463,_RNvMs1_NtCscUQfL4jadIi_14darwin_metrics4diskNtB5_11DiskMonitor3new
FN:804,_RNvMs1_NtCscUQfL4jadIi_14darwin_metrics4diskNtB5_11DiskMonitor6update
FN:959,_RNCNvNtNtCscUQfL4jadIi_14darwin_metrics4disk5testss_20test_get_all_volumes0B7_
FN:924,_RNvNtNtCscUQfL4jadIi_14darwin_metrics4disk5testss_17test_format_bytes
FN:900,_RNvNtNtCscUQfL4jadIi_14darwin_metrics4disk5testss_19test_is_nearly_full
FN:950,_RNvNtNtCscUQfL4jadIi_14darwin_metrics4disk5testss_20test_get_all_volumes
FN:969,_RNvNtNtCscUQfL4jadIi_14darwin_metrics4disk5testss_21test_disk_performance
FN:934,_RNvNtNtCscUQfL4jadIi_14darwin_metrics4disk5testss_23test_get_root_disk_info
FN:886,_RNvNtNtCscUQfL4jadIi_14darwin_metrics4disk5testss_26test_disk_usage_percentage
FN:441,_RNvMs0_NtCsgzbQ35vyMKY_14darwin_metrics4diskNtB5_4Disk12format_bytes
FN:422,_RNvMs0_NtCsgzbQ35vyMKY_14darwin_metrics4diskNtB5_4Disk12used_display
FN:157,_RNvMs0_NtCsgzbQ35vyMKY_14darwin_metrics4diskNtB5_4Disk12with_details
FN:417,_RNvMs0_NtCsgzbQ35vyMKY_14darwin_metrics4diskNtB5_4Disk13total_display
FN:407,_RNvMs0_NtCsgzbQ35vyMKY_14darwin_metrics4diskNtB5_4Disk14is_nearly_full
FN:399,_RNvMs0_NtCsgzbQ35vyMKY_14darwin_metrics4diskNtB5_4Disk16usage_percentage
FN:412,_RNvMs0_NtCsgzbQ35vyMKY_14darwin_metrics4diskNtB5_4Disk17available_display
FN:134,_RNvMs0_NtCsgzbQ35vyMKY_14darwin_metrics4diskNtB5_4Disk3new
FN:228,_RNvMs0_NtCsgzbQ35vyMKY_14darwin_metrics4diskNtB5_4Disk7get_all
FN:427,_RNvMs0_NtCsgzbQ35vyMKY_14darwin_metrics4diskNtB5_4Disk7summary
FN:180,_RNvMs0_NtCsgzbQ35vyMKY_14darwin_metrics4diskNtB5_4Disk8get_info
FN:468,_RNvMs1_NtCsgzbQ35vyMKY_14darwin_metrics4diskNtB5_11DiskMonitor11get_volumes
FN:661,_RNvMs1_NtCsgzbQ35vyMKY_14darwin_metrics4diskNtB5_11DiskMonitor15get_performance
FN:841,_RNvMs1_NtCsgzbQ35vyMKY_14darwin_metrics4diskNtB5_11DiskMonitor16detect_disk_type
FN:463,_RNvMs1_NtCsgzbQ35vyMKY_14darwin_metrics4diskNtB5_11DiskMonitor3new
FN:804,_RNvMs1_NtCsgzbQ35vyMKY_14darwin_metrics4diskNtB5_11DiskMonitor6update
FN:28,_RNvXNtCsgzbQ35vyMKY_14darwin_metrics4diskNtB2_8DiskTypeNtNtCs4P3ALgZxGbJ_4core7default7Default7default
FN:876,_RNvXs2_NtCsgzbQ35vyMKY_14darwin_metrics4diskNtB5_11DiskMonitorNtNtCs4P3ALgZxGbJ_4core7default7Default7default
FN:110,_RNvXs_NtCsgzbQ35vyMKY_14darwin_metrics4diskNtB4_9DiskStatsNtNtCs4P3ALgZxGbJ_4core7default7Default7default
FN:328,_RINvMs0_NtCsgzbQ35vyMKY_14darwin_metrics4diskNtB6_4Disk12get_for_pathpEB8_
FN:579,_RINvMs1_NtCsgzbQ35vyMKY_14darwin_metrics4diskNtB6_11DiskMonitor19get_volume_for_pathpEB8_
FN:340,_RNCINvMs0_NtCsgzbQ35vyMKY_14darwin_metrics4diskNtB8_4Disk12get_for_pathpE0Ba_
FN:613,_RNCINvMs1_NtCsgzbQ35vyMKY_14darwin_metrics4diskNtB8_11DiskMonitor19get_volume_for_pathpE0Ba_
FNDA:0,_RINvMs0_NtCscUQfL4jadIi_14darwin_metrics4diskNtB6_4Disk12get_for_pathpEB8_
FNDA:0,_RINvMs1_NtCscUQfL4jadIi_14darwin_metrics4diskNtB6_11DiskMonitor19get_volume_for_pathpEB8_
FNDA:0,_RNCINvMs0_NtCscUQfL4jadIi_14darwin_metrics4diskNtB8_4Disk12get_for_pathpE0Ba_
FNDA:0,_RNCINvMs1_NtCscUQfL4jadIi_14darwin_metrics4diskNtB8_11DiskMonitor19get_volume_for_pathpE0Ba_
FNDA:0,_RNvMs0_NtCscUQfL4jadIi_14darwin_metrics4diskNtB5_4Disk17available_display
FNDA:0,_RNvMs1_NtCscUQfL4jadIi_14darwin_metrics4diskNtB5_11DiskMonitor11get_volumes
FNDA:0,_RNvMs1_NtCscUQfL4jadIi_14darwin_metrics4diskNtB5_11DiskMonitor16detect_disk_type
FNDA:0,_RNvXNtCscUQfL4jadIi_14darwin_metrics4diskNtB2_8DiskTypeNtNtCs4P3ALgZxGbJ_4core7default7Default7default
FNDA:0,_RNvXs2_NtCscUQfL4jadIi_14darwin_metrics4diskNtB5_11DiskMonitorNtNtCs4P3ALgZxGbJ_4core7default7Default7default
FNDA:0,_RNvXs_NtCscUQfL4jadIi_14darwin_metrics4diskNtB4_9DiskStatsNtNtCs4P3ALgZxGbJ_4core7default7Default7default
FNDA:26,_RNvMs0_NtCscUQfL4jadIi_14darwin_metrics4diskNtB5_4Disk12format_bytes
FNDA:9,_RNvMs0_NtCscUQfL4jadIi_14darwin_metrics4diskNtB5_4Disk12used_display
FNDA:9,_RNvMs0_NtCscUQfL4jadIi_14darwin_metrics4diskNtB5_4Disk12with_details
FNDA:9,_RNvMs0_NtCscUQfL4jadIi_14darwin_metrics4diskNtB5_4Disk13total_display
FNDA:2,_RNvMs0_NtCscUQfL4jadIi_14darwin_metrics4diskNtB5_4Disk14is_nearly_full
FNDA:12,_RNvMs0_NtCscUQfL4jadIi_14darwin_metrics4diskNtB5_4Disk16usage_percentage
FNDA:3,_RNvMs0_NtCscUQfL4jadIi_14darwin_metrics4diskNtB5_4Disk3new
FNDA:1,_RNvMs0_NtCscUQfL4jadIi_14darwin_metrics4diskNtB5_4Disk7get_all
FNDA:9,_RNvMs0_NtCscUQfL4jadIi_14darwin_metrics4diskNtB5_4Disk7summary
FNDA:1,_RNvMs0_NtCscUQfL4jadIi_14darwin_metrics4diskNtB5_4Disk8get_info
FNDA:1,_RNvMs1_NtCscUQfL4jadIi_14darwin_metrics4diskNtB5_11DiskMonitor15get_performance
FNDA:1,_RNvMs1_NtCscUQfL4jadIi_14darwin_metrics4diskNtB5_11DiskMonitor3new
FNDA:1,_RNvMs1_NtCscUQfL4jadIi_14darwin_metrics4diskNtB5_11DiskMonitor6update
FNDA:1,_RNCNvNtNtCscUQfL4jadIi_14darwin_metrics4disk5testss_20test_get_all_volumes0B7_
FNDA:1,_RNvNtNtCscUQfL4jadIi_14darwin_metrics4disk5testss_17test_format_bytes
FNDA:1,_RNvNtNtCscUQfL4jadIi_14darwin_metrics4disk5testss_19test_is_nearly_full
FNDA:1,_RNvNtNtCscUQfL4jadIi_14darwin_metrics4disk5testss_20test_get_all_volumes
FNDA:1,_RNvNtNtCscUQfL4jadIi_14darwin_metrics4disk5testss_21test_disk_performance
FNDA:1,_RNvNtNtCscUQfL4jadIi_14darwin_metrics4disk5testss_23test_get_root_disk_info
FNDA:1,_RNvNtNtCscUQfL4jadIi_14darwin_metrics4disk5testss_26test_disk_usage_percentage
FNDA:0,_RNvMs0_NtCsgzbQ35vyMKY_14darwin_metrics4diskNtB5_4Disk12format_bytes
FNDA:0,_RNvMs0_NtCsgzbQ35vyMKY_14darwin_metrics4diskNtB5_4Disk12used_display
FNDA:0,_RNvMs0_NtCsgzbQ35vyMKY_14darwin_metrics4diskNtB5_4Disk12with_details
FNDA:0,_RNvMs0_NtCsgzbQ35vyMKY_14darwin_metrics4diskNtB5_4Disk13total_display
FNDA:0,_RNvMs0_NtCsgzbQ35vyMKY_14darwin_metrics4diskNtB5_4Disk14is_nearly_full
FNDA:0,_RNvMs0_NtCsgzbQ35vyMKY_14darwin_metrics4diskNtB5_4Disk16usage_percentage
FNDA:0,_RNvMs0_NtCsgzbQ35vyMKY_14darwin_metrics4diskNtB5_4Disk17available_display
FNDA:0,_RNvMs0_NtCsgzbQ35vyMKY_14darwin_metrics4diskNtB5_4Disk3new
FNDA:0,_RNvMs0_NtCsgzbQ35vyMKY_14darwin_metrics4diskNtB5_4Disk7get_all
FNDA:0,_RNvMs0_NtCsgzbQ35vyMKY_14darwin_metrics4diskNtB5_4Disk7summary
FNDA:0,_RNvMs0_NtCsgzbQ35vyMKY_14darwin_metrics4diskNtB5_4Disk8get_info
FNDA:0,_RNvMs1_NtCsgzbQ35vyMKY_14darwin_metrics4diskNtB5_11DiskMonitor11get_volumes
FNDA:0,_RNvMs1_NtCsgzbQ35vyMKY_14darwin_metrics4diskNtB5_11DiskMonitor15get_performance
FNDA:0,_RNvMs1_NtCsgzbQ35vyMKY_14darwin_metrics4diskNtB5_11DiskMonitor16detect_disk_type
FNDA:0,_RNvMs1_NtCsgzbQ35vyMKY_14darwin_metrics4diskNtB5_11DiskMonitor3new
FNDA:0,_RNvMs1_NtCsgzbQ35vyMKY_14darwin_metrics4diskNtB5_11DiskMonitor6update
FNDA:0,_RNvXNtCsgzbQ35vyMKY_14darwin_metrics4diskNtB2_8DiskTypeNtNtCs4P3ALgZxGbJ_4core7default7Default7default
FNDA:0,_RNvXs2_NtCsgzbQ35vyMKY_14darwin_metrics4diskNtB5_11DiskMonitorNtNtCs4P3ALgZxGbJ_4core7default7Default7default
FNDA:0,_RNvXs_NtCsgzbQ35vyMKY_14darwin_metrics4diskNtB4_9DiskStatsNtNtCs4P3ALgZxGbJ_4core7default7Default7default
FNDA:0,_RINvMs0_NtCsgzbQ35vyMKY_14darwin_metrics4diskNtB6_4Disk12get_for_pathpEB8_
FNDA:0,_RINvMs1_NtCsgzbQ35vyMKY_14darwin_metrics4diskNtB6_11DiskMonitor19get_volume_for_pathpEB8_
FNDA:0,_RNCINvMs0_NtCsgzbQ35vyMKY_14darwin_metrics4diskNtB8_4Disk12get_for_pathpE0Ba_
FNDA:0,_RNCINvMs1_NtCsgzbQ35vyMKY_14darwin_metrics4diskNtB8_11DiskMonitor19get_volume_for_pathpE0Ba_
FNF:30
FNH:20
DA:28,0
DA:29,0
DA:30,0
DA:110,0
DA:111,0
DA:112,0
DA:113,0
DA:114,0
DA:115,0
DA:116,0
DA:117,0
DA:118,0
DA:119,0
DA:120,0
DA:134,3
DA:135,3
DA:136,3
DA:137,3
DA:138,3
DA:139,3
DA:140,3
DA:141,3
DA:142,3
DA:143,3
DA:144,3
DA:145,3
DA:146,3
DA:147,3
DA:148,3
DA:149,3
DA:150,3
DA:151,3
DA:152,3
DA:153,3
DA:157,9
DA:158,9
DA:159,9
DA:160,9
DA:161,9
DA:162,9
DA:163,9
DA:164,9
DA:165,9
DA:166,9
DA:167,9
DA:168,9
DA:169,9
DA:170,9
DA:171,9
DA:172,9
DA:173,9
DA:174,9
DA:175,9
DA:176,9
DA:177,9
DA:180,1
DA:187,1
DA:188,1
DA:189,1
DA:190,1
DA:191,1
DA:192,1
DA:193,0
DA:194,1
DA:195,1
DA:196,1
DA:197,1
DA:198,1
DA:199,1
DA:200,1
DA:201,1
DA:202,1
DA:203,1
DA:204,1
DA:205,1
DA:206,1
DA:207,1
DA:208,1
DA:209,1
DA:210,1
DA:211,1
DA:212,1
DA:213,1
DA:214,1
DA:215,1
DA:216,1
DA:217,1
DA:218,1
DA:219,1
DA:220,1
DA:221,1
DA:222,1
DA:223,1
DA:224,1
DA:225,1
DA:228,1
DA:239,1
DA:240,1
DA:241,1
DA:242,0
DA:243,1
DA:244,1
DA:245,1
DA:246,1
DA:247,1
DA:248,1
DA:249,1
DA:250,1
DA:251,1
DA:252,1
DA:253,1
DA:254,0
DA:255,1
DA:256,1
DA:257,1
DA:258,1
DA:260,10
DA:261,10
DA:262,10
DA:263,10
DA:264,10
DA:265,10
DA:266,10
DA:267,10
DA:268,10
DA:269,10
DA:270,2
DA:271,8
DA:272,8
DA:273,8
DA:274,8
DA:275,8
DA:276,8
DA:277,8
DA:278,8
DA:279,8
DA:280,8
DA:281,8
DA:282,8
DA:283,8
DA:284,8
DA:285,8
DA:286,8
DA:287,8
DA:288,8
DA:289,8
DA:290,8
DA:291,8
DA:292,8
DA:293,8
DA:296,8
DA:297,8
DA:298,8
DA:299,8
DA:301,0
DA:302,8
DA:306,8
DA:308,0
DA:311,8
DA:312,8
DA:313,8
DA:314,8
DA:315,8
DA:316,8
DA:317,8
DA:318,8
DA:319,8
DA:320,8
DA:321,8
DA:324,1
DA:325,1
DA:328,0
DA:339,0
DA:340,0
DA:342,0
DA:343,0
DA:344,0
DA:345,0
DA:346,0
DA:347,0
DA:348,0
DA:349,0
DA:350,0
DA:351,0
DA:352,0
DA:353,0
DA:354,0
DA:355,0
DA:356,0
DA:357,0
DA:358,0
DA:359,0
DA:360,0
DA:361,0
DA:362,0
DA:363,0
DA:364,0
DA:365,0
DA:366,0
DA:367,0
DA:368,0
DA:369,0
DA:370,0
DA:371,0
DA:372,0
DA:373,0
DA:374,0
DA:375,0
DA:376,0
DA:377,0
DA:380,0
DA:381,0
DA:382,0
DA:383,0
DA:385,0
DA:386,0
DA:388,0
DA:390,0
DA:393,0
DA:394,0
DA:395,0
DA:396,0
DA:399,12
DA:400,12
DA:401,0
DA:402,12
DA:403,12
DA:404,12
DA:407,2
DA:408,2
DA:409,2
DA:412,0
DA:413,0
DA:414,0
DA:417,9
DA:418,9
DA:419,9
DA:422,9
DA:423,9
DA:424,9
DA:427,9
DA:428,9
DA:430,9
DA:431,9
DA:432,9
DA:433,9
DA:434,9
DA:435,9
DA:436,9
DA:437,9
DA:438,9
DA:441,26
DA:447,26
DA:448,1
DA:449,25
DA:450,13
DA:451,12
DA:452,7
DA:453,5
DA:454,2
DA:456,3
DA:458,26
DA:463,1
DA:464,1
DA:465,1
DA:468,0
DA:503,0
DA:504,0
DA:505,0
DA:506,0
DA:507,0
DA:508,0
DA:509,0
DA:510,0
DA:511,0
DA:512,0
DA:513,0
DA:514,0
DA:515,0
DA:516,0
DA:517,0
DA:518,0
DA:519,0
DA:520,0
DA:521,0
DA:522,0
DA:524,0
DA:525,0
DA:526,0
DA:527,0
DA:528,0
DA:529,0
DA:530,0
DA:531,0
DA:532,0
DA:533,0
DA:534,0
DA:535,0
DA:536,0
DA:537,0
DA:538,0
DA:539,0
DA:540,0
DA:541,0
DA:542,0
DA:543,0
DA:544,0
DA:545,0
DA:546,0
DA:547,0
DA:548,0
DA:549,0
DA:550,0
DA:551,0
DA:552,0
DA:553,0
DA:554,0
DA:555,0
DA:556,0
DA:557,0
DA:560,0
DA:561,0
DA:562,0
DA:563,0
DA:564,0
DA:565,0
DA:566,0
DA:567,0
DA:568,0
DA:569,0
DA:570,0
DA:571,0
DA:572,0
DA:575,0
DA:576,0
DA:579,0
DA:612,0
DA:613,0
DA:615,0
DA:616,0
DA:617,0
DA:618,0
DA:619,0
DA:620,0
DA:621,0
DA:622,0
DA:623,0
DA:624,0
DA:625,0
DA:626,0
DA:627,0
DA:628,0
DA:629,0
DA:630,0
DA:631,0
DA:632,0
DA:633,0
DA:634,0
DA:635,0
DA:636,0
DA:637,0
DA:638,0
DA:639,0
DA:640,0
DA:641,0
DA:642,0
DA:643,0
DA:644,0
DA:645,0
DA:646,0
DA:647,0
DA:648,0
DA:649,0
DA:650,0
DA:653,0
DA:654,0
DA:655,0
DA:656,0
DA:657,0
DA:658,0
DA:661,1
DA:662,1
DA:663,1
DA:664,1
DA:665,1
DA:666,1
DA:668,0
DA:669,0
DA:670,0
DA:671,0
DA:672,0
DA:673,0
DA:674,0
DA:675,0
DA:676,0
DA:677,0
DA:678,0
DA:679,0
DA:680,0
DA:681,0
DA:682,0
DA:683,0
DA:684,0
DA:685,0
DA:686,0
DA:687,0
DA:688,0
DA:689,0
DA:690,0
DA:691,0
DA:692,0
DA:693,0
DA:694,0
DA:695,0
DA:696,0
DA:697,0
DA:698,1
DA:699,1
DA:700,1
DA:701,1
DA:702,1
DA:703,1
DA:704,1
DA:705,1
DA:706,1
DA:707,1
DA:708,1
DA:709,1
DA:710,1
DA:711,1
DA:712,1
DA:713,1
DA:714,1
DA:715,1
DA:716,1
DA:717,1
DA:718,1
DA:719,1
DA:720,1
DA:721,1
DA:722,1
DA:723,1
DA:724,1
DA:725,1
DA:726,1
DA:727,1
DA:728,1
DA:731,1
DA:732,0
DA:734,1
DA:737,1
DA:738,0
DA:740,1
DA:744,1
DA:745,1
DA:747,1
DA:748,1
DA:750,0
DA:754,1
DA:755,1
DA:756,1
DA:757,1
DA:758,1
DA:759,1
DA:760,1
DA:761,1
DA:762,1
DA:763,1
DA:764,1
DA:765,1
DA:766,1
DA:767,0
DA:768,0
DA:771,1
DA:772,1
DA:773,1
DA:774,1
DA:775,1
DA:776,1
DA:777,1
DA:778,1
DA:779,1
DA:780,1
DA:781,1
DA:782,1
DA:783,1
DA:784,1
DA:785,0
DA:786,0
DA:787,0
DA:788,0
DA:789,0
DA:790,0
DA:791,0
DA:792,0
DA:793,0
DA:794,0
DA:795,0
DA:796,0
DA:797,0
DA:798,1
DA:800,1
DA:801,1
DA:804,1
DA:805,1
DA:806,1
DA:807,1
DA:808,1
DA:809,1
DA:810,1
DA:811,1
DA:812,1
DA:813,1
DA:814,1
DA:815,1
DA:816,1
DA:817,1
DA:818,1
DA:819,1
DA:820,1
DA:821,1
DA:822,1
DA:823,1
DA:824,1
DA:825,1
DA:826,1
DA:827,1
DA:828,1
DA:829,1
DA:830,1
DA:831,1
DA:832,1
DA:833,1
DA:834,1
DA:835,1
DA:836,1
DA:837,1
DA:838,1
DA:841,0
DA:842,0
DA:843,0
DA:844,0
DA:845,0
DA:846,0
DA:847,0
DA:848,0
DA:849,0
DA:851,0
DA:852,0
DA:853,0
DA:854,0
DA:855,0
DA:856,0
DA:857,0
DA:858,0
DA:859,0
DA:860,0
DA:861,0
DA:862,0
DA:863,0
DA:864,0
DA:865,0
DA:866,0
DA:867,0
DA:868,0
DA:869,0
DA:870,0
DA:871,0
DA:872,0
DA:876,0
DA:877,0
DA:878,0
DA:886,1
DA:887,1
DA:888,1
DA:889,1
DA:890,1
DA:891,1
DA:892,1
DA:893,1
DA:894,1
DA:895,1
DA:896,1
DA:897,1
DA:900,1
DA:901,1
DA:902,1
DA:903,1
DA:904,1
DA:905,1
DA:906,1
DA:907,1
DA:908,1
DA:909,1
DA:910,1
DA:911,1
DA:912,1
DA:913,1
DA:914,1
DA:915,1
DA:916,1
DA:917,1
DA:918,1
DA:919,1
DA:920,1
DA:921,1
DA:924,1
DA:925,1
DA:926,1
DA:927,1
DA:928,1
DA:929,1
DA:930,1
DA:931,1
DA:934,1
DA:935,1
DA:936,1
DA:937,1
DA:939,1
DA:940,1
DA:941,1
DA:942,1
DA:943,1
DA:944,1
DA:945,1
DA:946,0
DA:947,1
DA:950,1
DA:951,1
DA:952,1
DA:953,1
DA:955,1
DA:956,1
DA:959,1
DA:960,1
DA:962,9
DA:963,8
DA:964,8
DA:965,0
DA:966,1
DA:969,1
DA:970,1
DA:971,1
DA:972,1
DA:973,1
DA:974,1
DA:975,1
DA:976,1
DA:977,1
DA:978,1
DA:979,1
DA:980,1
DA:981,1
DA:983,1
DA:984,1
DA:986,2
DA:987,1
DA:988,1
DA:989,1
DA:990,1
DA:991,1
DA:992,1
DA:993,1
DA:994,1
DA:995,1
DA:996,1
DA:997,1
DA:998,1
DA:999,1
DA:1000,1
DA:1001,1
DA:1002,1
DA:1003,1
DA:1004,0
DA:1005,1
BRF:0
BRH:0
LF:678
LH:402
end_of_record
SF:/Users/smeya/git/darwin-metrics/src/error.rs
FN:254,_RNvNtNtCscUQfL4jadIi_14darwin_metrics5error5testss_18test_from_io_error
FN:190,_RNvNtNtCscUQfL4jadIi_14darwin_metrics5error5testss_21test_error_details_io
FN:207,_RNvNtNtCscUQfL4jadIi_14darwin_metrics5error5testss_24test_error_details_iokit
FN:221,_RNvNtNtCscUQfL4jadIi_14darwin_metrics5error5testss_24test_error_details_other
FN:162,_RNvNtNtCscUQfL4jadIi_14darwin_metrics5error5testss_27test_error_creation_methods
FN:244,_RNvNtNtCscUQfL4jadIi_14darwin_metrics5error5testss_27test_error_is_not_available
FN:199,_RNvNtNtCscUQfL4jadIi_14darwin_metrics5error5testss_29test_error_details_permission
FN:228,_RNvNtNtCscUQfL4jadIi_14darwin_metrics5error5testss_30test_error_is_permission_error
FN:214,_RNvNtNtCscUQfL4jadIi_14darwin_metrics5error5testss_32test_error_details_not_available
FN:86,_RINvMNtCscUQfL4jadIi_14darwin_metrics5errorNtB3_5Error12invalid_dataNtNtCsaxtFaqkp5wQ_5alloc6string6StringEB5_
FN:86,_RINvMNtCscUQfL4jadIi_14darwin_metrics5errorNtB3_5Error12invalid_dataReEB5_
FN:96,_RINvMNtCscUQfL4jadIi_14darwin_metrics5errorNtB3_5Error13not_availableReEB5_
FN:111,_RINvMNtCscUQfL4jadIi_14darwin_metrics5errorNtB3_5Error13process_errorNtNtCsaxtFaqkp5wQ_5alloc6string6StringEB5_
FN:111,_RINvMNtCscUQfL4jadIi_14darwin_metrics5errorNtB3_5Error13process_errorReEB5_
FN:91,_RINvMNtCscUQfL4jadIi_14darwin_metrics5errorNtB3_5Error15not_implementedReEB5_
FN:101,_RINvMNtCscUQfL4jadIi_14darwin_metrics5errorNtB3_5Error17permission_deniedReEB5_
FN:106,_RINvMNtCscUQfL4jadIi_14darwin_metrics5errorNtB3_5Error17service_not_foundNtNtCsaxtFaqkp5wQ_5alloc6string6StringEB5_
FN:106,_RINvMNtCscUQfL4jadIi_14darwin_metrics5errorNtB3_5Error17service_not_foundReEB5_
FN:76,_RINvMNtCscUQfL4jadIi_14darwin_metrics5errorNtB3_5Error6io_kitNtNtCsaxtFaqkp5wQ_5alloc6string6StringEB5_
FN:76,_RINvMNtCscUQfL4jadIi_14darwin_metrics5errorNtB3_5Error6io_kitReEB5_
FN:81,_RINvMNtCscUQfL4jadIi_14darwin_metrics5errorNtB3_5Error6systemNtNtCsaxtFaqkp5wQ_5alloc6string6StringEB5_
FN:81,_RINvMNtCscUQfL4jadIi_14darwin_metrics5errorNtB3_5Error6systemReEB5_
FN:141,_RNvMNtCscUQfL4jadIi_14darwin_metrics5errorNtB2_5Error16is_not_available
FN:135,_RNvMNtCscUQfL4jadIi_14darwin_metrics5errorNtB2_5Error19is_permission_error
FN:116,_RNvMNtCscUQfL4jadIi_14darwin_metrics5errorNtB2_5Error7details
FN:151,_RNvXs_NtCscUQfL4jadIi_14darwin_metrics5errorNtB4_5ErrorINtNtCs4P3ALgZxGbJ_4core7convert4FromNtNtNtCsfXerQ7jTsRl_3std2io5error5ErrorE4from
FN:86,_RINvMNtCsgzbQ35vyMKY_14darwin_metrics5errorNtB3_5Error12invalid_dataReEB5_
FN:111,_RINvMNtCsgzbQ35vyMKY_14darwin_metrics5errorNtB3_5Error13process_errorNtNtCsaxtFaqkp5wQ_5alloc6string6StringEB5_
FN:111,_RINvMNtCsgzbQ35vyMKY_14darwin_metrics5errorNtB3_5Error13process_errorReEB5_
FN:106,_RINvMNtCsgzbQ35vyMKY_14darwin_metrics5errorNtB3_5Error17service_not_foundNtNtCsaxtFaqkp5wQ_5alloc6string6StringEB5_
FN:106,_RINvMNtCsgzbQ35vyMKY_14darwin_metrics5errorNtB3_5Error17service_not_foundReEB5_
FN:76,_RINvMNtCsgzbQ35vyMKY_14darwin_metrics5errorNtB3_5Error6io_kitNtNtCsaxtFaqkp5wQ_5alloc6string6StringEB5_
FN:81,_RINvMNtCsgzbQ35vyMKY_14darwin_metrics5errorNtB3_5Error6systemNtNtCsaxtFaqkp5wQ_5alloc6string6StringEB5_
FN:81,_RINvMNtCsgzbQ35vyMKY_14darwin_metrics5errorNtB3_5Error6systemReEB5_
FN:141,_RNvMNtCsgzbQ35vyMKY_14darwin_metrics5errorNtB2_5Error16is_not_available
FN:135,_RNvMNtCsgzbQ35vyMKY_14darwin_metrics5errorNtB2_5Error19is_permission_error
FN:116,_RNvMNtCsgzbQ35vyMKY_14darwin_metrics5errorNtB2_5Error7details
FN:151,_RNvXs_NtCsgzbQ35vyMKY_14darwin_metrics5errorNtB4_5ErrorINtNtCs4P3ALgZxGbJ_4core7convert4FromNtNtNtCsfXerQ7jTsRl_3std2io5error5ErrorE4from
FN:96,_RINvMNtCsgzbQ35vyMKY_14darwin_metrics5errorNtB3_5Error13not_availablepEB5_
FN:91,_RINvMNtCsgzbQ35vyMKY_14darwin_metrics5errorNtB3_5Error15not_implementedpEB5_
FN:101,_RINvMNtCsgzbQ35vyMKY_14darwin_metrics5errorNtB3_5Error17permission_deniedpEB5_
FNDA:1,_RNvNtNtCscUQfL4jadIi_14darwin_metrics5error5testss_18test_from_io_error
FNDA:1,_RNvNtNtCscUQfL4jadIi_14darwin_metrics5error5testss_21test_error_details_io
FNDA:1,_RNvNtNtCscUQfL4jadIi_14darwin_metrics5error5testss_24test_error_details_iokit
FNDA:1,_RNvNtNtCscUQfL4jadIi_14darwin_metrics5error5testss_24test_error_details_other
FNDA:1,_RNvNtNtCscUQfL4jadIi_14darwin_metrics5error5testss_27test_error_creation_methods
FNDA:1,_RNvNtNtCscUQfL4jadIi_14darwin_metrics5error5testss_27test_error_is_not_available
FNDA:1,_RNvNtNtCscUQfL4jadIi_14darwin_metrics5error5testss_29test_error_details_permission
FNDA:1,_RNvNtNtCscUQfL4jadIi_14darwin_metrics5error5testss_30test_error_is_permission_error
FNDA:1,_RNvNtNtCscUQfL4jadIi_14darwin_metrics5error5testss_32test_error_details_not_available
FNDA:1,_RINvMNtCscUQfL4jadIi_14darwin_metrics5errorNtB3_5Error12invalid_dataNtNtCsaxtFaqkp5wQ_5alloc6string6StringEB5_
FNDA:5,_RINvMNtCscUQfL4jadIi_14darwin_metrics5errorNtB3_5Error12invalid_dataReEB5_
FNDA:1,_RINvMNtCscUQfL4jadIi_14darwin_metrics5errorNtB3_5Error13not_availableReEB5_
FNDA:1052,_RINvMNtCscUQfL4jadIi_14darwin_metrics5errorNtB3_5Error13process_errorNtNtCsaxtFaqkp5wQ_5alloc6string6StringEB5_
FNDA:1,_RINvMNtCscUQfL4jadIi_14darwin_metrics5errorNtB3_5Error13process_errorReEB5_
FNDA:1,_RINvMNtCscUQfL4jadIi_14darwin_metrics5errorNtB3_5Error15not_implementedReEB5_
FNDA:1,_RINvMNtCscUQfL4jadIi_14darwin_metrics5errorNtB3_5Error17permission_deniedReEB5_
FNDA:0,_RINvMNtCscUQfL4jadIi_14darwin_metrics5errorNtB3_5Error17service_not_foundNtNtCsaxtFaqkp5wQ_5alloc6string6StringEB5_
FNDA:2,_RINvMNtCscUQfL4jadIi_14darwin_metrics5errorNtB3_5Error17service_not_foundReEB5_
FNDA:1,_RINvMNtCscUQfL4jadIi_14darwin_metrics5errorNtB3_5Error6io_kitNtNtCsaxtFaqkp5wQ_5alloc6string6StringEB5_
FNDA:2,_RINvMNtCscUQfL4jadIi_14darwin_metrics5errorNtB3_5Error6io_kitReEB5_
FNDA:7,_RINvMNtCscUQfL4jadIi_14darwin_metrics5errorNtB3_5Error6systemNtNtCsaxtFaqkp5wQ_5alloc6string6StringEB5_
FNDA:4,_RINvMNtCscUQfL4jadIi_14darwin_metrics5errorNtB3_5Error6systemReEB5_
FNDA:2,_RNvMNtCscUQfL4jadIi_14darwin_metrics5errorNtB2_5Error16is_not_available
FNDA:4,_RNvMNtCscUQfL4jadIi_14darwin_metrics5errorNtB2_5Error19is_permission_error
FNDA:6,_RNvMNtCscUQfL4jadIi_14darwin_metrics5errorNtB2_5Error7details
FNDA:1,_RNvXs_NtCscUQfL4jadIi_14darwin_metrics5errorNtB4_5ErrorINtNtCs4P3ALgZxGbJ_4core7convert4FromNtNtNtCsfXerQ7jTsRl_3std2io5error5ErrorE4from
FNDA:0,_RINvMNtCsgzbQ35vyMKY_14darwin_metrics5errorNtB3_5Error12invalid_dataReEB5_
FNDA:0,_RINvMNtCsgzbQ35vyMKY_14darwin_metrics5errorNtB3_5Error13process_errorNtNtCsaxtFaqkp5wQ_5alloc6string6StringEB5_
FNDA:0,_RINvMNtCsgzbQ35vyMKY_14darwin_metrics5errorNtB3_5Error13process_errorReEB5_
FNDA:0,_RINvMNtCsgzbQ35vyMKY_14darwin_metrics5errorNtB3_5Error17service_not_foundNtNtCsaxtFaqkp5wQ_5alloc6string6StringEB5_
FNDA:0,_RINvMNtCsgzbQ35vyMKY_14darwin_metrics5errorNtB3_5Error17service_not_foundReEB5_
FNDA:0,_RINvMNtCsgzbQ35vyMKY_14darwin_metrics5errorNtB3_5Error6io_kitNtNtCsaxtFaqkp5wQ_5alloc6string6StringEB5_
FNDA:0,_RINvMNtCsgzbQ35vyMKY_14darwin_metrics5errorNtB3_5Error6systemNtNtCsaxtFaqkp5wQ_5alloc6string6StringEB5_
FNDA:0,_RINvMNtCsgzbQ35vyMKY_14darwin_metrics5errorNtB3_5Error6systemReEB5_
FNDA:0,_RNvMNtCsgzbQ35vyMKY_14darwin_metrics5errorNtB2_5Error16is_not_available
FNDA:0,_RNvMNtCsgzbQ35vyMKY_14darwin_metrics5errorNtB2_5Error19is_permission_error
FNDA:0,_RNvMNtCsgzbQ35vyMKY_14darwin_metrics5errorNtB2_5Error7details
FNDA:0,_RNvXs_NtCsgzbQ35vyMKY_14darwin_metrics5errorNtB4_5ErrorINtNtCs4P3ALgZxGbJ_4core7convert4FromNtNtNtCsfXerQ7jTsRl_3std2io5error5ErrorE4from
FNDA:0,_RINvMNtCsgzbQ35vyMKY_14darwin_metrics5errorNtB3_5Error13not_availablepEB5_
FNDA:0,_RINvMNtCsgzbQ35vyMKY_14darwin_metrics5errorNtB3_5Error15not_implementedpEB5_
FNDA:0,_RINvMNtCsgzbQ35vyMKY_14darwin_metrics5errorNtB3_5Error17permission_deniedpEB5_
FNF:21
FNH:21
DA:76,3
DA:77,3
DA:78,3
DA:81,11
DA:82,11
DA:83,11
DA:86,6
DA:87,6
DA:88,6
DA:91,1
DA:92,1
DA:93,1
DA:96,1
DA:97,1
DA:98,1
DA:101,1
DA:102,1
DA:103,1
DA:106,2
DA:107,2
DA:108,2
DA:111,1053
DA:112,1053
DA:113,1053
DA:116,6
DA:117,6
DA:118,1
DA:119,2
DA:120,2
DA:122,1
DA:123,1
DA:124,1
DA:125,1
DA:126,1
DA:127,1
DA:128,1
DA:129,1
DA:130,1
DA:132,6
DA:135,4
DA:136,4
DA:137,2
DA:138,4
DA:141,2
DA:142,2
DA:143,2
DA:151,1
DA:152,1
DA:153,1
DA:162,1
DA:163,1
DA:164,1
DA:165,1
DA:167,1
DA:168,1
DA:170,1
DA:171,1
DA:173,1
DA:174,1
DA:176,1
DA:177,1
DA:179,1
DA:180,1
DA:182,1
DA:183,1
DA:185,1
DA:186,1
DA:187,1
DA:190,1
DA:191,1
DA:192,1
DA:193,1
DA:194,1
DA:195,1
DA:196,1
DA:199,1
DA:200,1
DA:201,1
DA:202,1
DA:203,1
DA:204,1
DA:207,1
DA:208,1
DA:209,1
DA:210,1
DA:211,1
DA:214,1
DA:215,1
DA:216,1
DA:217,1
DA:218,1
DA:221,1
DA:222,1
DA:223,1
DA:224,1
DA:225,1
DA:228,1
DA:229,1
DA:230,1
DA:231,1
DA:233,1
DA:234,1
DA:236,1
DA:237,1
DA:239,1
DA:240,1
DA:241,1
DA:244,1
DA:245,1
DA:246,1
DA:247,1
DA:249,1
DA:250,1
DA:251,1
DA:254,1
DA:255,1
DA:256,1
DA:257,1
DA:259,1
DA:260,1
DA:261,1
DA:263,0
DA:265,1
BRF:0
BRH:0
LF:123
LH:122
end_of_record
SF:/Users/smeya/git/darwin-metrics/src/hardware/cpu/cpu_impl.rs
FN:156,_RNvMNtNtNtCscUQfL4jadIi_14darwin_metrics8hardware3cpu8cpu_implNtB2_3CPU16fetch_core_usage
FN:192,_RNvMNtNtNtCscUQfL4jadIi_14darwin_metrics8hardware3cpu8cpu_implNtB2_3CPU21fetch_cpu_temperature
FN:73,_RNvMNtNtNtCscUQfL4jadIi_14darwin_metrics8hardware3cpu8cpu_implNtB2_3CPU3new
FN:102,_RNvMNtNtNtCscUQfL4jadIi_14darwin_metrics8hardware3cpu8cpu_implNtB2_3CPU6update
FN:360,_RNCNvMNtNtNtNtCscUQfL4jadIi_14darwin_metrics8hardware3cpu8cpu_impl5testsNtB6_3CPU13new_with_mocks_0Bc_
FN:399,_RNvNtNtNtNtCscUQfL4jadIi_14darwin_metrics8hardware3cpu8cpu_impl5testss_14test_cpu_usage
FN:412,_RNvNtNtNtNtCscUQfL4jadIi_14darwin_metrics8hardware3cpu8cpu_impl5testss_22test_cpu_metrics_trait
FN:424,_RNvNtNtNtNtCscUQfL4jadIi_14darwin_metrics8hardware3cpu8cpu_impl5testss_22test_frequency_metrics
FN:387,_RNvNtNtNtNtCscUQfL4jadIi_14darwin_metrics8hardware3cpu8cpu_impl5testss_23test_cpu_initialization
FN:358,_RNCNvMNtNtNtNtCscUQfL4jadIi_14darwin_metrics8hardware3cpu8cpu_impl5testsNtB6_3CPU13new_with_mock0Bc_
FN:295,_RNCNvMNtNtNtCscUQfL4jadIi_14darwin_metrics8hardware3cpu8cpu_implNtB4_3CPU17max_frequency_mhz0Ba_
FN:286,_RNCNvMNtNtNtCscUQfL4jadIi_14darwin_metrics8hardware3cpu8cpu_implNtB4_3CPU17min_frequency_mhz0Ba_
FN:305,_RNCNvMNtNtNtCscUQfL4jadIi_14darwin_metrics8hardware3cpu8cpu_implNtB4_3CPU21available_frequencies0Ba_
FN:242,_RNvMNtNtNtCscUQfL4jadIi_14darwin_metrics8hardware3cpu8cpu_implNtB2_3CPU10core_usage
FN:254,_RNvMNtNtNtCscUQfL4jadIi_14darwin_metrics8hardware3cpu8cpu_implNtB2_3CPU10model_name
FN:263,_RNvMNtNtNtCscUQfL4jadIi_14darwin_metrics8hardware3cpu8cpu_implNtB2_3CPU11temperature
FN:230,_RNvMNtNtNtCscUQfL4jadIi_14darwin_metrics8hardware3cpu8cpu_implNtB2_3CPU13frequency_mhz
FN:218,_RNvMNtNtNtCscUQfL4jadIi_14darwin_metrics8hardware3cpu8cpu_implNtB2_3CPU13logical_cores
FN:205,_RNvMNtNtNtCscUQfL4jadIi_14darwin_metrics8hardware3cpu8cpu_implNtB2_3CPU14physical_cores
FN:276,_RNvMNtNtNtCscUQfL4jadIi_14darwin_metrics8hardware3cpu8cpu_implNtB2_3CPU17frequency_metrics
FN:294,_RNvMNtNtNtCscUQfL4jadIi_14darwin_metrics8hardware3cpu8cpu_implNtB2_3CPU17max_frequency_mhz
FN:285,_RNvMNtNtNtCscUQfL4jadIi_14darwin_metrics8hardware3cpu8cpu_implNtB2_3CPU17min_frequency_mhz
FN:304,_RNvMNtNtNtCscUQfL4jadIi_14darwin_metrics8hardware3cpu8cpu_implNtB2_3CPU21available_frequencies
FN:354,_RNvMNtNtNtNtCscUQfL4jadIi_14darwin_metrics8hardware3cpu8cpu_impl5testsNtB4_3CPU13new_with_mock
FN:325,_RNvXs_NtNtNtCscUQfL4jadIi_14darwin_metrics8hardware3cpu8cpu_implNtB4_3CPUNtB6_10CpuMetrics13get_cpu_usage
FN:343,_RNvXs_NtNtNtCscUQfL4jadIi_14darwin_metrics8hardware3cpu8cpu_implNtB4_3CPUNtB6_10CpuMetrics17get_cpu_frequency
FN:334,_RNvXs_NtNtNtCscUQfL4jadIi_14darwin_metrics8hardware3cpu8cpu_implNtB4_3CPUNtB6_10CpuMetrics19get_cpu_temperature
FN:295,_RNCNvMNtNtNtCsgzbQ35vyMKY_14darwin_metrics8hardware3cpu8cpu_implNtB4_3CPU17max_frequency_mhz0Ba_
FN:286,_RNCNvMNtNtNtCsgzbQ35vyMKY_14darwin_metrics8hardware3cpu8cpu_implNtB4_3CPU17min_frequency_mhz0Ba_
FN:305,_RNCNvMNtNtNtCsgzbQ35vyMKY_14darwin_metrics8hardware3cpu8cpu_implNtB4_3CPU21available_frequencies0Ba_
FN:242,_RNvMNtNtNtCsgzbQ35vyMKY_14darwin_metrics8hardware3cpu8cpu_implNtB2_3CPU10core_usage
FN:254,_RNvMNtNtNtCsgzbQ35vyMKY_14darwin_metrics8hardware3cpu8cpu_implNtB2_3CPU10model_name
FN:263,_RNvMNtNtNtCsgzbQ35vyMKY_14darwin_metrics8hardware3cpu8cpu_implNtB2_3CPU11temperature
FN:230,_RNvMNtNtNtCsgzbQ35vyMKY_14darwin_metrics8hardware3cpu8cpu_implNtB2_3CPU13frequency_mhz
FN:218,_RNvMNtNtNtCsgzbQ35vyMKY_14darwin_metrics8hardware3cpu8cpu_implNtB2_3CPU13logical_cores
FN:205,_RNvMNtNtNtCsgzbQ35vyMKY_14darwin_metrics8hardware3cpu8cpu_implNtB2_3CPU14physical_cores
FN:156,_RNvMNtNtNtCsgzbQ35vyMKY_14darwin_metrics8hardware3cpu8cpu_implNtB2_3CPU16fetch_core_usage
FN:276,_RNvMNtNtNtCsgzbQ35vyMKY_14darwin_metrics8hardware3cpu8cpu_implNtB2_3CPU17frequency_metrics
FN:294,_RNvMNtNtNtCsgzbQ35vyMKY_14darwin_metrics8hardware3cpu8cpu_implNtB2_3CPU17max_frequency_mhz
FN:285,_RNvMNtNtNtCsgzbQ35vyMKY_14darwin_metrics8hardware3cpu8cpu_implNtB2_3CPU17min_frequency_mhz
FN:304,_RNvMNtNtNtCsgzbQ35vyMKY_14darwin_metrics8hardware3cpu8cpu_implNtB2_3CPU21available_frequencies
FN:192,_RNvMNtNtNtCsgzbQ35vyMKY_14darwin_metrics8hardware3cpu8cpu_implNtB2_3CPU21fetch_cpu_temperature
FN:73,_RNvMNtNtNtCsgzbQ35vyMKY_14darwin_metrics8hardware3cpu8cpu_implNtB2_3CPU3new
FN:102,_RNvMNtNtNtCsgzbQ35vyMKY_14darwin_metrics8hardware3cpu8cpu_implNtB2_3CPU6update
FN:325,_RNvXs_NtNtNtCsgzbQ35vyMKY_14darwin_metrics8hardware3cpu8cpu_implNtB4_3CPUNtB6_10CpuMetrics13get_cpu_usage
FN:343,_RNvXs_NtNtNtCsgzbQ35vyMKY_14darwin_metrics8hardware3cpu8cpu_implNtB4_3CPUNtB6_10CpuMetrics17get_cpu_frequency
FN:334,_RNvXs_NtNtNtCsgzbQ35vyMKY_14darwin_metrics8hardware3cpu8cpu_implNtB4_3CPUNtB6_10CpuMetrics19get_cpu_temperature
FNDA:0,_RNvMNtNtNtCscUQfL4jadIi_14darwin_metrics8hardware3cpu8cpu_implNtB2_3CPU16fetch_core_usage
FNDA:0,_RNvMNtNtNtCscUQfL4jadIi_14darwin_metrics8hardware3cpu8cpu_implNtB2_3CPU21fetch_cpu_temperature
FNDA:0,_RNvMNtNtNtCscUQfL4jadIi_14darwin_metrics8hardware3cpu8cpu_implNtB2_3CPU3new
FNDA:0,_RNvMNtNtNtCscUQfL4jadIi_14darwin_metrics8hardware3cpu8cpu_implNtB2_3CPU6update
FNDA:0,_RNCNvMNtNtNtNtCscUQfL4jadIi_14darwin_metrics8hardware3cpu8cpu_impl5testsNtB6_3CPU13new_with_mocks_0Bc_
FNDA:1,_RNvNtNtNtNtCscUQfL4jadIi_14darwin_metrics8hardware3cpu8cpu_impl5testss_14test_cpu_usage
FNDA:1,_RNvNtNtNtNtCscUQfL4jadIi_14darwin_metrics8hardware3cpu8cpu_impl5testss_22test_cpu_metrics_trait
FNDA:1,_RNvNtNtNtNtCscUQfL4jadIi_14darwin_metrics8hardware3cpu8cpu_impl5testss_22test_frequency_metrics
FNDA:1,_RNvNtNtNtNtCscUQfL4jadIi_14darwin_metrics8hardware3cpu8cpu_impl5testss_23test_cpu_initialization
FNDA:0,_RNCNvMNtNtNtNtCscUQfL4jadIi_14darwin_metrics8hardware3cpu8cpu_impl5testsNtB6_3CPU13new_with_mock0Bc_
FNDA:1,_RNCNvMNtNtNtCscUQfL4jadIi_14darwin_metrics8hardware3cpu8cpu_implNtB4_3CPU17max_frequency_mhz0Ba_
FNDA:1,_RNCNvMNtNtNtCscUQfL4jadIi_14darwin_metrics8hardware3cpu8cpu_implNtB4_3CPU17min_frequency_mhz0Ba_
FNDA:1,_RNCNvMNtNtNtCscUQfL4jadIi_14darwin_metrics8hardware3cpu8cpu_implNtB4_3CPU21available_frequencies0Ba_
FNDA:2,_RNvMNtNtNtCscUQfL4jadIi_14darwin_metrics8hardware3cpu8cpu_implNtB2_3CPU10core_usage
FNDA:1,_RNvMNtNtNtCscUQfL4jadIi_14darwin_metrics8hardware3cpu8cpu_implNtB2_3CPU10model_name
FNDA:1,_RNvMNtNtNtCscUQfL4jadIi_14darwin_metrics8hardware3cpu8cpu_implNtB2_3CPU11temperature
FNDA:2,_RNvMNtNtNtCscUQfL4jadIi_14darwin_metrics8hardware3cpu8cpu_implNtB2_3CPU13frequency_mhz
FNDA:1,_RNvMNtNtNtCscUQfL4jadIi_14darwin_metrics8hardware3cpu8cpu_implNtB2_3CPU13logical_cores
FNDA:1,_RNvMNtNtNtCscUQfL4jadIi_14darwin_metrics8hardware3cpu8cpu_implNtB2_3CPU14physical_cores
FNDA:1,_RNvMNtNtNtCscUQfL4jadIi_14darwin_metrics8hardware3cpu8cpu_implNtB2_3CPU17frequency_metrics
FNDA:1,_RNvMNtNtNtCscUQfL4jadIi_14darwin_metrics8hardware3cpu8cpu_implNtB2_3CPU17max_frequency_mhz
FNDA:1,_RNvMNtNtNtCscUQfL4jadIi_14darwin_metrics8hardware3cpu8cpu_implNtB2_3CPU17min_frequency_mhz
FNDA:1,_RNvMNtNtNtCscUQfL4jadIi_14darwin_metrics8hardware3cpu8cpu_implNtB2_3CPU21available_frequencies
FNDA:4,_RNvMNtNtNtNtCscUQfL4jadIi_14darwin_metrics8hardware3cpu8cpu_impl5testsNtB4_3CPU13new_with_mock
FNDA:3,_RNvXs_NtNtNtCscUQfL4jadIi_14darwin_metrics8hardware3cpu8cpu_implNtB4_3CPUNtB6_10CpuMetrics13get_cpu_usage
FNDA:1,_RNvXs_NtNtNtCscUQfL4jadIi_14darwin_metrics8hardware3cpu8cpu_implNtB4_3CPUNtB6_10CpuMetrics17get_cpu_frequency
FNDA:1,_RNvXs_NtNtNtCscUQfL4jadIi_14darwin_metrics8hardware3cpu8cpu_implNtB4_3CPUNtB6_10CpuMetrics19get_cpu_temperature
FNDA:0,_RNCNvMNtNtNtCsgzbQ35vyMKY_14darwin_metrics8hardware3cpu8cpu_implNtB4_3CPU17max_frequency_mhz0Ba_
FNDA:0,_RNCNvMNtNtNtCsgzbQ35vyMKY_14darwin_metrics8hardware3cpu8cpu_implNtB4_3CPU17min_frequency_mhz0Ba_
FNDA:0,_RNCNvMNtNtNtCsgzbQ35vyMKY_14darwin_metrics8hardware3cpu8cpu_implNtB4_3CPU21available_frequencies0Ba_
FNDA:0,_RNvMNtNtNtCsgzbQ35vyMKY_14darwin_metrics8hardware3cpu8cpu_implNtB2_3CPU10core_usage
FNDA:0,_RNvMNtNtNtCsgzbQ35vyMKY_14darwin_metrics8hardware3cpu8cpu_implNtB2_3CPU10model_name
FNDA:0,_RNvMNtNtNtCsgzbQ35vyMKY_14darwin_metrics8hardware3cpu8cpu_implNtB2_3CPU11temperature
FNDA:0,_RNvMNtNtNtCsgzbQ35vyMKY_14darwin_metrics8hardware3cpu8cpu_implNtB2_3CPU13frequency_mhz
FNDA:0,_RNvMNtNtNtCsgzbQ35vyMKY_14darwin_metrics8hardware3cpu8cpu_implNtB2_3CPU13logical_cores
FNDA:0,_RNvMNtNtNtCsgzbQ35vyMKY_14darwin_metrics8hardware3cpu8cpu_implNtB2_3CPU14physical_cores
FNDA:0,_RNvMNtNtNtCsgzbQ35vyMKY_14darwin_metrics8hardware3cpu8cpu_implNtB2_3CPU16fetch_core_usage
FNDA:0,_RNvMNtNtNtCsgzbQ35vyMKY_14darwin_metrics8hardware3cpu8cpu_implNtB2_3CPU17frequency_metrics
FNDA:0,_RNvMNtNtNtCsgzbQ35vyMKY_14darwin_metrics8hardware3cpu8cpu_implNtB2_3CPU17max_frequency_mhz
FNDA:0,_RNvMNtNtNtCsgzbQ35vyMKY_14darwin_metrics8hardware3cpu8cpu_implNtB2_3CPU17min_frequency_mhz
FNDA:0,_RNvMNtNtNtCsgzbQ35vyMKY_14darwin_metrics8hardware3cpu8cpu_implNtB2_3CPU21available_frequencies
FNDA:0,_RNvMNtNtNtCsgzbQ35vyMKY_14darwin_metrics8hardware3cpu8cpu_implNtB2_3CPU21fetch_cpu_temperature
FNDA:0,_RNvMNtNtNtCsgzbQ35vyMKY_14darwin_metrics8hardware3cpu8cpu_implNtB2_3CPU3new
FNDA:0,_RNvMNtNtNtCsgzbQ35vyMKY_14darwin_metrics8hardware3cpu8cpu_implNtB2_3CPU6update
FNDA:0,_RNvXs_NtNtNtCsgzbQ35vyMKY_14darwin_metrics8hardware3cpu8cpu_implNtB4_3CPUNtB6_10CpuMetrics13get_cpu_usage
FNDA:0,_RNvXs_NtNtNtCsgzbQ35vyMKY_14darwin_metrics8hardware3cpu8cpu_implNtB4_3CPUNtB6_10CpuMetrics17get_cpu_frequency
FNDA:0,_RNvXs_NtNtNtCsgzbQ35vyMKY_14darwin_metrics8hardware3cpu8cpu_implNtB4_3CPUNtB6_10CpuMetrics19get_cpu_temperature
FNF:27
FNH:21
DA:73,0
DA:74,0
DA:75,0
DA:76,0
DA:77,0
DA:78,0
DA:79,0
DA:80,0
DA:81,0
DA:82,0
DA:83,0
DA:84,0
DA:85,0
DA:86,0
DA:87,0
DA:102,0
DA:103,0
DA:108,0
DA:109,0
DA:110,0
DA:111,0
DA:112,0
DA:113,0
DA:114,0
DA:115,0
DA:116,0
DA:117,0
DA:118,0
DA:119,0
DA:120,0
DA:121,0
DA:122,0
DA:123,0
DA:126,0
DA:131,0
DA:132,0
DA:133,0
DA:134,0
DA:135,0
DA:136,0
DA:137,0
DA:138,0
DA:156,0
DA:157,0
DA:158,0
DA:159,0
DA:160,0
DA:161,0
DA:162,0
DA:163,0
DA:164,0
DA:165,0
DA:166,0
DA:167,0
DA:168,0
DA:169,0
DA:170,0
DA:171,0
DA:172,0
DA:173,0
DA:174,0
DA:175,0
DA:176,0
DA:177,0
DA:178,0
DA:180,0
DA:181,0
DA:192,0
DA:193,0
DA:194,0
DA:205,1
DA:206,1
DA:207,1
DA:218,1
DA:219,1
DA:220,1
DA:230,2
DA:231,2
DA:232,2
DA:242,2
DA:243,2
DA:244,2
DA:254,1
DA:255,1
DA:256,1
DA:263,1
DA:264,1
DA:265,1
DA:276,1
DA:277,1
DA:278,1
DA:285,1
DA:286,1
DA:287,1
DA:294,1
DA:295,1
DA:296,1
DA:304,1
DA:305,1
DA:306,1
DA:325,3
DA:326,3
DA:327,3
DA:334,1
DA:335,1
DA:336,1
DA:343,1
DA:344,1
DA:345,1
DA:354,4
DA:355,4
DA:356,4
DA:357,4
DA:358,4
DA:359,4
DA:360,4
DA:362,0
DA:363,4
DA:364,4
DA:365,4
DA:366,4
DA:367,4
DA:368,4
DA:369,4
DA:370,4
DA:371,4
DA:372,4
DA:373,4
DA:374,4
DA:375,4
DA:376,4
DA:377,4
DA:378,4
DA:379,4
DA:380,4
DA:381,4
DA:382,4
DA:383,4
DA:387,1
DA:388,1
DA:389,1
DA:390,1
DA:391,1
DA:392,1
DA:393,1
DA:394,1
DA:395,1
DA:396,1
DA:399,1
DA:400,1
DA:401,1
DA:402,1
DA:403,1
DA:407,1
DA:408,1
DA:409,1
DA:412,1
DA:413,1
DA:414,1
DA:415,1
DA:416,1
DA:417,1
DA:420,1
DA:421,1
DA:424,1
DA:425,1
DA:426,1
DA:427,1
DA:428,1
DA:429,1
DA:430,1
DA:433,1
DA:434,1
DA:435,1
DA:436,1
DA:439,1
DA:440,1
DA:441,1
DA:442,1
DA:443,1
DA:444,1
BRF:0
BRH:0
LF:187
LH:113
end_of_record
SF:/Users/smeya/git/darwin-metrics/src/hardware/cpu/frequency.rs
FN:78,_RNvXNtNtNtCscUQfL4jadIi_14darwin_metrics8hardware3cpu9frequencyNtB2_16FrequencyMonitorNtNtCs4P3ALgZxGbJ_4core7default7Default7default
FN:190,_RNvNtNtNtNtCscUQfL4jadIi_14darwin_metrics8hardware3cpu9frequency5tests22fetch_sysctl_frequency
FN:199,_RNvNtNtNtNtCscUQfL4jadIi_14darwin_metrics8hardware3cpu9frequency5tests30fetch_sysctl_frequency_by_name
FN:240,_RNvNtNtNtNtCscUQfL4jadIi_14darwin_metrics8hardware3cpu9frequency5testss_21test_cpu_info_default
FN:211,_RNvNtNtNtNtCscUQfL4jadIi_14darwin_metrics8hardware3cpu9frequency5testss_22test_frequency_metrics
FN:315,_RNvNtNtNtNtCscUQfL4jadIi_14darwin_metrics8hardware3cpu9frequency5testss_26test_fetch_cpu_frequencies
FN:226,_RNvNtNtNtNtCscUQfL4jadIi_14darwin_metrics8hardware3cpu9frequency5testss_26test_frequency_monitor_new
FN:281,_RNvNtNtNtNtCscUQfL4jadIi_14darwin_metrics8hardware3cpu9frequency5testss_27test_fetch_sysctl_frequency
FN:233,_RNvNtNtNtNtCscUQfL4jadIi_14darwin_metrics8hardware3cpu9frequency5testss_30test_frequency_monitor_default
FN:334,_RNvNtNtNtNtCscUQfL4jadIi_14darwin_metrics8hardware3cpu9frequency5testss_34test_frequency_monitor_get_metrics
FN:249,_RNvNtNtNtNtCscUQfL4jadIi_14darwin_metrics8hardware3cpu9frequency5testss_38test_available_frequencies_calculation
FN:302,_RNvNtNtNtNtCscUQfL4jadIi_14darwin_metrics8hardware3cpu9frequency5testss_41test_fetch_sysctl_frequency_by_name_error
FN:160,_RNCNvNtNtNtCscUQfL4jadIi_14darwin_metrics8hardware3cpu9frequency30fetch_sysctl_frequency_by_name0B9_
FN:106,_RNvMs_NtNtNtCscUQfL4jadIi_14darwin_metrics8hardware3cpu9frequencyNtB4_16FrequencyMonitor11get_metrics
FN:89,_RNvMs_NtNtNtCscUQfL4jadIi_14darwin_metrics8hardware3cpu9frequencyNtB4_16FrequencyMonitor3new
FN:129,_RNvNtNtNtCscUQfL4jadIi_14darwin_metrics8hardware3cpu9frequency17retrieve_cpu_info
FN:119,_RNvNtNtNtCscUQfL4jadIi_14darwin_metrics8hardware3cpu9frequency21fetch_cpu_frequencies
FN:156,_RNvNtNtNtCscUQfL4jadIi_14darwin_metrics8hardware3cpu9frequency30fetch_sysctl_frequency_by_name
FN:160,_RNCNvNtNtNtCsgzbQ35vyMKY_14darwin_metrics8hardware3cpu9frequency30fetch_sysctl_frequency_by_name0B9_
FN:106,_RNvMs_NtNtNtCsgzbQ35vyMKY_14darwin_metrics8hardware3cpu9frequencyNtB4_16FrequencyMonitor11get_metrics
FN:89,_RNvMs_NtNtNtCsgzbQ35vyMKY_14darwin_metrics8hardware3cpu9frequencyNtB4_16FrequencyMonitor3new
FN:129,_RNvNtNtNtCsgzbQ35vyMKY_14darwin_metrics8hardware3cpu9frequency17retrieve_cpu_info
FN:119,_RNvNtNtNtCsgzbQ35vyMKY_14darwin_metrics8hardware3cpu9frequency21fetch_cpu_frequencies
FN:156,_RNvNtNtNtCsgzbQ35vyMKY_14darwin_metrics8hardware3cpu9frequency30fetch_sysctl_frequency_by_name
FN:78,_RNvXNtNtNtCsgzbQ35vyMKY_14darwin_metrics8hardware3cpu9frequencyNtB2_16FrequencyMonitorNtNtCs4P3ALgZxGbJ_4core7default7Default7default
FNDA:0,_RNvXNtNtNtCscUQfL4jadIi_14darwin_metrics8hardware3cpu9frequencyNtB2_16FrequencyMonitorNtNtCs4P3ALgZxGbJ_4core7default7Default7default
FNDA:2,_RNvNtNtNtNtCscUQfL4jadIi_14darwin_metrics8hardware3cpu9frequency5tests22fetch_sysctl_frequency
FNDA:2,_RNvNtNtNtNtCscUQfL4jadIi_14darwin_metrics8hardware3cpu9frequency5tests30fetch_sysctl_frequency_by_name
FNDA:1,_RNvNtNtNtNtCscUQfL4jadIi_14darwin_metrics8hardware3cpu9frequency5testss_21test_cpu_info_default
FNDA:1,_RNvNtNtNtNtCscUQfL4jadIi_14darwin_metrics8hardware3cpu9frequency5testss_22test_frequency_metrics
FNDA:1,_RNvNtNtNtNtCscUQfL4jadIi_14darwin_metrics8hardware3cpu9frequency5testss_26test_fetch_cpu_frequencies
FNDA:1,_RNvNtNtNtNtCscUQfL4jadIi_14darwin_metrics8hardware3cpu9frequency5testss_26test_frequency_monitor_new
FNDA:1,_RNvNtNtNtNtCscUQfL4jadIi_14darwin_metrics8hardware3cpu9frequency5testss_27test_fetch_sysctl_frequency
FNDA:1,_RNvNtNtNtNtCscUQfL4jadIi_14darwin_metrics8hardware3cpu9frequency5testss_30test_frequency_monitor_default
FNDA:1,_RNvNtNtNtNtCscUQfL4jadIi_14darwin_metrics8hardware3cpu9frequency5testss_34test_frequency_monitor_get_metrics
FNDA:1,_RNvNtNtNtNtCscUQfL4jadIi_14darwin_metrics8hardware3cpu9frequency5testss_38test_available_frequencies_calculation
FNDA:1,_RNvNtNtNtNtCscUQfL4jadIi_14darwin_metrics8hardware3cpu9frequency5testss_41test_fetch_sysctl_frequency_by_name_error
FNDA:0,_RNCNvNtNtNtCscUQfL4jadIi_14darwin_metrics8hardware3cpu9frequency30fetch_sysctl_frequency_by_name0B9_
FNDA:1,_RNvMs_NtNtNtCscUQfL4jadIi_14darwin_metrics8hardware3cpu9frequencyNtB4_16FrequencyMonitor11get_metrics
FNDA:5,_RNvMs_NtNtNtCscUQfL4jadIi_14darwin_metrics8hardware3cpu9frequencyNtB4_16FrequencyMonitor3new
FNDA:2,_RNvNtNtNtCscUQfL4jadIi_14darwin_metrics8hardware3cpu9frequency17retrieve_cpu_info
FNDA:2,_RNvNtNtNtCscUQfL4jadIi_14darwin_metrics8hardware3cpu9frequency21fetch_cpu_frequencies
FNDA:2,_RNvNtNtNtCscUQfL4jadIi_14darwin_metrics8hardware3cpu9frequency30fetch_sysctl_frequency_by_name
FNDA:0,_RNCNvNtNtNtCsgzbQ35vyMKY_14darwin_metrics8hardware3cpu9frequency30fetch_sysctl_frequency_by_name0B9_
FNDA:0,_RNvMs_NtNtNtCsgzbQ35vyMKY_14darwin_metrics8hardware3cpu9frequencyNtB4_16FrequencyMonitor11get_metrics
FNDA:0,_RNvMs_NtNtNtCsgzbQ35vyMKY_14darwin_metrics8hardware3cpu9frequencyNtB4_16FrequencyMonitor3new
FNDA:0,_RNvNtNtNtCsgzbQ35vyMKY_14darwin_metrics8hardware3cpu9frequency17retrieve_cpu_info
FNDA:0,_RNvNtNtNtCsgzbQ35vyMKY_14darwin_metrics8hardware3cpu9frequency21fetch_cpu_frequencies
FNDA:0,_RNvNtNtNtCsgzbQ35vyMKY_14darwin_metrics8hardware3cpu9frequency30fetch_sysctl_frequency_by_name
FNDA:0,_RNvXNtNtNtCsgzbQ35vyMKY_14darwin_metrics8hardware3cpu9frequencyNtB2_16FrequencyMonitorNtNtCs4P3ALgZxGbJ_4core7default7Default7default
FNF:18
FNH:16
DA:78,0
DA:79,0
DA:80,0
DA:89,5
DA:90,5
DA:91,5
DA:106,1
DA:107,1
DA:108,1
DA:119,2
DA:120,2
DA:121,0
DA:122,0
DA:123,0
DA:124,0
DA:125,0
DA:126,0
DA:127,2
DA:129,2
DA:135,2
DA:136,0
DA:137,0
DA:141,0
DA:142,0
DA:143,0
DA:144,0
DA:145,0
DA:146,0
DA:147,0
DA:148,0
DA:149,0
DA:150,0
DA:151,0
DA:153,0
DA:154,2
DA:156,2
DA:160,2
DA:161,0
DA:162,2
DA:164,2
DA:165,2
DA:166,2
DA:167,2
DA:168,2
DA:169,2
DA:170,2
DA:171,2
DA:172,2
DA:173,2
DA:174,2
DA:175,2
DA:176,2
DA:177,2
DA:178,2
DA:179,2
DA:180,0
DA:181,0
DA:182,0
DA:183,2
DA:190,2
DA:191,2
DA:192,2
DA:193,1
DA:194,1
DA:195,1
DA:196,2
DA:199,2
DA:200,2
DA:201,2
DA:202,1
DA:203,1
DA:204,1
DA:205,1
DA:206,0
DA:207,0
DA:208,2
DA:211,1
DA:212,1
DA:213,1
DA:214,1
DA:215,1
DA:216,1
DA:217,1
DA:218,1
DA:219,1
DA:220,1
DA:221,1
DA:222,1
DA:223,1
DA:226,1
DA:227,1
DA:228,1
DA:229,1
DA:230,1
DA:233,1
DA:234,1
DA:235,1
DA:236,1
DA:237,1
DA:240,1
DA:241,1
DA:242,1
DA:243,1
DA:244,1
DA:245,1
DA:246,1
DA:249,1
DA:250,1
DA:251,1
DA:252,1
DA:253,1
DA:254,1
DA:255,1
DA:256,1
DA:257,1
DA:258,1
DA:259,1
DA:260,1
DA:261,1
DA:262,1
DA:263,1
DA:264,1
DA:265,1
DA:266,1
DA:267,4
DA:268,4
DA:269,3
DA:270,1
DA:274,1
DA:275,1
DA:276,1
DA:281,1
DA:282,1
DA:283,1
DA:284,1
DA:285,1
DA:286,1
DA:287,1
DA:288,1
DA:290,1
DA:291,1
DA:292,0
DA:295,1
DA:296,1
DA:297,1
DA:299,1
DA:302,1
DA:303,1
DA:304,1
DA:305,1
DA:306,1
DA:309,1
DA:310,1
DA:312,1
DA:315,1
DA:316,1
DA:317,1
DA:318,1
DA:319,1
DA:320,1
DA:321,1
DA:322,1
DA:323,1
DA:324,1
DA:325,0
DA:326,0
DA:327,0
DA:328,0
DA:329,0
DA:330,1
DA:331,1
DA:334,1
DA:335,1
DA:336,1
DA:337,1
DA:338,1
DA:339,1
DA:340,1
DA:341,0
DA:342,0
DA:343,0
DA:344,0
DA:345,0
DA:346,1
DA:347,1
BRF:0
BRH:0
LF:187
LH:145
end_of_record
SF:/Users/smeya/git/darwin-metrics/src/hardware/gpu/mod.rs
FN:485,_RNCNvXs_NtNtCscUQfL4jadIi_14darwin_metrics8hardware3gpuNtB6_3GpuNtNtNtCs4P3ALgZxGbJ_4core3ops4drop4Drop4drop0Ba_
FN:482,_RNvXs_NtNtCscUQfL4jadIi_14darwin_metrics8hardware3gpuNtB4_3GpuNtNtNtCs4P3ALgZxGbJ_4core3ops4drop4Drop4drop
FN:223,_RNCNvMNtNtCscUQfL4jadIi_14darwin_metrics8hardware3gpuNtB4_3Gpu15get_temperature0B8_
FN:37,_RNCNvMNtNtCscUQfL4jadIi_14darwin_metrics8hardware3gpuNtB4_3Gpu3new0B8_
FN:51,_RNCNvMNtNtCscUQfL4jadIi_14darwin_metrics8hardware3gpuNtB4_3Gpu4name0B8_
FN:77,_RNCNvMNtNtCscUQfL4jadIi_14darwin_metrics8hardware3gpuNtB4_3Gpu7metrics0B8_
FN:454,_RNvMNtNtCscUQfL4jadIi_14darwin_metrics8hardware3gpuNtB2_3Gpu13get_cpu_cores
FN:215,_RNvMNtNtCscUQfL4jadIi_14darwin_metrics8hardware3gpuNtB2_3Gpu15get_temperature
FN:161,_RNvMNtNtCscUQfL4jadIi_14darwin_metrics8hardware3gpuNtB2_3Gpu16get_memory_stats
FN:111,_RNvMNtNtCscUQfL4jadIi_14darwin_metrics8hardware3gpuNtB2_3Gpu20estimate_memory_info
FN:324,_RNvMNtNtCscUQfL4jadIi_14darwin_metrics8hardware3gpuNtB2_3Gpu20estimate_utilization
FN:425,_RNvMNtNtCscUQfL4jadIi_14darwin_metrics8hardware3gpuNtB2_3Gpu23get_cpu_usage_component
FN:357,_RNvMNtNtCscUQfL4jadIi_14darwin_metrics8hardware3gpuNtB2_3Gpu25get_system_load_component
FN:373,_RNvMNtNtCscUQfL4jadIi_14darwin_metrics8hardware3gpuNtB2_3Gpu30get_process_activity_component
FN:35,_RNvMNtNtCscUQfL4jadIi_14darwin_metrics8hardware3gpuNtB2_3Gpu3new
FN:49,_RNvMNtNtCscUQfL4jadIi_14darwin_metrics8hardware3gpuNtB2_3Gpu4name
FN:76,_RNvMNtNtCscUQfL4jadIi_14darwin_metrics8hardware3gpuNtB2_3Gpu7metrics
FN:546,_RNvNtNtNtCscUQfL4jadIi_14darwin_metrics8hardware3gpu5testss_12test_metrics
FN:511,_RNvNtNtNtCscUQfL4jadIi_14darwin_metrics8hardware3gpu5testss_13test_gpu_name
FN:525,_RNvNtNtNtCscUQfL4jadIi_14darwin_metrics8hardware3gpu5testss_16test_memory_info
FN:504,_RNvNtNtNtCscUQfL4jadIi_14darwin_metrics8hardware3gpu5testss_23test_gpu_initialization
FN:485,_RNCNvXs_NtNtCsgzbQ35vyMKY_14darwin_metrics8hardware3gpuNtB6_3GpuNtNtNtCs4P3ALgZxGbJ_4core3ops4drop4Drop4drop0Ba_
FN:482,_RNvXs_NtNtCsgzbQ35vyMKY_14darwin_metrics8hardware3gpuNtB4_3GpuNtNtNtCs4P3ALgZxGbJ_4core3ops4drop4Drop4drop
FN:223,_RNCNvMNtNtCsgzbQ35vyMKY_14darwin_metrics8hardware3gpuNtB4_3Gpu15get_temperature0B8_
FN:37,_RNCNvMNtNtCsgzbQ35vyMKY_14darwin_metrics8hardware3gpuNtB4_3Gpu3new0B8_
FN:51,_RNCNvMNtNtCsgzbQ35vyMKY_14darwin_metrics8hardware3gpuNtB4_3Gpu4name0B8_
FN:77,_RNCNvMNtNtCsgzbQ35vyMKY_14darwin_metrics8hardware3gpuNtB4_3Gpu7metrics0B8_
FN:454,_RNvMNtNtCsgzbQ35vyMKY_14darwin_metrics8hardware3gpuNtB2_3Gpu13get_cpu_cores
FN:215,_RNvMNtNtCsgzbQ35vyMKY_14darwin_metrics8hardware3gpuNtB2_3Gpu15get_temperature
FN:161,_RNvMNtNtCsgzbQ35vyMKY_14darwin_metrics8hardware3gpuNtB2_3Gpu16get_memory_stats
FN:111,_RNvMNtNtCsgzbQ35vyMKY_14darwin_metrics8hardware3gpuNtB2_3Gpu20estimate_memory_info
FN:324,_RNvMNtNtCsgzbQ35vyMKY_14darwin_metrics8hardware3gpuNtB2_3Gpu20estimate_utilization
FN:425,_RNvMNtNtCsgzbQ35vyMKY_14darwin_metrics8hardware3gpuNtB2_3Gpu23get_cpu_usage_component
FN:357,_RNvMNtNtCsgzbQ35vyMKY_14darwin_metrics8hardware3gpuNtB2_3Gpu25get_system_load_component
FN:373,_RNvMNtNtCsgzbQ35vyMKY_14darwin_metrics8hardware3gpuNtB2_3Gpu30get_process_activity_component
FN:35,_RNvMNtNtCsgzbQ35vyMKY_14darwin_metrics8hardware3gpuNtB2_3Gpu3new
FN:49,_RNvMNtNtCsgzbQ35vyMKY_14darwin_metrics8hardware3gpuNtB2_3Gpu4name
FN:76,_RNvMNtNtCsgzbQ35vyMKY_14darwin_metrics8hardware3gpuNtB2_3Gpu7metrics
FNDA:4,_RNCNvXs_NtNtCscUQfL4jadIi_14darwin_metrics8hardware3gpuNtB6_3GpuNtNtNtCs4P3ALgZxGbJ_4core3ops4drop4Drop4drop0Ba_
FNDA:4,_RNvXs_NtNtCscUQfL4jadIi_14darwin_metrics8hardware3gpuNtB4_3GpuNtNtNtCs4P3ALgZxGbJ_4core3ops4drop4Drop4drop
FNDA:0,_RNCNvMNtNtCscUQfL4jadIi_14darwin_metrics8hardware3gpuNtB4_3Gpu15get_temperature0B8_
FNDA:4,_RNCNvMNtNtCscUQfL4jadIi_14darwin_metrics8hardware3gpuNtB4_3Gpu3new0B8_
FNDA:2,_RNCNvMNtNtCscUQfL4jadIi_14darwin_metrics8hardware3gpuNtB4_3Gpu4name0B8_
FNDA:1,_RNCNvMNtNtCscUQfL4jadIi_14darwin_metrics8hardware3gpuNtB4_3Gpu7metrics0B8_
FNDA:3,_RNvMNtNtCscUQfL4jadIi_14darwin_metrics8hardware3gpuNtB2_3Gpu13get_cpu_cores
FNDA:1,_RNvMNtNtCscUQfL4jadIi_14darwin_metrics8hardware3gpuNtB2_3Gpu15get_temperature
FNDA:2,_RNvMNtNtCscUQfL4jadIi_14darwin_metrics8hardware3gpuNtB2_3Gpu16get_memory_stats
FNDA:2,_RNvMNtNtCscUQfL4jadIi_14darwin_metrics8hardware3gpuNtB2_3Gpu20estimate_memory_info
FNDA:3,_RNvMNtNtCscUQfL4jadIi_14darwin_metrics8hardware3gpuNtB2_3Gpu20estimate_utilization
FNDA:3,_RNvMNtNtCscUQfL4jadIi_14darwin_metrics8hardware3gpuNtB2_3Gpu23get_cpu_usage_component
FNDA:3,_RNvMNtNtCscUQfL4jadIi_14darwin_metrics8hardware3gpuNtB2_3Gpu25get_system_load_component
FNDA:3,_RNvMNtNtCscUQfL4jadIi_14darwin_metrics8hardware3gpuNtB2_3Gpu30get_process_activity_component
FNDA:4,_RNvMNtNtCscUQfL4jadIi_14darwin_metrics8hardware3gpuNtB2_3Gpu3new
FNDA:2,_RNvMNtNtCscUQfL4jadIi_14darwin_metrics8hardware3gpuNtB2_3Gpu4name
FNDA:1,_RNvMNtNtCscUQfL4jadIi_14darwin_metrics8hardware3gpuNtB2_3Gpu7metrics
FNDA:1,_RNvNtNtNtCscUQfL4jadIi_14darwin_metrics8hardware3gpu5testss_12test_metrics
FNDA:1,_RNvNtNtNtCscUQfL4jadIi_14darwin_metrics8hardware3gpu5testss_13test_gpu_name
FNDA:1,_RNvNtNtNtCscUQfL4jadIi_14darwin_metrics8hardware3gpu5testss_16test_memory_info
FNDA:1,_RNvNtNtNtCscUQfL4jadIi_14darwin_metrics8hardware3gpu5testss_23test_gpu_initialization
FNDA:0,_RNCNvXs_NtNtCsgzbQ35vyMKY_14darwin_metrics8hardware3gpuNtB6_3GpuNtNtNtCs4P3ALgZxGbJ_4core3ops4drop4Drop4drop0Ba_
FNDA:0,_RNvXs_NtNtCsgzbQ35vyMKY_14darwin_metrics8hardware3gpuNtB4_3GpuNtNtNtCs4P3ALgZxGbJ_4core3ops4drop4Drop4drop
FNDA:0,_RNCNvMNtNtCsgzbQ35vyMKY_14darwin_metrics8hardware3gpuNtB4_3Gpu15get_temperature0B8_
FNDA:0,_RNCNvMNtNtCsgzbQ35vyMKY_14darwin_metrics8hardware3gpuNtB4_3Gpu3new0B8_
FNDA:0,_RNCNvMNtNtCsgzbQ35vyMKY_14darwin_metrics8hardware3gpuNtB4_3Gpu4name0B8_
FNDA:0,_RNCNvMNtNtCsgzbQ35vyMKY_14darwin_metrics8hardware3gpuNtB4_3Gpu7metrics0B8_
FNDA:0,_RNvMNtNtCsgzbQ35vyMKY_14darwin_metrics8hardware3gpuNtB2_3Gpu13get_cpu_cores
FNDA:0,_RNvMNtNtCsgzbQ35vyMKY_14darwin_metrics8hardware3gpuNtB2_3Gpu15get_temperature
FNDA:0,_RNvMNtNtCsgzbQ35vyMKY_14darwin_metrics8hardware3gpuNtB2_3Gpu16get_memory_stats
FNDA:0,_RNvMNtNtCsgzbQ35vyMKY_14darwin_metrics8hardware3gpuNtB2_3Gpu20estimate_memory_info
FNDA:0,_RNvMNtNtCsgzbQ35vyMKY_14darwin_metrics8hardware3gpuNtB2_3Gpu20estimate_utilization
FNDA:0,_RNvMNtNtCsgzbQ35vyMKY_14darwin_metrics8hardware3gpuNtB2_3Gpu23get_cpu_usage_component
FNDA:0,_RNvMNtNtCsgzbQ35vyMKY_14darwin_metrics8hardware3gpuNtB2_3Gpu25get_system_load_component
FNDA:0,_RNvMNtNtCsgzbQ35vyMKY_14darwin_metrics8hardware3gpuNtB2_3Gpu30get_process_activity_component
FNDA:0,_RNvMNtNtCsgzbQ35vyMKY_14darwin_metrics8hardware3gpuNtB2_3Gpu3new
FNDA:0,_RNvMNtNtCsgzbQ35vyMKY_14darwin_metrics8hardware3gpuNtB2_3Gpu4name
FNDA:0,_RNvMNtNtCsgzbQ35vyMKY_14darwin_metrics8hardware3gpuNtB2_3Gpu7metrics
FNF:21
FNH:20
DA:35,4
DA:36,4
DA:37,4
DA:38,4
DA:39,4
DA:40,0
DA:42,4
DA:44,4
DA:45,4
DA:46,4
DA:47,4
DA:49,2
DA:50,2
DA:51,2
DA:52,2
DA:54,2
DA:55,2
DA:56,2
DA:57,2
DA:58,2
DA:59,2
DA:60,2
DA:61,2
DA:62,0
DA:63,0
DA:65,0
DA:68,0
DA:69,0
DA:70,0
DA:71,0
DA:72,0
DA:73,2
DA:74,2
DA:76,1
DA:77,1
DA:79,1
DA:80,1
DA:81,1
DA:82,0
DA:84,1
DA:88,1
DA:89,1
DA:90,1
DA:91,1
DA:92,1
DA:95,1
DA:96,1
DA:97,1
DA:98,1
DA:99,1
DA:100,1
DA:101,1
DA:102,1
DA:103,0
DA:104,0
DA:106,1
DA:107,1
DA:108,1
DA:111,2
DA:113,2
DA:117,2
DA:120,2
DA:121,2
DA:122,2
DA:123,0
DA:126,2
DA:130,0
DA:139,2
DA:142,2
DA:143,2
DA:144,2
DA:145,2
DA:146,2
DA:147,2
DA:148,2
DA:149,2
DA:150,2
DA:151,2
DA:152,2
DA:153,2
DA:154,2
DA:155,2
DA:156,2
DA:157,2
DA:158,2
DA:161,2
DA:162,2
DA:163,2
DA:164,2
DA:165,2
DA:166,2
DA:167,2
DA:168,2
DA:169,2
DA:170,2
DA:171,2
DA:172,2
DA:173,2
DA:174,2
DA:175,2
DA:176,2
DA:177,2
DA:178,2
DA:179,0
DA:180,0
DA:181,2
DA:187,2
DA:188,2
DA:189,2
DA:190,2
DA:191,2
DA:192,2
DA:193,2
DA:194,2
DA:195,2
DA:196,2
DA:197,2
DA:198,2
DA:199,2
DA:202,2
DA:205,0
DA:207,2
DA:210,2
DA:211,2
DA:212,2
DA:215,1
DA:222,1
DA:223,1
DA:224,1
DA:225,1
DA:226,0
DA:227,1
DA:228,1
DA:229,1
DA:230,1
DA:231,0
DA:232,1
DA:233,1
DA:234,1
DA:235,1
DA:236,1
DA:237,1
DA:238,0
DA:239,0
DA:240,0
DA:241,0
DA:242,0
DA:243,0
DA:244,0
DA:245,0
DA:246,0
DA:247,0
DA:248,0
DA:249,0
DA:250,0
DA:251,0
DA:252,0
DA:253,0
DA:254,0
DA:255,0
DA:256,0
DA:257,0
DA:258,0
DA:259,0
DA:260,0
DA:261,0
DA:262,0
DA:263,0
DA:264,0
DA:265,0
DA:266,0
DA:267,0
DA:268,0
DA:269,0
DA:270,0
DA:271,0
DA:272,0
DA:273,0
DA:274,0
DA:275,0
DA:276,0
DA:277,0
DA:278,0
DA:279,0
DA:280,0
DA:281,0
DA:282,0
DA:283,0
DA:284,0
DA:285,0
DA:286,0
DA:287,0
DA:288,0
DA:289,0
DA:290,0
DA:291,0
DA:292,0
DA:293,0
DA:294,0
DA:295,0
DA:296,0
DA:297,0
DA:298,0
DA:299,0
DA:300,0
DA:301,0
DA:302,0
DA:303,0
DA:304,0
DA:305,0
DA:306,0
DA:307,0
DA:308,0
DA:309,0
DA:310,0
DA:311,0
DA:314,0
DA:315,0
DA:316,0
DA:318,0
DA:321,1
DA:324,3
DA:325,3
DA:326,3
DA:327,3
DA:328,3
DA:329,3
DA:330,3
DA:331,3
DA:332,3
DA:333,3
DA:334,3
DA:335,3
DA:336,3
DA:337,3
DA:338,3
DA:339,3
DA:340,3
DA:341,3
DA:342,3
DA:346,3
DA:347,3
DA:348,3
DA:349,3
DA:350,3
DA:351,3
DA:352,3
DA:353,3
DA:354,3
DA:357,3
DA:361,3
DA:362,3
DA:363,0
DA:364,3
DA:365,3
DA:366,3
DA:367,3
DA:368,3
DA:370,3
DA:373,3
DA:376,3
DA:378,3
DA:382,15000
DA:383,14997
DA:384,14997
DA:385,14997
DA:386,14997
DA:387,14997
DA:388,14997
DA:389,14997
DA:390,14997
DA:391,14997
DA:392,14997
DA:393,0
DA:394,14997
DA:397,14997
DA:398,0
DA:399,14997
DA:403,3
DA:404,3
DA:405,3
DA:406,3
DA:407,3
DA:409,0
DA:415,3
DA:419,3
DA:421,3
DA:422,3
DA:425,3
DA:426,3
DA:427,3
DA:428,3
DA:429,3
DA:430,3
DA:431,3
DA:432,3
DA:433,3
DA:434,3
DA:435,3
DA:436,0
DA:437,3
DA:438,3
DA:439,3
DA:440,3
DA:441,3
DA:442,3
DA:443,3
DA:444,3
DA:445,3
DA:446,3
DA:447,3
DA:448,3
DA:449,3
DA:451,3
DA:454,3
DA:455,3
DA:456,3
DA:457,3
DA:458,3
DA:459,3
DA:460,3
DA:461,3
DA:462,3
DA:463,3
DA:464,3
DA:465,3
DA:466,3
DA:467,3
DA:468,3
DA:469,3
DA:470,3
DA:472,0
DA:474,3
DA:477,3
DA:482,4
DA:483,4
DA:484,4
DA:485,4
DA:486,4
DA:487,4
DA:488,4
DA:489,4
DA:490,4
DA:491,4
DA:492,0
DA:493,4
DA:504,1
DA:505,1
DA:506,1
DA:507,1
DA:508,1
DA:511,1
DA:512,1
DA:513,1
DA:514,1
DA:515,1
DA:516,1
DA:517,1
DA:518,1
DA:521,1
DA:522,1
DA:525,1
DA:526,1
DA:527,1
DA:528,1
DA:529,1
DA:530,1
DA:531,1
DA:532,1
DA:533,1
DA:534,1
DA:535,1
DA:536,1
DA:537,1
DA:538,0
DA:542,1
DA:543,1
DA:546,1
DA:547,1
DA:548,1
DA:549,1
DA:550,1
DA:551,1
DA:552,1
DA:553,1
DA:554,1
DA:555,1
DA:556,1
DA:557,0
DA:561,1
DA:562,1
BRF:0
BRH:0
LF:400
LH:293
end_of_record
SF:/Users/smeya/git/darwin-metrics/src/hardware/iokit/mod.rs
FN:68,_RINvMs4_NtNtNtNtCscUQfL4jadIi_14darwin_metrics8hardware5iokit22___mock_MockIOKit_IOKit13___get_serviceNtB6_6Common4withpEBe_
FN:68,_RINvMs4_NtNtNtNtCscUQfL4jadIi_14darwin_metrics8hardware5iokit22___mock_MockIOKit_IOKit13___get_serviceNtB6_6Common5timespEBe_
FN:68,_RINvMs4_NtNtNtNtCscUQfL4jadIi_14darwin_metrics8hardware5iokit22___mock_MockIOKit_IOKit13___get_serviceNtB6_6Common5withfpEBe_
FN:68,_RINvMs4_NtNtNtNtCscUQfL4jadIi_14darwin_metrics8hardware5iokit22___mock_MockIOKit_IOKit13___get_serviceNtB6_6Common8withf_stpEBe_
FN:68,_RINvMs4_NtNtNtNtCscUQfL4jadIi_14darwin_metrics8hardware5iokit22___mock_MockIOKit_IOKit14___get_all_fansNtB6_6Common5timespEBe_
FN:68,_RINvMs4_NtNtNtNtCscUQfL4jadIi_14darwin_metrics8hardware5iokit22___mock_MockIOKit_IOKit14___get_all_fansNtB6_6Common5withfpEBe_
FN:68,_RINvMs4_NtNtNtNtCscUQfL4jadIi_14darwin_metrics8hardware5iokit22___mock_MockIOKit_IOKit14___get_all_fansNtB6_6Common8withf_stpEBe_
FN:68,_RINvMs4_NtNtNtNtCscUQfL4jadIi_14darwin_metrics8hardware5iokit22___mock_MockIOKit_IOKit14___get_fan_infoNtB6_6Common5timespEBe_
FN:68,_RINvMs4_NtNtNtNtCscUQfL4jadIi_14darwin_metrics8hardware5iokit22___mock_MockIOKit_IOKit14___get_fan_infoNtB6_6Common5withfpEBe_
FN:68,_RINvMs4_NtNtNtNtCscUQfL4jadIi_14darwin_metrics8hardware5iokit22___mock_MockIOKit_IOKit14___get_fan_infoNtB6_6Common8withf_stpEBe_
FN:68,_RINvMs4_NtNtNtNtCscUQfL4jadIi_14darwin_metrics8hardware5iokit22___mock_MockIOKit_IOKit14___read_smc_keyNtB6_6Common5timespEBe_
FN:68,_RINvMs4_NtNtNtNtCscUQfL4jadIi_14darwin_metrics8hardware5iokit22___mock_MockIOKit_IOKit14___read_smc_keyNtB6_6Common5withfpEBe_
FN:68,_RINvMs4_NtNtNtNtCscUQfL4jadIi_14darwin_metrics8hardware5iokit22___mock_MockIOKit_IOKit14___read_smc_keyNtB6_6Common8withf_stpEBe_
FN:68,_RINvMs4_NtNtNtNtCscUQfL4jadIi_14darwin_metrics8hardware5iokit22___mock_MockIOKit_IOKit15___get_cpu_powerNtB6_6Common5timespEBe_
FN:68,_RINvMs4_NtNtNtNtCscUQfL4jadIi_14darwin_metrics8hardware5iokit22___mock_MockIOKit_IOKit15___get_cpu_powerNtB6_6Common5withfpEBe_
FN:68,_RINvMs4_NtNtNtNtCscUQfL4jadIi_14darwin_metrics8hardware5iokit22___mock_MockIOKit_IOKit15___get_cpu_powerNtB6_6Common8withf_stpEBe_
FN:68,_RINvMs4_NtNtNtNtCscUQfL4jadIi_14darwin_metrics8hardware5iokit22___mock_MockIOKit_IOKit15___get_fan_countNtB6_6Common5timespEBe_
FN:68,_RINvMs4_NtNtNtNtCscUQfL4jadIi_14darwin_metrics8hardware5iokit22___mock_MockIOKit_IOKit15___get_fan_countNtB6_6Common5withfpEBe_
FN:68,_RINvMs4_NtNtNtNtCscUQfL4jadIi_14darwin_metrics8hardware5iokit22___mock_MockIOKit_IOKit15___get_fan_countNtB6_6Common8withf_stpEBe_
FN:68,_RINvMs4_NtNtNtNtCscUQfL4jadIi_14darwin_metrics8hardware5iokit22___mock_MockIOKit_IOKit15___get_fan_speedNtB6_6Common5timespEBe_
FN:68,_RINvMs4_NtNtNtNtCscUQfL4jadIi_14darwin_metrics8hardware5iokit22___mock_MockIOKit_IOKit15___get_fan_speedNtB6_6Common5withfpEBe_
FN:68,_RINvMs4_NtNtNtNtCscUQfL4jadIi_14darwin_metrics8hardware5iokit22___mock_MockIOKit_IOKit15___get_fan_speedNtB6_6Common8withf_stpEBe_
FN:68,_RINvMs4_NtNtNtNtCscUQfL4jadIi_14darwin_metrics8hardware5iokit22___mock_MockIOKit_IOKit15___get_gpu_statsNtB6_6Common5timespEBe_
FN:68,_RINvMs4_NtNtNtNtCscUQfL4jadIi_14darwin_metrics8hardware5iokit22___mock_MockIOKit_IOKit15___get_gpu_statsNtB6_6Common5withfpEBe_
FN:68,_RINvMs4_NtNtNtNtCscUQfL4jadIi_14darwin_metrics8hardware5iokit22___mock_MockIOKit_IOKit15___get_gpu_statsNtB6_6Common8withf_stpEBe_
FN:68,_RINvMs4_NtNtNtNtCscUQfL4jadIi_14darwin_metrics8hardware5iokit22___mock_MockIOKit_IOKit18___get_thermal_infoNtB6_6Common5timespEBe_
FN:68,_RINvMs4_NtNtNtNtCscUQfL4jadIi_14darwin_metrics8hardware5iokit22___mock_MockIOKit_IOKit18___get_thermal_infoNtB6_6Common5withfpEBe_
FN:68,_RINvMs4_NtNtNtNtCscUQfL4jadIi_14darwin_metrics8hardware5iokit22___mock_MockIOKit_IOKit18___get_thermal_infoNtB6_6Common8withf_stpEBe_
FN:68,_RINvMs4_NtNtNtNtCscUQfL4jadIi_14darwin_metrics8hardware5iokit22___mock_MockIOKit_IOKit19___get_bool_propertyNtB6_6Common4withppEBe_
FN:68,_RINvMs4_NtNtNtNtCscUQfL4jadIi_14darwin_metrics8hardware5iokit22___mock_MockIOKit_IOKit19___get_bool_propertyNtB6_6Common5timespEBe_
FN:68,_RINvMs4_NtNtNtNtCscUQfL4jadIi_14darwin_metrics8hardware5iokit22___mock_MockIOKit_IOKit19___get_bool_propertyNtB6_6Common5withfpEBe_
FN:68,_RINvMs4_NtNtNtNtCscUQfL4jadIi_14darwin_metrics8hardware5iokit22___mock_MockIOKit_IOKit19___get_bool_propertyNtB6_6Common8withf_stpEBe_
FN:68,_RINvMs4_NtNtNtNtCscUQfL4jadIi_14darwin_metrics8hardware5iokit22___mock_MockIOKit_IOKit19___get_dict_propertyNtB6_6Common4withppEBe_
FN:68,_RINvMs4_NtNtNtNtCscUQfL4jadIi_14darwin_metrics8hardware5iokit22___mock_MockIOKit_IOKit19___get_dict_propertyNtB6_6Common5timespEBe_
FN:68,_RINvMs4_NtNtNtNtCscUQfL4jadIi_14darwin_metrics8hardware5iokit22___mock_MockIOKit_IOKit19___get_dict_propertyNtB6_6Common5withfpEBe_
FN:68,_RINvMs4_NtNtNtNtCscUQfL4jadIi_14darwin_metrics8hardware5iokit22___mock_MockIOKit_IOKit19___get_dict_propertyNtB6_6Common8withf_stpEBe_
FN:68,_RINvMs4_NtNtNtNtCscUQfL4jadIi_14darwin_metrics8hardware5iokit22___mock_MockIOKit_IOKit19___io_object_releaseNtB6_6Common4withpEBe_
FN:68,_RINvMs4_NtNtNtNtCscUQfL4jadIi_14darwin_metrics8hardware5iokit22___mock_MockIOKit_IOKit19___io_object_releaseNtB6_6Common5timespEBe_
FN:68,_RINvMs4_NtNtNtNtCscUQfL4jadIi_14darwin_metrics8hardware5iokit22___mock_MockIOKit_IOKit19___io_object_releaseNtB6_6Common5withfpEBe_
FN:68,_RINvMs4_NtNtNtNtCscUQfL4jadIi_14darwin_metrics8hardware5iokit22___mock_MockIOKit_IOKit19___io_object_releaseNtB6_6Common8withf_stpEBe_
FN:68,_RINvMs4_NtNtNtNtCscUQfL4jadIi_14darwin_metrics8hardware5iokit22___mock_MockIOKit_IOKit21___get_cpu_temperatureNtB6_6Common5timespEBe_
FN:68,_RINvMs4_NtNtNtNtCscUQfL4jadIi_14darwin_metrics8hardware5iokit22___mock_MockIOKit_IOKit21___get_cpu_temperatureNtB6_6Common5withfpEBe_
FN:68,_RINvMs4_NtNtNtNtCscUQfL4jadIi_14darwin_metrics8hardware5iokit22___mock_MockIOKit_IOKit21___get_cpu_temperatureNtB6_6Common8withf_stpEBe_
FN:68,_RINvMs4_NtNtNtNtCscUQfL4jadIi_14darwin_metrics8hardware5iokit22___mock_MockIOKit_IOKit21___get_gpu_temperatureNtB6_6Common5timespEBe_
FN:68,_RINvMs4_NtNtNtNtCscUQfL4jadIi_14darwin_metrics8hardware5iokit22___mock_MockIOKit_IOKit21___get_gpu_temperatureNtB6_6Common5withfpEBe_
FN:68,_RINvMs4_NtNtNtNtCscUQfL4jadIi_14darwin_metrics8hardware5iokit22___mock_MockIOKit_IOKit21___get_gpu_temperatureNtB6_6Common8withf_stpEBe_
FN:68,_RINvMs4_NtNtNtNtCscUQfL4jadIi_14darwin_metrics8hardware5iokit22___mock_MockIOKit_IOKit21___get_number_propertyNtB6_6Common4withppEBe_
FN:68,_RINvMs4_NtNtNtNtCscUQfL4jadIi_14darwin_metrics8hardware5iokit22___mock_MockIOKit_IOKit21___get_number_propertyNtB6_6Common5timespEBe_
FN:68,_RINvMs4_NtNtNtNtCscUQfL4jadIi_14darwin_metrics8hardware5iokit22___mock_MockIOKit_IOKit21___get_number_propertyNtB6_6Common5withfpEBe_
FN:68,_RINvMs4_NtNtNtNtCscUQfL4jadIi_14darwin_metrics8hardware5iokit22___mock_MockIOKit_IOKit21___get_number_propertyNtB6_6Common8withf_stpEBe_
FN:68,_RINvMs4_NtNtNtNtCscUQfL4jadIi_14darwin_metrics8hardware5iokit22___mock_MockIOKit_IOKit21___get_string_propertyNtB6_6Common4withppEBe_
FN:68,_RINvMs4_NtNtNtNtCscUQfL4jadIi_14darwin_metrics8hardware5iokit22___mock_MockIOKit_IOKit21___get_string_propertyNtB6_6Common5timespEBe_
FN:68,_RINvMs4_NtNtNtNtCscUQfL4jadIi_14darwin_metrics8hardware5iokit22___mock_MockIOKit_IOKit21___get_string_propertyNtB6_6Common5withfpEBe_
FN:68,_RINvMs4_NtNtNtNtCscUQfL4jadIi_14darwin_metrics8hardware5iokit22___mock_MockIOKit_IOKit21___get_string_propertyNtB6_6Common8withf_stpEBe_
FN:68,_RINvMs4_NtNtNtNtCscUQfL4jadIi_14darwin_metrics8hardware5iokit22___mock_MockIOKit_IOKit21___io_service_matchingNtB6_6Common4withpEBe_
FN:68,_RINvMs4_NtNtNtNtCscUQfL4jadIi_14darwin_metrics8hardware5iokit22___mock_MockIOKit_IOKit21___io_service_matchingNtB6_6Common5timespEBe_
FN:68,_RINvMs4_NtNtNtNtCscUQfL4jadIi_14darwin_metrics8hardware5iokit22___mock_MockIOKit_IOKit21___io_service_matchingNtB6_6Common5withfpEBe_
FN:68,_RINvMs4_NtNtNtNtCscUQfL4jadIi_14darwin_metrics8hardware5iokit22___mock_MockIOKit_IOKit21___io_service_matchingNtB6_6Common8withf_stpEBe_
FN:68,_RINvMs4_NtNtNtNtCscUQfL4jadIi_14darwin_metrics8hardware5iokit22___mock_MockIOKit_IOKit25___get_ambient_temperatureNtB6_6Common5timespEBe_
FN:68,_RINvMs4_NtNtNtNtCscUQfL4jadIi_14darwin_metrics8hardware5iokit22___mock_MockIOKit_IOKit25___get_ambient_temperatureNtB6_6Common5withfpEBe_
FN:68,_RINvMs4_NtNtNtNtCscUQfL4jadIi_14darwin_metrics8hardware5iokit22___mock_MockIOKit_IOKit25___get_ambient_temperatureNtB6_6Common8withf_stpEBe_
FN:68,_RINvMs4_NtNtNtNtCscUQfL4jadIi_14darwin_metrics8hardware5iokit22___mock_MockIOKit_IOKit25___get_battery_temperatureNtB6_6Common5timespEBe_
FN:68,_RINvMs4_NtNtNtNtCscUQfL4jadIi_14darwin_metrics8hardware5iokit22___mock_MockIOKit_IOKit25___get_battery_temperatureNtB6_6Common5withfpEBe_
FN:68,_RINvMs4_NtNtNtNtCscUQfL4jadIi_14darwin_metrics8hardware5iokit22___mock_MockIOKit_IOKit25___get_battery_temperatureNtB6_6Common8withf_stpEBe_
FN:68,_RINvMs4_NtNtNtNtCscUQfL4jadIi_14darwin_metrics8hardware5iokit22___mock_MockIOKit_IOKit26___check_thermal_throttlingNtB6_6Common5timespEBe_
FN:68,_RINvMs4_NtNtNtNtCscUQfL4jadIi_14darwin_metrics8hardware5iokit22___mock_MockIOKit_IOKit26___check_thermal_throttlingNtB6_6Common5withfpEBe_
FN:68,_RINvMs4_NtNtNtNtCscUQfL4jadIi_14darwin_metrics8hardware5iokit22___mock_MockIOKit_IOKit26___check_thermal_throttlingNtB6_6Common8withf_stpEBe_
[...]
FN:204,_RNvNtNtCscUQfL4jadIi_14darwin_metrics5utils5testss_21test_autorelease_pool
FN:243,_RNvNtNtCscUQfL4jadIi_14darwin_metrics5utils5testss_22test_property_accessor
FN:161,_RNvNtNtCscUQfL4jadIi_14darwin_metrics5utils5testss_22test_raw_str_to_string
FN:233,_RNvNtNtCscUQfL4jadIi_14darwin_metrics5utils5testss_25test_get_name_null_device
FN:183,_RNvNtNtCscUQfL4jadIi_14darwin_metrics5utils5testss_25test_raw_f64_slice_to_vec
FN:66,_RNvNtCscUQfL4jadIi_14darwin_metrics5utils15c_str_to_string
FN:85,_RNvNtCscUQfL4jadIi_14darwin_metrics5utils17raw_str_to_string
FN:105,_RNvNtCscUQfL4jadIi_14darwin_metrics5utils20raw_f64_slice_to_vec
FN:113,_RNvNtCscUQfL4jadIi_14darwin_metrics5utils8get_name
FN:44,_RINvNtCscUQfL4jadIi_14darwin_metrics5utils14objc_safe_execNtNtCsaxtFaqkp5wQ_5alloc6string6StringNCNCNvB2_8get_name00EB4_
FN:44,_RINvNtCscUQfL4jadIi_14darwin_metrics5utils14objc_safe_execlNCNvNtB2_5testss_19test_objc_safe_exec0EB4_
FN:44,_RINvNtCscUQfL4jadIi_14darwin_metrics5utils14objc_safe_execlNCNvNtB2_5testss_19test_objc_safe_execs_0EB4_
FN:36,_RINvNtCscUQfL4jadIi_14darwin_metrics5utils16autorelease_poolINtNtCs4P3ALgZxGbJ_4core6result6ResultNtNtCsaxtFaqkp5wQ_5alloc6string6StringNtNtB4_5error5ErrorENCNvB2_8get_name0EB4_
FN:36,_RINvNtCscUQfL4jadIi_14darwin_metrics5utils16autorelease_poolNtNtCsaxtFaqkp5wQ_5alloc6string6StringNCNvNtB2_5testss_21test_autorelease_pools_0EB4_
FN:36,_RINvNtCscUQfL4jadIi_14darwin_metrics5utils16autorelease_poollNCNvNtB2_5testss_21test_autorelease_pool0EB4_
FN:40,_RNCINvNtCscUQfL4jadIi_14darwin_metrics5utils16autorelease_poolINtNtCs4P3ALgZxGbJ_4core6result6ResultNtNtCsaxtFaqkp5wQ_5alloc6string6StringNtNtB6_5error5ErrorENCNvB4_8get_name0E0B6_
FN:40,_RNCINvNtCscUQfL4jadIi_14darwin_metrics5utils16autorelease_poolNtNtCsaxtFaqkp5wQ_5alloc6string6StringNCNvNtB4_5testss_21test_autorelease_pools_0E0B6_
FN:40,_RNCINvNtCscUQfL4jadIi_14darwin_metrics5utils16autorelease_poollNCNvNtB4_5testss_21test_autorelease_pool0E0B6_
FN:118,_RNCNvNtCscUQfL4jadIi_14darwin_metrics5utils8get_name0B5_
FN:206,_RNCNvNtNtCscUQfL4jadIi_14darwin_metrics5utils5testss_21test_autorelease_pool0B7_
FN:210,_RNCNvNtNtCscUQfL4jadIi_14darwin_metrics5utils5testss_21test_autorelease_pools_0B7_
FN:119,_RNCNCNvNtCscUQfL4jadIi_14darwin_metrics5utils8get_name00B7_
FN:217,_RNCNvNtNtCscUQfL4jadIi_14darwin_metrics5utils5testss_19test_objc_safe_exec0B7_
FN:222,_RNCNvNtNtCscUQfL4jadIi_14darwin_metrics5utils5testss_19test_objc_safe_execs_0B7_
FN:66,_RNvNtCsgzbQ35vyMKY_14darwin_metrics5utils15c_str_to_string
FN:85,_RNvNtCsgzbQ35vyMKY_14darwin_metrics5utils17raw_str_to_string
FN:105,_RNvNtCsgzbQ35vyMKY_14darwin_metrics5utils20raw_f64_slice_to_vec
FN:113,_RNvNtCsgzbQ35vyMKY_14darwin_metrics5utils8get_name
FN:44,_RINvNtCsgzbQ35vyMKY_14darwin_metrics5utils14objc_safe_execNtNtCsaxtFaqkp5wQ_5alloc6string6StringNCNCNvB2_8get_name00EB4_
FN:36,_RINvNtCsgzbQ35vyMKY_14darwin_metrics5utils16autorelease_poolINtNtCs4P3ALgZxGbJ_4core6result6ResultNtNtCsaxtFaqkp5wQ_5alloc6string6StringNtNtB4_5error5ErrorENCNvB2_8get_name0EB4_
FN:40,_RNCINvNtCsgzbQ35vyMKY_14darwin_metrics5utils16autorelease_poolINtNtCs4P3ALgZxGbJ_4core6result6ResultNtNtCsaxtFaqkp5wQ_5alloc6string6StringNtNtB6_5error5ErrorENCNvB4_8get_name0E0B6_
FN:118,_RNCNvNtCsgzbQ35vyMKY_14darwin_metrics5utils8get_name0B5_
FN:119,_RNCNCNvNtCsgzbQ35vyMKY_14darwin_metrics5utils8get_name00B7_
FNDA:1,_RNvNtNtCscUQfL4jadIi_14darwin_metrics5utils5testss_19test_objc_safe_exec
FNDA:1,_RNvNtNtCscUQfL4jadIi_14darwin_metrics5utils5testss_20test_c_str_to_string
FNDA:1,_RNvNtNtCscUQfL4jadIi_14darwin_metrics5utils5testss_21test_autorelease_pool
FNDA:1,_RNvNtNtCscUQfL4jadIi_14darwin_metrics5utils5testss_22test_property_accessor
FNDA:1,_RNvNtNtCscUQfL4jadIi_14darwin_metrics5utils5testss_22test_raw_str_to_string
FNDA:1,_RNvNtNtCscUQfL4jadIi_14darwin_metrics5utils5testss_25test_get_name_null_device
FNDA:1,_RNvNtNtCscUQfL4jadIi_14darwin_metrics5utils5testss_25test_raw_f64_slice_to_vec
FNDA:2,_RNvNtCscUQfL4jadIi_14darwin_metrics5utils15c_str_to_string
FNDA:3,_RNvNtCscUQfL4jadIi_14darwin_metrics5utils17raw_str_to_string
FNDA:3,_RNvNtCscUQfL4jadIi_14darwin_metrics5utils20raw_f64_slice_to_vec
FNDA:1,_RNvNtCscUQfL4jadIi_14darwin_metrics5utils8get_name
FNDA:0,_RINvNtCscUQfL4jadIi_14darwin_metrics5utils14objc_safe_execNtNtCsaxtFaqkp5wQ_5alloc6string6StringNCNCNvB2_8get_name00EB4_
FNDA:1,_RINvNtCscUQfL4jadIi_14darwin_metrics5utils14objc_safe_execlNCNvNtB2_5testss_19test_objc_safe_exec0EB4_
FNDA:1,_RINvNtCscUQfL4jadIi_14darwin_metrics5utils14objc_safe_execlNCNvNtB2_5testss_19test_objc_safe_execs_0EB4_
FNDA:0,_RINvNtCscUQfL4jadIi_14darwin_metrics5utils16autorelease_poolINtNtCs4P3ALgZxGbJ_4core6result6ResultNtNtCsaxtFaqkp5wQ_5alloc6string6StringNtNtB4_5error5ErrorENCNvB2_8get_name0EB4_
FNDA:1,_RINvNtCscUQfL4jadIi_14darwin_metrics5utils16autorelease_poolNtNtCsaxtFaqkp5wQ_5alloc6string6StringNCNvNtB2_5testss_21test_autorelease_pools_0EB4_
FNDA:1,_RINvNtCscUQfL4jadIi_14darwin_metrics5utils16autorelease_poollNCNvNtB2_5testss_21test_autorelease_pool0EB4_
FNDA:0,_RNCINvNtCscUQfL4jadIi_14darwin_metrics5utils16autorelease_poolINtNtCs4P3ALgZxGbJ_4core6result6ResultNtNtCsaxtFaqkp5wQ_5alloc6string6StringNtNtB6_5error5ErrorENCNvB4_8get_name0E0B6_
FNDA:1,_RNCINvNtCscUQfL4jadIi_14darwin_metrics5utils16autorelease_poolNtNtCsaxtFaqkp5wQ_5alloc6string6StringNCNvNtB4_5testss_21test_autorelease_pools_0E0B6_
FNDA:1,_RNCINvNtCscUQfL4jadIi_14darwin_metrics5utils16autorelease_poollNCNvNtB4_5testss_21test_autorelease_pool0E0B6_
FNDA:0,_RNCNvNtCscUQfL4jadIi_14darwin_metrics5utils8get_name0B5_
FNDA:1,_RNCNvNtNtCscUQfL4jadIi_14darwin_metrics5utils5testss_21test_autorelease_pool0B7_
FNDA:1,_RNCNvNtNtCscUQfL4jadIi_14darwin_metrics5utils5testss_21test_autorelease_pools_0B7_
FNDA:0,_RNCNCNvNtCscUQfL4jadIi_14darwin_metrics5utils8get_name00B7_
FNDA:1,_RNCNvNtNtCscUQfL4jadIi_14darwin_metrics5utils5testss_19test_objc_safe_exec0B7_
FNDA:1,_RNCNvNtNtCscUQfL4jadIi_14darwin_metrics5utils5testss_19test_objc_safe_execs_0B7_
FNDA:0,_RNvNtCsgzbQ35vyMKY_14darwin_metrics5utils15c_str_to_string
FNDA:0,_RNvNtCsgzbQ35vyMKY_14darwin_metrics5utils17raw_str_to_string
FNDA:0,_RNvNtCsgzbQ35vyMKY_14darwin_metrics5utils20raw_f64_slice_to_vec
FNDA:0,_RNvNtCsgzbQ35vyMKY_14darwin_metrics5utils8get_name
FNDA:0,_RINvNtCsgzbQ35vyMKY_14darwin_metrics5utils14objc_safe_execNtNtCsaxtFaqkp5wQ_5alloc6string6StringNCNCNvB2_8get_name00EB4_
FNDA:0,_RINvNtCsgzbQ35vyMKY_14darwin_metrics5utils16autorelease_poolINtNtCs4P3ALgZxGbJ_4core6result6ResultNtNtCsaxtFaqkp5wQ_5alloc6string6StringNtNtB4_5error5ErrorENCNvB2_8get_name0EB4_
FNDA:0,_RNCINvNtCsgzbQ35vyMKY_14darwin_metrics5utils16autorelease_poolINtNtCs4P3ALgZxGbJ_4core6result6ResultNtNtCsaxtFaqkp5wQ_5alloc6string6StringNtNtB6_5error5ErrorENCNvB4_8get_name0E0B6_
FNDA:0,_RNCNvNtCsgzbQ35vyMKY_14darwin_metrics5utils8get_name0B5_
FNDA:0,_RNCNCNvNtCsgzbQ35vyMKY_14darwin_metrics5utils8get_name00B7_
FNF:20
FNH:18
DA:36,2
DA:37,2
DA:38,2
DA:39,2
DA:40,2
DA:41,2
DA:44,2
DA:45,2
DA:46,2
DA:47,2
DA:48,2
DA:49,2
DA:50,2
DA:51,0
DA:53,2
DA:66,2
DA:67,2
DA:68,1
DA:69,1
DA:70,1
DA:71,2
DA:85,3
DA:86,3
DA:87,2
DA:88,1
DA:89,1
DA:90,1
DA:91,3
DA:105,3
DA:106,3
DA:107,2
DA:108,1
DA:109,1
DA:110,3
DA:113,1
DA:114,1
DA:115,1
DA:116,0
DA:117,0
DA:118,0
DA:119,0
DA:120,0
DA:121,0
DA:122,0
DA:123,0
DA:124,0
DA:125,0
DA:126,0
DA:127,0
DA:128,0
DA:129,0
DA:130,0
DA:131,0
DA:132,0
DA:133,0
DA:134,0
DA:135,0
DA:136,1
DA:144,1
DA:145,1
DA:146,1
DA:147,1
DA:148,1
DA:149,1
DA:150,1
DA:151,1
DA:152,1
DA:155,1
DA:156,1
DA:158,1
DA:161,1
DA:162,1
DA:163,1
DA:164,1
DA:165,1
DA:166,1
DA:167,1
DA:168,1
DA:169,1
DA:170,1
DA:173,1
DA:174,1
DA:177,1
DA:178,1
DA:180,1
DA:183,1
DA:184,1
DA:185,1
DA:186,1
DA:187,1
DA:188,1
DA:189,1
DA:190,1
DA:191,1
DA:194,1
DA:195,1
DA:198,1
DA:199,1
DA:201,1
DA:204,1
DA:205,1
DA:206,1
DA:207,1
DA:210,1
DA:211,1
DA:212,1
DA:215,1
DA:216,1
DA:217,1
DA:218,1
DA:219,1
DA:222,1
DA:223,1
DA:224,1
DA:225,1
DA:226,0
DA:230,1
DA:233,1
DA:234,1
DA:235,1
DA:236,1
DA:237,1
DA:238,0
DA:240,1
DA:243,1
DA:244,1
DA:245,1
DA:246,1
DA:247,1
DA:248,1
BRF:0
BRH:0
LF:139
LH:112
end_of_record
SF:/Users/smeya/git/darwin-metrics/src/utils/property_utils.rs
FN:21,_RNCNvYNtNtNtCscUQfL4jadIi_14darwin_metrics5utils20property_utils_tests17MockPropertyUtilsNtNtB8_14property_utils13PropertyUtils17get_bool_property0Ba_
FN:22,_RNCNvYNtNtNtCscUQfL4jadIi_14darwin_metrics5utils20property_utils_tests17MockPropertyUtilsNtNtB8_14property_utils13PropertyUtils17get_bool_propertys_0Ba_
FN:14,_RNCNvYNtNtNtCscUQfL4jadIi_14darwin_metrics5utils20property_utils_tests17MockPropertyUtilsNtNtB8_14property_utils13PropertyUtils19get_number_property0Ba_
FN:15,_RNCNvYNtNtNtCscUQfL4jadIi_14darwin_metrics5utils20property_utils_tests17MockPropertyUtilsNtNtB8_14property_utils13PropertyUtils19get_number_propertys_0Ba_
FN:7,_RNCNvYNtNtNtCscUQfL4jadIi_14darwin_metrics5utils20property_utils_tests17MockPropertyUtilsNtNtB8_14property_utils13PropertyUtils19get_string_property0Ba_
FN:8,_RNCNvYNtNtNtCscUQfL4jadIi_14darwin_metrics5utils20property_utils_tests17MockPropertyUtilsNtNtB8_14property_utils13PropertyUtils19get_string_propertys_0Ba_
FN:18,_RNvYNtNtNtCscUQfL4jadIi_14darwin_metrics5utils20property_utils_tests17MockPropertyUtilsNtNtB6_14property_utils13PropertyUtils17get_bool_propertyB8_
FN:11,_RNvYNtNtNtCscUQfL4jadIi_14darwin_metrics5utils20property_utils_tests17MockPropertyUtilsNtNtB6_14property_utils13PropertyUtils19get_number_propertyB8_
FN:4,_RNvYNtNtNtCscUQfL4jadIi_14darwin_metrics5utils20property_utils_tests17MockPropertyUtilsNtNtB6_14property_utils13PropertyUtils19get_string_propertyB8_
FN:21,_RNCNvYpNtNtNtCsgzbQ35vyMKY_14darwin_metrics5utils14property_utils13PropertyUtils17get_bool_property0Bb_
FN:22,_RNCNvYpNtNtNtCsgzbQ35vyMKY_14darwin_metrics5utils14property_utils13PropertyUtils17get_bool_propertys_0Bb_
FN:14,_RNCNvYpNtNtNtCsgzbQ35vyMKY_14darwin_metrics5utils14property_utils13PropertyUtils19get_number_property0Bb_
FN:15,_RNCNvYpNtNtNtCsgzbQ35vyMKY_14darwin_metrics5utils14property_utils13PropertyUtils19get_number_propertys_0Bb_
FN:7,_RNCNvYpNtNtNtCsgzbQ35vyMKY_14darwin_metrics5utils14property_utils13PropertyUtils19get_string_property0Bb_
FN:8,_RNCNvYpNtNtNtCsgzbQ35vyMKY_14darwin_metrics5utils14property_utils13PropertyUtils19get_string_propertys_0Bb_
FN:18,_RNvYpNtNtNtCsgzbQ35vyMKY_14darwin_metrics5utils14property_utils13PropertyUtils17get_bool_propertyB9_
FN:11,_RNvYpNtNtNtCsgzbQ35vyMKY_14darwin_metrics5utils14property_utils13PropertyUtils19get_number_propertyB9_
FN:4,_RNvYpNtNtNtCsgzbQ35vyMKY_14darwin_metrics5utils14property_utils13PropertyUtils19get_string_propertyB9_
FNDA:0,_RNCNvYNtNtNtCscUQfL4jadIi_14darwin_metrics5utils20property_utils_tests17MockPropertyUtilsNtNtB8_14property_utils13PropertyUtils17get_bool_property0Ba_
FNDA:0,_RNCNvYNtNtNtCscUQfL4jadIi_14darwin_metrics5utils20property_utils_tests17MockPropertyUtilsNtNtB8_14property_utils13PropertyUtils17get_bool_propertys_0Ba_
FNDA:0,_RNCNvYNtNtNtCscUQfL4jadIi_14darwin_metrics5utils20property_utils_tests17MockPropertyUtilsNtNtB8_14property_utils13PropertyUtils19get_number_property0Ba_
FNDA:0,_RNCNvYNtNtNtCscUQfL4jadIi_14darwin_metrics5utils20property_utils_tests17MockPropertyUtilsNtNtB8_14property_utils13PropertyUtils19get_number_propertys_0Ba_
FNDA:0,_RNCNvYNtNtNtCscUQfL4jadIi_14darwin_metrics5utils20property_utils_tests17MockPropertyUtilsNtNtB8_14property_utils13PropertyUtils19get_string_property0Ba_
FNDA:0,_RNCNvYNtNtNtCscUQfL4jadIi_14darwin_metrics5utils20property_utils_tests17MockPropertyUtilsNtNtB8_14property_utils13PropertyUtils19get_string_propertys_0Ba_
FNDA:1,_RNvYNtNtNtCscUQfL4jadIi_14darwin_metrics5utils20property_utils_tests17MockPropertyUtilsNtNtB6_14property_utils13PropertyUtils17get_bool_propertyB8_
FNDA:1,_RNvYNtNtNtCscUQfL4jadIi_14darwin_metrics5utils20property_utils_tests17MockPropertyUtilsNtNtB6_14property_utils13PropertyUtils19get_number_propertyB8_
FNDA:1,_RNvYNtNtNtCscUQfL4jadIi_14darwin_metrics5utils20property_utils_tests17MockPropertyUtilsNtNtB6_14property_utils13PropertyUtils19get_string_propertyB8_
FNDA:0,_RNCNvYpNtNtNtCsgzbQ35vyMKY_14darwin_metrics5utils14property_utils13PropertyUtils17get_bool_property0Bb_
FNDA:0,_RNCNvYpNtNtNtCsgzbQ35vyMKY_14darwin_metrics5utils14property_utils13PropertyUtils17get_bool_propertys_0Bb_
FNDA:0,_RNCNvYpNtNtNtCsgzbQ35vyMKY_14darwin_metrics5utils14property_utils13PropertyUtils19get_number_property0Bb_
FNDA:0,_RNCNvYpNtNtNtCsgzbQ35vyMKY_14darwin_metrics5utils14property_utils13PropertyUtils19get_number_propertys_0Bb_
FNDA:0,_RNCNvYpNtNtNtCsgzbQ35vyMKY_14darwin_metrics5utils14property_utils13PropertyUtils19get_string_property0Bb_
FNDA:0,_RNCNvYpNtNtNtCsgzbQ35vyMKY_14darwin_metrics5utils14property_utils13PropertyUtils19get_string_propertys_0Bb_
FNDA:0,_RNvYpNtNtNtCsgzbQ35vyMKY_14darwin_metrics5utils14property_utils13PropertyUtils17get_bool_propertyB9_
FNDA:0,_RNvYpNtNtNtCsgzbQ35vyMKY_14darwin_metrics5utils14property_utils13PropertyUtils19get_number_propertyB9_
FNDA:0,_RNvYpNtNtNtCsgzbQ35vyMKY_14darwin_metrics5utils14property_utils13PropertyUtils19get_string_propertyB9_
FNF:9
FNH:3
DA:4,1
DA:5,1
DA:6,1
DA:7,1
DA:8,1
DA:9,1
DA:11,1
DA:12,1
DA:13,1
DA:14,1
DA:15,1
DA:16,1
DA:18,1
DA:19,1
DA:20,1
DA:21,1
DA:22,1
DA:23,1
BRF:0
BRH:0
LF:24
LH:18
end_of_record
SF:/Users/smeya/git/darwin-metrics/src/utils/property_utils_tests.rs
FN:14,_RNvNtNtCscUQfL4jadIi_14darwin_metrics5utils20property_utils_testss_25test_property_utils_trait
FN:34,_RNvNtNtCscUQfL4jadIi_14darwin_metrics5utils20property_utils_testss_39test_property_accessor_implements_trait
FNDA:1,_RNvNtNtCscUQfL4jadIi_14darwin_metrics5utils20property_utils_testss_25test_property_utils_trait
FNDA:1,_RNvNtNtCscUQfL4jadIi_14darwin_metrics5utils20property_utils_testss_39test_property_accessor_implements_trait
FNF:2
FNH:2
DA:14,1
DA:15,1
DA:16,1
DA:17,1
DA:18,1
DA:19,1
DA:20,1
DA:21,1
DA:22,1
DA:23,1
DA:24,1
DA:25,1
DA:26,1
DA:27,1
DA:28,1
DA:29,1
DA:30,1
DA:31,1
DA:34,1
DA:35,1
DA:36,1
DA:37,1
DA:38,1
DA:39,1
DA:40,1
DA:41,1
DA:42,1
DA:43,1
DA:44,1
DA:45,1
DA:46,1
DA:47,1
BRF:0
BRH:0
LF:32
LH:32
end_of_record
SF:/Users/smeya/git/darwin-metrics/src/utils/test_utils.rs
FN:47,_RNCNvNtNtCscUQfL4jadIi_14darwin_metrics5utils10test_utils18create_test_number0B7_
FN:57,_RNCNvNtNtCscUQfL4jadIi_14darwin_metrics5utils10test_utils18create_test_object0B7_
FN:9,_RNCNvNtNtCscUQfL4jadIi_14darwin_metrics5utils10test_utils22create_test_dictionary0B7_
FN:25,_RNCNvNtNtCscUQfL4jadIi_14darwin_metrics5utils10test_utils35create_test_dictionary_with_entries0B7_
FN:45,_RNvNtNtCscUQfL4jadIi_14darwin_metrics5utils10test_utils18create_test_number
FN:56,_RNvNtNtCscUQfL4jadIi_14darwin_metrics5utils10test_utils18create_test_object
FN:40,_RNvNtNtCscUQfL4jadIi_14darwin_metrics5utils10test_utils18create_test_string
FN:8,_RNvNtNtCscUQfL4jadIi_14darwin_metrics5utils10test_utils22create_test_dictionary
FN:17,_RNvNtNtCscUQfL4jadIi_14darwin_metrics5utils10test_utils35create_test_dictionary_with_entries
FN:28,_RNCNCNvNtNtCscUQfL4jadIi_14darwin_metrics5utils10test_utils35create_test_dictionary_with_entries00B9_
FN:30,_RNCNCNvNtNtCscUQfL4jadIi_14darwin_metrics5utils10test_utils35create_test_dictionary_with_entries0s_0B9_
FN:104,_RNvNtNtNtCscUQfL4jadIi_14darwin_metrics5utils10test_utils5testss_23test_create_test_number
FN:113,_RNvNtNtNtCscUQfL4jadIi_14darwin_metrics5utils10test_utils5testss_23test_create_test_object
FN:95,_RNvNtNtNtCscUQfL4jadIi_14darwin_metrics5utils10test_utils5testss_23test_create_test_string
FN:68,_RNvNtNtNtCscUQfL4jadIi_14darwin_metrics5utils10test_utils5testss_27test_create_test_dictionary
FN:76,_RNvNtNtNtCscUQfL4jadIi_14darwin_metrics5utils10test_utils5testss_40test_create_test_dictionary_with_entries
FN:28,_RNCNCNvNtNtCsgzbQ35vyMKY_14darwin_metrics5utils10test_utils35create_test_dictionary_with_entries00B9_
FN:30,_RNCNCNvNtNtCsgzbQ35vyMKY_14darwin_metrics5utils10test_utils35create_test_dictionary_with_entries0s_0B9_
FN:47,_RNCNvNtNtCsgzbQ35vyMKY_14darwin_metrics5utils10test_utils18create_test_number0B7_
FN:57,_RNCNvNtNtCsgzbQ35vyMKY_14darwin_metrics5utils10test_utils18create_test_object0B7_
FN:9,_RNCNvNtNtCsgzbQ35vyMKY_14darwin_metrics5utils10test_utils22create_test_dictionary0B7_
FN:25,_RNCNvNtNtCsgzbQ35vyMKY_14darwin_metrics5utils10test_utils35create_test_dictionary_with_entries0B7_
FN:45,_RNvNtNtCsgzbQ35vyMKY_14darwin_metrics5utils10test_utils18create_test_number
FN:56,_RNvNtNtCsgzbQ35vyMKY_14darwin_metrics5utils10test_utils18create_test_object
FN:40,_RNvNtNtCsgzbQ35vyMKY_14darwin_metrics5utils10test_utils18create_test_string
FN:8,_RNvNtNtCsgzbQ35vyMKY_14darwin_metrics5utils10test_utils22create_test_dictionary
FN:17,_RNvNtNtCsgzbQ35vyMKY_14darwin_metrics5utils10test_utils35create_test_dictionary_with_entries
FNDA:1,_RNCNvNtNtCscUQfL4jadIi_14darwin_metrics5utils10test_utils18create_test_number0B7_
FNDA:11,_RNCNvNtNtCscUQfL4jadIi_14darwin_metrics5utils10test_utils18create_test_object0B7_
FNDA:25,_RNCNvNtNtCscUQfL4jadIi_14darwin_metrics5utils10test_utils22create_test_dictionary0B7_
FNDA:0,_RNCNvNtNtCscUQfL4jadIi_14darwin_metrics5utils10test_utils35create_test_dictionary_with_entries0B7_
FNDA:1,_RNvNtNtCscUQfL4jadIi_14darwin_metrics5utils10test_utils18create_test_number
FNDA:11,_RNvNtNtCscUQfL4jadIi_14darwin_metrics5utils10test_utils18create_test_object
FNDA:1,_RNvNtNtCscUQfL4jadIi_14darwin_metrics5utils10test_utils18create_test_string
FNDA:25,_RNvNtNtCscUQfL4jadIi_14darwin_metrics5utils10test_utils22create_test_dictionary
FNDA:1,_RNvNtNtCscUQfL4jadIi_14darwin_metrics5utils10test_utils35create_test_dictionary_with_entries
FNDA:0,_RNCNCNvNtNtCscUQfL4jadIi_14darwin_metrics5utils10test_utils35create_test_dictionary_with_entries00B9_
FNDA:0,_RNCNCNvNtNtCscUQfL4jadIi_14darwin_metrics5utils10test_utils35create_test_dictionary_with_entries0s_0B9_
FNDA:1,_RNvNtNtNtCscUQfL4jadIi_14darwin_metrics5utils10test_utils5testss_23test_create_test_number
FNDA:1,_RNvNtNtNtCscUQfL4jadIi_14darwin_metrics5utils10test_utils5testss_23test_create_test_object
FNDA:1,_RNvNtNtNtCscUQfL4jadIi_14darwin_metrics5utils10test_utils5testss_23test_create_test_string
FNDA:1,_RNvNtNtNtCscUQfL4jadIi_14darwin_metrics5utils10test_utils5testss_27test_create_test_dictionary
FNDA:1,_RNvNtNtNtCscUQfL4jadIi_14darwin_metrics5utils10test_utils5testss_40test_create_test_dictionary_with_entries
FNDA:0,_RNCNCNvNtNtCsgzbQ35vyMKY_14darwin_metrics5utils10test_utils35create_test_dictionary_with_entries00B9_
FNDA:0,_RNCNCNvNtNtCsgzbQ35vyMKY_14darwin_metrics5utils10test_utils35create_test_dictionary_with_entries0s_0B9_
FNDA:0,_RNCNvNtNtCsgzbQ35vyMKY_14darwin_metrics5utils10test_utils18create_test_number0B7_
FNDA:0,_RNCNvNtNtCsgzbQ35vyMKY_14darwin_metrics5utils10test_utils18create_test_object0B7_
FNDA:0,_RNCNvNtNtCsgzbQ35vyMKY_14darwin_metrics5utils10test_utils22create_test_dictionary0B7_
FNDA:0,_RNCNvNtNtCsgzbQ35vyMKY_14darwin_metrics5utils10test_utils35create_test_dictionary_with_entries0B7_
FNDA:0,_RNvNtNtCsgzbQ35vyMKY_14darwin_metrics5utils10test_utils18create_test_number
FNDA:0,_RNvNtNtCsgzbQ35vyMKY_14darwin_metrics5utils10test_utils18create_test_object
FNDA:0,_RNvNtNtCsgzbQ35vyMKY_14darwin_metrics5utils10test_utils18create_test_string
FNDA:0,_RNvNtNtCsgzbQ35vyMKY_14darwin_metrics5utils10test_utils22create_test_dictionary
FNDA:0,_RNvNtNtCsgzbQ35vyMKY_14darwin_metrics5utils10test_utils35create_test_dictionary_with_entries
FNF:16
FNH:13
DA:8,25
DA:9,25
DA:10,25
DA:11,25
DA:12,25
DA:13,25
DA:14,25
DA:17,1
DA:18,1
DA:19,1
DA:20,1
DA:21,1
DA:22,1
DA:23,0
DA:24,0
DA:25,0
DA:26,0
DA:27,0
DA:28,0
DA:29,0
DA:30,0
DA:31,0
DA:32,0
DA:33,0
DA:34,0
DA:35,0
DA:36,0
DA:37,1
DA:40,1
DA:41,1
DA:42,1
DA:45,1
DA:46,1
DA:47,1
DA:48,1
DA:49,1
DA:50,1
DA:51,1
DA:52,1
DA:53,1
DA:56,11
DA:57,11
DA:58,11
DA:59,11
DA:60,11
DA:61,11
DA:68,1
DA:69,1
DA:70,1
DA:71,1
DA:72,1
DA:73,1
DA:76,1
DA:85,1
DA:86,1
DA:87,1
DA:88,1
DA:89,1
DA:90,1
DA:91,1
DA:92,1
DA:95,1
DA:96,1
DA:97,1
DA:98,1
DA:99,1
DA:100,1
DA:101,1
DA:104,1
DA:105,1
DA:106,1
DA:107,1
DA:108,1
DA:109,1
DA:110,1
DA:113,1
DA:114,1
DA:115,1
DA:116,1
DA:117,1
DA:118,1
BRF:0
BRH:0
LF:91
LH:73
end_of_record