SF:/Users/smeya/git/darwin-metrics/src/battery/mod.rs
FN:151,_RNvMs_NtCs3IZHjdzq1Qw_14darwin_metrics7batteryNtB4_7Battery11is_critical
FN:128,_RNvMs_NtCs3IZHjdzq1Qw_14darwin_metrics7batteryNtB4_7Battery11with_values
FN:170,_RNvMs_NtCs3IZHjdzq1Qw_14darwin_metrics7batteryNtB4_7Battery14is_health_poor
FN:174,_RNvMs_NtCs3IZHjdzq1Qw_14darwin_metrics7batteryNtB4_7Battery20has_high_cycle_count
FN:178,_RNvMs_NtCs3IZHjdzq1Qw_14darwin_metrics7batteryNtB4_7Battery20power_source_display
FN:159,_RNvMs_NtCs3IZHjdzq1Qw_14darwin_metrics7batteryNtB4_7Battery22time_remaining_display
FN:186,_RNvMs_NtCs3IZHjdzq1Qw_14darwin_metrics7batteryNtB4_7Battery23is_temperature_critical
FN:50,_RNvMs_NtCs3IZHjdzq1Qw_14darwin_metrics7batteryNtB4_7Battery3new
FN:155,_RNvMs_NtCs3IZHjdzq1Qw_14darwin_metrics7batteryNtB4_7Battery6is_low
FN:56,_RNvMs_NtCs3IZHjdzq1Qw_14darwin_metrics7batteryNtB4_7Battery6update
FN:113,_RNvMs_NtCs3IZHjdzq1Qw_14darwin_metrics7batteryNtB4_7Battery8get_info
FN:44,_RNvXNtCs3IZHjdzq1Qw_14darwin_metrics7batteryNtB2_7BatteryNtNtCs4P3ALgZxGbJ_4core7default7Default7default
FN:192,_RNvXs0_NtCs3IZHjdzq1Qw_14darwin_metrics7batteryNtB5_7BatteryNtNtCs4P3ALgZxGbJ_4core5clone5Clone5clone
FN:208,_RNvXs1_NtCs3IZHjdzq1Qw_14darwin_metrics7batteryNtB5_7BatteryNtNtCs4P3ALgZxGbJ_4core3cmp9PartialEq2eq
FN:151,_RNvMs_NtCsiFtB4djRvCu_14darwin_metrics7batteryNtB4_7Battery11is_critical
FN:128,_RNvMs_NtCsiFtB4djRvCu_14darwin_metrics7batteryNtB4_7Battery11with_values
FN:170,_RNvMs_NtCsiFtB4djRvCu_14darwin_metrics7batteryNtB4_7Battery14is_health_poor
FN:174,_RNvMs_NtCsiFtB4djRvCu_14darwin_metrics7batteryNtB4_7Battery20has_high_cycle_count
FN:178,_RNvMs_NtCsiFtB4djRvCu_14darwin_metrics7batteryNtB4_7Battery20power_source_display
FN:159,_RNvMs_NtCsiFtB4djRvCu_14darwin_metrics7batteryNtB4_7Battery22time_remaining_display
FN:186,_RNvMs_NtCsiFtB4djRvCu_14darwin_metrics7batteryNtB4_7Battery23is_temperature_critical
FN:50,_RNvMs_NtCsiFtB4djRvCu_14darwin_metrics7batteryNtB4_7Battery3new
FN:155,_RNvMs_NtCsiFtB4djRvCu_14darwin_metrics7batteryNtB4_7Battery6is_low
FN:56,_RNvMs_NtCsiFtB4djRvCu_14darwin_metrics7batteryNtB4_7Battery6update
FN:113,_RNvMs_NtCsiFtB4djRvCu_14darwin_metrics7batteryNtB4_7Battery8get_info
FN:44,_RNvXNtCsiFtB4djRvCu_14darwin_metrics7batteryNtB2_7BatteryNtNtCs4P3ALgZxGbJ_4core7default7Default7default
FN:192,_RNvXs0_NtCsiFtB4djRvCu_14darwin_metrics7batteryNtB5_7BatteryNtNtCs4P3ALgZxGbJ_4core5clone5Clone5clone
FN:208,_RNvXs1_NtCsiFtB4djRvCu_14darwin_metrics7batteryNtB5_7BatteryNtNtCs4P3ALgZxGbJ_4core3cmp9PartialEq2eq
FNDA:0,_RNvMs_NtCs3IZHjdzq1Qw_14darwin_metrics7batteryNtB4_7Battery11is_critical
FNDA:0,_RNvMs_NtCs3IZHjdzq1Qw_14darwin_metrics7batteryNtB4_7Battery11with_values
FNDA:0,_RNvMs_NtCs3IZHjdzq1Qw_14darwin_metrics7batteryNtB4_7Battery14is_health_poor
FNDA:0,_RNvMs_NtCs3IZHjdzq1Qw_14darwin_metrics7batteryNtB4_7Battery20has_high_cycle_count
FNDA:0,_RNvMs_NtCs3IZHjdzq1Qw_14darwin_metrics7batteryNtB4_7Battery20power_source_display
FNDA:0,_RNvMs_NtCs3IZHjdzq1Qw_14darwin_metrics7batteryNtB4_7Battery22time_remaining_display
FNDA:0,_RNvMs_NtCs3IZHjdzq1Qw_14darwin_metrics7batteryNtB4_7Battery23is_temperature_critical
FNDA:0,_RNvMs_NtCs3IZHjdzq1Qw_14darwin_metrics7batteryNtB4_7Battery3new
FNDA:0,_RNvMs_NtCs3IZHjdzq1Qw_14darwin_metrics7batteryNtB4_7Battery6is_low
FNDA:0,_RNvMs_NtCs3IZHjdzq1Qw_14darwin_metrics7batteryNtB4_7Battery6update
FNDA:0,_RNvMs_NtCs3IZHjdzq1Qw_14darwin_metrics7batteryNtB4_7Battery8get_info
FNDA:0,_RNvXNtCs3IZHjdzq1Qw_14darwin_metrics7batteryNtB2_7BatteryNtNtCs4P3ALgZxGbJ_4core7default7Default7default
FNDA:0,_RNvXs0_NtCs3IZHjdzq1Qw_14darwin_metrics7batteryNtB5_7BatteryNtNtCs4P3ALgZxGbJ_4core5clone5Clone5clone
FNDA:0,_RNvXs1_NtCs3IZHjdzq1Qw_14darwin_metrics7batteryNtB5_7BatteryNtNtCs4P3ALgZxGbJ_4core3cmp9PartialEq2eq
FNDA:0,_RNvMs_NtCsiFtB4djRvCu_14darwin_metrics7batteryNtB4_7Battery11is_critical
FNDA:0,_RNvMs_NtCsiFtB4djRvCu_14darwin_metrics7batteryNtB4_7Battery11with_values
FNDA:0,_RNvMs_NtCsiFtB4djRvCu_14darwin_metrics7batteryNtB4_7Battery14is_health_poor
FNDA:0,_RNvMs_NtCsiFtB4djRvCu_14darwin_metrics7batteryNtB4_7Battery20has_high_cycle_count
FNDA:0,_RNvMs_NtCsiFtB4djRvCu_14darwin_metrics7batteryNtB4_7Battery20power_source_display
FNDA:0,_RNvMs_NtCsiFtB4djRvCu_14darwin_metrics7batteryNtB4_7Battery22time_remaining_display
FNDA:0,_RNvMs_NtCsiFtB4djRvCu_14darwin_metrics7batteryNtB4_7Battery23is_temperature_critical
FNDA:0,_RNvMs_NtCsiFtB4djRvCu_14darwin_metrics7batteryNtB4_7Battery3new
FNDA:0,_RNvMs_NtCsiFtB4djRvCu_14darwin_metrics7batteryNtB4_7Battery6is_low
FNDA:0,_RNvMs_NtCsiFtB4djRvCu_14darwin_metrics7batteryNtB4_7Battery6update
FNDA:0,_RNvMs_NtCsiFtB4djRvCu_14darwin_metrics7batteryNtB4_7Battery8get_info
FNDA:0,_RNvXNtCsiFtB4djRvCu_14darwin_metrics7batteryNtB2_7BatteryNtNtCs4P3ALgZxGbJ_4core7default7Default7default
FNDA:0,_RNvXs0_NtCsiFtB4djRvCu_14darwin_metrics7batteryNtB5_7BatteryNtNtCs4P3ALgZxGbJ_4core5clone5Clone5clone
FNDA:0,_RNvXs1_NtCsiFtB4djRvCu_14darwin_metrics7batteryNtB5_7BatteryNtNtCs4P3ALgZxGbJ_4core3cmp9PartialEq2eq
FNF:14
FNH:0
DA:44,0
DA:45,0
DA:46,0
DA:50,0
DA:51,0
DA:52,0
DA:53,0
DA:54,0
DA:56,0
DA:57,0
DA:58,0
DA:60,0
DA:61,0
DA:64,0
DA:66,0
DA:67,0
DA:68,0
DA:69,0
DA:70,0
DA:71,0
DA:72,0
DA:73,0
DA:74,0
DA:75,0
DA:76,0
DA:77,0
DA:78,0
DA:79,0
DA:80,0
DA:81,0
DA:82,0
DA:83,0
DA:84,0
DA:86,0
DA:87,0
DA:88,0
DA:89,0
DA:90,0
DA:91,0
DA:93,0
DA:94,0
DA:95,0
DA:96,0
DA:97,0
DA:98,0
DA:100,0
DA:101,0
DA:102,0
DA:103,0
DA:104,0
DA:105,0
DA:106,0
DA:107,0
DA:108,0
DA:109,0
DA:110,0
DA:111,0
DA:113,0
DA:114,0
DA:115,0
DA:117,0
DA:118,0
DA:121,0
DA:122,0
DA:123,0
DA:125,0
DA:128,0
DA:129,0
DA:130,0
DA:131,0
DA:132,0
DA:133,0
DA:134,0
DA:135,0
DA:136,0
DA:137,0
DA:138,0
DA:139,0
DA:140,0
DA:141,0
DA:142,0
DA:143,0
DA:144,0
DA:145,0
DA:146,0
DA:147,0
DA:148,0
DA:149,0
DA:151,0
DA:152,0
DA:153,0
DA:155,0
DA:156,0
DA:157,0
DA:159,0
DA:160,0
DA:161,0
DA:162,0
DA:164,0
DA:165,0
DA:166,0
DA:168,0
DA:170,0
DA:171,0
DA:172,0
DA:174,0
DA:175,0
DA:176,0
DA:178,0
DA:179,0
DA:180,0
DA:181,0
DA:182,0
DA:184,0
DA:186,0
DA:187,0
DA:188,0
DA:192,0
DA:193,0
DA:194,0
DA:195,0
DA:196,0
DA:197,0
DA:198,0
DA:199,0
DA:200,0
DA:201,0
DA:202,0
DA:203,0
DA:204,0
DA:208,0
DA:209,0
DA:210,0
DA:211,0
DA:212,0
DA:213,0
DA:214,0
DA:215,0
DA:216,0
DA:217,0
BRF:0
BRH:0
LF:140
LH:0
end_of_record
SF:/Users/smeya/git/darwin-metrics/src/disk/mod.rs
FN:328,_RINvMs0_NtCs3IZHjdzq1Qw_14darwin_metrics4diskNtB6_4Disk12get_for_pathpEB8_
FN:579,_RINvMs1_NtCs3IZHjdzq1Qw_14darwin_metrics4diskNtB6_11DiskMonitor19get_volume_for_pathpEB8_
FN:340,_RNCINvMs0_NtCs3IZHjdzq1Qw_14darwin_metrics4diskNtB8_4Disk12get_for_pathpE0Ba_
FN:613,_RNCINvMs1_NtCs3IZHjdzq1Qw_14darwin_metrics4diskNtB8_11DiskMonitor19get_volume_for_pathpE0Ba_
FN:412,_RNvMs0_NtCs3IZHjdzq1Qw_14darwin_metrics4diskNtB5_4Disk17available_display
FN:468,_RNvMs1_NtCs3IZHjdzq1Qw_14darwin_metrics4diskNtB5_11DiskMonitor11get_volumes
FN:841,_RNvMs1_NtCs3IZHjdzq1Qw_14darwin_metrics4diskNtB5_11DiskMonitor16detect_disk_type
FN:28,_RNvXNtCs3IZHjdzq1Qw_14darwin_metrics4diskNtB2_8DiskTypeNtNtCs4P3ALgZxGbJ_4core7default7Default7default
FN:876,_RNvXs2_NtCs3IZHjdzq1Qw_14darwin_metrics4diskNtB5_11DiskMonitorNtNtCs4P3ALgZxGbJ_4core7default7Default7default
FN:110,_RNvXs_NtCs3IZHjdzq1Qw_14darwin_metrics4diskNtB4_9DiskStatsNtNtCs4P3ALgZxGbJ_4core7default7Default7default
FN:441,_RNvMs0_NtCs3IZHjdzq1Qw_14darwin_metrics4diskNtB5_4Disk12format_bytes
FN:422,_RNvMs0_NtCs3IZHjdzq1Qw_14darwin_metrics4diskNtB5_4Disk12used_display
FN:157,_RNvMs0_NtCs3IZHjdzq1Qw_14darwin_metrics4diskNtB5_4Disk12with_details
FN:417,_RNvMs0_NtCs3IZHjdzq1Qw_14darwin_metrics4diskNtB5_4Disk13total_display
FN:407,_RNvMs0_NtCs3IZHjdzq1Qw_14darwin_metrics4diskNtB5_4Disk14is_nearly_full
FN:399,_RNvMs0_NtCs3IZHjdzq1Qw_14darwin_metrics4diskNtB5_4Disk16usage_percentage
FN:134,_RNvMs0_NtCs3IZHjdzq1Qw_14darwin_metrics4diskNtB5_4Disk3new
FN:228,_RNvMs0_NtCs3IZHjdzq1Qw_14darwin_metrics4diskNtB5_4Disk7get_all
FN:427,_RNvMs0_NtCs3IZHjdzq1Qw_14darwin_metrics4diskNtB5_4Disk7summary
FN:180,_RNvMs0_NtCs3IZHjdzq1Qw_14darwin_metrics4diskNtB5_4Disk8get_info
FN:661,_RNvMs1_NtCs3IZHjdzq1Qw_14darwin_metrics4diskNtB5_11DiskMonitor15get_performance
FN:463,_RNvMs1_NtCs3IZHjdzq1Qw_14darwin_metrics4diskNtB5_11DiskMonitor3new
FN:804,_RNvMs1_NtCs3IZHjdzq1Qw_14darwin_metrics4diskNtB5_11DiskMonitor6update
FN:959,_RNCNvNtNtCs3IZHjdzq1Qw_14darwin_metrics4disk5testss_20test_get_all_volumes0B7_
FN:924,_RNvNtNtCs3IZHjdzq1Qw_14darwin_metrics4disk5testss_17test_format_bytes
FN:900,_RNvNtNtCs3IZHjdzq1Qw_14darwin_metrics4disk5testss_19test_is_nearly_full
FN:950,_RNvNtNtCs3IZHjdzq1Qw_14darwin_metrics4disk5testss_20test_get_all_volumes
FN:969,_RNvNtNtCs3IZHjdzq1Qw_14darwin_metrics4disk5testss_21test_disk_performance
FN:934,_RNvNtNtCs3IZHjdzq1Qw_14darwin_metrics4disk5testss_23test_get_root_disk_info
FN:886,_RNvNtNtCs3IZHjdzq1Qw_14darwin_metrics4disk5testss_26test_disk_usage_percentage
FN:328,_RINvMs0_NtCsiFtB4djRvCu_14darwin_metrics4diskNtB6_4Disk12get_for_pathpEB8_
FN:579,_RINvMs1_NtCsiFtB4djRvCu_14darwin_metrics4diskNtB6_11DiskMonitor19get_volume_for_pathpEB8_
FN:340,_RNCINvMs0_NtCsiFtB4djRvCu_14darwin_metrics4diskNtB8_4Disk12get_for_pathpE0Ba_
FN:613,_RNCINvMs1_NtCsiFtB4djRvCu_14darwin_metrics4diskNtB8_11DiskMonitor19get_volume_for_pathpE0Ba_
FN:441,_RNvMs0_NtCsiFtB4djRvCu_14darwin_metrics4diskNtB5_4Disk12format_bytes
FN:422,_RNvMs0_NtCsiFtB4djRvCu_14darwin_metrics4diskNtB5_4Disk12used_display
FN:157,_RNvMs0_NtCsiFtB4djRvCu_14darwin_metrics4diskNtB5_4Disk12with_details
FN:417,_RNvMs0_NtCsiFtB4djRvCu_14darwin_metrics4diskNtB5_4Disk13total_display
FN:407,_RNvMs0_NtCsiFtB4djRvCu_14darwin_metrics4diskNtB5_4Disk14is_nearly_full
FN:399,_RNvMs0_NtCsiFtB4djRvCu_14darwin_metrics4diskNtB5_4Disk16usage_percentage
FN:412,_RNvMs0_NtCsiFtB4djRvCu_14darwin_metrics4diskNtB5_4Disk17available_display
FN:134,_RNvMs0_NtCsiFtB4djRvCu_14darwin_metrics4diskNtB5_4Disk3new
FN:228,_RNvMs0_NtCsiFtB4djRvCu_14darwin_metrics4diskNtB5_4Disk7get_all
FN:427,_RNvMs0_NtCsiFtB4djRvCu_14darwin_metrics4diskNtB5_4Disk7summary
FN:180,_RNvMs0_NtCsiFtB4djRvCu_14darwin_metrics4diskNtB5_4Disk8get_info
FN:468,_RNvMs1_NtCsiFtB4djRvCu_14darwin_metrics4diskNtB5_11DiskMonitor11get_volumes
FN:661,_RNvMs1_NtCsiFtB4djRvCu_14darwin_metrics4diskNtB5_11DiskMonitor15get_performance
FN:841,_RNvMs1_NtCsiFtB4djRvCu_14darwin_metrics4diskNtB5_11DiskMonitor16detect_disk_type
FN:463,_RNvMs1_NtCsiFtB4djRvCu_14darwin_metrics4diskNtB5_11DiskMonitor3new
FN:804,_RNvMs1_NtCsiFtB4djRvCu_14darwin_metrics4diskNtB5_11DiskMonitor6update
FN:28,_RNvXNtCsiFtB4djRvCu_14darwin_metrics4diskNtB2_8DiskTypeNtNtCs4P3ALgZxGbJ_4core7default7Default7default
FN:876,_RNvXs2_NtCsiFtB4djRvCu_14darwin_metrics4diskNtB5_11DiskMonitorNtNtCs4P3ALgZxGbJ_4core7default7Default7default
FN:110,_RNvXs_NtCsiFtB4djRvCu_14darwin_metrics4diskNtB4_9DiskStatsNtNtCs4P3ALgZxGbJ_4core7default7Default7default
FNDA:0,_RINvMs0_NtCs3IZHjdzq1Qw_14darwin_metrics4diskNtB6_4Disk12get_for_pathpEB8_
FNDA:0,_RINvMs1_NtCs3IZHjdzq1Qw_14darwin_metrics4diskNtB6_11DiskMonitor19get_volume_for_pathpEB8_
FNDA:0,_RNCINvMs0_NtCs3IZHjdzq1Qw_14darwin_metrics4diskNtB8_4Disk12get_for_pathpE0Ba_
FNDA:0,_RNCINvMs1_NtCs3IZHjdzq1Qw_14darwin_metrics4diskNtB8_11DiskMonitor19get_volume_for_pathpE0Ba_
FNDA:0,_RNvMs0_NtCs3IZHjdzq1Qw_14darwin_metrics4diskNtB5_4Disk17available_display
FNDA:0,_RNvMs1_NtCs3IZHjdzq1Qw_14darwin_metrics4diskNtB5_11DiskMonitor11get_volumes
FNDA:0,_RNvMs1_NtCs3IZHjdzq1Qw_14darwin_metrics4diskNtB5_11DiskMonitor16detect_disk_type
FNDA:0,_RNvXNtCs3IZHjdzq1Qw_14darwin_metrics4diskNtB2_8DiskTypeNtNtCs4P3ALgZxGbJ_4core7default7Default7default
FNDA:0,_RNvXs2_NtCs3IZHjdzq1Qw_14darwin_metrics4diskNtB5_11DiskMonitorNtNtCs4P3ALgZxGbJ_4core7default7Default7default
FNDA:0,_RNvXs_NtCs3IZHjdzq1Qw_14darwin_metrics4diskNtB4_9DiskStatsNtNtCs4P3ALgZxGbJ_4core7default7Default7default
FNDA:26,_RNvMs0_NtCs3IZHjdzq1Qw_14darwin_metrics4diskNtB5_4Disk12format_bytes
FNDA:9,_RNvMs0_NtCs3IZHjdzq1Qw_14darwin_metrics4diskNtB5_4Disk12used_display
FNDA:9,_RNvMs0_NtCs3IZHjdzq1Qw_14darwin_metrics4diskNtB5_4Disk12with_details
FNDA:9,_RNvMs0_NtCs3IZHjdzq1Qw_14darwin_metrics4diskNtB5_4Disk13total_display
FNDA:2,_RNvMs0_NtCs3IZHjdzq1Qw_14darwin_metrics4diskNtB5_4Disk14is_nearly_full
FNDA:12,_RNvMs0_NtCs3IZHjdzq1Qw_14darwin_metrics4diskNtB5_4Disk16usage_percentage
FNDA:3,_RNvMs0_NtCs3IZHjdzq1Qw_14darwin_metrics4diskNtB5_4Disk3new
FNDA:1,_RNvMs0_NtCs3IZHjdzq1Qw_14darwin_metrics4diskNtB5_4Disk7get_all
FNDA:9,_RNvMs0_NtCs3IZHjdzq1Qw_14darwin_metrics4diskNtB5_4Disk7summary
FNDA:1,_RNvMs0_NtCs3IZHjdzq1Qw_14darwin_metrics4diskNtB5_4Disk8get_info
FNDA:1,_RNvMs1_NtCs3IZHjdzq1Qw_14darwin_metrics4diskNtB5_11DiskMonitor15get_performance
FNDA:1,_RNvMs1_NtCs3IZHjdzq1Qw_14darwin_metrics4diskNtB5_11DiskMonitor3new
FNDA:1,_RNvMs1_NtCs3IZHjdzq1Qw_14darwin_metrics4diskNtB5_11DiskMonitor6update
FNDA:1,_RNCNvNtNtCs3IZHjdzq1Qw_14darwin_metrics4disk5testss_20test_get_all_volumes0B7_
FNDA:1,_RNvNtNtCs3IZHjdzq1Qw_14darwin_metrics4disk5testss_17test_format_bytes
FNDA:1,_RNvNtNtCs3IZHjdzq1Qw_14darwin_metrics4disk5testss_19test_is_nearly_full
FNDA:1,_RNvNtNtCs3IZHjdzq1Qw_14darwin_metrics4disk5testss_20test_get_all_volumes
FNDA:1,_RNvNtNtCs3IZHjdzq1Qw_14darwin_metrics4disk5testss_21test_disk_performance
FNDA:1,_RNvNtNtCs3IZHjdzq1Qw_14darwin_metrics4disk5testss_23test_get_root_disk_info
FNDA:1,_RNvNtNtCs3IZHjdzq1Qw_14darwin_metrics4disk5testss_26test_disk_usage_percentage
FNDA:0,_RINvMs0_NtCsiFtB4djRvCu_14darwin_metrics4diskNtB6_4Disk12get_for_pathpEB8_
FNDA:0,_RINvMs1_NtCsiFtB4djRvCu_14darwin_metrics4diskNtB6_11DiskMonitor19get_volume_for_pathpEB8_
FNDA:0,_RNCINvMs0_NtCsiFtB4djRvCu_14darwin_metrics4diskNtB8_4Disk12get_for_pathpE0Ba_
FNDA:0,_RNCINvMs1_NtCsiFtB4djRvCu_14darwin_metrics4diskNtB8_11DiskMonitor19get_volume_for_pathpE0Ba_
FNDA:0,_RNvMs0_NtCsiFtB4djRvCu_14darwin_metrics4diskNtB5_4Disk12format_bytes
FNDA:0,_RNvMs0_NtCsiFtB4djRvCu_14darwin_metrics4diskNtB5_4Disk12used_display
FNDA:0,_RNvMs0_NtCsiFtB4djRvCu_14darwin_metrics4diskNtB5_4Disk12with_details
FNDA:0,_RNvMs0_NtCsiFtB4djRvCu_14darwin_metrics4diskNtB5_4Disk13total_display
FNDA:0,_RNvMs0_NtCsiFtB4djRvCu_14darwin_metrics4diskNtB5_4Disk14is_nearly_full
FNDA:0,_RNvMs0_NtCsiFtB4djRvCu_14darwin_metrics4diskNtB5_4Disk16usage_percentage
FNDA:0,_RNvMs0_NtCsiFtB4djRvCu_14darwin_metrics4diskNtB5_4Disk17available_display
FNDA:0,_RNvMs0_NtCsiFtB4djRvCu_14darwin_metrics4diskNtB5_4Disk3new
FNDA:0,_RNvMs0_NtCsiFtB4djRvCu_14darwin_metrics4diskNtB5_4Disk7get_all
FNDA:0,_RNvMs0_NtCsiFtB4djRvCu_14darwin_metrics4diskNtB5_4Disk7summary
FNDA:0,_RNvMs0_NtCsiFtB4djRvCu_14darwin_metrics4diskNtB5_4Disk8get_info
FNDA:0,_RNvMs1_NtCsiFtB4djRvCu_14darwin_metrics4diskNtB5_11DiskMonitor11get_volumes
FNDA:0,_RNvMs1_NtCsiFtB4djRvCu_14darwin_metrics4diskNtB5_11DiskMonitor15get_performance
FNDA:0,_RNvMs1_NtCsiFtB4djRvCu_14darwin_metrics4diskNtB5_11DiskMonitor16detect_disk_type
FNDA:0,_RNvMs1_NtCsiFtB4djRvCu_14darwin_metrics4diskNtB5_11DiskMonitor3new
FNDA:0,_RNvMs1_NtCsiFtB4djRvCu_14darwin_metrics4diskNtB5_11DiskMonitor6update
FNDA:0,_RNvXNtCsiFtB4djRvCu_14darwin_metrics4diskNtB2_8DiskTypeNtNtCs4P3ALgZxGbJ_4core7default7Default7default
FNDA:0,_RNvXs2_NtCsiFtB4djRvCu_14darwin_metrics4diskNtB5_11DiskMonitorNtNtCs4P3ALgZxGbJ_4core7default7Default7default
FNDA:0,_RNvXs_NtCsiFtB4djRvCu_14darwin_metrics4diskNtB4_9DiskStatsNtNtCs4P3ALgZxGbJ_4core7default7Default7default
FNF:30
FNH:20
DA:28,0
DA:29,0
DA:30,0
DA:110,0
DA:111,0
DA:112,0
DA:113,0
DA:114,0
DA:115,0
DA:116,0
DA:117,0
DA:118,0
DA:119,0
DA:120,0
DA:134,3
DA:135,3
DA:136,3
DA:137,3
DA:138,3
DA:139,3
DA:140,3
DA:141,3
DA:142,3
DA:143,3
DA:144,3
DA:145,3
DA:146,3
DA:147,3
DA:148,3
DA:149,3
DA:150,3
DA:151,3
DA:152,3
DA:153,3
DA:157,9
DA:158,9
DA:159,9
DA:160,9
DA:161,9
DA:162,9
DA:163,9
DA:164,9
DA:165,9
DA:166,9
DA:167,9
DA:168,9
DA:169,9
DA:170,9
DA:171,9
DA:172,9
DA:173,9
DA:174,9
DA:175,9
DA:176,9
DA:177,9
DA:180,1
DA:187,1
DA:188,1
DA:189,1
DA:190,1
DA:191,1
DA:192,1
DA:193,0
DA:194,1
DA:195,1
DA:196,1
DA:197,1
DA:198,1
DA:199,1
DA:200,1
DA:201,1
DA:202,1
DA:203,1
DA:204,1
DA:205,1
DA:206,1
DA:207,1
DA:208,1
DA:209,1
DA:210,1
DA:211,1
DA:212,1
DA:213,1
DA:214,1
DA:215,1
DA:216,1
DA:217,1
DA:218,1
DA:219,1
DA:220,1
DA:221,1
DA:222,1
DA:223,1
DA:224,1
DA:225,1
DA:228,1
DA:239,1
DA:240,1
DA:241,1
DA:242,0
DA:243,1
DA:244,1
DA:245,1
DA:246,1
DA:247,1
DA:248,1
DA:249,1
DA:250,1
DA:251,1
DA:252,1
DA:253,1
DA:254,0
DA:255,1
DA:256,1
DA:257,1
DA:258,1
DA:260,10
DA:261,10
DA:262,10
DA:263,10
DA:264,10
DA:265,10
DA:266,10
DA:267,10
DA:268,10
DA:269,10
DA:270,2
DA:271,8
DA:272,8
DA:273,8
DA:274,8
DA:275,8
DA:276,8
DA:277,8
DA:278,8
DA:279,8
DA:280,8
DA:281,8
DA:282,8
DA:283,8
DA:284,8
DA:285,8
DA:286,8
DA:287,8
DA:288,8
DA:289,8
DA:290,8
DA:291,8
DA:292,8
DA:293,8
DA:296,8
DA:297,8
DA:298,8
DA:299,8
DA:301,0
DA:302,8
DA:306,8
DA:308,0
DA:311,8
DA:312,8
DA:313,8
DA:314,8
DA:315,8
DA:316,8
DA:317,8
DA:318,8
DA:319,8
DA:320,8
DA:321,8
DA:324,1
DA:325,1
DA:328,0
DA:339,0
DA:340,0
DA:342,0
DA:343,0
DA:344,0
DA:345,0
DA:346,0
DA:347,0
DA:348,0
DA:349,0
DA:350,0
DA:351,0
DA:352,0
DA:353,0
DA:354,0
DA:355,0
DA:356,0
DA:357,0
DA:358,0
DA:359,0
DA:360,0
DA:361,0
DA:362,0
DA:363,0
DA:364,0
DA:365,0
DA:366,0
DA:367,0
DA:368,0
DA:369,0
DA:370,0
DA:371,0
DA:372,0
DA:373,0
DA:374,0
DA:375,0
DA:376,0
DA:377,0
DA:380,0
DA:381,0
DA:382,0
DA:383,0
DA:385,0
DA:386,0
DA:388,0
DA:390,0
DA:393,0
DA:394,0
DA:395,0
DA:396,0
DA:399,12
DA:400,12
DA:401,0
DA:402,12
DA:403,12
DA:404,12
DA:407,2
DA:408,2
DA:409,2
DA:412,0
DA:413,0
DA:414,0
DA:417,9
DA:418,9
DA:419,9
DA:422,9
DA:423,9
DA:424,9
DA:427,9
DA:428,9
DA:430,9
DA:431,9
DA:432,9
DA:433,9
DA:434,9
DA:435,9
DA:436,9
DA:437,9
DA:438,9
DA:441,26
DA:447,26
DA:448,1
DA:449,25
DA:450,13
DA:451,12
DA:452,7
DA:453,5
DA:454,2
DA:456,3
DA:458,26
DA:463,1
DA:464,1
DA:465,1
DA:468,0
DA:503,0
DA:504,0
DA:505,0
DA:506,0
DA:507,0
DA:508,0
DA:509,0
DA:510,0
DA:511,0
DA:512,0
DA:513,0
DA:514,0
DA:515,0
DA:516,0
DA:517,0
DA:518,0
DA:519,0
DA:520,0
DA:521,0
DA:522,0
DA:524,0
DA:525,0
DA:526,0
DA:527,0
DA:528,0
DA:529,0
DA:530,0
DA:531,0
DA:532,0
DA:533,0
DA:534,0
DA:535,0
DA:536,0
DA:537,0
DA:538,0
DA:539,0
DA:540,0
DA:541,0
DA:542,0
DA:543,0
DA:544,0
DA:545,0
DA:546,0
DA:547,0
DA:548,0
DA:549,0
DA:550,0
DA:551,0
DA:552,0
DA:553,0
DA:554,0
DA:555,0
DA:556,0
DA:557,0
DA:560,0
DA:561,0
DA:562,0
DA:563,0
DA:564,0
DA:565,0
DA:566,0
DA:567,0
DA:568,0
DA:569,0
DA:570,0
DA:571,0
DA:572,0
DA:575,0
DA:576,0
DA:579,0
DA:612,0
DA:613,0
DA:615,0
DA:616,0
DA:617,0
DA:618,0
DA:619,0
DA:620,0
DA:621,0
DA:622,0
DA:623,0
DA:624,0
DA:625,0
DA:626,0
DA:627,0
DA:628,0
DA:629,0
DA:630,0
DA:631,0
DA:632,0
DA:633,0
DA:634,0
DA:635,0
DA:636,0
DA:637,0
DA:638,0
DA:639,0
DA:640,0
DA:641,0
DA:642,0
DA:643,0
DA:644,0
DA:645,0
DA:646,0
DA:647,0
DA:648,0
DA:649,0
DA:650,0
DA:653,0
DA:654,0
DA:655,0
DA:656,0
DA:657,0
DA:658,0
DA:661,1
DA:662,1
DA:663,1
DA:664,1
DA:665,1
DA:666,1
DA:668,0
DA:669,0
DA:670,0
DA:671,0
DA:672,0
DA:673,0
DA:674,0
DA:675,0
DA:676,0
DA:677,0
DA:678,0
DA:679,0
DA:680,0
DA:681,0
DA:682,0
DA:683,0
DA:684,0
DA:685,0
DA:686,0
DA:687,0
DA:688,0
DA:689,0
DA:690,0
DA:691,0
DA:692,0
DA:693,0
DA:694,0
DA:695,0
DA:696,0
DA:697,0
DA:698,1
DA:699,1
DA:700,1
DA:701,1
DA:702,1
DA:703,1
DA:704,1
DA:705,1
DA:706,1
DA:707,1
DA:708,1
DA:709,1
DA:710,1
DA:711,1
DA:712,1
DA:713,1
DA:714,1
DA:715,1
DA:716,1
DA:717,1
DA:718,1
DA:719,1
DA:720,1
DA:721,1
DA:722,1
DA:723,1
DA:724,1
DA:725,1
DA:726,1
DA:727,1
DA:728,1
DA:731,1
DA:732,0
DA:734,1
DA:737,1
DA:738,0
DA:740,1
DA:744,1
DA:745,1
DA:747,1
DA:748,1
DA:750,0
DA:754,1
DA:755,1
DA:756,1
DA:757,1
DA:758,1
DA:759,1
DA:760,1
DA:761,1
DA:762,1
DA:763,1
DA:764,1
DA:765,1
DA:766,1
DA:767,0
DA:768,0
DA:771,1
DA:772,1
DA:773,1
DA:774,1
DA:775,1
DA:776,1
DA:777,1
DA:778,1
DA:779,1
DA:780,1
DA:781,1
DA:782,1
DA:783,1
DA:784,1
DA:785,0
DA:786,0
DA:787,0
DA:788,0
DA:789,0
DA:790,0
DA:791,0
DA:792,0
DA:793,0
DA:794,0
DA:795,0
DA:796,0
DA:797,0
DA:798,1
DA:800,1
DA:801,1
DA:804,1
DA:805,1
DA:806,1
DA:807,1
DA:808,1
DA:809,1
DA:810,1
DA:811,1
DA:812,1
DA:813,1
DA:814,1
DA:815,1
DA:816,1
DA:817,1
DA:818,1
DA:819,1
DA:820,1
DA:821,1
DA:822,1
DA:823,1
DA:824,1
DA:825,1
DA:826,1
DA:827,1
DA:828,1
DA:829,1
DA:830,1
DA:831,1
DA:832,1
DA:833,1
DA:834,1
DA:835,1
DA:836,1
DA:837,1
DA:838,1
DA:841,0
DA:842,0
DA:843,0
DA:844,0
DA:845,0
DA:846,0
DA:847,0
DA:848,0
DA:849,0
DA:851,0
DA:852,0
DA:853,0
DA:854,0
DA:855,0
DA:856,0
DA:857,0
DA:858,0
DA:859,0
DA:860,0
DA:861,0
DA:862,0
DA:863,0
DA:864,0
DA:865,0
DA:866,0
DA:867,0
DA:868,0
DA:869,0
DA:870,0
DA:871,0
DA:872,0
DA:876,0
DA:877,0
DA:878,0
DA:886,1
DA:887,1
DA:888,1
DA:889,1
DA:890,1
DA:891,1
DA:892,1
DA:893,1
DA:894,1
DA:895,1
DA:896,1
DA:897,1
DA:900,1
DA:901,1
DA:902,1
DA:903,1
DA:904,1
DA:905,1
DA:906,1
DA:907,1
DA:908,1
DA:909,1
DA:910,1
DA:911,1
DA:912,1
DA:913,1
DA:914,1
DA:915,1
DA:916,1
DA:917,1
DA:918,1
DA:919,1
DA:920,1
DA:921,1
DA:924,1
DA:925,1
DA:926,1
DA:927,1
DA:928,1
DA:929,1
DA:930,1
DA:931,1
DA:934,1
DA:935,1
DA:936,1
DA:937,1
DA:939,1
DA:940,1
DA:941,1
DA:942,1
DA:943,1
DA:944,1
DA:945,1
DA:946,0
DA:947,1
DA:950,1
DA:951,1
DA:952,1
DA:953,1
DA:955,1
DA:956,1
DA:959,1
DA:960,1
DA:962,9
DA:963,8
DA:964,8
DA:965,0
DA:966,1
DA:969,1
DA:970,1
DA:971,1
DA:972,1
DA:973,1
DA:974,1
DA:975,1
DA:976,1
DA:977,1
DA:978,1
DA:979,1
DA:980,1
DA:981,1
DA:983,1
DA:984,1
DA:986,2
DA:987,1
DA:988,1
DA:989,1
DA:990,1
DA:991,1
DA:992,1
DA:993,1
DA:994,1
DA:995,1
DA:996,1
DA:997,1
DA:998,1
DA:999,1
DA:1000,1
DA:1001,1
DA:1002,1
DA:1003,1
DA:1004,0
DA:1005,1
BRF:0
BRH:0
LF:678
LH:402
end_of_record
SF:/Users/smeya/git/darwin-metrics/src/error.rs
FN:86,_RINvMNtCs3IZHjdzq1Qw_14darwin_metrics5errorNtB3_5Error12invalid_dataReEB5_
FN:111,_RINvMNtCs3IZHjdzq1Qw_14darwin_metrics5errorNtB3_5Error13process_errorNtNtCsaxtFaqkp5wQ_5alloc6string6StringEB5_
FN:111,_RINvMNtCs3IZHjdzq1Qw_14darwin_metrics5errorNtB3_5Error13process_errorReEB5_
FN:106,_RINvMNtCs3IZHjdzq1Qw_14darwin_metrics5errorNtB3_5Error17service_not_foundNtNtCsaxtFaqkp5wQ_5alloc6string6StringEB5_
FN:81,_RINvMNtCs3IZHjdzq1Qw_14darwin_metrics5errorNtB3_5Error6systemNtNtCsaxtFaqkp5wQ_5alloc6string6StringEB5_
FN:81,_RINvMNtCs3IZHjdzq1Qw_14darwin_metrics5errorNtB3_5Error6systemReEB5_
FN:96,_RINvMNtCs3IZHjdzq1Qw_14darwin_metrics5errorNtB3_5Error13not_availablepEB5_
FN:91,_RINvMNtCs3IZHjdzq1Qw_14darwin_metrics5errorNtB3_5Error15not_implementedpEB5_
FN:101,_RINvMNtCs3IZHjdzq1Qw_14darwin_metrics5errorNtB3_5Error17permission_deniedpEB5_
FN:76,_RINvMNtCs3IZHjdzq1Qw_14darwin_metrics5errorNtB3_5Error6io_kitpEB5_
FN:141,_RNvMNtCs3IZHjdzq1Qw_14darwin_metrics5errorNtB2_5Error16is_not_available
FN:135,_RNvMNtCs3IZHjdzq1Qw_14darwin_metrics5errorNtB2_5Error19is_permission_error
FN:116,_RNvMNtCs3IZHjdzq1Qw_14darwin_metrics5errorNtB2_5Error7details
FN:96,_RINvMNtCsiFtB4djRvCu_14darwin_metrics5errorNtB3_5Error13not_availablepEB5_
FN:91,_RINvMNtCsiFtB4djRvCu_14darwin_metrics5errorNtB3_5Error15not_implementedpEB5_
FN:101,_RINvMNtCsiFtB4djRvCu_14darwin_metrics5errorNtB3_5Error17permission_deniedpEB5_
FN:76,_RINvMNtCsiFtB4djRvCu_14darwin_metrics5errorNtB3_5Error6io_kitpEB5_
FN:86,_RINvMNtCsiFtB4djRvCu_14darwin_metrics5errorNtB3_5Error12invalid_dataReEB5_
FN:111,_RINvMNtCsiFtB4djRvCu_14darwin_metrics5errorNtB3_5Error13process_errorNtNtCsaxtFaqkp5wQ_5alloc6string6StringEB5_
FN:111,_RINvMNtCsiFtB4djRvCu_14darwin_metrics5errorNtB3_5Error13process_errorReEB5_
FN:106,_RINvMNtCsiFtB4djRvCu_14darwin_metrics5errorNtB3_5Error17service_not_foundNtNtCsaxtFaqkp5wQ_5alloc6string6StringEB5_
FN:81,_RINvMNtCsiFtB4djRvCu_14darwin_metrics5errorNtB3_5Error6systemNtNtCsaxtFaqkp5wQ_5alloc6string6StringEB5_
FN:81,_RINvMNtCsiFtB4djRvCu_14darwin_metrics5errorNtB3_5Error6systemReEB5_
FN:141,_RNvMNtCsiFtB4djRvCu_14darwin_metrics5errorNtB2_5Error16is_not_available
FN:135,_RNvMNtCsiFtB4djRvCu_14darwin_metrics5errorNtB2_5Error19is_permission_error
FN:116,_RNvMNtCsiFtB4djRvCu_14darwin_metrics5errorNtB2_5Error7details
FNDA:3,_RINvMNtCs3IZHjdzq1Qw_14darwin_metrics5errorNtB3_5Error12invalid_dataReEB5_
FNDA:1157,_RINvMNtCs3IZHjdzq1Qw_14darwin_metrics5errorNtB3_5Error13process_errorNtNtCsaxtFaqkp5wQ_5alloc6string6StringEB5_
FNDA:0,_RINvMNtCs3IZHjdzq1Qw_14darwin_metrics5errorNtB3_5Error13process_errorReEB5_
FNDA:0,_RINvMNtCs3IZHjdzq1Qw_14darwin_metrics5errorNtB3_5Error17service_not_foundNtNtCsaxtFaqkp5wQ_5alloc6string6StringEB5_
FNDA:0,_RINvMNtCs3IZHjdzq1Qw_14darwin_metrics5errorNtB3_5Error6systemNtNtCsaxtFaqkp5wQ_5alloc6string6StringEB5_
FNDA:1,_RINvMNtCs3IZHjdzq1Qw_14darwin_metrics5errorNtB3_5Error6systemReEB5_
FNDA:0,_RINvMNtCs3IZHjdzq1Qw_14darwin_metrics5errorNtB3_5Error13not_availablepEB5_
FNDA:0,_RINvMNtCs3IZHjdzq1Qw_14darwin_metrics5errorNtB3_5Error15not_implementedpEB5_
FNDA:0,_RINvMNtCs3IZHjdzq1Qw_14darwin_metrics5errorNtB3_5Error17permission_deniedpEB5_
FNDA:0,_RINvMNtCs3IZHjdzq1Qw_14darwin_metrics5errorNtB3_5Error6io_kitpEB5_
FNDA:0,_RNvMNtCs3IZHjdzq1Qw_14darwin_metrics5errorNtB2_5Error16is_not_available
FNDA:0,_RNvMNtCs3IZHjdzq1Qw_14darwin_metrics5errorNtB2_5Error19is_permission_error
FNDA:0,_RNvMNtCs3IZHjdzq1Qw_14darwin_metrics5errorNtB2_5Error7details
FNDA:0,_RINvMNtCsiFtB4djRvCu_14darwin_metrics5errorNtB3_5Error13not_availablepEB5_
FNDA:0,_RINvMNtCsiFtB4djRvCu_14darwin_metrics5errorNtB3_5Error15not_implementedpEB5_
FNDA:0,_RINvMNtCsiFtB4djRvCu_14darwin_metrics5errorNtB3_5Error17permission_deniedpEB5_
FNDA:0,_RINvMNtCsiFtB4djRvCu_14darwin_metrics5errorNtB3_5Error6io_kitpEB5_
FNDA:0,_RINvMNtCsiFtB4djRvCu_14darwin_metrics5errorNtB3_5Error12invalid_dataReEB5_
FNDA:0,_RINvMNtCsiFtB4djRvCu_14darwin_metrics5errorNtB3_5Error13process_errorNtNtCsaxtFaqkp5wQ_5alloc6string6StringEB5_
FNDA:0,_RINvMNtCsiFtB4djRvCu_14darwin_metrics5errorNtB3_5Error13process_errorReEB5_
FNDA:0,_RINvMNtCsiFtB4djRvCu_14darwin_metrics5errorNtB3_5Error17service_not_foundNtNtCsaxtFaqkp5wQ_5alloc6string6StringEB5_
FNDA:0,_RINvMNtCsiFtB4djRvCu_14darwin_metrics5errorNtB3_5Error6systemNtNtCsaxtFaqkp5wQ_5alloc6string6StringEB5_
FNDA:0,_RINvMNtCsiFtB4djRvCu_14darwin_metrics5errorNtB3_5Error6systemReEB5_
FNDA:0,_RNvMNtCsiFtB4djRvCu_14darwin_metrics5errorNtB2_5Error16is_not_available
FNDA:0,_RNvMNtCsiFtB4djRvCu_14darwin_metrics5errorNtB2_5Error19is_permission_error
FNDA:0,_RNvMNtCsiFtB4djRvCu_14darwin_metrics5errorNtB2_5Error7details
FNF:11
FNH:3
DA:76,0
DA:77,0
DA:78,0
DA:81,1
DA:82,1
DA:83,1
DA:86,3
DA:87,3
DA:88,3
DA:91,0
DA:92,0
DA:93,0
DA:96,0
DA:97,0
DA:98,0
DA:101,0
DA:102,0
DA:103,0
DA:106,0
DA:107,0
DA:108,0
DA:111,1157
DA:112,1157
DA:113,1157
DA:116,0
DA:117,0
DA:118,0
DA:119,0
DA:120,0
DA:122,0
DA:123,0
DA:124,0
DA:125,0
DA:126,0
DA:127,0
DA:128,0
DA:129,0
DA:130,0
DA:132,0
DA:135,0
DA:136,0
DA:137,0
DA:138,0
DA:141,0
DA:142,0
DA:143,0
BRF:0
BRH:0
LF:46
LH:9
end_of_record
SF:/Users/smeya/git/darwin-metrics/src/hardware/cpu/cpu_impl.rs
FN:399,_RNvNtNtNtNtCs3IZHjdzq1Qw_14darwin_metrics8hardware3cpu8cpu_impl5testss_14test_cpu_usage
FN:412,_RNvNtNtNtNtCs3IZHjdzq1Qw_14darwin_metrics8hardware3cpu8cpu_impl5testss_22test_cpu_metrics_trait
FN:424,_RNvNtNtNtNtCs3IZHjdzq1Qw_14darwin_metrics8hardware3cpu8cpu_impl5testss_22test_frequency_metrics
FN:387,_RNvNtNtNtNtCs3IZHjdzq1Qw_14darwin_metrics8hardware3cpu8cpu_impl5testss_23test_cpu_initialization
FN:156,_RNvMNtNtNtCs3IZHjdzq1Qw_14darwin_metrics8hardware3cpu8cpu_implNtB2_3CPU16fetch_core_usage
FN:192,_RNvMNtNtNtCs3IZHjdzq1Qw_14darwin_metrics8hardware3cpu8cpu_implNtB2_3CPU21fetch_cpu_temperature
FN:73,_RNvMNtNtNtCs3IZHjdzq1Qw_14darwin_metrics8hardware3cpu8cpu_implNtB2_3CPU3new
FN:102,_RNvMNtNtNtCs3IZHjdzq1Qw_14darwin_metrics8hardware3cpu8cpu_implNtB2_3CPU6update
FN:358,_RNCNvMNtNtNtNtCs3IZHjdzq1Qw_14darwin_metrics8hardware3cpu8cpu_impl5testsNtB6_3CPU13new_with_mock0Bc_
FN:295,_RNCNvMNtNtNtCs3IZHjdzq1Qw_14darwin_metrics8hardware3cpu8cpu_implNtB4_3CPU17max_frequency_mhz0Ba_
FN:286,_RNCNvMNtNtNtCs3IZHjdzq1Qw_14darwin_metrics8hardware3cpu8cpu_implNtB4_3CPU17min_frequency_mhz0Ba_
FN:305,_RNCNvMNtNtNtCs3IZHjdzq1Qw_14darwin_metrics8hardware3cpu8cpu_implNtB4_3CPU21available_frequencies0Ba_
FN:242,_RNvMNtNtNtCs3IZHjdzq1Qw_14darwin_metrics8hardware3cpu8cpu_implNtB2_3CPU10core_usage
FN:254,_RNvMNtNtNtCs3IZHjdzq1Qw_14darwin_metrics8hardware3cpu8cpu_implNtB2_3CPU10model_name
FN:263,_RNvMNtNtNtCs3IZHjdzq1Qw_14darwin_metrics8hardware3cpu8cpu_implNtB2_3CPU11temperature
FN:230,_RNvMNtNtNtCs3IZHjdzq1Qw_14darwin_metrics8hardware3cpu8cpu_implNtB2_3CPU13frequency_mhz
FN:218,_RNvMNtNtNtCs3IZHjdzq1Qw_14darwin_metrics8hardware3cpu8cpu_implNtB2_3CPU13logical_cores
FN:205,_RNvMNtNtNtCs3IZHjdzq1Qw_14darwin_metrics8hardware3cpu8cpu_implNtB2_3CPU14physical_cores
FN:276,_RNvMNtNtNtCs3IZHjdzq1Qw_14darwin_metrics8hardware3cpu8cpu_implNtB2_3CPU17frequency_metrics
FN:294,_RNvMNtNtNtCs3IZHjdzq1Qw_14darwin_metrics8hardware3cpu8cpu_implNtB2_3CPU17max_frequency_mhz
FN:285,_RNvMNtNtNtCs3IZHjdzq1Qw_14darwin_metrics8hardware3cpu8cpu_implNtB2_3CPU17min_frequency_mhz
FN:304,_RNvMNtNtNtCs3IZHjdzq1Qw_14darwin_metrics8hardware3cpu8cpu_implNtB2_3CPU21available_frequencies
FN:354,_RNvMNtNtNtNtCs3IZHjdzq1Qw_14darwin_metrics8hardware3cpu8cpu_impl5testsNtB4_3CPU13new_with_mock
FN:325,_RNvXs_NtNtNtCs3IZHjdzq1Qw_14darwin_metrics8hardware3cpu8cpu_implNtB4_3CPUNtB6_10CpuMetrics13get_cpu_usage
FN:343,_RNvXs_NtNtNtCs3IZHjdzq1Qw_14darwin_metrics8hardware3cpu8cpu_implNtB4_3CPUNtB6_10CpuMetrics17get_cpu_frequency
FN:334,_RNvXs_NtNtNtCs3IZHjdzq1Qw_14darwin_metrics8hardware3cpu8cpu_implNtB4_3CPUNtB6_10CpuMetrics19get_cpu_temperature
FN:363,_RNCNvMNtNtNtNtCs3IZHjdzq1Qw_14darwin_metrics8hardware3cpu8cpu_impl5testsNtB6_3CPU13new_with_mocks_0Bc_
FN:295,_RNCNvMNtNtNtCsiFtB4djRvCu_14darwin_metrics8hardware3cpu8cpu_implNtB4_3CPU17max_frequency_mhz0Ba_
FN:286,_RNCNvMNtNtNtCsiFtB4djRvCu_14darwin_metrics8hardware3cpu8cpu_implNtB4_3CPU17min_frequency_mhz0Ba_
FN:305,_RNCNvMNtNtNtCsiFtB4djRvCu_14darwin_metrics8hardware3cpu8cpu_implNtB4_3CPU21available_frequencies0Ba_
FN:242,_RNvMNtNtNtCsiFtB4djRvCu_14darwin_metrics8hardware3cpu8cpu_implNtB2_3CPU10core_usage
FN:254,_RNvMNtNtNtCsiFtB4djRvCu_14darwin_metrics8hardware3cpu8cpu_implNtB2_3CPU10model_name
FN:263,_RNvMNtNtNtCsiFtB4djRvCu_14darwin_metrics8hardware3cpu8cpu_implNtB2_3CPU11temperature
FN:230,_RNvMNtNtNtCsiFtB4djRvCu_14darwin_metrics8hardware3cpu8cpu_implNtB2_3CPU13frequency_mhz
FN:218,_RNvMNtNtNtCsiFtB4djRvCu_14darwin_metrics8hardware3cpu8cpu_implNtB2_3CPU13logical_cores
FN:205,_RNvMNtNtNtCsiFtB4djRvCu_14darwin_metrics8hardware3cpu8cpu_implNtB2_3CPU14physical_cores
FN:156,_RNvMNtNtNtCsiFtB4djRvCu_14darwin_metrics8hardware3cpu8cpu_implNtB2_3CPU16fetch_core_usage
FN:276,_RNvMNtNtNtCsiFtB4djRvCu_14darwin_metrics8hardware3cpu8cpu_implNtB2_3CPU17frequency_metrics
FN:294,_RNvMNtNtNtCsiFtB4djRvCu_14darwin_metrics8hardware3cpu8cpu_implNtB2_3CPU17max_frequency_mhz
FN:285,_RNvMNtNtNtCsiFtB4djRvCu_14darwin_metrics8hardware3cpu8cpu_implNtB2_3CPU17min_frequency_mhz
FN:304,_RNvMNtNtNtCsiFtB4djRvCu_14darwin_metrics8hardware3cpu8cpu_implNtB2_3CPU21available_frequencies
FN:192,_RNvMNtNtNtCsiFtB4djRvCu_14darwin_metrics8hardware3cpu8cpu_implNtB2_3CPU21fetch_cpu_temperature
FN:73,_RNvMNtNtNtCsiFtB4djRvCu_14darwin_metrics8hardware3cpu8cpu_implNtB2_3CPU3new
FN:102,_RNvMNtNtNtCsiFtB4djRvCu_14darwin_metrics8hardware3cpu8cpu_implNtB2_3CPU6update
FN:325,_RNvXs_NtNtNtCsiFtB4djRvCu_14darwin_metrics8hardware3cpu8cpu_implNtB4_3CPUNtB6_10CpuMetrics13get_cpu_usage
FN:343,_RNvXs_NtNtNtCsiFtB4djRvCu_14darwin_metrics8hardware3cpu8cpu_implNtB4_3CPUNtB6_10CpuMetrics17get_cpu_frequency
FN:334,_RNvXs_NtNtNtCsiFtB4djRvCu_14darwin_metrics8hardware3cpu8cpu_implNtB4_3CPUNtB6_10CpuMetrics19get_cpu_temperature
FNDA:1,_RNvNtNtNtNtCs3IZHjdzq1Qw_14darwin_metrics8hardware3cpu8cpu_impl5testss_14test_cpu_usage
FNDA:1,_RNvNtNtNtNtCs3IZHjdzq1Qw_14darwin_metrics8hardware3cpu8cpu_impl5testss_22test_cpu_metrics_trait
FNDA:1,_RNvNtNtNtNtCs3IZHjdzq1Qw_14darwin_metrics8hardware3cpu8cpu_impl5testss_22test_frequency_metrics
FNDA:1,_RNvNtNtNtNtCs3IZHjdzq1Qw_14darwin_metrics8hardware3cpu8cpu_impl5testss_23test_cpu_initialization
FNDA:0,_RNvMNtNtNtCs3IZHjdzq1Qw_14darwin_metrics8hardware3cpu8cpu_implNtB2_3CPU16fetch_core_usage
FNDA:0,_RNvMNtNtNtCs3IZHjdzq1Qw_14darwin_metrics8hardware3cpu8cpu_implNtB2_3CPU21fetch_cpu_temperature
FNDA:0,_RNvMNtNtNtCs3IZHjdzq1Qw_14darwin_metrics8hardware3cpu8cpu_implNtB2_3CPU3new
FNDA:0,_RNvMNtNtNtCs3IZHjdzq1Qw_14darwin_metrics8hardware3cpu8cpu_implNtB2_3CPU6update
FNDA:0,_RNCNvMNtNtNtNtCs3IZHjdzq1Qw_14darwin_metrics8hardware3cpu8cpu_impl5testsNtB6_3CPU13new_with_mock0Bc_
FNDA:1,_RNCNvMNtNtNtCs3IZHjdzq1Qw_14darwin_metrics8hardware3cpu8cpu_implNtB4_3CPU17max_frequency_mhz0Ba_
FNDA:1,_RNCNvMNtNtNtCs3IZHjdzq1Qw_14darwin_metrics8hardware3cpu8cpu_implNtB4_3CPU17min_frequency_mhz0Ba_
FNDA:1,_RNCNvMNtNtNtCs3IZHjdzq1Qw_14darwin_metrics8hardware3cpu8cpu_implNtB4_3CPU21available_frequencies0Ba_
FNDA:2,_RNvMNtNtNtCs3IZHjdzq1Qw_14darwin_metrics8hardware3cpu8cpu_implNtB2_3CPU10core_usage
FNDA:1,_RNvMNtNtNtCs3IZHjdzq1Qw_14darwin_metrics8hardware3cpu8cpu_implNtB2_3CPU10model_name
FNDA:1,_RNvMNtNtNtCs3IZHjdzq1Qw_14darwin_metrics8hardware3cpu8cpu_implNtB2_3CPU11temperature
FNDA:2,_RNvMNtNtNtCs3IZHjdzq1Qw_14darwin_metrics8hardware3cpu8cpu_implNtB2_3CPU13frequency_mhz
FNDA:1,_RNvMNtNtNtCs3IZHjdzq1Qw_14darwin_metrics8hardware3cpu8cpu_implNtB2_3CPU13logical_cores
FNDA:1,_RNvMNtNtNtCs3IZHjdzq1Qw_14darwin_metrics8hardware3cpu8cpu_implNtB2_3CPU14physical_cores
FNDA:1,_RNvMNtNtNtCs3IZHjdzq1Qw_14darwin_metrics8hardware3cpu8cpu_implNtB2_3CPU17frequency_metrics
FNDA:1,_RNvMNtNtNtCs3IZHjdzq1Qw_14darwin_metrics8hardware3cpu8cpu_implNtB2_3CPU17max_frequency_mhz
FNDA:1,_RNvMNtNtNtCs3IZHjdzq1Qw_14darwin_metrics8hardware3cpu8cpu_implNtB2_3CPU17min_frequency_mhz
FNDA:1,_RNvMNtNtNtCs3IZHjdzq1Qw_14darwin_metrics8hardware3cpu8cpu_implNtB2_3CPU21available_frequencies
FNDA:4,_RNvMNtNtNtNtCs3IZHjdzq1Qw_14darwin_metrics8hardware3cpu8cpu_impl5testsNtB4_3CPU13new_with_mock
FNDA:3,_RNvXs_NtNtNtCs3IZHjdzq1Qw_14darwin_metrics8hardware3cpu8cpu_implNtB4_3CPUNtB6_10CpuMetrics13get_cpu_usage
FNDA:1,_RNvXs_NtNtNtCs3IZHjdzq1Qw_14darwin_metrics8hardware3cpu8cpu_implNtB4_3CPUNtB6_10CpuMetrics17get_cpu_frequency
FNDA:1,_RNvXs_NtNtNtCs3IZHjdzq1Qw_14darwin_metrics8hardware3cpu8cpu_implNtB4_3CPUNtB6_10CpuMetrics19get_cpu_temperature
FNDA:0,_RNCNvMNtNtNtNtCs3IZHjdzq1Qw_14darwin_metrics8hardware3cpu8cpu_impl5testsNtB6_3CPU13new_with_mocks_0Bc_
FNDA:0,_RNCNvMNtNtNtCsiFtB4djRvCu_14darwin_metrics8hardware3cpu8cpu_implNtB4_3CPU17max_frequency_mhz0Ba_
FNDA:0,_RNCNvMNtNtNtCsiFtB4djRvCu_14darwin_metrics8hardware3cpu8cpu_implNtB4_3CPU17min_frequency_mhz0Ba_
FNDA:0,_RNCNvMNtNtNtCsiFtB4djRvCu_14darwin_metrics8hardware3cpu8cpu_implNtB4_3CPU21available_frequencies0Ba_
FNDA:0,_RNvMNtNtNtCsiFtB4djRvCu_14darwin_metrics8hardware3cpu8cpu_implNtB2_3CPU10core_usage
FNDA:0,_RNvMNtNtNtCsiFtB4djRvCu_14darwin_metrics8hardware3cpu8cpu_implNtB2_3CPU10model_name
FNDA:0,_RNvMNtNtNtCsiFtB4djRvCu_14darwin_metrics8hardware3cpu8cpu_implNtB2_3CPU11temperature
FNDA:0,_RNvMNtNtNtCsiFtB4djRvCu_14darwin_metrics8hardware3cpu8cpu_implNtB2_3CPU13frequency_mhz
FNDA:0,_RNvMNtNtNtCsiFtB4djRvCu_14darwin_metrics8hardware3cpu8cpu_implNtB2_3CPU13logical_cores
FNDA:0,_RNvMNtNtNtCsiFtB4djRvCu_14darwin_metrics8hardware3cpu8cpu_implNtB2_3CPU14physical_cores
FNDA:0,_RNvMNtNtNtCsiFtB4djRvCu_14darwin_metrics8hardware3cpu8cpu_implNtB2_3CPU16fetch_core_usage
FNDA:0,_RNvMNtNtNtCsiFtB4djRvCu_14darwin_metrics8hardware3cpu8cpu_implNtB2_3CPU17frequency_metrics
FNDA:0,_RNvMNtNtNtCsiFtB4djRvCu_14darwin_metrics8hardware3cpu8cpu_implNtB2_3CPU17max_frequency_mhz
FNDA:0,_RNvMNtNtNtCsiFtB4djRvCu_14darwin_metrics8hardware3cpu8cpu_implNtB2_3CPU17min_frequency_mhz
FNDA:0,_RNvMNtNtNtCsiFtB4djRvCu_14darwin_metrics8hardware3cpu8cpu_implNtB2_3CPU21available_frequencies
FNDA:0,_RNvMNtNtNtCsiFtB4djRvCu_14darwin_metrics8hardware3cpu8cpu_implNtB2_3CPU21fetch_cpu_temperature
FNDA:0,_RNvMNtNtNtCsiFtB4djRvCu_14darwin_metrics8hardware3cpu8cpu_implNtB2_3CPU3new
FNDA:0,_RNvMNtNtNtCsiFtB4djRvCu_14darwin_metrics8hardware3cpu8cpu_implNtB2_3CPU6update
FNDA:0,_RNvXs_NtNtNtCsiFtB4djRvCu_14darwin_metrics8hardware3cpu8cpu_implNtB4_3CPUNtB6_10CpuMetrics13get_cpu_usage
FNDA:0,_RNvXs_NtNtNtCsiFtB4djRvCu_14darwin_metrics8hardware3cpu8cpu_implNtB4_3CPUNtB6_10CpuMetrics17get_cpu_frequency
FNDA:0,_RNvXs_NtNtNtCsiFtB4djRvCu_14darwin_metrics8hardware3cpu8cpu_implNtB4_3CPUNtB6_10CpuMetrics19get_cpu_temperature
FNF:27
FNH:21
DA:73,0
DA:74,0
DA:75,0
DA:76,0
DA:77,0
DA:78,0
DA:79,0
DA:80,0
DA:81,0
DA:82,0
DA:83,0
DA:84,0
DA:85,0
DA:86,0
DA:87,0
DA:102,0
DA:103,0
DA:108,0
DA:109,0
DA:110,0
DA:111,0
DA:112,0
DA:113,0
DA:114,0
DA:115,0
DA:116,0
DA:117,0
DA:118,0
DA:119,0
DA:120,0
DA:121,0
DA:122,0
DA:123,0
DA:126,0
DA:131,0
DA:132,0
DA:133,0
DA:134,0
DA:135,0
DA:136,0
DA:137,0
DA:138,0
DA:156,0
DA:157,0
DA:158,0
DA:159,0
DA:160,0
DA:161,0
DA:162,0
DA:163,0
DA:164,0
DA:165,0
DA:166,0
DA:167,0
DA:168,0
DA:169,0
DA:170,0
DA:171,0
DA:172,0
DA:173,0
DA:174,0
DA:175,0
DA:176,0
DA:177,0
DA:178,0
DA:180,0
DA:181,0
DA:192,0
DA:193,0
DA:194,0
DA:205,1
DA:206,1
DA:207,1
DA:218,1
DA:219,1
DA:220,1
DA:230,2
DA:231,2
DA:232,2
DA:242,2
DA:243,2
DA:244,2
DA:254,1
DA:255,1
DA:256,1
DA:263,1
DA:264,1
DA:265,1
DA:276,1
DA:277,1
DA:278,1
DA:285,1
DA:286,1
DA:287,1
DA:294,1
DA:295,1
DA:296,1
DA:304,1
DA:305,1
DA:306,1
DA:325,3
DA:326,3
DA:327,3
DA:334,1
DA:335,1
DA:336,1
DA:343,1
DA:344,1
DA:345,1
DA:354,4
DA:355,4
DA:356,4
DA:357,4
DA:358,4
DA:360,0
DA:361,4
DA:362,4
DA:363,4
DA:364,4
DA:365,4
DA:366,4
DA:367,4
DA:368,4
DA:369,4
DA:370,4
DA:371,4
DA:372,4
DA:373,4
DA:374,4
DA:375,4
DA:376,4
DA:377,4
DA:378,4
DA:379,4
DA:380,4
DA:381,4
DA:382,4
DA:383,4
DA:387,1
DA:388,1
DA:389,1
DA:390,1
DA:391,1
DA:392,1
DA:393,1
DA:394,1
DA:395,1
DA:396,1
DA:399,1
DA:400,1
DA:401,1
DA:402,1
DA:403,1
DA:407,1
DA:408,1
DA:409,1
DA:412,1
DA:413,1
DA:414,1
DA:415,1
DA:416,1
DA:417,1
DA:420,1
DA:421,1
DA:424,1
DA:425,1
DA:426,1
DA:427,1
DA:428,1
DA:429,1
DA:430,1
DA:433,1
DA:434,1
DA:435,1
DA:436,1
DA:439,1
DA:440,1
DA:441,1
DA:442,1
DA:443,1
DA:444,1
BRF:0
BRH:0
LF:187
LH:113
end_of_record
SF:/Users/smeya/git/darwin-metrics/src/hardware/cpu/frequency.rs
FN:89,_RNvMs_NtNtNtCs3IZHjdzq1Qw_14darwin_metrics8hardware3cpu9frequencyNtB4_16FrequencyMonitor3new
FN:187,_RNvNtNtNtCs3IZHjdzq1Qw_14darwin_metrics8hardware3cpu9frequency22fetch_sysctl_frequency
FN:160,_RNCNvNtNtNtCs3IZHjdzq1Qw_14darwin_metrics8hardware3cpu9frequency30fetch_sysctl_frequency_by_name0B9_
FN:106,_RNvMs_NtNtNtCs3IZHjdzq1Qw_14darwin_metrics8hardware3cpu9frequencyNtB4_16FrequencyMonitor11get_metrics
FN:129,_RNvNtNtNtCs3IZHjdzq1Qw_14darwin_metrics8hardware3cpu9frequency17retrieve_cpu_info
FN:119,_RNvNtNtNtCs3IZHjdzq1Qw_14darwin_metrics8hardware3cpu9frequency21fetch_cpu_frequencies
FN:156,_RNvNtNtNtCs3IZHjdzq1Qw_14darwin_metrics8hardware3cpu9frequency30fetch_sysctl_frequency_by_name
FN:78,_RNvXNtNtNtCs3IZHjdzq1Qw_14darwin_metrics8hardware3cpu9frequencyNtB2_16FrequencyMonitorNtNtCs4P3ALgZxGbJ_4core7default7Default7default
FN:210,_RNvNtNtNtNtCs3IZHjdzq1Qw_14darwin_metrics8hardware3cpu9frequency5testss_22test_frequency_metrics
FN:225,_RNvNtNtNtNtCs3IZHjdzq1Qw_14darwin_metrics8hardware3cpu9frequency5testss_26test_frequency_monitor_new
FN:234,_RNvNtNtNtNtCs3IZHjdzq1Qw_14darwin_metrics8hardware3cpu9frequency5testss_27test_fetch_sysctl_frequency
FN:187,_RNvNtNtNtCsiFtB4djRvCu_14darwin_metrics8hardware3cpu9frequency22fetch_sysctl_frequency
FN:160,_RNCNvNtNtNtCsiFtB4djRvCu_14darwin_metrics8hardware3cpu9frequency30fetch_sysctl_frequency_by_name0B9_
FN:106,_RNvMs_NtNtNtCsiFtB4djRvCu_14darwin_metrics8hardware3cpu9frequencyNtB4_16FrequencyMonitor11get_metrics
FN:89,_RNvMs_NtNtNtCsiFtB4djRvCu_14darwin_metrics8hardware3cpu9frequencyNtB4_16FrequencyMonitor3new
FN:129,_RNvNtNtNtCsiFtB4djRvCu_14darwin_metrics8hardware3cpu9frequency17retrieve_cpu_info
FN:119,_RNvNtNtNtCsiFtB4djRvCu_14darwin_metrics8hardware3cpu9frequency21fetch_cpu_frequencies
FN:156,_RNvNtNtNtCsiFtB4djRvCu_14darwin_metrics8hardware3cpu9frequency30fetch_sysctl_frequency_by_name
FN:78,_RNvXNtNtNtCsiFtB4djRvCu_14darwin_metrics8hardware3cpu9frequencyNtB2_16FrequencyMonitorNtNtCs4P3ALgZxGbJ_4core7default7Default7default
FNDA:5,_RNvMs_NtNtNtCs3IZHjdzq1Qw_14darwin_metrics8hardware3cpu9frequencyNtB4_16FrequencyMonitor3new
FNDA:1,_RNvNtNtNtCs3IZHjdzq1Qw_14darwin_metrics8hardware3cpu9frequency22fetch_sysctl_frequency
FNDA:0,_RNCNvNtNtNtCs3IZHjdzq1Qw_14darwin_metrics8hardware3cpu9frequency30fetch_sysctl_frequency_by_name0B9_
FNDA:0,_RNvMs_NtNtNtCs3IZHjdzq1Qw_14darwin_metrics8hardware3cpu9frequencyNtB4_16FrequencyMonitor11get_metrics
FNDA:0,_RNvNtNtNtCs3IZHjdzq1Qw_14darwin_metrics8hardware3cpu9frequency17retrieve_cpu_info
FNDA:0,_RNvNtNtNtCs3IZHjdzq1Qw_14darwin_metrics8hardware3cpu9frequency21fetch_cpu_frequencies
FNDA:0,_RNvNtNtNtCs3IZHjdzq1Qw_14darwin_metrics8hardware3cpu9frequency30fetch_sysctl_frequency_by_name
FNDA:0,_RNvXNtNtNtCs3IZHjdzq1Qw_14darwin_metrics8hardware3cpu9frequencyNtB2_16FrequencyMonitorNtNtCs4P3ALgZxGbJ_4core7default7Default7default
FNDA:1,_RNvNtNtNtNtCs3IZHjdzq1Qw_14darwin_metrics8hardware3cpu9frequency5testss_22test_frequency_metrics
FNDA:1,_RNvNtNtNtNtCs3IZHjdzq1Qw_14darwin_metrics8hardware3cpu9frequency5testss_26test_frequency_monitor_new
FNDA:1,_RNvNtNtNtNtCs3IZHjdzq1Qw_14darwin_metrics8hardware3cpu9frequency5testss_27test_fetch_sysctl_frequency
FNDA:0,_RNvNtNtNtCsiFtB4djRvCu_14darwin_metrics8hardware3cpu9frequency22fetch_sysctl_frequency
FNDA:0,_RNCNvNtNtNtCsiFtB4djRvCu_14darwin_metrics8hardware3cpu9frequency30fetch_sysctl_frequency_by_name0B9_
FNDA:0,_RNvMs_NtNtNtCsiFtB4djRvCu_14darwin_metrics8hardware3cpu9frequencyNtB4_16FrequencyMonitor11get_metrics
FNDA:0,_RNvMs_NtNtNtCsiFtB4djRvCu_14darwin_metrics8hardware3cpu9frequencyNtB4_16FrequencyMonitor3new
FNDA:0,_RNvNtNtNtCsiFtB4djRvCu_14darwin_metrics8hardware3cpu9frequency17retrieve_cpu_info
FNDA:0,_RNvNtNtNtCsiFtB4djRvCu_14darwin_metrics8hardware3cpu9frequency21fetch_cpu_frequencies
FNDA:0,_RNvNtNtNtCsiFtB4djRvCu_14darwin_metrics8hardware3cpu9frequency30fetch_sysctl_frequency_by_name
FNDA:0,_RNvXNtNtNtCsiFtB4djRvCu_14darwin_metrics8hardware3cpu9frequencyNtB2_16FrequencyMonitorNtNtCs4P3ALgZxGbJ_4core7default7Default7default
FNF:11
FNH:5
DA:78,0
DA:79,0
DA:80,0
DA:89,5
DA:90,5
DA:91,5
DA:106,0
DA:107,0
DA:108,0
DA:119,0
DA:120,0
DA:121,0
DA:122,0
DA:123,0
DA:124,0
DA:125,0
DA:126,0
DA:127,0
DA:129,0
DA:135,0
DA:136,0
DA:137,0
DA:141,0
DA:142,0
DA:143,0
DA:144,0
DA:145,0
DA:146,0
DA:147,0
DA:148,0
DA:149,0
DA:150,0
DA:151,0
DA:153,0
DA:154,0
DA:156,0
DA:160,0
DA:161,0
DA:162,0
DA:164,0
DA:165,0
DA:166,0
DA:167,0
DA:168,0
DA:169,0
DA:170,0
DA:171,0
DA:172,0
DA:173,0
DA:174,0
DA:175,0
DA:176,0
DA:177,0
DA:178,0
DA:179,0
DA:180,0
DA:181,0
DA:182,0
DA:183,0
DA:187,1
DA:188,1
DA:189,1
DA:190,1
DA:191,1
DA:192,1
DA:193,1
DA:194,1
DA:195,1
DA:196,1
DA:197,1
DA:198,1
DA:199,1
DA:200,0
DA:201,0
DA:202,0
DA:203,1
DA:210,1
DA:211,1
DA:212,1
DA:213,1
DA:214,1
DA:215,1
DA:216,1
DA:217,1
DA:218,1
DA:219,1
DA:220,1
DA:221,1
DA:222,1
DA:225,1
DA:226,1
DA:227,1
DA:228,1
DA:229,1
DA:234,1
DA:235,1
DA:236,1
DA:237,1
DA:238,1
DA:239,1
DA:240,1
DA:242,1
DA:243,1
DA:244,0
DA:246,1
BRF:0
BRH:0
LF:107
LH:45
end_of_record
SF:/Users/smeya/git/darwin-metrics/src/hardware/gpu/mod.rs
FN:41,_RNCNvMNtNtCs3IZHjdzq1Qw_14darwin_metrics8hardware3gpuNtB4_3Gpu3new0B8_
FN:55,_RNCNvMNtNtCs3IZHjdzq1Qw_14darwin_metrics8hardware3gpuNtB4_3Gpu4name0B8_
FN:81,_RNCNvMNtNtCs3IZHjdzq1Qw_14darwin_metrics8hardware3gpuNtB4_3Gpu7metrics0B8_
FN:468,_RNvMNtNtCs3IZHjdzq1Qw_14darwin_metrics8hardware3gpuNtB2_3Gpu13get_cpu_cores
FN:219,_RNvMNtNtCs3IZHjdzq1Qw_14darwin_metrics8hardware3gpuNtB2_3Gpu15get_temperature
FN:165,_RNvMNtNtCs3IZHjdzq1Qw_14darwin_metrics8hardware3gpuNtB2_3Gpu16get_memory_stats
FN:115,_RNvMNtNtCs3IZHjdzq1Qw_14darwin_metrics8hardware3gpuNtB2_3Gpu20estimate_memory_info
FN:338,_RNvMNtNtCs3IZHjdzq1Qw_14darwin_metrics8hardware3gpuNtB2_3Gpu20estimate_utilization
FN:439,_RNvMNtNtCs3IZHjdzq1Qw_14darwin_metrics8hardware3gpuNtB2_3Gpu23get_cpu_usage_component
FN:371,_RNvMNtNtCs3IZHjdzq1Qw_14darwin_metrics8hardware3gpuNtB2_3Gpu25get_system_load_component
FN:387,_RNvMNtNtCs3IZHjdzq1Qw_14darwin_metrics8hardware3gpuNtB2_3Gpu30get_process_activity_component
FN:39,_RNvMNtNtCs3IZHjdzq1Qw_14darwin_metrics8hardware3gpuNtB2_3Gpu3new
FN:53,_RNvMNtNtCs3IZHjdzq1Qw_14darwin_metrics8hardware3gpuNtB2_3Gpu4name
FN:80,_RNvMNtNtCs3IZHjdzq1Qw_14darwin_metrics8hardware3gpuNtB2_3Gpu7metrics
FN:499,_RNCNvXs_NtNtCs3IZHjdzq1Qw_14darwin_metrics8hardware3gpuNtB6_3GpuNtNtNtCs4P3ALgZxGbJ_4core3ops4drop4Drop4drop0Ba_
FN:496,_RNvXs_NtNtCs3IZHjdzq1Qw_14darwin_metrics8hardware3gpuNtB4_3GpuNtNtNtCs4P3ALgZxGbJ_4core3ops4drop4Drop4drop
FN:560,_RNvNtNtNtCs3IZHjdzq1Qw_14darwin_metrics8hardware3gpu5testss_12test_metrics
FN:525,_RNvNtNtNtCs3IZHjdzq1Qw_14darwin_metrics8hardware3gpu5testss_13test_gpu_name
FN:539,_RNvNtNtNtCs3IZHjdzq1Qw_14darwin_metrics8hardware3gpu5testss_16test_memory_info
FN:518,_RNvNtNtNtCs3IZHjdzq1Qw_14darwin_metrics8hardware3gpu5testss_23test_gpu_initialization
FN:499,_RNCNvXs_NtNtCsiFtB4djRvCu_14darwin_metrics8hardware3gpuNtB6_3GpuNtNtNtCs4P3ALgZxGbJ_4core3ops4drop4Drop4drop0Ba_
FN:496,_RNvXs_NtNtCsiFtB4djRvCu_14darwin_metrics8hardware3gpuNtB4_3GpuNtNtNtCs4P3ALgZxGbJ_4core3ops4drop4Drop4drop
FN:41,_RNCNvMNtNtCsiFtB4djRvCu_14darwin_metrics8hardware3gpuNtB4_3Gpu3new0B8_
FN:55,_RNCNvMNtNtCsiFtB4djRvCu_14darwin_metrics8hardware3gpuNtB4_3Gpu4name0B8_
FN:81,_RNCNvMNtNtCsiFtB4djRvCu_14darwin_metrics8hardware3gpuNtB4_3Gpu7metrics0B8_
FN:468,_RNvMNtNtCsiFtB4djRvCu_14darwin_metrics8hardware3gpuNtB2_3Gpu13get_cpu_cores
FN:219,_RNvMNtNtCsiFtB4djRvCu_14darwin_metrics8hardware3gpuNtB2_3Gpu15get_temperature
FN:165,_RNvMNtNtCsiFtB4djRvCu_14darwin_metrics8hardware3gpuNtB2_3Gpu16get_memory_stats
FN:115,_RNvMNtNtCsiFtB4djRvCu_14darwin_metrics8hardware3gpuNtB2_3Gpu20estimate_memory_info
FN:338,_RNvMNtNtCsiFtB4djRvCu_14darwin_metrics8hardware3gpuNtB2_3Gpu20estimate_utilization
FN:439,_RNvMNtNtCsiFtB4djRvCu_14darwin_metrics8hardware3gpuNtB2_3Gpu23get_cpu_usage_component
FN:371,_RNvMNtNtCsiFtB4djRvCu_14darwin_metrics8hardware3gpuNtB2_3Gpu25get_system_load_component
FN:387,_RNvMNtNtCsiFtB4djRvCu_14darwin_metrics8hardware3gpuNtB2_3Gpu30get_process_activity_component
FN:39,_RNvMNtNtCsiFtB4djRvCu_14darwin_metrics8hardware3gpuNtB2_3Gpu3new
FN:53,_RNvMNtNtCsiFtB4djRvCu_14darwin_metrics8hardware3gpuNtB2_3Gpu4name
FN:80,_RNvMNtNtCsiFtB4djRvCu_14darwin_metrics8hardware3gpuNtB2_3Gpu7metrics
FNDA:4,_RNCNvMNtNtCs3IZHjdzq1Qw_14darwin_metrics8hardware3gpuNtB4_3Gpu3new0B8_
FNDA:2,_RNCNvMNtNtCs3IZHjdzq1Qw_14darwin_metrics8hardware3gpuNtB4_3Gpu4name0B8_
FNDA:1,_RNCNvMNtNtCs3IZHjdzq1Qw_14darwin_metrics8hardware3gpuNtB4_3Gpu7metrics0B8_
FNDA:3,_RNvMNtNtCs3IZHjdzq1Qw_14darwin_metrics8hardware3gpuNtB2_3Gpu13get_cpu_cores
FNDA:1,_RNvMNtNtCs3IZHjdzq1Qw_14darwin_metrics8hardware3gpuNtB2_3Gpu15get_temperature
FNDA:2,_RNvMNtNtCs3IZHjdzq1Qw_14darwin_metrics8hardware3gpuNtB2_3Gpu16get_memory_stats
FNDA:2,_RNvMNtNtCs3IZHjdzq1Qw_14darwin_metrics8hardware3gpuNtB2_3Gpu20estimate_memory_info
FNDA:3,_RNvMNtNtCs3IZHjdzq1Qw_14darwin_metrics8hardware3gpuNtB2_3Gpu20estimate_utilization
FNDA:3,_RNvMNtNtCs3IZHjdzq1Qw_14darwin_metrics8hardware3gpuNtB2_3Gpu23get_cpu_usage_component
FNDA:3,_RNvMNtNtCs3IZHjdzq1Qw_14darwin_metrics8hardware3gpuNtB2_3Gpu25get_system_load_component
FNDA:3,_RNvMNtNtCs3IZHjdzq1Qw_14darwin_metrics8hardware3gpuNtB2_3Gpu30get_process_activity_component
FNDA:4,_RNvMNtNtCs3IZHjdzq1Qw_14darwin_metrics8hardware3gpuNtB2_3Gpu3new
FNDA:2,_RNvMNtNtCs3IZHjdzq1Qw_14darwin_metrics8hardware3gpuNtB2_3Gpu4name
FNDA:1,_RNvMNtNtCs3IZHjdzq1Qw_14darwin_metrics8hardware3gpuNtB2_3Gpu7metrics
FNDA:4,_RNCNvXs_NtNtCs3IZHjdzq1Qw_14darwin_metrics8hardware3gpuNtB6_3GpuNtNtNtCs4P3ALgZxGbJ_4core3ops4drop4Drop4drop0Ba_
FNDA:4,_RNvXs_NtNtCs3IZHjdzq1Qw_14darwin_metrics8hardware3gpuNtB4_3GpuNtNtNtCs4P3ALgZxGbJ_4core3ops4drop4Drop4drop
FNDA:1,_RNvNtNtNtCs3IZHjdzq1Qw_14darwin_metrics8hardware3gpu5testss_12test_metrics
FNDA:1,_RNvNtNtNtCs3IZHjdzq1Qw_14darwin_metrics8hardware3gpu5testss_13test_gpu_name
FNDA:1,_RNvNtNtNtCs3IZHjdzq1Qw_14darwin_metrics8hardware3gpu5testss_16test_memory_info
FNDA:1,_RNvNtNtNtCs3IZHjdzq1Qw_14darwin_metrics8hardware3gpu5testss_23test_gpu_initialization
FNDA:0,_RNCNvXs_NtNtCsiFtB4djRvCu_14darwin_metrics8hardware3gpuNtB6_3GpuNtNtNtCs4P3ALgZxGbJ_4core3ops4drop4Drop4drop0Ba_
FNDA:0,_RNvXs_NtNtCsiFtB4djRvCu_14darwin_metrics8hardware3gpuNtB4_3GpuNtNtNtCs4P3ALgZxGbJ_4core3ops4drop4Drop4drop
FNDA:0,_RNCNvMNtNtCsiFtB4djRvCu_14darwin_metrics8hardware3gpuNtB4_3Gpu3new0B8_
FNDA:0,_RNCNvMNtNtCsiFtB4djRvCu_14darwin_metrics8hardware3gpuNtB4_3Gpu4name0B8_
FNDA:0,_RNCNvMNtNtCsiFtB4djRvCu_14darwin_metrics8hardware3gpuNtB4_3Gpu7metrics0B8_
FNDA:0,_RNvMNtNtCsiFtB4djRvCu_14darwin_metrics8hardware3gpuNtB2_3Gpu13get_cpu_cores
FNDA:0,_RNvMNtNtCsiFtB4djRvCu_14darwin_metrics8hardware3gpuNtB2_3Gpu15get_temperature
FNDA:0,_RNvMNtNtCsiFtB4djRvCu_14darwin_metrics8hardware3gpuNtB2_3Gpu16get_memory_stats
FNDA:0,_RNvMNtNtCsiFtB4djRvCu_14darwin_metrics8hardware3gpuNtB2_3Gpu20estimate_memory_info
FNDA:0,_RNvMNtNtCsiFtB4djRvCu_14darwin_metrics8hardware3gpuNtB2_3Gpu20estimate_utilization
FNDA:0,_RNvMNtNtCsiFtB4djRvCu_14darwin_metrics8hardware3gpuNtB2_3Gpu23get_cpu_usage_component
FNDA:0,_RNvMNtNtCsiFtB4djRvCu_14darwin_metrics8hardware3gpuNtB2_3Gpu25get_system_load_component
FNDA:0,_RNvMNtNtCsiFtB4djRvCu_14darwin_metrics8hardware3gpuNtB2_3Gpu30get_process_activity_component
FNDA:0,_RNvMNtNtCsiFtB4djRvCu_14darwin_metrics8hardware3gpuNtB2_3Gpu3new
FNDA:0,_RNvMNtNtCsiFtB4djRvCu_14darwin_metrics8hardware3gpuNtB2_3Gpu4name
FNDA:0,_RNvMNtNtCsiFtB4djRvCu_14darwin_metrics8hardware3gpuNtB2_3Gpu7metrics
FNF:20
FNH:20
DA:39,4
DA:40,4
DA:41,4
DA:42,4
DA:43,4
DA:44,0
DA:46,4
DA:48,4
DA:49,4
DA:50,4
DA:51,4
DA:53,2
DA:54,2
DA:55,2
DA:56,2
DA:58,2
DA:59,2
DA:60,2
DA:61,2
DA:62,2
DA:63,2
DA:64,2
DA:65,2
DA:66,0
DA:67,0
DA:69,0
DA:72,0
DA:73,0
DA:74,0
DA:75,0
DA:76,0
DA:77,2
DA:78,2
DA:80,1
DA:81,1
DA:83,1
DA:84,1
DA:85,1
DA:86,0
DA:88,1
DA:92,1
DA:93,1
DA:94,1
DA:95,1
DA:96,1
DA:99,1
DA:100,1
DA:101,0
DA:102,0
DA:103,0
DA:104,0
DA:105,0
DA:106,1
DA:107,1
DA:108,1
DA:110,1
DA:111,1
DA:112,1
DA:115,2
DA:117,2
DA:121,2
DA:124,2
DA:125,2
DA:126,2
DA:127,0
DA:130,2
DA:134,0
DA:143,2
DA:146,2
DA:147,2
DA:148,2
DA:149,2
DA:150,2
DA:151,2
DA:152,2
DA:153,2
DA:154,2
DA:155,2
DA:156,2
DA:157,2
DA:158,2
DA:159,2
DA:160,2
DA:161,2
DA:162,2
DA:165,2
DA:166,2
DA:167,2
DA:168,2
DA:169,2
DA:170,2
DA:171,2
DA:172,2
DA:173,2
DA:174,2
DA:175,2
DA:176,2
DA:177,2
DA:178,2
DA:179,2
DA:180,2
DA:181,2
DA:182,2
DA:183,0
DA:184,0
DA:185,2
DA:191,2
DA:192,2
DA:193,2
DA:194,2
DA:195,2
DA:196,2
DA:197,2
DA:198,2
DA:199,2
DA:200,2
DA:201,2
DA:202,2
DA:203,2
DA:206,2
DA:209,0
DA:211,2
DA:214,2
DA:215,2
DA:216,2
DA:219,1
DA:220,1
DA:221,1
DA:222,1
DA:223,1
DA:224,1
DA:225,1
DA:226,1
DA:227,1
DA:228,1
DA:229,1
DA:230,1
DA:231,1
DA:232,1
DA:233,1
DA:234,1
DA:235,1
DA:236,1
DA:237,1
DA:238,1
DA:239,1
DA:240,1
DA:241,1
DA:242,1
DA:243,1
DA:244,1
DA:245,1
DA:246,1
DA:247,1
DA:248,1
DA:249,1
DA:250,1
DA:251,1
DA:252,1
DA:253,1
DA:254,1
DA:255,1
DA:256,1
DA:257,1
DA:258,1
DA:259,1
DA:260,1
DA:261,1
DA:262,1
DA:263,1
DA:264,1
DA:265,1
DA:266,1
DA:267,1
DA:268,1
DA:269,1
DA:270,1
DA:271,1
DA:272,1
DA:273,1
DA:274,1
DA:275,1
DA:276,1
DA:277,1
DA:278,1
DA:279,1
DA:280,1
DA:281,1
DA:282,1
DA:283,1
DA:284,1
DA:285,1
DA:286,1
DA:287,1
DA:288,1
DA:289,1
DA:290,1
DA:291,1
DA:292,1
DA:293,1
DA:294,1
DA:295,1
DA:296,1
DA:297,1
DA:298,1
DA:299,1
DA:300,1
DA:301,1
DA:302,1
DA:303,1
DA:304,1
DA:305,1
DA:306,1
DA:307,1
DA:308,1
DA:309,1
DA:310,1
DA:311,1
DA:312,1
DA:313,1
DA:314,1
DA:315,1
DA:316,1
DA:317,1
DA:318,1
DA:319,1
DA:320,1
DA:321,1
DA:322,1
DA:323,1
DA:324,1
DA:325,1
DA:326,1
DA:327,1
DA:328,1
DA:329,1
DA:330,1
DA:331,1
DA:332,1
DA:333,1
DA:334,1
DA:335,1
DA:338,3
DA:339,3
DA:340,3
DA:341,3
DA:342,3
DA:343,3
DA:344,3
DA:345,3
DA:346,3
DA:347,3
DA:348,3
DA:349,3
DA:350,3
DA:351,3
DA:352,3
DA:353,3
DA:354,3
DA:355,3
DA:356,3
DA:360,3
DA:361,3
DA:362,3
DA:363,3
DA:364,3
DA:365,3
DA:366,3
DA:367,3
DA:368,3
DA:371,3
DA:375,3
DA:376,3
DA:377,0
DA:378,3
DA:379,3
DA:380,3
DA:381,3
DA:382,3
DA:384,3
DA:387,3
DA:390,3
DA:392,3
DA:396,15000
DA:397,14997
DA:398,14997
DA:399,14997
DA:400,14997
DA:401,14997
DA:402,14997
DA:403,14997
DA:404,14997
DA:405,14997
DA:406,14997
DA:407,0
DA:408,14997
DA:411,14997
DA:412,0
DA:413,14997
DA:417,3
DA:418,3
DA:419,3
DA:420,3
DA:421,3
DA:423,0
DA:429,3
DA:433,3
DA:435,3
DA:436,3
DA:439,3
DA:440,3
DA:441,3
DA:442,3
DA:443,3
DA:444,3
DA:445,3
DA:446,3
DA:447,3
DA:448,3
DA:449,3
DA:450,0
DA:451,3
DA:452,3
DA:453,3
DA:454,3
DA:455,3
DA:456,3
DA:457,3
DA:458,3
DA:459,3
DA:460,3
DA:461,3
DA:462,3
DA:463,3
DA:465,3
DA:468,3
DA:469,3
DA:470,3
DA:471,3
DA:472,3
DA:473,3
DA:474,3
DA:475,3
DA:476,3
DA:477,3
DA:478,3
DA:479,3
DA:480,3
DA:481,3
DA:482,3
DA:483,3
DA:484,3
DA:486,0
DA:488,3
DA:491,3
DA:496,4
DA:497,4
DA:498,4
DA:499,4
DA:500,4
DA:501,4
DA:502,4
DA:503,4
DA:504,4
DA:505,4
DA:506,0
DA:507,4
DA:518,1
DA:519,1
DA:520,1
DA:521,1
DA:522,1
DA:525,1
DA:526,1
DA:527,1
DA:528,1
DA:529,1
DA:530,1
DA:531,1
DA:532,1
DA:535,1
DA:536,1
DA:539,1
DA:540,1
DA:541,1
DA:542,1
DA:543,1
DA:544,1
DA:545,1
DA:546,1
DA:547,1
DA:548,1
DA:549,1
DA:550,1
DA:551,1
DA:552,0
DA:556,1
DA:557,1
DA:560,1
DA:561,1
DA:562,1
DA:563,1
DA:564,1
DA:565,1
DA:566,1
DA:567,1
DA:568,1
DA:569,1
DA:570,1
DA:571,0
DA:575,1
DA:576,1
BRF:0
BRH:0
LF:420
LH:391
end_of_record
SF:/Users/smeya/git/darwin-metrics/src/hardware/iokit/mod.rs
FN:74,_RNCNvMs0_NtNtNtNtCs3IZHjdzq1Qw_14darwin_metrics8hardware5iokit22___mock_MockIOKit_IOKit19___get_bool_propertyNtB7_7Matcher7matches0Bf_
FN:74,_RNCNvMsa_NtNtNtNtCs3IZHjdzq1Qw_14darwin_metrics8hardware5iokit22___mock_MockIOKit_IOKit19___get_bool_propertyNtB7_12Expectations4calls_0Bf_
FN:74,_RNvMs4_NtNtNtNtCs3IZHjdzq1Qw_14darwin_metrics8hardware5iokit22___mock_MockIOKit_IOKit19___get_bool_propertyNtB5_6Common7is_done
FN:74,_RNvMs4_NtNtNtNtCs3IZHjdzq1Qw_14darwin_metrics8hardware5iokit22___mock_MockIOKit_IOKit19___get_bool_propertyNtB5_6Common7matches
FN:74,_RNvMs6_NtNtNtNtCs3IZHjdzq1Qw_14darwin_metrics8hardware5iokit22___mock_MockIOKit_IOKit19___get_bool_propertyNtB5_11Expectation7is_done
FN:74,_RNvMs6_NtNtNtNtCs3IZHjdzq1Qw_14darwin_metrics8hardware5iokit22___mock_MockIOKit_IOKit19___get_bool_propertyNtB5_11Expectation7matches
FN:74,_RNvMs8_NtNtNtNtCs3IZHjdzq1Qw_14darwin_metrics8hardware5iokit22___mock_MockIOKit_IOKit19___get_bool_propertyNtB5_12Expectations3new
FN:74,_RNvXs9_NtNtNtNtCs3IZHjdzq1Qw_14darwin_metrics8hardware5iokit22___mock_MockIOKit_IOKit19___get_bool_propertyNtB5_12ExpectationsNtNtCs4P3ALgZxGbJ_4core7default7Default7default
FN:74,_RNCNvMs0_NtNtNtNtCs3IZHjdzq1Qw_14darwin_metrics8hardware5iokit22___mock_MockIOKit_IOKit14___get_fan_infoNtB7_7Matcher7matches0Bf_
FN:74,_RNCNvMsa_NtNtNtNtCs3IZHjdzq1Qw_14darwin_metrics8hardware5iokit22___mock_MockIOKit_IOKit14___get_fan_infoNtB7_12Expectations4calls_0Bf_
FN:74,_RNvMs4_NtNtNtNtCs3IZHjdzq1Qw_14darwin_metrics8hardware5iokit22___mock_MockIOKit_IOKit14___get_fan_infoNtB5_6Common7is_done
FN:74,_RNvMs4_NtNtNtNtCs3IZHjdzq1Qw_14darwin_metrics8hardware5iokit22___mock_MockIOKit_IOKit14___get_fan_infoNtB5_6Common7matches
FN:74,_RNvMs6_NtNtNtNtCs3IZHjdzq1Qw_14darwin_metrics8hardware5iokit22___mock_MockIOKit_IOKit14___get_fan_infoNtB5_11Expectation7is_done
FN:74,_RNvMs6_NtNtNtNtCs3IZHjdzq1Qw_14darwin_metrics8hardware5iokit22___mock_MockIOKit_IOKit14___get_fan_infoNtB5_11Expectation7matches
FN:74,_RNvMs8_NtNtNtNtCs3IZHjdzq1Qw_14darwin_metrics8hardware5iokit22___mock_MockIOKit_IOKit14___get_fan_infoNtB5_12Expectations3new
FN:74,_RNvXs9_NtNtNtNtCs3IZHjdzq1Qw_14darwin_metrics8hardware5iokit22___mock_MockIOKit_IOKit14___get_fan_infoNtB5_12ExpectationsNtNtCs4P3ALgZxGbJ_4core7default7Default7default
FN:74,_RNCNvMs0_NtNtNtNtCs3IZHjdzq1Qw_14darwin_metrics8hardware5iokit22___mock_MockIOKit_IOKit18___get_thermal_infoNtB7_7Matcher7matches0Bf_
FN:74,_RNCNvMsa_NtNtNtNtCs3IZHjdzq1Qw_14darwin_metrics8hardware5iokit22___mock_MockIOKit_IOKit18___get_thermal_infoNtB7_12Expectations4calls_0Bf_
FN:74,_RNvMs4_NtNtNtNtCs3IZHjdzq1Qw_14darwin_metrics8hardware5iokit22___mock_MockIOKit_IOKit18___get_thermal_infoNtB5_6Common7is_done
FN:74,_RNvMs4_NtNtNtNtCs3IZHjdzq1Qw_14darwin_metrics8hardware5iokit22___mock_MockIOKit_IOKit18___get_thermal_infoNtB5_6Common7matches
FN:74,_RNvMs6_NtNtNtNtCs3IZHjdzq1Qw_14darwin_metrics8hardware5iokit22___mock_MockIOKit_IOKit18___get_thermal_infoNtB5_11Expectation7is_done
FN:74,_RNvMs6_NtNtNtNtCs3IZHjdzq1Qw_14darwin_metrics8hardware5iokit22___mock_MockIOKit_IOKit18___get_thermal_infoNtB5_11Expectation7matches
FN:74,_RNvMs8_NtNtNtNtCs3IZHjdzq1Qw_14darwin_metrics8hardware5iokit22___mock_MockIOKit_IOKit18___get_thermal_infoNtB5_12Expectations3new
FN:74,_RNvXs9_NtNtNtNtCs3IZHjdzq1Qw_14darwin_metrics8hardware5iokit22___mock_MockIOKit_IOKit18___get_thermal_infoNtB5_12ExpectationsNtNtCs4P3ALgZxGbJ_4core7default7Default7default
FN:74,_RNCNvMs0_NtNtNtNtCs3IZHjdzq1Qw_14darwin_metrics8hardware5iokit22___mock_MockIOKit_IOKit21___get_number_propertyNtB7_7Matcher7matches0Bf_
FN:74,_RNCNvMsa_NtNtNtNtCs3IZHjdzq1Qw_14darwin_metrics8hardware5iokit22___mock_MockIOKit_IOKit21___get_number_propertyNtB7_12Expectations4calls_0Bf_
FN:74,_RNvMs4_NtNtNtNtCs3IZHjdzq1Qw_14darwin_metrics8hardware5iokit22___mock_MockIOKit_IOKit21___get_number_propertyNtB5_6Common7is_done
FN:74,_RNvMs4_NtNtNtNtCs3IZHjdzq1Qw_14darwin_metrics8hardware5iokit22___mock_MockIOKit_IOKit21___get_number_propertyNtB5_6Common7matches
FN:74,_RNvMs6_NtNtNtNtCs3IZHjdzq1Qw_14darwin_metrics8hardware5iokit22___mock_MockIOKit_IOKit21___get_number_propertyNtB5_11Expectation7is_done
FN:74,_RNvMs6_NtNtNtNtCs3IZHjdzq1Qw_14darwin_metrics8hardware5iokit22___mock_MockIOKit_IOKit21___get_number_propertyNtB5_11Expectation7matches
FN:74,_RNvMs8_NtNtNtNtCs3IZHjdzq1Qw_14darwin_metrics8hardware5iokit22___mock_MockIOKit_IOKit21___get_number_propertyNtB5_12Expectations3new
FN:74,_RNvXs9_NtNtNtNtCs3IZHjdzq1Qw_14darwin_metrics8hardware5iokit22___mock_MockIOKit_IOKit21___get_number_propertyNtB5_12ExpectationsNtNtCs4P3ALgZxGbJ_4core7default7Default7default
FN:74,_RNCNvMs0_NtNtNtNtCs3IZHjdzq1Qw_14darwin_metrics8hardware5iokit22___mock_MockIOKit_IOKit26___get_heatsink_temperatureNtB7_7Matcher7matches0Bf_
FN:74,_RNCNvMsa_NtNtNtNtCs3IZHjdzq1Qw_14darwin_metrics8hardware5iokit22___mock_MockIOKit_IOKit26___get_heatsink_temperatureNtB7_12Expectations4calls_0Bf_
FN:74,_RNvMs4_NtNtNtNtCs3IZHjdzq1Qw_14darwin_metrics8hardware5iokit22___mock_MockIOKit_IOKit26___get_heatsink_temperatureNtB5_6Common7is_done
FN:74,_RNvMs4_NtNtNtNtCs3IZHjdzq1Qw_14darwin_metrics8hardware5iokit22___mock_MockIOKit_IOKit26___get_heatsink_temperatureNtB5_6Common7matches
FN:74,_RNvMs6_NtNtNtNtCs3IZHjdzq1Qw_14darwin_metrics8hardware5iokit22___mock_MockIOKit_IOKit26___get_heatsink_temperatureNtB5_11Expectation7is_done
FN:74,_RNvMs6_NtNtNtNtCs3IZHjdzq1Qw_14darwin_metrics8hardware5iokit22___mock_MockIOKit_IOKit26___get_heatsink_temperatureNtB5_11Expectation7matches
FN:74,_RNvMs8_NtNtNtNtCs3IZHjdzq1Qw_14darwin_metrics8hardware5iokit22___mock_MockIOKit_IOKit26___get_heatsink_temperatureNtB5_12Expectations3new
FN:74,_RNvXs9_NtNtNtNtCs3IZHjdzq1Qw_14darwin_metrics8hardware5iokit22___mock_MockIOKit_IOKit26___get_heatsink_temperatureNtB5_12ExpectationsNtNtCs4P3ALgZxGbJ_4core7default7Default7default
FN:74,_RINvMs4_NtNtNtNtCs3IZHjdzq1Qw_14darwin_metrics8hardware5iokit22___mock_MockIOKit_IOKit13___get_serviceNtB6_6Common4withpEBe_
FN:74,_RINvMs4_NtNtNtNtCs3IZHjdzq1Qw_14darwin_metrics8hardware5iokit22___mock_MockIOKit_IOKit13___get_serviceNtB6_6Common5timespEBe_
FN:74,_RINvMs4_NtNtNtNtCs3IZHjdzq1Qw_14darwin_metrics8hardware5iokit22___mock_MockIOKit_IOKit13___get_serviceNtB6_6Common5withfpEBe_
FN:74,_RINvMs4_NtNtNtNtCs3IZHjdzq1Qw_14darwin_metrics8hardware5iokit22___mock_MockIOKit_IOKit13___get_serviceNtB6_6Common8withf_stpEBe_
FN:74,_RINvMs4_NtNtNtNtCs3IZHjdzq1Qw_14darwin_metrics8hardware5iokit22___mock_MockIOKit_IOKit14___get_all_fansNtB6_6Common5timespEBe_
FN:74,_RINvMs4_NtNtNtNtCs3IZHjdzq1Qw_14darwin_metrics8hardware5iokit22___mock_MockIOKit_IOKit14___get_all_fansNtB6_6Common5withfpEBe_
FN:74,_RINvMs4_NtNtNtNtCs3IZHjdzq1Qw_14darwin_metrics8hardware5iokit22___mock_MockIOKit_IOKit14___get_all_fansNtB6_6Common8withf_stpEBe_
FN:74,_RINvMs4_NtNtNtNtCs3IZHjdzq1Qw_14darwin_metrics8hardware5iokit22___mock_MockIOKit_IOKit14___get_fan_infoNtB6_6Common4withpEBe_
FN:74,_RINvMs4_NtNtNtNtCs3IZHjdzq1Qw_14darwin_metrics8hardware5iokit22___mock_MockIOKit_IOKit14___get_fan_infoNtB6_6Common5timespEBe_
FN:74,_RINvMs4_NtNtNtNtCs3IZHjdzq1Qw_14darwin_metrics8hardware5iokit22___mock_MockIOKit_IOKit14___get_fan_infoNtB6_6Common5withfpEBe_
FN:74,_RINvMs4_NtNtNtNtCs3IZHjdzq1Qw_14darwin_metrics8hardware5iokit22___mock_MockIOKit_IOKit14___get_fan_infoNtB6_6Common8withf_stpEBe_
FN:74,_RINvMs4_NtNtNtNtCs3IZHjdzq1Qw_14darwin_metrics8hardware5iokit22___mock_MockIOKit_IOKit15___get_cpu_powerNtB6_6Common5timespEBe_
FN:74,_RINvMs4_NtNtNtNtCs3IZHjdzq1Qw_14darwin_metrics8hardware5iokit22___mock_MockIOKit_IOKit15___get_cpu_powerNtB6_6Common5withfpEBe_
FN:74,_RINvMs4_NtNtNtNtCs3IZHjdzq1Qw_14darwin_metrics8hardware5iokit22___mock_MockIOKit_IOKit15___get_cpu_powerNtB6_6Common8withf_stpEBe_
FN:74,_RINvMs4_NtNtNtNtCs3IZHjdzq1Qw_14darwin_metrics8hardware5iokit22___mock_MockIOKit_IOKit15___get_fan_countNtB6_6Common5timespEBe_
FN:74,_RINvMs4_NtNtNtNtCs3IZHjdzq1Qw_14darwin_metrics8hardware5iokit22___mock_MockIOKit_IOKit15___get_fan_countNtB6_6Common5withfpEBe_
FN:74,_RINvMs4_NtNtNtNtCs3IZHjdzq1Qw_14darwin_metrics8hardware5iokit22___mock_MockIOKit_IOKit15___get_fan_countNtB6_6Common8withf_stpEBe_
FN:74,_RINvMs4_NtNtNtNtCs3IZHjdzq1Qw_14darwin_metrics8hardware5iokit22___mock_MockIOKit_IOKit15___get_fan_speedNtB6_6Common5timespEBe_
FN:74,_RINvMs4_NtNtNtNtCs3IZHjdzq1Qw_14darwin_metrics8hardware5iokit22___mock_MockIOKit_IOKit15___get_fan_speedNtB6_6Common5withfpEBe_
FN:74,_RINvMs4_NtNtNtNtCs3IZHjdzq1Qw_14darwin_metrics8hardware5iokit22___mock_MockIOKit_IOKit15___get_fan_speedNtB6_6Common8withf_stpEBe_
FN:74,_RINvMs4_NtNtNtNtCs3IZHjdzq1Qw_14darwin_metrics8hardware5iokit22___mock_MockIOKit_IOKit15___get_gpu_statsNtB6_6Common5withfpEBe_
FN:74,_RINvMs4_NtNtNtNtCs3IZHjdzq1Qw_14darwin_metrics8hardware5iokit22___mock_MockIOKit_IOKit15___get_gpu_statsNtB6_6Common8withf_stpEBe_
FN:74,_RINvMs4_NtNtNtNtCs3IZHjdzq1Qw_14darwin_metrics8hardware5iokit22___mock_MockIOKit_IOKit18___get_thermal_infoNtB6_6Common5timespEBe_
FN:74,_RINvMs4_NtNtNtNtCs3IZHjdzq1Qw_14darwin_metrics8hardware5iokit22___mock_MockIOKit_IOKit18___get_thermal_infoNtB6_6Common5withfpEBe_
FN:74,_RINvMs4_NtNtNtNtCs3IZHjdzq1Qw_14darwin_metrics8hardware5iokit22___mock_MockIOKit_IOKit18___get_thermal_infoNtB6_6Common8withf_stpEBe_
FN:74,_RINvMs4_NtNtNtNtCs3IZHjdzq1Qw_14darwin_metrics8hardware5iokit22___mock_MockIOKit_IOKit19___get_bool_propertyNtB6_6Common4withppEBe_
FN:74,_RINvMs4_NtNtNtNtCs3IZHjdzq1Qw_14darwin_metrics8hardware5iokit22___mock_MockIOKit_IOKit19___get_bool_propertyNtB6_6Common5timespEBe_
FN:74,_RINvMs4_NtNtNtNtCs3IZHjdzq1Qw_14darwin_metrics8hardware5iokit22___mock_MockIOKit_IOKit19___get_bool_propertyNtB6_6Common5withfpEBe_
FN:74,_RINvMs4_NtNtNtNtCs3IZHjdzq1Qw_14darwin_metrics8hardware5iokit22___mock_MockIOKit_IOKit19___get_bool_propertyNtB6_6Common8withf_stpEBe_
FN:74,_RINvMs4_NtNtNtNtCs3IZHjdzq1Qw_14darwin_metrics8hardware5iokit22___mock_MockIOKit_IOKit19___get_dict_propertyNtB6_6Common4withppEBe_
FN:74,_RINvMs4_NtNtNtNtCs3IZHjdzq1Qw_14darwin_metrics8hardware5iokit22___mock_MockIOKit_IOKit19___get_dict_propertyNtB6_6Common5timespEBe_
FN:74,_RINvMs4_NtNtNtNtCs3IZHjdzq1Qw_14darwin_metrics8hardware5iokit22___mock_MockIOKit_IOKit19___get_dict_propertyNtB6_6Common5withfpEBe_
FN:74,_RINvMs4_NtNtNtNtCs3IZHjdzq1Qw_14darwin_metrics8hardware5iokit22___mock_MockIOKit_IOKit19___get_dict_propertyNtB6_6Common8withf_stpEBe_
FN:74,_RINvMs4_NtNtNtNtCs3IZHjdzq1Qw_14darwin_metrics8hardware5iokit22___mock_MockIOKit_IOKit19___io_object_releaseNtB6_6Common4withpEBe_
FN:74,_RINvMs4_NtNtNtNtCs3IZHjdzq1Qw_14darwin_metrics8hardware5iokit22___mock_MockIOKit_IOKit19___io_object_releaseNtB6_6Common5timespEBe_
FN:74,_RINvMs4_NtNtNtNtCs3IZHjdzq1Qw_14darwin_metrics8hardware5iokit22___mock_MockIOKit_IOKit19___io_object_releaseNtB6_6Common5withfpEBe_
FN:74,_RINvMs4_NtNtNtNtCs3IZHjdzq1Qw_14darwin_metrics8hardware5iokit22___mock_MockIOKit_IOKit19___io_object_releaseNtB6_6Common8withf_stpEBe_
FN:74,_RINvMs4_NtNtNtNtCs3IZHjdzq1Qw_14darwin_metrics8hardware5iokit22___mock_MockIOKit_IOKit21___get_cpu_temperatureNtB6_6Common5withfpEBe_
FN:74,_RINvMs4_NtNtNtNtCs3IZHjdzq1Qw_14darwin_metrics8hardware5iokit22___mock_MockIOKit_IOKit21___get_cpu_temperatureNtB6_6Common8withf_stpEBe_
FN:74,_RINvMs4_NtNtNtNtCs3IZHjdzq1Qw_14darwin_metrics8hardware5iokit22___mock_MockIOKit_IOKit21___get_gpu_temperatureNtB6_6Common5withfpEBe_
FN:74,_RINvMs4_NtNtNtNtCs3IZHjdzq1Qw_14darwin_metrics8hardware5iokit22___mock_MockIOKit_IOKit21___get_gpu_temperatureNtB6_6Common8withf_stpEBe_
FN:74,_RINvMs4_NtNtNtNtCs3IZHjdzq1Qw_14darwin_metrics8hardware5iokit22___mock_MockIOKit_IOKit21___get_number_propertyNtB6_6Common4withppEBe_
FN:74,_RINvMs4_NtNtNtNtCs3IZHjdzq1Qw_14darwin_metrics8hardware5iokit22___mock_MockIOKit_IOKit21___get_number_propertyNtB6_6Common5timespEBe_
FN:74,_RINvMs4_NtNtNtNtCs3IZHjdzq1Qw_14darwin_metrics8hardware5iokit22___mock_MockIOKit_IOKit21___get_number_propertyNtB6_6Common5withfpEBe_
FN:74,_RINvMs4_NtNtNtNtCs3IZHjdzq1Qw_14darwin_metrics8hardware5iokit22___mock_MockIOKit_IOKit21___get_number_propertyNtB6_6Common8withf_stpEBe_
FN:74,_RINvMs4_NtNtNtNtCs3IZHjdzq1Qw_14darwin_metrics8hardware5iokit22___mock_MockIOKit_IOKit21___get_string_propertyNtB6_6Common4withppEBe_
FN:74,_RINvMs4_NtNtNtNtCs3IZHjdzq1Qw_14darwin_metrics8hardware5iokit22___mock_MockIOKit_IOKit21___get_string_propertyNtB6_6Common5timespEBe_
FN:74,_RINvMs4_NtNtNtNtCs3IZHjdzq1Qw_14darwin_metrics8hardware5iokit22___mock_MockIOKit_IOKit21___get_string_propertyNtB6_6Common5withfpEBe_
FN:74,_RINvMs4_NtNtNtNtCs3IZHjdzq1Qw_14darwin_metrics8hardware5iokit22___mock_MockIOKit_IOKit21___get_string_propertyNtB6_6Common8withf_stpEBe_
FN:74,_RINvMs4_NtNtNtNtCs3IZHjdzq1Qw_14darwin_metrics8hardware5iokit22___mock_MockIOKit_IOKit21___io_service_matchingNtB6_6Common4withpEBe_
FN:74,_RINvMs4_NtNtNtNtCs3IZHjdzq1Qw_14darwin_metrics8hardware5iokit22___mock_MockIOKit_IOKit21___io_service_matchingNtB6_6Common5timespEBe_
FN:74,_RINvMs4_NtNtNtNtCs3IZHjdzq1Qw_14darwin_metrics8hardware5iokit22___mock_MockIOKit_IOKit21___io_service_matchingNtB6_6Common5withfpEBe_
FN:74,_RINvMs4_NtNtNtNtCs3IZHjdzq1Qw_14darwin_metrics8hardware5iokit22___mock_MockIOKit_IOKit21___io_service_matchingNtB6_6Common8withf_stpEBe_
FN:74,_RINvMs4_NtNtNtNtCs3IZHjdzq1Qw_14darwin_metrics8hardware5iokit22___mock_MockIOKit_IOKit25___get_ambient_temperatureNtB6_6Common5timespEBe_
FN:74,_RINvMs4_NtNtNtNtCs3IZHjdzq1Qw_14darwin_metrics8hardware5iokit22___mock_MockIOKit_IOKit25___get_ambient_temperatureNtB6_6Common5withfpEBe_
FN:74,_RINvMs4_NtNtNtNtCs3IZHjdzq1Qw_14darwin_metrics8hardware5iokit22___mock_MockIOKit_IOKit25___get_ambient_temperatureNtB6_6Common8withf_stpEBe_
FN:74,_RINvMs4_NtNtNtNtCs3IZHjdzq1Qw_14darwin_metrics8hardware5iokit22___mock_MockIOKit_IOKit25___get_battery_temperatureNtB6_6Common5timespEBe_
FN:74,_RINvMs4_NtNtNtNtCs3IZHjdzq1Qw_14darwin_metrics8hardware5iokit22___mock_MockIOKit_IOKit25___get_battery_temperatureNtB6_6Common5withfpEBe_
FN:74,_RINvMs4_NtNtNtNtCs3IZHjdzq1Qw_14darwin_metrics8hardware5iokit22___mock_MockIOKit_IOKit25___get_battery_temperatureNtB6_6Common8withf_stpEBe_
FN:74,_RINvMs4_NtNtNtNtCs3IZHjdzq1Qw_14darwin_metrics8hardware5iokit22___mock_MockIOKit_IOKit26___check_thermal_throttlingNtB6_6Common5timespEBe_
FN:74,_RINvMs4_NtNtNtNtCs3IZHjdzq1Qw_14darwin_metrics8hardware5iokit22___mock_MockIOKit_IOKit26___check_thermal_throttlingNtB6_6Common5withfpEBe_
FN:74,_RINvMs4_NtNtNtNtCs3IZHjdzq1Qw_14darwin_metrics8hardware5iokit22___mock_MockIOKit_IOKit26___check_thermal_throttlingNtB6_6Common8withf_stpEBe_
FN:74,_RINvMs4_NtNtNtNtCs3IZHjdzq1Qw_14darwin_metrics8hardware5iokit22___mock_MockIOKit_IOKit26___get_heatsink_temperatureNtB6_6Common5timespEBe_
FN:74,_RINvMs4_NtNtNtNtCs3IZHjdzq1Qw_14darwin_metrics8hardware5iokit22___mock_MockIOKit_IOKit26___get_heatsink_temperatureNtB6_6Common5withfpEBe_
FN:74,_RINvMs4_NtNtNtNtCs3IZHjdzq1Qw_14darwin_metrics8hardware5iokit22___mock_MockIOKit_IOKit26___get_heatsink_temperatureNtB6_6Common8withf_stpEBe_
FN:74,_RINvMs4_NtNtNtNtCs3IZHjdzq1Qw_14darwin_metrics8hardware5iokit22___mock_MockIOKit_IOKit30___io_registry_entry_get_parentNtB6_6Common4withpEBe_
FN:74,_RINvMs4_NtNtNtNtCs3IZHjdzq1Qw_14darwin_metrics8hardware5iokit22___mock_MockIOKit_IOKit30___io_registry_entry_get_parentNtB6_6Common5timespEBe_
FN:74,_RINvMs4_NtNtNtNtCs3IZHjdzq1Qw_14darwin_metrics8hardware5iokit22___mock_MockIOKit_IOKit30___io_registry_entry_get_parentNtB6_6Common5withfpEBe_
FN:74,_RINvMs4_NtNtNtNtCs3IZHjdzq1Qw_14darwin_metrics8hardware5iokit22___mock_MockIOKit_IOKit30___io_registry_entry_get_parentNtB6_6Common8withf_stpEBe_
FN:74,_RINvMs4_NtNtNtNtCs3IZHjdzq1Qw_14darwin_metrics8hardware5iokit22___mock_MockIOKit_IOKit33___io_service_get_matching_serviceNtB6_6Common4withpEBe_
FN:74,_RINvMs4_NtNtNtNtCs3IZHjdzq1Qw_14darwin_metrics8hardware5iokit22___mock_MockIOKit_IOKit33___io_service_get_matching_serviceNtB6_6Common5timespEBe_
FN:74,_RINvMs4_NtNtNtNtCs3IZHjdzq1Qw_14darwin_metrics8hardware5iokit22___mock_MockIOKit_IOKit33___io_service_get_matching_serviceNtB6_6Common5withfpEBe_
FN:74,_RINvMs4_NtNtNtNtCs3IZHjdzq1Qw_14darwin_metrics8hardware5iokit22___mock_MockIOKit_IOKit33___io_service_get_matching_serviceNtB6_6Common8withf_stpEBe_
FN:74,_RINvMs4_NtNtNtNtCs3IZHjdzq1Qw_14darwin_metrics8hardware5iokit22___mock_MockIOKit_IOKit40___io_registry_entry_create_cf_propertiesNtB6_6Common4withpEBe_
FN:74,_RINvMs4_NtNtNtNtCs3IZHjdzq1Qw_14darwin_metrics8hardware5iokit22___mock_MockIOKit_IOKit40___io_registry_entry_create_cf_propertiesNtB6_6Common5timespEBe_
FN:74,_RINvMs4_NtNtNtNtCs3IZHjdzq1Qw_14darwin_metrics8hardware5iokit22___mock_MockIOKit_IOKit40___io_registry_entry_create_cf_propertiesNtB6_6Common5withfpEBe_
FN:74,_RINvMs4_NtNtNtNtCs3IZHjdzq1Qw_14darwin_metrics8hardware5iokit22___mock_MockIOKit_IOKit40___io_registry_entry_create_cf_propertiesNtB6_6Common8withf_stpEBe_
FN:74,_RINvMs6_NtNtNtNtCs3IZHjdzq1Qw_14darwin_metrics8hardware5iokit22___mock_MockIOKit_IOKit13___get_serviceNtB6_11Expectation11return_oncepEBe_
FN:74,_RINvMs6_NtNtNtNtCs3IZHjdzq1Qw_14darwin_metrics8hardware5iokit22___mock_MockIOKit_IOKit13___get_serviceNtB6_11Expectation12returning_stpEBe_
FN:74,_RINvMs6_NtNtNtNtCs3IZHjdzq1Qw_14darwin_metrics8hardware5iokit22___mock_MockIOKit_IOKit13___get_serviceNtB6_11Expectation14return_once_stpEBe_
FN:74,_RINvMs6_NtNtNtNtCs3IZHjdzq1Qw_14darwin_metrics8hardware5iokit22___mock_MockIOKit_IOKit13___get_serviceNtB6_11Expectation4withpEBe_
FN:74,_RINvMs6_NtNtNtNtCs3IZHjdzq1Qw_14darwin_metrics8hardware5iokit22___mock_MockIOKit_IOKit13___get_serviceNtB6_11Expectation5timespEBe_
FN:74,_RINvMs6_NtNtNtNtCs3IZHjdzq1Qw_14darwin_metrics8hardware5iokit22___mock_MockIOKit_IOKit13___get_serviceNtB6_11Expectation5withfpEBe_
FN:74,_RINvMs6_NtNtNtNtCs3IZHjdzq1Qw_14darwin_metrics8hardware5iokit22___mock_MockIOKit_IOKit13___get_serviceNtB6_11Expectation8withf_stpEBe_
FN:74,_RINvMs6_NtNtNtNtCs3IZHjdzq1Qw_14darwin_metrics8hardware5iokit22___mock_MockIOKit_IOKit14___get_all_fansNtB6_11Expectation11return_oncepEBe_
FN:74,_RINvMs6_NtNtNtNtCs3IZHjdzq1Qw_14darwin_metrics8hardware5iokit22___mock_MockIOKit_IOKit14___get_all_fansNtB6_11Expectation12returning_stpEBe_
FN:74,_RINvMs6_NtNtNtNtCs3IZHjdzq1Qw_14darwin_metrics8hardware5iokit22___mock_MockIOKit_IOKit14___get_all_fansNtB6_11Expectation14return_once_stpEBe_
FN:74,_RINvMs6_NtNtNtNtCs3IZHjdzq1Qw_14darwin_metrics8hardware5iokit22___mock_MockIOKit_IOKit14___get_all_fansNtB6_11Expectation5timespEBe_
FN:74,_RINvMs6_NtNtNtNtCs3IZHjdzq1Qw_14darwin_metrics8hardware5iokit22___mock_MockIOKit_IOKit14___get_all_fansNtB6_11Expectation5withfpEBe_
FN:74,_RINvMs6_NtNtNtNtCs3IZHjdzq1Qw_14darwin_metrics8hardware5iokit22___mock_MockIOKit_IOKit14___get_all_fansNtB6_11Expectation8withf_stpEBe_
FN:74,_RINvMs6_NtNtNtNtCs3IZHjdzq1Qw_14darwin_metrics8hardware5iokit22___mock_MockIOKit_IOKit14___get_all_fansNtB6_11Expectation9returningpEBe_
FN:74,_RINvMs6_NtNtNtNtCs3IZHjdzq1Qw_14darwin_metrics8hardware5iokit22___mock_MockIOKit_IOKit14___get_fan_infoNtB6_11Expectation11return_oncepEBe_
FN:74,_RINvMs6_NtNtNtNtCs3IZHjdzq1Qw_14darwin_metrics8hardware5iokit22___mock_MockIOKit_IOKit14___get_fan_infoNtB6_11Expectation12returning_stpEBe_
FN:74,_RINvMs6_NtNtNtNtCs3IZHjdzq1Qw_14darwin_metrics8hardware5iokit22___mock_MockIOKit_IOKit14___get_fan_infoNtB6_11Expectation14return_once_stpEBe_
FN:74,_RINvMs6_NtNtNtNtCs3IZHjdzq1Qw_14darwin_metrics8hardware5iokit22___mock_MockIOKit_IOKit14___get_fan_infoNtB6_11Expectation4withpEBe_
FN:74,_RINvMs6_NtNtNtNtCs3IZHjdzq1Qw_14darwin_metrics8hardware5iokit22___mock_MockIOKit_IOKit14___get_fan_infoNtB6_11Expectation5timespEBe_
FN:74,_RINvMs6_NtNtNtNtCs3IZHjdzq1Qw_14darwin_metrics8hardware5iokit22___mock_MockIOKit_IOKit14___get_fan_infoNtB6_11Expectation5withfpEBe_
FN:74,_RINvMs6_NtNtNtNtCs3IZHjdzq1Qw_14darwin_metrics8hardware5iokit22___mock_MockIOKit_IOKit14___get_fan_infoNtB6_11Expectation8withf_stpEBe_
FN:74,_RINvMs6_NtNtNtNtCs3IZHjdzq1Qw_14darwin_metrics8hardware5iokit22___mock_MockIOKit_IOKit14___get_fan_infoNtB6_11Expectation9returningpEBe_
FN:74,_RINvMs6_NtNtNtNtCs3IZHjdzq1Qw_14darwin_metrics8hardware5iokit22___mock_MockIOKit_IOKit15___get_cpu_powerNtB6_11Expectation11return_oncepEBe_
FN:74,_RINvMs6_NtNtNtNtCs3IZHjdzq1Qw_14darwin_metrics8hardware5iokit22___mock_MockIOKit_IOKit15___get_cpu_powerNtB6_11Expectation12returning_stpEBe_
FN:74,_RINvMs6_NtNtNtNtCs3IZHjdzq1Qw_14darwin_metrics8hardware5iokit22___mock_MockIOKit_IOKit15___get_cpu_powerNtB6_11Expectation14return_once_stpEBe_
FN:74,_RINvMs6_NtNtNtNtCs3IZHjdzq1Qw_14darwin_metrics8hardware5iokit22___mock_MockIOKit_IOKit15___get_cpu_powerNtB6_11Expectation5timespEBe_
FN:74,_RINvMs6_NtNtNtNtCs3IZHjdzq1Qw_14darwin_metrics8hardware5iokit22___mock_MockIOKit_IOKit15___get_cpu_powerNtB6_11Expectation5withfpEBe_
FN:74,_RINvMs6_NtNtNtNtCs3IZHjdzq1Qw_14darwin_metrics8hardware5iokit22___mock_MockIOKit_IOKit15___get_cpu_powerNtB6_11Expectation8withf_stpEBe_
FN:74,_RINvMs6_NtNtNtNtCs3IZHjdzq1Qw_14darwin_metrics8hardware5iokit22___mock_MockIOKit_IOKit15___get_cpu_powerNtB6_11Expectation9returningpEBe_
FN:74,_RINvMs6_NtNtNtNtCs3IZHjdzq1Qw_14darwin_metrics8hardware5iokit22___mock_MockIOKit_IOKit15___get_fan_countNtB6_11Expectation11return_oncepEBe_
FN:74,_RINvMs6_NtNtNtNtCs3IZHjdzq1Qw_14darwin_metrics8hardware5iokit22___mock_MockIOKit_IOKit15___get_fan_countNtB6_11Expectation12returning_stpEBe_
FN:74,_RINvMs6_NtNtNtNtCs3IZHjdzq1Qw_14darwin_metrics8hardware5iokit22___mock_MockIOKit_IOKit15___get_fan_countNtB6_11Expectation14return_once_stpEBe_
FN:74,_RINvMs6_NtNtNtNtCs3IZHjdzq1Qw_14darwin_metrics8hardware5iokit22___mock_MockIOKit_IOKit15___get_fan_countNtB6_11Expectation5timespEBe_
FN:74,_RINvMs6_NtNtNtNtCs3IZHjdzq1Qw_14darwin_metrics8hardware5iokit22___mock_MockIOKit_IOKit15___get_fan_countNtB6_11Expectation5withfpEBe_
FN:74,_RINvMs6_NtNtNtNtCs3IZHjdzq1Qw_14darwin_metrics8hardware5iokit22___mock_MockIOKit_IOKit15___get_fan_countNtB6_11Expectation8withf_stpEBe_
FN:74,_RINvMs6_NtNtNtNtCs3IZHjdzq1Qw_14darwin_metrics8hardware5iokit22___mock_MockIOKit_IOKit15___get_fan_countNtB6_11Expectation9returningpEBe_
FN:74,_RINvMs6_NtNtNtNtCs3IZHjdzq1Qw_14darwin_metrics8hardware5iokit22___mock_MockIOKit_IOKit15___get_fan_speedNtB6_11Expectation11return_oncepEBe_
FN:74,_RINvMs6_NtNtNtNtCs3IZHjdzq1Qw_14darwin_metrics8hardware5iokit22___mock_MockIOKit_IOKit15___get_fan_speedNtB6_11Expectation12returning_stpEBe_
FN:74,_RINvMs6_NtNtNtNtCs3IZHjdzq1Qw_14darwin_metrics8hardware5iokit22___mock_MockIOKit_IOKit15___get_fan_speedNtB6_11Expectation14return_once_stpEBe_
FN:74,_RINvMs6_NtNtNtNtCs3IZHjdzq1Qw_14darwin_metrics8hardware5iokit22___mock_MockIOKit_IOKit15___get_fan_speedNtB6_11Expectation5timespEBe_
FN:74,_RINvMs6_NtNtNtNtCs3IZHjdzq1Qw_14darwin_metrics8hardware5iokit22___mock_MockIOKit_IOKit15___get_fan_speedNtB6_11Expectation5withfpEBe_
FN:74,_RINvMs6_NtNtNtNtCs3IZHjdzq1Qw_14darwin_metrics8hardware5iokit22___mock_MockIOKit_IOKit15___get_fan_speedNtB6_11Expectation8withf_stpEBe_
FN:74,_RINvMs6_NtNtNtNtCs3IZHjdzq1Qw_14darwin_metrics8hardware5iokit22___mock_MockIOKit_IOKit15___get_fan_speedNtB6_11Expectation9returningpEBe_
FN:74,_RINvMs6_NtNtNtNtCs3IZHjdzq1Qw_14darwin_metrics8hardware5iokit22___mock_MockIOKit_IOKit15___get_gpu_statsNtB6_11Expectation11return_oncepEBe_
FN:74,_RINvMs6_NtNtNtNtCs3IZHjdzq1Qw_14darwin_metrics8hardware5iokit22___mock_MockIOKit_IOKit15___get_gpu_statsNtB6_11Expectation12returning_stpEBe_
FN:74,_RINvMs6_NtNtNtNtCs3IZHjdzq1Qw_14darwin_metrics8hardware5iokit22___mock_MockIOKit_IOKit15___get_gpu_statsNtB6_11Expectation14return_once_stpEBe_
FN:74,_RINvMs6_NtNtNtNtCs3IZHjdzq1Qw_14darwin_metrics8hardware5iokit22___mock_MockIOKit_IOKit15___get_gpu_statsNtB6_11Expectation5withfpEBe_
FN:74,_RINvMs6_NtNtNtNtCs3IZHjdzq1Qw_14darwin_metrics8hardware5iokit22___mock_MockIOKit_IOKit15___get_gpu_statsNtB6_11Expectation8withf_stpEBe_
FN:74,_RINvMs6_NtNtNtNtCs3IZHjdzq1Qw_14darwin_metrics8hardware5iokit22___mock_MockIOKit_IOKit18___get_thermal_infoNtB6_11Expectation11return_oncepEBe_
FN:74,_RINvMs6_NtNtNtNtCs3IZHjdzq1Qw_14darwin_metrics8hardware5iokit22___mock_MockIOKit_IOKit18___get_thermal_infoNtB6_11Expectation12returning_stpEBe_
FN:74,_RINvMs6_NtNtNtNtCs3IZHjdzq1Qw_14darwin_metrics8hardware5iokit22___mock_MockIOKit_IOKit18___get_thermal_infoNtB6_11Expectation14return_once_stpEBe_
FN:74,_RINvMs6_NtNtNtNtCs3IZHjdzq1Qw_14darwin_metrics8hardware5iokit22___mock_MockIOKit_IOKit18___get_thermal_infoNtB6_11Expectation5timespEBe_
FN:74,_RINvMs6_NtNtNtNtCs3IZHjdzq1Qw_14darwin_metrics8hardware5iokit22___mock_MockIOKit_IOKit18___get_thermal_infoNtB6_11Expectation5withfpEBe_
FN:74,_RINvMs6_NtNtNtNtCs3IZHjdzq1Qw_14darwin_metrics8hardware5iokit22___mock_MockIOKit_IOKit18___get_thermal_infoNtB6_11Expectation8withf_stpEBe_
FN:74,_RINvMs6_NtNtNtNtCs3IZHjdzq1Qw_14darwin_metrics8hardware5iokit22___mock_MockIOKit_IOKit18___get_thermal_infoNtB6_11Expectation9returningpEBe_
FN:74,_RINvMs6_NtNtNtNtCs3IZHjdzq1Qw_14darwin_metrics8hardware5iokit22___mock_MockIOKit_IOKit19___get_bool_propertyNtB6_11Expectation11return_oncepEBe_
FN:74,_RINvMs6_NtNtNtNtCs3IZHjdzq1Qw_14darwin_metrics8hardware5iokit22___mock_MockIOKit_IOKit19___get_bool_propertyNtB6_11Expectation12returning_stpEBe_
FN:74,_RINvMs6_NtNtNtNtCs3IZHjdzq1Qw_14darwin_metrics8hardware5iokit22___mock_MockIOKit_IOKit19___get_bool_propertyNtB6_11Expectation14return_once_stpEBe_
FN:74,_RINvMs6_NtNtNtNtCs3IZHjdzq1Qw_14darwin_metrics8hardware5iokit22___mock_MockIOKit_IOKit19___get_bool_propertyNtB6_11Expectation4withppEBe_
FN:74,_RINvMs6_NtNtNtNtCs3IZHjdzq1Qw_14darwin_metrics8hardware5iokit22___mock_MockIOKit_IOKit19___get_bool_propertyNtB6_11Expectation5timespEBe_
FN:74,_RINvMs6_NtNtNtNtCs3IZHjdzq1Qw_14darwin_metrics8hardware5iokit22___mock_MockIOKit_IOKit19___get_bool_propertyNtB6_11Expectation5withfpEBe_
FN:74,_RINvMs6_NtNtNtNtCs3IZHjdzq1Qw_14darwin_metrics8hardware5iokit22___mock_MockIOKit_IOKit19___get_bool_propertyNtB6_11Expectation8withf_stpEBe_
FN:74,_RINvMs6_NtNtNtNtCs3IZHjdzq1Qw_14darwin_metrics8hardware5iokit22___mock_MockIOKit_IOKit19___get_bool_propertyNtB6_11Expectation9returningpEBe_
FN:74,_RINvMs6_NtNtNtNtCs3IZHjdzq1Qw_14darwin_metrics8hardware5iokit22___mock_MockIOKit_IOKit19___get_dict_propertyNtB6_11Expectation11return_oncepEBe_
FN:74,_RINvMs6_NtNtNtNtCs3IZHjdzq1Qw_14darwin_metrics8hardware5iokit22___mock_MockIOKit_IOKit19___get_dict_propertyNtB6_11Expectation12returning_stpEBe_
FN:74,_RINvMs6_NtNtNtNtCs3IZHjdzq1Qw_14darwin_metrics8hardware5iokit22___mock_MockIOKit_IOKit19___get_dict_propertyNtB6_11Expectation14return_once_stpEBe_
FN:74,_RINvMs6_NtNtNtNtCs3IZHjdzq1Qw_14darwin_metrics8hardware5iokit22___mock_MockIOKit_IOKit19___get_dict_propertyNtB6_11Expectation4withppEBe_
FN:74,_RINvMs6_NtNtNtNtCs3IZHjdzq1Qw_14darwin_metrics8hardware5iokit22___mock_MockIOKit_IOKit19___get_dict_propertyNtB6_11Expectation5timespEBe_
[...]
DA:442,1
DA:443,431
DA:444,431
DA:445,431
DA:446,431
DA:450,1
DA:451,431
DA:452,431
DA:453,431
DA:454,0
DA:455,0
DA:456,0
DA:457,431
DA:458,431
DA:459,373
DA:460,373
DA:463,0
DA:467,1
DA:468,1
DA:471,374
DA:472,373
DA:473,373
DA:474,373
DA:478,432
DA:479,431
DA:482,431
DA:484,58
DA:485,58
DA:486,58
DA:487,58
DA:489,408
DA:492,1
DA:493,1
DA:494,1
DA:495,1
DA:496,1
DA:500,0
DA:501,0
DA:502,0
DA:503,0
DA:504,0
DA:505,0
DA:506,0
DA:507,0
DA:508,0
DA:509,0
DA:510,0
DA:511,0
DA:512,0
DA:516,862
DA:517,862
DA:518,862
DA:519,862
DA:520,862
DA:521,862
DA:522,862
DA:523,862
DA:524,862
DA:525,862
DA:526,862
DA:527,862
DA:528,862
DA:538,0
DA:539,0
DA:540,0
DA:544,0
DA:545,0
DA:546,0
DA:547,0
DA:548,0
DA:549,0
DA:550,0
DA:554,0
DA:555,0
DA:556,0
DA:557,0
DA:558,0
DA:559,0
DA:560,0
DA:566,0
DA:567,0
DA:569,0
DA:570,0
DA:571,0
DA:572,0
DA:573,0
DA:575,0
DA:577,0
DA:578,0
DA:579,0
DA:581,0
DA:582,0
DA:584,0
DA:585,0
DA:586,0
DA:587,0
DA:588,0
DA:590,0
DA:593,0
DA:596,0
DA:598,0
DA:608,1
DA:609,1
DA:610,1
DA:611,1
DA:612,1
DA:613,1
DA:614,1
DA:615,1
DA:616,1
DA:617,1
DA:618,1
DA:619,1
DA:620,1
DA:623,1
DA:624,1
DA:625,1
DA:626,1
DA:627,1
DA:628,1
DA:629,1
DA:630,0
DA:631,0
DA:632,1
DA:633,1
DA:634,1
DA:635,1
DA:636,1
DA:637,1
DA:638,1
DA:639,973
DA:640,1
DA:641,1
DA:642,1
DA:643,1
DA:644,1
DA:645,1
DA:646,1
DA:647,1
DA:648,1
DA:649,1
DA:650,1
DA:653,1
DA:654,1
DA:655,1
DA:656,1
DA:657,1
DA:658,1
DA:659,1
DA:660,1
DA:661,1
DA:662,1
DA:663,1
DA:664,1
DA:665,1
DA:666,1
DA:667,1
DA:668,1
DA:669,1
DA:670,1
DA:671,1
DA:672,1
DA:673,1
DA:674,1
DA:675,1
DA:676,1
DA:677,1
DA:678,1
DA:679,1
DA:682,1
DA:683,1
DA:684,1
DA:685,1
DA:686,1
DA:687,1
DA:688,0
DA:689,0
DA:690,0
DA:691,0
DA:692,0
DA:693,1
DA:694,1
DA:695,1
DA:696,1
DA:697,1
DA:698,1
DA:699,0
DA:700,0
DA:701,0
DA:702,1
DA:703,1
DA:704,1
DA:705,1
DA:706,1
DA:707,1
DA:708,1
DA:709,1
DA:710,374
DA:711,0
DA:712,0
DA:713,0
DA:714,1
DA:715,1
DA:716,1
DA:717,1
DA:718,1
DA:719,1
DA:720,1
DA:721,1
DA:722,1
DA:723,1
DA:724,1
BRF:0
BRH:0
LF:590
LH:402
end_of_record
SF:/Users/smeya/git/darwin-metrics/src/system/mod.rs
FN:57,_RNCNvNtCs3IZHjdzq1Qw_14darwin_metrics6system19detect_architecture0B5_
FN:58,_RNCNvNtCs3IZHjdzq1Qw_14darwin_metrics6system19detect_architectures_0B5_
FN:72,_RNvNtCs3IZHjdzq1Qw_14darwin_metrics6system18get_system_metrics
FN:34,_RNvNtCs3IZHjdzq1Qw_14darwin_metrics6system19detect_architecture
FN:22,_RNvXNtCs3IZHjdzq1Qw_14darwin_metrics6systemNtNtB4_5error5ErrorINtNtCs4P3ALgZxGbJ_4core7convert4FromNtB2_17ArchitectureErrorE4from
FN:57,_RNCNvNtCsiFtB4djRvCu_14darwin_metrics6system19detect_architecture0B5_
FN:58,_RNCNvNtCsiFtB4djRvCu_14darwin_metrics6system19detect_architectures_0B5_
FN:72,_RNvNtCsiFtB4djRvCu_14darwin_metrics6system18get_system_metrics
FN:34,_RNvNtCsiFtB4djRvCu_14darwin_metrics6system19detect_architecture
FN:22,_RNvXNtCsiFtB4djRvCu_14darwin_metrics6systemNtNtB4_5error5ErrorINtNtCs4P3ALgZxGbJ_4core7convert4FromNtB2_17ArchitectureErrorE4from
FNDA:0,_RNCNvNtCs3IZHjdzq1Qw_14darwin_metrics6system19detect_architecture0B5_
FNDA:0,_RNCNvNtCs3IZHjdzq1Qw_14darwin_metrics6system19detect_architectures_0B5_
FNDA:0,_RNvNtCs3IZHjdzq1Qw_14darwin_metrics6system18get_system_metrics
FNDA:0,_RNvNtCs3IZHjdzq1Qw_14darwin_metrics6system19detect_architecture
FNDA:0,_RNvXNtCs3IZHjdzq1Qw_14darwin_metrics6systemNtNtB4_5error5ErrorINtNtCs4P3ALgZxGbJ_4core7convert4FromNtB2_17ArchitectureErrorE4from
FNDA:0,_RNCNvNtCsiFtB4djRvCu_14darwin_metrics6system19detect_architecture0B5_
FNDA:0,_RNCNvNtCsiFtB4djRvCu_14darwin_metrics6system19detect_architectures_0B5_
FNDA:0,_RNvNtCsiFtB4djRvCu_14darwin_metrics6system18get_system_metrics
FNDA:0,_RNvNtCsiFtB4djRvCu_14darwin_metrics6system19detect_architecture
FNDA:0,_RNvXNtCsiFtB4djRvCu_14darwin_metrics6systemNtNtB4_5error5ErrorINtNtCs4P3ALgZxGbJ_4core7convert4FromNtB2_17ArchitectureErrorE4from
FNF:5
FNH:0
DA:22,0
DA:23,0
DA:24,0
DA:34,0
DA:35,0
DA:36,0
DA:37,0
DA:38,0
DA:39,0
DA:40,0
DA:41,0
DA:42,0
DA:43,0
DA:44,0
DA:45,0
DA:46,0
DA:47,0
DA:48,0
DA:49,0
DA:50,0
DA:51,0
DA:53,0
DA:54,0
DA:56,0
DA:57,0
DA:58,0
DA:60,0
DA:61,0
DA:62,0
DA:63,0
DA:66,0
DA:72,0
DA:73,0
DA:74,0
DA:75,0
BRF:0
BRH:0
LF:37
LH:0
end_of_record
SF:/Users/smeya/git/darwin-metrics/src/utils/bindings.rs
FN:568,_RNvNtNtCs3IZHjdzq1Qw_14darwin_metrics5utils8bindings17is_system_process
FN:282,_RNvXNtNtCs3IZHjdzq1Qw_14darwin_metrics5utils8bindingsNtB2_17SMCKeyData_t_dataNtNtCs4P3ALgZxGbJ_4core5clone5Clone5clone
FN:306,_RNvXs0_NtNtCs3IZHjdzq1Qw_14darwin_metrics5utils8bindingsNtB5_12SMCKeyData_tNtNtCs4P3ALgZxGbJ_4core5clone5Clone5clone
FN:562,_RNCNvNtNtCs3IZHjdzq1Qw_14darwin_metrics5utils8bindings17extract_proc_name0B7_
FN:560,_RNvNtNtCs3IZHjdzq1Qw_14darwin_metrics5utils8bindings17extract_proc_name
FN:583,_RNvNtNtCs3IZHjdzq1Qw_14darwin_metrics5utils8bindings18smc_key_from_chars
FN:562,_RNCNvNtNtCsiFtB4djRvCu_14darwin_metrics5utils8bindings17extract_proc_name0B7_
FN:560,_RNvNtNtCsiFtB4djRvCu_14darwin_metrics5utils8bindings17extract_proc_name
FN:568,_RNvNtNtCsiFtB4djRvCu_14darwin_metrics5utils8bindings17is_system_process
FN:583,_RNvNtNtCsiFtB4djRvCu_14darwin_metrics5utils8bindings18smc_key_from_chars
FN:282,_RNvXNtNtCsiFtB4djRvCu_14darwin_metrics5utils8bindingsNtB2_17SMCKeyData_t_dataNtNtCs4P3ALgZxGbJ_4core5clone5Clone5clone
FN:306,_RNvXs0_NtNtCsiFtB4djRvCu_14darwin_metrics5utils8bindingsNtB5_12SMCKeyData_tNtNtCs4P3ALgZxGbJ_4core5clone5Clone5clone
FNDA:0,_RNvNtNtCs3IZHjdzq1Qw_14darwin_metrics5utils8bindings17is_system_process
FNDA:0,_RNvXNtNtCs3IZHjdzq1Qw_14darwin_metrics5utils8bindingsNtB2_17SMCKeyData_t_dataNtNtCs4P3ALgZxGbJ_4core5clone5Clone5clone
FNDA:0,_RNvXs0_NtNtCs3IZHjdzq1Qw_14darwin_metrics5utils8bindingsNtB5_12SMCKeyData_tNtNtCs4P3ALgZxGbJ_4core5clone5Clone5clone
FNDA:1191,_RNCNvNtNtCs3IZHjdzq1Qw_14darwin_metrics5utils8bindings17extract_proc_name0B7_
FNDA:973,_RNvNtNtCs3IZHjdzq1Qw_14darwin_metrics5utils8bindings17extract_proc_name
FNDA:1,_RNvNtNtCs3IZHjdzq1Qw_14darwin_metrics5utils8bindings18smc_key_from_chars
FNDA:0,_RNCNvNtNtCsiFtB4djRvCu_14darwin_metrics5utils8bindings17extract_proc_name0B7_
FNDA:0,_RNvNtNtCsiFtB4djRvCu_14darwin_metrics5utils8bindings17extract_proc_name
FNDA:0,_RNvNtNtCsiFtB4djRvCu_14darwin_metrics5utils8bindings17is_system_process
FNDA:0,_RNvNtNtCsiFtB4djRvCu_14darwin_metrics5utils8bindings18smc_key_from_chars
FNDA:0,_RNvXNtNtCsiFtB4djRvCu_14darwin_metrics5utils8bindingsNtB2_17SMCKeyData_t_dataNtNtCs4P3ALgZxGbJ_4core5clone5Clone5clone
FNDA:0,_RNvXs0_NtNtCsiFtB4djRvCu_14darwin_metrics5utils8bindingsNtB5_12SMCKeyData_tNtNtCs4P3ALgZxGbJ_4core5clone5Clone5clone
FNF:6
FNH:3
DA:282,0
DA:283,0
DA:284,0
DA:306,0
DA:307,0
DA:308,0
DA:560,973
DA:561,973
DA:562,1191
DA:563,973
DA:564,973
DA:565,973
DA:568,0
DA:569,0
DA:570,0
DA:571,0
DA:572,0
DA:573,0
DA:574,0
DA:575,0
DA:576,0
DA:577,0
DA:578,0
DA:579,0
DA:580,0
DA:583,1
DA:584,1
DA:585,5
DA:586,4
DA:587,4
DA:588,1
DA:589,1
BRF:0
BRH:0
LF:33
LH:14
end_of_record
SF:/Users/smeya/git/darwin-metrics/src/utils/mod.rs
FN:72,_RINvNtCs3IZHjdzq1Qw_14darwin_metrics5utils14objc_safe_execppEB4_
FN:64,_RINvNtCs3IZHjdzq1Qw_14darwin_metrics5utils16autorelease_poolppEB4_
FN:68,_RNCINvNtCs3IZHjdzq1Qw_14darwin_metrics5utils16autorelease_poolppE0B6_
FN:147,_RNCNCNvNtCs3IZHjdzq1Qw_14darwin_metrics5utils8get_name00B7_
FN:146,_RNCNvNtCs3IZHjdzq1Qw_14darwin_metrics5utils8get_name0B5_
FN:54,_RNCNvYpNtNtCs3IZHjdzq1Qw_14darwin_metrics5utils13PropertyUtils17get_bool_property0B9_
FN:55,_RNCNvYpNtNtCs3IZHjdzq1Qw_14darwin_metrics5utils13PropertyUtils17get_bool_propertys_0B9_
FN:47,_RNCNvYpNtNtCs3IZHjdzq1Qw_14darwin_metrics5utils13PropertyUtils19get_number_property0B9_
FN:48,_RNCNvYpNtNtCs3IZHjdzq1Qw_14darwin_metrics5utils13PropertyUtils19get_number_propertys_0B9_
FN:40,_RNCNvYpNtNtCs3IZHjdzq1Qw_14darwin_metrics5utils13PropertyUtils19get_string_property0B9_
FN:41,_RNCNvYpNtNtCs3IZHjdzq1Qw_14darwin_metrics5utils13PropertyUtils19get_string_propertys_0B9_
FN:94,_RNvNtCs3IZHjdzq1Qw_14darwin_metrics5utils15c_str_to_string
FN:113,_RNvNtCs3IZHjdzq1Qw_14darwin_metrics5utils17raw_str_to_string
FN:133,_RNvNtCs3IZHjdzq1Qw_14darwin_metrics5utils20raw_f64_slice_to_vec
FN:141,_RNvNtCs3IZHjdzq1Qw_14darwin_metrics5utils8get_name
FN:51,_RNvYpNtNtCs3IZHjdzq1Qw_14darwin_metrics5utils13PropertyUtils17get_bool_propertyB7_
FN:44,_RNvYpNtNtCs3IZHjdzq1Qw_14darwin_metrics5utils13PropertyUtils19get_number_propertyB7_
FN:37,_RNvYpNtNtCs3IZHjdzq1Qw_14darwin_metrics5utils13PropertyUtils19get_string_propertyB7_
FN:94,_RNvNtCsiFtB4djRvCu_14darwin_metrics5utils15c_str_to_string
FN:113,_RNvNtCsiFtB4djRvCu_14darwin_metrics5utils17raw_str_to_string
FN:133,_RNvNtCsiFtB4djRvCu_14darwin_metrics5utils20raw_f64_slice_to_vec
FN:141,_RNvNtCsiFtB4djRvCu_14darwin_metrics5utils8get_name
FN:54,_RNCNvYpNtNtCsiFtB4djRvCu_14darwin_metrics5utils13PropertyUtils17get_bool_property0B9_
FN:55,_RNCNvYpNtNtCsiFtB4djRvCu_14darwin_metrics5utils13PropertyUtils17get_bool_propertys_0B9_
FN:47,_RNCNvYpNtNtCsiFtB4djRvCu_14darwin_metrics5utils13PropertyUtils19get_number_property0B9_
FN:48,_RNCNvYpNtNtCsiFtB4djRvCu_14darwin_metrics5utils13PropertyUtils19get_number_propertys_0B9_
FN:40,_RNCNvYpNtNtCsiFtB4djRvCu_14darwin_metrics5utils13PropertyUtils19get_string_property0B9_
FN:41,_RNCNvYpNtNtCsiFtB4djRvCu_14darwin_metrics5utils13PropertyUtils19get_string_propertys_0B9_
FN:51,_RNvYpNtNtCsiFtB4djRvCu_14darwin_metrics5utils13PropertyUtils17get_bool_propertyB7_
FN:44,_RNvYpNtNtCsiFtB4djRvCu_14darwin_metrics5utils13PropertyUtils19get_number_propertyB7_
FN:37,_RNvYpNtNtCsiFtB4djRvCu_14darwin_metrics5utils13PropertyUtils19get_string_propertyB7_
FN:72,_RINvNtCsiFtB4djRvCu_14darwin_metrics5utils14objc_safe_execNtNtCsaxtFaqkp5wQ_5alloc6string6StringNCNCNvB2_8get_name00EB4_
FN:64,_RINvNtCsiFtB4djRvCu_14darwin_metrics5utils16autorelease_poolINtNtCs4P3ALgZxGbJ_4core6result6ResultNtNtCsaxtFaqkp5wQ_5alloc6string6StringNtNtB4_5error5ErrorENCNvB2_8get_name0EB4_
FN:68,_RNCINvNtCsiFtB4djRvCu_14darwin_metrics5utils16autorelease_poolINtNtCs4P3ALgZxGbJ_4core6result6ResultNtNtCsaxtFaqkp5wQ_5alloc6string6StringNtNtB6_5error5ErrorENCNvB4_8get_name0E0B6_
FN:146,_RNCNvNtCsiFtB4djRvCu_14darwin_metrics5utils8get_name0B5_
FN:147,_RNCNCNvNtCsiFtB4djRvCu_14darwin_metrics5utils8get_name00B7_
FNDA:0,_RINvNtCs3IZHjdzq1Qw_14darwin_metrics5utils14objc_safe_execppEB4_
FNDA:0,_RINvNtCs3IZHjdzq1Qw_14darwin_metrics5utils16autorelease_poolppEB4_
FNDA:0,_RNCINvNtCs3IZHjdzq1Qw_14darwin_metrics5utils16autorelease_poolppE0B6_
FNDA:0,_RNCNCNvNtCs3IZHjdzq1Qw_14darwin_metrics5utils8get_name00B7_
FNDA:0,_RNCNvNtCs3IZHjdzq1Qw_14darwin_metrics5utils8get_name0B5_
FNDA:0,_RNCNvYpNtNtCs3IZHjdzq1Qw_14darwin_metrics5utils13PropertyUtils17get_bool_property0B9_
FNDA:0,_RNCNvYpNtNtCs3IZHjdzq1Qw_14darwin_metrics5utils13PropertyUtils17get_bool_propertys_0B9_
FNDA:0,_RNCNvYpNtNtCs3IZHjdzq1Qw_14darwin_metrics5utils13PropertyUtils19get_number_property0B9_
FNDA:0,_RNCNvYpNtNtCs3IZHjdzq1Qw_14darwin_metrics5utils13PropertyUtils19get_number_propertys_0B9_
FNDA:0,_RNCNvYpNtNtCs3IZHjdzq1Qw_14darwin_metrics5utils13PropertyUtils19get_string_property0B9_
FNDA:0,_RNCNvYpNtNtCs3IZHjdzq1Qw_14darwin_metrics5utils13PropertyUtils19get_string_propertys_0B9_
FNDA:0,_RNvNtCs3IZHjdzq1Qw_14darwin_metrics5utils15c_str_to_string
FNDA:0,_RNvNtCs3IZHjdzq1Qw_14darwin_metrics5utils17raw_str_to_string
FNDA:0,_RNvNtCs3IZHjdzq1Qw_14darwin_metrics5utils20raw_f64_slice_to_vec
FNDA:0,_RNvNtCs3IZHjdzq1Qw_14darwin_metrics5utils8get_name
FNDA:0,_RNvYpNtNtCs3IZHjdzq1Qw_14darwin_metrics5utils13PropertyUtils17get_bool_propertyB7_
FNDA:0,_RNvYpNtNtCs3IZHjdzq1Qw_14darwin_metrics5utils13PropertyUtils19get_number_propertyB7_
FNDA:0,_RNvYpNtNtCs3IZHjdzq1Qw_14darwin_metrics5utils13PropertyUtils19get_string_propertyB7_
FNDA:0,_RNvNtCsiFtB4djRvCu_14darwin_metrics5utils15c_str_to_string
FNDA:0,_RNvNtCsiFtB4djRvCu_14darwin_metrics5utils17raw_str_to_string
FNDA:0,_RNvNtCsiFtB4djRvCu_14darwin_metrics5utils20raw_f64_slice_to_vec
FNDA:0,_RNvNtCsiFtB4djRvCu_14darwin_metrics5utils8get_name
FNDA:0,_RNCNvYpNtNtCsiFtB4djRvCu_14darwin_metrics5utils13PropertyUtils17get_bool_property0B9_
FNDA:0,_RNCNvYpNtNtCsiFtB4djRvCu_14darwin_metrics5utils13PropertyUtils17get_bool_propertys_0B9_
FNDA:0,_RNCNvYpNtNtCsiFtB4djRvCu_14darwin_metrics5utils13PropertyUtils19get_number_property0B9_
FNDA:0,_RNCNvYpNtNtCsiFtB4djRvCu_14darwin_metrics5utils13PropertyUtils19get_number_propertys_0B9_
FNDA:0,_RNCNvYpNtNtCsiFtB4djRvCu_14darwin_metrics5utils13PropertyUtils19get_string_property0B9_
FNDA:0,_RNCNvYpNtNtCsiFtB4djRvCu_14darwin_metrics5utils13PropertyUtils19get_string_propertys_0B9_
FNDA:0,_RNvYpNtNtCsiFtB4djRvCu_14darwin_metrics5utils13PropertyUtils17get_bool_propertyB7_
FNDA:0,_RNvYpNtNtCsiFtB4djRvCu_14darwin_metrics5utils13PropertyUtils19get_number_propertyB7_
FNDA:0,_RNvYpNtNtCsiFtB4djRvCu_14darwin_metrics5utils13PropertyUtils19get_string_propertyB7_
FNDA:0,_RINvNtCsiFtB4djRvCu_14darwin_metrics5utils14objc_safe_execNtNtCsaxtFaqkp5wQ_5alloc6string6StringNCNCNvB2_8get_name00EB4_
FNDA:0,_RINvNtCsiFtB4djRvCu_14darwin_metrics5utils16autorelease_poolINtNtCs4P3ALgZxGbJ_4core6result6ResultNtNtCsaxtFaqkp5wQ_5alloc6string6StringNtNtB4_5error5ErrorENCNvB2_8get_name0EB4_
FNDA:0,_RNCINvNtCsiFtB4djRvCu_14darwin_metrics5utils16autorelease_poolINtNtCs4P3ALgZxGbJ_4core6result6ResultNtNtCsaxtFaqkp5wQ_5alloc6string6StringNtNtB6_5error5ErrorENCNvB4_8get_name0E0B6_
FNDA:0,_RNCNvNtCsiFtB4djRvCu_14darwin_metrics5utils8get_name0B5_
FNDA:0,_RNCNCNvNtCsiFtB4djRvCu_14darwin_metrics5utils8get_name00B7_
FNF:18
FNH:0
DA:37,0
DA:38,0
DA:39,0
DA:40,0
DA:41,0
DA:42,0
DA:44,0
DA:45,0
DA:46,0
DA:47,0
DA:48,0
DA:49,0
DA:51,0
DA:52,0
DA:53,0
DA:54,0
DA:55,0
DA:56,0
DA:64,0
DA:65,0
DA:66,0
DA:67,0
DA:68,0
DA:69,0
DA:72,0
DA:73,0
DA:74,0
DA:75,0
DA:76,0
DA:77,0
DA:78,0
DA:79,0
DA:81,0
DA:94,0
DA:95,0
DA:96,0
DA:97,0
DA:98,0
DA:99,0
DA:113,0
DA:114,0
DA:115,0
DA:116,0
DA:117,0
DA:118,0
DA:119,0
DA:133,0
DA:134,0
DA:135,0
DA:136,0
DA:137,0
DA:138,0
DA:141,0
DA:142,0
DA:143,0
DA:144,0
DA:145,0
DA:146,0
DA:147,0
DA:148,0
DA:149,0
DA:150,0
DA:151,0
DA:152,0
DA:153,0
DA:154,0
DA:155,0
DA:156,0
DA:157,0
DA:158,0
DA:159,0
DA:160,0
DA:161,0
DA:162,0
DA:163,0
DA:164,0
BRF:0
BRH:0
LF:87
LH:0
end_of_record
SF:/Users/smeya/git/darwin-metrics/src/utils/property_utils.rs
FN:22,_RNCNvYpNtNtNtCs3IZHjdzq1Qw_14darwin_metrics5utils14property_utils13PropertyUtils17get_bool_property0Bb_
FN:23,_RNCNvYpNtNtNtCs3IZHjdzq1Qw_14darwin_metrics5utils14property_utils13PropertyUtils17get_bool_propertys_0Bb_
FN:15,_RNCNvYpNtNtNtCs3IZHjdzq1Qw_14darwin_metrics5utils14property_utils13PropertyUtils19get_number_property0Bb_
FN:16,_RNCNvYpNtNtNtCs3IZHjdzq1Qw_14darwin_metrics5utils14property_utils13PropertyUtils19get_number_propertys_0Bb_
FN:8,_RNCNvYpNtNtNtCs3IZHjdzq1Qw_14darwin_metrics5utils14property_utils13PropertyUtils19get_string_property0Bb_
FN:9,_RNCNvYpNtNtNtCs3IZHjdzq1Qw_14darwin_metrics5utils14property_utils13PropertyUtils19get_string_propertys_0Bb_
FN:19,_RNvYpNtNtNtCs3IZHjdzq1Qw_14darwin_metrics5utils14property_utils13PropertyUtils17get_bool_propertyB9_
FN:12,_RNvYpNtNtNtCs3IZHjdzq1Qw_14darwin_metrics5utils14property_utils13PropertyUtils19get_number_propertyB9_
FN:5,_RNvYpNtNtNtCs3IZHjdzq1Qw_14darwin_metrics5utils14property_utils13PropertyUtils19get_string_propertyB9_
FN:22,_RNCNvYpNtNtNtCsiFtB4djRvCu_14darwin_metrics5utils14property_utils13PropertyUtils17get_bool_property0Bb_
FN:23,_RNCNvYpNtNtNtCsiFtB4djRvCu_14darwin_metrics5utils14property_utils13PropertyUtils17get_bool_propertys_0Bb_
FN:15,_RNCNvYpNtNtNtCsiFtB4djRvCu_14darwin_metrics5utils14property_utils13PropertyUtils19get_number_property0Bb_
FN:16,_RNCNvYpNtNtNtCsiFtB4djRvCu_14darwin_metrics5utils14property_utils13PropertyUtils19get_number_propertys_0Bb_
FN:8,_RNCNvYpNtNtNtCsiFtB4djRvCu_14darwin_metrics5utils14property_utils13PropertyUtils19get_string_property0Bb_
FN:9,_RNCNvYpNtNtNtCsiFtB4djRvCu_14darwin_metrics5utils14property_utils13PropertyUtils19get_string_propertys_0Bb_
FN:19,_RNvYpNtNtNtCsiFtB4djRvCu_14darwin_metrics5utils14property_utils13PropertyUtils17get_bool_propertyB9_
FN:12,_RNvYpNtNtNtCsiFtB4djRvCu_14darwin_metrics5utils14property_utils13PropertyUtils19get_number_propertyB9_
FN:5,_RNvYpNtNtNtCsiFtB4djRvCu_14darwin_metrics5utils14property_utils13PropertyUtils19get_string_propertyB9_
FNDA:0,_RNCNvYpNtNtNtCs3IZHjdzq1Qw_14darwin_metrics5utils14property_utils13PropertyUtils17get_bool_property0Bb_
FNDA:0,_RNCNvYpNtNtNtCs3IZHjdzq1Qw_14darwin_metrics5utils14property_utils13PropertyUtils17get_bool_propertys_0Bb_
FNDA:0,_RNCNvYpNtNtNtCs3IZHjdzq1Qw_14darwin_metrics5utils14property_utils13PropertyUtils19get_number_property0Bb_
FNDA:0,_RNCNvYpNtNtNtCs3IZHjdzq1Qw_14darwin_metrics5utils14property_utils13PropertyUtils19get_number_propertys_0Bb_
FNDA:0,_RNCNvYpNtNtNtCs3IZHjdzq1Qw_14darwin_metrics5utils14property_utils13PropertyUtils19get_string_property0Bb_
FNDA:0,_RNCNvYpNtNtNtCs3IZHjdzq1Qw_14darwin_metrics5utils14property_utils13PropertyUtils19get_string_propertys_0Bb_
FNDA:0,_RNvYpNtNtNtCs3IZHjdzq1Qw_14darwin_metrics5utils14property_utils13PropertyUtils17get_bool_propertyB9_
FNDA:0,_RNvYpNtNtNtCs3IZHjdzq1Qw_14darwin_metrics5utils14property_utils13PropertyUtils19get_number_propertyB9_
FNDA:0,_RNvYpNtNtNtCs3IZHjdzq1Qw_14darwin_metrics5utils14property_utils13PropertyUtils19get_string_propertyB9_
FNDA:0,_RNCNvYpNtNtNtCsiFtB4djRvCu_14darwin_metrics5utils14property_utils13PropertyUtils17get_bool_property0Bb_
FNDA:0,_RNCNvYpNtNtNtCsiFtB4djRvCu_14darwin_metrics5utils14property_utils13PropertyUtils17get_bool_propertys_0Bb_
FNDA:0,_RNCNvYpNtNtNtCsiFtB4djRvCu_14darwin_metrics5utils14property_utils13PropertyUtils19get_number_property0Bb_
FNDA:0,_RNCNvYpNtNtNtCsiFtB4djRvCu_14darwin_metrics5utils14property_utils13PropertyUtils19get_number_propertys_0Bb_
FNDA:0,_RNCNvYpNtNtNtCsiFtB4djRvCu_14darwin_metrics5utils14property_utils13PropertyUtils19get_string_property0Bb_
FNDA:0,_RNCNvYpNtNtNtCsiFtB4djRvCu_14darwin_metrics5utils14property_utils13PropertyUtils19get_string_propertys_0Bb_
FNDA:0,_RNvYpNtNtNtCsiFtB4djRvCu_14darwin_metrics5utils14property_utils13PropertyUtils17get_bool_propertyB9_
FNDA:0,_RNvYpNtNtNtCsiFtB4djRvCu_14darwin_metrics5utils14property_utils13PropertyUtils19get_number_propertyB9_
FNDA:0,_RNvYpNtNtNtCsiFtB4djRvCu_14darwin_metrics5utils14property_utils13PropertyUtils19get_string_propertyB9_
FNF:9
FNH:0
DA:5,0
DA:6,0
DA:7,0
DA:8,0
DA:9,0
DA:10,0
DA:12,0
DA:13,0
DA:14,0
DA:15,0
DA:16,0
DA:17,0
DA:19,0
DA:20,0
DA:21,0
DA:22,0
DA:23,0
DA:24,0
BRF:0
BRH:0
LF:24
LH:0
end_of_record
SF:/Users/smeya/git/darwin-metrics/src/utils/test_utils.rs
FN:10,_RNCNvNtNtCs3IZHjdzq1Qw_14darwin_metrics5utils10test_utils22create_test_dictionary0B7_
FN:9,_RNvNtNtCs3IZHjdzq1Qw_14darwin_metrics5utils10test_utils22create_test_dictionary
FN:19,_RNCNvNtNtCs3IZHjdzq1Qw_14darwin_metrics5utils10test_utils18create_test_object0B7_
FN:18,_RNvNtNtCs3IZHjdzq1Qw_14darwin_metrics5utils10test_utils18create_test_object
FN:19,_RNCNvNtNtCsiFtB4djRvCu_14darwin_metrics5utils10test_utils18create_test_object0B7_
FN:10,_RNCNvNtNtCsiFtB4djRvCu_14darwin_metrics5utils10test_utils22create_test_dictionary0B7_
FN:18,_RNvNtNtCsiFtB4djRvCu_14darwin_metrics5utils10test_utils18create_test_object
FN:9,_RNvNtNtCsiFtB4djRvCu_14darwin_metrics5utils10test_utils22create_test_dictionary
FNDA:0,_RNCNvNtNtCs3IZHjdzq1Qw_14darwin_metrics5utils10test_utils22create_test_dictionary0B7_
FNDA:0,_RNvNtNtCs3IZHjdzq1Qw_14darwin_metrics5utils10test_utils22create_test_dictionary
FNDA:0,_RNCNvNtNtCs3IZHjdzq1Qw_14darwin_metrics5utils10test_utils18create_test_object0B7_
FNDA:0,_RNvNtNtCs3IZHjdzq1Qw_14darwin_metrics5utils10test_utils18create_test_object
FNDA:0,_RNCNvNtNtCsiFtB4djRvCu_14darwin_metrics5utils10test_utils18create_test_object0B7_
FNDA:0,_RNCNvNtNtCsiFtB4djRvCu_14darwin_metrics5utils10test_utils22create_test_dictionary0B7_
FNDA:0,_RNvNtNtCsiFtB4djRvCu_14darwin_metrics5utils10test_utils18create_test_object
FNDA:0,_RNvNtNtCsiFtB4djRvCu_14darwin_metrics5utils10test_utils22create_test_dictionary
FNF:4
FNH:0
DA:9,0
DA:10,0
DA:11,0
DA:12,0
DA:13,0
DA:14,0
DA:15,0
DA:18,0
DA:19,0
DA:20,0
DA:21,0
DA:22,0
DA:23,0
BRF:0
BRH:0
LF:17
LH:0
end_of_record