SF:/Users/smeya/git/darwin-metrics/src/battery/mod.rs
FN:55,_RNvMs_NtCsgIYKoLsS5vp_14darwin_metrics7batteryNtB4_7Battery3new
FN:167,_RNvMs_NtCsgIYKoLsS5vp_14darwin_metrics7batteryNtB4_7Battery11is_critical
FN:144,_RNvMs_NtCsgIYKoLsS5vp_14darwin_metrics7batteryNtB4_7Battery11with_values
FN:186,_RNvMs_NtCsgIYKoLsS5vp_14darwin_metrics7batteryNtB4_7Battery14is_health_poor
FN:190,_RNvMs_NtCsgIYKoLsS5vp_14darwin_metrics7batteryNtB4_7Battery20has_high_cycle_count
FN:194,_RNvMs_NtCsgIYKoLsS5vp_14darwin_metrics7batteryNtB4_7Battery20power_source_display
FN:175,_RNvMs_NtCsgIYKoLsS5vp_14darwin_metrics7batteryNtB4_7Battery22time_remaining_display
FN:202,_RNvMs_NtCsgIYKoLsS5vp_14darwin_metrics7batteryNtB4_7Battery23is_temperature_critical
FN:171,_RNvMs_NtCsgIYKoLsS5vp_14darwin_metrics7batteryNtB4_7Battery6is_low
FN:66,_RNvMs_NtCsgIYKoLsS5vp_14darwin_metrics7batteryNtB4_7Battery6update
FN:128,_RNvMs_NtCsgIYKoLsS5vp_14darwin_metrics7batteryNtB4_7Battery8get_info
FN:44,_RNvXNtCsgIYKoLsS5vp_14darwin_metrics7batteryNtB2_7BatteryNtNtCs4P3ALgZxGbJ_4core7default7Default7default
FN:208,_RNvXs0_NtCsgIYKoLsS5vp_14darwin_metrics7batteryNtB5_7BatteryNtNtCs4P3ALgZxGbJ_4core5clone5Clone5clone
FN:224,_RNvXs1_NtCsgIYKoLsS5vp_14darwin_metrics7batteryNtB5_7BatteryNtNtCs4P3ALgZxGbJ_4core3cmp9PartialEq2eq
FN:167,_RNvMs_NtCs91f72AaJhYn_14darwin_metrics7batteryNtB4_7Battery11is_critical
FN:144,_RNvMs_NtCs91f72AaJhYn_14darwin_metrics7batteryNtB4_7Battery11with_values
FN:186,_RNvMs_NtCs91f72AaJhYn_14darwin_metrics7batteryNtB4_7Battery14is_health_poor
FN:190,_RNvMs_NtCs91f72AaJhYn_14darwin_metrics7batteryNtB4_7Battery20has_high_cycle_count
FN:194,_RNvMs_NtCs91f72AaJhYn_14darwin_metrics7batteryNtB4_7Battery20power_source_display
FN:175,_RNvMs_NtCs91f72AaJhYn_14darwin_metrics7batteryNtB4_7Battery22time_remaining_display
FN:202,_RNvMs_NtCs91f72AaJhYn_14darwin_metrics7batteryNtB4_7Battery23is_temperature_critical
FN:55,_RNvMs_NtCs91f72AaJhYn_14darwin_metrics7batteryNtB4_7Battery3new
FN:171,_RNvMs_NtCs91f72AaJhYn_14darwin_metrics7batteryNtB4_7Battery6is_low
FN:66,_RNvMs_NtCs91f72AaJhYn_14darwin_metrics7batteryNtB4_7Battery6update
FN:128,_RNvMs_NtCs91f72AaJhYn_14darwin_metrics7batteryNtB4_7Battery8get_info
FN:44,_RNvXNtCs91f72AaJhYn_14darwin_metrics7batteryNtB2_7BatteryNtNtCs4P3ALgZxGbJ_4core7default7Default7default
FN:208,_RNvXs0_NtCs91f72AaJhYn_14darwin_metrics7batteryNtB5_7BatteryNtNtCs4P3ALgZxGbJ_4core5clone5Clone5clone
FN:224,_RNvXs1_NtCs91f72AaJhYn_14darwin_metrics7batteryNtB5_7BatteryNtNtCs4P3ALgZxGbJ_4core3cmp9PartialEq2eq
FNDA:0,_RNvMs_NtCsgIYKoLsS5vp_14darwin_metrics7batteryNtB4_7Battery3new
FNDA:2,_RNvMs_NtCsgIYKoLsS5vp_14darwin_metrics7batteryNtB4_7Battery11is_critical
FNDA:18,_RNvMs_NtCsgIYKoLsS5vp_14darwin_metrics7batteryNtB4_7Battery11with_values
FNDA:2,_RNvMs_NtCsgIYKoLsS5vp_14darwin_metrics7batteryNtB4_7Battery14is_health_poor
FNDA:2,_RNvMs_NtCsgIYKoLsS5vp_14darwin_metrics7batteryNtB4_7Battery20has_high_cycle_count
FNDA:3,_RNvMs_NtCsgIYKoLsS5vp_14darwin_metrics7batteryNtB4_7Battery20power_source_display
FNDA:3,_RNvMs_NtCsgIYKoLsS5vp_14darwin_metrics7batteryNtB4_7Battery22time_remaining_display
FNDA:2,_RNvMs_NtCsgIYKoLsS5vp_14darwin_metrics7batteryNtB4_7Battery23is_temperature_critical
FNDA:2,_RNvMs_NtCsgIYKoLsS5vp_14darwin_metrics7batteryNtB4_7Battery6is_low
FNDA:6,_RNvMs_NtCsgIYKoLsS5vp_14darwin_metrics7batteryNtB4_7Battery6update
FNDA:1,_RNvMs_NtCsgIYKoLsS5vp_14darwin_metrics7batteryNtB4_7Battery8get_info
FNDA:17,_RNvXNtCsgIYKoLsS5vp_14darwin_metrics7batteryNtB2_7BatteryNtNtCs4P3ALgZxGbJ_4core7default7Default7default
FNDA:2,_RNvXs0_NtCsgIYKoLsS5vp_14darwin_metrics7batteryNtB5_7BatteryNtNtCs4P3ALgZxGbJ_4core5clone5Clone5clone
FNDA:2,_RNvXs1_NtCsgIYKoLsS5vp_14darwin_metrics7batteryNtB5_7BatteryNtNtCs4P3ALgZxGbJ_4core3cmp9PartialEq2eq
FNDA:0,_RNvMs_NtCs91f72AaJhYn_14darwin_metrics7batteryNtB4_7Battery11is_critical
FNDA:0,_RNvMs_NtCs91f72AaJhYn_14darwin_metrics7batteryNtB4_7Battery11with_values
FNDA:0,_RNvMs_NtCs91f72AaJhYn_14darwin_metrics7batteryNtB4_7Battery14is_health_poor
FNDA:0,_RNvMs_NtCs91f72AaJhYn_14darwin_metrics7batteryNtB4_7Battery20has_high_cycle_count
FNDA:0,_RNvMs_NtCs91f72AaJhYn_14darwin_metrics7batteryNtB4_7Battery20power_source_display
FNDA:0,_RNvMs_NtCs91f72AaJhYn_14darwin_metrics7batteryNtB4_7Battery22time_remaining_display
FNDA:0,_RNvMs_NtCs91f72AaJhYn_14darwin_metrics7batteryNtB4_7Battery23is_temperature_critical
FNDA:0,_RNvMs_NtCs91f72AaJhYn_14darwin_metrics7batteryNtB4_7Battery3new
FNDA:0,_RNvMs_NtCs91f72AaJhYn_14darwin_metrics7batteryNtB4_7Battery6is_low
FNDA:0,_RNvMs_NtCs91f72AaJhYn_14darwin_metrics7batteryNtB4_7Battery6update
FNDA:0,_RNvMs_NtCs91f72AaJhYn_14darwin_metrics7batteryNtB4_7Battery8get_info
FNDA:0,_RNvXNtCs91f72AaJhYn_14darwin_metrics7batteryNtB2_7BatteryNtNtCs4P3ALgZxGbJ_4core7default7Default7default
FNDA:0,_RNvXs0_NtCs91f72AaJhYn_14darwin_metrics7batteryNtB5_7BatteryNtNtCs4P3ALgZxGbJ_4core5clone5Clone5clone
FNDA:0,_RNvXs1_NtCs91f72AaJhYn_14darwin_metrics7batteryNtB5_7BatteryNtNtCs4P3ALgZxGbJ_4core3cmp9PartialEq2eq
FNF:14
FNH:13
DA:44,17
DA:45,17
DA:46,17
DA:55,0
DA:56,0
DA:57,0
DA:58,0
DA:59,0
DA:66,6
DA:67,6
DA:68,6
DA:70,6
DA:71,0
DA:74,6
DA:76,6
DA:77,6
DA:78,6
DA:79,6
DA:80,1
DA:81,1
DA:82,1
DA:83,1
DA:84,1
DA:85,1
DA:86,1
DA:87,1
DA:88,5
DA:89,5
DA:90,5
DA:91,5
DA:92,5
DA:93,5
DA:94,5
DA:96,5
DA:97,5
DA:98,5
DA:99,5
DA:100,5
DA:101,5
DA:103,5
DA:104,5
DA:105,5
DA:106,5
DA:107,5
DA:108,5
DA:110,5
DA:111,5
DA:112,5
DA:113,5
DA:114,5
DA:115,5
DA:116,5
DA:117,5
DA:118,5
DA:119,5
DA:120,5
DA:121,6
DA:128,1
DA:129,1
DA:130,1
DA:132,1
DA:133,0
DA:136,1
DA:137,1
DA:138,0
DA:140,1
DA:144,18
DA:145,18
DA:146,18
DA:147,18
DA:148,18
DA:149,18
DA:150,18
DA:151,18
DA:152,18
DA:153,18
DA:154,18
DA:155,18
DA:156,18
DA:157,18
DA:158,18
DA:159,18
DA:160,18
DA:161,18
DA:162,18
DA:163,18
DA:164,18
DA:165,18
DA:167,2
DA:168,2
DA:169,2
DA:171,2
DA:172,2
DA:173,2
DA:175,3
DA:176,3
DA:177,3
DA:178,2
DA:180,1
DA:181,1
DA:182,1
DA:184,3
DA:186,2
DA:187,2
DA:188,2
DA:190,2
DA:191,2
DA:192,2
DA:194,3
DA:195,3
DA:196,1
DA:197,1
DA:198,1
DA:200,3
DA:202,2
DA:203,2
DA:204,2
DA:208,2
DA:209,2
DA:210,2
DA:211,2
DA:212,2
DA:213,2
DA:214,2
DA:215,2
DA:216,2
DA:217,2
DA:218,2
DA:219,2
DA:220,2
DA:224,2
DA:225,2
DA:226,2
DA:227,2
DA:228,1
DA:229,1
DA:230,1
DA:231,1
DA:232,1
DA:233,2
BRF:0
BRH:0
LF:140
LH:132
end_of_record
SF:/Users/smeya/git/darwin-metrics/src/battery/tests.rs
FN:168,_RNvNtNtCsgIYKoLsS5vp_14darwin_metrics7battery5tests19create_mock_battery
FN:342,_RNvNtNtCsgIYKoLsS5vp_14darwin_metrics7battery5testss_15test_battery_eq
FN:185,_RNvNtNtCsgIYKoLsS5vp_14darwin_metrics7battery5testss_16test_battery_new
FN:327,_RNvNtNtCsgIYKoLsS5vp_14darwin_metrics7battery5testss_18test_battery_clone
FN:263,_RNvNtNtCsgIYKoLsS5vp_14darwin_metrics7battery5testss_19test_battery_is_low
FN:226,_RNvNtNtCsgIYKoLsS5vp_14darwin_metrics7battery5testss_21test_battery_get_info
FN:252,_RNvNtNtCsgIYKoLsS5vp_14darwin_metrics7battery5testss_24test_battery_is_critical
FN:237,_RNvNtNtCsgIYKoLsS5vp_14darwin_metrics7battery5testss_24test_battery_with_values
FN:288,_RNvNtNtCsgIYKoLsS5vp_14darwin_metrics7battery5testss_27test_battery_is_health_poor
FN:193,_RNvNtNtCsgIYKoLsS5vp_14darwin_metrics7battery5testss_27test_battery_update_present
FN:210,_RNvNtNtCsgIYKoLsS5vp_14darwin_metrics7battery5testss_31test_battery_update_not_present
FN:297,_RNvNtNtCsgIYKoLsS5vp_14darwin_metrics7battery5testss_33test_battery_has_high_cycle_count
FN:306,_RNvNtNtCsgIYKoLsS5vp_14darwin_metrics7battery5testss_33test_battery_power_source_display
FN:272,_RNvNtNtCsgIYKoLsS5vp_14darwin_metrics7battery5testss_35test_battery_time_remaining_display
FN:318,_RNvNtNtCsgIYKoLsS5vp_14darwin_metrics7battery5testss_36test_battery_is_temperature_critical
FN:84,_RNvXNtNtCsgIYKoLsS5vp_14darwin_metrics7battery5testsNtB2_9MockIOKitNtNtNtB6_8hardware5iokit5IOKit11get_service
FN:125,_RNvXNtNtCsgIYKoLsS5vp_14darwin_metrics7battery5testsNtB2_9MockIOKitNtNtNtB6_8hardware5iokit5IOKit12get_all_fans
FN:121,_RNvXNtNtCsgIYKoLsS5vp_14darwin_metrics7battery5testsNtB2_9MockIOKitNtNtNtB6_8hardware5iokit5IOKit12get_fan_info
FN:162,_RNvXNtNtCsgIYKoLsS5vp_14darwin_metrics7battery5testsNtB2_9MockIOKitNtNtNtB6_8hardware5iokit5IOKit12read_smc_key
FN:142,_RNvXNtNtCsgIYKoLsS5vp_14darwin_metrics7battery5testsNtB2_9MockIOKitNtNtNtB6_8hardware5iokit5IOKit13get_cpu_power
FN:117,_RNvXNtNtCsgIYKoLsS5vp_14darwin_metrics7battery5testsNtB2_9MockIOKitNtNtNtB6_8hardware5iokit5IOKit13get_fan_count
FN:113,_RNvXNtNtCsgIYKoLsS5vp_14darwin_metrics7battery5testsNtB2_9MockIOKitNtNtNtB6_8hardware5iokit5IOKit13get_fan_speed
FN:101,_RNvXNtNtCsgIYKoLsS5vp_14darwin_metrics7battery5testsNtB2_9MockIOKitNtNtNtB6_8hardware5iokit5IOKit13get_gpu_stats
FN:150,_RNvXNtNtCsgIYKoLsS5vp_14darwin_metrics7battery5testsNtB2_9MockIOKitNtNtNtB6_8hardware5iokit5IOKit16get_thermal_info
FN:63,_RNvXNtNtCsgIYKoLsS5vp_14darwin_metrics7battery5testsNtB2_9MockIOKitNtNtNtB6_8hardware5iokit5IOKit17get_bool_property
FN:76,_RNvXNtNtCsgIYKoLsS5vp_14darwin_metrics7battery5testsNtB2_9MockIOKitNtNtNtB6_8hardware5iokit5IOKit17get_dict_property
FN:37,_RNvXNtNtCsgIYKoLsS5vp_14darwin_metrics7battery5testsNtB2_9MockIOKitNtNtNtB6_8hardware5iokit5IOKit17io_object_release
FN:93,_RNvXNtNtCsgIYKoLsS5vp_14darwin_metrics7battery5testsNtB2_9MockIOKitNtNtNtB6_8hardware5iokit5IOKit19get_cpu_temperature
FN:97,_RNvXNtNtCsgIYKoLsS5vp_14darwin_metrics7battery5testsNtB2_9MockIOKitNtNtNtB6_8hardware5iokit5IOKit19get_gpu_temperature
FN:47,_RNvXNtNtCsgIYKoLsS5vp_14darwin_metrics7battery5testsNtB2_9MockIOKitNtNtNtB6_8hardware5iokit5IOKit19get_number_property
FN:39,_RNvXNtNtCsgIYKoLsS5vp_14darwin_metrics7battery5testsNtB2_9MockIOKitNtNtNtB6_8hardware5iokit5IOKit19get_string_property
FN:16,_RNvXNtNtCsgIYKoLsS5vp_14darwin_metrics7battery5testsNtB2_9MockIOKitNtNtNtB6_8hardware5iokit5IOKit19io_service_matching
FN:134,_RNvXNtNtCsgIYKoLsS5vp_14darwin_metrics7battery5testsNtB2_9MockIOKitNtNtNtB6_8hardware5iokit5IOKit23get_ambient_temperature
FN:138,_RNvXNtNtCsgIYKoLsS5vp_14darwin_metrics7battery5testsNtB2_9MockIOKitNtNtNtB6_8hardware5iokit5IOKit23get_battery_temperature
FN:146,_RNvXNtNtCsgIYKoLsS5vp_14darwin_metrics7battery5testsNtB2_9MockIOKitNtNtNtB6_8hardware5iokit5IOKit24check_thermal_throttling
FN:130,_RNvXNtNtCsgIYKoLsS5vp_14darwin_metrics7battery5testsNtB2_9MockIOKitNtNtNtB6_8hardware5iokit5IOKit24get_heatsink_temperature
FN:88,_RNvXNtNtCsgIYKoLsS5vp_14darwin_metrics7battery5testsNtB2_9MockIOKitNtNtNtB6_8hardware5iokit5IOKit28io_registry_entry_get_parent
FN:23,_RNvXNtNtCsgIYKoLsS5vp_14darwin_metrics7battery5testsNtB2_9MockIOKitNtNtNtB6_8hardware5iokit5IOKit31io_service_get_matching_service
FN:30,_RNvXNtNtCsgIYKoLsS5vp_14darwin_metrics7battery5testsNtB2_9MockIOKitNtNtNtB6_8hardware5iokit5IOKit38io_registry_entry_create_cf_properties
FNDA:6,_RNvNtNtCsgIYKoLsS5vp_14darwin_metrics7battery5tests19create_mock_battery
FNDA:1,_RNvNtNtCsgIYKoLsS5vp_14darwin_metrics7battery5testss_15test_battery_eq
FNDA:1,_RNvNtNtCsgIYKoLsS5vp_14darwin_metrics7battery5testss_16test_battery_new
FNDA:1,_RNvNtNtCsgIYKoLsS5vp_14darwin_metrics7battery5testss_18test_battery_clone
FNDA:1,_RNvNtNtCsgIYKoLsS5vp_14darwin_metrics7battery5testss_19test_battery_is_low
FNDA:1,_RNvNtNtCsgIYKoLsS5vp_14darwin_metrics7battery5testss_21test_battery_get_info
FNDA:1,_RNvNtNtCsgIYKoLsS5vp_14darwin_metrics7battery5testss_24test_battery_is_critical
FNDA:1,_RNvNtNtCsgIYKoLsS5vp_14darwin_metrics7battery5testss_24test_battery_with_values
FNDA:1,_RNvNtNtCsgIYKoLsS5vp_14darwin_metrics7battery5testss_27test_battery_is_health_poor
FNDA:1,_RNvNtNtCsgIYKoLsS5vp_14darwin_metrics7battery5testss_27test_battery_update_present
FNDA:1,_RNvNtNtCsgIYKoLsS5vp_14darwin_metrics7battery5testss_31test_battery_update_not_present
FNDA:1,_RNvNtNtCsgIYKoLsS5vp_14darwin_metrics7battery5testss_33test_battery_has_high_cycle_count
FNDA:1,_RNvNtNtCsgIYKoLsS5vp_14darwin_metrics7battery5testss_33test_battery_power_source_display
FNDA:1,_RNvNtNtCsgIYKoLsS5vp_14darwin_metrics7battery5testss_35test_battery_time_remaining_display
FNDA:1,_RNvNtNtCsgIYKoLsS5vp_14darwin_metrics7battery5testss_36test_battery_is_temperature_critical
FNDA:0,_RNvXNtNtCsgIYKoLsS5vp_14darwin_metrics7battery5testsNtB2_9MockIOKitNtNtNtB6_8hardware5iokit5IOKit11get_service
FNDA:0,_RNvXNtNtCsgIYKoLsS5vp_14darwin_metrics7battery5testsNtB2_9MockIOKitNtNtNtB6_8hardware5iokit5IOKit12get_all_fans
FNDA:0,_RNvXNtNtCsgIYKoLsS5vp_14darwin_metrics7battery5testsNtB2_9MockIOKitNtNtNtB6_8hardware5iokit5IOKit12get_fan_info
FNDA:0,_RNvXNtNtCsgIYKoLsS5vp_14darwin_metrics7battery5testsNtB2_9MockIOKitNtNtNtB6_8hardware5iokit5IOKit12read_smc_key
FNDA:0,_RNvXNtNtCsgIYKoLsS5vp_14darwin_metrics7battery5testsNtB2_9MockIOKitNtNtNtB6_8hardware5iokit5IOKit13get_cpu_power
FNDA:0,_RNvXNtNtCsgIYKoLsS5vp_14darwin_metrics7battery5testsNtB2_9MockIOKitNtNtNtB6_8hardware5iokit5IOKit13get_fan_count
FNDA:0,_RNvXNtNtCsgIYKoLsS5vp_14darwin_metrics7battery5testsNtB2_9MockIOKitNtNtNtB6_8hardware5iokit5IOKit13get_fan_speed
FNDA:0,_RNvXNtNtCsgIYKoLsS5vp_14darwin_metrics7battery5testsNtB2_9MockIOKitNtNtNtB6_8hardware5iokit5IOKit13get_gpu_stats
FNDA:0,_RNvXNtNtCsgIYKoLsS5vp_14darwin_metrics7battery5testsNtB2_9MockIOKitNtNtNtB6_8hardware5iokit5IOKit16get_thermal_info
FNDA:16,_RNvXNtNtCsgIYKoLsS5vp_14darwin_metrics7battery5testsNtB2_9MockIOKitNtNtNtB6_8hardware5iokit5IOKit17get_bool_property
FNDA:0,_RNvXNtNtCsgIYKoLsS5vp_14darwin_metrics7battery5testsNtB2_9MockIOKitNtNtNtB6_8hardware5iokit5IOKit17get_dict_property
FNDA:0,_RNvXNtNtCsgIYKoLsS5vp_14darwin_metrics7battery5testsNtB2_9MockIOKitNtNtNtB6_8hardware5iokit5IOKit17io_object_release
FNDA:0,_RNvXNtNtCsgIYKoLsS5vp_14darwin_metrics7battery5testsNtB2_9MockIOKitNtNtNtB6_8hardware5iokit5IOKit19get_cpu_temperature
FNDA:0,_RNvXNtNtCsgIYKoLsS5vp_14darwin_metrics7battery5testsNtB2_9MockIOKitNtNtNtB6_8hardware5iokit5IOKit19get_gpu_temperature
FNDA:30,_RNvXNtNtCsgIYKoLsS5vp_14darwin_metrics7battery5testsNtB2_9MockIOKitNtNtNtB6_8hardware5iokit5IOKit19get_number_property
FNDA:0,_RNvXNtNtCsgIYKoLsS5vp_14darwin_metrics7battery5testsNtB2_9MockIOKitNtNtNtB6_8hardware5iokit5IOKit19get_string_property
FNDA:7,_RNvXNtNtCsgIYKoLsS5vp_14darwin_metrics7battery5testsNtB2_9MockIOKitNtNtNtB6_8hardware5iokit5IOKit19io_service_matching
FNDA:0,_RNvXNtNtCsgIYKoLsS5vp_14darwin_metrics7battery5testsNtB2_9MockIOKitNtNtNtB6_8hardware5iokit5IOKit23get_ambient_temperature
FNDA:0,_RNvXNtNtCsgIYKoLsS5vp_14darwin_metrics7battery5testsNtB2_9MockIOKitNtNtNtB6_8hardware5iokit5IOKit23get_battery_temperature
FNDA:0,_RNvXNtNtCsgIYKoLsS5vp_14darwin_metrics7battery5testsNtB2_9MockIOKitNtNtNtB6_8hardware5iokit5IOKit24check_thermal_throttling
FNDA:0,_RNvXNtNtCsgIYKoLsS5vp_14darwin_metrics7battery5testsNtB2_9MockIOKitNtNtNtB6_8hardware5iokit5IOKit24get_heatsink_temperature
FNDA:0,_RNvXNtNtCsgIYKoLsS5vp_14darwin_metrics7battery5testsNtB2_9MockIOKitNtNtNtB6_8hardware5iokit5IOKit28io_registry_entry_get_parent
FNDA:7,_RNvXNtNtCsgIYKoLsS5vp_14darwin_metrics7battery5testsNtB2_9MockIOKitNtNtNtB6_8hardware5iokit5IOKit31io_service_get_matching_service
FNDA:7,_RNvXNtNtCsgIYKoLsS5vp_14darwin_metrics7battery5testsNtB2_9MockIOKitNtNtNtB6_8hardware5iokit5IOKit38io_registry_entry_create_cf_properties
FNF:39
FNH:20
DA:16,7
DA:17,7
DA:18,7
DA:19,7
DA:20,7
DA:21,7
DA:23,7
DA:24,7
DA:25,7
DA:26,7
DA:27,7
DA:28,7
DA:30,7
DA:31,7
DA:32,7
DA:33,7
DA:34,7
DA:35,7
DA:37,0
DA:39,0
DA:40,0
DA:41,0
DA:42,0
DA:43,0
DA:44,0
DA:45,0
DA:47,30
DA:48,30
DA:49,30
DA:50,30
DA:51,30
DA:52,30
DA:53,30
DA:54,25
DA:55,20
DA:56,15
DA:57,10
DA:58,5
DA:59,0
DA:61,30
DA:63,16
DA:64,16
DA:65,16
DA:66,16
DA:67,16
DA:68,16
DA:69,16
DA:70,10
DA:71,5
DA:72,0
DA:74,16
DA:76,0
DA:77,0
DA:78,0
DA:79,0
DA:80,0
DA:81,0
DA:82,0
DA:84,0
DA:85,0
DA:86,0
DA:88,0
DA:89,0
DA:90,0
DA:93,0
DA:94,0
DA:95,0
DA:97,0
DA:98,0
DA:99,0
DA:101,0
DA:102,0
DA:103,0
DA:104,0
DA:105,0
DA:106,0
DA:107,0
DA:108,0
DA:109,0
DA:110,0
DA:113,0
DA:114,0
DA:115,0
DA:117,0
DA:118,0
DA:119,0
DA:121,0
DA:122,0
DA:123,0
DA:125,0
DA:126,0
DA:127,0
DA:130,0
DA:131,0
DA:132,0
DA:134,0
DA:135,0
DA:136,0
DA:138,0
DA:139,0
DA:140,0
DA:142,0
DA:143,0
DA:144,0
DA:146,0
DA:147,0
DA:148,0
DA:150,0
DA:151,0
DA:152,0
DA:153,0
DA:154,0
DA:155,0
DA:156,0
DA:157,0
DA:158,0
DA:159,0
DA:160,0
DA:162,0
DA:163,0
DA:164,0
DA:168,6
DA:169,6
DA:170,6
DA:171,6
DA:172,6
DA:173,6
DA:174,6
DA:175,6
DA:176,6
DA:177,6
DA:178,6
DA:179,6
DA:180,6
DA:181,6
DA:182,6
DA:185,1
DA:186,1
DA:187,1
DA:188,1
DA:189,1
DA:190,1
DA:193,1
DA:194,1
DA:195,1
DA:196,1
DA:197,1
DA:198,1
DA:199,1
DA:200,1
DA:201,1
DA:202,1
DA:203,1
DA:205,1
DA:206,1
DA:207,1
DA:210,1
DA:211,1
DA:212,1
DA:213,1
DA:214,1
DA:215,1
DA:216,1
DA:217,1
DA:218,1
DA:219,1
DA:220,1
DA:221,1
DA:222,1
DA:223,1
DA:226,1
DA:227,1
DA:228,1
DA:229,1
DA:230,1
DA:231,1
DA:232,1
DA:233,1
DA:234,1
DA:237,1
DA:238,1
DA:239,1
DA:240,1
DA:241,1
DA:242,1
DA:243,1
DA:244,1
DA:245,1
DA:246,1
DA:247,1
DA:248,1
DA:249,1
DA:252,1
DA:253,1
DA:254,1
DA:255,1
DA:257,1
DA:258,1
DA:259,1
DA:260,1
DA:263,1
DA:264,1
DA:265,1
DA:267,1
DA:268,1
DA:269,1
DA:272,1
DA:273,1
DA:274,1
DA:275,1
DA:276,1
DA:279,1
DA:280,1
DA:283,1
DA:284,1
DA:285,1
DA:288,1
DA:289,1
DA:290,1
DA:292,1
DA:293,1
DA:294,1
DA:297,1
DA:298,1
DA:299,1
DA:301,1
DA:302,1
DA:303,1
DA:306,1
DA:307,1
DA:308,1
DA:310,1
DA:311,1
DA:313,1
DA:314,1
DA:315,1
DA:318,1
DA:319,1
DA:320,1
DA:322,1
DA:323,1
DA:324,1
DA:327,1
DA:328,1
DA:329,1
DA:330,1
DA:331,1
DA:332,1
DA:333,1
DA:334,1
DA:335,1
DA:336,1
DA:337,1
DA:338,1
DA:339,1
DA:342,1
DA:343,1
DA:344,1
DA:345,1
DA:346,1
DA:347,1
DA:348,1
DA:349,1
DA:352,1
DA:353,1
DA:354,1
BRF:0
BRH:0
LF:266
LH:186
end_of_record
SF:/Users/smeya/git/darwin-metrics/src/disk/mod.rs
FN:440,_RNvMs0_NtCsgIYKoLsS5vp_14darwin_metrics4diskNtB5_4Disk12format_bytes
FN:421,_RNvMs0_NtCsgIYKoLsS5vp_14darwin_metrics4diskNtB5_4Disk12used_display
FN:157,_RNvMs0_NtCsgIYKoLsS5vp_14darwin_metrics4diskNtB5_4Disk12with_details
FN:416,_RNvMs0_NtCsgIYKoLsS5vp_14darwin_metrics4diskNtB5_4Disk13total_display
FN:406,_RNvMs0_NtCsgIYKoLsS5vp_14darwin_metrics4diskNtB5_4Disk14is_nearly_full
FN:398,_RNvMs0_NtCsgIYKoLsS5vp_14darwin_metrics4diskNtB5_4Disk16usage_percentage
FN:411,_RNvMs0_NtCsgIYKoLsS5vp_14darwin_metrics4diskNtB5_4Disk17available_display
FN:134,_RNvMs0_NtCsgIYKoLsS5vp_14darwin_metrics4diskNtB5_4Disk3new
FN:228,_RNvMs0_NtCsgIYKoLsS5vp_14darwin_metrics4diskNtB5_4Disk7get_all
FN:426,_RNvMs0_NtCsgIYKoLsS5vp_14darwin_metrics4diskNtB5_4Disk7summary
FN:180,_RNvMs0_NtCsgIYKoLsS5vp_14darwin_metrics4diskNtB5_4Disk8get_info
FN:467,_RNvMs1_NtCsgIYKoLsS5vp_14darwin_metrics4diskNtB5_11DiskMonitor11get_volumes
FN:612,_RNvMs1_NtCsgIYKoLsS5vp_14darwin_metrics4diskNtB5_11DiskMonitor15get_performance
FN:790,_RNvMs1_NtCsgIYKoLsS5vp_14darwin_metrics4diskNtB5_11DiskMonitor16detect_disk_type
FN:462,_RNvMs1_NtCsgIYKoLsS5vp_14darwin_metrics4diskNtB5_11DiskMonitor3new
FN:754,_RNvMs1_NtCsgIYKoLsS5vp_14darwin_metrics4diskNtB5_11DiskMonitor6update
FN:28,_RNvXNtCsgIYKoLsS5vp_14darwin_metrics4diskNtB2_8DiskTypeNtNtCs4P3ALgZxGbJ_4core7default7Default7default
FN:824,_RNvXs2_NtCsgIYKoLsS5vp_14darwin_metrics4diskNtB5_11DiskMonitorNtNtCs4P3ALgZxGbJ_4core7default7Default7default
FN:110,_RNvXs_NtCsgIYKoLsS5vp_14darwin_metrics4diskNtB4_9DiskStatsNtNtCs4P3ALgZxGbJ_4core7default7Default7default
FN:327,_RINvMs0_NtCsgIYKoLsS5vp_14darwin_metrics4diskNtB6_4Disk12get_for_pathRNtNtCsaxtFaqkp5wQ_5alloc6string6StringEB8_
FN:327,_RINvMs0_NtCsgIYKoLsS5vp_14darwin_metrics4diskNtB6_4Disk12get_for_pathReEB8_
FN:553,_RINvMs1_NtCsgIYKoLsS5vp_14darwin_metrics4diskNtB6_11DiskMonitor19get_volume_for_pathReEB8_
FN:339,_RNCINvMs0_NtCsgIYKoLsS5vp_14darwin_metrics4diskNtB8_4Disk12get_for_pathRNtNtCsaxtFaqkp5wQ_5alloc6string6StringE0Ba_
FN:339,_RNCINvMs0_NtCsgIYKoLsS5vp_14darwin_metrics4diskNtB8_4Disk12get_for_pathReE0Ba_
FN:564,_RNCINvMs1_NtCsgIYKoLsS5vp_14darwin_metrics4diskNtB8_11DiskMonitor19get_volume_for_pathReE0Ba_
FN:327,_RINvMs0_NtCs91f72AaJhYn_14darwin_metrics4diskNtB6_4Disk12get_for_pathpEB8_
FN:553,_RINvMs1_NtCs91f72AaJhYn_14darwin_metrics4diskNtB6_11DiskMonitor19get_volume_for_pathpEB8_
FN:339,_RNCINvMs0_NtCs91f72AaJhYn_14darwin_metrics4diskNtB8_4Disk12get_for_pathpE0Ba_
FN:564,_RNCINvMs1_NtCs91f72AaJhYn_14darwin_metrics4diskNtB8_11DiskMonitor19get_volume_for_pathpE0Ba_
FN:440,_RNvMs0_NtCs91f72AaJhYn_14darwin_metrics4diskNtB5_4Disk12format_bytes
FN:421,_RNvMs0_NtCs91f72AaJhYn_14darwin_metrics4diskNtB5_4Disk12used_display
FN:157,_RNvMs0_NtCs91f72AaJhYn_14darwin_metrics4diskNtB5_4Disk12with_details
FN:416,_RNvMs0_NtCs91f72AaJhYn_14darwin_metrics4diskNtB5_4Disk13total_display
FN:406,_RNvMs0_NtCs91f72AaJhYn_14darwin_metrics4diskNtB5_4Disk14is_nearly_full
FN:398,_RNvMs0_NtCs91f72AaJhYn_14darwin_metrics4diskNtB5_4Disk16usage_percentage
FN:411,_RNvMs0_NtCs91f72AaJhYn_14darwin_metrics4diskNtB5_4Disk17available_display
FN:134,_RNvMs0_NtCs91f72AaJhYn_14darwin_metrics4diskNtB5_4Disk3new
FN:228,_RNvMs0_NtCs91f72AaJhYn_14darwin_metrics4diskNtB5_4Disk7get_all
FN:426,_RNvMs0_NtCs91f72AaJhYn_14darwin_metrics4diskNtB5_4Disk7summary
FN:180,_RNvMs0_NtCs91f72AaJhYn_14darwin_metrics4diskNtB5_4Disk8get_info
FN:467,_RNvMs1_NtCs91f72AaJhYn_14darwin_metrics4diskNtB5_11DiskMonitor11get_volumes
FN:612,_RNvMs1_NtCs91f72AaJhYn_14darwin_metrics4diskNtB5_11DiskMonitor15get_performance
FN:790,_RNvMs1_NtCs91f72AaJhYn_14darwin_metrics4diskNtB5_11DiskMonitor16detect_disk_type
FN:462,_RNvMs1_NtCs91f72AaJhYn_14darwin_metrics4diskNtB5_11DiskMonitor3new
FN:754,_RNvMs1_NtCs91f72AaJhYn_14darwin_metrics4diskNtB5_11DiskMonitor6update
FN:28,_RNvXNtCs91f72AaJhYn_14darwin_metrics4diskNtB2_8DiskTypeNtNtCs4P3ALgZxGbJ_4core7default7Default7default
FN:824,_RNvXs2_NtCs91f72AaJhYn_14darwin_metrics4diskNtB5_11DiskMonitorNtNtCs4P3ALgZxGbJ_4core7default7Default7default
FN:110,_RNvXs_NtCs91f72AaJhYn_14darwin_metrics4diskNtB4_9DiskStatsNtNtCs4P3ALgZxGbJ_4core7default7Default7default
FNDA:72,_RNvMs0_NtCsgIYKoLsS5vp_14darwin_metrics4diskNtB5_4Disk12format_bytes
FNDA:26,_RNvMs0_NtCsgIYKoLsS5vp_14darwin_metrics4diskNtB5_4Disk12used_display
FNDA:63,_RNvMs0_NtCsgIYKoLsS5vp_14darwin_metrics4diskNtB5_4Disk12with_details
FNDA:26,_RNvMs0_NtCsgIYKoLsS5vp_14darwin_metrics4diskNtB5_4Disk13total_display
FNDA:4,_RNvMs0_NtCsgIYKoLsS5vp_14darwin_metrics4diskNtB5_4Disk14is_nearly_full
FNDA:35,_RNvMs0_NtCsgIYKoLsS5vp_14darwin_metrics4diskNtB5_4Disk16usage_percentage
FNDA:2,_RNvMs0_NtCsgIYKoLsS5vp_14darwin_metrics4diskNtB5_4Disk17available_display
FNDA:14,_RNvMs0_NtCsgIYKoLsS5vp_14darwin_metrics4diskNtB5_4Disk3new
FNDA:1,_RNvMs0_NtCsgIYKoLsS5vp_14darwin_metrics4diskNtB5_4Disk7get_all
FNDA:24,_RNvMs0_NtCsgIYKoLsS5vp_14darwin_metrics4diskNtB5_4Disk7summary
FNDA:1,_RNvMs0_NtCsgIYKoLsS5vp_14darwin_metrics4diskNtB5_4Disk8get_info
FNDA:3,_RNvMs1_NtCsgIYKoLsS5vp_14darwin_metrics4diskNtB5_11DiskMonitor11get_volumes
FNDA:11,_RNvMs1_NtCsgIYKoLsS5vp_14darwin_metrics4diskNtB5_11DiskMonitor15get_performance
FNDA:38,_RNvMs1_NtCsgIYKoLsS5vp_14darwin_metrics4diskNtB5_11DiskMonitor16detect_disk_type
FNDA:13,_RNvMs1_NtCsgIYKoLsS5vp_14darwin_metrics4diskNtB5_11DiskMonitor3new
FNDA:1,_RNvMs1_NtCsgIYKoLsS5vp_14darwin_metrics4diskNtB5_11DiskMonitor6update
FNDA:1,_RNvXNtCsgIYKoLsS5vp_14darwin_metrics4diskNtB2_8DiskTypeNtNtCs4P3ALgZxGbJ_4core7default7Default7default
FNDA:1,_RNvXs2_NtCsgIYKoLsS5vp_14darwin_metrics4diskNtB5_11DiskMonitorNtNtCs4P3ALgZxGbJ_4core7default7Default7default
FNDA:1,_RNvXs_NtCsgIYKoLsS5vp_14darwin_metrics4diskNtB4_9DiskStatsNtNtCs4P3ALgZxGbJ_4core7default7Default7default
FNDA:2,_RINvMs0_NtCsgIYKoLsS5vp_14darwin_metrics4diskNtB6_4Disk12get_for_pathRNtNtCsaxtFaqkp5wQ_5alloc6string6StringEB8_
FNDA:27,_RINvMs0_NtCsgIYKoLsS5vp_14darwin_metrics4diskNtB6_4Disk12get_for_pathReEB8_
FNDA:5,_RINvMs1_NtCsgIYKoLsS5vp_14darwin_metrics4diskNtB6_11DiskMonitor19get_volume_for_pathReEB8_
FNDA:0,_RNCINvMs0_NtCsgIYKoLsS5vp_14darwin_metrics4diskNtB8_4Disk12get_for_pathRNtNtCsaxtFaqkp5wQ_5alloc6string6StringE0Ba_
FNDA:1,_RNCINvMs0_NtCsgIYKoLsS5vp_14darwin_metrics4diskNtB8_4Disk12get_for_pathReE0Ba_
FNDA:0,_RNCINvMs1_NtCsgIYKoLsS5vp_14darwin_metrics4diskNtB8_11DiskMonitor19get_volume_for_pathReE0Ba_
FNDA:0,_RINvMs0_NtCs91f72AaJhYn_14darwin_metrics4diskNtB6_4Disk12get_for_pathpEB8_
FNDA:0,_RINvMs1_NtCs91f72AaJhYn_14darwin_metrics4diskNtB6_11DiskMonitor19get_volume_for_pathpEB8_
FNDA:0,_RNCINvMs0_NtCs91f72AaJhYn_14darwin_metrics4diskNtB8_4Disk12get_for_pathpE0Ba_
FNDA:0,_RNCINvMs1_NtCs91f72AaJhYn_14darwin_metrics4diskNtB8_11DiskMonitor19get_volume_for_pathpE0Ba_
FNDA:0,_RNvMs0_NtCs91f72AaJhYn_14darwin_metrics4diskNtB5_4Disk12format_bytes
FNDA:0,_RNvMs0_NtCs91f72AaJhYn_14darwin_metrics4diskNtB5_4Disk12used_display
FNDA:0,_RNvMs0_NtCs91f72AaJhYn_14darwin_metrics4diskNtB5_4Disk12with_details
FNDA:0,_RNvMs0_NtCs91f72AaJhYn_14darwin_metrics4diskNtB5_4Disk13total_display
FNDA:0,_RNvMs0_NtCs91f72AaJhYn_14darwin_metrics4diskNtB5_4Disk14is_nearly_full
FNDA:0,_RNvMs0_NtCs91f72AaJhYn_14darwin_metrics4diskNtB5_4Disk16usage_percentage
FNDA:0,_RNvMs0_NtCs91f72AaJhYn_14darwin_metrics4diskNtB5_4Disk17available_display
FNDA:0,_RNvMs0_NtCs91f72AaJhYn_14darwin_metrics4diskNtB5_4Disk3new
FNDA:0,_RNvMs0_NtCs91f72AaJhYn_14darwin_metrics4diskNtB5_4Disk7get_all
FNDA:0,_RNvMs0_NtCs91f72AaJhYn_14darwin_metrics4diskNtB5_4Disk7summary
FNDA:0,_RNvMs0_NtCs91f72AaJhYn_14darwin_metrics4diskNtB5_4Disk8get_info
FNDA:0,_RNvMs1_NtCs91f72AaJhYn_14darwin_metrics4diskNtB5_11DiskMonitor11get_volumes
FNDA:0,_RNvMs1_NtCs91f72AaJhYn_14darwin_metrics4diskNtB5_11DiskMonitor15get_performance
FNDA:0,_RNvMs1_NtCs91f72AaJhYn_14darwin_metrics4diskNtB5_11DiskMonitor16detect_disk_type
FNDA:0,_RNvMs1_NtCs91f72AaJhYn_14darwin_metrics4diskNtB5_11DiskMonitor3new
FNDA:0,_RNvMs1_NtCs91f72AaJhYn_14darwin_metrics4diskNtB5_11DiskMonitor6update
FNDA:0,_RNvXNtCs91f72AaJhYn_14darwin_metrics4diskNtB2_8DiskTypeNtNtCs4P3ALgZxGbJ_4core7default7Default7default
FNDA:0,_RNvXs2_NtCs91f72AaJhYn_14darwin_metrics4diskNtB5_11DiskMonitorNtNtCs4P3ALgZxGbJ_4core7default7Default7default
FNDA:0,_RNvXs_NtCs91f72AaJhYn_14darwin_metrics4diskNtB4_9DiskStatsNtNtCs4P3ALgZxGbJ_4core7default7Default7default
FNF:23
FNH:22
DA:28,1
DA:29,1
DA:30,1
DA:110,1
DA:111,1
DA:112,1
DA:113,1
DA:114,1
DA:115,1
DA:116,1
DA:117,1
DA:118,1
DA:119,1
DA:120,1
DA:134,14
DA:135,14
DA:136,14
DA:137,14
DA:138,14
DA:139,14
DA:140,14
DA:141,14
DA:142,14
DA:143,14
DA:144,14
DA:145,14
DA:146,14
DA:147,14
DA:148,14
DA:149,14
DA:150,14
DA:151,14
DA:152,14
DA:153,14
DA:157,63
DA:158,63
DA:159,63
DA:160,63
DA:161,63
DA:162,63
DA:163,63
DA:164,63
DA:165,63
DA:166,63
DA:167,63
DA:168,63
DA:169,63
DA:170,63
DA:171,63
DA:172,63
DA:173,63
DA:174,63
DA:175,63
DA:176,63
DA:177,63
DA:180,1
DA:187,1
DA:188,1
DA:189,1
DA:190,1
DA:191,1
DA:192,1
DA:193,0
DA:194,1
DA:195,1
DA:196,1
DA:197,1
DA:198,1
DA:199,1
DA:200,1
DA:201,1
DA:202,1
DA:203,1
DA:204,1
DA:205,1
DA:206,1
DA:207,1
DA:208,1
DA:209,1
DA:210,1
DA:211,1
DA:212,1
DA:213,1
DA:214,1
DA:215,1
DA:216,1
DA:217,1
DA:218,1
DA:219,1
DA:220,1
DA:221,1
DA:222,1
DA:223,1
DA:224,1
DA:225,1
DA:228,1
DA:239,1
DA:240,1
DA:241,1
DA:242,0
DA:243,1
DA:244,1
DA:245,1
DA:246,1
DA:247,1
DA:248,1
DA:249,1
DA:250,1
DA:251,1
DA:252,1
DA:253,1
DA:254,0
DA:255,1
DA:256,1
DA:257,1
DA:258,1
DA:260,11
DA:261,11
DA:262,11
DA:263,11
DA:264,11
DA:265,11
DA:266,11
DA:267,11
DA:268,11
DA:269,11
DA:270,2
DA:271,9
DA:272,9
DA:273,9
DA:274,9
DA:275,9
DA:276,9
DA:277,9
DA:278,9
DA:279,9
DA:280,9
DA:281,9
DA:282,9
DA:283,9
DA:284,9
DA:285,9
DA:286,9
DA:287,9
DA:288,9
DA:289,9
DA:290,9
DA:291,9
DA:292,9
DA:293,9
DA:296,9
DA:297,9
DA:298,9
DA:299,9
DA:301,0
DA:302,9
DA:305,9
DA:307,0
DA:310,9
DA:311,9
DA:312,9
DA:313,9
DA:314,9
DA:315,9
DA:316,9
DA:317,9
DA:318,9
DA:319,9
DA:320,9
DA:323,1
DA:324,1
DA:327,29
DA:338,29
DA:339,29
DA:341,28
DA:342,28
DA:343,28
DA:344,28
DA:345,28
DA:346,28
DA:347,7
DA:348,21
DA:349,21
DA:350,21
DA:351,21
DA:352,21
DA:353,21
DA:354,21
DA:355,21
DA:356,21
DA:357,21
DA:358,21
DA:359,21
DA:360,21
DA:361,21
DA:362,21
DA:363,21
DA:364,21
DA:365,21
DA:366,21
DA:367,21
DA:368,21
DA:369,21
DA:370,21
DA:371,21
DA:372,21
DA:373,21
DA:374,21
DA:375,21
DA:376,21
DA:379,21
DA:380,21
DA:381,21
DA:382,21
DA:384,0
DA:385,21
DA:387,21
DA:389,0
DA:392,21
DA:393,21
DA:394,21
DA:395,29
DA:398,35
DA:399,35
DA:400,2
DA:401,33
DA:402,33
DA:403,35
DA:406,4
DA:407,4
DA:408,4
DA:411,2
DA:412,2
DA:413,2
DA:416,26
DA:417,26
DA:418,26
DA:421,26
DA:422,26
DA:423,26
DA:426,24
DA:427,24
DA:429,24
DA:430,24
DA:431,24
DA:432,24
DA:433,24
DA:434,24
DA:435,24
DA:436,24
DA:437,24
DA:440,72
DA:446,72
DA:447,2
DA:448,70
DA:449,34
DA:450,36
DA:451,24
DA:452,12
DA:453,6
DA:455,6
DA:457,72
DA:462,13
DA:463,13
DA:464,13
DA:467,3
DA:477,3
DA:478,3
DA:479,3
DA:480,0
DA:481,3
DA:482,3
DA:483,3
DA:484,3
DA:485,3
DA:486,3
DA:487,3
DA:488,3
DA:489,3
DA:490,3
DA:491,3
DA:492,0
DA:493,3
DA:494,3
DA:495,3
DA:496,3
DA:498,33
DA:499,33
DA:500,33
DA:501,33
DA:502,33
DA:503,33
DA:504,33
DA:505,33
DA:506,33
DA:507,33
DA:508,6
DA:509,27
DA:510,27
DA:511,27
DA:512,27
DA:513,27
DA:514,27
DA:515,27
DA:516,27
DA:517,27
DA:518,27
DA:519,27
DA:520,27
DA:521,27
DA:522,27
DA:523,27
DA:524,27
DA:525,27
DA:526,27
DA:527,27
DA:528,27
DA:529,27
DA:530,27
DA:531,27
DA:534,27
DA:535,27
DA:536,27
DA:537,27
DA:538,27
DA:539,27
DA:540,27
DA:541,27
DA:542,27
DA:543,27
DA:544,27
DA:545,27
DA:546,27
DA:549,3
DA:550,3
DA:553,5
DA:563,5
DA:564,5
DA:566,5
DA:567,5
DA:568,5
DA:569,5
DA:570,5
DA:571,5
DA:572,1
DA:573,4
DA:574,4
DA:575,4
DA:576,4
DA:577,4
DA:578,4
DA:579,4
DA:580,4
DA:581,4
DA:582,4
DA:583,4
DA:584,4
DA:585,4
DA:586,4
DA:587,4
DA:588,4
DA:589,4
DA:590,4
DA:591,4
DA:592,4
DA:593,4
DA:594,4
DA:595,4
DA:596,4
DA:597,4
DA:598,4
DA:599,4
DA:600,4
DA:601,4
DA:604,4
DA:605,4
DA:606,4
DA:607,4
DA:608,4
DA:609,5
DA:612,11
DA:613,11
DA:614,11
DA:615,11
DA:616,11
DA:617,11
DA:619,4
DA:620,4
DA:621,4
DA:622,4
DA:623,4
DA:624,4
DA:625,4
DA:626,4
DA:627,4
DA:628,4
DA:629,4
DA:630,4
DA:631,4
DA:632,4
DA:633,4
DA:634,4
DA:635,4
DA:636,4
DA:637,4
DA:638,4
DA:639,4
DA:640,4
DA:641,4
DA:642,4
DA:643,4
DA:644,4
DA:645,4
DA:646,4
DA:647,4
DA:648,4
DA:649,7
DA:650,7
DA:651,7
DA:652,7
DA:653,7
DA:654,7
DA:655,7
DA:656,7
DA:657,7
DA:658,7
DA:659,7
DA:660,7
DA:661,7
DA:662,7
DA:663,6
DA:664,6
DA:665,6
DA:666,6
DA:667,6
DA:668,6
DA:669,6
DA:670,6
DA:671,6
DA:672,6
DA:673,6
DA:674,6
DA:675,6
DA:676,6
DA:677,6
DA:678,6
DA:681,6
DA:682,3
DA:684,3
DA:687,6
DA:688,3
DA:690,3
DA:694,6
DA:695,6
DA:697,6
DA:698,6
DA:700,0
DA:704,6
DA:705,6
DA:706,6
DA:707,6
DA:708,6
DA:709,6
DA:710,6
DA:711,6
DA:712,6
DA:713,6
DA:714,6
DA:715,6
DA:716,6
DA:717,0
DA:718,1
DA:721,7
DA:722,7
DA:723,7
DA:724,7
DA:725,7
DA:726,7
DA:727,7
DA:728,7
DA:729,7
DA:730,7
DA:731,7
DA:732,7
DA:733,7
DA:734,7
DA:735,1
DA:736,1
DA:737,1
DA:738,1
DA:739,1
DA:740,1
DA:741,1
DA:742,1
DA:743,1
DA:744,1
DA:745,1
DA:746,1
DA:747,1
DA:748,6
DA:750,7
DA:751,11
DA:754,1
DA:755,1
DA:756,1
DA:757,1
DA:758,1
DA:759,1
DA:760,1
DA:761,1
DA:762,1
DA:763,1
DA:764,1
DA:765,1
DA:766,1
DA:767,1
DA:768,1
DA:769,1
DA:770,1
DA:771,1
DA:772,1
DA:773,1
DA:774,1
DA:775,1
DA:776,1
DA:777,1
DA:778,1
DA:779,1
DA:780,1
DA:781,1
DA:782,1
DA:783,1
DA:784,1
DA:785,1
DA:786,1
DA:787,1
DA:790,38
DA:791,38
DA:792,38
DA:793,38
DA:794,38
DA:795,38
DA:796,37
DA:797,36
DA:798,35
DA:800,3
DA:801,35
DA:802,35
DA:803,35
DA:804,35
DA:805,1
DA:806,34
DA:807,34
DA:808,34
DA:809,34
DA:810,1
DA:811,33
DA:812,33
DA:813,33
DA:814,33
DA:815,32
DA:816,1
DA:817,1
DA:818,1
DA:819,1
DA:820,38
DA:824,1
DA:825,1
DA:826,1
BRF:0
BRH:0
LF:571
LH:559
end_of_record
SF:/Users/smeya/git/darwin-metrics/src/disk/tests.rs
FN:552,_RNCNvNtNtCsgIYKoLsS5vp_14darwin_metrics4disk5testss_16test_get_volumes0B7_
FN:72,_RNCNvNtNtCsgIYKoLsS5vp_14darwin_metrics4disk5testss_20test_get_all_volumes0B7_
FN:615,_RNCNvNtNtCsgIYKoLsS5vp_14darwin_metrics4disk5testss_22test_volume_comparison0B7_
FN:278,_RNvNtNtCsgIYKoLsS5vp_14darwin_metrics4disk5testss_13test_disk_new
FN:126,_RNvNtNtCsgIYKoLsS5vp_14darwin_metrics4disk5testss_16test_disk_config
FN:508,_RNvNtNtCsgIYKoLsS5vp_14darwin_metrics4disk5testss_16test_get_volumes
FN:353,_RNvNtNtCsgIYKoLsS5vp_14darwin_metrics4disk5testss_17test_disk_monitor
FN:37,_RNvNtNtCsgIYKoLsS5vp_14darwin_metrics4disk5testss_17test_format_bytes
FN:262,_RNvNtNtCsgIYKoLsS5vp_14darwin_metrics4disk5testss_17test_get_for_path
FN:139,_RNvNtNtCsgIYKoLsS5vp_14darwin_metrics4disk5testss_18test_disk_creation
FN:13,_RNvNtNtCsgIYKoLsS5vp_14darwin_metrics4disk5testss_19test_is_nearly_full
FN:193,_RNvNtNtCsgIYKoLsS5vp_14darwin_metrics4disk5testss_20test_display_methods
FN:63,_RNvNtNtCsgIYKoLsS5vp_14darwin_metrics4disk5testss_20test_get_all_volumes
FN:249,_RNvNtNtCsgIYKoLsS5vp_14darwin_metrics4disk5testss_21test_detect_disk_type
FN:222,_RNvNtNtCsgIYKoLsS5vp_14darwin_metrics4disk5testss_21test_disk_monitor_new
FN:82,_RNvNtNtCsgIYKoLsS5vp_14darwin_metrics4disk5testss_21test_disk_performance
FN:121,_RNvNtNtCsgIYKoLsS5vp_14darwin_metrics4disk5testss_22test_disk_type_default
FN:155,_RNvNtNtCsgIYKoLsS5vp_14darwin_metrics4disk5testss_22test_disk_with_details
FN:601,_RNvNtNtCsgIYKoLsS5vp_14darwin_metrics4disk5testss_22test_volume_comparison
FN:236,_RNvNtNtCsgIYKoLsS5vp_14darwin_metrics4disk5testss_23test_disk_stats_default
FN:47,_RNvNtNtCsgIYKoLsS5vp_14darwin_metrics4disk5testss_23test_get_root_disk_info
FN:558,_RNvNtNtCsgIYKoLsS5vp_14darwin_metrics4disk5testss_24test_get_volume_for_path
FN:229,_RNvNtNtCsgIYKoLsS5vp_14darwin_metrics4disk5testss_25test_disk_monitor_default
FN:5,_RNvNtNtCsgIYKoLsS5vp_14darwin_metrics4disk5testss_26test_disk_usage_percentage
FN:327,_RNvNtNtCsgIYKoLsS5vp_14darwin_metrics4disk5testss_26test_format_bytes_detailed
FN:630,_RNvNtNtCsgIYKoLsS5vp_14darwin_metrics4disk5testss_26test_get_volumes_filtering
FN:214,_RNvNtNtCsgIYKoLsS5vp_14darwin_metrics4disk5testss_28test_format_bytes_edge_cases
FN:303,_RNvNtNtCsgIYKoLsS5vp_14darwin_metrics4disk5testss_28test_is_nearly_full_extended
FN:336,_RNvNtNtCsgIYKoLsS5vp_14darwin_metrics4disk5testss_29test_display_methods_extended
FN:408,_RNvNtNtCsgIYKoLsS5vp_14darwin_metrics4disk5testss_29test_get_for_path_error_cases
FN:484,_RNvNtNtCsgIYKoLsS5vp_14darwin_metrics4disk5testss_29test_get_for_path_performance
FN:759,_RNvNtNtCsgIYKoLsS5vp_14darwin_metrics4disk5testss_31test_empty_performance_fallback
FN:360,_RNvNtNtCsgIYKoLsS5vp_14darwin_metrics4disk5testss_31test_get_for_path_comprehensive
FN:175,_RNvNtNtCsgIYKoLsS5vp_14darwin_metrics4disk5testss_32test_disk_usage_percentage_cases
FN:649,_RNvNtNtCsgIYKoLsS5vp_14darwin_metrics4disk5testss_33test_get_performance_initial_call
FN:812,_RNvNtNtCsgIYKoLsS5vp_14darwin_metrics4disk5testss_33test_multiple_performance_updates
FN:290,_RNvNtNtCsgIYKoLsS5vp_14darwin_metrics4disk5testss_35test_disk_usage_percentage_extended
FN:708,_RNvNtNtCsgIYKoLsS5vp_14darwin_metrics4disk5testss_36test_performance_metrics_calculation
FN:434,_RNvNtNtCsgIYKoLsS5vp_14darwin_metrics4disk5testss_37test_get_for_path_disk_type_detection
FN:468,_RNvNtNtCsgIYKoLsS5vp_14darwin_metrics4disk5testss_37test_get_for_path_with_relative_paths
FNDA:1,_RNCNvNtNtCsgIYKoLsS5vp_14darwin_metrics4disk5testss_16test_get_volumes0B7_
FNDA:1,_RNCNvNtNtCsgIYKoLsS5vp_14darwin_metrics4disk5testss_20test_get_all_volumes0B7_
FNDA:1,_RNCNvNtNtCsgIYKoLsS5vp_14darwin_metrics4disk5testss_22test_volume_comparison0B7_
FNDA:1,_RNvNtNtCsgIYKoLsS5vp_14darwin_metrics4disk5testss_13test_disk_new
FNDA:1,_RNvNtNtCsgIYKoLsS5vp_14darwin_metrics4disk5testss_16test_disk_config
FNDA:1,_RNvNtNtCsgIYKoLsS5vp_14darwin_metrics4disk5testss_16test_get_volumes
FNDA:1,_RNvNtNtCsgIYKoLsS5vp_14darwin_metrics4disk5testss_17test_disk_monitor
FNDA:1,_RNvNtNtCsgIYKoLsS5vp_14darwin_metrics4disk5testss_17test_format_bytes
FNDA:1,_RNvNtNtCsgIYKoLsS5vp_14darwin_metrics4disk5testss_17test_get_for_path
FNDA:1,_RNvNtNtCsgIYKoLsS5vp_14darwin_metrics4disk5testss_18test_disk_creation
FNDA:1,_RNvNtNtCsgIYKoLsS5vp_14darwin_metrics4disk5testss_19test_is_nearly_full
FNDA:1,_RNvNtNtCsgIYKoLsS5vp_14darwin_metrics4disk5testss_20test_display_methods
FNDA:1,_RNvNtNtCsgIYKoLsS5vp_14darwin_metrics4disk5testss_20test_get_all_volumes
FNDA:1,_RNvNtNtCsgIYKoLsS5vp_14darwin_metrics4disk5testss_21test_detect_disk_type
FNDA:1,_RNvNtNtCsgIYKoLsS5vp_14darwin_metrics4disk5testss_21test_disk_monitor_new
FNDA:1,_RNvNtNtCsgIYKoLsS5vp_14darwin_metrics4disk5testss_21test_disk_performance
FNDA:1,_RNvNtNtCsgIYKoLsS5vp_14darwin_metrics4disk5testss_22test_disk_type_default
FNDA:1,_RNvNtNtCsgIYKoLsS5vp_14darwin_metrics4disk5testss_22test_disk_with_details
FNDA:1,_RNvNtNtCsgIYKoLsS5vp_14darwin_metrics4disk5testss_22test_volume_comparison
FNDA:1,_RNvNtNtCsgIYKoLsS5vp_14darwin_metrics4disk5testss_23test_disk_stats_default
FNDA:1,_RNvNtNtCsgIYKoLsS5vp_14darwin_metrics4disk5testss_23test_get_root_disk_info
FNDA:1,_RNvNtNtCsgIYKoLsS5vp_14darwin_metrics4disk5testss_24test_get_volume_for_path
FNDA:1,_RNvNtNtCsgIYKoLsS5vp_14darwin_metrics4disk5testss_25test_disk_monitor_default
FNDA:1,_RNvNtNtCsgIYKoLsS5vp_14darwin_metrics4disk5testss_26test_disk_usage_percentage
FNDA:1,_RNvNtNtCsgIYKoLsS5vp_14darwin_metrics4disk5testss_26test_format_bytes_detailed
FNDA:1,_RNvNtNtCsgIYKoLsS5vp_14darwin_metrics4disk5testss_26test_get_volumes_filtering
FNDA:1,_RNvNtNtCsgIYKoLsS5vp_14darwin_metrics4disk5testss_28test_format_bytes_edge_cases
FNDA:1,_RNvNtNtCsgIYKoLsS5vp_14darwin_metrics4disk5testss_28test_is_nearly_full_extended
FNDA:1,_RNvNtNtCsgIYKoLsS5vp_14darwin_metrics4disk5testss_29test_display_methods_extended
FNDA:1,_RNvNtNtCsgIYKoLsS5vp_14darwin_metrics4disk5testss_29test_get_for_path_error_cases
FNDA:1,_RNvNtNtCsgIYKoLsS5vp_14darwin_metrics4disk5testss_29test_get_for_path_performance
FNDA:1,_RNvNtNtCsgIYKoLsS5vp_14darwin_metrics4disk5testss_31test_empty_performance_fallback
FNDA:1,_RNvNtNtCsgIYKoLsS5vp_14darwin_metrics4disk5testss_31test_get_for_path_comprehensive
FNDA:1,_RNvNtNtCsgIYKoLsS5vp_14darwin_metrics4disk5testss_32test_disk_usage_percentage_cases
FNDA:1,_RNvNtNtCsgIYKoLsS5vp_14darwin_metrics4disk5testss_33test_get_performance_initial_call
FNDA:1,_RNvNtNtCsgIYKoLsS5vp_14darwin_metrics4disk5testss_33test_multiple_performance_updates
FNDA:1,_RNvNtNtCsgIYKoLsS5vp_14darwin_metrics4disk5testss_35test_disk_usage_percentage_extended
FNDA:1,_RNvNtNtCsgIYKoLsS5vp_14darwin_metrics4disk5testss_36test_performance_metrics_calculation
FNDA:1,_RNvNtNtCsgIYKoLsS5vp_14darwin_metrics4disk5testss_37test_get_for_path_disk_type_detection
FNDA:1,_RNvNtNtCsgIYKoLsS5vp_14darwin_metrics4disk5testss_37test_get_for_path_with_relative_paths
FNF:40
FNH:40
DA:5,1
DA:6,1
DA:7,1
DA:8,1
DA:9,1
DA:10,1
DA:13,1
DA:14,1
DA:15,1
DA:16,1
DA:17,1
DA:18,1
DA:19,1
DA:20,1
DA:21,1
DA:22,1
DA:23,1
DA:24,1
DA:25,1
DA:26,1
DA:27,1
DA:28,1
DA:29,1
DA:30,1
DA:31,1
DA:32,1
DA:33,1
DA:34,1
DA:37,1
DA:38,1
DA:39,1
DA:40,1
DA:41,1
DA:42,1
DA:43,1
DA:44,1
DA:47,1
DA:48,1
DA:49,1
DA:50,1
DA:52,1
DA:53,1
DA:54,1
DA:55,1
DA:56,1
DA:57,1
DA:58,1
DA:59,0
DA:60,1
DA:63,1
DA:64,1
DA:65,1
DA:66,1
DA:68,1
DA:69,1
DA:72,1
DA:73,1
DA:75,10
DA:76,9
DA:77,9
DA:78,0
DA:79,1
DA:82,1
DA:83,1
DA:84,1
DA:85,1
DA:86,1
DA:87,1
DA:88,1
DA:89,1
DA:90,1
DA:91,1
DA:92,1
DA:93,1
DA:94,1
DA:96,1
DA:97,1
DA:99,2
DA:100,1
DA:101,1
DA:102,1
DA:103,1
DA:104,1
DA:105,1
DA:106,1
DA:107,1
DA:108,1
DA:109,1
DA:110,1
DA:111,1
DA:112,1
DA:113,1
DA:114,1
DA:115,1
DA:116,1
DA:117,0
DA:118,1
DA:121,1
DA:122,1
DA:123,1
DA:126,1
DA:127,1
DA:128,1
DA:129,1
DA:130,1
DA:131,1
DA:132,1
DA:133,1
DA:134,1
DA:135,1
DA:136,1
DA:139,1
DA:140,1
DA:141,1
DA:142,1
DA:143,1
DA:144,1
DA:145,1
DA:146,1
DA:147,1
DA:148,1
DA:149,1
DA:150,1
DA:151,1
DA:152,1
DA:155,1
DA:156,1
DA:157,1
DA:158,1
DA:159,1
DA:160,1
DA:161,1
DA:162,1
DA:163,1
DA:164,1
DA:165,1
DA:166,1
DA:167,1
DA:168,1
DA:169,1
DA:170,1
DA:171,1
DA:172,1
DA:175,1
DA:176,1
DA:177,1
DA:178,1
DA:179,1
DA:182,1
DA:183,1
DA:184,1
DA:187,1
DA:188,1
DA:189,1
DA:190,1
DA:193,1
DA:194,1
DA:195,1
DA:196,1
DA:197,1
DA:198,1
DA:199,1
DA:200,1
DA:201,1
DA:202,1
DA:203,1
DA:204,1
DA:205,1
DA:207,1
DA:208,1
DA:209,1
DA:210,1
DA:211,1
DA:214,1
DA:215,1
DA:216,1
DA:217,1
DA:218,1
DA:219,1
DA:222,1
DA:223,1
DA:224,1
DA:225,1
DA:226,1
DA:229,1
DA:230,1
DA:231,1
DA:232,1
DA:233,1
DA:236,1
DA:238,1
DA:239,1
DA:240,1
DA:241,1
DA:242,1
DA:243,1
DA:244,1
DA:245,1
DA:246,1
DA:249,1
DA:250,1
DA:251,1
DA:252,1
DA:253,1
DA:254,1
DA:255,1
DA:256,1
DA:257,1
DA:258,1
DA:259,1
DA:262,1
DA:263,1
DA:264,1
DA:265,1
DA:268,1
DA:269,1
DA:270,1
DA:273,1
DA:274,1
DA:275,1
DA:278,1
DA:279,1
DA:280,1
DA:281,1
DA:282,1
DA:283,1
DA:284,1
DA:285,1
DA:286,1
DA:287,1
DA:290,1
DA:291,1
DA:292,1
DA:293,1
DA:294,1
DA:297,1
DA:298,1
DA:299,1
DA:300,1
DA:303,1
DA:304,1
DA:305,1
DA:306,1
DA:307,1
DA:308,1
DA:309,1
DA:310,1
DA:311,1
DA:312,1
DA:313,1
DA:315,1
DA:316,1
DA:317,1
DA:318,1
DA:319,1
DA:320,1
DA:321,1
DA:322,1
DA:323,1
DA:324,1
DA:327,1
DA:328,1
DA:329,1
DA:330,1
DA:331,1
DA:332,1
DA:333,1
DA:336,1
DA:337,1
DA:338,1
DA:339,1
DA:340,1
DA:341,1
DA:342,1
DA:343,1
DA:344,1
DA:345,1
DA:346,1
DA:347,1
DA:348,1
DA:349,1
DA:350,1
DA:353,1
DA:354,1
DA:355,1
DA:356,1
DA:357,1
DA:360,1
DA:361,1
DA:362,1
DA:363,1
DA:365,1
DA:367,1
DA:368,1
DA:369,1
DA:370,1
DA:371,1
DA:374,1
DA:375,1
DA:378,1
DA:379,1
DA:380,0
DA:383,1
DA:384,1
DA:385,1
DA:386,1
DA:388,1
DA:389,1
DA:390,1
DA:391,0
DA:392,0
DA:395,1
DA:396,4
DA:397,3
DA:398,3
DA:400,3
DA:401,3
DA:402,3
DA:403,0
DA:405,1
DA:408,1
DA:409,1
DA:410,1
DA:411,1
DA:414,1
DA:415,1
DA:419,1
DA:420,1
DA:421,1
DA:422,1
DA:423,1
DA:424,1
DA:426,4
DA:427,3
DA:428,3
DA:429,3
DA:430,3
DA:431,1
DA:434,1
DA:435,1
DA:436,1
DA:438,1
DA:441,1
DA:442,1
DA:443,0
DA:444,1
DA:454,0
DA:458,1
DA:459,0
DA:460,1
DA:463,1
DA:464,0
DA:465,1
DA:468,1
DA:469,1
DA:470,1
DA:472,6
DA:473,5
DA:475,5
DA:476,3
DA:477,3
DA:478,3
DA:479,2
DA:481,1
DA:484,1
DA:488,1
DA:489,1
DA:490,1
DA:491,1
DA:492,10
DA:493,10
DA:496,1
DA:497,1
DA:498,1
DA:499,1
DA:500,1
DA:501,1
DA:502,1
DA:503,1
DA:508,1
DA:509,1
DA:510,1
DA:511,1
DA:512,1
DA:514,1
DA:515,1
DA:517,10
DA:519,9
DA:520,9
DA:521,9
DA:522,9
DA:525,9
DA:526,0
DA:527,9
DA:537,0
DA:541,9
DA:544,9
DA:545,1
DA:546,8
DA:548,9
DA:552,1
DA:553,1
DA:554,0
DA:555,1
DA:558,1
DA:559,1
DA:560,1
DA:561,1
DA:562,1
DA:563,1
DA:564,1
DA:565,1
DA:566,1
DA:568,4
DA:569,3
DA:570,3
DA:572,3
DA:574,3
DA:575,3
DA:576,3
DA:577,3
DA:579,3
DA:580,3
DA:581,3
DA:582,3
DA:583,3
DA:584,3
DA:585,3
DA:586,3
DA:587,3
DA:588,3
DA:589,1
DA:590,1
DA:591,2
DA:592,0
DA:596,1
DA:597,1
DA:598,1
DA:601,1
DA:602,1
DA:603,1
DA:604,1
DA:605,1
DA:606,1
DA:607,1
DA:610,1
DA:611,1
DA:613,1
DA:615,1
DA:616,1
DA:618,1
DA:620,1
DA:621,1
DA:622,1
DA:623,1
DA:624,1
DA:625,0
DA:626,0
DA:627,1
DA:630,1
DA:631,1
DA:632,1
DA:633,1
DA:636,10
DA:637,9
DA:638,9
DA:639,9
DA:642,9
DA:643,8
DA:644,1
DA:646,1
DA:649,1
DA:650,1
DA:651,1
DA:652,1
DA:653,1
DA:654,1
DA:655,1
DA:656,1
DA:659,1
DA:660,1
DA:662,1
DA:664,1
DA:667,1
DA:668,1
DA:669,1
DA:670,1
DA:671,1
DA:672,1
DA:673,1
DA:674,1
DA:675,1
DA:676,1
DA:677,0
DA:680,1
DA:681,1
DA:682,0
DA:685,1
DA:686,1
DA:688,1
DA:690,1
DA:693,1
DA:696,1
DA:697,1
DA:698,0
DA:699,0
DA:700,0
DA:701,0
DA:703,0
DA:704,0
DA:705,1
DA:708,1
DA:714,1
DA:715,1
DA:716,1
DA:717,1
DA:718,1
DA:719,1
DA:720,1
DA:721,1
DA:722,1
DA:723,1
DA:724,1
DA:726,1
DA:727,1
DA:728,1
DA:730,1
DA:732,1
DA:733,1
DA:734,1
DA:735,1
DA:736,1
DA:737,1
DA:740,1
DA:741,1
DA:742,0
DA:743,0
DA:744,0
DA:748,1
DA:749,1
DA:750,1
DA:751,1
DA:752,1
DA:753,1
DA:754,0
DA:755,0
DA:756,1
DA:759,1
DA:760,1
DA:761,1
DA:762,1
DA:763,1
DA:764,1
DA:765,1
DA:766,1
DA:767,1
DA:768,1
DA:769,1
DA:770,1
DA:771,1
DA:772,1
DA:773,1
DA:774,1
DA:775,1
DA:776,1
DA:777,1
DA:778,1
DA:779,1
DA:780,1
DA:781,1
DA:782,1
DA:783,1
DA:784,1
DA:785,1
DA:786,1
DA:787,1
DA:788,1
DA:789,1
DA:790,1
DA:792,1
DA:794,1
DA:796,1
DA:798,1
DA:799,1
DA:800,1
DA:801,1
DA:802,1
DA:803,1
DA:804,1
DA:805,1
DA:806,1
DA:807,0
DA:808,0
DA:809,1
DA:812,1
DA:813,1
DA:814,1
DA:815,1
DA:816,1
DA:817,1
DA:818,1
DA:821,1
DA:824,4
DA:825,3
DA:826,3
DA:828,3
DA:829,3
DA:832,3
DA:833,3
DA:834,3
DA:835,3
DA:837,3
DA:838,3
DA:839,3
DA:840,3
DA:841,3
DA:842,3
DA:843,3
DA:844,0
DA:847,3
DA:851,1
DA:852,1
DA:853,1
BRF:0
BRH:0
LF:626
LH:593
end_of_record
SF:/Users/smeya/git/darwin-metrics/src/error.rs
FN:86,_RINvMNtCsgIYKoLsS5vp_14darwin_metrics5errorNtB3_5Error12invalid_dataNtNtCsaxtFaqkp5wQ_5alloc6string6StringEB5_
FN:86,_RINvMNtCsgIYKoLsS5vp_14darwin_metrics5errorNtB3_5Error12invalid_dataReEB5_
FN:96,_RINvMNtCsgIYKoLsS5vp_14darwin_metrics5errorNtB3_5Error13not_availableReEB5_
FN:111,_RINvMNtCsgIYKoLsS5vp_14darwin_metrics5errorNtB3_5Error13process_errorNtNtCsaxtFaqkp5wQ_5alloc6string6StringEB5_
FN:111,_RINvMNtCsgIYKoLsS5vp_14darwin_metrics5errorNtB3_5Error13process_errorReEB5_
FN:91,_RINvMNtCsgIYKoLsS5vp_14darwin_metrics5errorNtB3_5Error15not_implementedReEB5_
FN:101,_RINvMNtCsgIYKoLsS5vp_14darwin_metrics5errorNtB3_5Error17permission_deniedReEB5_
FN:106,_RINvMNtCsgIYKoLsS5vp_14darwin_metrics5errorNtB3_5Error17service_not_foundNtNtCsaxtFaqkp5wQ_5alloc6string6StringEB5_
FN:106,_RINvMNtCsgIYKoLsS5vp_14darwin_metrics5errorNtB3_5Error17service_not_foundReEB5_
FN:76,_RINvMNtCsgIYKoLsS5vp_14darwin_metrics5errorNtB3_5Error6io_kitNtNtCsaxtFaqkp5wQ_5alloc6string6StringEB5_
FN:76,_RINvMNtCsgIYKoLsS5vp_14darwin_metrics5errorNtB3_5Error6io_kitReEB5_
FN:81,_RINvMNtCsgIYKoLsS5vp_14darwin_metrics5errorNtB3_5Error6systemNtNtCsaxtFaqkp5wQ_5alloc6string6StringEB5_
FN:81,_RINvMNtCsgIYKoLsS5vp_14darwin_metrics5errorNtB3_5Error6systemReEB5_
FN:254,_RNvNtNtCsgIYKoLsS5vp_14darwin_metrics5error5testss_18test_from_io_error
FN:190,_RNvNtNtCsgIYKoLsS5vp_14darwin_metrics5error5testss_21test_error_details_io
FN:207,_RNvNtNtCsgIYKoLsS5vp_14darwin_metrics5error5testss_24test_error_details_iokit
FN:221,_RNvNtNtCsgIYKoLsS5vp_14darwin_metrics5error5testss_24test_error_details_other
FN:162,_RNvNtNtCsgIYKoLsS5vp_14darwin_metrics5error5testss_27test_error_creation_methods
FN:244,_RNvNtNtCsgIYKoLsS5vp_14darwin_metrics5error5testss_27test_error_is_not_available
FN:199,_RNvNtNtCsgIYKoLsS5vp_14darwin_metrics5error5testss_29test_error_details_permission
FN:228,_RNvNtNtCsgIYKoLsS5vp_14darwin_metrics5error5testss_30test_error_is_permission_error
FN:214,_RNvNtNtCsgIYKoLsS5vp_14darwin_metrics5error5testss_32test_error_details_not_available
FN:141,_RNvMNtCsgIYKoLsS5vp_14darwin_metrics5errorNtB2_5Error16is_not_available
FN:135,_RNvMNtCsgIYKoLsS5vp_14darwin_metrics5errorNtB2_5Error19is_permission_error
FN:116,_RNvMNtCsgIYKoLsS5vp_14darwin_metrics5errorNtB2_5Error7details
FN:151,_RNvXs_NtCsgIYKoLsS5vp_14darwin_metrics5errorNtB4_5ErrorINtNtCs4P3ALgZxGbJ_4core7convert4FromNtNtNtCsfXerQ7jTsRl_3std2io5error5ErrorE4from
FN:86,_RINvMNtCs91f72AaJhYn_14darwin_metrics5errorNtB3_5Error12invalid_dataNtNtCsaxtFaqkp5wQ_5alloc6string6StringEB5_
FN:86,_RINvMNtCs91f72AaJhYn_14darwin_metrics5errorNtB3_5Error12invalid_dataReEB5_
FN:111,_RINvMNtCs91f72AaJhYn_14darwin_metrics5errorNtB3_5Error13process_errorNtNtCsaxtFaqkp5wQ_5alloc6string6StringEB5_
FN:111,_RINvMNtCs91f72AaJhYn_14darwin_metrics5errorNtB3_5Error13process_errorReEB5_
FN:106,_RINvMNtCs91f72AaJhYn_14darwin_metrics5errorNtB3_5Error17service_not_foundNtNtCsaxtFaqkp5wQ_5alloc6string6StringEB5_
FN:106,_RINvMNtCs91f72AaJhYn_14darwin_metrics5errorNtB3_5Error17service_not_foundReEB5_
FN:76,_RINvMNtCs91f72AaJhYn_14darwin_metrics5errorNtB3_5Error6io_kitNtNtCsaxtFaqkp5wQ_5alloc6string6StringEB5_
FN:81,_RINvMNtCs91f72AaJhYn_14darwin_metrics5errorNtB3_5Error6systemNtNtCsaxtFaqkp5wQ_5alloc6string6StringEB5_
FN:81,_RINvMNtCs91f72AaJhYn_14darwin_metrics5errorNtB3_5Error6systemReEB5_
FN:96,_RINvMNtCs91f72AaJhYn_14darwin_metrics5errorNtB3_5Error13not_availablepEB5_
FN:91,_RINvMNtCs91f72AaJhYn_14darwin_metrics5errorNtB3_5Error15not_implementedpEB5_
FN:101,_RINvMNtCs91f72AaJhYn_14darwin_metrics5errorNtB3_5Error17permission_deniedpEB5_
FN:141,_RNvMNtCs91f72AaJhYn_14darwin_metrics5errorNtB2_5Error16is_not_available
FN:135,_RNvMNtCs91f72AaJhYn_14darwin_metrics5errorNtB2_5Error19is_permission_error
FN:116,_RNvMNtCs91f72AaJhYn_14darwin_metrics5errorNtB2_5Error7details
FN:151,_RNvXs_NtCs91f72AaJhYn_14darwin_metrics5errorNtB4_5ErrorINtNtCs4P3ALgZxGbJ_4core7convert4FromNtNtNtCsfXerQ7jTsRl_3std2io5error5ErrorE4from
FNDA:1,_RINvMNtCsgIYKoLsS5vp_14darwin_metrics5errorNtB3_5Error12invalid_dataNtNtCsaxtFaqkp5wQ_5alloc6string6StringEB5_
FNDA:5,_RINvMNtCsgIYKoLsS5vp_14darwin_metrics5errorNtB3_5Error12invalid_dataReEB5_
FNDA:1,_RINvMNtCsgIYKoLsS5vp_14darwin_metrics5errorNtB3_5Error13not_availableReEB5_
FNDA:2601,_RINvMNtCsgIYKoLsS5vp_14darwin_metrics5errorNtB3_5Error13process_errorNtNtCsaxtFaqkp5wQ_5alloc6string6StringEB5_
FNDA:1,_RINvMNtCsgIYKoLsS5vp_14darwin_metrics5errorNtB3_5Error13process_errorReEB5_
FNDA:1,_RINvMNtCsgIYKoLsS5vp_14darwin_metrics5errorNtB3_5Error15not_implementedReEB5_
FNDA:1,_RINvMNtCsgIYKoLsS5vp_14darwin_metrics5errorNtB3_5Error17permission_deniedReEB5_
FNDA:2,_RINvMNtCsgIYKoLsS5vp_14darwin_metrics5errorNtB3_5Error17service_not_foundNtNtCsaxtFaqkp5wQ_5alloc6string6StringEB5_
FNDA:2,_RINvMNtCsgIYKoLsS5vp_14darwin_metrics5errorNtB3_5Error17service_not_foundReEB5_
FNDA:4,_RINvMNtCsgIYKoLsS5vp_14darwin_metrics5errorNtB3_5Error6io_kitNtNtCsaxtFaqkp5wQ_5alloc6string6StringEB5_
FNDA:1,_RINvMNtCsgIYKoLsS5vp_14darwin_metrics5errorNtB3_5Error6io_kitReEB5_
FNDA:3,_RINvMNtCsgIYKoLsS5vp_14darwin_metrics5errorNtB3_5Error6systemNtNtCsaxtFaqkp5wQ_5alloc6string6StringEB5_
FNDA:11,_RINvMNtCsgIYKoLsS5vp_14darwin_metrics5errorNtB3_5Error6systemReEB5_
FNDA:1,_RNvNtNtCsgIYKoLsS5vp_14darwin_metrics5error5testss_18test_from_io_error
FNDA:1,_RNvNtNtCsgIYKoLsS5vp_14darwin_metrics5error5testss_21test_error_details_io
FNDA:1,_RNvNtNtCsgIYKoLsS5vp_14darwin_metrics5error5testss_24test_error_details_iokit
FNDA:1,_RNvNtNtCsgIYKoLsS5vp_14darwin_metrics5error5testss_24test_error_details_other
FNDA:1,_RNvNtNtCsgIYKoLsS5vp_14darwin_metrics5error5testss_27test_error_creation_methods
FNDA:1,_RNvNtNtCsgIYKoLsS5vp_14darwin_metrics5error5testss_27test_error_is_not_available
FNDA:1,_RNvNtNtCsgIYKoLsS5vp_14darwin_metrics5error5testss_29test_error_details_permission
FNDA:1,_RNvNtNtCsgIYKoLsS5vp_14darwin_metrics5error5testss_30test_error_is_permission_error
FNDA:1,_RNvNtNtCsgIYKoLsS5vp_14darwin_metrics5error5testss_32test_error_details_not_available
FNDA:2,_RNvMNtCsgIYKoLsS5vp_14darwin_metrics5errorNtB2_5Error16is_not_available
FNDA:4,_RNvMNtCsgIYKoLsS5vp_14darwin_metrics5errorNtB2_5Error19is_permission_error
FNDA:6,_RNvMNtCsgIYKoLsS5vp_14darwin_metrics5errorNtB2_5Error7details
FNDA:1,_RNvXs_NtCsgIYKoLsS5vp_14darwin_metrics5errorNtB4_5ErrorINtNtCs4P3ALgZxGbJ_4core7convert4FromNtNtNtCsfXerQ7jTsRl_3std2io5error5ErrorE4from
FNDA:0,_RINvMNtCs91f72AaJhYn_14darwin_metrics5errorNtB3_5Error12invalid_dataNtNtCsaxtFaqkp5wQ_5alloc6string6StringEB5_
FNDA:0,_RINvMNtCs91f72AaJhYn_14darwin_metrics5errorNtB3_5Error12invalid_dataReEB5_
FNDA:0,_RINvMNtCs91f72AaJhYn_14darwin_metrics5errorNtB3_5Error13process_errorNtNtCsaxtFaqkp5wQ_5alloc6string6StringEB5_
FNDA:0,_RINvMNtCs91f72AaJhYn_14darwin_metrics5errorNtB3_5Error13process_errorReEB5_
FNDA:0,_RINvMNtCs91f72AaJhYn_14darwin_metrics5errorNtB3_5Error17service_not_foundNtNtCsaxtFaqkp5wQ_5alloc6string6StringEB5_
FNDA:0,_RINvMNtCs91f72AaJhYn_14darwin_metrics5errorNtB3_5Error17service_not_foundReEB5_
FNDA:0,_RINvMNtCs91f72AaJhYn_14darwin_metrics5errorNtB3_5Error6io_kitNtNtCsaxtFaqkp5wQ_5alloc6string6StringEB5_
FNDA:0,_RINvMNtCs91f72AaJhYn_14darwin_metrics5errorNtB3_5Error6systemNtNtCsaxtFaqkp5wQ_5alloc6string6StringEB5_
FNDA:0,_RINvMNtCs91f72AaJhYn_14darwin_metrics5errorNtB3_5Error6systemReEB5_
FNDA:0,_RINvMNtCs91f72AaJhYn_14darwin_metrics5errorNtB3_5Error13not_availablepEB5_
FNDA:0,_RINvMNtCs91f72AaJhYn_14darwin_metrics5errorNtB3_5Error15not_implementedpEB5_
FNDA:0,_RINvMNtCs91f72AaJhYn_14darwin_metrics5errorNtB3_5Error17permission_deniedpEB5_
FNDA:0,_RNvMNtCs91f72AaJhYn_14darwin_metrics5errorNtB2_5Error16is_not_available
FNDA:0,_RNvMNtCs91f72AaJhYn_14darwin_metrics5errorNtB2_5Error19is_permission_error
FNDA:0,_RNvMNtCs91f72AaJhYn_14darwin_metrics5errorNtB2_5Error7details
FNDA:0,_RNvXs_NtCs91f72AaJhYn_14darwin_metrics5errorNtB4_5ErrorINtNtCs4P3ALgZxGbJ_4core7convert4FromNtNtNtCsfXerQ7jTsRl_3std2io5error5ErrorE4from
FNF:21
FNH:21
DA:76,5
DA:77,5
DA:78,5
DA:81,14
DA:82,14
DA:83,14
DA:86,6
DA:87,6
DA:88,6
DA:91,1
DA:92,1
DA:93,1
DA:96,1
DA:97,1
DA:98,1
DA:101,1
DA:102,1
DA:103,1
DA:106,4
DA:107,4
DA:108,4
DA:111,2602
DA:112,2602
DA:113,2602
DA:116,6
DA:117,6
DA:118,1
DA:119,2
DA:120,2
DA:122,1
DA:123,1
DA:124,1
DA:125,1
DA:126,1
DA:127,1
DA:128,1
DA:129,1
DA:130,1
DA:132,6
DA:135,4
DA:136,4
DA:137,2
DA:138,4
DA:141,2
DA:142,2
DA:143,2
DA:151,1
DA:152,1
DA:153,1
DA:162,1
DA:163,1
DA:164,1
DA:165,1
DA:167,1
DA:168,1
DA:170,1
DA:171,1
DA:173,1
DA:174,1
DA:176,1
DA:177,1
DA:179,1
DA:180,1
DA:182,1
DA:183,1
DA:185,1
DA:186,1
DA:187,1
DA:190,1
DA:191,1
DA:192,1
DA:193,1
DA:194,1
DA:195,1
DA:196,1
DA:199,1
DA:200,1
DA:201,1
DA:202,1
DA:203,1
DA:204,1
DA:207,1
DA:208,1
DA:209,1
DA:210,1
DA:211,1
DA:214,1
DA:215,1
DA:216,1
DA:217,1
DA:218,1
DA:221,1
DA:222,1
DA:223,1
DA:224,1
DA:225,1
DA:228,1
DA:229,1
DA:230,1
DA:231,1
DA:233,1
DA:234,1
DA:236,1
DA:237,1
DA:239,1
DA:240,1
DA:241,1
DA:244,1
DA:245,1
DA:246,1
DA:247,1
DA:249,1
DA:250,1
DA:251,1
DA:254,1
DA:255,1
DA:256,1
DA:257,1
DA:259,1
DA:260,1
DA:261,1
DA:263,0
DA:265,1
BRF:0
BRH:0
LF:123
LH:122
end_of_record
SF:/Users/smeya/git/darwin-metrics/src/hardware/cpu/cpu_impl.rs
FN:336,_RNCNvMs0_NtNtNtCsgIYKoLsS5vp_14darwin_metrics8hardware3cpu8cpu_implNtB7_3CPU13new_with_mocks_0Bd_
FN:334,_RNCNvMs0_NtNtNtCsgIYKoLsS5vp_14darwin_metrics8hardware3cpu8cpu_implNtB7_3CPU13new_with_mock0Bd_
FN:259,_RNvMNtNtNtCsgIYKoLsS5vp_14darwin_metrics8hardware3cpu8cpu_implNtB2_3CPU17frequency_metrics
FN:278,_RNCNvMNtNtNtCsgIYKoLsS5vp_14darwin_metrics8hardware3cpu8cpu_implNtB4_3CPU17max_frequency_mhz0Ba_
FN:269,_RNCNvMNtNtNtCsgIYKoLsS5vp_14darwin_metrics8hardware3cpu8cpu_implNtB4_3CPU17min_frequency_mhz0Ba_
FN:287,_RNCNvMNtNtNtCsgIYKoLsS5vp_14darwin_metrics8hardware3cpu8cpu_implNtB4_3CPU21available_frequencies0Ba_
FN:226,_RNvMNtNtNtCsgIYKoLsS5vp_14darwin_metrics8hardware3cpu8cpu_implNtB2_3CPU10core_usage
FN:238,_RNvMNtNtNtCsgIYKoLsS5vp_14darwin_metrics8hardware3cpu8cpu_implNtB2_3CPU10model_name
FN:247,_RNvMNtNtNtCsgIYKoLsS5vp_14darwin_metrics8hardware3cpu8cpu_implNtB2_3CPU11temperature
FN:214,_RNvMNtNtNtCsgIYKoLsS5vp_14darwin_metrics8hardware3cpu8cpu_implNtB2_3CPU13frequency_mhz
FN:202,_RNvMNtNtNtCsgIYKoLsS5vp_14darwin_metrics8hardware3cpu8cpu_implNtB2_3CPU13logical_cores
FN:190,_RNvMNtNtNtCsgIYKoLsS5vp_14darwin_metrics8hardware3cpu8cpu_implNtB2_3CPU14physical_cores
FN:149,_RNvMNtNtNtCsgIYKoLsS5vp_14darwin_metrics8hardware3cpu8cpu_implNtB2_3CPU16fetch_core_usage
FN:277,_RNvMNtNtNtCsgIYKoLsS5vp_14darwin_metrics8hardware3cpu8cpu_implNtB2_3CPU17max_frequency_mhz
FN:268,_RNvMNtNtNtCsgIYKoLsS5vp_14darwin_metrics8hardware3cpu8cpu_implNtB2_3CPU17min_frequency_mhz
FN:286,_RNvMNtNtNtCsgIYKoLsS5vp_14darwin_metrics8hardware3cpu8cpu_implNtB2_3CPU21available_frequencies
FN:178,_RNvMNtNtNtCsgIYKoLsS5vp_14darwin_metrics8hardware3cpu8cpu_implNtB2_3CPU21fetch_cpu_temperature
FN:71,_RNvMNtNtNtCsgIYKoLsS5vp_14darwin_metrics8hardware3cpu8cpu_implNtB2_3CPU3new
FN:99,_RNvMNtNtNtCsgIYKoLsS5vp_14darwin_metrics8hardware3cpu8cpu_implNtB2_3CPU6update
FN:330,_RNvMs0_NtNtNtCsgIYKoLsS5vp_14darwin_metrics8hardware3cpu8cpu_implNtB5_3CPU13new_with_mock
FN:304,_RNvXs_NtNtNtCsgIYKoLsS5vp_14darwin_metrics8hardware3cpu8cpu_implNtB4_3CPUNtB6_10CpuMetrics13get_cpu_usage
FN:322,_RNvXs_NtNtNtCsgIYKoLsS5vp_14darwin_metrics8hardware3cpu8cpu_implNtB4_3CPUNtB6_10CpuMetrics17get_cpu_frequency
FN:313,_RNvXs_NtNtNtCsgIYKoLsS5vp_14darwin_metrics8hardware3cpu8cpu_implNtB4_3CPUNtB6_10CpuMetrics19get_cpu_temperature
FN:278,_RNCNvMNtNtNtCs91f72AaJhYn_14darwin_metrics8hardware3cpu8cpu_implNtB4_3CPU17max_frequency_mhz0Ba_
FN:269,_RNCNvMNtNtNtCs91f72AaJhYn_14darwin_metrics8hardware3cpu8cpu_implNtB4_3CPU17min_frequency_mhz0Ba_
FN:287,_RNCNvMNtNtNtCs91f72AaJhYn_14darwin_metrics8hardware3cpu8cpu_implNtB4_3CPU21available_frequencies0Ba_
FN:226,_RNvMNtNtNtCs91f72AaJhYn_14darwin_metrics8hardware3cpu8cpu_implNtB2_3CPU10core_usage
FN:238,_RNvMNtNtNtCs91f72AaJhYn_14darwin_metrics8hardware3cpu8cpu_implNtB2_3CPU10model_name
FN:247,_RNvMNtNtNtCs91f72AaJhYn_14darwin_metrics8hardware3cpu8cpu_implNtB2_3CPU11temperature
FN:214,_RNvMNtNtNtCs91f72AaJhYn_14darwin_metrics8hardware3cpu8cpu_implNtB2_3CPU13frequency_mhz
FN:202,_RNvMNtNtNtCs91f72AaJhYn_14darwin_metrics8hardware3cpu8cpu_implNtB2_3CPU13logical_cores
FN:190,_RNvMNtNtNtCs91f72AaJhYn_14darwin_metrics8hardware3cpu8cpu_implNtB2_3CPU14physical_cores
FN:149,_RNvMNtNtNtCs91f72AaJhYn_14darwin_metrics8hardware3cpu8cpu_implNtB2_3CPU16fetch_core_usage
FN:259,_RNvMNtNtNtCs91f72AaJhYn_14darwin_metrics8hardware3cpu8cpu_implNtB2_3CPU17frequency_metrics
FN:277,_RNvMNtNtNtCs91f72AaJhYn_14darwin_metrics8hardware3cpu8cpu_implNtB2_3CPU17max_frequency_mhz
FN:268,_RNvMNtNtNtCs91f72AaJhYn_14darwin_metrics8hardware3cpu8cpu_implNtB2_3CPU17min_frequency_mhz
FN:286,_RNvMNtNtNtCs91f72AaJhYn_14darwin_metrics8hardware3cpu8cpu_implNtB2_3CPU21available_frequencies
FN:178,_RNvMNtNtNtCs91f72AaJhYn_14darwin_metrics8hardware3cpu8cpu_implNtB2_3CPU21fetch_cpu_temperature
FN:71,_RNvMNtNtNtCs91f72AaJhYn_14darwin_metrics8hardware3cpu8cpu_implNtB2_3CPU3new
FN:99,_RNvMNtNtNtCs91f72AaJhYn_14darwin_metrics8hardware3cpu8cpu_implNtB2_3CPU6update
FN:304,_RNvXs_NtNtNtCs91f72AaJhYn_14darwin_metrics8hardware3cpu8cpu_implNtB4_3CPUNtB6_10CpuMetrics13get_cpu_usage
FN:322,_RNvXs_NtNtNtCs91f72AaJhYn_14darwin_metrics8hardware3cpu8cpu_implNtB4_3CPUNtB6_10CpuMetrics17get_cpu_frequency
FN:313,_RNvXs_NtNtNtCs91f72AaJhYn_14darwin_metrics8hardware3cpu8cpu_implNtB4_3CPUNtB6_10CpuMetrics19get_cpu_temperature
FNDA:0,_RNCNvMs0_NtNtNtCsgIYKoLsS5vp_14darwin_metrics8hardware3cpu8cpu_implNtB7_3CPU13new_with_mocks_0Bd_
FNDA:0,_RNCNvMs0_NtNtNtCsgIYKoLsS5vp_14darwin_metrics8hardware3cpu8cpu_implNtB7_3CPU13new_with_mock0Bd_
FNDA:0,_RNvMNtNtNtCsgIYKoLsS5vp_14darwin_metrics8hardware3cpu8cpu_implNtB2_3CPU17frequency_metrics
FNDA:1,_RNCNvMNtNtNtCsgIYKoLsS5vp_14darwin_metrics8hardware3cpu8cpu_implNtB4_3CPU17max_frequency_mhz0Ba_
FNDA:1,_RNCNvMNtNtNtCsgIYKoLsS5vp_14darwin_metrics8hardware3cpu8cpu_implNtB4_3CPU17min_frequency_mhz0Ba_
FNDA:1,_RNCNvMNtNtNtCsgIYKoLsS5vp_14darwin_metrics8hardware3cpu8cpu_implNtB4_3CPU21available_frequencies0Ba_
FNDA:6,_RNvMNtNtNtCsgIYKoLsS5vp_14darwin_metrics8hardware3cpu8cpu_implNtB2_3CPU10core_usage
FNDA:1,_RNvMNtNtNtCsgIYKoLsS5vp_14darwin_metrics8hardware3cpu8cpu_implNtB2_3CPU10model_name
FNDA:1,_RNvMNtNtNtCsgIYKoLsS5vp_14darwin_metrics8hardware3cpu8cpu_implNtB2_3CPU11temperature
FNDA:2,_RNvMNtNtNtCsgIYKoLsS5vp_14darwin_metrics8hardware3cpu8cpu_implNtB2_3CPU13frequency_mhz
FNDA:3,_RNvMNtNtNtCsgIYKoLsS5vp_14darwin_metrics8hardware3cpu8cpu_implNtB2_3CPU13logical_cores
FNDA:1,_RNvMNtNtNtCsgIYKoLsS5vp_14darwin_metrics8hardware3cpu8cpu_implNtB2_3CPU14physical_cores
FNDA:0,_RNvMNtNtNtCsgIYKoLsS5vp_14darwin_metrics8hardware3cpu8cpu_implNtB2_3CPU16fetch_core_usage
FNDA:1,_RNvMNtNtNtCsgIYKoLsS5vp_14darwin_metrics8hardware3cpu8cpu_implNtB2_3CPU17max_frequency_mhz
FNDA:1,_RNvMNtNtNtCsgIYKoLsS5vp_14darwin_metrics8hardware3cpu8cpu_implNtB2_3CPU17min_frequency_mhz
FNDA:1,_RNvMNtNtNtCsgIYKoLsS5vp_14darwin_metrics8hardware3cpu8cpu_implNtB2_3CPU21available_frequencies
FNDA:0,_RNvMNtNtNtCsgIYKoLsS5vp_14darwin_metrics8hardware3cpu8cpu_implNtB2_3CPU21fetch_cpu_temperature
FNDA:2,_RNvMNtNtNtCsgIYKoLsS5vp_14darwin_metrics8hardware3cpu8cpu_implNtB2_3CPU3new
FNDA:2,_RNvMNtNtNtCsgIYKoLsS5vp_14darwin_metrics8hardware3cpu8cpu_implNtB2_3CPU6update
FNDA:6,_RNvMs0_NtNtNtCsgIYKoLsS5vp_14darwin_metrics8hardware3cpu8cpu_implNtB5_3CPU13new_with_mock
FNDA:4,_RNvXs_NtNtNtCsgIYKoLsS5vp_14darwin_metrics8hardware3cpu8cpu_implNtB4_3CPUNtB6_10CpuMetrics13get_cpu_usage
FNDA:1,_RNvXs_NtNtNtCsgIYKoLsS5vp_14darwin_metrics8hardware3cpu8cpu_implNtB4_3CPUNtB6_10CpuMetrics17get_cpu_frequency
FNDA:1,_RNvXs_NtNtNtCsgIYKoLsS5vp_14darwin_metrics8hardware3cpu8cpu_implNtB4_3CPUNtB6_10CpuMetrics19get_cpu_temperature
FNDA:0,_RNCNvMNtNtNtCs91f72AaJhYn_14darwin_metrics8hardware3cpu8cpu_implNtB4_3CPU17max_frequency_mhz0Ba_
FNDA:0,_RNCNvMNtNtNtCs91f72AaJhYn_14darwin_metrics8hardware3cpu8cpu_implNtB4_3CPU17min_frequency_mhz0Ba_
FNDA:0,_RNCNvMNtNtNtCs91f72AaJhYn_14darwin_metrics8hardware3cpu8cpu_implNtB4_3CPU21available_frequencies0Ba_
FNDA:0,_RNvMNtNtNtCs91f72AaJhYn_14darwin_metrics8hardware3cpu8cpu_implNtB2_3CPU10core_usage
FNDA:0,_RNvMNtNtNtCs91f72AaJhYn_14darwin_metrics8hardware3cpu8cpu_implNtB2_3CPU10model_name
FNDA:0,_RNvMNtNtNtCs91f72AaJhYn_14darwin_metrics8hardware3cpu8cpu_implNtB2_3CPU11temperature
FNDA:0,_RNvMNtNtNtCs91f72AaJhYn_14darwin_metrics8hardware3cpu8cpu_implNtB2_3CPU13frequency_mhz
FNDA:0,_RNvMNtNtNtCs91f72AaJhYn_14darwin_metrics8hardware3cpu8cpu_implNtB2_3CPU13logical_cores
FNDA:0,_RNvMNtNtNtCs91f72AaJhYn_14darwin_metrics8hardware3cpu8cpu_implNtB2_3CPU14physical_cores
FNDA:0,_RNvMNtNtNtCs91f72AaJhYn_14darwin_metrics8hardware3cpu8cpu_implNtB2_3CPU16fetch_core_usage
FNDA:0,_RNvMNtNtNtCs91f72AaJhYn_14darwin_metrics8hardware3cpu8cpu_implNtB2_3CPU17frequency_metrics
FNDA:0,_RNvMNtNtNtCs91f72AaJhYn_14darwin_metrics8hardware3cpu8cpu_implNtB2_3CPU17max_frequency_mhz
FNDA:0,_RNvMNtNtNtCs91f72AaJhYn_14darwin_metrics8hardware3cpu8cpu_implNtB2_3CPU17min_frequency_mhz
FNDA:0,_RNvMNtNtNtCs91f72AaJhYn_14darwin_metrics8hardware3cpu8cpu_implNtB2_3CPU21available_frequencies
FNDA:0,_RNvMNtNtNtCs91f72AaJhYn_14darwin_metrics8hardware3cpu8cpu_implNtB2_3CPU21fetch_cpu_temperature
FNDA:0,_RNvMNtNtNtCs91f72AaJhYn_14darwin_metrics8hardware3cpu8cpu_implNtB2_3CPU3new
FNDA:0,_RNvMNtNtNtCs91f72AaJhYn_14darwin_metrics8hardware3cpu8cpu_implNtB2_3CPU6update
FNDA:0,_RNvXs_NtNtNtCs91f72AaJhYn_14darwin_metrics8hardware3cpu8cpu_implNtB4_3CPUNtB6_10CpuMetrics13get_cpu_usage
FNDA:0,_RNvXs_NtNtNtCs91f72AaJhYn_14darwin_metrics8hardware3cpu8cpu_implNtB4_3CPUNtB6_10CpuMetrics17get_cpu_frequency
FNDA:0,_RNvXs_NtNtNtCs91f72AaJhYn_14darwin_metrics8hardware3cpu8cpu_implNtB4_3CPUNtB6_10CpuMetrics19get_cpu_temperature
FNF:23
FNH:18
DA:71,2
DA:72,2
DA:73,2
DA:74,2
DA:75,2
DA:76,2
DA:77,2
DA:78,2
DA:79,2
DA:80,2
DA:81,2
DA:82,2
DA:83,2
DA:84,0
DA:85,2
DA:99,2
DA:100,2
DA:104,0
DA:105,0
DA:106,0
DA:107,0
DA:108,0
DA:109,0
DA:110,0
DA:111,0
DA:112,0
DA:113,0
DA:114,0
DA:115,0
DA:116,0
DA:117,0
DA:118,0
DA:119,0
DA:122,0
DA:126,0
DA:127,0
DA:128,0
DA:129,0
DA:130,0
DA:131,0
DA:132,0
DA:133,2
DA:149,0
DA:150,0
DA:151,0
DA:152,0
DA:153,0
DA:154,0
DA:155,0
DA:156,0
DA:157,0
DA:158,0
DA:159,0
DA:160,0
DA:161,0
DA:162,0
DA:163,0
DA:164,0
DA:165,0
DA:167,0
DA:168,0
DA:178,0
DA:179,0
DA:180,0
DA:190,1
DA:191,1
DA:192,1
DA:202,3
DA:203,3
DA:204,3
DA:214,2
DA:215,2
DA:216,2
DA:226,6
DA:227,6
DA:228,6
DA:238,1
DA:239,1
DA:240,1
DA:247,1
DA:248,1
DA:249,1
DA:259,0
DA:260,0
DA:261,0
DA:268,1
DA:269,1
DA:270,1
DA:277,1
DA:278,1
DA:279,1
DA:286,1
DA:287,1
DA:288,1
DA:304,4
DA:305,4
DA:306,4
DA:313,1
DA:314,1
DA:315,1
DA:322,1
DA:323,1
DA:324,1
DA:330,6
DA:331,6
DA:332,6
DA:333,6
DA:334,6
DA:335,6
DA:336,6
DA:338,0
DA:339,6
DA:340,6
DA:341,6
DA:342,6
DA:343,6
DA:344,6
DA:345,6
DA:346,6
DA:347,6
DA:348,6
DA:349,6
DA:350,6
DA:351,6
DA:352,6
DA:353,6
DA:354,6
DA:355,6
DA:356,6
DA:357,6
DA:358,6
DA:359,6
BRF:0
BRH:0
LF:138
LH:84
end_of_record
SF:/Users/smeya/git/darwin-metrics/src/hardware/cpu/frequency.rs
FN:70,_RNvXNtNtNtCsgIYKoLsS5vp_14darwin_metrics8hardware3cpu9frequencyNtB2_16FrequencyMonitorNtNtCs4P3ALgZxGbJ_4core7default7Default7default
FN:150,_RNCNvNtNtNtCsgIYKoLsS5vp_14darwin_metrics8hardware3cpu9frequency30fetch_sysctl_frequency_by_name0B9_
FN:97,_RNvMs_NtNtNtCsgIYKoLsS5vp_14darwin_metrics8hardware3cpu9frequencyNtB4_16FrequencyMonitor11get_metrics
FN:81,_RNvMs_NtNtNtCsgIYKoLsS5vp_14darwin_metrics8hardware3cpu9frequencyNtB4_16FrequencyMonitor3new
FN:120,_RNvNtNtNtCsgIYKoLsS5vp_14darwin_metrics8hardware3cpu9frequency17retrieve_cpu_info
FN:110,_RNvNtNtNtCsgIYKoLsS5vp_14darwin_metrics8hardware3cpu9frequency21fetch_cpu_frequencies
FN:146,_RNvNtNtNtCsgIYKoLsS5vp_14darwin_metrics8hardware3cpu9frequency30fetch_sysctl_frequency_by_name
FN:150,_RNCNvNtNtNtCs91f72AaJhYn_14darwin_metrics8hardware3cpu9frequency30fetch_sysctl_frequency_by_name0B9_
FN:97,_RNvMs_NtNtNtCs91f72AaJhYn_14darwin_metrics8hardware3cpu9frequencyNtB4_16FrequencyMonitor11get_metrics
FN:81,_RNvMs_NtNtNtCs91f72AaJhYn_14darwin_metrics8hardware3cpu9frequencyNtB4_16FrequencyMonitor3new
FN:120,_RNvNtNtNtCs91f72AaJhYn_14darwin_metrics8hardware3cpu9frequency17retrieve_cpu_info
FN:110,_RNvNtNtNtCs91f72AaJhYn_14darwin_metrics8hardware3cpu9frequency21fetch_cpu_frequencies
FN:146,_RNvNtNtNtCs91f72AaJhYn_14darwin_metrics8hardware3cpu9frequency30fetch_sysctl_frequency_by_name
FN:70,_RNvXNtNtNtCs91f72AaJhYn_14darwin_metrics8hardware3cpu9frequencyNtB2_16FrequencyMonitorNtNtCs4P3ALgZxGbJ_4core7default7Default7default
FNDA:0,_RNvXNtNtNtCsgIYKoLsS5vp_14darwin_metrics8hardware3cpu9frequencyNtB2_16FrequencyMonitorNtNtCs4P3ALgZxGbJ_4core7default7Default7default
FNDA:0,_RNCNvNtNtNtCsgIYKoLsS5vp_14darwin_metrics8hardware3cpu9frequency30fetch_sysctl_frequency_by_name0B9_
FNDA:1,_RNvMs_NtNtNtCsgIYKoLsS5vp_14darwin_metrics8hardware3cpu9frequencyNtB4_16FrequencyMonitor11get_metrics
FNDA:10,_RNvMs_NtNtNtCsgIYKoLsS5vp_14darwin_metrics8hardware3cpu9frequencyNtB4_16FrequencyMonitor3new
FNDA:1,_RNvNtNtNtCsgIYKoLsS5vp_14darwin_metrics8hardware3cpu9frequency17retrieve_cpu_info
FNDA:1,_RNvNtNtNtCsgIYKoLsS5vp_14darwin_metrics8hardware3cpu9frequency21fetch_cpu_frequencies
FNDA:1,_RNvNtNtNtCsgIYKoLsS5vp_14darwin_metrics8hardware3cpu9frequency30fetch_sysctl_frequency_by_name
FNDA:0,_RNCNvNtNtNtCs91f72AaJhYn_14darwin_metrics8hardware3cpu9frequency30fetch_sysctl_frequency_by_name0B9_
FNDA:0,_RNvMs_NtNtNtCs91f72AaJhYn_14darwin_metrics8hardware3cpu9frequencyNtB4_16FrequencyMonitor11get_metrics
FNDA:0,_RNvMs_NtNtNtCs91f72AaJhYn_14darwin_metrics8hardware3cpu9frequencyNtB4_16FrequencyMonitor3new
FNDA:0,_RNvNtNtNtCs91f72AaJhYn_14darwin_metrics8hardware3cpu9frequency17retrieve_cpu_info
FNDA:0,_RNvNtNtNtCs91f72AaJhYn_14darwin_metrics8hardware3cpu9frequency21fetch_cpu_frequencies
FNDA:0,_RNvNtNtNtCs91f72AaJhYn_14darwin_metrics8hardware3cpu9frequency30fetch_sysctl_frequency_by_name
FNDA:0,_RNvXNtNtNtCs91f72AaJhYn_14darwin_metrics8hardware3cpu9frequencyNtB2_16FrequencyMonitorNtNtCs4P3ALgZxGbJ_4core7default7Default7default
FNF:7
FNH:5
DA:70,0
DA:71,0
DA:72,0
DA:81,10
DA:82,10
DA:83,10
DA:97,1
DA:98,1
DA:99,1
DA:110,1
DA:111,1
DA:112,0
DA:113,0
DA:114,0
DA:115,0
DA:116,0
DA:117,0
DA:118,1
DA:120,1
DA:125,1
DA:126,0
DA:127,0
DA:131,0
DA:132,0
DA:133,0
DA:134,0
DA:135,0
DA:136,0
DA:137,0
DA:138,0
DA:139,0
DA:140,0
DA:141,0
DA:143,0
DA:144,1
DA:146,1
DA:150,1
DA:151,0
DA:152,1
DA:154,1
DA:155,1
DA:156,1
DA:157,1
DA:158,1
DA:159,1
DA:160,1
DA:161,1
DA:162,1
DA:163,1
DA:164,1
DA:165,1
DA:166,1
DA:167,1
DA:168,1
DA:169,1
DA:170,0
DA:171,0
DA:172,0
DA:173,1
BRF:0
BRH:0
LF:61
LH:32
end_of_record
SF:/Users/smeya/git/darwin-metrics/src/hardware/cpu/tests.rs
FN:16,_RNvNtNtNtCsgIYKoLsS5vp_14darwin_metrics8hardware3cpu5testss_14test_cpu_usage
FN:74,_RNvNtNtNtCsgIYKoLsS5vp_14darwin_metrics8hardware3cpu5testss_16test_real_update
FN:231,_RNvNtNtNtCsgIYKoLsS5vp_14darwin_metrics8hardware3cpu5testss_22test_core_usage_values
FN:25,_RNvNtNtNtCsgIYKoLsS5vp_14darwin_metrics8hardware3cpu5testss_22test_cpu_metrics_trait
FN:34,_RNvNtNtNtCsgIYKoLsS5vp_14darwin_metrics8hardware3cpu5testss_22test_frequency_metrics
FN:4,_RNvNtNtNtCsgIYKoLsS5vp_14darwin_metrics8hardware3cpu5testss_23test_cpu_initialization
FN:95,_RNvNtNtNtCsgIYKoLsS5vp_14darwin_metrics8hardware3cpu5testss_26test_frequency_monitor_new
FN:54,_RNvNtNtNtCsgIYKoLsS5vp_14darwin_metrics8hardware3cpu5testss_28test_create_from_constructor
FN:143,_RNvNtNtNtCsgIYKoLsS5vp_14darwin_metrics8hardware3cpu5testss_28test_frequency_metrics_clone
FN:161,_RNvNtNtNtCsgIYKoLsS5vp_14darwin_metrics8hardware3cpu5testss_28test_frequency_metrics_debug
FN:125,_RNvNtNtNtCsgIYKoLsS5vp_14darwin_metrics8hardware3cpu5testss_29test_frequency_metrics_struct
FN:102,_RNvNtNtNtCsgIYKoLsS5vp_14darwin_metrics8hardware3cpu5testss_30test_frequency_monitor_default
FN:180,_RNvNtNtNtCsgIYKoLsS5vp_14darwin_metrics8hardware3cpu5testss_31test_frequency_metrics_equality
FN:109,_RNvNtNtNtCsgIYKoLsS5vp_14darwin_metrics8hardware3cpu5testss_34test_frequency_monitor_get_metrics
FN:208,_RNvNtNtNtCsgIYKoLsS5vp_14darwin_metrics8hardware3cpu5testss_38test_available_frequencies_calculation
FN:246,_RNvNtNtNtCsgIYKoLsS5vp_14darwin_metrics8hardware3cpu5testss_42test_core_usage_with_different_core_counts
FNDA:1,_RNvNtNtNtCsgIYKoLsS5vp_14darwin_metrics8hardware3cpu5testss_14test_cpu_usage
FNDA:1,_RNvNtNtNtCsgIYKoLsS5vp_14darwin_metrics8hardware3cpu5testss_16test_real_update
FNDA:1,_RNvNtNtNtCsgIYKoLsS5vp_14darwin_metrics8hardware3cpu5testss_22test_core_usage_values
FNDA:1,_RNvNtNtNtCsgIYKoLsS5vp_14darwin_metrics8hardware3cpu5testss_22test_cpu_metrics_trait
FNDA:1,_RNvNtNtNtCsgIYKoLsS5vp_14darwin_metrics8hardware3cpu5testss_22test_frequency_metrics
FNDA:1,_RNvNtNtNtCsgIYKoLsS5vp_14darwin_metrics8hardware3cpu5testss_23test_cpu_initialization
FNDA:1,_RNvNtNtNtCsgIYKoLsS5vp_14darwin_metrics8hardware3cpu5testss_26test_frequency_monitor_new
FNDA:1,_RNvNtNtNtCsgIYKoLsS5vp_14darwin_metrics8hardware3cpu5testss_28test_create_from_constructor
FNDA:1,_RNvNtNtNtCsgIYKoLsS5vp_14darwin_metrics8hardware3cpu5testss_28test_frequency_metrics_clone
FNDA:1,_RNvNtNtNtCsgIYKoLsS5vp_14darwin_metrics8hardware3cpu5testss_28test_frequency_metrics_debug
FNDA:1,_RNvNtNtNtCsgIYKoLsS5vp_14darwin_metrics8hardware3cpu5testss_29test_frequency_metrics_struct
FNDA:1,_RNvNtNtNtCsgIYKoLsS5vp_14darwin_metrics8hardware3cpu5testss_30test_frequency_monitor_default
FNDA:1,_RNvNtNtNtCsgIYKoLsS5vp_14darwin_metrics8hardware3cpu5testss_31test_frequency_metrics_equality
FNDA:1,_RNvNtNtNtCsgIYKoLsS5vp_14darwin_metrics8hardware3cpu5testss_34test_frequency_monitor_get_metrics
FNDA:1,_RNvNtNtNtCsgIYKoLsS5vp_14darwin_metrics8hardware3cpu5testss_38test_available_frequencies_calculation
FNDA:1,_RNvNtNtNtCsgIYKoLsS5vp_14darwin_metrics8hardware3cpu5testss_42test_core_usage_with_different_core_counts
FNF:16
FNH:16
DA:4,1
DA:5,1
DA:6,1
DA:7,1
DA:8,1
DA:9,1
DA:10,1
DA:11,1
DA:12,1
DA:13,1
DA:16,1
DA:17,1
DA:18,1
DA:19,1
DA:20,1
DA:21,1
DA:22,1
DA:25,1
DA:26,1
DA:27,1
DA:28,1
DA:29,1
DA:30,1
DA:31,1
DA:34,1
DA:35,1
DA:36,1
DA:37,1
DA:38,1
DA:39,1
DA:41,1
DA:42,1
DA:43,1
DA:44,1
DA:45,0
DA:46,1
DA:54,1
DA:55,1
DA:56,1
DA:57,1
DA:58,1
DA:59,0
DA:60,0
DA:61,0
DA:62,0
DA:63,0
DA:64,0
DA:66,1
DA:67,1
DA:68,1
DA:69,1
DA:71,1
DA:74,1
DA:75,1
DA:76,1
DA:78,1
DA:80,0
DA:81,0
DA:82,0
DA:83,0
DA:84,0
DA:85,0
DA:86,0
DA:87,0
DA:88,0
DA:89,1
DA:90,1
DA:95,1
DA:96,1
DA:97,1
DA:98,1
DA:99,1
DA:102,1
DA:103,1
DA:104,1
DA:105,1
DA:106,1
DA:109,1
DA:110,1
DA:111,1
DA:112,1
DA:113,1
DA:114,1
DA:115,1
DA:116,0
DA:117,0
DA:118,0
DA:119,0
DA:120,0
DA:121,1
DA:122,1
DA:125,1
DA:126,1
DA:127,1
DA:128,1
DA:129,1
DA:130,1
DA:131,1
DA:132,1
DA:133,1
DA:134,1
DA:135,1
DA:136,1
DA:137,1
DA:138,1
DA:139,1
DA:140,1
DA:143,1
DA:144,1
DA:145,1
DA:146,1
DA:147,1
DA:148,1
DA:149,1
DA:150,1
DA:151,1
DA:152,1
DA:153,1
DA:154,1
DA:155,1
DA:156,1
DA:157,1
DA:158,1
DA:161,1
DA:162,1
DA:163,1
DA:164,1
DA:165,1
DA:166,1
DA:167,1
DA:168,1
DA:169,1
DA:170,1
DA:171,1
DA:172,1
DA:173,1
DA:174,1
DA:175,1
DA:176,1
DA:177,1
DA:180,1
DA:181,1
DA:182,1
DA:183,1
DA:184,1
DA:185,1
DA:186,1
DA:187,1
DA:188,1
DA:189,1
DA:190,1
DA:191,1
DA:192,1
DA:193,1
DA:194,1
DA:195,1
DA:196,1
DA:197,1
DA:198,1
DA:199,1
DA:200,1
DA:201,1
DA:202,1
DA:203,1
DA:204,1
DA:205,1
DA:208,1
DA:209,1
DA:210,1
DA:211,1
DA:212,1
DA:213,1
DA:214,1
DA:215,1
DA:216,1
DA:217,1
DA:218,1
DA:219,4
DA:220,4
DA:221,3
DA:222,1
DA:226,1
DA:227,1
DA:228,1
DA:231,1
DA:232,1
DA:233,1
DA:234,1
DA:235,1
DA:236,1
DA:237,1
DA:240,8
DA:241,8
DA:243,1
DA:246,1
DA:247,1
DA:248,1
DA:249,1
DA:250,1
DA:251,1
DA:252,1
DA:255,8
DA:256,8
DA:260,1
DA:261,1
DA:262,1
DA:263,1
DA:264,1
BRF:0
BRH:0
LF:208
LH:187
end_of_record
SF:/Users/smeya/git/darwin-metrics/src/hardware/gpu/mod.rs
FN:502,_RNCNvMNtNtCsgIYKoLsS5vp_14darwin_metrics8hardware3gpuNtB4_3Gpu15get_temperature0B8_
FN:58,_RNCNvMNtNtCsgIYKoLsS5vp_14darwin_metrics8hardware3gpuNtB4_3Gpu3new0B8_
FN:72,_RNCNvMNtNtCsgIYKoLsS5vp_14darwin_metrics8hardware3gpuNtB4_3Gpu4name0B8_
FN:259,_RNCNvMNtNtCsgIYKoLsS5vp_14darwin_metrics8hardware3gpuNtB4_3Gpu7metrics0B8_
FN:731,_RNvMNtNtCsgIYKoLsS5vp_14darwin_metrics8hardware3gpuNtB2_3Gpu13get_cpu_cores
FN:232,_RNvMNtNtCsgIYKoLsS5vp_14darwin_metrics8hardware3gpuNtB2_3Gpu13get_cpu_model
FN:485,_RNvMNtNtCsgIYKoLsS5vp_14darwin_metrics8hardware3gpuNtB2_3Gpu15get_temperature
FN:431,_RNvMNtNtCsgIYKoLsS5vp_14darwin_metrics8hardware3gpuNtB2_3Gpu16get_memory_stats
FN:303,_RNvMNtNtCsgIYKoLsS5vp_14darwin_metrics8hardware3gpuNtB2_3Gpu19get_characteristics
FN:376,_RNvMNtNtCsgIYKoLsS5vp_14darwin_metrics8hardware3gpuNtB2_3Gpu20estimate_memory_info
FN:607,_RNvMNtNtCsgIYKoLsS5vp_14darwin_metrics8hardware3gpuNtB2_3Gpu20estimate_utilization
FN:705,_RNvMNtNtCsgIYKoLsS5vp_14darwin_metrics8hardware3gpuNtB2_3Gpu23get_cpu_usage_component
FN:114,_RNvMNtNtCsgIYKoLsS5vp_14darwin_metrics8hardware3gpuNtB2_3Gpu25detect_apple_silicon_chip
FN:639,_RNvMNtNtCsgIYKoLsS5vp_14darwin_metrics8hardware3gpuNtB2_3Gpu25get_system_load_component
FN:654,_RNvMNtNtCsgIYKoLsS5vp_14darwin_metrics8hardware3gpuNtB2_3Gpu30get_process_activity_component
FN:56,_RNvMNtNtCsgIYKoLsS5vp_14darwin_metrics8hardware3gpuNtB2_3Gpu3new
FN:70,_RNvMNtNtCsgIYKoLsS5vp_14darwin_metrics8hardware3gpuNtB2_3Gpu4name
FN:258,_RNvMNtNtCsgIYKoLsS5vp_14darwin_metrics8hardware3gpuNtB2_3Gpu7metrics
FN:185,_RNvMNtNtCsgIYKoLsS5vp_14darwin_metrics8hardware3gpuNtB2_3Gpu16detect_intel_gpu
FN:762,_RNCNvXs_NtNtCsgIYKoLsS5vp_14darwin_metrics8hardware3gpuNtB6_3GpuNtNtNtCs4P3ALgZxGbJ_4core3ops4drop4Drop4drop0Ba_
FN:759,_RNvXs_NtNtCsgIYKoLsS5vp_14darwin_metrics8hardware3gpuNtB4_3GpuNtNtNtCs4P3ALgZxGbJ_4core3ops4drop4Drop4drop
FN:762,_RNCNvXs_NtNtCs91f72AaJhYn_14darwin_metrics8hardware3gpuNtB6_3GpuNtNtNtCs4P3ALgZxGbJ_4core3ops4drop4Drop4drop0Ba_
FN:759,_RNvXs_NtNtCs91f72AaJhYn_14darwin_metrics8hardware3gpuNtB4_3GpuNtNtNtCs4P3ALgZxGbJ_4core3ops4drop4Drop4drop
FN:232,_RNvMNtNtCs91f72AaJhYn_14darwin_metrics8hardware3gpuNtB2_3Gpu13get_cpu_model
FN:185,_RNvMNtNtCs91f72AaJhYn_14darwin_metrics8hardware3gpuNtB2_3Gpu16detect_intel_gpu
FN:502,_RNCNvMNtNtCs91f72AaJhYn_14darwin_metrics8hardware3gpuNtB4_3Gpu15get_temperature0B8_
FN:58,_RNCNvMNtNtCs91f72AaJhYn_14darwin_metrics8hardware3gpuNtB4_3Gpu3new0B8_
FN:72,_RNCNvMNtNtCs91f72AaJhYn_14darwin_metrics8hardware3gpuNtB4_3Gpu4name0B8_
FN:259,_RNCNvMNtNtCs91f72AaJhYn_14darwin_metrics8hardware3gpuNtB4_3Gpu7metrics0B8_
FN:731,_RNvMNtNtCs91f72AaJhYn_14darwin_metrics8hardware3gpuNtB2_3Gpu13get_cpu_cores
FN:485,_RNvMNtNtCs91f72AaJhYn_14darwin_metrics8hardware3gpuNtB2_3Gpu15get_temperature
FN:431,_RNvMNtNtCs91f72AaJhYn_14darwin_metrics8hardware3gpuNtB2_3Gpu16get_memory_stats
FN:303,_RNvMNtNtCs91f72AaJhYn_14darwin_metrics8hardware3gpuNtB2_3Gpu19get_characteristics
FN:376,_RNvMNtNtCs91f72AaJhYn_14darwin_metrics8hardware3gpuNtB2_3Gpu20estimate_memory_info
FN:607,_RNvMNtNtCs91f72AaJhYn_14darwin_metrics8hardware3gpuNtB2_3Gpu20estimate_utilization
FN:705,_RNvMNtNtCs91f72AaJhYn_14darwin_metrics8hardware3gpuNtB2_3Gpu23get_cpu_usage_component
FN:114,_RNvMNtNtCs91f72AaJhYn_14darwin_metrics8hardware3gpuNtB2_3Gpu25detect_apple_silicon_chip
FN:639,_RNvMNtNtCs91f72AaJhYn_14darwin_metrics8hardware3gpuNtB2_3Gpu25get_system_load_component
FN:654,_RNvMNtNtCs91f72AaJhYn_14darwin_metrics8hardware3gpuNtB2_3Gpu30get_process_activity_component
FN:56,_RNvMNtNtCs91f72AaJhYn_14darwin_metrics8hardware3gpuNtB2_3Gpu3new
FN:70,_RNvMNtNtCs91f72AaJhYn_14darwin_metrics8hardware3gpuNtB2_3Gpu4name
FN:258,_RNvMNtNtCs91f72AaJhYn_14darwin_metrics8hardware3gpuNtB2_3Gpu7metrics
FNDA:0,_RNCNvMNtNtCsgIYKoLsS5vp_14darwin_metrics8hardware3gpuNtB4_3Gpu15get_temperature0B8_
FNDA:8,_RNCNvMNtNtCsgIYKoLsS5vp_14darwin_metrics8hardware3gpuNtB4_3Gpu3new0B8_
FNDA:3,_RNCNvMNtNtCsgIYKoLsS5vp_14darwin_metrics8hardware3gpuNtB4_3Gpu4name0B8_
FNDA:2,_RNCNvMNtNtCsgIYKoLsS5vp_14darwin_metrics8hardware3gpuNtB4_3Gpu7metrics0B8_
FNDA:5,_RNvMNtNtCsgIYKoLsS5vp_14darwin_metrics8hardware3gpuNtB2_3Gpu13get_cpu_cores
FNDA:1,_RNvMNtNtCsgIYKoLsS5vp_14darwin_metrics8hardware3gpuNtB2_3Gpu13get_cpu_model
FNDA:2,_RNvMNtNtCsgIYKoLsS5vp_14darwin_metrics8hardware3gpuNtB2_3Gpu15get_temperature
FNDA:3,_RNvMNtNtCsgIYKoLsS5vp_14darwin_metrics8hardware3gpuNtB2_3Gpu16get_memory_stats
FNDA:6,_RNvMNtNtCsgIYKoLsS5vp_14darwin_metrics8hardware3gpuNtB2_3Gpu19get_characteristics
FNDA:3,_RNvMNtNtCsgIYKoLsS5vp_14darwin_metrics8hardware3gpuNtB2_3Gpu20estimate_memory_info
FNDA:5,_RNvMNtNtCsgIYKoLsS5vp_14darwin_metrics8hardware3gpuNtB2_3Gpu20estimate_utilization
FNDA:5,_RNvMNtNtCsgIYKoLsS5vp_14darwin_metrics8hardware3gpuNtB2_3Gpu23get_cpu_usage_component
FNDA:9,_RNvMNtNtCsgIYKoLsS5vp_14darwin_metrics8hardware3gpuNtB2_3Gpu25detect_apple_silicon_chip
FNDA:5,_RNvMNtNtCsgIYKoLsS5vp_14darwin_metrics8hardware3gpuNtB2_3Gpu25get_system_load_component
FNDA:5,_RNvMNtNtCsgIYKoLsS5vp_14darwin_metrics8hardware3gpuNtB2_3Gpu30get_process_activity_component
FNDA:8,_RNvMNtNtCsgIYKoLsS5vp_14darwin_metrics8hardware3gpuNtB2_3Gpu3new
FNDA:3,_RNvMNtNtCsgIYKoLsS5vp_14darwin_metrics8hardware3gpuNtB2_3Gpu4name
FNDA:2,_RNvMNtNtCsgIYKoLsS5vp_14darwin_metrics8hardware3gpuNtB2_3Gpu7metrics
FNDA:0,_RNvMNtNtCsgIYKoLsS5vp_14darwin_metrics8hardware3gpuNtB2_3Gpu16detect_intel_gpu
FNDA:8,_RNCNvXs_NtNtCsgIYKoLsS5vp_14darwin_metrics8hardware3gpuNtB6_3GpuNtNtNtCs4P3ALgZxGbJ_4core3ops4drop4Drop4drop0Ba_
FNDA:8,_RNvXs_NtNtCsgIYKoLsS5vp_14darwin_metrics8hardware3gpuNtB4_3GpuNtNtNtCs4P3ALgZxGbJ_4core3ops4drop4Drop4drop
FNDA:0,_RNCNvXs_NtNtCs91f72AaJhYn_14darwin_metrics8hardware3gpuNtB6_3GpuNtNtNtCs4P3ALgZxGbJ_4core3ops4drop4Drop4drop0Ba_
FNDA:0,_RNvXs_NtNtCs91f72AaJhYn_14darwin_metrics8hardware3gpuNtB4_3GpuNtNtNtCs4P3ALgZxGbJ_4core3ops4drop4Drop4drop
FNDA:0,_RNvMNtNtCs91f72AaJhYn_14darwin_metrics8hardware3gpuNtB2_3Gpu13get_cpu_model
FNDA:0,_RNvMNtNtCs91f72AaJhYn_14darwin_metrics8hardware3gpuNtB2_3Gpu16detect_intel_gpu
FNDA:0,_RNCNvMNtNtCs91f72AaJhYn_14darwin_metrics8hardware3gpuNtB4_3Gpu15get_temperature0B8_
FNDA:0,_RNCNvMNtNtCs91f72AaJhYn_14darwin_metrics8hardware3gpuNtB4_3Gpu3new0B8_
FNDA:0,_RNCNvMNtNtCs91f72AaJhYn_14darwin_metrics8hardware3gpuNtB4_3Gpu4name0B8_
FNDA:0,_RNCNvMNtNtCs91f72AaJhYn_14darwin_metrics8hardware3gpuNtB4_3Gpu7metrics0B8_
FNDA:0,_RNvMNtNtCs91f72AaJhYn_14darwin_metrics8hardware3gpuNtB2_3Gpu13get_cpu_cores
FNDA:0,_RNvMNtNtCs91f72AaJhYn_14darwin_metrics8hardware3gpuNtB2_3Gpu15get_temperature
FNDA:0,_RNvMNtNtCs91f72AaJhYn_14darwin_metrics8hardware3gpuNtB2_3Gpu16get_memory_stats
FNDA:0,_RNvMNtNtCs91f72AaJhYn_14darwin_metrics8hardware3gpuNtB2_3Gpu19get_characteristics
FNDA:0,_RNvMNtNtCs91f72AaJhYn_14darwin_metrics8hardware3gpuNtB2_3Gpu20estimate_memory_info
FNDA:0,_RNvMNtNtCs91f72AaJhYn_14darwin_metrics8hardware3gpuNtB2_3Gpu20estimate_utilization
FNDA:0,_RNvMNtNtCs91f72AaJhYn_14darwin_metrics8hardware3gpuNtB2_3Gpu23get_cpu_usage_component
FNDA:0,_RNvMNtNtCs91f72AaJhYn_14darwin_metrics8hardware3gpuNtB2_3Gpu25detect_apple_silicon_chip
FNDA:0,_RNvMNtNtCs91f72AaJhYn_14darwin_metrics8hardware3gpuNtB2_3Gpu25get_system_load_component
FNDA:0,_RNvMNtNtCs91f72AaJhYn_14darwin_metrics8hardware3gpuNtB2_3Gpu30get_process_activity_component
FNDA:0,_RNvMNtNtCs91f72AaJhYn_14darwin_metrics8hardware3gpuNtB2_3Gpu3new
FNDA:0,_RNvMNtNtCs91f72AaJhYn_14darwin_metrics8hardware3gpuNtB2_3Gpu4name
FNDA:0,_RNvMNtNtCs91f72AaJhYn_14darwin_metrics8hardware3gpuNtB2_3Gpu7metrics
FNF:21
FNH:19
DA:56,8
DA:57,8
DA:58,8
DA:59,8
DA:60,8
DA:61,0
DA:63,8
DA:65,8
DA:66,8
DA:67,8
DA:68,8
DA:70,3
DA:71,3
DA:72,3
DA:74,3
DA:76,3
DA:77,3
DA:78,3
DA:79,3
DA:80,3
DA:81,3
DA:82,3
DA:83,3
DA:84,3
DA:85,3
DA:86,3
DA:87,0
DA:88,0
DA:89,0
DA:91,0
DA:94,0
DA:96,0
DA:97,0
DA:98,0
DA:99,0
DA:100,0
DA:101,0
DA:102,0
DA:105,0
DA:106,0
DA:107,0
DA:108,0
DA:109,0
DA:110,3
DA:111,3
DA:114,9
DA:115,9
DA:116,9
DA:117,9
DA:118,9
DA:119,9
DA:121,9
DA:122,9
DA:123,9
DA:124,9
DA:125,9
DA:126,9
DA:127,9
DA:128,9
DA:129,9
DA:130,0
DA:131,9
DA:132,9
DA:133,9
DA:134,9
DA:135,9
DA:136,9
DA:137,9
DA:138,9
DA:139,9
DA:140,9
DA:141,9
DA:142,9
DA:143,9
DA:144,9
DA:145,9
DA:146,0
DA:147,0
DA:148,0
DA:149,0
DA:150,0
DA:151,0
DA:154,9
DA:155,9
DA:156,0
DA:157,9
DA:158,0
DA:159,9
DA:160,0
DA:161,9
DA:162,9
DA:165,0
DA:166,0
DA:167,0
DA:169,0
DA:170,0
DA:171,0
DA:172,0
DA:173,0
DA:174,0
DA:175,0
[...]
FNDA:0,_RINvNtCsgIYKoLsS5vp_14darwin_metrics5utils16autorelease_poolINtNtCs4P3ALgZxGbJ_4core6result6ResultNtNtCsaxtFaqkp5wQ_5alloc6string6StringNtNtB4_5error5ErrorENCNvB2_8get_name0EB4_
FNDA:1,_RINvNtCsgIYKoLsS5vp_14darwin_metrics5utils16autorelease_poolNtNtCsaxtFaqkp5wQ_5alloc6string6StringNCNvNtB2_5testss_21test_autorelease_pools_0EB4_
FNDA:1,_RINvNtCsgIYKoLsS5vp_14darwin_metrics5utils16autorelease_poollNCNvNtB2_5testss_21test_autorelease_pool0EB4_
FNDA:0,_RNCINvNtCsgIYKoLsS5vp_14darwin_metrics5utils16autorelease_poolINtNtCs4P3ALgZxGbJ_4core6result6ResultNtNtCsaxtFaqkp5wQ_5alloc6string6StringNtNtB6_5error5ErrorENCNvB4_8get_name0E0B6_
FNDA:1,_RNCINvNtCsgIYKoLsS5vp_14darwin_metrics5utils16autorelease_poolNtNtCsaxtFaqkp5wQ_5alloc6string6StringNCNvNtB4_5testss_21test_autorelease_pools_0E0B6_
FNDA:1,_RNCINvNtCsgIYKoLsS5vp_14darwin_metrics5utils16autorelease_poollNCNvNtB4_5testss_21test_autorelease_pool0E0B6_
FNDA:0,_RNCNvNtCsgIYKoLsS5vp_14darwin_metrics5utils8get_name0B5_
FNDA:1,_RNCNvNtNtCsgIYKoLsS5vp_14darwin_metrics5utils5testss_21test_autorelease_pool0B7_
FNDA:1,_RNCNvNtNtCsgIYKoLsS5vp_14darwin_metrics5utils5testss_21test_autorelease_pools_0B7_
FNDA:2,_RNvNtCsgIYKoLsS5vp_14darwin_metrics5utils15c_str_to_string
FNDA:3,_RNvNtCsgIYKoLsS5vp_14darwin_metrics5utils17raw_str_to_string
FNDA:3,_RNvNtCsgIYKoLsS5vp_14darwin_metrics5utils20raw_f64_slice_to_vec
FNDA:1,_RNvNtCsgIYKoLsS5vp_14darwin_metrics5utils8get_name
FNDA:0,_RNCNvYpNtNtCsgIYKoLsS5vp_14darwin_metrics5utils13PropertyUtils17get_bool_property0B9_
FNDA:0,_RNCNvYpNtNtCsgIYKoLsS5vp_14darwin_metrics5utils13PropertyUtils17get_bool_propertys_0B9_
FNDA:0,_RNCNvYpNtNtCsgIYKoLsS5vp_14darwin_metrics5utils13PropertyUtils19get_number_property0B9_
FNDA:0,_RNCNvYpNtNtCsgIYKoLsS5vp_14darwin_metrics5utils13PropertyUtils19get_number_propertys_0B9_
FNDA:0,_RNCNvYpNtNtCsgIYKoLsS5vp_14darwin_metrics5utils13PropertyUtils19get_string_property0B9_
FNDA:0,_RNCNvYpNtNtCsgIYKoLsS5vp_14darwin_metrics5utils13PropertyUtils19get_string_propertys_0B9_
FNDA:0,_RNvYpNtNtCsgIYKoLsS5vp_14darwin_metrics5utils13PropertyUtils17get_bool_propertyB7_
FNDA:0,_RNvYpNtNtCsgIYKoLsS5vp_14darwin_metrics5utils13PropertyUtils19get_number_propertyB7_
FNDA:0,_RNvYpNtNtCsgIYKoLsS5vp_14darwin_metrics5utils13PropertyUtils19get_string_propertyB7_
FNDA:1,_RNvNtNtCsgIYKoLsS5vp_14darwin_metrics5utils5testss_19test_objc_safe_exec
FNDA:1,_RNvNtNtCsgIYKoLsS5vp_14darwin_metrics5utils5testss_20test_c_str_to_string
FNDA:1,_RNvNtNtCsgIYKoLsS5vp_14darwin_metrics5utils5testss_21test_autorelease_pool
FNDA:1,_RNvNtNtCsgIYKoLsS5vp_14darwin_metrics5utils5testss_22test_property_accessor
FNDA:1,_RNvNtNtCsgIYKoLsS5vp_14darwin_metrics5utils5testss_22test_raw_str_to_string
FNDA:1,_RNvNtNtCsgIYKoLsS5vp_14darwin_metrics5utils5testss_25test_get_name_null_device
FNDA:1,_RNvNtNtCsgIYKoLsS5vp_14darwin_metrics5utils5testss_25test_raw_f64_slice_to_vec
FNDA:0,_RNCNCNvNtCsgIYKoLsS5vp_14darwin_metrics5utils8get_name00B7_
FNDA:1,_RNCNvNtNtCsgIYKoLsS5vp_14darwin_metrics5utils5testss_19test_objc_safe_exec0B7_
FNDA:1,_RNCNvNtNtCsgIYKoLsS5vp_14darwin_metrics5utils5testss_19test_objc_safe_execs_0B7_
FNDA:0,_RNvNtCs91f72AaJhYn_14darwin_metrics5utils15c_str_to_string
FNDA:0,_RNvNtCs91f72AaJhYn_14darwin_metrics5utils17raw_str_to_string
FNDA:0,_RNvNtCs91f72AaJhYn_14darwin_metrics5utils20raw_f64_slice_to_vec
FNDA:0,_RNvNtCs91f72AaJhYn_14darwin_metrics5utils8get_name
FNDA:0,_RINvNtCs91f72AaJhYn_14darwin_metrics5utils14objc_safe_execNtNtCsaxtFaqkp5wQ_5alloc6string6StringNCNCNvB2_8get_name00EB4_
FNDA:0,_RINvNtCs91f72AaJhYn_14darwin_metrics5utils16autorelease_poolINtNtCs4P3ALgZxGbJ_4core6result6ResultNtNtCsaxtFaqkp5wQ_5alloc6string6StringNtNtB4_5error5ErrorENCNvB2_8get_name0EB4_
FNDA:0,_RNCINvNtCs91f72AaJhYn_14darwin_metrics5utils16autorelease_poolINtNtCs4P3ALgZxGbJ_4core6result6ResultNtNtCsaxtFaqkp5wQ_5alloc6string6StringNtNtB6_5error5ErrorENCNvB4_8get_name0E0B6_
FNDA:0,_RNCNvNtCs91f72AaJhYn_14darwin_metrics5utils8get_name0B5_
FNDA:0,_RNCNvYpNtNtCs91f72AaJhYn_14darwin_metrics5utils13PropertyUtils17get_bool_property0B9_
FNDA:0,_RNCNvYpNtNtCs91f72AaJhYn_14darwin_metrics5utils13PropertyUtils17get_bool_propertys_0B9_
FNDA:0,_RNCNvYpNtNtCs91f72AaJhYn_14darwin_metrics5utils13PropertyUtils19get_number_property0B9_
FNDA:0,_RNCNvYpNtNtCs91f72AaJhYn_14darwin_metrics5utils13PropertyUtils19get_number_propertys_0B9_
FNDA:0,_RNCNvYpNtNtCs91f72AaJhYn_14darwin_metrics5utils13PropertyUtils19get_string_property0B9_
FNDA:0,_RNCNvYpNtNtCs91f72AaJhYn_14darwin_metrics5utils13PropertyUtils19get_string_propertys_0B9_
FNDA:0,_RNvYpNtNtCs91f72AaJhYn_14darwin_metrics5utils13PropertyUtils17get_bool_propertyB7_
FNDA:0,_RNvYpNtNtCs91f72AaJhYn_14darwin_metrics5utils13PropertyUtils19get_number_propertyB7_
FNDA:0,_RNvYpNtNtCs91f72AaJhYn_14darwin_metrics5utils13PropertyUtils19get_string_propertyB7_
FNDA:0,_RNCNCNvNtCs91f72AaJhYn_14darwin_metrics5utils8get_name00B7_
FNF:29
FNH:18
DA:38,0
DA:39,0
DA:40,0
DA:41,0
DA:42,0
DA:43,0
DA:45,0
DA:46,0
DA:47,0
DA:48,0
DA:49,0
DA:50,0
DA:52,0
DA:53,0
DA:54,0
DA:55,0
DA:56,0
DA:57,0
DA:65,2
DA:66,2
DA:67,2
DA:68,2
DA:69,2
DA:70,2
DA:73,2
DA:74,2
DA:75,2
DA:76,2
DA:77,2
DA:78,2
DA:79,2
DA:80,0
DA:82,2
DA:95,2
DA:96,2
DA:97,1
DA:98,1
DA:99,1
DA:100,2
DA:114,3
DA:115,3
DA:116,2
DA:117,1
DA:118,1
DA:119,1
DA:120,3
DA:133,3
DA:134,3
DA:135,2
DA:136,1
DA:137,1
DA:138,3
DA:141,1
DA:142,1
DA:143,1
DA:144,0
DA:145,0
DA:146,0
DA:147,0
DA:148,0
DA:149,0
DA:150,0
DA:151,0
DA:152,0
DA:153,0
DA:154,0
DA:155,0
DA:156,0
DA:157,0
DA:158,0
DA:159,0
DA:160,0
DA:161,0
DA:162,0
DA:163,0
DA:164,1
DA:172,1
DA:173,1
DA:174,1
DA:175,1
DA:176,1
DA:177,1
DA:178,1
DA:179,1
DA:180,1
DA:183,1
DA:184,1
DA:186,1
DA:189,1
DA:190,1
DA:191,1
DA:192,1
DA:193,1
DA:194,1
DA:195,1
DA:196,1
DA:197,1
DA:198,1
DA:201,1
DA:202,1
DA:205,1
DA:206,1
DA:208,1
DA:211,1
DA:212,1
DA:213,1
DA:214,1
DA:215,1
DA:216,1
DA:217,1
DA:218,1
DA:219,1
DA:222,1
DA:223,1
DA:226,1
DA:227,1
DA:229,1
DA:232,1
DA:233,1
DA:234,1
DA:235,1
DA:238,1
DA:239,1
DA:240,1
DA:243,1
DA:244,1
DA:245,1
DA:246,1
DA:247,1
DA:250,1
DA:251,1
DA:252,1
DA:253,1
DA:254,0
DA:258,1
DA:261,1
DA:262,1
DA:263,1
DA:264,1
DA:265,1
DA:266,0
DA:268,1
DA:271,1
DA:272,1
DA:273,1
DA:274,1
DA:275,1
BRF:0
BRH:0
LF:162
LH:111
end_of_record
SF:/Users/smeya/git/darwin-metrics/src/utils/property_utils.rs
FN:25,_RNCNvYNtNtNtCsgIYKoLsS5vp_14darwin_metrics5utils20property_utils_tests17MockPropertyUtilsNtNtB8_14property_utils13PropertyUtils17get_bool_property0Ba_
FN:26,_RNCNvYNtNtNtCsgIYKoLsS5vp_14darwin_metrics5utils20property_utils_tests17MockPropertyUtilsNtNtB8_14property_utils13PropertyUtils17get_bool_propertys_0Ba_
FN:17,_RNCNvYNtNtNtCsgIYKoLsS5vp_14darwin_metrics5utils20property_utils_tests17MockPropertyUtilsNtNtB8_14property_utils13PropertyUtils19get_number_property0Ba_
FN:18,_RNCNvYNtNtNtCsgIYKoLsS5vp_14darwin_metrics5utils20property_utils_tests17MockPropertyUtilsNtNtB8_14property_utils13PropertyUtils19get_number_propertys_0Ba_
FN:9,_RNCNvYNtNtNtCsgIYKoLsS5vp_14darwin_metrics5utils20property_utils_tests17MockPropertyUtilsNtNtB8_14property_utils13PropertyUtils19get_string_property0Ba_
FN:10,_RNCNvYNtNtNtCsgIYKoLsS5vp_14darwin_metrics5utils20property_utils_tests17MockPropertyUtilsNtNtB8_14property_utils13PropertyUtils19get_string_propertys_0Ba_
FN:22,_RNvYNtNtNtCsgIYKoLsS5vp_14darwin_metrics5utils20property_utils_tests17MockPropertyUtilsNtNtB6_14property_utils13PropertyUtils17get_bool_propertyB8_
FN:14,_RNvYNtNtNtCsgIYKoLsS5vp_14darwin_metrics5utils20property_utils_tests17MockPropertyUtilsNtNtB6_14property_utils13PropertyUtils19get_number_propertyB8_
FN:6,_RNvYNtNtNtCsgIYKoLsS5vp_14darwin_metrics5utils20property_utils_tests17MockPropertyUtilsNtNtB6_14property_utils13PropertyUtils19get_string_propertyB8_
FN:25,_RNCNvYNtNtNtCs91f72AaJhYn_14darwin_metrics5utils14property_utils16PropertyAccessorNtB6_13PropertyUtils17get_bool_property0Ba_
FN:26,_RNCNvYNtNtNtCs91f72AaJhYn_14darwin_metrics5utils14property_utils16PropertyAccessorNtB6_13PropertyUtils17get_bool_propertys_0Ba_
FN:17,_RNCNvYNtNtNtCs91f72AaJhYn_14darwin_metrics5utils14property_utils16PropertyAccessorNtB6_13PropertyUtils19get_number_property0Ba_
FN:18,_RNCNvYNtNtNtCs91f72AaJhYn_14darwin_metrics5utils14property_utils16PropertyAccessorNtB6_13PropertyUtils19get_number_propertys_0Ba_
FN:9,_RNCNvYNtNtNtCs91f72AaJhYn_14darwin_metrics5utils14property_utils16PropertyAccessorNtB6_13PropertyUtils19get_string_property0Ba_
FN:10,_RNCNvYNtNtNtCs91f72AaJhYn_14darwin_metrics5utils14property_utils16PropertyAccessorNtB6_13PropertyUtils19get_string_propertys_0Ba_
FN:22,_RNvYNtNtNtCs91f72AaJhYn_14darwin_metrics5utils14property_utils16PropertyAccessorNtB4_13PropertyUtils17get_bool_propertyB8_
FN:14,_RNvYNtNtNtCs91f72AaJhYn_14darwin_metrics5utils14property_utils16PropertyAccessorNtB4_13PropertyUtils19get_number_propertyB8_
FN:6,_RNvYNtNtNtCs91f72AaJhYn_14darwin_metrics5utils14property_utils16PropertyAccessorNtB4_13PropertyUtils19get_string_propertyB8_
FNDA:0,_RNCNvYNtNtNtCsgIYKoLsS5vp_14darwin_metrics5utils20property_utils_tests17MockPropertyUtilsNtNtB8_14property_utils13PropertyUtils17get_bool_property0Ba_
FNDA:0,_RNCNvYNtNtNtCsgIYKoLsS5vp_14darwin_metrics5utils20property_utils_tests17MockPropertyUtilsNtNtB8_14property_utils13PropertyUtils17get_bool_propertys_0Ba_
FNDA:0,_RNCNvYNtNtNtCsgIYKoLsS5vp_14darwin_metrics5utils20property_utils_tests17MockPropertyUtilsNtNtB8_14property_utils13PropertyUtils19get_number_property0Ba_
FNDA:0,_RNCNvYNtNtNtCsgIYKoLsS5vp_14darwin_metrics5utils20property_utils_tests17MockPropertyUtilsNtNtB8_14property_utils13PropertyUtils19get_number_propertys_0Ba_
FNDA:0,_RNCNvYNtNtNtCsgIYKoLsS5vp_14darwin_metrics5utils20property_utils_tests17MockPropertyUtilsNtNtB8_14property_utils13PropertyUtils19get_string_property0Ba_
FNDA:0,_RNCNvYNtNtNtCsgIYKoLsS5vp_14darwin_metrics5utils20property_utils_tests17MockPropertyUtilsNtNtB8_14property_utils13PropertyUtils19get_string_propertys_0Ba_
FNDA:1,_RNvYNtNtNtCsgIYKoLsS5vp_14darwin_metrics5utils20property_utils_tests17MockPropertyUtilsNtNtB6_14property_utils13PropertyUtils17get_bool_propertyB8_
FNDA:1,_RNvYNtNtNtCsgIYKoLsS5vp_14darwin_metrics5utils20property_utils_tests17MockPropertyUtilsNtNtB6_14property_utils13PropertyUtils19get_number_propertyB8_
FNDA:1,_RNvYNtNtNtCsgIYKoLsS5vp_14darwin_metrics5utils20property_utils_tests17MockPropertyUtilsNtNtB6_14property_utils13PropertyUtils19get_string_propertyB8_
FNDA:0,_RNCNvYNtNtNtCs91f72AaJhYn_14darwin_metrics5utils14property_utils16PropertyAccessorNtB6_13PropertyUtils17get_bool_property0Ba_
FNDA:0,_RNCNvYNtNtNtCs91f72AaJhYn_14darwin_metrics5utils14property_utils16PropertyAccessorNtB6_13PropertyUtils17get_bool_propertys_0Ba_
FNDA:0,_RNCNvYNtNtNtCs91f72AaJhYn_14darwin_metrics5utils14property_utils16PropertyAccessorNtB6_13PropertyUtils19get_number_property0Ba_
FNDA:0,_RNCNvYNtNtNtCs91f72AaJhYn_14darwin_metrics5utils14property_utils16PropertyAccessorNtB6_13PropertyUtils19get_number_propertys_0Ba_
FNDA:0,_RNCNvYNtNtNtCs91f72AaJhYn_14darwin_metrics5utils14property_utils16PropertyAccessorNtB6_13PropertyUtils19get_string_property0Ba_
FNDA:0,_RNCNvYNtNtNtCs91f72AaJhYn_14darwin_metrics5utils14property_utils16PropertyAccessorNtB6_13PropertyUtils19get_string_propertys_0Ba_
FNDA:0,_RNvYNtNtNtCs91f72AaJhYn_14darwin_metrics5utils14property_utils16PropertyAccessorNtB4_13PropertyUtils17get_bool_propertyB8_
FNDA:0,_RNvYNtNtNtCs91f72AaJhYn_14darwin_metrics5utils14property_utils16PropertyAccessorNtB4_13PropertyUtils19get_number_propertyB8_
FNDA:0,_RNvYNtNtNtCs91f72AaJhYn_14darwin_metrics5utils14property_utils16PropertyAccessorNtB4_13PropertyUtils19get_string_propertyB8_
FNF:9
FNH:3
DA:6,1
DA:7,1
DA:8,1
DA:9,1
DA:10,1
DA:11,1
DA:14,1
DA:15,1
DA:16,1
DA:17,1
DA:18,1
DA:19,1
DA:22,1
DA:23,1
DA:24,1
DA:25,1
DA:26,1
DA:27,1
BRF:0
BRH:0
LF:24
LH:18
end_of_record
SF:/Users/smeya/git/darwin-metrics/src/utils/property_utils_tests.rs
FN:135,_RNvNtNtCsgIYKoLsS5vp_14darwin_metrics5utils20property_utils_testss_25test_edge_cases_with_mock
FN:16,_RNvNtNtCsgIYKoLsS5vp_14darwin_metrics5utils20property_utils_testss_25test_property_utils_trait
FN:51,_RNvNtNtCsgIYKoLsS5vp_14darwin_metrics5utils20property_utils_testss_31test_property_accessor_instance
FN:82,_RNvNtNtCsgIYKoLsS5vp_14darwin_metrics5utils20property_utils_testss_34test_dictionary_accessor_with_mock
FN:105,_RNvNtNtCsgIYKoLsS5vp_14darwin_metrics5utils20property_utils_testss_34test_property_utils_with_mock_data
FN:62,_RNvNtNtCsgIYKoLsS5vp_14darwin_metrics5utils20property_utils_testss_38test_dictionary_access_trait_with_mock
FN:36,_RNvNtNtCsgIYKoLsS5vp_14darwin_metrics5utils20property_utils_testss_39test_property_accessor_implements_trait
FNDA:1,_RNvNtNtCsgIYKoLsS5vp_14darwin_metrics5utils20property_utils_testss_25test_edge_cases_with_mock
FNDA:1,_RNvNtNtCsgIYKoLsS5vp_14darwin_metrics5utils20property_utils_testss_25test_property_utils_trait
FNDA:1,_RNvNtNtCsgIYKoLsS5vp_14darwin_metrics5utils20property_utils_testss_31test_property_accessor_instance
FNDA:1,_RNvNtNtCsgIYKoLsS5vp_14darwin_metrics5utils20property_utils_testss_34test_dictionary_accessor_with_mock
FNDA:1,_RNvNtNtCsgIYKoLsS5vp_14darwin_metrics5utils20property_utils_testss_34test_property_utils_with_mock_data
FNDA:1,_RNvNtNtCsgIYKoLsS5vp_14darwin_metrics5utils20property_utils_testss_38test_dictionary_access_trait_with_mock
FNDA:1,_RNvNtNtCsgIYKoLsS5vp_14darwin_metrics5utils20property_utils_testss_39test_property_accessor_implements_trait
FNF:7
FNH:7
DA:16,1
DA:17,1
DA:18,1
DA:19,1
DA:20,1
DA:21,1
DA:22,1
DA:23,1
DA:24,1
DA:25,1
DA:26,1
DA:27,1
DA:28,1
DA:29,1
DA:30,1
DA:31,1
DA:32,1
DA:33,1
DA:36,1
DA:37,1
DA:38,1
DA:39,1
DA:40,1
DA:41,1
DA:42,1
DA:43,1
DA:44,1
DA:45,1
DA:46,1
DA:47,1
DA:48,1
DA:51,1
DA:52,1
DA:53,1
DA:54,1
DA:55,1
DA:56,1
DA:57,1
DA:62,1
DA:63,1
DA:64,1
DA:65,1
DA:66,1
DA:67,1
DA:68,1
DA:69,1
DA:70,1
DA:71,1
DA:72,1
DA:73,1
DA:76,1
DA:77,1
DA:78,1
DA:79,1
DA:82,1
DA:83,1
DA:84,1
DA:85,1
DA:86,1
DA:87,1
DA:88,1
DA:89,1
DA:90,1
DA:91,1
DA:92,1
DA:93,1
DA:94,1
DA:95,1
DA:96,1
DA:99,1
DA:100,1
DA:101,1
DA:102,1
DA:105,1
DA:106,1
DA:107,1
DA:108,1
DA:109,1
DA:110,1
DA:111,1
DA:112,1
DA:113,1
DA:114,1
DA:115,1
DA:116,1
DA:117,1
DA:118,1
DA:121,1
DA:122,1
DA:125,1
DA:126,1
DA:129,1
DA:130,1
DA:131,1
DA:132,1
DA:135,1
DA:136,1
DA:137,1
DA:138,1
DA:139,1
DA:140,1
DA:141,1
DA:142,1
DA:145,1
DA:146,1
DA:147,1
DA:150,1
DA:151,1
DA:152,1
DA:153,1
DA:154,1
DA:155,1
DA:156,1
BRF:0
BRH:0
LF:113
LH:113
end_of_record
SF:/Users/smeya/git/darwin-metrics/src/utils/test_utils.rs
FN:143,_RNvNtNtNtCsgIYKoLsS5vp_14darwin_metrics5utils10test_utils5testss_23test_create_test_number
FN:151,_RNvNtNtNtCsgIYKoLsS5vp_14darwin_metrics5utils10test_utils5testss_23test_create_test_object
FN:135,_RNvNtNtNtCsgIYKoLsS5vp_14darwin_metrics5utils10test_utils5testss_23test_create_test_string
FN:119,_RNvNtNtNtCsgIYKoLsS5vp_14darwin_metrics5utils10test_utils5testss_27test_create_test_dictionary
FN:126,_RNvNtNtNtCsgIYKoLsS5vp_14darwin_metrics5utils10test_utils5testss_40test_create_test_dictionary_with_entries
FN:62,_RNvNtNtCsgIYKoLsS5vp_14darwin_metrics5utils10test_utils18create_test_number
FN:49,_RNvNtNtCsgIYKoLsS5vp_14darwin_metrics5utils10test_utils18create_test_object
FN:57,_RNvNtNtCsgIYKoLsS5vp_14darwin_metrics5utils10test_utils18create_test_string
FN:5,_RNvNtNtCsgIYKoLsS5vp_14darwin_metrics5utils10test_utils22create_test_dictionary
FN:79,_RNvXNtNtCsgIYKoLsS5vp_14darwin_metrics5utils10test_utilsReNtB2_10ToNSObject12to_ns_object
FN:100,_RNvXININtNtCsgIYKoLsS5vp_14darwin_metrics5utils10test_utilss0_0pERpNtB5_10ToNSObject12to_ns_objectB9_
FN:107,_RNvXININtNtCsgIYKoLsS5vp_14darwin_metrics5utils10test_utilss1_0pEINtNtNtCs3lsjWX7HD2I_5objc22rc8retained8RetainedpENtB5_10ToNSObject12to_ns_objectB9_
FN:87,_RNvXs_NtNtCsgIYKoLsS5vp_14darwin_metrics5utils10test_utilsxNtB4_10ToNSObject12to_ns_object
FN:17,_RINvNtNtCsgIYKoLsS5vp_14darwin_metrics5utils10test_utils35create_test_dictionary_with_entriesReB1t_Kj2_EB6_
FN:17,_RINvNtNtCs91f72AaJhYn_14darwin_metrics5utils10test_utils35create_test_dictionary_with_entriesppKpEB6_
FN:100,_RNvXININtNtCs91f72AaJhYn_14darwin_metrics5utils10test_utilss0_0pERpNtB5_10ToNSObject12to_ns_objectB9_
FN:107,_RNvXININtNtCs91f72AaJhYn_14darwin_metrics5utils10test_utilss1_0pEINtNtNtCs3lsjWX7HD2I_5objc22rc8retained8RetainedpENtB5_10ToNSObject12to_ns_objectB9_
FN:62,_RNvNtNtCs91f72AaJhYn_14darwin_metrics5utils10test_utils18create_test_number
FN:49,_RNvNtNtCs91f72AaJhYn_14darwin_metrics5utils10test_utils18create_test_object
FN:57,_RNvNtNtCs91f72AaJhYn_14darwin_metrics5utils10test_utils18create_test_string
FN:5,_RNvNtNtCs91f72AaJhYn_14darwin_metrics5utils10test_utils22create_test_dictionary
FN:79,_RNvXNtNtCs91f72AaJhYn_14darwin_metrics5utils10test_utilsReNtB2_10ToNSObject12to_ns_object
FN:87,_RNvXs_NtNtCs91f72AaJhYn_14darwin_metrics5utils10test_utilsxNtB4_10ToNSObject12to_ns_object
FNDA:0,_RNvNtNtNtCsgIYKoLsS5vp_14darwin_metrics5utils10test_utils5testss_23test_create_test_number
FNDA:0,_RNvNtNtNtCsgIYKoLsS5vp_14darwin_metrics5utils10test_utils5testss_23test_create_test_object
FNDA:0,_RNvNtNtNtCsgIYKoLsS5vp_14darwin_metrics5utils10test_utils5testss_23test_create_test_string
FNDA:0,_RNvNtNtNtCsgIYKoLsS5vp_14darwin_metrics5utils10test_utils5testss_27test_create_test_dictionary
FNDA:0,_RNvNtNtNtCsgIYKoLsS5vp_14darwin_metrics5utils10test_utils5testss_40test_create_test_dictionary_with_entries
FNDA:0,_RNvNtNtCsgIYKoLsS5vp_14darwin_metrics5utils10test_utils18create_test_number
FNDA:7,_RNvNtNtCsgIYKoLsS5vp_14darwin_metrics5utils10test_utils18create_test_object
FNDA:0,_RNvNtNtCsgIYKoLsS5vp_14darwin_metrics5utils10test_utils18create_test_string
FNDA:15,_RNvNtNtCsgIYKoLsS5vp_14darwin_metrics5utils10test_utils22create_test_dictionary
FNDA:0,_RNvXNtNtCsgIYKoLsS5vp_14darwin_metrics5utils10test_utilsReNtB2_10ToNSObject12to_ns_object
FNDA:0,_RNvXININtNtCsgIYKoLsS5vp_14darwin_metrics5utils10test_utilss0_0pERpNtB5_10ToNSObject12to_ns_objectB9_
FNDA:0,_RNvXININtNtCsgIYKoLsS5vp_14darwin_metrics5utils10test_utilss1_0pEINtNtNtCs3lsjWX7HD2I_5objc22rc8retained8RetainedpENtB5_10ToNSObject12to_ns_objectB9_
FNDA:0,_RNvXs_NtNtCsgIYKoLsS5vp_14darwin_metrics5utils10test_utilsxNtB4_10ToNSObject12to_ns_object
FNDA:0,_RINvNtNtCsgIYKoLsS5vp_14darwin_metrics5utils10test_utils35create_test_dictionary_with_entriesReB1t_Kj2_EB6_
FNDA:0,_RINvNtNtCs91f72AaJhYn_14darwin_metrics5utils10test_utils35create_test_dictionary_with_entriesppKpEB6_
FNDA:0,_RNvXININtNtCs91f72AaJhYn_14darwin_metrics5utils10test_utilss0_0pERpNtB5_10ToNSObject12to_ns_objectB9_
FNDA:0,_RNvXININtNtCs91f72AaJhYn_14darwin_metrics5utils10test_utilss1_0pEINtNtNtCs3lsjWX7HD2I_5objc22rc8retained8RetainedpENtB5_10ToNSObject12to_ns_objectB9_
FNDA:0,_RNvNtNtCs91f72AaJhYn_14darwin_metrics5utils10test_utils18create_test_number
FNDA:0,_RNvNtNtCs91f72AaJhYn_14darwin_metrics5utils10test_utils18create_test_object
FNDA:0,_RNvNtNtCs91f72AaJhYn_14darwin_metrics5utils10test_utils18create_test_string
FNDA:0,_RNvNtNtCs91f72AaJhYn_14darwin_metrics5utils10test_utils22create_test_dictionary
FNDA:0,_RNvXNtNtCs91f72AaJhYn_14darwin_metrics5utils10test_utilsReNtB2_10ToNSObject12to_ns_object
FNDA:0,_RNvXs_NtNtCs91f72AaJhYn_14darwin_metrics5utils10test_utilsxNtB4_10ToNSObject12to_ns_object
FNF:14
FNH:2
DA:5,15
DA:6,15
DA:7,15
DA:8,15
DA:9,15
DA:10,15
DA:17,0
DA:18,0
DA:19,0
DA:20,0
DA:21,0
DA:22,0
DA:23,0
DA:24,0
DA:25,0
DA:26,0
DA:27,0
DA:29,0
DA:30,0
DA:31,0
DA:32,0
DA:33,0
DA:34,0
DA:37,0
DA:38,0
DA:39,0
DA:40,0
DA:41,0
DA:42,0
DA:43,0
DA:44,0
DA:45,0
DA:46,0
DA:49,7
DA:50,7
DA:51,7
DA:52,7
DA:53,7
DA:54,7
DA:57,0
DA:58,0
DA:59,0
DA:62,0
DA:63,0
DA:64,0
DA:65,0
DA:66,0
DA:67,0
DA:68,0
DA:69,0
DA:70,0
DA:79,0
DA:80,0
DA:81,0
DA:82,0
DA:87,0
DA:88,0
DA:89,0
DA:90,0
DA:91,0
DA:92,0
DA:93,0
DA:94,0
DA:95,0
DA:100,0
DA:101,0
DA:102,0
DA:107,0
DA:108,0
DA:109,0
DA:110,0
DA:119,0
DA:120,0
DA:121,0
DA:122,0
DA:126,0
DA:127,0
DA:128,0
DA:129,0
DA:130,0
DA:131,0
DA:135,0
DA:136,0
DA:137,0
DA:138,0
DA:139,0
DA:143,0
DA:144,0
DA:145,0
DA:146,0
DA:147,0
DA:151,0
DA:152,0
DA:153,0
DA:154,0
BRF:0
BRH:0
LF:95
LH:12
end_of_record