SF:/Users/smeya/git/darwin-metrics/src/battery/mod.rs
FN:55,_RNvMs_NtCslGh6CY2EcXh_14darwin_metrics7batteryNtB4_7Battery3new
FN:406,_RNvNtNtCslGh6CY2EcXh_14darwin_metrics7battery5tests19create_mock_battery
FN:583,_RNvNtNtCslGh6CY2EcXh_14darwin_metrics7battery5testss_15test_battery_eq
FN:423,_RNvNtNtCslGh6CY2EcXh_14darwin_metrics7battery5testss_16test_battery_new
FN:568,_RNvNtNtCslGh6CY2EcXh_14darwin_metrics7battery5testss_18test_battery_clone
FN:502,_RNvNtNtCslGh6CY2EcXh_14darwin_metrics7battery5testss_19test_battery_is_low
FN:465,_RNvNtNtCslGh6CY2EcXh_14darwin_metrics7battery5testss_21test_battery_get_info
FN:491,_RNvNtNtCslGh6CY2EcXh_14darwin_metrics7battery5testss_24test_battery_is_critical
FN:476,_RNvNtNtCslGh6CY2EcXh_14darwin_metrics7battery5testss_24test_battery_with_values
FN:529,_RNvNtNtCslGh6CY2EcXh_14darwin_metrics7battery5testss_27test_battery_is_health_poor
FN:432,_RNvNtNtCslGh6CY2EcXh_14darwin_metrics7battery5testss_27test_battery_update_present
FN:449,_RNvNtNtCslGh6CY2EcXh_14darwin_metrics7battery5testss_31test_battery_update_not_present
FN:538,_RNvNtNtCslGh6CY2EcXh_14darwin_metrics7battery5testss_33test_battery_has_high_cycle_count
FN:547,_RNvNtNtCslGh6CY2EcXh_14darwin_metrics7battery5testss_33test_battery_power_source_display
FN:511,_RNvNtNtCslGh6CY2EcXh_14darwin_metrics7battery5testss_35test_battery_time_remaining_display
FN:559,_RNvNtNtCslGh6CY2EcXh_14darwin_metrics7battery5testss_36test_battery_is_temperature_critical
FN:322,_RNvXNtNtCslGh6CY2EcXh_14darwin_metrics7battery5testsNtB2_9MockIOKitNtNtNtB6_8hardware5iokit5IOKit11get_service
FN:363,_RNvXNtNtCslGh6CY2EcXh_14darwin_metrics7battery5testsNtB2_9MockIOKitNtNtNtB6_8hardware5iokit5IOKit12get_all_fans
FN:359,_RNvXNtNtCslGh6CY2EcXh_14darwin_metrics7battery5testsNtB2_9MockIOKitNtNtNtB6_8hardware5iokit5IOKit12get_fan_info
FN:400,_RNvXNtNtCslGh6CY2EcXh_14darwin_metrics7battery5testsNtB2_9MockIOKitNtNtNtB6_8hardware5iokit5IOKit12read_smc_key
FN:380,_RNvXNtNtCslGh6CY2EcXh_14darwin_metrics7battery5testsNtB2_9MockIOKitNtNtNtB6_8hardware5iokit5IOKit13get_cpu_power
FN:355,_RNvXNtNtCslGh6CY2EcXh_14darwin_metrics7battery5testsNtB2_9MockIOKitNtNtNtB6_8hardware5iokit5IOKit13get_fan_count
FN:351,_RNvXNtNtCslGh6CY2EcXh_14darwin_metrics7battery5testsNtB2_9MockIOKitNtNtNtB6_8hardware5iokit5IOKit13get_fan_speed
FN:339,_RNvXNtNtCslGh6CY2EcXh_14darwin_metrics7battery5testsNtB2_9MockIOKitNtNtNtB6_8hardware5iokit5IOKit13get_gpu_stats
FN:388,_RNvXNtNtCslGh6CY2EcXh_14darwin_metrics7battery5testsNtB2_9MockIOKitNtNtNtB6_8hardware5iokit5IOKit16get_thermal_info
FN:301,_RNvXNtNtCslGh6CY2EcXh_14darwin_metrics7battery5testsNtB2_9MockIOKitNtNtNtB6_8hardware5iokit5IOKit17get_bool_property
FN:314,_RNvXNtNtCslGh6CY2EcXh_14darwin_metrics7battery5testsNtB2_9MockIOKitNtNtNtB6_8hardware5iokit5IOKit17get_dict_property
FN:275,_RNvXNtNtCslGh6CY2EcXh_14darwin_metrics7battery5testsNtB2_9MockIOKitNtNtNtB6_8hardware5iokit5IOKit17io_object_release
FN:331,_RNvXNtNtCslGh6CY2EcXh_14darwin_metrics7battery5testsNtB2_9MockIOKitNtNtNtB6_8hardware5iokit5IOKit19get_cpu_temperature
FN:335,_RNvXNtNtCslGh6CY2EcXh_14darwin_metrics7battery5testsNtB2_9MockIOKitNtNtNtB6_8hardware5iokit5IOKit19get_gpu_temperature
FN:285,_RNvXNtNtCslGh6CY2EcXh_14darwin_metrics7battery5testsNtB2_9MockIOKitNtNtNtB6_8hardware5iokit5IOKit19get_number_property
FN:277,_RNvXNtNtCslGh6CY2EcXh_14darwin_metrics7battery5testsNtB2_9MockIOKitNtNtNtB6_8hardware5iokit5IOKit19get_string_property
FN:254,_RNvXNtNtCslGh6CY2EcXh_14darwin_metrics7battery5testsNtB2_9MockIOKitNtNtNtB6_8hardware5iokit5IOKit19io_service_matching
FN:372,_RNvXNtNtCslGh6CY2EcXh_14darwin_metrics7battery5testsNtB2_9MockIOKitNtNtNtB6_8hardware5iokit5IOKit23get_ambient_temperature
FN:376,_RNvXNtNtCslGh6CY2EcXh_14darwin_metrics7battery5testsNtB2_9MockIOKitNtNtNtB6_8hardware5iokit5IOKit23get_battery_temperature
FN:384,_RNvXNtNtCslGh6CY2EcXh_14darwin_metrics7battery5testsNtB2_9MockIOKitNtNtNtB6_8hardware5iokit5IOKit24check_thermal_throttling
FN:368,_RNvXNtNtCslGh6CY2EcXh_14darwin_metrics7battery5testsNtB2_9MockIOKitNtNtNtB6_8hardware5iokit5IOKit24get_heatsink_temperature
FN:326,_RNvXNtNtCslGh6CY2EcXh_14darwin_metrics7battery5testsNtB2_9MockIOKitNtNtNtB6_8hardware5iokit5IOKit28io_registry_entry_get_parent
FN:261,_RNvXNtNtCslGh6CY2EcXh_14darwin_metrics7battery5testsNtB2_9MockIOKitNtNtNtB6_8hardware5iokit5IOKit31io_service_get_matching_service
FN:268,_RNvXNtNtCslGh6CY2EcXh_14darwin_metrics7battery5testsNtB2_9MockIOKitNtNtNtB6_8hardware5iokit5IOKit38io_registry_entry_create_cf_properties
FN:167,_RNvMs_NtCslGh6CY2EcXh_14darwin_metrics7batteryNtB4_7Battery11is_critical
FN:144,_RNvMs_NtCslGh6CY2EcXh_14darwin_metrics7batteryNtB4_7Battery11with_values
FN:186,_RNvMs_NtCslGh6CY2EcXh_14darwin_metrics7batteryNtB4_7Battery14is_health_poor
FN:190,_RNvMs_NtCslGh6CY2EcXh_14darwin_metrics7batteryNtB4_7Battery20has_high_cycle_count
FN:194,_RNvMs_NtCslGh6CY2EcXh_14darwin_metrics7batteryNtB4_7Battery20power_source_display
FN:175,_RNvMs_NtCslGh6CY2EcXh_14darwin_metrics7batteryNtB4_7Battery22time_remaining_display
FN:202,_RNvMs_NtCslGh6CY2EcXh_14darwin_metrics7batteryNtB4_7Battery23is_temperature_critical
FN:171,_RNvMs_NtCslGh6CY2EcXh_14darwin_metrics7batteryNtB4_7Battery6is_low
FN:66,_RNvMs_NtCslGh6CY2EcXh_14darwin_metrics7batteryNtB4_7Battery6update
FN:128,_RNvMs_NtCslGh6CY2EcXh_14darwin_metrics7batteryNtB4_7Battery8get_info
FN:44,_RNvXNtCslGh6CY2EcXh_14darwin_metrics7batteryNtB2_7BatteryNtNtCs4P3ALgZxGbJ_4core7default7Default7default
FN:208,_RNvXs0_NtCslGh6CY2EcXh_14darwin_metrics7batteryNtB5_7BatteryNtNtCs4P3ALgZxGbJ_4core5clone5Clone5clone
FN:224,_RNvXs1_NtCslGh6CY2EcXh_14darwin_metrics7batteryNtB5_7BatteryNtNtCs4P3ALgZxGbJ_4core3cmp9PartialEq2eq
FN:167,_RNvMs_NtCsGBPSOZydBW_14darwin_metrics7batteryNtB4_7Battery11is_critical
FN:144,_RNvMs_NtCsGBPSOZydBW_14darwin_metrics7batteryNtB4_7Battery11with_values
FN:186,_RNvMs_NtCsGBPSOZydBW_14darwin_metrics7batteryNtB4_7Battery14is_health_poor
FN:190,_RNvMs_NtCsGBPSOZydBW_14darwin_metrics7batteryNtB4_7Battery20has_high_cycle_count
FN:194,_RNvMs_NtCsGBPSOZydBW_14darwin_metrics7batteryNtB4_7Battery20power_source_display
FN:175,_RNvMs_NtCsGBPSOZydBW_14darwin_metrics7batteryNtB4_7Battery22time_remaining_display
FN:202,_RNvMs_NtCsGBPSOZydBW_14darwin_metrics7batteryNtB4_7Battery23is_temperature_critical
FN:55,_RNvMs_NtCsGBPSOZydBW_14darwin_metrics7batteryNtB4_7Battery3new
FN:171,_RNvMs_NtCsGBPSOZydBW_14darwin_metrics7batteryNtB4_7Battery6is_low
FN:66,_RNvMs_NtCsGBPSOZydBW_14darwin_metrics7batteryNtB4_7Battery6update
FN:128,_RNvMs_NtCsGBPSOZydBW_14darwin_metrics7batteryNtB4_7Battery8get_info
FN:44,_RNvXNtCsGBPSOZydBW_14darwin_metrics7batteryNtB2_7BatteryNtNtCs4P3ALgZxGbJ_4core7default7Default7default
FN:208,_RNvXs0_NtCsGBPSOZydBW_14darwin_metrics7batteryNtB5_7BatteryNtNtCs4P3ALgZxGbJ_4core5clone5Clone5clone
FN:224,_RNvXs1_NtCsGBPSOZydBW_14darwin_metrics7batteryNtB5_7BatteryNtNtCs4P3ALgZxGbJ_4core3cmp9PartialEq2eq
FNDA:0,_RNvMs_NtCslGh6CY2EcXh_14darwin_metrics7batteryNtB4_7Battery3new
FNDA:6,_RNvNtNtCslGh6CY2EcXh_14darwin_metrics7battery5tests19create_mock_battery
FNDA:1,_RNvNtNtCslGh6CY2EcXh_14darwin_metrics7battery5testss_15test_battery_eq
FNDA:1,_RNvNtNtCslGh6CY2EcXh_14darwin_metrics7battery5testss_16test_battery_new
FNDA:1,_RNvNtNtCslGh6CY2EcXh_14darwin_metrics7battery5testss_18test_battery_clone
FNDA:1,_RNvNtNtCslGh6CY2EcXh_14darwin_metrics7battery5testss_19test_battery_is_low
FNDA:1,_RNvNtNtCslGh6CY2EcXh_14darwin_metrics7battery5testss_21test_battery_get_info
FNDA:1,_RNvNtNtCslGh6CY2EcXh_14darwin_metrics7battery5testss_24test_battery_is_critical
FNDA:1,_RNvNtNtCslGh6CY2EcXh_14darwin_metrics7battery5testss_24test_battery_with_values
FNDA:1,_RNvNtNtCslGh6CY2EcXh_14darwin_metrics7battery5testss_27test_battery_is_health_poor
FNDA:1,_RNvNtNtCslGh6CY2EcXh_14darwin_metrics7battery5testss_27test_battery_update_present
FNDA:1,_RNvNtNtCslGh6CY2EcXh_14darwin_metrics7battery5testss_31test_battery_update_not_present
FNDA:1,_RNvNtNtCslGh6CY2EcXh_14darwin_metrics7battery5testss_33test_battery_has_high_cycle_count
FNDA:1,_RNvNtNtCslGh6CY2EcXh_14darwin_metrics7battery5testss_33test_battery_power_source_display
FNDA:1,_RNvNtNtCslGh6CY2EcXh_14darwin_metrics7battery5testss_35test_battery_time_remaining_display
FNDA:1,_RNvNtNtCslGh6CY2EcXh_14darwin_metrics7battery5testss_36test_battery_is_temperature_critical
FNDA:0,_RNvXNtNtCslGh6CY2EcXh_14darwin_metrics7battery5testsNtB2_9MockIOKitNtNtNtB6_8hardware5iokit5IOKit11get_service
FNDA:0,_RNvXNtNtCslGh6CY2EcXh_14darwin_metrics7battery5testsNtB2_9MockIOKitNtNtNtB6_8hardware5iokit5IOKit12get_all_fans
FNDA:0,_RNvXNtNtCslGh6CY2EcXh_14darwin_metrics7battery5testsNtB2_9MockIOKitNtNtNtB6_8hardware5iokit5IOKit12get_fan_info
FNDA:0,_RNvXNtNtCslGh6CY2EcXh_14darwin_metrics7battery5testsNtB2_9MockIOKitNtNtNtB6_8hardware5iokit5IOKit12read_smc_key
FNDA:0,_RNvXNtNtCslGh6CY2EcXh_14darwin_metrics7battery5testsNtB2_9MockIOKitNtNtNtB6_8hardware5iokit5IOKit13get_cpu_power
FNDA:0,_RNvXNtNtCslGh6CY2EcXh_14darwin_metrics7battery5testsNtB2_9MockIOKitNtNtNtB6_8hardware5iokit5IOKit13get_fan_count
FNDA:0,_RNvXNtNtCslGh6CY2EcXh_14darwin_metrics7battery5testsNtB2_9MockIOKitNtNtNtB6_8hardware5iokit5IOKit13get_fan_speed
FNDA:0,_RNvXNtNtCslGh6CY2EcXh_14darwin_metrics7battery5testsNtB2_9MockIOKitNtNtNtB6_8hardware5iokit5IOKit13get_gpu_stats
FNDA:0,_RNvXNtNtCslGh6CY2EcXh_14darwin_metrics7battery5testsNtB2_9MockIOKitNtNtNtB6_8hardware5iokit5IOKit16get_thermal_info
FNDA:16,_RNvXNtNtCslGh6CY2EcXh_14darwin_metrics7battery5testsNtB2_9MockIOKitNtNtNtB6_8hardware5iokit5IOKit17get_bool_property
FNDA:0,_RNvXNtNtCslGh6CY2EcXh_14darwin_metrics7battery5testsNtB2_9MockIOKitNtNtNtB6_8hardware5iokit5IOKit17get_dict_property
FNDA:0,_RNvXNtNtCslGh6CY2EcXh_14darwin_metrics7battery5testsNtB2_9MockIOKitNtNtNtB6_8hardware5iokit5IOKit17io_object_release
FNDA:0,_RNvXNtNtCslGh6CY2EcXh_14darwin_metrics7battery5testsNtB2_9MockIOKitNtNtNtB6_8hardware5iokit5IOKit19get_cpu_temperature
FNDA:0,_RNvXNtNtCslGh6CY2EcXh_14darwin_metrics7battery5testsNtB2_9MockIOKitNtNtNtB6_8hardware5iokit5IOKit19get_gpu_temperature
FNDA:30,_RNvXNtNtCslGh6CY2EcXh_14darwin_metrics7battery5testsNtB2_9MockIOKitNtNtNtB6_8hardware5iokit5IOKit19get_number_property
FNDA:0,_RNvXNtNtCslGh6CY2EcXh_14darwin_metrics7battery5testsNtB2_9MockIOKitNtNtNtB6_8hardware5iokit5IOKit19get_string_property
FNDA:7,_RNvXNtNtCslGh6CY2EcXh_14darwin_metrics7battery5testsNtB2_9MockIOKitNtNtNtB6_8hardware5iokit5IOKit19io_service_matching
FNDA:0,_RNvXNtNtCslGh6CY2EcXh_14darwin_metrics7battery5testsNtB2_9MockIOKitNtNtNtB6_8hardware5iokit5IOKit23get_ambient_temperature
FNDA:0,_RNvXNtNtCslGh6CY2EcXh_14darwin_metrics7battery5testsNtB2_9MockIOKitNtNtNtB6_8hardware5iokit5IOKit23get_battery_temperature
FNDA:0,_RNvXNtNtCslGh6CY2EcXh_14darwin_metrics7battery5testsNtB2_9MockIOKitNtNtNtB6_8hardware5iokit5IOKit24check_thermal_throttling
FNDA:0,_RNvXNtNtCslGh6CY2EcXh_14darwin_metrics7battery5testsNtB2_9MockIOKitNtNtNtB6_8hardware5iokit5IOKit24get_heatsink_temperature
FNDA:0,_RNvXNtNtCslGh6CY2EcXh_14darwin_metrics7battery5testsNtB2_9MockIOKitNtNtNtB6_8hardware5iokit5IOKit28io_registry_entry_get_parent
FNDA:7,_RNvXNtNtCslGh6CY2EcXh_14darwin_metrics7battery5testsNtB2_9MockIOKitNtNtNtB6_8hardware5iokit5IOKit31io_service_get_matching_service
FNDA:7,_RNvXNtNtCslGh6CY2EcXh_14darwin_metrics7battery5testsNtB2_9MockIOKitNtNtNtB6_8hardware5iokit5IOKit38io_registry_entry_create_cf_properties
FNDA:2,_RNvMs_NtCslGh6CY2EcXh_14darwin_metrics7batteryNtB4_7Battery11is_critical
FNDA:18,_RNvMs_NtCslGh6CY2EcXh_14darwin_metrics7batteryNtB4_7Battery11with_values
FNDA:2,_RNvMs_NtCslGh6CY2EcXh_14darwin_metrics7batteryNtB4_7Battery14is_health_poor
FNDA:2,_RNvMs_NtCslGh6CY2EcXh_14darwin_metrics7batteryNtB4_7Battery20has_high_cycle_count
FNDA:3,_RNvMs_NtCslGh6CY2EcXh_14darwin_metrics7batteryNtB4_7Battery20power_source_display
FNDA:3,_RNvMs_NtCslGh6CY2EcXh_14darwin_metrics7batteryNtB4_7Battery22time_remaining_display
FNDA:2,_RNvMs_NtCslGh6CY2EcXh_14darwin_metrics7batteryNtB4_7Battery23is_temperature_critical
FNDA:2,_RNvMs_NtCslGh6CY2EcXh_14darwin_metrics7batteryNtB4_7Battery6is_low
FNDA:6,_RNvMs_NtCslGh6CY2EcXh_14darwin_metrics7batteryNtB4_7Battery6update
FNDA:1,_RNvMs_NtCslGh6CY2EcXh_14darwin_metrics7batteryNtB4_7Battery8get_info
FNDA:17,_RNvXNtCslGh6CY2EcXh_14darwin_metrics7batteryNtB2_7BatteryNtNtCs4P3ALgZxGbJ_4core7default7Default7default
FNDA:2,_RNvXs0_NtCslGh6CY2EcXh_14darwin_metrics7batteryNtB5_7BatteryNtNtCs4P3ALgZxGbJ_4core5clone5Clone5clone
FNDA:2,_RNvXs1_NtCslGh6CY2EcXh_14darwin_metrics7batteryNtB5_7BatteryNtNtCs4P3ALgZxGbJ_4core3cmp9PartialEq2eq
FNDA:0,_RNvMs_NtCsGBPSOZydBW_14darwin_metrics7batteryNtB4_7Battery11is_critical
FNDA:0,_RNvMs_NtCsGBPSOZydBW_14darwin_metrics7batteryNtB4_7Battery11with_values
FNDA:0,_RNvMs_NtCsGBPSOZydBW_14darwin_metrics7batteryNtB4_7Battery14is_health_poor
FNDA:0,_RNvMs_NtCsGBPSOZydBW_14darwin_metrics7batteryNtB4_7Battery20has_high_cycle_count
FNDA:0,_RNvMs_NtCsGBPSOZydBW_14darwin_metrics7batteryNtB4_7Battery20power_source_display
FNDA:0,_RNvMs_NtCsGBPSOZydBW_14darwin_metrics7batteryNtB4_7Battery22time_remaining_display
FNDA:0,_RNvMs_NtCsGBPSOZydBW_14darwin_metrics7batteryNtB4_7Battery23is_temperature_critical
FNDA:0,_RNvMs_NtCsGBPSOZydBW_14darwin_metrics7batteryNtB4_7Battery3new
FNDA:0,_RNvMs_NtCsGBPSOZydBW_14darwin_metrics7batteryNtB4_7Battery6is_low
FNDA:0,_RNvMs_NtCsGBPSOZydBW_14darwin_metrics7batteryNtB4_7Battery6update
FNDA:0,_RNvMs_NtCsGBPSOZydBW_14darwin_metrics7batteryNtB4_7Battery8get_info
FNDA:0,_RNvXNtCsGBPSOZydBW_14darwin_metrics7batteryNtB2_7BatteryNtNtCs4P3ALgZxGbJ_4core7default7Default7default
FNDA:0,_RNvXs0_NtCsGBPSOZydBW_14darwin_metrics7batteryNtB5_7BatteryNtNtCs4P3ALgZxGbJ_4core5clone5Clone5clone
FNDA:0,_RNvXs1_NtCsGBPSOZydBW_14darwin_metrics7batteryNtB5_7BatteryNtNtCs4P3ALgZxGbJ_4core3cmp9PartialEq2eq
FNF:53
FNH:33
DA:44,17
DA:45,17
DA:46,17
DA:55,0
DA:56,0
DA:57,0
DA:58,0
DA:59,0
DA:66,6
DA:67,6
DA:68,6
DA:70,6
DA:71,0
DA:74,6
DA:76,6
DA:77,6
DA:78,6
DA:79,6
DA:80,1
DA:81,1
DA:82,1
DA:83,1
DA:84,1
DA:85,1
DA:86,1
DA:87,1
DA:88,5
DA:89,5
DA:90,5
DA:91,5
DA:92,5
DA:93,5
DA:94,5
DA:96,5
DA:97,5
DA:98,5
DA:99,5
DA:100,5
DA:101,5
DA:103,5
DA:104,5
DA:105,5
DA:106,5
DA:107,5
DA:108,5
DA:110,5
DA:111,5
DA:112,5
DA:113,5
DA:114,5
DA:115,5
DA:116,5
DA:117,5
DA:118,5
DA:119,5
DA:120,5
DA:121,6
DA:128,1
DA:129,1
DA:130,1
DA:132,1
DA:133,0
DA:136,1
DA:137,1
DA:138,0
DA:140,1
DA:144,18
DA:145,18
DA:146,18
DA:147,18
DA:148,18
DA:149,18
DA:150,18
DA:151,18
DA:152,18
DA:153,18
DA:154,18
DA:155,18
DA:156,18
DA:157,18
DA:158,18
DA:159,18
DA:160,18
DA:161,18
DA:162,18
DA:163,18
DA:164,18
DA:165,18
DA:167,2
DA:168,2
DA:169,2
DA:171,2
DA:172,2
DA:173,2
DA:175,3
DA:176,3
DA:177,3
DA:178,2
DA:180,1
DA:181,1
DA:182,1
DA:184,3
DA:186,2
DA:187,2
DA:188,2
DA:190,2
DA:191,2
DA:192,2
DA:194,3
DA:195,3
DA:196,1
DA:197,1
DA:198,1
DA:200,3
DA:202,2
DA:203,2
DA:204,2
DA:208,2
DA:209,2
DA:210,2
DA:211,2
DA:212,2
DA:213,2
DA:214,2
DA:215,2
DA:216,2
DA:217,2
DA:218,2
DA:219,2
DA:220,2
DA:224,2
DA:225,2
DA:226,2
DA:227,2
DA:228,1
DA:229,1
DA:230,1
DA:231,1
DA:232,1
DA:233,2
DA:254,7
DA:255,7
DA:256,7
DA:257,7
DA:258,7
DA:259,7
DA:261,7
DA:262,7
DA:263,7
DA:264,7
DA:265,7
DA:266,7
DA:268,7
DA:269,7
DA:270,7
DA:271,7
DA:272,7
DA:273,7
DA:275,0
DA:277,0
DA:278,0
DA:279,0
DA:280,0
DA:281,0
DA:282,0
DA:283,0
DA:285,30
DA:286,30
DA:287,30
DA:288,30
DA:289,30
DA:290,30
DA:291,30
DA:292,25
DA:293,20
DA:294,15
DA:295,10
DA:296,5
DA:297,0
DA:299,30
DA:301,16
DA:302,16
DA:303,16
DA:304,16
DA:305,16
DA:306,16
DA:307,16
DA:308,10
DA:309,5
DA:310,0
DA:312,16
DA:314,0
DA:315,0
DA:316,0
DA:317,0
DA:318,0
DA:319,0
DA:320,0
DA:322,0
DA:323,0
DA:324,0
DA:326,0
DA:327,0
DA:328,0
DA:331,0
DA:332,0
DA:333,0
DA:335,0
DA:336,0
DA:337,0
DA:339,0
DA:340,0
DA:341,0
DA:342,0
DA:343,0
DA:344,0
DA:345,0
DA:346,0
DA:347,0
DA:348,0
DA:351,0
DA:352,0
DA:353,0
DA:355,0
DA:356,0
DA:357,0
DA:359,0
DA:360,0
DA:361,0
DA:363,0
DA:364,0
DA:365,0
DA:368,0
DA:369,0
DA:370,0
DA:372,0
DA:373,0
DA:374,0
DA:376,0
DA:377,0
DA:378,0
DA:380,0
DA:381,0
DA:382,0
DA:384,0
DA:385,0
DA:386,0
DA:388,0
DA:389,0
DA:390,0
DA:391,0
DA:392,0
DA:393,0
DA:394,0
DA:395,0
DA:396,0
DA:397,0
DA:398,0
DA:400,0
DA:401,0
DA:402,0
DA:406,6
DA:407,6
DA:408,6
DA:409,6
DA:410,6
DA:411,6
DA:412,6
DA:413,6
DA:414,6
DA:415,6
DA:416,6
DA:417,6
DA:418,6
DA:419,6
DA:420,6
DA:423,1
DA:424,1
DA:425,1
DA:426,1
DA:427,1
DA:428,1
DA:429,1
DA:432,1
DA:433,1
DA:434,1
DA:435,1
DA:436,1
DA:437,1
DA:438,1
DA:439,1
DA:440,1
DA:441,1
DA:442,1
DA:444,1
DA:445,1
DA:446,1
DA:449,1
DA:450,1
DA:451,1
DA:452,1
DA:453,1
DA:454,1
DA:455,1
DA:456,1
DA:457,1
DA:458,1
DA:459,1
DA:460,1
DA:461,1
DA:462,1
DA:465,1
DA:466,1
DA:467,1
DA:468,1
DA:469,1
DA:470,1
DA:471,1
DA:472,1
DA:473,1
DA:476,1
DA:477,1
DA:478,1
DA:479,1
DA:480,1
DA:481,1
DA:482,1
DA:483,1
DA:484,1
DA:485,1
DA:486,1
DA:487,1
DA:488,1
DA:491,1
DA:492,1
DA:493,1
DA:494,1
DA:496,1
DA:497,1
DA:498,1
DA:499,1
DA:502,1
DA:503,1
DA:504,1
DA:506,1
DA:507,1
DA:508,1
DA:511,1
DA:512,1
DA:513,1
DA:514,1
DA:515,1
DA:516,1
DA:519,1
DA:520,1
DA:521,1
DA:524,1
DA:525,1
DA:526,1
DA:529,1
DA:530,1
DA:531,1
DA:533,1
DA:534,1
DA:535,1
DA:538,1
DA:539,1
DA:540,1
DA:542,1
DA:543,1
DA:544,1
DA:547,1
DA:548,1
DA:549,1
DA:551,1
DA:552,1
DA:554,1
DA:555,1
DA:556,1
DA:559,1
DA:560,1
DA:561,1
DA:563,1
DA:564,1
DA:565,1
DA:568,1
DA:569,1
DA:570,1
DA:571,1
DA:572,1
DA:573,1
DA:574,1
DA:575,1
DA:576,1
DA:577,1
DA:578,1
DA:579,1
DA:580,1
DA:583,1
DA:584,1
DA:585,1
DA:586,1
DA:587,1
DA:588,1
DA:589,1
DA:590,1
DA:593,1
DA:594,1
DA:595,1
BRF:0
BRH:0
LF:409
LH:321
end_of_record
SF:/Users/smeya/git/darwin-metrics/src/disk/mod.rs
FN:911,_RNCNvNtNtCslGh6CY2EcXh_14darwin_metrics4disk5testss_20test_get_all_volumes0B7_
FN:876,_RNvNtNtCslGh6CY2EcXh_14darwin_metrics4disk5testss_17test_format_bytes
FN:852,_RNvNtNtCslGh6CY2EcXh_14darwin_metrics4disk5testss_19test_is_nearly_full
FN:902,_RNvNtNtCslGh6CY2EcXh_14darwin_metrics4disk5testss_20test_get_all_volumes
FN:921,_RNvNtNtCslGh6CY2EcXh_14darwin_metrics4disk5testss_21test_disk_performance
FN:886,_RNvNtNtCslGh6CY2EcXh_14darwin_metrics4disk5testss_23test_get_root_disk_info
FN:838,_RNvNtNtCslGh6CY2EcXh_14darwin_metrics4disk5testss_26test_disk_usage_percentage
FN:441,_RNvMs0_NtCslGh6CY2EcXh_14darwin_metrics4diskNtB5_4Disk12format_bytes
FN:422,_RNvMs0_NtCslGh6CY2EcXh_14darwin_metrics4diskNtB5_4Disk12used_display
FN:157,_RNvMs0_NtCslGh6CY2EcXh_14darwin_metrics4diskNtB5_4Disk12with_details
FN:417,_RNvMs0_NtCslGh6CY2EcXh_14darwin_metrics4diskNtB5_4Disk13total_display
FN:407,_RNvMs0_NtCslGh6CY2EcXh_14darwin_metrics4diskNtB5_4Disk14is_nearly_full
FN:399,_RNvMs0_NtCslGh6CY2EcXh_14darwin_metrics4diskNtB5_4Disk16usage_percentage
FN:134,_RNvMs0_NtCslGh6CY2EcXh_14darwin_metrics4diskNtB5_4Disk3new
FN:228,_RNvMs0_NtCslGh6CY2EcXh_14darwin_metrics4diskNtB5_4Disk7get_all
FN:427,_RNvMs0_NtCslGh6CY2EcXh_14darwin_metrics4diskNtB5_4Disk7summary
FN:180,_RNvMs0_NtCslGh6CY2EcXh_14darwin_metrics4diskNtB5_4Disk8get_info
FN:613,_RNvMs1_NtCslGh6CY2EcXh_14darwin_metrics4diskNtB5_11DiskMonitor15get_performance
FN:463,_RNvMs1_NtCslGh6CY2EcXh_14darwin_metrics4diskNtB5_11DiskMonitor3new
FN:756,_RNvMs1_NtCslGh6CY2EcXh_14darwin_metrics4diskNtB5_11DiskMonitor6update
FN:328,_RINvMs0_NtCslGh6CY2EcXh_14darwin_metrics4diskNtB6_4Disk12get_for_pathpEB8_
FN:554,_RINvMs1_NtCslGh6CY2EcXh_14darwin_metrics4diskNtB6_11DiskMonitor19get_volume_for_pathpEB8_
FN:340,_RNCINvMs0_NtCslGh6CY2EcXh_14darwin_metrics4diskNtB8_4Disk12get_for_pathpE0Ba_
FN:565,_RNCINvMs1_NtCslGh6CY2EcXh_14darwin_metrics4diskNtB8_11DiskMonitor19get_volume_for_pathpE0Ba_
FN:412,_RNvMs0_NtCslGh6CY2EcXh_14darwin_metrics4diskNtB5_4Disk17available_display
FN:468,_RNvMs1_NtCslGh6CY2EcXh_14darwin_metrics4diskNtB5_11DiskMonitor11get_volumes
FN:793,_RNvMs1_NtCslGh6CY2EcXh_14darwin_metrics4diskNtB5_11DiskMonitor16detect_disk_type
FN:28,_RNvXNtCslGh6CY2EcXh_14darwin_metrics4diskNtB2_8DiskTypeNtNtCs4P3ALgZxGbJ_4core7default7Default7default
FN:828,_RNvXs2_NtCslGh6CY2EcXh_14darwin_metrics4diskNtB5_11DiskMonitorNtNtCs4P3ALgZxGbJ_4core7default7Default7default
FN:110,_RNvXs_NtCslGh6CY2EcXh_14darwin_metrics4diskNtB4_9DiskStatsNtNtCs4P3ALgZxGbJ_4core7default7Default7default
FN:328,_RINvMs0_NtCsGBPSOZydBW_14darwin_metrics4diskNtB6_4Disk12get_for_pathpEB8_
FN:554,_RINvMs1_NtCsGBPSOZydBW_14darwin_metrics4diskNtB6_11DiskMonitor19get_volume_for_pathpEB8_
FN:340,_RNCINvMs0_NtCsGBPSOZydBW_14darwin_metrics4diskNtB8_4Disk12get_for_pathpE0Ba_
FN:565,_RNCINvMs1_NtCsGBPSOZydBW_14darwin_metrics4diskNtB8_11DiskMonitor19get_volume_for_pathpE0Ba_
FN:441,_RNvMs0_NtCsGBPSOZydBW_14darwin_metrics4diskNtB5_4Disk12format_bytes
FN:422,_RNvMs0_NtCsGBPSOZydBW_14darwin_metrics4diskNtB5_4Disk12used_display
FN:157,_RNvMs0_NtCsGBPSOZydBW_14darwin_metrics4diskNtB5_4Disk12with_details
FN:417,_RNvMs0_NtCsGBPSOZydBW_14darwin_metrics4diskNtB5_4Disk13total_display
FN:407,_RNvMs0_NtCsGBPSOZydBW_14darwin_metrics4diskNtB5_4Disk14is_nearly_full
FN:399,_RNvMs0_NtCsGBPSOZydBW_14darwin_metrics4diskNtB5_4Disk16usage_percentage
FN:412,_RNvMs0_NtCsGBPSOZydBW_14darwin_metrics4diskNtB5_4Disk17available_display
FN:134,_RNvMs0_NtCsGBPSOZydBW_14darwin_metrics4diskNtB5_4Disk3new
FN:228,_RNvMs0_NtCsGBPSOZydBW_14darwin_metrics4diskNtB5_4Disk7get_all
FN:427,_RNvMs0_NtCsGBPSOZydBW_14darwin_metrics4diskNtB5_4Disk7summary
FN:180,_RNvMs0_NtCsGBPSOZydBW_14darwin_metrics4diskNtB5_4Disk8get_info
FN:468,_RNvMs1_NtCsGBPSOZydBW_14darwin_metrics4diskNtB5_11DiskMonitor11get_volumes
FN:613,_RNvMs1_NtCsGBPSOZydBW_14darwin_metrics4diskNtB5_11DiskMonitor15get_performance
FN:793,_RNvMs1_NtCsGBPSOZydBW_14darwin_metrics4diskNtB5_11DiskMonitor16detect_disk_type
FN:463,_RNvMs1_NtCsGBPSOZydBW_14darwin_metrics4diskNtB5_11DiskMonitor3new
FN:756,_RNvMs1_NtCsGBPSOZydBW_14darwin_metrics4diskNtB5_11DiskMonitor6update
FN:28,_RNvXNtCsGBPSOZydBW_14darwin_metrics4diskNtB2_8DiskTypeNtNtCs4P3ALgZxGbJ_4core7default7Default7default
FN:828,_RNvXs2_NtCsGBPSOZydBW_14darwin_metrics4diskNtB5_11DiskMonitorNtNtCs4P3ALgZxGbJ_4core7default7Default7default
FN:110,_RNvXs_NtCsGBPSOZydBW_14darwin_metrics4diskNtB4_9DiskStatsNtNtCs4P3ALgZxGbJ_4core7default7Default7default
FNDA:1,_RNCNvNtNtCslGh6CY2EcXh_14darwin_metrics4disk5testss_20test_get_all_volumes0B7_
FNDA:1,_RNvNtNtCslGh6CY2EcXh_14darwin_metrics4disk5testss_17test_format_bytes
FNDA:1,_RNvNtNtCslGh6CY2EcXh_14darwin_metrics4disk5testss_19test_is_nearly_full
FNDA:1,_RNvNtNtCslGh6CY2EcXh_14darwin_metrics4disk5testss_20test_get_all_volumes
FNDA:1,_RNvNtNtCslGh6CY2EcXh_14darwin_metrics4disk5testss_21test_disk_performance
FNDA:1,_RNvNtNtCslGh6CY2EcXh_14darwin_metrics4disk5testss_23test_get_root_disk_info
FNDA:1,_RNvNtNtCslGh6CY2EcXh_14darwin_metrics4disk5testss_26test_disk_usage_percentage
FNDA:26,_RNvMs0_NtCslGh6CY2EcXh_14darwin_metrics4diskNtB5_4Disk12format_bytes
FNDA:9,_RNvMs0_NtCslGh6CY2EcXh_14darwin_metrics4diskNtB5_4Disk12used_display
FNDA:9,_RNvMs0_NtCslGh6CY2EcXh_14darwin_metrics4diskNtB5_4Disk12with_details
FNDA:9,_RNvMs0_NtCslGh6CY2EcXh_14darwin_metrics4diskNtB5_4Disk13total_display
FNDA:2,_RNvMs0_NtCslGh6CY2EcXh_14darwin_metrics4diskNtB5_4Disk14is_nearly_full
FNDA:12,_RNvMs0_NtCslGh6CY2EcXh_14darwin_metrics4diskNtB5_4Disk16usage_percentage
FNDA:3,_RNvMs0_NtCslGh6CY2EcXh_14darwin_metrics4diskNtB5_4Disk3new
FNDA:1,_RNvMs0_NtCslGh6CY2EcXh_14darwin_metrics4diskNtB5_4Disk7get_all
FNDA:9,_RNvMs0_NtCslGh6CY2EcXh_14darwin_metrics4diskNtB5_4Disk7summary
FNDA:1,_RNvMs0_NtCslGh6CY2EcXh_14darwin_metrics4diskNtB5_4Disk8get_info
FNDA:1,_RNvMs1_NtCslGh6CY2EcXh_14darwin_metrics4diskNtB5_11DiskMonitor15get_performance
FNDA:1,_RNvMs1_NtCslGh6CY2EcXh_14darwin_metrics4diskNtB5_11DiskMonitor3new
FNDA:1,_RNvMs1_NtCslGh6CY2EcXh_14darwin_metrics4diskNtB5_11DiskMonitor6update
FNDA:0,_RINvMs0_NtCslGh6CY2EcXh_14darwin_metrics4diskNtB6_4Disk12get_for_pathpEB8_
FNDA:0,_RINvMs1_NtCslGh6CY2EcXh_14darwin_metrics4diskNtB6_11DiskMonitor19get_volume_for_pathpEB8_
FNDA:0,_RNCINvMs0_NtCslGh6CY2EcXh_14darwin_metrics4diskNtB8_4Disk12get_for_pathpE0Ba_
FNDA:0,_RNCINvMs1_NtCslGh6CY2EcXh_14darwin_metrics4diskNtB8_11DiskMonitor19get_volume_for_pathpE0Ba_
FNDA:0,_RNvMs0_NtCslGh6CY2EcXh_14darwin_metrics4diskNtB5_4Disk17available_display
FNDA:0,_RNvMs1_NtCslGh6CY2EcXh_14darwin_metrics4diskNtB5_11DiskMonitor11get_volumes
FNDA:0,_RNvMs1_NtCslGh6CY2EcXh_14darwin_metrics4diskNtB5_11DiskMonitor16detect_disk_type
FNDA:0,_RNvXNtCslGh6CY2EcXh_14darwin_metrics4diskNtB2_8DiskTypeNtNtCs4P3ALgZxGbJ_4core7default7Default7default
FNDA:0,_RNvXs2_NtCslGh6CY2EcXh_14darwin_metrics4diskNtB5_11DiskMonitorNtNtCs4P3ALgZxGbJ_4core7default7Default7default
FNDA:0,_RNvXs_NtCslGh6CY2EcXh_14darwin_metrics4diskNtB4_9DiskStatsNtNtCs4P3ALgZxGbJ_4core7default7Default7default
FNDA:0,_RINvMs0_NtCsGBPSOZydBW_14darwin_metrics4diskNtB6_4Disk12get_for_pathpEB8_
FNDA:0,_RINvMs1_NtCsGBPSOZydBW_14darwin_metrics4diskNtB6_11DiskMonitor19get_volume_for_pathpEB8_
FNDA:0,_RNCINvMs0_NtCsGBPSOZydBW_14darwin_metrics4diskNtB8_4Disk12get_for_pathpE0Ba_
FNDA:0,_RNCINvMs1_NtCsGBPSOZydBW_14darwin_metrics4diskNtB8_11DiskMonitor19get_volume_for_pathpE0Ba_
FNDA:0,_RNvMs0_NtCsGBPSOZydBW_14darwin_metrics4diskNtB5_4Disk12format_bytes
FNDA:0,_RNvMs0_NtCsGBPSOZydBW_14darwin_metrics4diskNtB5_4Disk12used_display
FNDA:0,_RNvMs0_NtCsGBPSOZydBW_14darwin_metrics4diskNtB5_4Disk12with_details
FNDA:0,_RNvMs0_NtCsGBPSOZydBW_14darwin_metrics4diskNtB5_4Disk13total_display
FNDA:0,_RNvMs0_NtCsGBPSOZydBW_14darwin_metrics4diskNtB5_4Disk14is_nearly_full
FNDA:0,_RNvMs0_NtCsGBPSOZydBW_14darwin_metrics4diskNtB5_4Disk16usage_percentage
FNDA:0,_RNvMs0_NtCsGBPSOZydBW_14darwin_metrics4diskNtB5_4Disk17available_display
FNDA:0,_RNvMs0_NtCsGBPSOZydBW_14darwin_metrics4diskNtB5_4Disk3new
FNDA:0,_RNvMs0_NtCsGBPSOZydBW_14darwin_metrics4diskNtB5_4Disk7get_all
FNDA:0,_RNvMs0_NtCsGBPSOZydBW_14darwin_metrics4diskNtB5_4Disk7summary
FNDA:0,_RNvMs0_NtCsGBPSOZydBW_14darwin_metrics4diskNtB5_4Disk8get_info
FNDA:0,_RNvMs1_NtCsGBPSOZydBW_14darwin_metrics4diskNtB5_11DiskMonitor11get_volumes
FNDA:0,_RNvMs1_NtCsGBPSOZydBW_14darwin_metrics4diskNtB5_11DiskMonitor15get_performance
FNDA:0,_RNvMs1_NtCsGBPSOZydBW_14darwin_metrics4diskNtB5_11DiskMonitor16detect_disk_type
FNDA:0,_RNvMs1_NtCsGBPSOZydBW_14darwin_metrics4diskNtB5_11DiskMonitor3new
FNDA:0,_RNvMs1_NtCsGBPSOZydBW_14darwin_metrics4diskNtB5_11DiskMonitor6update
FNDA:0,_RNvXNtCsGBPSOZydBW_14darwin_metrics4diskNtB2_8DiskTypeNtNtCs4P3ALgZxGbJ_4core7default7Default7default
FNDA:0,_RNvXs2_NtCsGBPSOZydBW_14darwin_metrics4diskNtB5_11DiskMonitorNtNtCs4P3ALgZxGbJ_4core7default7Default7default
FNDA:0,_RNvXs_NtCsGBPSOZydBW_14darwin_metrics4diskNtB4_9DiskStatsNtNtCs4P3ALgZxGbJ_4core7default7Default7default
FNF:30
FNH:20
DA:28,0
DA:29,0
DA:30,0
DA:110,0
DA:111,0
DA:112,0
DA:113,0
DA:114,0
DA:115,0
DA:116,0
DA:117,0
DA:118,0
DA:119,0
DA:120,0
DA:134,3
DA:135,3
DA:136,3
DA:137,3
DA:138,3
DA:139,3
DA:140,3
DA:141,3
DA:142,3
DA:143,3
DA:144,3
DA:145,3
DA:146,3
DA:147,3
DA:148,3
DA:149,3
DA:150,3
DA:151,3
DA:152,3
DA:153,3
DA:157,9
DA:158,9
DA:159,9
DA:160,9
DA:161,9
DA:162,9
DA:163,9
DA:164,9
DA:165,9
DA:166,9
DA:167,9
DA:168,9
DA:169,9
DA:170,9
DA:171,9
DA:172,9
DA:173,9
DA:174,9
DA:175,9
DA:176,9
DA:177,9
DA:180,1
DA:187,1
DA:188,1
DA:189,1
DA:190,1
DA:191,1
DA:192,1
DA:193,0
DA:194,1
DA:195,1
DA:196,1
DA:197,1
DA:198,1
DA:199,1
DA:200,1
DA:201,1
DA:202,1
DA:203,1
DA:204,1
DA:205,1
DA:206,1
DA:207,1
DA:208,1
DA:209,1
DA:210,1
DA:211,1
DA:212,1
DA:213,1
DA:214,1
DA:215,1
DA:216,1
DA:217,1
DA:218,1
DA:219,1
DA:220,1
DA:221,1
DA:222,1
DA:223,1
DA:224,1
DA:225,1
DA:228,1
DA:239,1
DA:240,1
DA:241,1
DA:242,0
DA:243,1
DA:244,1
DA:245,1
DA:246,1
DA:247,1
DA:248,1
DA:249,1
DA:250,1
DA:251,1
DA:252,1
DA:253,1
DA:254,0
DA:255,1
DA:256,1
DA:257,1
DA:258,1
DA:260,10
DA:261,10
DA:262,10
DA:263,10
DA:264,10
DA:265,10
DA:266,10
DA:267,10
DA:268,10
DA:269,10
DA:270,2
DA:271,8
DA:272,8
DA:273,8
DA:274,8
DA:275,8
DA:276,8
DA:277,8
DA:278,8
DA:279,8
DA:280,8
DA:281,8
DA:282,8
DA:283,8
DA:284,8
DA:285,8
DA:286,8
DA:287,8
DA:288,8
DA:289,8
DA:290,8
DA:291,8
DA:292,8
DA:293,8
DA:296,8
DA:297,8
DA:298,8
DA:299,8
DA:301,0
DA:302,8
DA:306,8
DA:308,0
DA:311,8
DA:312,8
DA:313,8
DA:314,8
DA:315,8
DA:316,8
DA:317,8
DA:318,8
DA:319,8
DA:320,8
DA:321,8
DA:324,1
DA:325,1
DA:328,0
DA:339,0
DA:340,0
DA:342,0
DA:343,0
DA:344,0
DA:345,0
DA:346,0
DA:347,0
DA:348,0
DA:349,0
DA:350,0
DA:351,0
DA:352,0
DA:353,0
DA:354,0
DA:355,0
DA:356,0
DA:357,0
DA:358,0
DA:359,0
DA:360,0
DA:361,0
DA:362,0
DA:363,0
DA:364,0
DA:365,0
DA:366,0
DA:367,0
DA:368,0
DA:369,0
DA:370,0
DA:371,0
DA:372,0
DA:373,0
DA:374,0
DA:375,0
DA:376,0
DA:377,0
DA:380,0
DA:381,0
DA:382,0
DA:383,0
DA:385,0
DA:386,0
DA:388,0
DA:390,0
DA:393,0
DA:394,0
DA:395,0
DA:396,0
DA:399,12
DA:400,12
DA:401,0
DA:402,12
DA:403,12
DA:404,12
DA:407,2
DA:408,2
DA:409,2
DA:412,0
DA:413,0
DA:414,0
DA:417,9
DA:418,9
DA:419,9
DA:422,9
DA:423,9
DA:424,9
DA:427,9
DA:428,9
DA:430,9
DA:431,9
DA:432,9
DA:433,9
DA:434,9
DA:435,9
DA:436,9
DA:437,9
DA:438,9
DA:441,26
DA:447,26
DA:448,1
DA:449,25
DA:450,13
DA:451,12
DA:452,7
DA:453,5
DA:454,2
DA:456,3
DA:458,26
DA:463,1
DA:464,1
DA:465,1
DA:468,0
DA:478,0
DA:479,0
DA:480,0
DA:481,0
DA:482,0
DA:483,0
DA:484,0
DA:485,0
DA:486,0
DA:487,0
DA:488,0
DA:489,0
DA:490,0
DA:491,0
DA:492,0
DA:493,0
DA:494,0
DA:495,0
DA:496,0
DA:497,0
DA:499,0
DA:500,0
DA:501,0
DA:502,0
DA:503,0
DA:504,0
DA:505,0
DA:506,0
DA:507,0
DA:508,0
DA:509,0
DA:510,0
DA:511,0
DA:512,0
DA:513,0
DA:514,0
DA:515,0
DA:516,0
DA:517,0
DA:518,0
DA:519,0
DA:520,0
DA:521,0
DA:522,0
DA:523,0
DA:524,0
DA:525,0
DA:526,0
DA:527,0
DA:528,0
DA:529,0
DA:530,0
DA:531,0
DA:532,0
DA:535,0
DA:536,0
DA:537,0
DA:538,0
DA:539,0
DA:540,0
DA:541,0
DA:542,0
DA:543,0
DA:544,0
DA:545,0
DA:546,0
DA:547,0
DA:550,0
DA:551,0
DA:554,0
DA:564,0
DA:565,0
DA:567,0
DA:568,0
DA:569,0
DA:570,0
DA:571,0
DA:572,0
DA:573,0
DA:574,0
DA:575,0
DA:576,0
DA:577,0
DA:578,0
DA:579,0
DA:580,0
DA:581,0
DA:582,0
DA:583,0
DA:584,0
DA:585,0
DA:586,0
DA:587,0
DA:588,0
DA:589,0
DA:590,0
DA:591,0
DA:592,0
DA:593,0
DA:594,0
DA:595,0
DA:596,0
DA:597,0
DA:598,0
DA:599,0
DA:600,0
DA:601,0
DA:602,0
DA:605,0
DA:606,0
DA:607,0
DA:608,0
DA:609,0
DA:610,0
DA:613,1
DA:614,1
DA:615,1
DA:616,1
DA:617,1
DA:618,1
DA:620,0
DA:621,0
DA:622,0
DA:623,0
DA:624,0
DA:625,0
DA:626,0
DA:627,0
DA:628,0
DA:629,0
DA:630,0
DA:631,0
DA:632,0
DA:633,0
DA:634,0
DA:635,0
DA:636,0
DA:637,0
DA:638,0
DA:639,0
DA:640,0
DA:641,0
DA:642,0
DA:643,0
DA:644,0
DA:645,0
DA:646,0
DA:647,0
DA:648,0
DA:649,0
DA:650,1
DA:651,1
DA:652,1
DA:653,1
DA:654,1
DA:655,1
DA:656,1
DA:657,1
DA:658,1
DA:659,1
DA:660,1
DA:661,1
DA:662,1
DA:663,1
DA:664,1
DA:665,1
DA:666,1
DA:667,1
DA:668,1
DA:669,1
DA:670,1
DA:671,1
DA:672,1
DA:673,1
DA:674,1
DA:675,1
DA:676,1
DA:677,1
DA:678,1
DA:679,1
DA:680,1
DA:683,1
DA:684,0
DA:686,1
DA:689,1
DA:690,0
DA:692,1
DA:696,1
DA:697,1
DA:699,1
DA:700,1
DA:702,0
DA:706,1
DA:707,1
DA:708,1
DA:709,1
DA:710,1
DA:711,1
DA:712,1
DA:713,1
DA:714,1
DA:715,1
DA:716,1
DA:717,1
DA:718,1
DA:719,0
DA:720,0
DA:723,1
DA:724,1
DA:725,1
DA:726,1
DA:727,1
DA:728,1
DA:729,1
DA:730,1
DA:731,1
DA:732,1
DA:733,1
DA:734,1
DA:735,1
DA:736,1
DA:737,0
DA:738,0
DA:739,0
DA:740,0
DA:741,0
DA:742,0
DA:743,0
DA:744,0
DA:745,0
DA:746,0
DA:747,0
DA:748,0
DA:749,0
DA:750,1
DA:752,1
DA:753,1
DA:756,1
DA:757,1
DA:758,1
DA:759,1
DA:760,1
DA:761,1
DA:762,1
DA:763,1
DA:764,1
DA:765,1
DA:766,1
DA:767,1
DA:768,1
DA:769,1
DA:770,1
DA:771,1
DA:772,1
DA:773,1
DA:774,1
DA:775,1
DA:776,1
DA:777,1
DA:778,1
DA:779,1
DA:780,1
DA:781,1
DA:782,1
DA:783,1
DA:784,1
DA:785,1
DA:786,1
DA:787,1
DA:788,1
DA:789,1
DA:790,1
DA:793,0
DA:794,0
DA:795,0
DA:796,0
DA:797,0
DA:798,0
DA:799,0
DA:800,0
DA:801,0
DA:803,0
DA:804,0
DA:805,0
DA:806,0
DA:807,0
DA:808,0
DA:809,0
DA:810,0
DA:811,0
DA:812,0
DA:813,0
DA:814,0
DA:815,0
DA:816,0
DA:817,0
DA:818,0
DA:819,0
DA:820,0
DA:821,0
DA:822,0
DA:823,0
DA:824,0
DA:828,0
DA:829,0
DA:830,0
DA:838,1
DA:839,1
DA:840,1
DA:841,1
DA:842,1
DA:843,1
DA:844,1
DA:845,1
DA:846,1
DA:847,1
DA:848,1
DA:849,1
DA:852,1
DA:853,1
DA:854,1
DA:855,1
DA:856,1
DA:857,1
DA:858,1
DA:859,1
DA:860,1
DA:861,1
DA:862,1
DA:863,1
DA:864,1
DA:865,1
DA:866,1
DA:867,1
DA:868,1
DA:869,1
DA:870,1
DA:871,1
DA:872,1
DA:873,1
DA:876,1
DA:877,1
DA:878,1
DA:879,1
DA:880,1
DA:881,1
DA:882,1
DA:883,1
DA:886,1
DA:887,1
DA:888,1
DA:889,1
DA:891,1
DA:892,1
DA:893,1
DA:894,1
DA:895,1
DA:896,1
DA:897,1
DA:898,0
DA:899,1
DA:902,1
DA:903,1
DA:904,1
DA:905,1
DA:907,1
DA:908,1
DA:911,1
DA:912,1
DA:914,9
DA:915,8
DA:916,8
DA:917,0
DA:918,1
DA:921,1
DA:922,1
DA:923,1
DA:924,1
DA:925,1
DA:926,1
DA:927,1
DA:928,1
DA:929,1
DA:930,1
DA:931,1
DA:932,1
DA:933,1
DA:935,1
DA:936,1
DA:938,2
DA:939,1
DA:940,1
DA:941,1
DA:942,1
DA:943,1
DA:944,1
DA:945,1
DA:946,1
DA:947,1
DA:948,1
DA:949,1
DA:950,1
DA:951,1
DA:952,1
DA:953,1
DA:954,1
DA:955,1
DA:956,0
DA:957,1
BRF:0
BRH:0
LF:678
LH:402
end_of_record
SF:/Users/smeya/git/darwin-metrics/src/error.rs
FN:86,_RINvMNtCslGh6CY2EcXh_14darwin_metrics5errorNtB3_5Error12invalid_dataNtNtCsaxtFaqkp5wQ_5alloc6string6StringEB5_
FN:86,_RINvMNtCslGh6CY2EcXh_14darwin_metrics5errorNtB3_5Error12invalid_dataReEB5_
FN:96,_RINvMNtCslGh6CY2EcXh_14darwin_metrics5errorNtB3_5Error13not_availableReEB5_
FN:111,_RINvMNtCslGh6CY2EcXh_14darwin_metrics5errorNtB3_5Error13process_errorNtNtCsaxtFaqkp5wQ_5alloc6string6StringEB5_
FN:111,_RINvMNtCslGh6CY2EcXh_14darwin_metrics5errorNtB3_5Error13process_errorReEB5_
FN:91,_RINvMNtCslGh6CY2EcXh_14darwin_metrics5errorNtB3_5Error15not_implementedReEB5_
FN:101,_RINvMNtCslGh6CY2EcXh_14darwin_metrics5errorNtB3_5Error17permission_deniedReEB5_
FN:106,_RINvMNtCslGh6CY2EcXh_14darwin_metrics5errorNtB3_5Error17service_not_foundNtNtCsaxtFaqkp5wQ_5alloc6string6StringEB5_
FN:106,_RINvMNtCslGh6CY2EcXh_14darwin_metrics5errorNtB3_5Error17service_not_foundReEB5_
FN:76,_RINvMNtCslGh6CY2EcXh_14darwin_metrics5errorNtB3_5Error6io_kitReEB5_
FN:81,_RINvMNtCslGh6CY2EcXh_14darwin_metrics5errorNtB3_5Error6systemNtNtCsaxtFaqkp5wQ_5alloc6string6StringEB5_
FN:81,_RINvMNtCslGh6CY2EcXh_14darwin_metrics5errorNtB3_5Error6systemReEB5_
FN:141,_RNvMNtCslGh6CY2EcXh_14darwin_metrics5errorNtB2_5Error16is_not_available
FN:135,_RNvMNtCslGh6CY2EcXh_14darwin_metrics5errorNtB2_5Error19is_permission_error
FN:116,_RNvMNtCslGh6CY2EcXh_14darwin_metrics5errorNtB2_5Error7details
FN:151,_RNvXs_NtCslGh6CY2EcXh_14darwin_metrics5errorNtB4_5ErrorINtNtCs4P3ALgZxGbJ_4core7convert4FromNtNtNtCsfXerQ7jTsRl_3std2io5error5ErrorE4from
FN:254,_RNvNtNtCslGh6CY2EcXh_14darwin_metrics5error5testss_18test_from_io_error
FN:190,_RNvNtNtCslGh6CY2EcXh_14darwin_metrics5error5testss_21test_error_details_io
FN:207,_RNvNtNtCslGh6CY2EcXh_14darwin_metrics5error5testss_24test_error_details_iokit
FN:221,_RNvNtNtCslGh6CY2EcXh_14darwin_metrics5error5testss_24test_error_details_other
FN:162,_RNvNtNtCslGh6CY2EcXh_14darwin_metrics5error5testss_27test_error_creation_methods
FN:244,_RNvNtNtCslGh6CY2EcXh_14darwin_metrics5error5testss_27test_error_is_not_available
FN:199,_RNvNtNtCslGh6CY2EcXh_14darwin_metrics5error5testss_29test_error_details_permission
FN:228,_RNvNtNtCslGh6CY2EcXh_14darwin_metrics5error5testss_30test_error_is_permission_error
FN:214,_RNvNtNtCslGh6CY2EcXh_14darwin_metrics5error5testss_32test_error_details_not_available
FN:86,_RINvMNtCsGBPSOZydBW_14darwin_metrics5errorNtB3_5Error12invalid_dataReEB5_
FN:111,_RINvMNtCsGBPSOZydBW_14darwin_metrics5errorNtB3_5Error13process_errorNtNtCsaxtFaqkp5wQ_5alloc6string6StringEB5_
FN:111,_RINvMNtCsGBPSOZydBW_14darwin_metrics5errorNtB3_5Error13process_errorReEB5_
FN:106,_RINvMNtCsGBPSOZydBW_14darwin_metrics5errorNtB3_5Error17service_not_foundNtNtCsaxtFaqkp5wQ_5alloc6string6StringEB5_
FN:81,_RINvMNtCsGBPSOZydBW_14darwin_metrics5errorNtB3_5Error6systemNtNtCsaxtFaqkp5wQ_5alloc6string6StringEB5_
FN:81,_RINvMNtCsGBPSOZydBW_14darwin_metrics5errorNtB3_5Error6systemReEB5_
FN:96,_RINvMNtCsGBPSOZydBW_14darwin_metrics5errorNtB3_5Error13not_availablepEB5_
FN:91,_RINvMNtCsGBPSOZydBW_14darwin_metrics5errorNtB3_5Error15not_implementedpEB5_
FN:101,_RINvMNtCsGBPSOZydBW_14darwin_metrics5errorNtB3_5Error17permission_deniedpEB5_
FN:76,_RINvMNtCsGBPSOZydBW_14darwin_metrics5errorNtB3_5Error6io_kitpEB5_
FN:141,_RNvMNtCsGBPSOZydBW_14darwin_metrics5errorNtB2_5Error16is_not_available
FN:135,_RNvMNtCsGBPSOZydBW_14darwin_metrics5errorNtB2_5Error19is_permission_error
FN:116,_RNvMNtCsGBPSOZydBW_14darwin_metrics5errorNtB2_5Error7details
FN:151,_RNvXs_NtCsGBPSOZydBW_14darwin_metrics5errorNtB4_5ErrorINtNtCs4P3ALgZxGbJ_4core7convert4FromNtNtNtCsfXerQ7jTsRl_3std2io5error5ErrorE4from
FNDA:1,_RINvMNtCslGh6CY2EcXh_14darwin_metrics5errorNtB3_5Error12invalid_dataNtNtCsaxtFaqkp5wQ_5alloc6string6StringEB5_
FNDA:5,_RINvMNtCslGh6CY2EcXh_14darwin_metrics5errorNtB3_5Error12invalid_dataReEB5_
FNDA:1,_RINvMNtCslGh6CY2EcXh_14darwin_metrics5errorNtB3_5Error13not_availableReEB5_
FNDA:982,_RINvMNtCslGh6CY2EcXh_14darwin_metrics5errorNtB3_5Error13process_errorNtNtCsaxtFaqkp5wQ_5alloc6string6StringEB5_
FNDA:1,_RINvMNtCslGh6CY2EcXh_14darwin_metrics5errorNtB3_5Error13process_errorReEB5_
FNDA:1,_RINvMNtCslGh6CY2EcXh_14darwin_metrics5errorNtB3_5Error15not_implementedReEB5_
FNDA:1,_RINvMNtCslGh6CY2EcXh_14darwin_metrics5errorNtB3_5Error17permission_deniedReEB5_
FNDA:1,_RINvMNtCslGh6CY2EcXh_14darwin_metrics5errorNtB3_5Error17service_not_foundNtNtCsaxtFaqkp5wQ_5alloc6string6StringEB5_
FNDA:2,_RINvMNtCslGh6CY2EcXh_14darwin_metrics5errorNtB3_5Error17service_not_foundReEB5_
FNDA:2,_RINvMNtCslGh6CY2EcXh_14darwin_metrics5errorNtB3_5Error6io_kitReEB5_
FNDA:7,_RINvMNtCslGh6CY2EcXh_14darwin_metrics5errorNtB3_5Error6systemNtNtCsaxtFaqkp5wQ_5alloc6string6StringEB5_
FNDA:3,_RINvMNtCslGh6CY2EcXh_14darwin_metrics5errorNtB3_5Error6systemReEB5_
FNDA:2,_RNvMNtCslGh6CY2EcXh_14darwin_metrics5errorNtB2_5Error16is_not_available
FNDA:4,_RNvMNtCslGh6CY2EcXh_14darwin_metrics5errorNtB2_5Error19is_permission_error
FNDA:6,_RNvMNtCslGh6CY2EcXh_14darwin_metrics5errorNtB2_5Error7details
FNDA:1,_RNvXs_NtCslGh6CY2EcXh_14darwin_metrics5errorNtB4_5ErrorINtNtCs4P3ALgZxGbJ_4core7convert4FromNtNtNtCsfXerQ7jTsRl_3std2io5error5ErrorE4from
FNDA:1,_RNvNtNtCslGh6CY2EcXh_14darwin_metrics5error5testss_18test_from_io_error
FNDA:1,_RNvNtNtCslGh6CY2EcXh_14darwin_metrics5error5testss_21test_error_details_io
FNDA:1,_RNvNtNtCslGh6CY2EcXh_14darwin_metrics5error5testss_24test_error_details_iokit
FNDA:1,_RNvNtNtCslGh6CY2EcXh_14darwin_metrics5error5testss_24test_error_details_other
FNDA:1,_RNvNtNtCslGh6CY2EcXh_14darwin_metrics5error5testss_27test_error_creation_methods
FNDA:1,_RNvNtNtCslGh6CY2EcXh_14darwin_metrics5error5testss_27test_error_is_not_available
FNDA:1,_RNvNtNtCslGh6CY2EcXh_14darwin_metrics5error5testss_29test_error_details_permission
FNDA:1,_RNvNtNtCslGh6CY2EcXh_14darwin_metrics5error5testss_30test_error_is_permission_error
FNDA:1,_RNvNtNtCslGh6CY2EcXh_14darwin_metrics5error5testss_32test_error_details_not_available
FNDA:0,_RINvMNtCsGBPSOZydBW_14darwin_metrics5errorNtB3_5Error12invalid_dataReEB5_
FNDA:0,_RINvMNtCsGBPSOZydBW_14darwin_metrics5errorNtB3_5Error13process_errorNtNtCsaxtFaqkp5wQ_5alloc6string6StringEB5_
FNDA:0,_RINvMNtCsGBPSOZydBW_14darwin_metrics5errorNtB3_5Error13process_errorReEB5_
FNDA:0,_RINvMNtCsGBPSOZydBW_14darwin_metrics5errorNtB3_5Error17service_not_foundNtNtCsaxtFaqkp5wQ_5alloc6string6StringEB5_
FNDA:0,_RINvMNtCsGBPSOZydBW_14darwin_metrics5errorNtB3_5Error6systemNtNtCsaxtFaqkp5wQ_5alloc6string6StringEB5_
FNDA:0,_RINvMNtCsGBPSOZydBW_14darwin_metrics5errorNtB3_5Error6systemReEB5_
FNDA:0,_RINvMNtCsGBPSOZydBW_14darwin_metrics5errorNtB3_5Error13not_availablepEB5_
FNDA:0,_RINvMNtCsGBPSOZydBW_14darwin_metrics5errorNtB3_5Error15not_implementedpEB5_
FNDA:0,_RINvMNtCsGBPSOZydBW_14darwin_metrics5errorNtB3_5Error17permission_deniedpEB5_
FNDA:0,_RINvMNtCsGBPSOZydBW_14darwin_metrics5errorNtB3_5Error6io_kitpEB5_
FNDA:0,_RNvMNtCsGBPSOZydBW_14darwin_metrics5errorNtB2_5Error16is_not_available
FNDA:0,_RNvMNtCsGBPSOZydBW_14darwin_metrics5errorNtB2_5Error19is_permission_error
FNDA:0,_RNvMNtCsGBPSOZydBW_14darwin_metrics5errorNtB2_5Error7details
FNDA:0,_RNvXs_NtCsGBPSOZydBW_14darwin_metrics5errorNtB4_5ErrorINtNtCs4P3ALgZxGbJ_4core7convert4FromNtNtNtCsfXerQ7jTsRl_3std2io5error5ErrorE4from
FNF:21
FNH:21
DA:76,2
DA:77,2
DA:78,2
DA:81,10
DA:82,10
DA:83,10
DA:86,6
DA:87,6
DA:88,6
DA:91,1
DA:92,1
DA:93,1
DA:96,1
DA:97,1
DA:98,1
DA:101,1
DA:102,1
DA:103,1
DA:106,3
DA:107,3
DA:108,3
DA:111,983
DA:112,983
DA:113,983
DA:116,6
DA:117,6
DA:118,1
DA:119,2
DA:120,2
DA:122,1
DA:123,1
DA:124,1
DA:125,1
DA:126,1
DA:127,1
DA:128,1
DA:129,1
DA:130,1
DA:132,6
DA:135,4
DA:136,4
DA:137,2
DA:138,4
DA:141,2
DA:142,2
DA:143,2
DA:151,1
DA:152,1
DA:153,1
DA:162,1
DA:163,1
DA:164,1
DA:165,1
DA:167,1
DA:168,1
DA:170,1
DA:171,1
DA:173,1
DA:174,1
DA:176,1
DA:177,1
DA:179,1
DA:180,1
DA:182,1
DA:183,1
DA:185,1
DA:186,1
DA:187,1
DA:190,1
DA:191,1
DA:192,1
DA:193,1
DA:194,1
DA:195,1
DA:196,1
DA:199,1
DA:200,1
DA:201,1
DA:202,1
DA:203,1
DA:204,1
DA:207,1
DA:208,1
DA:209,1
DA:210,1
DA:211,1
DA:214,1
DA:215,1
DA:216,1
DA:217,1
DA:218,1
DA:221,1
DA:222,1
DA:223,1
DA:224,1
DA:225,1
DA:228,1
DA:229,1
DA:230,1
DA:231,1
DA:233,1
DA:234,1
DA:236,1
DA:237,1
DA:239,1
DA:240,1
DA:241,1
DA:244,1
DA:245,1
DA:246,1
DA:247,1
DA:249,1
DA:250,1
DA:251,1
DA:254,1
DA:255,1
DA:256,1
DA:257,1
DA:259,1
DA:260,1
DA:261,1
DA:263,0
DA:265,1
BRF:0
BRH:0
LF:123
LH:122
end_of_record
SF:/Users/smeya/git/darwin-metrics/src/hardware/cpu/cpu_impl.rs
FN:399,_RNvNtNtNtNtCslGh6CY2EcXh_14darwin_metrics8hardware3cpu8cpu_impl5testss_14test_cpu_usage
FN:412,_RNvNtNtNtNtCslGh6CY2EcXh_14darwin_metrics8hardware3cpu8cpu_impl5testss_22test_cpu_metrics_trait
FN:424,_RNvNtNtNtNtCslGh6CY2EcXh_14darwin_metrics8hardware3cpu8cpu_impl5testss_22test_frequency_metrics
FN:387,_RNvNtNtNtNtCslGh6CY2EcXh_14darwin_metrics8hardware3cpu8cpu_impl5testss_23test_cpu_initialization
FN:295,_RNCNvMNtNtNtCslGh6CY2EcXh_14darwin_metrics8hardware3cpu8cpu_implNtB4_3CPU17max_frequency_mhz0Ba_
FN:286,_RNCNvMNtNtNtCslGh6CY2EcXh_14darwin_metrics8hardware3cpu8cpu_implNtB4_3CPU17min_frequency_mhz0Ba_
FN:305,_RNCNvMNtNtNtCslGh6CY2EcXh_14darwin_metrics8hardware3cpu8cpu_implNtB4_3CPU21available_frequencies0Ba_
FN:242,_RNvMNtNtNtCslGh6CY2EcXh_14darwin_metrics8hardware3cpu8cpu_implNtB2_3CPU10core_usage
FN:254,_RNvMNtNtNtCslGh6CY2EcXh_14darwin_metrics8hardware3cpu8cpu_implNtB2_3CPU10model_name
FN:263,_RNvMNtNtNtCslGh6CY2EcXh_14darwin_metrics8hardware3cpu8cpu_implNtB2_3CPU11temperature
FN:230,_RNvMNtNtNtCslGh6CY2EcXh_14darwin_metrics8hardware3cpu8cpu_implNtB2_3CPU13frequency_mhz
FN:218,_RNvMNtNtNtCslGh6CY2EcXh_14darwin_metrics8hardware3cpu8cpu_implNtB2_3CPU13logical_cores
FN:205,_RNvMNtNtNtCslGh6CY2EcXh_14darwin_metrics8hardware3cpu8cpu_implNtB2_3CPU14physical_cores
FN:276,_RNvMNtNtNtCslGh6CY2EcXh_14darwin_metrics8hardware3cpu8cpu_implNtB2_3CPU17frequency_metrics
FN:294,_RNvMNtNtNtCslGh6CY2EcXh_14darwin_metrics8hardware3cpu8cpu_implNtB2_3CPU17max_frequency_mhz
FN:285,_RNvMNtNtNtCslGh6CY2EcXh_14darwin_metrics8hardware3cpu8cpu_implNtB2_3CPU17min_frequency_mhz
FN:304,_RNvMNtNtNtCslGh6CY2EcXh_14darwin_metrics8hardware3cpu8cpu_implNtB2_3CPU21available_frequencies
FN:354,_RNvMNtNtNtNtCslGh6CY2EcXh_14darwin_metrics8hardware3cpu8cpu_impl5testsNtB4_3CPU13new_with_mock
FN:325,_RNvXs_NtNtNtCslGh6CY2EcXh_14darwin_metrics8hardware3cpu8cpu_implNtB4_3CPUNtB6_10CpuMetrics13get_cpu_usage
FN:343,_RNvXs_NtNtNtCslGh6CY2EcXh_14darwin_metrics8hardware3cpu8cpu_implNtB4_3CPUNtB6_10CpuMetrics17get_cpu_frequency
FN:334,_RNvXs_NtNtNtCslGh6CY2EcXh_14darwin_metrics8hardware3cpu8cpu_implNtB4_3CPUNtB6_10CpuMetrics19get_cpu_temperature
FN:360,_RNCNvMNtNtNtNtCslGh6CY2EcXh_14darwin_metrics8hardware3cpu8cpu_impl5testsNtB6_3CPU13new_with_mocks_0Bc_
FN:156,_RNvMNtNtNtCslGh6CY2EcXh_14darwin_metrics8hardware3cpu8cpu_implNtB2_3CPU16fetch_core_usage
FN:192,_RNvMNtNtNtCslGh6CY2EcXh_14darwin_metrics8hardware3cpu8cpu_implNtB2_3CPU21fetch_cpu_temperature
FN:73,_RNvMNtNtNtCslGh6CY2EcXh_14darwin_metrics8hardware3cpu8cpu_implNtB2_3CPU3new
FN:102,_RNvMNtNtNtCslGh6CY2EcXh_14darwin_metrics8hardware3cpu8cpu_implNtB2_3CPU6update
FN:358,_RNCNvMNtNtNtNtCslGh6CY2EcXh_14darwin_metrics8hardware3cpu8cpu_impl5testsNtB6_3CPU13new_with_mock0Bc_
FN:295,_RNCNvMNtNtNtCsGBPSOZydBW_14darwin_metrics8hardware3cpu8cpu_implNtB4_3CPU17max_frequency_mhz0Ba_
FN:286,_RNCNvMNtNtNtCsGBPSOZydBW_14darwin_metrics8hardware3cpu8cpu_implNtB4_3CPU17min_frequency_mhz0Ba_
FN:305,_RNCNvMNtNtNtCsGBPSOZydBW_14darwin_metrics8hardware3cpu8cpu_implNtB4_3CPU21available_frequencies0Ba_
FN:242,_RNvMNtNtNtCsGBPSOZydBW_14darwin_metrics8hardware3cpu8cpu_implNtB2_3CPU10core_usage
FN:254,_RNvMNtNtNtCsGBPSOZydBW_14darwin_metrics8hardware3cpu8cpu_implNtB2_3CPU10model_name
FN:263,_RNvMNtNtNtCsGBPSOZydBW_14darwin_metrics8hardware3cpu8cpu_implNtB2_3CPU11temperature
FN:230,_RNvMNtNtNtCsGBPSOZydBW_14darwin_metrics8hardware3cpu8cpu_implNtB2_3CPU13frequency_mhz
FN:218,_RNvMNtNtNtCsGBPSOZydBW_14darwin_metrics8hardware3cpu8cpu_implNtB2_3CPU13logical_cores
FN:205,_RNvMNtNtNtCsGBPSOZydBW_14darwin_metrics8hardware3cpu8cpu_implNtB2_3CPU14physical_cores
FN:156,_RNvMNtNtNtCsGBPSOZydBW_14darwin_metrics8hardware3cpu8cpu_implNtB2_3CPU16fetch_core_usage
FN:276,_RNvMNtNtNtCsGBPSOZydBW_14darwin_metrics8hardware3cpu8cpu_implNtB2_3CPU17frequency_metrics
FN:294,_RNvMNtNtNtCsGBPSOZydBW_14darwin_metrics8hardware3cpu8cpu_implNtB2_3CPU17max_frequency_mhz
FN:285,_RNvMNtNtNtCsGBPSOZydBW_14darwin_metrics8hardware3cpu8cpu_implNtB2_3CPU17min_frequency_mhz
FN:304,_RNvMNtNtNtCsGBPSOZydBW_14darwin_metrics8hardware3cpu8cpu_implNtB2_3CPU21available_frequencies
FN:192,_RNvMNtNtNtCsGBPSOZydBW_14darwin_metrics8hardware3cpu8cpu_implNtB2_3CPU21fetch_cpu_temperature
FN:73,_RNvMNtNtNtCsGBPSOZydBW_14darwin_metrics8hardware3cpu8cpu_implNtB2_3CPU3new
FN:102,_RNvMNtNtNtCsGBPSOZydBW_14darwin_metrics8hardware3cpu8cpu_implNtB2_3CPU6update
FN:325,_RNvXs_NtNtNtCsGBPSOZydBW_14darwin_metrics8hardware3cpu8cpu_implNtB4_3CPUNtB6_10CpuMetrics13get_cpu_usage
FN:343,_RNvXs_NtNtNtCsGBPSOZydBW_14darwin_metrics8hardware3cpu8cpu_implNtB4_3CPUNtB6_10CpuMetrics17get_cpu_frequency
FN:334,_RNvXs_NtNtNtCsGBPSOZydBW_14darwin_metrics8hardware3cpu8cpu_implNtB4_3CPUNtB6_10CpuMetrics19get_cpu_temperature
FNDA:1,_RNvNtNtNtNtCslGh6CY2EcXh_14darwin_metrics8hardware3cpu8cpu_impl5testss_14test_cpu_usage
FNDA:1,_RNvNtNtNtNtCslGh6CY2EcXh_14darwin_metrics8hardware3cpu8cpu_impl5testss_22test_cpu_metrics_trait
FNDA:1,_RNvNtNtNtNtCslGh6CY2EcXh_14darwin_metrics8hardware3cpu8cpu_impl5testss_22test_frequency_metrics
FNDA:1,_RNvNtNtNtNtCslGh6CY2EcXh_14darwin_metrics8hardware3cpu8cpu_impl5testss_23test_cpu_initialization
FNDA:1,_RNCNvMNtNtNtCslGh6CY2EcXh_14darwin_metrics8hardware3cpu8cpu_implNtB4_3CPU17max_frequency_mhz0Ba_
FNDA:1,_RNCNvMNtNtNtCslGh6CY2EcXh_14darwin_metrics8hardware3cpu8cpu_implNtB4_3CPU17min_frequency_mhz0Ba_
FNDA:1,_RNCNvMNtNtNtCslGh6CY2EcXh_14darwin_metrics8hardware3cpu8cpu_implNtB4_3CPU21available_frequencies0Ba_
FNDA:2,_RNvMNtNtNtCslGh6CY2EcXh_14darwin_metrics8hardware3cpu8cpu_implNtB2_3CPU10core_usage
FNDA:1,_RNvMNtNtNtCslGh6CY2EcXh_14darwin_metrics8hardware3cpu8cpu_implNtB2_3CPU10model_name
FNDA:1,_RNvMNtNtNtCslGh6CY2EcXh_14darwin_metrics8hardware3cpu8cpu_implNtB2_3CPU11temperature
FNDA:2,_RNvMNtNtNtCslGh6CY2EcXh_14darwin_metrics8hardware3cpu8cpu_implNtB2_3CPU13frequency_mhz
FNDA:1,_RNvMNtNtNtCslGh6CY2EcXh_14darwin_metrics8hardware3cpu8cpu_implNtB2_3CPU13logical_cores
FNDA:1,_RNvMNtNtNtCslGh6CY2EcXh_14darwin_metrics8hardware3cpu8cpu_implNtB2_3CPU14physical_cores
FNDA:1,_RNvMNtNtNtCslGh6CY2EcXh_14darwin_metrics8hardware3cpu8cpu_implNtB2_3CPU17frequency_metrics
FNDA:1,_RNvMNtNtNtCslGh6CY2EcXh_14darwin_metrics8hardware3cpu8cpu_implNtB2_3CPU17max_frequency_mhz
FNDA:1,_RNvMNtNtNtCslGh6CY2EcXh_14darwin_metrics8hardware3cpu8cpu_implNtB2_3CPU17min_frequency_mhz
FNDA:1,_RNvMNtNtNtCslGh6CY2EcXh_14darwin_metrics8hardware3cpu8cpu_implNtB2_3CPU21available_frequencies
FNDA:4,_RNvMNtNtNtNtCslGh6CY2EcXh_14darwin_metrics8hardware3cpu8cpu_impl5testsNtB4_3CPU13new_with_mock
FNDA:3,_RNvXs_NtNtNtCslGh6CY2EcXh_14darwin_metrics8hardware3cpu8cpu_implNtB4_3CPUNtB6_10CpuMetrics13get_cpu_usage
FNDA:1,_RNvXs_NtNtNtCslGh6CY2EcXh_14darwin_metrics8hardware3cpu8cpu_implNtB4_3CPUNtB6_10CpuMetrics17get_cpu_frequency
FNDA:1,_RNvXs_NtNtNtCslGh6CY2EcXh_14darwin_metrics8hardware3cpu8cpu_implNtB4_3CPUNtB6_10CpuMetrics19get_cpu_temperature
FNDA:0,_RNCNvMNtNtNtNtCslGh6CY2EcXh_14darwin_metrics8hardware3cpu8cpu_impl5testsNtB6_3CPU13new_with_mocks_0Bc_
FNDA:0,_RNvMNtNtNtCslGh6CY2EcXh_14darwin_metrics8hardware3cpu8cpu_implNtB2_3CPU16fetch_core_usage
FNDA:0,_RNvMNtNtNtCslGh6CY2EcXh_14darwin_metrics8hardware3cpu8cpu_implNtB2_3CPU21fetch_cpu_temperature
FNDA:0,_RNvMNtNtNtCslGh6CY2EcXh_14darwin_metrics8hardware3cpu8cpu_implNtB2_3CPU3new
FNDA:0,_RNvMNtNtNtCslGh6CY2EcXh_14darwin_metrics8hardware3cpu8cpu_implNtB2_3CPU6update
FNDA:0,_RNCNvMNtNtNtNtCslGh6CY2EcXh_14darwin_metrics8hardware3cpu8cpu_impl5testsNtB6_3CPU13new_with_mock0Bc_
FNDA:0,_RNCNvMNtNtNtCsGBPSOZydBW_14darwin_metrics8hardware3cpu8cpu_implNtB4_3CPU17max_frequency_mhz0Ba_
FNDA:0,_RNCNvMNtNtNtCsGBPSOZydBW_14darwin_metrics8hardware3cpu8cpu_implNtB4_3CPU17min_frequency_mhz0Ba_
FNDA:0,_RNCNvMNtNtNtCsGBPSOZydBW_14darwin_metrics8hardware3cpu8cpu_implNtB4_3CPU21available_frequencies0Ba_
FNDA:0,_RNvMNtNtNtCsGBPSOZydBW_14darwin_metrics8hardware3cpu8cpu_implNtB2_3CPU10core_usage
FNDA:0,_RNvMNtNtNtCsGBPSOZydBW_14darwin_metrics8hardware3cpu8cpu_implNtB2_3CPU10model_name
FNDA:0,_RNvMNtNtNtCsGBPSOZydBW_14darwin_metrics8hardware3cpu8cpu_implNtB2_3CPU11temperature
FNDA:0,_RNvMNtNtNtCsGBPSOZydBW_14darwin_metrics8hardware3cpu8cpu_implNtB2_3CPU13frequency_mhz
FNDA:0,_RNvMNtNtNtCsGBPSOZydBW_14darwin_metrics8hardware3cpu8cpu_implNtB2_3CPU13logical_cores
FNDA:0,_RNvMNtNtNtCsGBPSOZydBW_14darwin_metrics8hardware3cpu8cpu_implNtB2_3CPU14physical_cores
FNDA:0,_RNvMNtNtNtCsGBPSOZydBW_14darwin_metrics8hardware3cpu8cpu_implNtB2_3CPU16fetch_core_usage
FNDA:0,_RNvMNtNtNtCsGBPSOZydBW_14darwin_metrics8hardware3cpu8cpu_implNtB2_3CPU17frequency_metrics
FNDA:0,_RNvMNtNtNtCsGBPSOZydBW_14darwin_metrics8hardware3cpu8cpu_implNtB2_3CPU17max_frequency_mhz
FNDA:0,_RNvMNtNtNtCsGBPSOZydBW_14darwin_metrics8hardware3cpu8cpu_implNtB2_3CPU17min_frequency_mhz
FNDA:0,_RNvMNtNtNtCsGBPSOZydBW_14darwin_metrics8hardware3cpu8cpu_implNtB2_3CPU21available_frequencies
FNDA:0,_RNvMNtNtNtCsGBPSOZydBW_14darwin_metrics8hardware3cpu8cpu_implNtB2_3CPU21fetch_cpu_temperature
FNDA:0,_RNvMNtNtNtCsGBPSOZydBW_14darwin_metrics8hardware3cpu8cpu_implNtB2_3CPU3new
FNDA:0,_RNvMNtNtNtCsGBPSOZydBW_14darwin_metrics8hardware3cpu8cpu_implNtB2_3CPU6update
FNDA:0,_RNvXs_NtNtNtCsGBPSOZydBW_14darwin_metrics8hardware3cpu8cpu_implNtB4_3CPUNtB6_10CpuMetrics13get_cpu_usage
FNDA:0,_RNvXs_NtNtNtCsGBPSOZydBW_14darwin_metrics8hardware3cpu8cpu_implNtB4_3CPUNtB6_10CpuMetrics17get_cpu_frequency
FNDA:0,_RNvXs_NtNtNtCsGBPSOZydBW_14darwin_metrics8hardware3cpu8cpu_implNtB4_3CPUNtB6_10CpuMetrics19get_cpu_temperature
FNF:27
FNH:21
DA:73,0
DA:74,0
DA:75,0
DA:76,0
DA:77,0
DA:78,0
DA:79,0
DA:80,0
DA:81,0
DA:82,0
DA:83,0
DA:84,0
DA:85,0
DA:86,0
DA:87,0
DA:102,0
DA:103,0
DA:108,0
DA:109,0
DA:110,0
DA:111,0
DA:112,0
DA:113,0
DA:114,0
DA:115,0
DA:116,0
DA:117,0
DA:118,0
DA:119,0
DA:120,0
DA:121,0
DA:122,0
DA:123,0
DA:126,0
DA:131,0
DA:132,0
DA:133,0
DA:134,0
DA:135,0
DA:136,0
DA:137,0
DA:138,0
DA:156,0
DA:157,0
DA:158,0
DA:159,0
DA:160,0
DA:161,0
DA:162,0
DA:163,0
DA:164,0
DA:165,0
DA:166,0
DA:167,0
DA:168,0
DA:169,0
DA:170,0
DA:171,0
DA:172,0
DA:173,0
DA:174,0
DA:175,0
DA:176,0
DA:177,0
DA:178,0
DA:180,0
DA:181,0
DA:192,0
DA:193,0
DA:194,0
DA:205,1
DA:206,1
DA:207,1
DA:218,1
DA:219,1
DA:220,1
DA:230,2
DA:231,2
DA:232,2
DA:242,2
DA:243,2
DA:244,2
DA:254,1
DA:255,1
DA:256,1
DA:263,1
DA:264,1
DA:265,1
DA:276,1
DA:277,1
DA:278,1
DA:285,1
DA:286,1
DA:287,1
DA:294,1
DA:295,1
DA:296,1
DA:304,1
DA:305,1
DA:306,1
DA:325,3
DA:326,3
DA:327,3
DA:334,1
DA:335,1
DA:336,1
DA:343,1
DA:344,1
DA:345,1
DA:354,4
DA:355,4
DA:356,4
DA:357,4
DA:358,4
DA:359,4
DA:360,4
DA:362,0
DA:363,4
DA:364,4
DA:365,4
DA:366,4
DA:367,4
DA:368,4
DA:369,4
DA:370,4
DA:371,4
DA:372,4
DA:373,4
DA:374,4
DA:375,4
DA:376,4
DA:377,4
DA:378,4
DA:379,4
DA:380,4
DA:381,4
DA:382,4
DA:383,4
DA:387,1
DA:388,1
DA:389,1
DA:390,1
DA:391,1
DA:392,1
DA:393,1
DA:394,1
DA:395,1
DA:396,1
DA:399,1
DA:400,1
DA:401,1
DA:402,1
DA:403,1
DA:407,1
DA:408,1
DA:409,1
DA:412,1
DA:413,1
DA:414,1
DA:415,1
DA:416,1
DA:417,1
DA:420,1
DA:421,1
DA:424,1
DA:425,1
DA:426,1
DA:427,1
DA:428,1
DA:429,1
DA:430,1
DA:433,1
DA:434,1
DA:435,1
DA:436,1
DA:439,1
DA:440,1
DA:441,1
DA:442,1
DA:443,1
DA:444,1
BRF:0
BRH:0
LF:187
LH:113
end_of_record
SF:/Users/smeya/git/darwin-metrics/src/hardware/cpu/frequency.rs
FN:78,_RNvXNtNtNtCslGh6CY2EcXh_14darwin_metrics8hardware3cpu9frequencyNtB2_16FrequencyMonitorNtNtCs4P3ALgZxGbJ_4core7default7Default7default
FN:160,_RNCNvNtNtNtCslGh6CY2EcXh_14darwin_metrics8hardware3cpu9frequency30fetch_sysctl_frequency_by_name0B9_
FN:106,_RNvMs_NtNtNtCslGh6CY2EcXh_14darwin_metrics8hardware3cpu9frequencyNtB4_16FrequencyMonitor11get_metrics
FN:89,_RNvMs_NtNtNtCslGh6CY2EcXh_14darwin_metrics8hardware3cpu9frequencyNtB4_16FrequencyMonitor3new
FN:129,_RNvNtNtNtCslGh6CY2EcXh_14darwin_metrics8hardware3cpu9frequency17retrieve_cpu_info
FN:119,_RNvNtNtNtCslGh6CY2EcXh_14darwin_metrics8hardware3cpu9frequency21fetch_cpu_frequencies
FN:156,_RNvNtNtNtCslGh6CY2EcXh_14darwin_metrics8hardware3cpu9frequency30fetch_sysctl_frequency_by_name
FN:190,_RNvNtNtNtNtCslGh6CY2EcXh_14darwin_metrics8hardware3cpu9frequency5tests22fetch_sysctl_frequency
FN:199,_RNvNtNtNtNtCslGh6CY2EcXh_14darwin_metrics8hardware3cpu9frequency5tests30fetch_sysctl_frequency_by_name
FN:240,_RNvNtNtNtNtCslGh6CY2EcXh_14darwin_metrics8hardware3cpu9frequency5testss_21test_cpu_info_default
FN:211,_RNvNtNtNtNtCslGh6CY2EcXh_14darwin_metrics8hardware3cpu9frequency5testss_22test_frequency_metrics
FN:315,_RNvNtNtNtNtCslGh6CY2EcXh_14darwin_metrics8hardware3cpu9frequency5testss_26test_fetch_cpu_frequencies
FN:226,_RNvNtNtNtNtCslGh6CY2EcXh_14darwin_metrics8hardware3cpu9frequency5testss_26test_frequency_monitor_new
FN:281,_RNvNtNtNtNtCslGh6CY2EcXh_14darwin_metrics8hardware3cpu9frequency5testss_27test_fetch_sysctl_frequency
FN:233,_RNvNtNtNtNtCslGh6CY2EcXh_14darwin_metrics8hardware3cpu9frequency5testss_30test_frequency_monitor_default
FN:334,_RNvNtNtNtNtCslGh6CY2EcXh_14darwin_metrics8hardware3cpu9frequency5testss_34test_frequency_monitor_get_metrics
FN:249,_RNvNtNtNtNtCslGh6CY2EcXh_14darwin_metrics8hardware3cpu9frequency5testss_38test_available_frequencies_calculation
FN:302,_RNvNtNtNtNtCslGh6CY2EcXh_14darwin_metrics8hardware3cpu9frequency5testss_41test_fetch_sysctl_frequency_by_name_error
FN:160,_RNCNvNtNtNtCsGBPSOZydBW_14darwin_metrics8hardware3cpu9frequency30fetch_sysctl_frequency_by_name0B9_
FN:106,_RNvMs_NtNtNtCsGBPSOZydBW_14darwin_metrics8hardware3cpu9frequencyNtB4_16FrequencyMonitor11get_metrics
FN:89,_RNvMs_NtNtNtCsGBPSOZydBW_14darwin_metrics8hardware3cpu9frequencyNtB4_16FrequencyMonitor3new
FN:129,_RNvNtNtNtCsGBPSOZydBW_14darwin_metrics8hardware3cpu9frequency17retrieve_cpu_info
FN:119,_RNvNtNtNtCsGBPSOZydBW_14darwin_metrics8hardware3cpu9frequency21fetch_cpu_frequencies
FN:156,_RNvNtNtNtCsGBPSOZydBW_14darwin_metrics8hardware3cpu9frequency30fetch_sysctl_frequency_by_name
FN:78,_RNvXNtNtNtCsGBPSOZydBW_14darwin_metrics8hardware3cpu9frequencyNtB2_16FrequencyMonitorNtNtCs4P3ALgZxGbJ_4core7default7Default7default
FNDA:0,_RNvXNtNtNtCslGh6CY2EcXh_14darwin_metrics8hardware3cpu9frequencyNtB2_16FrequencyMonitorNtNtCs4P3ALgZxGbJ_4core7default7Default7default
FNDA:0,_RNCNvNtNtNtCslGh6CY2EcXh_14darwin_metrics8hardware3cpu9frequency30fetch_sysctl_frequency_by_name0B9_
FNDA:1,_RNvMs_NtNtNtCslGh6CY2EcXh_14darwin_metrics8hardware3cpu9frequencyNtB4_16FrequencyMonitor11get_metrics
FNDA:5,_RNvMs_NtNtNtCslGh6CY2EcXh_14darwin_metrics8hardware3cpu9frequencyNtB4_16FrequencyMonitor3new
FNDA:2,_RNvNtNtNtCslGh6CY2EcXh_14darwin_metrics8hardware3cpu9frequency17retrieve_cpu_info
FNDA:2,_RNvNtNtNtCslGh6CY2EcXh_14darwin_metrics8hardware3cpu9frequency21fetch_cpu_frequencies
FNDA:2,_RNvNtNtNtCslGh6CY2EcXh_14darwin_metrics8hardware3cpu9frequency30fetch_sysctl_frequency_by_name
FNDA:2,_RNvNtNtNtNtCslGh6CY2EcXh_14darwin_metrics8hardware3cpu9frequency5tests22fetch_sysctl_frequency
FNDA:2,_RNvNtNtNtNtCslGh6CY2EcXh_14darwin_metrics8hardware3cpu9frequency5tests30fetch_sysctl_frequency_by_name
FNDA:1,_RNvNtNtNtNtCslGh6CY2EcXh_14darwin_metrics8hardware3cpu9frequency5testss_21test_cpu_info_default
FNDA:1,_RNvNtNtNtNtCslGh6CY2EcXh_14darwin_metrics8hardware3cpu9frequency5testss_22test_frequency_metrics
FNDA:1,_RNvNtNtNtNtCslGh6CY2EcXh_14darwin_metrics8hardware3cpu9frequency5testss_26test_fetch_cpu_frequencies
FNDA:1,_RNvNtNtNtNtCslGh6CY2EcXh_14darwin_metrics8hardware3cpu9frequency5testss_26test_frequency_monitor_new
FNDA:1,_RNvNtNtNtNtCslGh6CY2EcXh_14darwin_metrics8hardware3cpu9frequency5testss_27test_fetch_sysctl_frequency
FNDA:1,_RNvNtNtNtNtCslGh6CY2EcXh_14darwin_metrics8hardware3cpu9frequency5testss_30test_frequency_monitor_default
FNDA:1,_RNvNtNtNtNtCslGh6CY2EcXh_14darwin_metrics8hardware3cpu9frequency5testss_34test_frequency_monitor_get_metrics
FNDA:1,_RNvNtNtNtNtCslGh6CY2EcXh_14darwin_metrics8hardware3cpu9frequency5testss_38test_available_frequencies_calculation
FNDA:1,_RNvNtNtNtNtCslGh6CY2EcXh_14darwin_metrics8hardware3cpu9frequency5testss_41test_fetch_sysctl_frequency_by_name_error
FNDA:0,_RNCNvNtNtNtCsGBPSOZydBW_14darwin_metrics8hardware3cpu9frequency30fetch_sysctl_frequency_by_name0B9_
FNDA:0,_RNvMs_NtNtNtCsGBPSOZydBW_14darwin_metrics8hardware3cpu9frequencyNtB4_16FrequencyMonitor11get_metrics
FNDA:0,_RNvMs_NtNtNtCsGBPSOZydBW_14darwin_metrics8hardware3cpu9frequencyNtB4_16FrequencyMonitor3new
FNDA:0,_RNvNtNtNtCsGBPSOZydBW_14darwin_metrics8hardware3cpu9frequency17retrieve_cpu_info
FNDA:0,_RNvNtNtNtCsGBPSOZydBW_14darwin_metrics8hardware3cpu9frequency21fetch_cpu_frequencies
FNDA:0,_RNvNtNtNtCsGBPSOZydBW_14darwin_metrics8hardware3cpu9frequency30fetch_sysctl_frequency_by_name
FNDA:0,_RNvXNtNtNtCsGBPSOZydBW_14darwin_metrics8hardware3cpu9frequencyNtB2_16FrequencyMonitorNtNtCs4P3ALgZxGbJ_4core7default7Default7default
FNF:18
FNH:16
DA:78,0
DA:79,0
DA:80,0
DA:89,5
DA:90,5
DA:91,5
DA:106,1
DA:107,1
DA:108,1
DA:119,2
DA:120,2
DA:121,0
DA:122,0
DA:123,0
DA:124,0
DA:125,0
DA:126,0
DA:127,2
DA:129,2
DA:135,2
DA:136,0
DA:137,0
DA:141,0
DA:142,0
DA:143,0
DA:144,0
DA:145,0
DA:146,0
DA:147,0
DA:148,0
DA:149,0
DA:150,0
DA:151,0
DA:153,0
DA:154,2
DA:156,2
DA:160,2
DA:161,0
DA:162,2
DA:164,2
DA:165,2
DA:166,2
DA:167,2
DA:168,2
DA:169,2
DA:170,2
DA:171,2
DA:172,2
DA:173,2
DA:174,2
DA:175,2
DA:176,2
DA:177,2
DA:178,2
DA:179,2
DA:180,0
DA:181,0
DA:182,0
DA:183,2
DA:190,2
DA:191,2
DA:192,2
DA:193,1
DA:194,1
DA:195,1
DA:196,2
DA:199,2
DA:200,2
DA:201,2
DA:202,1
DA:203,1
DA:204,1
DA:205,1
DA:206,0
DA:207,0
DA:208,2
DA:211,1
DA:212,1
DA:213,1
DA:214,1
DA:215,1
DA:216,1
DA:217,1
DA:218,1
DA:219,1
DA:220,1
DA:221,1
DA:222,1
DA:223,1
DA:226,1
DA:227,1
DA:228,1
DA:229,1
DA:230,1
DA:233,1
DA:234,1
DA:235,1
DA:236,1
DA:237,1
DA:240,1
DA:241,1
DA:242,1
DA:243,1
DA:244,1
DA:245,1
DA:246,1
DA:249,1
DA:250,1
DA:251,1
DA:252,1
DA:253,1
DA:254,1
DA:255,1
DA:256,1
DA:257,1
DA:258,1
DA:259,1
DA:260,1
DA:261,1
DA:262,1
DA:263,1
DA:264,1
DA:265,1
DA:266,1
DA:267,4
DA:268,4
DA:269,3
DA:270,1
DA:274,1
DA:275,1
DA:276,1
DA:281,1
DA:282,1
DA:283,1
DA:284,1
DA:285,1
DA:286,1
DA:287,1
DA:288,1
DA:290,1
DA:291,1
DA:292,0
DA:295,1
DA:296,1
DA:297,1
DA:299,1
DA:302,1
DA:303,1
DA:304,1
DA:305,1
DA:306,1
DA:309,1
DA:310,1
DA:312,1
DA:315,1
DA:316,1
DA:317,1
DA:318,1
DA:319,1
DA:320,1
DA:321,1
DA:322,1
DA:323,1
DA:324,1
DA:325,0
DA:326,0
DA:327,0
DA:328,0
DA:329,0
DA:330,1
DA:331,1
DA:334,1
DA:335,1
DA:336,1
DA:337,1
DA:338,1
DA:339,1
DA:340,1
DA:341,0
DA:342,0
DA:343,0
DA:344,0
DA:345,0
DA:346,1
DA:347,1
BRF:0
BRH:0
LF:187
LH:145
end_of_record
SF:/Users/smeya/git/darwin-metrics/src/hardware/gpu/mod.rs
FN:59,_RNCNvMNtNtCslGh6CY2EcXh_14darwin_metrics8hardware3gpuNtB4_3Gpu3new0B8_
FN:73,_RNCNvMNtNtCslGh6CY2EcXh_14darwin_metrics8hardware3gpuNtB4_3Gpu4name0B8_
FN:263,_RNCNvMNtNtCslGh6CY2EcXh_14darwin_metrics8hardware3gpuNtB4_3Gpu7metrics0B8_
FN:744,_RNvMNtNtCslGh6CY2EcXh_14darwin_metrics8hardware3gpuNtB2_3Gpu13get_cpu_cores
FN:236,_RNvMNtNtCslGh6CY2EcXh_14darwin_metrics8hardware3gpuNtB2_3Gpu13get_cpu_model
FN:492,_RNvMNtNtCslGh6CY2EcXh_14darwin_metrics8hardware3gpuNtB2_3Gpu15get_temperature
FN:438,_RNvMNtNtCslGh6CY2EcXh_14darwin_metrics8hardware3gpuNtB2_3Gpu16get_memory_stats
FN:308,_RNvMNtNtCslGh6CY2EcXh_14darwin_metrics8hardware3gpuNtB2_3Gpu19get_characteristics
FN:381,_RNvMNtNtCslGh6CY2EcXh_14darwin_metrics8hardware3gpuNtB2_3Gpu20estimate_memory_info
FN:614,_RNvMNtNtCslGh6CY2EcXh_14darwin_metrics8hardware3gpuNtB2_3Gpu20estimate_utilization
FN:715,_RNvMNtNtCslGh6CY2EcXh_14darwin_metrics8hardware3gpuNtB2_3Gpu23get_cpu_usage_component
FN:115,_RNvMNtNtCslGh6CY2EcXh_14darwin_metrics8hardware3gpuNtB2_3Gpu25detect_apple_silicon_chip
FN:647,_RNvMNtNtCslGh6CY2EcXh_14darwin_metrics8hardware3gpuNtB2_3Gpu25get_system_load_component
FN:663,_RNvMNtNtCslGh6CY2EcXh_14darwin_metrics8hardware3gpuNtB2_3Gpu30get_process_activity_component
FN:57,_RNvMNtNtCslGh6CY2EcXh_14darwin_metrics8hardware3gpuNtB2_3Gpu3new
FN:71,_RNvMNtNtCslGh6CY2EcXh_14darwin_metrics8hardware3gpuNtB2_3Gpu4name
FN:262,_RNvMNtNtCslGh6CY2EcXh_14darwin_metrics8hardware3gpuNtB2_3Gpu7metrics
FN:775,_RNCNvXs_NtNtCslGh6CY2EcXh_14darwin_metrics8hardware3gpuNtB6_3GpuNtNtNtCs4P3ALgZxGbJ_4core3ops4drop4Drop4drop0Ba_
FN:772,_RNvXs_NtNtCslGh6CY2EcXh_14darwin_metrics8hardware3gpuNtB4_3GpuNtNtNtCs4P3ALgZxGbJ_4core3ops4drop4Drop4drop
FN:836,_RNvNtNtNtCslGh6CY2EcXh_14darwin_metrics8hardware3gpu5testss_12test_metrics
FN:801,_RNvNtNtNtCslGh6CY2EcXh_14darwin_metrics8hardware3gpu5testss_13test_gpu_name
FN:815,_RNvNtNtNtCslGh6CY2EcXh_14darwin_metrics8hardware3gpu5testss_16test_memory_info
FN:932,_RNvNtNtNtCslGh6CY2EcXh_14darwin_metrics8hardware3gpu5testss_18test_cpu_detection
FN:794,_RNvNtNtNtCslGh6CY2EcXh_14darwin_metrics8hardware3gpu5testss_23test_gpu_initialization
FN:855,_RNvNtNtNtCslGh6CY2EcXh_14darwin_metrics8hardware3gpu5testss_24test_gpu_characteristics
FN:909,_RNvNtNtNtCslGh6CY2EcXh_14darwin_metrics8hardware3gpu5testss_28test_apple_silicon_detection
FN:970,_RNvNtNtNtCslGh6CY2EcXh_14darwin_metrics8hardware3gpu5testss_28test_metrics_characteristics
FN:186,_RNvMNtNtCslGh6CY2EcXh_14darwin_metrics8hardware3gpuNtB2_3Gpu16detect_intel_gpu
FN:775,_RNCNvXs_NtNtCsGBPSOZydBW_14darwin_metrics8hardware3gpuNtB6_3GpuNtNtNtCs4P3ALgZxGbJ_4core3ops4drop4Drop4drop0Ba_
FN:772,_RNvXs_NtNtCsGBPSOZydBW_14darwin_metrics8hardware3gpuNtB4_3GpuNtNtNtCs4P3ALgZxGbJ_4core3ops4drop4Drop4drop
FN:59,_RNCNvMNtNtCsGBPSOZydBW_14darwin_metrics8hardware3gpuNtB4_3Gpu3new0B8_
FN:73,_RNCNvMNtNtCsGBPSOZydBW_14darwin_metrics8hardware3gpuNtB4_3Gpu4name0B8_
FN:263,_RNCNvMNtNtCsGBPSOZydBW_14darwin_metrics8hardware3gpuNtB4_3Gpu7metrics0B8_
FN:744,_RNvMNtNtCsGBPSOZydBW_14darwin_metrics8hardware3gpuNtB2_3Gpu13get_cpu_cores
FN:492,_RNvMNtNtCsGBPSOZydBW_14darwin_metrics8hardware3gpuNtB2_3Gpu15get_temperature
FN:438,_RNvMNtNtCsGBPSOZydBW_14darwin_metrics8hardware3gpuNtB2_3Gpu16get_memory_stats
FN:308,_RNvMNtNtCsGBPSOZydBW_14darwin_metrics8hardware3gpuNtB2_3Gpu19get_characteristics
FN:381,_RNvMNtNtCsGBPSOZydBW_14darwin_metrics8hardware3gpuNtB2_3Gpu20estimate_memory_info
FN:614,_RNvMNtNtCsGBPSOZydBW_14darwin_metrics8hardware3gpuNtB2_3Gpu20estimate_utilization
FN:715,_RNvMNtNtCsGBPSOZydBW_14darwin_metrics8hardware3gpuNtB2_3Gpu23get_cpu_usage_component
FN:115,_RNvMNtNtCsGBPSOZydBW_14darwin_metrics8hardware3gpuNtB2_3Gpu25detect_apple_silicon_chip
FN:647,_RNvMNtNtCsGBPSOZydBW_14darwin_metrics8hardware3gpuNtB2_3Gpu25get_system_load_component
FN:663,_RNvMNtNtCsGBPSOZydBW_14darwin_metrics8hardware3gpuNtB2_3Gpu30get_process_activity_component
FN:57,_RNvMNtNtCsGBPSOZydBW_14darwin_metrics8hardware3gpuNtB2_3Gpu3new
FN:71,_RNvMNtNtCsGBPSOZydBW_14darwin_metrics8hardware3gpuNtB2_3Gpu4name
FN:262,_RNvMNtNtCsGBPSOZydBW_14darwin_metrics8hardware3gpuNtB2_3Gpu7metrics
FN:236,_RNvMNtNtCsGBPSOZydBW_14darwin_metrics8hardware3gpuNtB2_3Gpu13get_cpu_model
FN:186,_RNvMNtNtCsGBPSOZydBW_14darwin_metrics8hardware3gpuNtB2_3Gpu16detect_intel_gpu
FNDA:8,_RNCNvMNtNtCslGh6CY2EcXh_14darwin_metrics8hardware3gpuNtB4_3Gpu3new0B8_
FNDA:3,_RNCNvMNtNtCslGh6CY2EcXh_14darwin_metrics8hardware3gpuNtB4_3Gpu4name0B8_
FNDA:2,_RNCNvMNtNtCslGh6CY2EcXh_14darwin_metrics8hardware3gpuNtB4_3Gpu7metrics0B8_
FNDA:5,_RNvMNtNtCslGh6CY2EcXh_14darwin_metrics8hardware3gpuNtB2_3Gpu13get_cpu_cores
FNDA:1,_RNvMNtNtCslGh6CY2EcXh_14darwin_metrics8hardware3gpuNtB2_3Gpu13get_cpu_model
FNDA:2,_RNvMNtNtCslGh6CY2EcXh_14darwin_metrics8hardware3gpuNtB2_3Gpu15get_temperature
FNDA:3,_RNvMNtNtCslGh6CY2EcXh_14darwin_metrics8hardware3gpuNtB2_3Gpu16get_memory_stats
FNDA:6,_RNvMNtNtCslGh6CY2EcXh_14darwin_metrics8hardware3gpuNtB2_3Gpu19get_characteristics
FNDA:3,_RNvMNtNtCslGh6CY2EcXh_14darwin_metrics8hardware3gpuNtB2_3Gpu20estimate_memory_info
FNDA:5,_RNvMNtNtCslGh6CY2EcXh_14darwin_metrics8hardware3gpuNtB2_3Gpu20estimate_utilization
FNDA:5,_RNvMNtNtCslGh6CY2EcXh_14darwin_metrics8hardware3gpuNtB2_3Gpu23get_cpu_usage_component
FNDA:9,_RNvMNtNtCslGh6CY2EcXh_14darwin_metrics8hardware3gpuNtB2_3Gpu25detect_apple_silicon_chip
FNDA:5,_RNvMNtNtCslGh6CY2EcXh_14darwin_metrics8hardware3gpuNtB2_3Gpu25get_system_load_component
FNDA:5,_RNvMNtNtCslGh6CY2EcXh_14darwin_metrics8hardware3gpuNtB2_3Gpu30get_process_activity_component
FNDA:8,_RNvMNtNtCslGh6CY2EcXh_14darwin_metrics8hardware3gpuNtB2_3Gpu3new
FNDA:3,_RNvMNtNtCslGh6CY2EcXh_14darwin_metrics8hardware3gpuNtB2_3Gpu4name
FNDA:2,_RNvMNtNtCslGh6CY2EcXh_14darwin_metrics8hardware3gpuNtB2_3Gpu7metrics
FNDA:8,_RNCNvXs_NtNtCslGh6CY2EcXh_14darwin_metrics8hardware3gpuNtB6_3GpuNtNtNtCs4P3ALgZxGbJ_4core3ops4drop4Drop4drop0Ba_
FNDA:8,_RNvXs_NtNtCslGh6CY2EcXh_14darwin_metrics8hardware3gpuNtB4_3GpuNtNtNtCs4P3ALgZxGbJ_4core3ops4drop4Drop4drop
FNDA:1,_RNvNtNtNtCslGh6CY2EcXh_14darwin_metrics8hardware3gpu5testss_12test_metrics
FNDA:1,_RNvNtNtNtCslGh6CY2EcXh_14darwin_metrics8hardware3gpu5testss_13test_gpu_name
FNDA:1,_RNvNtNtNtCslGh6CY2EcXh_14darwin_metrics8hardware3gpu5testss_16test_memory_info
FNDA:1,_RNvNtNtNtCslGh6CY2EcXh_14darwin_metrics8hardware3gpu5testss_18test_cpu_detection
FNDA:1,_RNvNtNtNtCslGh6CY2EcXh_14darwin_metrics8hardware3gpu5testss_23test_gpu_initialization
FNDA:1,_RNvNtNtNtCslGh6CY2EcXh_14darwin_metrics8hardware3gpu5testss_24test_gpu_characteristics
FNDA:1,_RNvNtNtNtCslGh6CY2EcXh_14darwin_metrics8hardware3gpu5testss_28test_apple_silicon_detection
FNDA:1,_RNvNtNtNtCslGh6CY2EcXh_14darwin_metrics8hardware3gpu5testss_28test_metrics_characteristics
FNDA:0,_RNvMNtNtCslGh6CY2EcXh_14darwin_metrics8hardware3gpuNtB2_3Gpu16detect_intel_gpu
FNDA:0,_RNCNvXs_NtNtCsGBPSOZydBW_14darwin_metrics8hardware3gpuNtB6_3GpuNtNtNtCs4P3ALgZxGbJ_4core3ops4drop4Drop4drop0Ba_
FNDA:0,_RNvXs_NtNtCsGBPSOZydBW_14darwin_metrics8hardware3gpuNtB4_3GpuNtNtNtCs4P3ALgZxGbJ_4core3ops4drop4Drop4drop
FNDA:0,_RNCNvMNtNtCsGBPSOZydBW_14darwin_metrics8hardware3gpuNtB4_3Gpu3new0B8_
FNDA:0,_RNCNvMNtNtCsGBPSOZydBW_14darwin_metrics8hardware3gpuNtB4_3Gpu4name0B8_
FNDA:0,_RNCNvMNtNtCsGBPSOZydBW_14darwin_metrics8hardware3gpuNtB4_3Gpu7metrics0B8_
FNDA:0,_RNvMNtNtCsGBPSOZydBW_14darwin_metrics8hardware3gpuNtB2_3Gpu13get_cpu_cores
FNDA:0,_RNvMNtNtCsGBPSOZydBW_14darwin_metrics8hardware3gpuNtB2_3Gpu15get_temperature
FNDA:0,_RNvMNtNtCsGBPSOZydBW_14darwin_metrics8hardware3gpuNtB2_3Gpu16get_memory_stats
FNDA:0,_RNvMNtNtCsGBPSOZydBW_14darwin_metrics8hardware3gpuNtB2_3Gpu19get_characteristics
FNDA:0,_RNvMNtNtCsGBPSOZydBW_14darwin_metrics8hardware3gpuNtB2_3Gpu20estimate_memory_info
FNDA:0,_RNvMNtNtCsGBPSOZydBW_14darwin_metrics8hardware3gpuNtB2_3Gpu20estimate_utilization
FNDA:0,_RNvMNtNtCsGBPSOZydBW_14darwin_metrics8hardware3gpuNtB2_3Gpu23get_cpu_usage_component
FNDA:0,_RNvMNtNtCsGBPSOZydBW_14darwin_metrics8hardware3gpuNtB2_3Gpu25detect_apple_silicon_chip
FNDA:0,_RNvMNtNtCsGBPSOZydBW_14darwin_metrics8hardware3gpuNtB2_3Gpu25get_system_load_component
FNDA:0,_RNvMNtNtCsGBPSOZydBW_14darwin_metrics8hardware3gpuNtB2_3Gpu30get_process_activity_component
FNDA:0,_RNvMNtNtCsGBPSOZydBW_14darwin_metrics8hardware3gpuNtB2_3Gpu3new
FNDA:0,_RNvMNtNtCsGBPSOZydBW_14darwin_metrics8hardware3gpuNtB2_3Gpu4name
FNDA:0,_RNvMNtNtCsGBPSOZydBW_14darwin_metrics8hardware3gpuNtB2_3Gpu7metrics
FNDA:0,_RNvMNtNtCsGBPSOZydBW_14darwin_metrics8hardware3gpuNtB2_3Gpu13get_cpu_model
FNDA:0,_RNvMNtNtCsGBPSOZydBW_14darwin_metrics8hardware3gpuNtB2_3Gpu16detect_intel_gpu
FNF:28
FNH:27
DA:57,8
DA:58,8
DA:59,8
DA:60,8
DA:61,8
DA:62,0
DA:64,8
DA:66,8
DA:67,8
DA:68,8
DA:69,8
DA:71,3
DA:72,3
DA:73,3
DA:75,3
DA:77,3
DA:78,3
DA:79,3
DA:80,3
DA:81,3
DA:82,3
DA:83,3
DA:84,3
DA:85,3
DA:86,3
DA:87,3
DA:88,0
DA:89,0
DA:90,0
DA:92,0
DA:95,0
DA:97,0
DA:98,0
DA:99,0
DA:100,0
DA:101,0
DA:102,0
DA:103,0
DA:106,0
DA:107,0
DA:108,0
DA:109,0
DA:110,0
DA:111,3
DA:112,3
DA:115,9
DA:116,9
DA:117,9
DA:118,9
DA:119,9
DA:120,9
DA:122,9
DA:123,9
DA:124,9
DA:125,9
DA:126,9
DA:127,9
DA:128,9
DA:129,9
DA:130,9
DA:131,0
DA:132,9
DA:133,9
DA:134,9
DA:135,9
DA:136,9
DA:137,9
DA:138,9
DA:139,9
DA:140,9
DA:141,9
DA:142,9
DA:143,9
DA:144,9
DA:145,9
DA:146,9
DA:147,0
DA:148,0
DA:149,0
DA:150,0
DA:151,0
DA:152,0
DA:155,9
DA:156,9
DA:157,0
DA:158,9
DA:159,0
DA:160,9
DA:161,0
DA:162,9
DA:163,9
DA:166,0
DA:167,0
DA:168,0
DA:170,0
DA:171,0
DA:172,0
DA:173,0
DA:174,0
DA:175,0
DA:176,0
DA:177,0
DA:178,0
DA:179,0
DA:180,0
DA:181,0
DA:183,9
DA:186,0
DA:195,0
DA:196,0
DA:197,0
DA:198,0
DA:199,0
DA:200,0
DA:201,0
DA:202,0
DA:203,0
DA:204,0
DA:205,0
DA:206,0
DA:207,0
DA:208,0
DA:209,0
DA:210,0
DA:211,0
DA:212,0
DA:213,0
DA:214,0
DA:222,0
DA:223,0
DA:224,0
DA:225,0
DA:226,0
DA:227,0
DA:228,0
DA:229,0
DA:230,0
DA:231,0
DA:233,0
DA:236,1
DA:237,1
DA:238,1
DA:239,1
DA:240,1
DA:242,1
DA:243,1
DA:244,1
DA:245,1
DA:246,1
DA:247,1
DA:248,1
DA:249,1
DA:250,1
DA:251,0
DA:252,1
DA:253,1
DA:254,1
DA:255,1
DA:256,1
DA:257,1
DA:258,1
DA:260,1
DA:262,2
DA:263,2
DA:265,2
DA:266,2
DA:267,2
DA:268,0
DA:271,2
DA:272,2
DA:276,2
DA:277,2
DA:278,2
DA:279,2
DA:280,2
DA:283,2
DA:284,2
DA:288,0
DA:290,0
DA:291,0
DA:293,0
DA:296,0
DA:298,0
DA:299,2
DA:300,2
DA:301,2
DA:303,2
DA:304,2
DA:305,2
DA:308,6
DA:309,6
DA:310,6
DA:311,6
DA:312,6
DA:313,6
DA:314,6
DA:315,6
DA:316,6
DA:319,6
DA:322,6
DA:325,6
DA:326,0
DA:327,0
DA:328,6
DA:329,0
DA:330,0
DA:331,6
DA:332,0
DA:333,0
DA:334,6
DA:335,0
DA:336,0
DA:337,6
DA:338,0
DA:339,0
DA:340,6
DA:341,0
DA:342,0
DA:343,6
DA:344,6
DA:345,6
DA:346,6
DA:347,0
DA:348,0
DA:349,0
DA:350,0
DA:351,0
DA:352,0
DA:353,0
DA:354,0
DA:355,0
DA:356,0
DA:357,0
DA:358,0
DA:359,0
DA:362,0
DA:364,0
DA:365,0
DA:366,0
DA:367,0
DA:370,0
DA:371,0
DA:372,0
DA:373,0
DA:374,0
DA:377,6
DA:378,6
DA:381,3
DA:383,3
DA:386,3
DA:390,3
DA:393,3
DA:394,3
DA:395,3
DA:396,0
DA:399,3
DA:400,0
DA:403,0
DA:407,0
DA:416,3
DA:419,3
DA:420,3
DA:421,3
DA:422,3
DA:423,3
DA:424,3
DA:425,3
DA:426,3
DA:427,3
DA:428,3
DA:429,3
DA:430,3
DA:431,3
DA:432,3
DA:433,3
DA:434,3
DA:435,3
DA:438,3
DA:439,3
DA:440,3
DA:441,3
DA:442,3
DA:443,3
DA:444,3
DA:445,3
DA:446,3
DA:447,3
DA:448,3
DA:449,3
DA:450,3
DA:451,3
DA:452,3
DA:453,3
DA:454,3
DA:455,3
DA:456,0
DA:457,0
DA:458,3
DA:464,3
DA:465,3
DA:466,3
DA:467,3
DA:468,3
DA:469,3
DA:470,3
DA:471,3
DA:472,3
DA:473,3
DA:474,3
DA:475,3
DA:476,3
DA:479,3
DA:482,0
DA:484,3
DA:487,3
DA:488,3
DA:489,3
DA:492,2
DA:493,2
DA:494,2
DA:495,2
DA:496,2
DA:497,2
DA:498,2
DA:499,2
DA:500,2
DA:501,2
DA:502,2
DA:503,2
DA:504,2
DA:505,2
DA:506,2
DA:507,2
DA:508,2
DA:509,2
DA:510,2
DA:511,2
DA:512,2
DA:513,2
DA:514,2
DA:515,2
DA:516,2
DA:517,2
DA:518,2
DA:519,2
DA:520,2
DA:521,2
DA:522,2
DA:523,2
DA:524,2
DA:525,2
DA:526,2
DA:527,2
DA:528,2
DA:529,2
DA:530,2
DA:531,2
DA:532,2
DA:533,2
DA:534,2
DA:535,2
DA:536,2
DA:537,2
DA:538,2
DA:539,2
DA:540,2
DA:541,2
DA:542,2
DA:543,2
DA:544,2
DA:545,2
DA:546,2
DA:547,2
DA:548,2
DA:549,2
DA:550,2
DA:551,2
DA:552,2
DA:553,2
DA:554,2
DA:555,2
DA:556,2
DA:557,2
DA:558,2
DA:559,2
DA:560,2
DA:561,2
DA:562,2
DA:563,2
DA:564,2
DA:565,2
DA:566,2
DA:567,2
DA:568,2
DA:569,2
DA:570,2
DA:571,2
DA:572,2
DA:573,2
DA:574,2
DA:575,2
DA:576,2
DA:577,2
DA:578,2
DA:579,2
DA:580,2
DA:581,2
DA:582,2
DA:583,2
DA:584,2
DA:585,2
DA:586,2
DA:587,2
DA:588,2
DA:589,2
DA:590,2
DA:591,2
DA:592,2
DA:593,2
DA:594,2
DA:595,2
DA:596,2
DA:597,2
DA:598,2
DA:599,2
DA:600,2
DA:601,2
DA:602,2
DA:603,2
DA:604,2
DA:605,2
DA:606,2
DA:607,2
DA:608,2
DA:609,2
DA:610,2
DA:611,2
DA:614,5
DA:615,5
DA:616,5
DA:617,5
DA:618,5
DA:619,5
DA:620,5
DA:621,5
DA:622,5
DA:623,5
DA:624,5
DA:625,5
DA:626,5
DA:627,5
DA:628,5
DA:629,5
DA:630,5
DA:631,5
DA:632,5
DA:636,5
DA:637,5
DA:638,5
DA:639,5
DA:640,5
DA:641,5
DA:642,5
DA:643,5
DA:644,5
DA:647,5
DA:651,5
DA:652,5
DA:653,0
DA:654,5
DA:655,5
DA:656,5
DA:657,5
DA:658,5
DA:660,5
DA:663,5
DA:666,5
DA:668,5
DA:672,25000
DA:673,24995
DA:674,24995
DA:675,24995
DA:676,24995
DA:677,24995
DA:678,24995
DA:679,24995
DA:680,24995
DA:681,24995
DA:682,24995
DA:683,0
DA:684,24995
DA:687,24995
DA:688,0
DA:689,24995
DA:693,5
DA:694,5
DA:695,5
DA:696,5
DA:697,5
DA:699,0
DA:705,5
DA:709,5
DA:711,5
DA:712,5
DA:715,5
DA:716,5
DA:717,5
DA:718,5
DA:719,5
DA:720,5
DA:721,5
DA:722,5
DA:723,5
DA:724,5
DA:725,5
DA:726,0
DA:727,5
DA:728,5
DA:729,5
DA:730,5
DA:731,5
DA:732,5
DA:733,5
DA:734,5
DA:735,5
DA:736,5
DA:737,5
DA:738,5
DA:739,5
DA:741,5
DA:744,5
DA:745,5
DA:746,5
DA:747,5
DA:748,5
DA:749,5
DA:750,5
DA:751,5
DA:752,5
DA:753,5
DA:754,5
DA:755,5
DA:756,5
DA:757,5
DA:758,5
DA:759,5
DA:760,5
DA:762,0
DA:764,5
DA:767,5
DA:772,8
DA:773,8
DA:774,8
DA:775,8
DA:776,8
DA:777,8
DA:778,8
DA:779,8
DA:780,8
DA:781,8
DA:782,0
DA:783,8
DA:794,1
DA:795,1
DA:796,1
DA:797,1
DA:798,1
DA:801,1
DA:802,1
DA:803,1
DA:804,1
DA:805,1
DA:806,1
DA:807,1
DA:808,1
DA:811,1
DA:812,1
DA:815,1
DA:816,1
DA:817,1
DA:818,1
DA:819,1
DA:820,1
DA:821,1
DA:822,1
DA:823,1
DA:824,1
DA:825,1
DA:826,1
DA:827,1
DA:828,0
DA:832,1
DA:833,1
DA:836,1
DA:837,1
DA:838,1
DA:839,1
DA:840,1
DA:841,1
DA:842,1
DA:843,1
DA:844,1
DA:845,1
DA:846,1
DA:847,0
DA:851,1
DA:852,1
DA:855,1
DA:856,1
DA:857,1
DA:858,1
DA:859,1
DA:860,1
DA:861,1
DA:862,1
DA:863,0
DA:865,1
DA:866,1
DA:867,0
DA:869,0
DA:875,1
DA:877,1
DA:878,1
DA:879,1
DA:880,0
DA:883,0
DA:884,0
DA:887,1
DA:888,1
DA:889,1
DA:890,0
DA:893,0
DA:896,1
DA:897,1
DA:898,1
DA:899,0
DA:902,0
DA:905,1
DA:906,1
DA:909,1
DA:910,1
DA:911,1
DA:912,1
DA:914,1
DA:915,1
DA:916,0
DA:919,1
DA:920,1
DA:921,1
DA:922,1
DA:923,0
DA:924,0
DA:927,0
DA:928,0
DA:929,1
DA:932,1
DA:933,1
DA:934,1
DA:935,1
DA:936,1
DA:937,1
DA:940,1
DA:942,1
DA:943,1
DA:945,1
DA:947,1
DA:948,1
DA:949,0
DA:950,0
DA:951,0
DA:952,0
DA:957,0
DA:958,0
DA:959,0
DA:963,0
DA:966,1
DA:967,1
DA:970,1
DA:971,1
DA:972,1
DA:973,1
DA:974,1
DA:975,1
DA:976,1
DA:977,1
DA:978,0
DA:980,0
DA:983,1
DA:986,1
DA:987,1
DA:988,0
DA:991,0
DA:994,1
DA:995,1
DA:996,1
DA:997,0
DA:1000,0
DA:1001,1
BRF:0
BRH:0
LF:706
LH:543
end_of_record
SF:/Users/smeya/git/darwin-metrics/src/hardware/iokit/mod.rs
FN:74,_RNCNvMs0_NtNtNtNtCslGh6CY2EcXh_14darwin_metrics8hardware5iokit22___mock_MockIOKit_IOKit19___io_object_releaseNtB7_7Matcher7matches0Bf_
FN:74,_RNCNvMsa_NtNtNtNtCslGh6CY2EcXh_14darwin_metrics8hardware5iokit22___mock_MockIOKit_IOKit19___io_object_releaseNtB7_12Expectations4calls_0Bf_
FN:74,_RNvMs4_NtNtNtNtCslGh6CY2EcXh_14darwin_metrics8hardware5iokit22___mock_MockIOKit_IOKit19___io_object_releaseNtB5_6Common7is_done
FN:74,_RNvMs4_NtNtNtNtCslGh6CY2EcXh_14darwin_metrics8hardware5iokit22___mock_MockIOKit_IOKit19___io_object_releaseNtB5_6Common7matches
FN:74,_RNvMs6_NtNtNtNtCslGh6CY2EcXh_14darwin_metrics8hardware5iokit22___mock_MockIOKit_IOKit19___io_object_releaseNtB5_11Expectation7is_done
FN:74,_RNvMs6_NtNtNtNtCslGh6CY2EcXh_14darwin_metrics8hardware5iokit22___mock_MockIOKit_IOKit19___io_object_releaseNtB5_11Expectation7matches
FN:74,_RNvMs8_NtNtNtNtCslGh6CY2EcXh_14darwin_metrics8hardware5iokit22___mock_MockIOKit_IOKit19___io_object_releaseNtB5_12Expectations3new
FN:74,_RNvXs9_NtNtNtNtCslGh6CY2EcXh_14darwin_metrics8hardware5iokit22___mock_MockIOKit_IOKit19___io_object_releaseNtB5_12ExpectationsNtNtCs4P3ALgZxGbJ_4core7default7Default7default
FN:74,_RINvMs6_NtNtNtNtCslGh6CY2EcXh_14darwin_metrics8hardware5iokit22___mock_MockIOKit_IOKit14___get_all_fansNtB6_11Expectation9returningNCNvNtBa_5testss_17test_get_all_fans0EBe_
FN:74,_RINvMs6_NtNtNtNtCslGh6CY2EcXh_14darwin_metrics8hardware5iokit22___mock_MockIOKit_IOKit14___get_all_fansNtB6_11Expectation9returningNCNvNtBa_5testss_23test_get_all_fans_emptys_0EBe_
FN:1481,_RNCNvNtNtNtCslGh6CY2EcXh_14darwin_metrics8hardware5iokit5testss_17test_get_all_fans0B9_
FN:1505,_RNCNvNtNtNtCslGh6CY2EcXh_14darwin_metrics8hardware5iokit5testss_23test_get_all_fans_emptys_0B9_
FN:74,_RINvMs4_NtNtNtNtCslGh6CY2EcXh_14darwin_metrics8hardware5iokit22___mock_MockIOKit_IOKit14___read_smc_keyNtB6_6Common4withINtNtCsgobV6Adt4VM_10predicates3ord11EqPredicateAaj4_EEBe_
FN:74,_RINvMs6_NtNtNtNtCslGh6CY2EcXh_14darwin_metrics8hardware5iokit22___mock_MockIOKit_IOKit14___read_smc_keyNtB6_11Expectation4withINtNtCsgobV6Adt4VM_10predicates3ord11EqPredicateAaj4_EEBe_
FN:74,_RINvMs6_NtNtNtNtCslGh6CY2EcXh_14darwin_metrics8hardware5iokit22___mock_MockIOKit_IOKit14___read_smc_keyNtB6_11Expectation9returningNCNvNtBa_5testss_17test_read_smc_key0EBe_
FN:1436,_RNCNvNtNtNtCslGh6CY2EcXh_14darwin_metrics8hardware5iokit5testss_17test_read_smc_key0B9_
FN:74,_RNCNvMs0_NtNtNtNtCslGh6CY2EcXh_14darwin_metrics8hardware5iokit22___mock_MockIOKit_IOKit18___get_thermal_infoNtB7_7Matcher7matches0Bf_
FN:74,_RNCNvMsa_NtNtNtNtCslGh6CY2EcXh_14darwin_metrics8hardware5iokit22___mock_MockIOKit_IOKit18___get_thermal_infoNtB7_12Expectations4calls_0Bf_
FN:74,_RNvMs4_NtNtNtNtCslGh6CY2EcXh_14darwin_metrics8hardware5iokit22___mock_MockIOKit_IOKit18___get_thermal_infoNtB5_6Common7is_done
FN:74,_RNvMs4_NtNtNtNtCslGh6CY2EcXh_14darwin_metrics8hardware5iokit22___mock_MockIOKit_IOKit18___get_thermal_infoNtB5_6Common7matches
FN:74,_RNvMs6_NtNtNtNtCslGh6CY2EcXh_14darwin_metrics8hardware5iokit22___mock_MockIOKit_IOKit18___get_thermal_infoNtB5_11Expectation7is_done
FN:74,_RNvMs6_NtNtNtNtCslGh6CY2EcXh_14darwin_metrics8hardware5iokit22___mock_MockIOKit_IOKit18___get_thermal_infoNtB5_11Expectation7matches
FN:74,_RNvMs8_NtNtNtNtCslGh6CY2EcXh_14darwin_metrics8hardware5iokit22___mock_MockIOKit_IOKit18___get_thermal_infoNtB5_12Expectations3new
FN:74,_RNvMs8_NtNtNtNtCslGh6CY2EcXh_14darwin_metrics8hardware5iokit22___mock_MockIOKit_IOKit18___get_thermal_infoNtB5_12Expectations6expect
FN:74,_RNvXs1_NtNtNtNtCslGh6CY2EcXh_14darwin_metrics8hardware5iokit22___mock_MockIOKit_IOKit18___get_thermal_infoNtB5_7MatcherNtNtCs4P3ALgZxGbJ_4core7default7Default7default
FN:74,_RNvXs3_NtNtNtNtCslGh6CY2EcXh_14darwin_metrics8hardware5iokit22___mock_MockIOKit_IOKit18___get_thermal_infoNtB5_6CommonNtNtCs4P3ALgZxGbJ_4core7default7Default7default
FN:74,_RNvXs7_NtNtNtNtCslGh6CY2EcXh_14darwin_metrics8hardware5iokit22___mock_MockIOKit_IOKit18___get_thermal_infoNtB5_11ExpectationNtNtCs4P3ALgZxGbJ_4core7default7Default7default
FN:74,_RNvXs9_NtNtNtNtCslGh6CY2EcXh_14darwin_metrics8hardware5iokit22___mock_MockIOKit_IOKit18___get_thermal_infoNtB5_12ExpectationsNtNtCs4P3ALgZxGbJ_4core7default7Default7default
FN:74,_RNvXs_NtNtNtNtCslGh6CY2EcXh_14darwin_metrics8hardware5iokit22___mock_MockIOKit_IOKit18___get_thermal_infoNtB4_5RfuncNtNtCs4P3ALgZxGbJ_4core7default7Default7default
FN:74,_RINvMs6_NtNtNtNtCslGh6CY2EcXh_14darwin_metrics8hardware5iokit22___mock_MockIOKit_IOKit15___get_fan_speedNtB6_11Expectation9returningNCNvNtBa_5testss_18test_get_fan_speed0EBe_
FN:1466,_RNCNvNtNtNtCslGh6CY2EcXh_14darwin_metrics8hardware5iokit5testss_18test_get_fan_speed0B9_
FN:74,_RINvMs4_NtNtNtNtCslGh6CY2EcXh_14darwin_metrics8hardware5iokit22___mock_MockIOKit_IOKit14___get_fan_infoNtB6_6Common4withINtNtCsgobV6Adt4VM_10predicates3ord11EqPredicatemEEBe_
FN:74,_RINvMs6_NtNtNtNtCslGh6CY2EcXh_14darwin_metrics8hardware5iokit22___mock_MockIOKit_IOKit14___get_fan_infoNtB6_11Expectation4withINtNtCsgobV6Adt4VM_10predicates3ord11EqPredicatemEEBe_
FN:74,_RINvMs6_NtNtNtNtCslGh6CY2EcXh_14darwin_metrics8hardware5iokit22___mock_MockIOKit_IOKit14___get_fan_infoNtB6_11Expectation9returningNCNvNtBa_5testss_17test_get_fan_info0EBe_
FN:74,_RINvMs6_NtNtNtNtCslGh6CY2EcXh_14darwin_metrics8hardware5iokit22___mock_MockIOKit_IOKit14___get_fan_infoNtB6_11Expectation9returningNCNvNtBa_5testss_31test_get_fan_info_min_max_equal0EBe_
[...]
FN:45,_RNCNvYpNtNtCsGBPSOZydBW_14darwin_metrics5utils13PropertyUtils19get_number_propertys_0B9_
FN:37,_RNCNvYpNtNtCsGBPSOZydBW_14darwin_metrics5utils13PropertyUtils19get_string_property0B9_
FN:38,_RNCNvYpNtNtCsGBPSOZydBW_14darwin_metrics5utils13PropertyUtils19get_string_propertys_0B9_
FN:48,_RNvYpNtNtCsGBPSOZydBW_14darwin_metrics5utils13PropertyUtils17get_bool_propertyB7_
FN:41,_RNvYpNtNtCsGBPSOZydBW_14darwin_metrics5utils13PropertyUtils19get_number_propertyB7_
FN:34,_RNvYpNtNtCsGBPSOZydBW_14darwin_metrics5utils13PropertyUtils19get_string_propertyB7_
FN:69,_RINvNtCsGBPSOZydBW_14darwin_metrics5utils14objc_safe_execNtNtCsaxtFaqkp5wQ_5alloc6string6StringNCNCNvB2_8get_name00EB4_
FN:61,_RINvNtCsGBPSOZydBW_14darwin_metrics5utils16autorelease_poolINtNtCs4P3ALgZxGbJ_4core6result6ResultNtNtCsaxtFaqkp5wQ_5alloc6string6StringNtNtB4_5error5ErrorENCNvB2_8get_name0EB4_
FN:65,_RNCINvNtCsGBPSOZydBW_14darwin_metrics5utils16autorelease_poolINtNtCs4P3ALgZxGbJ_4core6result6ResultNtNtCsaxtFaqkp5wQ_5alloc6string6StringNtNtB6_5error5ErrorENCNvB4_8get_name0E0B6_
FN:143,_RNCNvNtCsGBPSOZydBW_14darwin_metrics5utils8get_name0B5_
FN:91,_RNvNtCsGBPSOZydBW_14darwin_metrics5utils15c_str_to_string
FN:110,_RNvNtCsGBPSOZydBW_14darwin_metrics5utils17raw_str_to_string
FN:130,_RNvNtCsGBPSOZydBW_14darwin_metrics5utils20raw_f64_slice_to_vec
FN:138,_RNvNtCsGBPSOZydBW_14darwin_metrics5utils8get_name
FN:144,_RNCNCNvNtCsGBPSOZydBW_14darwin_metrics5utils8get_name00B7_
FNDA:0,_RINvNtCslGh6CY2EcXh_14darwin_metrics5utils14objc_safe_execNtNtCsaxtFaqkp5wQ_5alloc6string6StringNCNCNvB2_8get_name00EB4_
FNDA:1,_RINvNtCslGh6CY2EcXh_14darwin_metrics5utils14objc_safe_execlNCNvNtB2_5testss_19test_objc_safe_exec0EB4_
FNDA:1,_RINvNtCslGh6CY2EcXh_14darwin_metrics5utils14objc_safe_execlNCNvNtB2_5testss_19test_objc_safe_execs_0EB4_
FNDA:0,_RINvNtCslGh6CY2EcXh_14darwin_metrics5utils16autorelease_poolINtNtCs4P3ALgZxGbJ_4core6result6ResultNtNtCsaxtFaqkp5wQ_5alloc6string6StringNtNtB4_5error5ErrorENCNvB2_8get_name0EB4_
FNDA:1,_RINvNtCslGh6CY2EcXh_14darwin_metrics5utils16autorelease_poolNtNtCsaxtFaqkp5wQ_5alloc6string6StringNCNvNtB2_5testss_21test_autorelease_pools_0EB4_
FNDA:1,_RINvNtCslGh6CY2EcXh_14darwin_metrics5utils16autorelease_poollNCNvNtB2_5testss_21test_autorelease_pool0EB4_
FNDA:0,_RNCINvNtCslGh6CY2EcXh_14darwin_metrics5utils16autorelease_poolINtNtCs4P3ALgZxGbJ_4core6result6ResultNtNtCsaxtFaqkp5wQ_5alloc6string6StringNtNtB6_5error5ErrorENCNvB4_8get_name0E0B6_
FNDA:1,_RNCINvNtCslGh6CY2EcXh_14darwin_metrics5utils16autorelease_poolNtNtCsaxtFaqkp5wQ_5alloc6string6StringNCNvNtB4_5testss_21test_autorelease_pools_0E0B6_
FNDA:1,_RNCINvNtCslGh6CY2EcXh_14darwin_metrics5utils16autorelease_poollNCNvNtB4_5testss_21test_autorelease_pool0E0B6_
FNDA:0,_RNCNvNtCslGh6CY2EcXh_14darwin_metrics5utils8get_name0B5_
FNDA:1,_RNCNvNtNtCslGh6CY2EcXh_14darwin_metrics5utils5testss_21test_autorelease_pool0B7_
FNDA:1,_RNCNvNtNtCslGh6CY2EcXh_14darwin_metrics5utils5testss_21test_autorelease_pools_0B7_
FNDA:0,_RNCNvYpNtNtCslGh6CY2EcXh_14darwin_metrics5utils13PropertyUtils17get_bool_property0B9_
FNDA:0,_RNCNvYpNtNtCslGh6CY2EcXh_14darwin_metrics5utils13PropertyUtils17get_bool_propertys_0B9_
FNDA:0,_RNCNvYpNtNtCslGh6CY2EcXh_14darwin_metrics5utils13PropertyUtils19get_number_property0B9_
FNDA:0,_RNCNvYpNtNtCslGh6CY2EcXh_14darwin_metrics5utils13PropertyUtils19get_number_propertys_0B9_
FNDA:0,_RNCNvYpNtNtCslGh6CY2EcXh_14darwin_metrics5utils13PropertyUtils19get_string_property0B9_
FNDA:0,_RNCNvYpNtNtCslGh6CY2EcXh_14darwin_metrics5utils13PropertyUtils19get_string_propertys_0B9_
FNDA:0,_RNvYpNtNtCslGh6CY2EcXh_14darwin_metrics5utils13PropertyUtils17get_bool_propertyB7_
FNDA:0,_RNvYpNtNtCslGh6CY2EcXh_14darwin_metrics5utils13PropertyUtils19get_number_propertyB7_
FNDA:0,_RNvYpNtNtCslGh6CY2EcXh_14darwin_metrics5utils13PropertyUtils19get_string_propertyB7_
FNDA:0,_RNCNCNvNtCslGh6CY2EcXh_14darwin_metrics5utils8get_name00B7_
FNDA:1,_RNCNvNtNtCslGh6CY2EcXh_14darwin_metrics5utils5testss_19test_objc_safe_exec0B7_
FNDA:1,_RNCNvNtNtCslGh6CY2EcXh_14darwin_metrics5utils5testss_19test_objc_safe_execs_0B7_
FNDA:1,_RNvNtNtCslGh6CY2EcXh_14darwin_metrics5utils5testss_19test_objc_safe_exec
FNDA:1,_RNvNtNtCslGh6CY2EcXh_14darwin_metrics5utils5testss_20test_c_str_to_string
FNDA:1,_RNvNtNtCslGh6CY2EcXh_14darwin_metrics5utils5testss_21test_autorelease_pool
FNDA:1,_RNvNtNtCslGh6CY2EcXh_14darwin_metrics5utils5testss_22test_property_accessor
FNDA:1,_RNvNtNtCslGh6CY2EcXh_14darwin_metrics5utils5testss_22test_raw_str_to_string
FNDA:1,_RNvNtNtCslGh6CY2EcXh_14darwin_metrics5utils5testss_25test_get_name_null_device
FNDA:1,_RNvNtNtCslGh6CY2EcXh_14darwin_metrics5utils5testss_25test_raw_f64_slice_to_vec
FNDA:2,_RNvNtCslGh6CY2EcXh_14darwin_metrics5utils15c_str_to_string
FNDA:3,_RNvNtCslGh6CY2EcXh_14darwin_metrics5utils17raw_str_to_string
FNDA:3,_RNvNtCslGh6CY2EcXh_14darwin_metrics5utils20raw_f64_slice_to_vec
FNDA:1,_RNvNtCslGh6CY2EcXh_14darwin_metrics5utils8get_name
FNDA:0,_RNCNvYpNtNtCsGBPSOZydBW_14darwin_metrics5utils13PropertyUtils17get_bool_property0B9_
FNDA:0,_RNCNvYpNtNtCsGBPSOZydBW_14darwin_metrics5utils13PropertyUtils17get_bool_propertys_0B9_
FNDA:0,_RNCNvYpNtNtCsGBPSOZydBW_14darwin_metrics5utils13PropertyUtils19get_number_property0B9_
FNDA:0,_RNCNvYpNtNtCsGBPSOZydBW_14darwin_metrics5utils13PropertyUtils19get_number_propertys_0B9_
FNDA:0,_RNCNvYpNtNtCsGBPSOZydBW_14darwin_metrics5utils13PropertyUtils19get_string_property0B9_
FNDA:0,_RNCNvYpNtNtCsGBPSOZydBW_14darwin_metrics5utils13PropertyUtils19get_string_propertys_0B9_
FNDA:0,_RNvYpNtNtCsGBPSOZydBW_14darwin_metrics5utils13PropertyUtils17get_bool_propertyB7_
FNDA:0,_RNvYpNtNtCsGBPSOZydBW_14darwin_metrics5utils13PropertyUtils19get_number_propertyB7_
FNDA:0,_RNvYpNtNtCsGBPSOZydBW_14darwin_metrics5utils13PropertyUtils19get_string_propertyB7_
FNDA:0,_RINvNtCsGBPSOZydBW_14darwin_metrics5utils14objc_safe_execNtNtCsaxtFaqkp5wQ_5alloc6string6StringNCNCNvB2_8get_name00EB4_
FNDA:0,_RINvNtCsGBPSOZydBW_14darwin_metrics5utils16autorelease_poolINtNtCs4P3ALgZxGbJ_4core6result6ResultNtNtCsaxtFaqkp5wQ_5alloc6string6StringNtNtB4_5error5ErrorENCNvB2_8get_name0EB4_
FNDA:0,_RNCINvNtCsGBPSOZydBW_14darwin_metrics5utils16autorelease_poolINtNtCs4P3ALgZxGbJ_4core6result6ResultNtNtCsaxtFaqkp5wQ_5alloc6string6StringNtNtB6_5error5ErrorENCNvB4_8get_name0E0B6_
FNDA:0,_RNCNvNtCsGBPSOZydBW_14darwin_metrics5utils8get_name0B5_
FNDA:0,_RNvNtCsGBPSOZydBW_14darwin_metrics5utils15c_str_to_string
FNDA:0,_RNvNtCsGBPSOZydBW_14darwin_metrics5utils17raw_str_to_string
FNDA:0,_RNvNtCsGBPSOZydBW_14darwin_metrics5utils20raw_f64_slice_to_vec
FNDA:0,_RNvNtCsGBPSOZydBW_14darwin_metrics5utils8get_name
FNDA:0,_RNCNCNvNtCsGBPSOZydBW_14darwin_metrics5utils8get_name00B7_
FNF:29
FNH:18
DA:34,0
DA:35,0
DA:36,0
DA:37,0
DA:38,0
DA:39,0
DA:41,0
DA:42,0
DA:43,0
DA:44,0
DA:45,0
DA:46,0
DA:48,0
DA:49,0
DA:50,0
DA:51,0
DA:52,0
DA:53,0
DA:61,2
DA:62,2
DA:63,2
DA:64,2
DA:65,2
DA:66,2
DA:69,2
DA:70,2
DA:71,2
DA:72,2
DA:73,2
DA:74,2
DA:75,2
DA:76,0
DA:78,2
DA:91,2
DA:92,2
DA:93,1
DA:94,1
DA:95,1
DA:96,2
DA:110,3
DA:111,3
DA:112,2
DA:113,1
DA:114,1
DA:115,1
DA:116,3
DA:130,3
DA:131,3
DA:132,2
DA:133,1
DA:134,1
DA:135,3
DA:138,1
DA:139,1
DA:140,1
DA:141,0
DA:142,0
DA:143,0
DA:144,0
DA:145,0
DA:146,0
DA:147,0
DA:148,0
DA:149,0
DA:150,0
DA:151,0
DA:152,0
DA:153,0
DA:154,0
DA:155,0
DA:156,0
DA:157,0
DA:158,0
DA:159,0
DA:160,0
DA:161,1
DA:169,1
DA:170,1
DA:171,1
DA:172,1
DA:173,1
DA:174,1
DA:175,1
DA:176,1
DA:177,1
DA:180,1
DA:181,1
DA:183,1
DA:186,1
DA:187,1
DA:188,1
DA:189,1
DA:190,1
DA:191,1
DA:192,1
DA:193,1
DA:194,1
DA:195,1
DA:198,1
DA:199,1
DA:202,1
DA:203,1
DA:205,1
DA:208,1
DA:209,1
DA:210,1
DA:211,1
DA:212,1
DA:213,1
DA:214,1
DA:215,1
DA:216,1
DA:219,1
DA:220,1
DA:223,1
DA:224,1
DA:226,1
DA:229,1
DA:230,1
DA:231,1
DA:232,1
DA:235,1
DA:236,1
DA:237,1
DA:240,1
DA:241,1
DA:242,1
DA:243,1
DA:244,1
DA:247,1
DA:248,1
DA:249,1
DA:250,1
DA:251,0
DA:255,1
DA:258,1
DA:259,1
DA:260,1
DA:261,1
DA:262,1
DA:263,0
DA:265,1
DA:268,1
DA:269,1
DA:270,1
DA:271,1
DA:272,1
DA:273,1
BRF:0
BRH:0
LF:163
LH:112
end_of_record
SF:/Users/smeya/git/darwin-metrics/src/utils/property_utils.rs
FN:21,_RNCNvYNtNtNtCslGh6CY2EcXh_14darwin_metrics5utils20property_utils_tests17MockPropertyUtilsNtNtB8_14property_utils13PropertyUtils17get_bool_property0Ba_
FN:22,_RNCNvYNtNtNtCslGh6CY2EcXh_14darwin_metrics5utils20property_utils_tests17MockPropertyUtilsNtNtB8_14property_utils13PropertyUtils17get_bool_propertys_0Ba_
FN:14,_RNCNvYNtNtNtCslGh6CY2EcXh_14darwin_metrics5utils20property_utils_tests17MockPropertyUtilsNtNtB8_14property_utils13PropertyUtils19get_number_property0Ba_
FN:15,_RNCNvYNtNtNtCslGh6CY2EcXh_14darwin_metrics5utils20property_utils_tests17MockPropertyUtilsNtNtB8_14property_utils13PropertyUtils19get_number_propertys_0Ba_
FN:7,_RNCNvYNtNtNtCslGh6CY2EcXh_14darwin_metrics5utils20property_utils_tests17MockPropertyUtilsNtNtB8_14property_utils13PropertyUtils19get_string_property0Ba_
FN:8,_RNCNvYNtNtNtCslGh6CY2EcXh_14darwin_metrics5utils20property_utils_tests17MockPropertyUtilsNtNtB8_14property_utils13PropertyUtils19get_string_propertys_0Ba_
FN:18,_RNvYNtNtNtCslGh6CY2EcXh_14darwin_metrics5utils20property_utils_tests17MockPropertyUtilsNtNtB6_14property_utils13PropertyUtils17get_bool_propertyB8_
FN:11,_RNvYNtNtNtCslGh6CY2EcXh_14darwin_metrics5utils20property_utils_tests17MockPropertyUtilsNtNtB6_14property_utils13PropertyUtils19get_number_propertyB8_
FN:4,_RNvYNtNtNtCslGh6CY2EcXh_14darwin_metrics5utils20property_utils_tests17MockPropertyUtilsNtNtB6_14property_utils13PropertyUtils19get_string_propertyB8_
FN:21,_RNCNvYpNtNtNtCsGBPSOZydBW_14darwin_metrics5utils14property_utils13PropertyUtils17get_bool_property0Bb_
FN:22,_RNCNvYpNtNtNtCsGBPSOZydBW_14darwin_metrics5utils14property_utils13PropertyUtils17get_bool_propertys_0Bb_
FN:14,_RNCNvYpNtNtNtCsGBPSOZydBW_14darwin_metrics5utils14property_utils13PropertyUtils19get_number_property0Bb_
FN:15,_RNCNvYpNtNtNtCsGBPSOZydBW_14darwin_metrics5utils14property_utils13PropertyUtils19get_number_propertys_0Bb_
FN:7,_RNCNvYpNtNtNtCsGBPSOZydBW_14darwin_metrics5utils14property_utils13PropertyUtils19get_string_property0Bb_
FN:8,_RNCNvYpNtNtNtCsGBPSOZydBW_14darwin_metrics5utils14property_utils13PropertyUtils19get_string_propertys_0Bb_
FN:18,_RNvYpNtNtNtCsGBPSOZydBW_14darwin_metrics5utils14property_utils13PropertyUtils17get_bool_propertyB9_
FN:11,_RNvYpNtNtNtCsGBPSOZydBW_14darwin_metrics5utils14property_utils13PropertyUtils19get_number_propertyB9_
FN:4,_RNvYpNtNtNtCsGBPSOZydBW_14darwin_metrics5utils14property_utils13PropertyUtils19get_string_propertyB9_
FNDA:0,_RNCNvYNtNtNtCslGh6CY2EcXh_14darwin_metrics5utils20property_utils_tests17MockPropertyUtilsNtNtB8_14property_utils13PropertyUtils17get_bool_property0Ba_
FNDA:0,_RNCNvYNtNtNtCslGh6CY2EcXh_14darwin_metrics5utils20property_utils_tests17MockPropertyUtilsNtNtB8_14property_utils13PropertyUtils17get_bool_propertys_0Ba_
FNDA:0,_RNCNvYNtNtNtCslGh6CY2EcXh_14darwin_metrics5utils20property_utils_tests17MockPropertyUtilsNtNtB8_14property_utils13PropertyUtils19get_number_property0Ba_
FNDA:0,_RNCNvYNtNtNtCslGh6CY2EcXh_14darwin_metrics5utils20property_utils_tests17MockPropertyUtilsNtNtB8_14property_utils13PropertyUtils19get_number_propertys_0Ba_
FNDA:0,_RNCNvYNtNtNtCslGh6CY2EcXh_14darwin_metrics5utils20property_utils_tests17MockPropertyUtilsNtNtB8_14property_utils13PropertyUtils19get_string_property0Ba_
FNDA:0,_RNCNvYNtNtNtCslGh6CY2EcXh_14darwin_metrics5utils20property_utils_tests17MockPropertyUtilsNtNtB8_14property_utils13PropertyUtils19get_string_propertys_0Ba_
FNDA:1,_RNvYNtNtNtCslGh6CY2EcXh_14darwin_metrics5utils20property_utils_tests17MockPropertyUtilsNtNtB6_14property_utils13PropertyUtils17get_bool_propertyB8_
FNDA:1,_RNvYNtNtNtCslGh6CY2EcXh_14darwin_metrics5utils20property_utils_tests17MockPropertyUtilsNtNtB6_14property_utils13PropertyUtils19get_number_propertyB8_
FNDA:1,_RNvYNtNtNtCslGh6CY2EcXh_14darwin_metrics5utils20property_utils_tests17MockPropertyUtilsNtNtB6_14property_utils13PropertyUtils19get_string_propertyB8_
FNDA:0,_RNCNvYpNtNtNtCsGBPSOZydBW_14darwin_metrics5utils14property_utils13PropertyUtils17get_bool_property0Bb_
FNDA:0,_RNCNvYpNtNtNtCsGBPSOZydBW_14darwin_metrics5utils14property_utils13PropertyUtils17get_bool_propertys_0Bb_
FNDA:0,_RNCNvYpNtNtNtCsGBPSOZydBW_14darwin_metrics5utils14property_utils13PropertyUtils19get_number_property0Bb_
FNDA:0,_RNCNvYpNtNtNtCsGBPSOZydBW_14darwin_metrics5utils14property_utils13PropertyUtils19get_number_propertys_0Bb_
FNDA:0,_RNCNvYpNtNtNtCsGBPSOZydBW_14darwin_metrics5utils14property_utils13PropertyUtils19get_string_property0Bb_
FNDA:0,_RNCNvYpNtNtNtCsGBPSOZydBW_14darwin_metrics5utils14property_utils13PropertyUtils19get_string_propertys_0Bb_
FNDA:0,_RNvYpNtNtNtCsGBPSOZydBW_14darwin_metrics5utils14property_utils13PropertyUtils17get_bool_propertyB9_
FNDA:0,_RNvYpNtNtNtCsGBPSOZydBW_14darwin_metrics5utils14property_utils13PropertyUtils19get_number_propertyB9_
FNDA:0,_RNvYpNtNtNtCsGBPSOZydBW_14darwin_metrics5utils14property_utils13PropertyUtils19get_string_propertyB9_
FNF:9
FNH:3
DA:4,1
DA:5,1
DA:6,1
DA:7,1
DA:8,1
DA:9,1
DA:11,1
DA:12,1
DA:13,1
DA:14,1
DA:15,1
DA:16,1
DA:18,1
DA:19,1
DA:20,1
DA:21,1
DA:22,1
DA:23,1
BRF:0
BRH:0
LF:24
LH:18
end_of_record
SF:/Users/smeya/git/darwin-metrics/src/utils/property_utils_tests.rs
FN:14,_RNvNtNtCslGh6CY2EcXh_14darwin_metrics5utils20property_utils_testss_25test_property_utils_trait
FN:34,_RNvNtNtCslGh6CY2EcXh_14darwin_metrics5utils20property_utils_testss_39test_property_accessor_implements_trait
FNDA:1,_RNvNtNtCslGh6CY2EcXh_14darwin_metrics5utils20property_utils_testss_25test_property_utils_trait
FNDA:1,_RNvNtNtCslGh6CY2EcXh_14darwin_metrics5utils20property_utils_testss_39test_property_accessor_implements_trait
FNF:2
FNH:2
DA:14,1
DA:15,1
DA:16,1
DA:17,1
DA:18,1
DA:19,1
DA:20,1
DA:21,1
DA:22,1
DA:23,1
DA:24,1
DA:25,1
DA:26,1
DA:27,1
DA:28,1
DA:29,1
DA:30,1
DA:31,1
DA:34,1
DA:35,1
DA:36,1
DA:37,1
DA:38,1
DA:39,1
DA:40,1
DA:41,1
DA:42,1
DA:43,1
DA:44,1
DA:45,1
DA:46,1
DA:47,1
BRF:0
BRH:0
LF:32
LH:32
end_of_record
SF:/Users/smeya/git/darwin-metrics/src/utils/test_utils.rs
FN:48,_RNCNvNtNtCslGh6CY2EcXh_14darwin_metrics5utils10test_utils18create_test_number0B7_
FN:58,_RNCNvNtNtCslGh6CY2EcXh_14darwin_metrics5utils10test_utils18create_test_object0B7_
FN:10,_RNCNvNtNtCslGh6CY2EcXh_14darwin_metrics5utils10test_utils22create_test_dictionary0B7_
FN:26,_RNCNvNtNtCslGh6CY2EcXh_14darwin_metrics5utils10test_utils35create_test_dictionary_with_entries0B7_
FN:46,_RNvNtNtCslGh6CY2EcXh_14darwin_metrics5utils10test_utils18create_test_number
FN:57,_RNvNtNtCslGh6CY2EcXh_14darwin_metrics5utils10test_utils18create_test_object
FN:41,_RNvNtNtCslGh6CY2EcXh_14darwin_metrics5utils10test_utils18create_test_string
FN:9,_RNvNtNtCslGh6CY2EcXh_14darwin_metrics5utils10test_utils22create_test_dictionary
FN:18,_RNvNtNtCslGh6CY2EcXh_14darwin_metrics5utils10test_utils35create_test_dictionary_with_entries
FN:29,_RNCNCNvNtNtCslGh6CY2EcXh_14darwin_metrics5utils10test_utils35create_test_dictionary_with_entries00B9_
FN:31,_RNCNCNvNtNtCslGh6CY2EcXh_14darwin_metrics5utils10test_utils35create_test_dictionary_with_entries0s_0B9_
FN:101,_RNvNtNtNtCslGh6CY2EcXh_14darwin_metrics5utils10test_utils5testss_23test_create_test_number
FN:110,_RNvNtNtNtCslGh6CY2EcXh_14darwin_metrics5utils10test_utils5testss_23test_create_test_object
FN:92,_RNvNtNtNtCslGh6CY2EcXh_14darwin_metrics5utils10test_utils5testss_23test_create_test_string
FN:69,_RNvNtNtNtCslGh6CY2EcXh_14darwin_metrics5utils10test_utils5testss_27test_create_test_dictionary
FN:77,_RNvNtNtNtCslGh6CY2EcXh_14darwin_metrics5utils10test_utils5testss_40test_create_test_dictionary_with_entries
FN:48,_RNCNvNtNtCsGBPSOZydBW_14darwin_metrics5utils10test_utils18create_test_number0B7_
FN:58,_RNCNvNtNtCsGBPSOZydBW_14darwin_metrics5utils10test_utils18create_test_object0B7_
FN:10,_RNCNvNtNtCsGBPSOZydBW_14darwin_metrics5utils10test_utils22create_test_dictionary0B7_
FN:26,_RNCNvNtNtCsGBPSOZydBW_14darwin_metrics5utils10test_utils35create_test_dictionary_with_entries0B7_
FN:46,_RNvNtNtCsGBPSOZydBW_14darwin_metrics5utils10test_utils18create_test_number
FN:57,_RNvNtNtCsGBPSOZydBW_14darwin_metrics5utils10test_utils18create_test_object
FN:41,_RNvNtNtCsGBPSOZydBW_14darwin_metrics5utils10test_utils18create_test_string
FN:9,_RNvNtNtCsGBPSOZydBW_14darwin_metrics5utils10test_utils22create_test_dictionary
FN:18,_RNvNtNtCsGBPSOZydBW_14darwin_metrics5utils10test_utils35create_test_dictionary_with_entries
FN:29,_RNCNCNvNtNtCsGBPSOZydBW_14darwin_metrics5utils10test_utils35create_test_dictionary_with_entries00B9_
FN:31,_RNCNCNvNtNtCsGBPSOZydBW_14darwin_metrics5utils10test_utils35create_test_dictionary_with_entries0s_0B9_
FNDA:1,_RNCNvNtNtCslGh6CY2EcXh_14darwin_metrics5utils10test_utils18create_test_number0B7_
FNDA:11,_RNCNvNtNtCslGh6CY2EcXh_14darwin_metrics5utils10test_utils18create_test_object0B7_
FNDA:25,_RNCNvNtNtCslGh6CY2EcXh_14darwin_metrics5utils10test_utils22create_test_dictionary0B7_
FNDA:0,_RNCNvNtNtCslGh6CY2EcXh_14darwin_metrics5utils10test_utils35create_test_dictionary_with_entries0B7_
FNDA:1,_RNvNtNtCslGh6CY2EcXh_14darwin_metrics5utils10test_utils18create_test_number
FNDA:11,_RNvNtNtCslGh6CY2EcXh_14darwin_metrics5utils10test_utils18create_test_object
FNDA:1,_RNvNtNtCslGh6CY2EcXh_14darwin_metrics5utils10test_utils18create_test_string
FNDA:25,_RNvNtNtCslGh6CY2EcXh_14darwin_metrics5utils10test_utils22create_test_dictionary
FNDA:1,_RNvNtNtCslGh6CY2EcXh_14darwin_metrics5utils10test_utils35create_test_dictionary_with_entries
FNDA:0,_RNCNCNvNtNtCslGh6CY2EcXh_14darwin_metrics5utils10test_utils35create_test_dictionary_with_entries00B9_
FNDA:0,_RNCNCNvNtNtCslGh6CY2EcXh_14darwin_metrics5utils10test_utils35create_test_dictionary_with_entries0s_0B9_
FNDA:1,_RNvNtNtNtCslGh6CY2EcXh_14darwin_metrics5utils10test_utils5testss_23test_create_test_number
FNDA:1,_RNvNtNtNtCslGh6CY2EcXh_14darwin_metrics5utils10test_utils5testss_23test_create_test_object
FNDA:1,_RNvNtNtNtCslGh6CY2EcXh_14darwin_metrics5utils10test_utils5testss_23test_create_test_string
FNDA:1,_RNvNtNtNtCslGh6CY2EcXh_14darwin_metrics5utils10test_utils5testss_27test_create_test_dictionary
FNDA:1,_RNvNtNtNtCslGh6CY2EcXh_14darwin_metrics5utils10test_utils5testss_40test_create_test_dictionary_with_entries
FNDA:0,_RNCNvNtNtCsGBPSOZydBW_14darwin_metrics5utils10test_utils18create_test_number0B7_
FNDA:0,_RNCNvNtNtCsGBPSOZydBW_14darwin_metrics5utils10test_utils18create_test_object0B7_
FNDA:0,_RNCNvNtNtCsGBPSOZydBW_14darwin_metrics5utils10test_utils22create_test_dictionary0B7_
FNDA:0,_RNCNvNtNtCsGBPSOZydBW_14darwin_metrics5utils10test_utils35create_test_dictionary_with_entries0B7_
FNDA:0,_RNvNtNtCsGBPSOZydBW_14darwin_metrics5utils10test_utils18create_test_number
FNDA:0,_RNvNtNtCsGBPSOZydBW_14darwin_metrics5utils10test_utils18create_test_object
FNDA:0,_RNvNtNtCsGBPSOZydBW_14darwin_metrics5utils10test_utils18create_test_string
FNDA:0,_RNvNtNtCsGBPSOZydBW_14darwin_metrics5utils10test_utils22create_test_dictionary
FNDA:0,_RNvNtNtCsGBPSOZydBW_14darwin_metrics5utils10test_utils35create_test_dictionary_with_entries
FNDA:0,_RNCNCNvNtNtCsGBPSOZydBW_14darwin_metrics5utils10test_utils35create_test_dictionary_with_entries00B9_
FNDA:0,_RNCNCNvNtNtCsGBPSOZydBW_14darwin_metrics5utils10test_utils35create_test_dictionary_with_entries0s_0B9_
FNF:16
FNH:13
DA:9,25
DA:10,25
DA:11,25
DA:12,25
DA:13,25
DA:14,25
DA:15,25
DA:18,1
DA:19,1
DA:20,1
DA:21,1
DA:22,1
DA:23,1
DA:24,0
DA:25,0
DA:26,0
DA:27,0
DA:28,0
DA:29,0
DA:30,0
DA:31,0
DA:32,0
DA:33,0
DA:34,0
DA:35,0
DA:36,0
DA:37,0
DA:38,1
DA:41,1
DA:42,1
DA:43,1
DA:46,1
DA:47,1
DA:48,1
DA:49,1
DA:50,1
DA:51,1
DA:52,1
DA:53,1
DA:54,1
DA:57,11
DA:58,11
DA:59,11
DA:60,11
DA:61,11
DA:62,11
DA:69,1
DA:70,1
DA:71,1
DA:72,1
DA:73,1
DA:74,1
DA:77,1
DA:78,1
DA:79,1
DA:80,1
DA:81,1
DA:82,1
DA:83,1
DA:84,1
DA:85,1
DA:86,1
DA:87,1
DA:88,1
DA:89,1
DA:92,1
DA:93,1
DA:94,1
DA:95,1
DA:96,1
DA:97,1
DA:98,1
DA:101,1
DA:102,1
DA:103,1
DA:104,1
DA:105,1
DA:106,1
DA:107,1
DA:110,1
DA:111,1
DA:112,1
DA:113,1
DA:114,1
DA:115,1
BRF:0
BRH:0
LF:95
LH:77
end_of_record