SF:/Users/smeya/git/darwin-metrics/src/battery/mod.rs
FN:21,_RNvMNtCsidbZ9VdZd8E_14darwin_metrics7batteryNtB2_7Battery3new
FN:49,_RNvMNtCsidbZ9VdZd8E_14darwin_metrics7batteryNtB2_7Battery13power_monitor
FN:44,_RNvMNtCsidbZ9VdZd8E_14darwin_metrics7batteryNtB2_7Battery14health_monitor
FN:39,_RNvMNtCsidbZ9VdZd8E_14darwin_metrics7batteryNtB2_7Battery16capacity_monitor
FN:54,_RNvMNtCsidbZ9VdZd8E_14darwin_metrics7batteryNtB2_7Battery19temperature_monitor
FN:29,_RNvMNtCsidbZ9VdZd8E_14darwin_metrics7batteryNtB2_7Battery5iokit
FN:34,_RNvMNtCsidbZ9VdZd8E_14darwin_metrics7batteryNtB2_7Battery9device_id
FN:49,_RNvMNtCsdICt7tuuT0j_14darwin_metrics7batteryNtB2_7Battery13power_monitor
FN:44,_RNvMNtCsdICt7tuuT0j_14darwin_metrics7batteryNtB2_7Battery14health_monitor
FN:39,_RNvMNtCsdICt7tuuT0j_14darwin_metrics7batteryNtB2_7Battery16capacity_monitor
FN:54,_RNvMNtCsdICt7tuuT0j_14darwin_metrics7batteryNtB2_7Battery19temperature_monitor
FN:21,_RNvMNtCsdICt7tuuT0j_14darwin_metrics7batteryNtB2_7Battery3new
FN:29,_RNvMNtCsdICt7tuuT0j_14darwin_metrics7batteryNtB2_7Battery5iokit
FN:34,_RNvMNtCsdICt7tuuT0j_14darwin_metrics7batteryNtB2_7Battery9device_id
FNDA:1,_RNvMNtCsidbZ9VdZd8E_14darwin_metrics7batteryNtB2_7Battery3new
FNDA:0,_RNvMNtCsidbZ9VdZd8E_14darwin_metrics7batteryNtB2_7Battery13power_monitor
FNDA:0,_RNvMNtCsidbZ9VdZd8E_14darwin_metrics7batteryNtB2_7Battery14health_monitor
FNDA:0,_RNvMNtCsidbZ9VdZd8E_14darwin_metrics7batteryNtB2_7Battery16capacity_monitor
FNDA:0,_RNvMNtCsidbZ9VdZd8E_14darwin_metrics7batteryNtB2_7Battery19temperature_monitor
FNDA:0,_RNvMNtCsidbZ9VdZd8E_14darwin_metrics7batteryNtB2_7Battery5iokit
FNDA:0,_RNvMNtCsidbZ9VdZd8E_14darwin_metrics7batteryNtB2_7Battery9device_id
FNDA:0,_RNvMNtCsdICt7tuuT0j_14darwin_metrics7batteryNtB2_7Battery13power_monitor
FNDA:0,_RNvMNtCsdICt7tuuT0j_14darwin_metrics7batteryNtB2_7Battery14health_monitor
FNDA:0,_RNvMNtCsdICt7tuuT0j_14darwin_metrics7batteryNtB2_7Battery16capacity_monitor
FNDA:0,_RNvMNtCsdICt7tuuT0j_14darwin_metrics7batteryNtB2_7Battery19temperature_monitor
FNDA:0,_RNvMNtCsdICt7tuuT0j_14darwin_metrics7batteryNtB2_7Battery3new
FNDA:0,_RNvMNtCsdICt7tuuT0j_14darwin_metrics7batteryNtB2_7Battery5iokit
FNDA:0,_RNvMNtCsdICt7tuuT0j_14darwin_metrics7batteryNtB2_7Battery9device_id
FNF:7
FNH:1
DA:21,1
DA:22,1
DA:23,1
DA:24,1
DA:25,1
DA:26,1
DA:29,0
DA:30,0
DA:31,0
DA:34,0
DA:35,0
DA:36,0
DA:39,0
DA:40,0
DA:41,0
DA:44,0
DA:45,0
DA:46,0
DA:49,0
DA:50,0
DA:51,0
DA:54,0
DA:55,0
DA:56,0
BRF:0
BRH:0
LF:24
LH:6
end_of_record
SF:/Users/smeya/git/darwin-metrics/src/battery/monitors.rs
FN:47,_RNCNvXs2_NtNtCsidbZ9VdZd8E_14darwin_metrics7battery8monitorsNtB7_22BatteryCapacityMonitorNtNtNtBb_6traits8hardware27BatteryCapacityMonitorTrait10get_metric0Bb_
FN:69,_RNCNvXs2_NtNtCsidbZ9VdZd8E_14darwin_metrics7battery8monitorsNtB7_22BatteryCapacityMonitorNtNtNtBb_6traits8hardware27BatteryCapacityMonitorTrait11cycle_count0Bb_
FN:39,_RNCNvXs2_NtNtCsidbZ9VdZd8E_14darwin_metrics7battery8monitorsNtB7_22BatteryCapacityMonitorNtNtNtBb_6traits8hardware27BatteryCapacityMonitorTrait13hardware_type0Bb_
FN:65,_RNCNvXs2_NtNtCsidbZ9VdZd8E_14darwin_metrics7battery8monitorsNtB7_22BatteryCapacityMonitorNtNtNtBb_6traits8hardware27BatteryCapacityMonitorTrait15design_capacity0Bb_
FN:57,_RNCNvXs2_NtNtCsidbZ9VdZd8E_14darwin_metrics7battery8monitorsNtB7_22BatteryCapacityMonitorNtNtNtBb_6traits8hardware27BatteryCapacityMonitorTrait16current_capacity0Bb_
FN:61,_RNCNvXs2_NtNtCsidbZ9VdZd8E_14darwin_metrics7battery8monitorsNtB7_22BatteryCapacityMonitorNtNtNtBb_6traits8hardware27BatteryCapacityMonitorTrait16maximum_capacity0Bb_
FN:35,_RNCNvXs2_NtNtCsidbZ9VdZd8E_14darwin_metrics7battery8monitorsNtB7_22BatteryCapacityMonitorNtNtNtBb_6traits8hardware27BatteryCapacityMonitorTrait4name0Bb_
FN:43,_RNCNvXs2_NtNtCsidbZ9VdZd8E_14darwin_metrics7battery8monitorsNtB7_22BatteryCapacityMonitorNtNtNtBb_6traits8hardware27BatteryCapacityMonitorTrait9device_id0Bb_
FN:95,_RNCNvXs3_NtNtCsidbZ9VdZd8E_14darwin_metrics7battery8monitorsNtB7_22BatteryCapacityMonitorNtNtNtBb_6traits8hardware17PowerStateMonitor11is_charging0Bb_
FN:76,_RNCNvXs3_NtNtCsidbZ9VdZd8E_14darwin_metrics7battery8monitorsNtB7_22BatteryCapacityMonitorNtNtNtBb_6traits8hardware17PowerStateMonitor11power_state0Bb_
FN:91,_RNCNvXs3_NtNtCsidbZ9VdZd8E_14darwin_metrics7battery8monitorsNtB7_22BatteryCapacityMonitorNtNtNtBb_6traits8hardware17PowerStateMonitor13is_on_battery0Bb_
FN:86,_RNCNvXs3_NtNtCsidbZ9VdZd8E_14darwin_metrics7battery8monitorsNtB7_22BatteryCapacityMonitorNtNtNtBb_6traits8hardware17PowerStateMonitor14time_remaining0Bb_
FN:80,_RNCNvXs3_NtNtCsidbZ9VdZd8E_14darwin_metrics7battery8monitorsNtB7_22BatteryCapacityMonitorNtNtNtBb_6traits8hardware17PowerStateMonitor18battery_percentage0Bb_
FN:118,_RNCNvXs4_NtNtCsidbZ9VdZd8E_14darwin_metrics7battery8monitorsNtB7_20BatteryHealthMonitorNtNtNtBb_6traits8hardware20BatteryHealthMonitor11cycle_count0Bb_
FN:122,_RNCNvXs4_NtNtCsidbZ9VdZd8E_14darwin_metrics7battery8monitorsNtB7_20BatteryHealthMonitorNtNtNtBb_6traits8hardware20BatteryHealthMonitor17health_percentage0Bb_
FN:126,_RNCNvXs4_NtNtCsidbZ9VdZd8E_14darwin_metrics7battery8monitorsNtB7_20BatteryHealthMonitorNtNtNtBb_6traits8hardware20BatteryHealthMonitor18is_health_critical0Bb_
FN:131,_RNCNvXs4_NtNtCsidbZ9VdZd8E_14darwin_metrics7battery8monitorsNtB7_20BatteryHealthMonitorNtNtNtBb_6traits8hardware20BatteryHealthMonitor23is_cycle_count_critical0Bb_
FN:169,_RNCNvXs5_NtNtCsidbZ9VdZd8E_14darwin_metrics7battery8monitorsNtB7_19BatteryPowerMonitorNtNtNtBb_6traits8hardware17PowerMonitorTrait10get_metric0Bb_
FN:182,_RNCNvXs5_NtNtCsidbZ9VdZd8E_14darwin_metrics7battery8monitorsNtB7_19BatteryPowerMonitorNtNtNtBb_6traits8hardware17PowerMonitorTrait11is_charging0Bb_
FN:178,_RNCNvXs5_NtNtCsidbZ9VdZd8E_14darwin_metrics7battery8monitorsNtB7_19BatteryPowerMonitorNtNtNtBb_6traits8hardware17PowerMonitorTrait11power_state0Bb_
FN:161,_RNCNvXs5_NtNtCsidbZ9VdZd8E_14darwin_metrics7battery8monitorsNtB7_19BatteryPowerMonitorNtNtNtBb_6traits8hardware17PowerMonitorTrait13hardware_type0Bb_
FN:190,_RNCNvXs5_NtNtCsidbZ9VdZd8E_14darwin_metrics7battery8monitorsNtB7_19BatteryPowerMonitorNtNtNtBb_6traits8hardware17PowerMonitorTrait14time_remaining0Bb_
FN:186,_RNCNvXs5_NtNtCsidbZ9VdZd8E_14darwin_metrics7battery8monitorsNtB7_19BatteryPowerMonitorNtNtNtBb_6traits8hardware17PowerMonitorTrait17is_external_power0Bb_
FN:174,_RNCNvXs5_NtNtCsidbZ9VdZd8E_14darwin_metrics7battery8monitorsNtB7_19BatteryPowerMonitorNtNtNtBb_6traits8hardware17PowerMonitorTrait17power_consumption0Bb_
FN:157,_RNCNvXs5_NtNtCsidbZ9VdZd8E_14darwin_metrics7battery8monitorsNtB7_19BatteryPowerMonitorNtNtNtBb_6traits8hardware17PowerMonitorTrait4name0Bb_
FN:165,_RNCNvXs5_NtNtCsidbZ9VdZd8E_14darwin_metrics7battery8monitorsNtB7_19BatteryPowerMonitorNtNtNtBb_6traits8hardware17PowerMonitorTrait9device_id0Bb_
FN:227,_RNCNvXs6_NtNtCsidbZ9VdZd8E_14darwin_metrics7battery8monitorsNtB7_25BatteryTemperatureMonitorNtNtNtBb_6traits8hardware15HardwareMonitor10get_metric0Bb_
FN:219,_RNCNvXs6_NtNtCsidbZ9VdZd8E_14darwin_metrics7battery8monitorsNtB7_25BatteryTemperatureMonitorNtNtNtBb_6traits8hardware15HardwareMonitor13hardware_type0Bb_
FN:215,_RNCNvXs6_NtNtCsidbZ9VdZd8E_14darwin_metrics7battery8monitorsNtB7_25BatteryTemperatureMonitorNtNtNtBb_6traits8hardware15HardwareMonitor4name0Bb_
FN:223,_RNCNvXs6_NtNtCsidbZ9VdZd8E_14darwin_metrics7battery8monitorsNtB7_25BatteryTemperatureMonitorNtNtNtBb_6traits8hardware15HardwareMonitor9device_id0Bb_
FN:26,_RNvMNtNtCsidbZ9VdZd8E_14darwin_metrics7battery8monitorsNtB2_22BatteryCapacityMonitor3new
FN:148,_RNvMs0_NtNtCsidbZ9VdZd8E_14darwin_metrics7battery8monitorsNtB5_19BatteryPowerMonitor3new
FN:206,_RNvMs1_NtNtCsidbZ9VdZd8E_14darwin_metrics7battery8monitorsNtB5_25BatteryTemperatureMonitor3new
FN:111,_RNvMs_NtNtCsidbZ9VdZd8E_14darwin_metrics7battery8monitorsNtB4_20BatteryHealthMonitor3new
FN:55,_RNvXs2_NtNtCsidbZ9VdZd8E_14darwin_metrics7battery8monitorsNtB5_22BatteryCapacityMonitorNtNtNtB9_6traits8hardware27BatteryCapacityMonitorTrait10get_metric
FN:71,_RNvXs2_NtNtCsidbZ9VdZd8E_14darwin_metrics7battery8monitorsNtB5_22BatteryCapacityMonitorNtNtNtB9_6traits8hardware27BatteryCapacityMonitorTrait11cycle_count
FN:41,_RNvXs2_NtNtCsidbZ9VdZd8E_14darwin_metrics7battery8monitorsNtB5_22BatteryCapacityMonitorNtNtNtB9_6traits8hardware27BatteryCapacityMonitorTrait13hardware_type
FN:67,_RNvXs2_NtNtCsidbZ9VdZd8E_14darwin_metrics7battery8monitorsNtB5_22BatteryCapacityMonitorNtNtNtB9_6traits8hardware27BatteryCapacityMonitorTrait15design_capacity
FN:59,_RNvXs2_NtNtCsidbZ9VdZd8E_14darwin_metrics7battery8monitorsNtB5_22BatteryCapacityMonitorNtNtNtB9_6traits8hardware27BatteryCapacityMonitorTrait16current_capacity
FN:63,_RNvXs2_NtNtCsidbZ9VdZd8E_14darwin_metrics7battery8monitorsNtB5_22BatteryCapacityMonitorNtNtNtB9_6traits8hardware27BatteryCapacityMonitorTrait16maximum_capacity
FN:37,_RNvXs2_NtNtCsidbZ9VdZd8E_14darwin_metrics7battery8monitorsNtB5_22BatteryCapacityMonitorNtNtNtB9_6traits8hardware27BatteryCapacityMonitorTrait4name
FN:45,_RNvXs2_NtNtCsidbZ9VdZd8E_14darwin_metrics7battery8monitorsNtB5_22BatteryCapacityMonitorNtNtNtB9_6traits8hardware27BatteryCapacityMonitorTrait9device_id
FN:97,_RNvXs3_NtNtCsidbZ9VdZd8E_14darwin_metrics7battery8monitorsNtB5_22BatteryCapacityMonitorNtNtNtB9_6traits8hardware17PowerStateMonitor11is_charging
FN:78,_RNvXs3_NtNtCsidbZ9VdZd8E_14darwin_metrics7battery8monitorsNtB5_22BatteryCapacityMonitorNtNtNtB9_6traits8hardware17PowerStateMonitor11power_state
FN:93,_RNvXs3_NtNtCsidbZ9VdZd8E_14darwin_metrics7battery8monitorsNtB5_22BatteryCapacityMonitorNtNtNtB9_6traits8hardware17PowerStateMonitor13is_on_battery
FN:89,_RNvXs3_NtNtCsidbZ9VdZd8E_14darwin_metrics7battery8monitorsNtB5_22BatteryCapacityMonitorNtNtNtB9_6traits8hardware17PowerStateMonitor14time_remaining
FN:84,_RNvXs3_NtNtCsidbZ9VdZd8E_14darwin_metrics7battery8monitorsNtB5_22BatteryCapacityMonitorNtNtNtB9_6traits8hardware17PowerStateMonitor18battery_percentage
FN:120,_RNvXs4_NtNtCsidbZ9VdZd8E_14darwin_metrics7battery8monitorsNtB5_20BatteryHealthMonitorNtNtNtB9_6traits8hardware20BatteryHealthMonitor11cycle_count
FN:124,_RNvXs4_NtNtCsidbZ9VdZd8E_14darwin_metrics7battery8monitorsNtB5_20BatteryHealthMonitorNtNtNtB9_6traits8hardware20BatteryHealthMonitor17health_percentage
FN:129,_RNvXs4_NtNtCsidbZ9VdZd8E_14darwin_metrics7battery8monitorsNtB5_20BatteryHealthMonitorNtNtNtB9_6traits8hardware20BatteryHealthMonitor18is_health_critical
FN:134,_RNvXs4_NtNtCsidbZ9VdZd8E_14darwin_metrics7battery8monitorsNtB5_20BatteryHealthMonitorNtNtNtB9_6traits8hardware20BatteryHealthMonitor23is_cycle_count_critical
FN:172,_RNvXs5_NtNtCsidbZ9VdZd8E_14darwin_metrics7battery8monitorsNtB5_19BatteryPowerMonitorNtNtNtB9_6traits8hardware17PowerMonitorTrait10get_metric
FN:184,_RNvXs5_NtNtCsidbZ9VdZd8E_14darwin_metrics7battery8monitorsNtB5_19BatteryPowerMonitorNtNtNtB9_6traits8hardware17PowerMonitorTrait11is_charging
FN:180,_RNvXs5_NtNtCsidbZ9VdZd8E_14darwin_metrics7battery8monitorsNtB5_19BatteryPowerMonitorNtNtNtB9_6traits8hardware17PowerMonitorTrait11power_state
FN:163,_RNvXs5_NtNtCsidbZ9VdZd8E_14darwin_metrics7battery8monitorsNtB5_19BatteryPowerMonitorNtNtNtB9_6traits8hardware17PowerMonitorTrait13hardware_type
FN:192,_RNvXs5_NtNtCsidbZ9VdZd8E_14darwin_metrics7battery8monitorsNtB5_19BatteryPowerMonitorNtNtNtB9_6traits8hardware17PowerMonitorTrait14time_remaining
FN:188,_RNvXs5_NtNtCsidbZ9VdZd8E_14darwin_metrics7battery8monitorsNtB5_19BatteryPowerMonitorNtNtNtB9_6traits8hardware17PowerMonitorTrait17is_external_power
FN:176,_RNvXs5_NtNtCsidbZ9VdZd8E_14darwin_metrics7battery8monitorsNtB5_19BatteryPowerMonitorNtNtNtB9_6traits8hardware17PowerMonitorTrait17power_consumption
FN:159,_RNvXs5_NtNtCsidbZ9VdZd8E_14darwin_metrics7battery8monitorsNtB5_19BatteryPowerMonitorNtNtNtB9_6traits8hardware17PowerMonitorTrait4name
FN:167,_RNvXs5_NtNtCsidbZ9VdZd8E_14darwin_metrics7battery8monitorsNtB5_19BatteryPowerMonitorNtNtNtB9_6traits8hardware17PowerMonitorTrait9device_id
FN:230,_RNvXs6_NtNtCsidbZ9VdZd8E_14darwin_metrics7battery8monitorsNtB5_25BatteryTemperatureMonitorNtNtNtB9_6traits8hardware15HardwareMonitor10get_metric
FN:221,_RNvXs6_NtNtCsidbZ9VdZd8E_14darwin_metrics7battery8monitorsNtB5_25BatteryTemperatureMonitorNtNtNtB9_6traits8hardware15HardwareMonitor13hardware_type
FN:217,_RNvXs6_NtNtCsidbZ9VdZd8E_14darwin_metrics7battery8monitorsNtB5_25BatteryTemperatureMonitorNtNtNtB9_6traits8hardware15HardwareMonitor4name
FN:225,_RNvXs6_NtNtCsidbZ9VdZd8E_14darwin_metrics7battery8monitorsNtB5_25BatteryTemperatureMonitorNtNtNtB9_6traits8hardware15HardwareMonitor9device_id
FN:47,_RNCNvXs2_NtNtCsdICt7tuuT0j_14darwin_metrics7battery8monitorsNtB7_22BatteryCapacityMonitorNtNtNtBb_6traits8hardware27BatteryCapacityMonitorTrait10get_metric0Bb_
FN:69,_RNCNvXs2_NtNtCsdICt7tuuT0j_14darwin_metrics7battery8monitorsNtB7_22BatteryCapacityMonitorNtNtNtBb_6traits8hardware27BatteryCapacityMonitorTrait11cycle_count0Bb_
FN:39,_RNCNvXs2_NtNtCsdICt7tuuT0j_14darwin_metrics7battery8monitorsNtB7_22BatteryCapacityMonitorNtNtNtBb_6traits8hardware27BatteryCapacityMonitorTrait13hardware_type0Bb_
FN:65,_RNCNvXs2_NtNtCsdICt7tuuT0j_14darwin_metrics7battery8monitorsNtB7_22BatteryCapacityMonitorNtNtNtBb_6traits8hardware27BatteryCapacityMonitorTrait15design_capacity0Bb_
FN:57,_RNCNvXs2_NtNtCsdICt7tuuT0j_14darwin_metrics7battery8monitorsNtB7_22BatteryCapacityMonitorNtNtNtBb_6traits8hardware27BatteryCapacityMonitorTrait16current_capacity0Bb_
FN:61,_RNCNvXs2_NtNtCsdICt7tuuT0j_14darwin_metrics7battery8monitorsNtB7_22BatteryCapacityMonitorNtNtNtBb_6traits8hardware27BatteryCapacityMonitorTrait16maximum_capacity0Bb_
FN:35,_RNCNvXs2_NtNtCsdICt7tuuT0j_14darwin_metrics7battery8monitorsNtB7_22BatteryCapacityMonitorNtNtNtBb_6traits8hardware27BatteryCapacityMonitorTrait4name0Bb_
FN:43,_RNCNvXs2_NtNtCsdICt7tuuT0j_14darwin_metrics7battery8monitorsNtB7_22BatteryCapacityMonitorNtNtNtBb_6traits8hardware27BatteryCapacityMonitorTrait9device_id0Bb_
FN:95,_RNCNvXs3_NtNtCsdICt7tuuT0j_14darwin_metrics7battery8monitorsNtB7_22BatteryCapacityMonitorNtNtNtBb_6traits8hardware17PowerStateMonitor11is_charging0Bb_
FN:76,_RNCNvXs3_NtNtCsdICt7tuuT0j_14darwin_metrics7battery8monitorsNtB7_22BatteryCapacityMonitorNtNtNtBb_6traits8hardware17PowerStateMonitor11power_state0Bb_
FN:91,_RNCNvXs3_NtNtCsdICt7tuuT0j_14darwin_metrics7battery8monitorsNtB7_22BatteryCapacityMonitorNtNtNtBb_6traits8hardware17PowerStateMonitor13is_on_battery0Bb_
FN:86,_RNCNvXs3_NtNtCsdICt7tuuT0j_14darwin_metrics7battery8monitorsNtB7_22BatteryCapacityMonitorNtNtNtBb_6traits8hardware17PowerStateMonitor14time_remaining0Bb_
FN:80,_RNCNvXs3_NtNtCsdICt7tuuT0j_14darwin_metrics7battery8monitorsNtB7_22BatteryCapacityMonitorNtNtNtBb_6traits8hardware17PowerStateMonitor18battery_percentage0Bb_
FN:118,_RNCNvXs4_NtNtCsdICt7tuuT0j_14darwin_metrics7battery8monitorsNtB7_20BatteryHealthMonitorNtNtNtBb_6traits8hardware20BatteryHealthMonitor11cycle_count0Bb_
FN:122,_RNCNvXs4_NtNtCsdICt7tuuT0j_14darwin_metrics7battery8monitorsNtB7_20BatteryHealthMonitorNtNtNtBb_6traits8hardware20BatteryHealthMonitor17health_percentage0Bb_
FN:126,_RNCNvXs4_NtNtCsdICt7tuuT0j_14darwin_metrics7battery8monitorsNtB7_20BatteryHealthMonitorNtNtNtBb_6traits8hardware20BatteryHealthMonitor18is_health_critical0Bb_
FN:131,_RNCNvXs4_NtNtCsdICt7tuuT0j_14darwin_metrics7battery8monitorsNtB7_20BatteryHealthMonitorNtNtNtBb_6traits8hardware20BatteryHealthMonitor23is_cycle_count_critical0Bb_
FN:169,_RNCNvXs5_NtNtCsdICt7tuuT0j_14darwin_metrics7battery8monitorsNtB7_19BatteryPowerMonitorNtNtNtBb_6traits8hardware17PowerMonitorTrait10get_metric0Bb_
FN:182,_RNCNvXs5_NtNtCsdICt7tuuT0j_14darwin_metrics7battery8monitorsNtB7_19BatteryPowerMonitorNtNtNtBb_6traits8hardware17PowerMonitorTrait11is_charging0Bb_
FN:178,_RNCNvXs5_NtNtCsdICt7tuuT0j_14darwin_metrics7battery8monitorsNtB7_19BatteryPowerMonitorNtNtNtBb_6traits8hardware17PowerMonitorTrait11power_state0Bb_
FN:161,_RNCNvXs5_NtNtCsdICt7tuuT0j_14darwin_metrics7battery8monitorsNtB7_19BatteryPowerMonitorNtNtNtBb_6traits8hardware17PowerMonitorTrait13hardware_type0Bb_
FN:190,_RNCNvXs5_NtNtCsdICt7tuuT0j_14darwin_metrics7battery8monitorsNtB7_19BatteryPowerMonitorNtNtNtBb_6traits8hardware17PowerMonitorTrait14time_remaining0Bb_
FN:186,_RNCNvXs5_NtNtCsdICt7tuuT0j_14darwin_metrics7battery8monitorsNtB7_19BatteryPowerMonitorNtNtNtBb_6traits8hardware17PowerMonitorTrait17is_external_power0Bb_
FN:174,_RNCNvXs5_NtNtCsdICt7tuuT0j_14darwin_metrics7battery8monitorsNtB7_19BatteryPowerMonitorNtNtNtBb_6traits8hardware17PowerMonitorTrait17power_consumption0Bb_
FN:157,_RNCNvXs5_NtNtCsdICt7tuuT0j_14darwin_metrics7battery8monitorsNtB7_19BatteryPowerMonitorNtNtNtBb_6traits8hardware17PowerMonitorTrait4name0Bb_
FN:165,_RNCNvXs5_NtNtCsdICt7tuuT0j_14darwin_metrics7battery8monitorsNtB7_19BatteryPowerMonitorNtNtNtBb_6traits8hardware17PowerMonitorTrait9device_id0Bb_
FN:227,_RNCNvXs6_NtNtCsdICt7tuuT0j_14darwin_metrics7battery8monitorsNtB7_25BatteryTemperatureMonitorNtNtNtBb_6traits8hardware15HardwareMonitor10get_metric0Bb_
FN:219,_RNCNvXs6_NtNtCsdICt7tuuT0j_14darwin_metrics7battery8monitorsNtB7_25BatteryTemperatureMonitorNtNtNtBb_6traits8hardware15HardwareMonitor13hardware_type0Bb_
FN:215,_RNCNvXs6_NtNtCsdICt7tuuT0j_14darwin_metrics7battery8monitorsNtB7_25BatteryTemperatureMonitorNtNtNtBb_6traits8hardware15HardwareMonitor4name0Bb_
FN:223,_RNCNvXs6_NtNtCsdICt7tuuT0j_14darwin_metrics7battery8monitorsNtB7_25BatteryTemperatureMonitorNtNtNtBb_6traits8hardware15HardwareMonitor9device_id0Bb_
FN:26,_RNvMNtNtCsdICt7tuuT0j_14darwin_metrics7battery8monitorsNtB2_22BatteryCapacityMonitor3new
FN:148,_RNvMs0_NtNtCsdICt7tuuT0j_14darwin_metrics7battery8monitorsNtB5_19BatteryPowerMonitor3new
FN:206,_RNvMs1_NtNtCsdICt7tuuT0j_14darwin_metrics7battery8monitorsNtB5_25BatteryTemperatureMonitor3new
FN:111,_RNvMs_NtNtCsdICt7tuuT0j_14darwin_metrics7battery8monitorsNtB4_20BatteryHealthMonitor3new
FN:55,_RNvXs2_NtNtCsdICt7tuuT0j_14darwin_metrics7battery8monitorsNtB5_22BatteryCapacityMonitorNtNtNtB9_6traits8hardware27BatteryCapacityMonitorTrait10get_metric
FN:71,_RNvXs2_NtNtCsdICt7tuuT0j_14darwin_metrics7battery8monitorsNtB5_22BatteryCapacityMonitorNtNtNtB9_6traits8hardware27BatteryCapacityMonitorTrait11cycle_count
FN:41,_RNvXs2_NtNtCsdICt7tuuT0j_14darwin_metrics7battery8monitorsNtB5_22BatteryCapacityMonitorNtNtNtB9_6traits8hardware27BatteryCapacityMonitorTrait13hardware_type
FN:67,_RNvXs2_NtNtCsdICt7tuuT0j_14darwin_metrics7battery8monitorsNtB5_22BatteryCapacityMonitorNtNtNtB9_6traits8hardware27BatteryCapacityMonitorTrait15design_capacity
FN:59,_RNvXs2_NtNtCsdICt7tuuT0j_14darwin_metrics7battery8monitorsNtB5_22BatteryCapacityMonitorNtNtNtB9_6traits8hardware27BatteryCapacityMonitorTrait16current_capacity
FN:63,_RNvXs2_NtNtCsdICt7tuuT0j_14darwin_metrics7battery8monitorsNtB5_22BatteryCapacityMonitorNtNtNtB9_6traits8hardware27BatteryCapacityMonitorTrait16maximum_capacity
FN:37,_RNvXs2_NtNtCsdICt7tuuT0j_14darwin_metrics7battery8monitorsNtB5_22BatteryCapacityMonitorNtNtNtB9_6traits8hardware27BatteryCapacityMonitorTrait4name
FN:45,_RNvXs2_NtNtCsdICt7tuuT0j_14darwin_metrics7battery8monitorsNtB5_22BatteryCapacityMonitorNtNtNtB9_6traits8hardware27BatteryCapacityMonitorTrait9device_id
FN:97,_RNvXs3_NtNtCsdICt7tuuT0j_14darwin_metrics7battery8monitorsNtB5_22BatteryCapacityMonitorNtNtNtB9_6traits8hardware17PowerStateMonitor11is_charging
FN:78,_RNvXs3_NtNtCsdICt7tuuT0j_14darwin_metrics7battery8monitorsNtB5_22BatteryCapacityMonitorNtNtNtB9_6traits8hardware17PowerStateMonitor11power_state
FN:93,_RNvXs3_NtNtCsdICt7tuuT0j_14darwin_metrics7battery8monitorsNtB5_22BatteryCapacityMonitorNtNtNtB9_6traits8hardware17PowerStateMonitor13is_on_battery
FN:89,_RNvXs3_NtNtCsdICt7tuuT0j_14darwin_metrics7battery8monitorsNtB5_22BatteryCapacityMonitorNtNtNtB9_6traits8hardware17PowerStateMonitor14time_remaining
FN:84,_RNvXs3_NtNtCsdICt7tuuT0j_14darwin_metrics7battery8monitorsNtB5_22BatteryCapacityMonitorNtNtNtB9_6traits8hardware17PowerStateMonitor18battery_percentage
FN:120,_RNvXs4_NtNtCsdICt7tuuT0j_14darwin_metrics7battery8monitorsNtB5_20BatteryHealthMonitorNtNtNtB9_6traits8hardware20BatteryHealthMonitor11cycle_count
FN:124,_RNvXs4_NtNtCsdICt7tuuT0j_14darwin_metrics7battery8monitorsNtB5_20BatteryHealthMonitorNtNtNtB9_6traits8hardware20BatteryHealthMonitor17health_percentage
FN:129,_RNvXs4_NtNtCsdICt7tuuT0j_14darwin_metrics7battery8monitorsNtB5_20BatteryHealthMonitorNtNtNtB9_6traits8hardware20BatteryHealthMonitor18is_health_critical
FN:134,_RNvXs4_NtNtCsdICt7tuuT0j_14darwin_metrics7battery8monitorsNtB5_20BatteryHealthMonitorNtNtNtB9_6traits8hardware20BatteryHealthMonitor23is_cycle_count_critical
FN:172,_RNvXs5_NtNtCsdICt7tuuT0j_14darwin_metrics7battery8monitorsNtB5_19BatteryPowerMonitorNtNtNtB9_6traits8hardware17PowerMonitorTrait10get_metric
FN:184,_RNvXs5_NtNtCsdICt7tuuT0j_14darwin_metrics7battery8monitorsNtB5_19BatteryPowerMonitorNtNtNtB9_6traits8hardware17PowerMonitorTrait11is_charging
FN:180,_RNvXs5_NtNtCsdICt7tuuT0j_14darwin_metrics7battery8monitorsNtB5_19BatteryPowerMonitorNtNtNtB9_6traits8hardware17PowerMonitorTrait11power_state
FN:163,_RNvXs5_NtNtCsdICt7tuuT0j_14darwin_metrics7battery8monitorsNtB5_19BatteryPowerMonitorNtNtNtB9_6traits8hardware17PowerMonitorTrait13hardware_type
FN:192,_RNvXs5_NtNtCsdICt7tuuT0j_14darwin_metrics7battery8monitorsNtB5_19BatteryPowerMonitorNtNtNtB9_6traits8hardware17PowerMonitorTrait14time_remaining
FN:188,_RNvXs5_NtNtCsdICt7tuuT0j_14darwin_metrics7battery8monitorsNtB5_19BatteryPowerMonitorNtNtNtB9_6traits8hardware17PowerMonitorTrait17is_external_power
FN:176,_RNvXs5_NtNtCsdICt7tuuT0j_14darwin_metrics7battery8monitorsNtB5_19BatteryPowerMonitorNtNtNtB9_6traits8hardware17PowerMonitorTrait17power_consumption
FN:159,_RNvXs5_NtNtCsdICt7tuuT0j_14darwin_metrics7battery8monitorsNtB5_19BatteryPowerMonitorNtNtNtB9_6traits8hardware17PowerMonitorTrait4name
FN:167,_RNvXs5_NtNtCsdICt7tuuT0j_14darwin_metrics7battery8monitorsNtB5_19BatteryPowerMonitorNtNtNtB9_6traits8hardware17PowerMonitorTrait9device_id
FN:230,_RNvXs6_NtNtCsdICt7tuuT0j_14darwin_metrics7battery8monitorsNtB5_25BatteryTemperatureMonitorNtNtNtB9_6traits8hardware15HardwareMonitor10get_metric
FN:221,_RNvXs6_NtNtCsdICt7tuuT0j_14darwin_metrics7battery8monitorsNtB5_25BatteryTemperatureMonitorNtNtNtB9_6traits8hardware15HardwareMonitor13hardware_type
FN:217,_RNvXs6_NtNtCsdICt7tuuT0j_14darwin_metrics7battery8monitorsNtB5_25BatteryTemperatureMonitorNtNtNtB9_6traits8hardware15HardwareMonitor4name
FN:225,_RNvXs6_NtNtCsdICt7tuuT0j_14darwin_metrics7battery8monitorsNtB5_25BatteryTemperatureMonitorNtNtNtB9_6traits8hardware15HardwareMonitor9device_id
FNDA:0,_RNCNvXs2_NtNtCsidbZ9VdZd8E_14darwin_metrics7battery8monitorsNtB7_22BatteryCapacityMonitorNtNtNtBb_6traits8hardware27BatteryCapacityMonitorTrait10get_metric0Bb_
FNDA:0,_RNCNvXs2_NtNtCsidbZ9VdZd8E_14darwin_metrics7battery8monitorsNtB7_22BatteryCapacityMonitorNtNtNtBb_6traits8hardware27BatteryCapacityMonitorTrait11cycle_count0Bb_
FNDA:0,_RNCNvXs2_NtNtCsidbZ9VdZd8E_14darwin_metrics7battery8monitorsNtB7_22BatteryCapacityMonitorNtNtNtBb_6traits8hardware27BatteryCapacityMonitorTrait13hardware_type0Bb_
FNDA:0,_RNCNvXs2_NtNtCsidbZ9VdZd8E_14darwin_metrics7battery8monitorsNtB7_22BatteryCapacityMonitorNtNtNtBb_6traits8hardware27BatteryCapacityMonitorTrait15design_capacity0Bb_
FNDA:0,_RNCNvXs2_NtNtCsidbZ9VdZd8E_14darwin_metrics7battery8monitorsNtB7_22BatteryCapacityMonitorNtNtNtBb_6traits8hardware27BatteryCapacityMonitorTrait16current_capacity0Bb_
FNDA:0,_RNCNvXs2_NtNtCsidbZ9VdZd8E_14darwin_metrics7battery8monitorsNtB7_22BatteryCapacityMonitorNtNtNtBb_6traits8hardware27BatteryCapacityMonitorTrait16maximum_capacity0Bb_
FNDA:0,_RNCNvXs2_NtNtCsidbZ9VdZd8E_14darwin_metrics7battery8monitorsNtB7_22BatteryCapacityMonitorNtNtNtBb_6traits8hardware27BatteryCapacityMonitorTrait4name0Bb_
FNDA:0,_RNCNvXs2_NtNtCsidbZ9VdZd8E_14darwin_metrics7battery8monitorsNtB7_22BatteryCapacityMonitorNtNtNtBb_6traits8hardware27BatteryCapacityMonitorTrait9device_id0Bb_
FNDA:0,_RNCNvXs3_NtNtCsidbZ9VdZd8E_14darwin_metrics7battery8monitorsNtB7_22BatteryCapacityMonitorNtNtNtBb_6traits8hardware17PowerStateMonitor11is_charging0Bb_
FNDA:0,_RNCNvXs3_NtNtCsidbZ9VdZd8E_14darwin_metrics7battery8monitorsNtB7_22BatteryCapacityMonitorNtNtNtBb_6traits8hardware17PowerStateMonitor11power_state0Bb_
FNDA:0,_RNCNvXs3_NtNtCsidbZ9VdZd8E_14darwin_metrics7battery8monitorsNtB7_22BatteryCapacityMonitorNtNtNtBb_6traits8hardware17PowerStateMonitor13is_on_battery0Bb_
FNDA:0,_RNCNvXs3_NtNtCsidbZ9VdZd8E_14darwin_metrics7battery8monitorsNtB7_22BatteryCapacityMonitorNtNtNtBb_6traits8hardware17PowerStateMonitor14time_remaining0Bb_
FNDA:0,_RNCNvXs3_NtNtCsidbZ9VdZd8E_14darwin_metrics7battery8monitorsNtB7_22BatteryCapacityMonitorNtNtNtBb_6traits8hardware17PowerStateMonitor18battery_percentage0Bb_
FNDA:0,_RNCNvXs4_NtNtCsidbZ9VdZd8E_14darwin_metrics7battery8monitorsNtB7_20BatteryHealthMonitorNtNtNtBb_6traits8hardware20BatteryHealthMonitor11cycle_count0Bb_
FNDA:0,_RNCNvXs4_NtNtCsidbZ9VdZd8E_14darwin_metrics7battery8monitorsNtB7_20BatteryHealthMonitorNtNtNtBb_6traits8hardware20BatteryHealthMonitor17health_percentage0Bb_
FNDA:0,_RNCNvXs4_NtNtCsidbZ9VdZd8E_14darwin_metrics7battery8monitorsNtB7_20BatteryHealthMonitorNtNtNtBb_6traits8hardware20BatteryHealthMonitor18is_health_critical0Bb_
FNDA:0,_RNCNvXs4_NtNtCsidbZ9VdZd8E_14darwin_metrics7battery8monitorsNtB7_20BatteryHealthMonitorNtNtNtBb_6traits8hardware20BatteryHealthMonitor23is_cycle_count_critical0Bb_
FNDA:0,_RNCNvXs5_NtNtCsidbZ9VdZd8E_14darwin_metrics7battery8monitorsNtB7_19BatteryPowerMonitorNtNtNtBb_6traits8hardware17PowerMonitorTrait10get_metric0Bb_
FNDA:0,_RNCNvXs5_NtNtCsidbZ9VdZd8E_14darwin_metrics7battery8monitorsNtB7_19BatteryPowerMonitorNtNtNtBb_6traits8hardware17PowerMonitorTrait11is_charging0Bb_
FNDA:0,_RNCNvXs5_NtNtCsidbZ9VdZd8E_14darwin_metrics7battery8monitorsNtB7_19BatteryPowerMonitorNtNtNtBb_6traits8hardware17PowerMonitorTrait11power_state0Bb_
FNDA:0,_RNCNvXs5_NtNtCsidbZ9VdZd8E_14darwin_metrics7battery8monitorsNtB7_19BatteryPowerMonitorNtNtNtBb_6traits8hardware17PowerMonitorTrait13hardware_type0Bb_
FNDA:0,_RNCNvXs5_NtNtCsidbZ9VdZd8E_14darwin_metrics7battery8monitorsNtB7_19BatteryPowerMonitorNtNtNtBb_6traits8hardware17PowerMonitorTrait14time_remaining0Bb_
FNDA:0,_RNCNvXs5_NtNtCsidbZ9VdZd8E_14darwin_metrics7battery8monitorsNtB7_19BatteryPowerMonitorNtNtNtBb_6traits8hardware17PowerMonitorTrait17is_external_power0Bb_
FNDA:0,_RNCNvXs5_NtNtCsidbZ9VdZd8E_14darwin_metrics7battery8monitorsNtB7_19BatteryPowerMonitorNtNtNtBb_6traits8hardware17PowerMonitorTrait17power_consumption0Bb_
FNDA:0,_RNCNvXs5_NtNtCsidbZ9VdZd8E_14darwin_metrics7battery8monitorsNtB7_19BatteryPowerMonitorNtNtNtBb_6traits8hardware17PowerMonitorTrait4name0Bb_
FNDA:0,_RNCNvXs5_NtNtCsidbZ9VdZd8E_14darwin_metrics7battery8monitorsNtB7_19BatteryPowerMonitorNtNtNtBb_6traits8hardware17PowerMonitorTrait9device_id0Bb_
FNDA:0,_RNCNvXs6_NtNtCsidbZ9VdZd8E_14darwin_metrics7battery8monitorsNtB7_25BatteryTemperatureMonitorNtNtNtBb_6traits8hardware15HardwareMonitor10get_metric0Bb_
FNDA:0,_RNCNvXs6_NtNtCsidbZ9VdZd8E_14darwin_metrics7battery8monitorsNtB7_25BatteryTemperatureMonitorNtNtNtBb_6traits8hardware15HardwareMonitor13hardware_type0Bb_
FNDA:0,_RNCNvXs6_NtNtCsidbZ9VdZd8E_14darwin_metrics7battery8monitorsNtB7_25BatteryTemperatureMonitorNtNtNtBb_6traits8hardware15HardwareMonitor4name0Bb_
FNDA:0,_RNCNvXs6_NtNtCsidbZ9VdZd8E_14darwin_metrics7battery8monitorsNtB7_25BatteryTemperatureMonitorNtNtNtBb_6traits8hardware15HardwareMonitor9device_id0Bb_
FNDA:0,_RNvMNtNtCsidbZ9VdZd8E_14darwin_metrics7battery8monitorsNtB2_22BatteryCapacityMonitor3new
FNDA:0,_RNvMs0_NtNtCsidbZ9VdZd8E_14darwin_metrics7battery8monitorsNtB5_19BatteryPowerMonitor3new
FNDA:0,_RNvMs1_NtNtCsidbZ9VdZd8E_14darwin_metrics7battery8monitorsNtB5_25BatteryTemperatureMonitor3new
FNDA:0,_RNvMs_NtNtCsidbZ9VdZd8E_14darwin_metrics7battery8monitorsNtB4_20BatteryHealthMonitor3new
FNDA:0,_RNvXs2_NtNtCsidbZ9VdZd8E_14darwin_metrics7battery8monitorsNtB5_22BatteryCapacityMonitorNtNtNtB9_6traits8hardware27BatteryCapacityMonitorTrait10get_metric
FNDA:0,_RNvXs2_NtNtCsidbZ9VdZd8E_14darwin_metrics7battery8monitorsNtB5_22BatteryCapacityMonitorNtNtNtB9_6traits8hardware27BatteryCapacityMonitorTrait11cycle_count
FNDA:0,_RNvXs2_NtNtCsidbZ9VdZd8E_14darwin_metrics7battery8monitorsNtB5_22BatteryCapacityMonitorNtNtNtB9_6traits8hardware27BatteryCapacityMonitorTrait13hardware_type
FNDA:0,_RNvXs2_NtNtCsidbZ9VdZd8E_14darwin_metrics7battery8monitorsNtB5_22BatteryCapacityMonitorNtNtNtB9_6traits8hardware27BatteryCapacityMonitorTrait15design_capacity
FNDA:0,_RNvXs2_NtNtCsidbZ9VdZd8E_14darwin_metrics7battery8monitorsNtB5_22BatteryCapacityMonitorNtNtNtB9_6traits8hardware27BatteryCapacityMonitorTrait16current_capacity
FNDA:0,_RNvXs2_NtNtCsidbZ9VdZd8E_14darwin_metrics7battery8monitorsNtB5_22BatteryCapacityMonitorNtNtNtB9_6traits8hardware27BatteryCapacityMonitorTrait16maximum_capacity
FNDA:0,_RNvXs2_NtNtCsidbZ9VdZd8E_14darwin_metrics7battery8monitorsNtB5_22BatteryCapacityMonitorNtNtNtB9_6traits8hardware27BatteryCapacityMonitorTrait4name
FNDA:0,_RNvXs2_NtNtCsidbZ9VdZd8E_14darwin_metrics7battery8monitorsNtB5_22BatteryCapacityMonitorNtNtNtB9_6traits8hardware27BatteryCapacityMonitorTrait9device_id
FNDA:0,_RNvXs3_NtNtCsidbZ9VdZd8E_14darwin_metrics7battery8monitorsNtB5_22BatteryCapacityMonitorNtNtNtB9_6traits8hardware17PowerStateMonitor11is_charging
FNDA:0,_RNvXs3_NtNtCsidbZ9VdZd8E_14darwin_metrics7battery8monitorsNtB5_22BatteryCapacityMonitorNtNtNtB9_6traits8hardware17PowerStateMonitor11power_state
FNDA:0,_RNvXs3_NtNtCsidbZ9VdZd8E_14darwin_metrics7battery8monitorsNtB5_22BatteryCapacityMonitorNtNtNtB9_6traits8hardware17PowerStateMonitor13is_on_battery
FNDA:0,_RNvXs3_NtNtCsidbZ9VdZd8E_14darwin_metrics7battery8monitorsNtB5_22BatteryCapacityMonitorNtNtNtB9_6traits8hardware17PowerStateMonitor14time_remaining
FNDA:0,_RNvXs3_NtNtCsidbZ9VdZd8E_14darwin_metrics7battery8monitorsNtB5_22BatteryCapacityMonitorNtNtNtB9_6traits8hardware17PowerStateMonitor18battery_percentage
FNDA:0,_RNvXs4_NtNtCsidbZ9VdZd8E_14darwin_metrics7battery8monitorsNtB5_20BatteryHealthMonitorNtNtNtB9_6traits8hardware20BatteryHealthMonitor11cycle_count
FNDA:0,_RNvXs4_NtNtCsidbZ9VdZd8E_14darwin_metrics7battery8monitorsNtB5_20BatteryHealthMonitorNtNtNtB9_6traits8hardware20BatteryHealthMonitor17health_percentage
FNDA:0,_RNvXs4_NtNtCsidbZ9VdZd8E_14darwin_metrics7battery8monitorsNtB5_20BatteryHealthMonitorNtNtNtB9_6traits8hardware20BatteryHealthMonitor18is_health_critical
FNDA:0,_RNvXs4_NtNtCsidbZ9VdZd8E_14darwin_metrics7battery8monitorsNtB5_20BatteryHealthMonitorNtNtNtB9_6traits8hardware20BatteryHealthMonitor23is_cycle_count_critical
FNDA:0,_RNvXs5_NtNtCsidbZ9VdZd8E_14darwin_metrics7battery8monitorsNtB5_19BatteryPowerMonitorNtNtNtB9_6traits8hardware17PowerMonitorTrait10get_metric
FNDA:0,_RNvXs5_NtNtCsidbZ9VdZd8E_14darwin_metrics7battery8monitorsNtB5_19BatteryPowerMonitorNtNtNtB9_6traits8hardware17PowerMonitorTrait11is_charging
FNDA:0,_RNvXs5_NtNtCsidbZ9VdZd8E_14darwin_metrics7battery8monitorsNtB5_19BatteryPowerMonitorNtNtNtB9_6traits8hardware17PowerMonitorTrait11power_state
FNDA:0,_RNvXs5_NtNtCsidbZ9VdZd8E_14darwin_metrics7battery8monitorsNtB5_19BatteryPowerMonitorNtNtNtB9_6traits8hardware17PowerMonitorTrait13hardware_type
FNDA:0,_RNvXs5_NtNtCsidbZ9VdZd8E_14darwin_metrics7battery8monitorsNtB5_19BatteryPowerMonitorNtNtNtB9_6traits8hardware17PowerMonitorTrait14time_remaining
FNDA:0,_RNvXs5_NtNtCsidbZ9VdZd8E_14darwin_metrics7battery8monitorsNtB5_19BatteryPowerMonitorNtNtNtB9_6traits8hardware17PowerMonitorTrait17is_external_power
FNDA:0,_RNvXs5_NtNtCsidbZ9VdZd8E_14darwin_metrics7battery8monitorsNtB5_19BatteryPowerMonitorNtNtNtB9_6traits8hardware17PowerMonitorTrait17power_consumption
FNDA:0,_RNvXs5_NtNtCsidbZ9VdZd8E_14darwin_metrics7battery8monitorsNtB5_19BatteryPowerMonitorNtNtNtB9_6traits8hardware17PowerMonitorTrait4name
FNDA:0,_RNvXs5_NtNtCsidbZ9VdZd8E_14darwin_metrics7battery8monitorsNtB5_19BatteryPowerMonitorNtNtNtB9_6traits8hardware17PowerMonitorTrait9device_id
FNDA:0,_RNvXs6_NtNtCsidbZ9VdZd8E_14darwin_metrics7battery8monitorsNtB5_25BatteryTemperatureMonitorNtNtNtB9_6traits8hardware15HardwareMonitor10get_metric
FNDA:0,_RNvXs6_NtNtCsidbZ9VdZd8E_14darwin_metrics7battery8monitorsNtB5_25BatteryTemperatureMonitorNtNtNtB9_6traits8hardware15HardwareMonitor13hardware_type
FNDA:0,_RNvXs6_NtNtCsidbZ9VdZd8E_14darwin_metrics7battery8monitorsNtB5_25BatteryTemperatureMonitorNtNtNtB9_6traits8hardware15HardwareMonitor4name
FNDA:0,_RNvXs6_NtNtCsidbZ9VdZd8E_14darwin_metrics7battery8monitorsNtB5_25BatteryTemperatureMonitorNtNtNtB9_6traits8hardware15HardwareMonitor9device_id
FNDA:0,_RNCNvXs2_NtNtCsdICt7tuuT0j_14darwin_metrics7battery8monitorsNtB7_22BatteryCapacityMonitorNtNtNtBb_6traits8hardware27BatteryCapacityMonitorTrait10get_metric0Bb_
FNDA:0,_RNCNvXs2_NtNtCsdICt7tuuT0j_14darwin_metrics7battery8monitorsNtB7_22BatteryCapacityMonitorNtNtNtBb_6traits8hardware27BatteryCapacityMonitorTrait11cycle_count0Bb_
FNDA:0,_RNCNvXs2_NtNtCsdICt7tuuT0j_14darwin_metrics7battery8monitorsNtB7_22BatteryCapacityMonitorNtNtNtBb_6traits8hardware27BatteryCapacityMonitorTrait13hardware_type0Bb_
FNDA:0,_RNCNvXs2_NtNtCsdICt7tuuT0j_14darwin_metrics7battery8monitorsNtB7_22BatteryCapacityMonitorNtNtNtBb_6traits8hardware27BatteryCapacityMonitorTrait15design_capacity0Bb_
FNDA:0,_RNCNvXs2_NtNtCsdICt7tuuT0j_14darwin_metrics7battery8monitorsNtB7_22BatteryCapacityMonitorNtNtNtBb_6traits8hardware27BatteryCapacityMonitorTrait16current_capacity0Bb_
FNDA:0,_RNCNvXs2_NtNtCsdICt7tuuT0j_14darwin_metrics7battery8monitorsNtB7_22BatteryCapacityMonitorNtNtNtBb_6traits8hardware27BatteryCapacityMonitorTrait16maximum_capacity0Bb_
FNDA:0,_RNCNvXs2_NtNtCsdICt7tuuT0j_14darwin_metrics7battery8monitorsNtB7_22BatteryCapacityMonitorNtNtNtBb_6traits8hardware27BatteryCapacityMonitorTrait4name0Bb_
FNDA:0,_RNCNvXs2_NtNtCsdICt7tuuT0j_14darwin_metrics7battery8monitorsNtB7_22BatteryCapacityMonitorNtNtNtBb_6traits8hardware27BatteryCapacityMonitorTrait9device_id0Bb_
FNDA:0,_RNCNvXs3_NtNtCsdICt7tuuT0j_14darwin_metrics7battery8monitorsNtB7_22BatteryCapacityMonitorNtNtNtBb_6traits8hardware17PowerStateMonitor11is_charging0Bb_
FNDA:0,_RNCNvXs3_NtNtCsdICt7tuuT0j_14darwin_metrics7battery8monitorsNtB7_22BatteryCapacityMonitorNtNtNtBb_6traits8hardware17PowerStateMonitor11power_state0Bb_
FNDA:0,_RNCNvXs3_NtNtCsdICt7tuuT0j_14darwin_metrics7battery8monitorsNtB7_22BatteryCapacityMonitorNtNtNtBb_6traits8hardware17PowerStateMonitor13is_on_battery0Bb_
FNDA:0,_RNCNvXs3_NtNtCsdICt7tuuT0j_14darwin_metrics7battery8monitorsNtB7_22BatteryCapacityMonitorNtNtNtBb_6traits8hardware17PowerStateMonitor14time_remaining0Bb_
FNDA:0,_RNCNvXs3_NtNtCsdICt7tuuT0j_14darwin_metrics7battery8monitorsNtB7_22BatteryCapacityMonitorNtNtNtBb_6traits8hardware17PowerStateMonitor18battery_percentage0Bb_
FNDA:0,_RNCNvXs4_NtNtCsdICt7tuuT0j_14darwin_metrics7battery8monitorsNtB7_20BatteryHealthMonitorNtNtNtBb_6traits8hardware20BatteryHealthMonitor11cycle_count0Bb_
FNDA:0,_RNCNvXs4_NtNtCsdICt7tuuT0j_14darwin_metrics7battery8monitorsNtB7_20BatteryHealthMonitorNtNtNtBb_6traits8hardware20BatteryHealthMonitor17health_percentage0Bb_
FNDA:0,_RNCNvXs4_NtNtCsdICt7tuuT0j_14darwin_metrics7battery8monitorsNtB7_20BatteryHealthMonitorNtNtNtBb_6traits8hardware20BatteryHealthMonitor18is_health_critical0Bb_
FNDA:0,_RNCNvXs4_NtNtCsdICt7tuuT0j_14darwin_metrics7battery8monitorsNtB7_20BatteryHealthMonitorNtNtNtBb_6traits8hardware20BatteryHealthMonitor23is_cycle_count_critical0Bb_
FNDA:0,_RNCNvXs5_NtNtCsdICt7tuuT0j_14darwin_metrics7battery8monitorsNtB7_19BatteryPowerMonitorNtNtNtBb_6traits8hardware17PowerMonitorTrait10get_metric0Bb_
FNDA:0,_RNCNvXs5_NtNtCsdICt7tuuT0j_14darwin_metrics7battery8monitorsNtB7_19BatteryPowerMonitorNtNtNtBb_6traits8hardware17PowerMonitorTrait11is_charging0Bb_
FNDA:0,_RNCNvXs5_NtNtCsdICt7tuuT0j_14darwin_metrics7battery8monitorsNtB7_19BatteryPowerMonitorNtNtNtBb_6traits8hardware17PowerMonitorTrait11power_state0Bb_
FNDA:0,_RNCNvXs5_NtNtCsdICt7tuuT0j_14darwin_metrics7battery8monitorsNtB7_19BatteryPowerMonitorNtNtNtBb_6traits8hardware17PowerMonitorTrait13hardware_type0Bb_
FNDA:0,_RNCNvXs5_NtNtCsdICt7tuuT0j_14darwin_metrics7battery8monitorsNtB7_19BatteryPowerMonitorNtNtNtBb_6traits8hardware17PowerMonitorTrait14time_remaining0Bb_
FNDA:0,_RNCNvXs5_NtNtCsdICt7tuuT0j_14darwin_metrics7battery8monitorsNtB7_19BatteryPowerMonitorNtNtNtBb_6traits8hardware17PowerMonitorTrait17is_external_power0Bb_
FNDA:0,_RNCNvXs5_NtNtCsdICt7tuuT0j_14darwin_metrics7battery8monitorsNtB7_19BatteryPowerMonitorNtNtNtBb_6traits8hardware17PowerMonitorTrait17power_consumption0Bb_
FNDA:0,_RNCNvXs5_NtNtCsdICt7tuuT0j_14darwin_metrics7battery8monitorsNtB7_19BatteryPowerMonitorNtNtNtBb_6traits8hardware17PowerMonitorTrait4name0Bb_
FNDA:0,_RNCNvXs5_NtNtCsdICt7tuuT0j_14darwin_metrics7battery8monitorsNtB7_19BatteryPowerMonitorNtNtNtBb_6traits8hardware17PowerMonitorTrait9device_id0Bb_
FNDA:0,_RNCNvXs6_NtNtCsdICt7tuuT0j_14darwin_metrics7battery8monitorsNtB7_25BatteryTemperatureMonitorNtNtNtBb_6traits8hardware15HardwareMonitor10get_metric0Bb_
FNDA:0,_RNCNvXs6_NtNtCsdICt7tuuT0j_14darwin_metrics7battery8monitorsNtB7_25BatteryTemperatureMonitorNtNtNtBb_6traits8hardware15HardwareMonitor13hardware_type0Bb_
FNDA:0,_RNCNvXs6_NtNtCsdICt7tuuT0j_14darwin_metrics7battery8monitorsNtB7_25BatteryTemperatureMonitorNtNtNtBb_6traits8hardware15HardwareMonitor4name0Bb_
FNDA:0,_RNCNvXs6_NtNtCsdICt7tuuT0j_14darwin_metrics7battery8monitorsNtB7_25BatteryTemperatureMonitorNtNtNtBb_6traits8hardware15HardwareMonitor9device_id0Bb_
FNDA:0,_RNvMNtNtCsdICt7tuuT0j_14darwin_metrics7battery8monitorsNtB2_22BatteryCapacityMonitor3new
FNDA:0,_RNvMs0_NtNtCsdICt7tuuT0j_14darwin_metrics7battery8monitorsNtB5_19BatteryPowerMonitor3new
FNDA:0,_RNvMs1_NtNtCsdICt7tuuT0j_14darwin_metrics7battery8monitorsNtB5_25BatteryTemperatureMonitor3new
FNDA:0,_RNvMs_NtNtCsdICt7tuuT0j_14darwin_metrics7battery8monitorsNtB4_20BatteryHealthMonitor3new
FNDA:0,_RNvXs2_NtNtCsdICt7tuuT0j_14darwin_metrics7battery8monitorsNtB5_22BatteryCapacityMonitorNtNtNtB9_6traits8hardware27BatteryCapacityMonitorTrait10get_metric
FNDA:0,_RNvXs2_NtNtCsdICt7tuuT0j_14darwin_metrics7battery8monitorsNtB5_22BatteryCapacityMonitorNtNtNtB9_6traits8hardware27BatteryCapacityMonitorTrait11cycle_count
FNDA:0,_RNvXs2_NtNtCsdICt7tuuT0j_14darwin_metrics7battery8monitorsNtB5_22BatteryCapacityMonitorNtNtNtB9_6traits8hardware27BatteryCapacityMonitorTrait13hardware_type
FNDA:0,_RNvXs2_NtNtCsdICt7tuuT0j_14darwin_metrics7battery8monitorsNtB5_22BatteryCapacityMonitorNtNtNtB9_6traits8hardware27BatteryCapacityMonitorTrait15design_capacity
FNDA:0,_RNvXs2_NtNtCsdICt7tuuT0j_14darwin_metrics7battery8monitorsNtB5_22BatteryCapacityMonitorNtNtNtB9_6traits8hardware27BatteryCapacityMonitorTrait16current_capacity
FNDA:0,_RNvXs2_NtNtCsdICt7tuuT0j_14darwin_metrics7battery8monitorsNtB5_22BatteryCapacityMonitorNtNtNtB9_6traits8hardware27BatteryCapacityMonitorTrait16maximum_capacity
FNDA:0,_RNvXs2_NtNtCsdICt7tuuT0j_14darwin_metrics7battery8monitorsNtB5_22BatteryCapacityMonitorNtNtNtB9_6traits8hardware27BatteryCapacityMonitorTrait4name
FNDA:0,_RNvXs2_NtNtCsdICt7tuuT0j_14darwin_metrics7battery8monitorsNtB5_22BatteryCapacityMonitorNtNtNtB9_6traits8hardware27BatteryCapacityMonitorTrait9device_id
FNDA:0,_RNvXs3_NtNtCsdICt7tuuT0j_14darwin_metrics7battery8monitorsNtB5_22BatteryCapacityMonitorNtNtNtB9_6traits8hardware17PowerStateMonitor11is_charging
FNDA:0,_RNvXs3_NtNtCsdICt7tuuT0j_14darwin_metrics7battery8monitorsNtB5_22BatteryCapacityMonitorNtNtNtB9_6traits8hardware17PowerStateMonitor11power_state
FNDA:0,_RNvXs3_NtNtCsdICt7tuuT0j_14darwin_metrics7battery8monitorsNtB5_22BatteryCapacityMonitorNtNtNtB9_6traits8hardware17PowerStateMonitor13is_on_battery
FNDA:0,_RNvXs3_NtNtCsdICt7tuuT0j_14darwin_metrics7battery8monitorsNtB5_22BatteryCapacityMonitorNtNtNtB9_6traits8hardware17PowerStateMonitor14time_remaining
FNDA:0,_RNvXs3_NtNtCsdICt7tuuT0j_14darwin_metrics7battery8monitorsNtB5_22BatteryCapacityMonitorNtNtNtB9_6traits8hardware17PowerStateMonitor18battery_percentage
FNDA:0,_RNvXs4_NtNtCsdICt7tuuT0j_14darwin_metrics7battery8monitorsNtB5_20BatteryHealthMonitorNtNtNtB9_6traits8hardware20BatteryHealthMonitor11cycle_count
FNDA:0,_RNvXs4_NtNtCsdICt7tuuT0j_14darwin_metrics7battery8monitorsNtB5_20BatteryHealthMonitorNtNtNtB9_6traits8hardware20BatteryHealthMonitor17health_percentage
FNDA:0,_RNvXs4_NtNtCsdICt7tuuT0j_14darwin_metrics7battery8monitorsNtB5_20BatteryHealthMonitorNtNtNtB9_6traits8hardware20BatteryHealthMonitor18is_health_critical
FNDA:0,_RNvXs4_NtNtCsdICt7tuuT0j_14darwin_metrics7battery8monitorsNtB5_20BatteryHealthMonitorNtNtNtB9_6traits8hardware20BatteryHealthMonitor23is_cycle_count_critical
FNDA:0,_RNvXs5_NtNtCsdICt7tuuT0j_14darwin_metrics7battery8monitorsNtB5_19BatteryPowerMonitorNtNtNtB9_6traits8hardware17PowerMonitorTrait10get_metric
FNDA:0,_RNvXs5_NtNtCsdICt7tuuT0j_14darwin_metrics7battery8monitorsNtB5_19BatteryPowerMonitorNtNtNtB9_6traits8hardware17PowerMonitorTrait11is_charging
FNDA:0,_RNvXs5_NtNtCsdICt7tuuT0j_14darwin_metrics7battery8monitorsNtB5_19BatteryPowerMonitorNtNtNtB9_6traits8hardware17PowerMonitorTrait11power_state
FNDA:0,_RNvXs5_NtNtCsdICt7tuuT0j_14darwin_metrics7battery8monitorsNtB5_19BatteryPowerMonitorNtNtNtB9_6traits8hardware17PowerMonitorTrait13hardware_type
FNDA:0,_RNvXs5_NtNtCsdICt7tuuT0j_14darwin_metrics7battery8monitorsNtB5_19BatteryPowerMonitorNtNtNtB9_6traits8hardware17PowerMonitorTrait14time_remaining
FNDA:0,_RNvXs5_NtNtCsdICt7tuuT0j_14darwin_metrics7battery8monitorsNtB5_19BatteryPowerMonitorNtNtNtB9_6traits8hardware17PowerMonitorTrait17is_external_power
FNDA:0,_RNvXs5_NtNtCsdICt7tuuT0j_14darwin_metrics7battery8monitorsNtB5_19BatteryPowerMonitorNtNtNtB9_6traits8hardware17PowerMonitorTrait17power_consumption
FNDA:0,_RNvXs5_NtNtCsdICt7tuuT0j_14darwin_metrics7battery8monitorsNtB5_19BatteryPowerMonitorNtNtNtB9_6traits8hardware17PowerMonitorTrait4name
FNDA:0,_RNvXs5_NtNtCsdICt7tuuT0j_14darwin_metrics7battery8monitorsNtB5_19BatteryPowerMonitorNtNtNtB9_6traits8hardware17PowerMonitorTrait9device_id
FNDA:0,_RNvXs6_NtNtCsdICt7tuuT0j_14darwin_metrics7battery8monitorsNtB5_25BatteryTemperatureMonitorNtNtNtB9_6traits8hardware15HardwareMonitor10get_metric
FNDA:0,_RNvXs6_NtNtCsdICt7tuuT0j_14darwin_metrics7battery8monitorsNtB5_25BatteryTemperatureMonitorNtNtNtB9_6traits8hardware15HardwareMonitor13hardware_type
FNDA:0,_RNvXs6_NtNtCsdICt7tuuT0j_14darwin_metrics7battery8monitorsNtB5_25BatteryTemperatureMonitorNtNtNtB9_6traits8hardware15HardwareMonitor4name
FNDA:0,_RNvXs6_NtNtCsdICt7tuuT0j_14darwin_metrics7battery8monitorsNtB5_25BatteryTemperatureMonitorNtNtNtB9_6traits8hardware15HardwareMonitor9device_id
FNF:64
FNH:0
DA:26,0
DA:27,0
DA:28,0
DA:35,0
DA:36,0
DA:37,0
DA:39,0
DA:40,0
DA:41,0
DA:43,0
DA:44,0
DA:45,0
DA:47,0
DA:48,0
DA:49,0
DA:50,0
DA:51,0
DA:52,0
DA:53,0
DA:54,0
DA:55,0
DA:57,0
DA:58,0
DA:59,0
DA:61,0
DA:62,0
DA:63,0
DA:65,0
DA:66,0
DA:67,0
DA:69,0
DA:70,0
DA:71,0
DA:76,0
DA:77,0
DA:78,0
DA:80,0
DA:81,0
DA:82,0
DA:83,0
DA:84,0
DA:86,0
DA:88,0
DA:89,0
DA:91,0
DA:92,0
DA:93,0
DA:95,0
DA:96,0
DA:97,0
DA:111,0
DA:112,0
DA:113,0
DA:118,0
DA:119,0
DA:120,0
DA:122,0
DA:123,0
DA:124,0
DA:126,0
DA:127,0
DA:128,0
DA:129,0
DA:131,0
DA:132,0
DA:133,0
DA:134,0
DA:148,0
DA:149,0
DA:150,0
DA:157,0
DA:158,0
DA:159,0
DA:161,0
DA:162,0
DA:163,0
DA:165,0
DA:166,0
DA:167,0
DA:169,0
DA:170,0
DA:171,0
DA:172,0
DA:174,0
DA:175,0
DA:176,0
DA:178,0
DA:179,0
DA:180,0
DA:182,0
DA:183,0
DA:184,0
DA:186,0
DA:187,0
DA:188,0
DA:190,0
DA:191,0
DA:192,0
DA:206,0
DA:207,0
DA:208,0
DA:215,0
DA:216,0
DA:217,0
DA:219,0
DA:220,0
DA:221,0
DA:223,0
DA:224,0
DA:225,0
DA:227,0
DA:228,0
DA:229,0
DA:230,0
BRF:0
BRH:0
LF:144
LH:0
end_of_record
SF:/Users/smeya/git/darwin-metrics/src/battery/types.rs
FN:50,_RNvMNtNtCsidbZ9VdZd8E_14darwin_metrics7battery5typesNtB2_12BatteryPower3new
FN:84,_RNvMs_NtNtCsidbZ9VdZd8E_14darwin_metrics7battery5typesNtB4_15BatteryCapacity17charge_percentage
FN:79,_RNvMs_NtNtCsidbZ9VdZd8E_14darwin_metrics7battery5typesNtB4_15BatteryCapacity17health_percentage
FN:69,_RNvMs_NtNtCsidbZ9VdZd8E_14darwin_metrics7battery5typesNtB4_15BatteryCapacity3new
FN:50,_RNvMNtNtCsdICt7tuuT0j_14darwin_metrics7battery5typesNtB2_12BatteryPower3new
FN:84,_RNvMs_NtNtCsdICt7tuuT0j_14darwin_metrics7battery5typesNtB4_15BatteryCapacity17charge_percentage
FN:79,_RNvMs_NtNtCsdICt7tuuT0j_14darwin_metrics7battery5typesNtB4_15BatteryCapacity17health_percentage
FN:69,_RNvMs_NtNtCsdICt7tuuT0j_14darwin_metrics7battery5typesNtB4_15BatteryCapacity3new
FNDA:0,_RNvMNtNtCsidbZ9VdZd8E_14darwin_metrics7battery5typesNtB2_12BatteryPower3new
FNDA:0,_RNvMs_NtNtCsidbZ9VdZd8E_14darwin_metrics7battery5typesNtB4_15BatteryCapacity17charge_percentage
FNDA:0,_RNvMs_NtNtCsidbZ9VdZd8E_14darwin_metrics7battery5typesNtB4_15BatteryCapacity17health_percentage
FNDA:0,_RNvMs_NtNtCsidbZ9VdZd8E_14darwin_metrics7battery5typesNtB4_15BatteryCapacity3new
FNDA:0,_RNvMNtNtCsdICt7tuuT0j_14darwin_metrics7battery5typesNtB2_12BatteryPower3new
FNDA:0,_RNvMs_NtNtCsdICt7tuuT0j_14darwin_metrics7battery5typesNtB4_15BatteryCapacity17charge_percentage
FNDA:0,_RNvMs_NtNtCsdICt7tuuT0j_14darwin_metrics7battery5typesNtB4_15BatteryCapacity17health_percentage
FNDA:0,_RNvMs_NtNtCsdICt7tuuT0j_14darwin_metrics7battery5typesNtB4_15BatteryCapacity3new
FNF:4
FNH:0
DA:50,0
DA:51,0
DA:52,0
DA:69,0
DA:70,0
DA:71,0
DA:72,0
DA:73,0
DA:74,0
DA:75,0
DA:76,0
DA:79,0
DA:80,0
DA:81,0
DA:84,0
DA:85,0
DA:86,0
BRF:0
BRH:0
LF:17
LH:0
end_of_record
SF:/Users/smeya/git/darwin-metrics/src/core/metrics/hardware.rs
FN:89,_RNCNvYpNtNtNtNtCsidbZ9VdZd8E_14darwin_metrics4core7metrics8hardware13MemoryMonitor16usage_percentage0Bd_
FN:227,_RNCNvYpNtNtNtNtCsidbZ9VdZd8E_14darwin_metrics4core7metrics8hardware17PowerMonitorTrait11is_charging0Bd_
FN:222,_RNCNvYpNtNtNtNtCsidbZ9VdZd8E_14darwin_metrics4core7metrics8hardware17PowerMonitorTrait11power_state0Bd_
FN:237,_RNCNvYpNtNtNtNtCsidbZ9VdZd8E_14darwin_metrics4core7metrics8hardware17PowerMonitorTrait14time_remaining0Bd_
FN:232,_RNCNvYpNtNtNtNtCsidbZ9VdZd8E_14darwin_metrics4core7metrics8hardware17PowerMonitorTrait17is_external_power0Bd_
FN:217,_RNCNvYpNtNtNtNtCsidbZ9VdZd8E_14darwin_metrics4core7metrics8hardware17PowerMonitorTrait17power_consumption0Bd_
FN:58,_RNCNvYpNtNtNtNtCsidbZ9VdZd8E_14darwin_metrics4core7metrics8hardware18TemperatureMonitor11temperature0Bd_
FN:69,_RNCNvYpNtNtNtNtCsidbZ9VdZd8E_14darwin_metrics4core7metrics8hardware18UtilizationMonitor11utilization0Bd_
FN:93,_RNvYpNtNtNtNtCsidbZ9VdZd8E_14darwin_metrics4core7metrics8hardware13MemoryMonitor16usage_percentageBb_
FN:229,_RNvYpNtNtNtNtCsidbZ9VdZd8E_14darwin_metrics4core7metrics8hardware17PowerMonitorTrait11is_chargingBb_
FN:224,_RNvYpNtNtNtNtCsidbZ9VdZd8E_14darwin_metrics4core7metrics8hardware17PowerMonitorTrait11power_stateBb_
FN:239,_RNvYpNtNtNtNtCsidbZ9VdZd8E_14darwin_metrics4core7metrics8hardware17PowerMonitorTrait14time_remainingBb_
FN:234,_RNvYpNtNtNtNtCsidbZ9VdZd8E_14darwin_metrics4core7metrics8hardware17PowerMonitorTrait17is_external_powerBb_
FN:219,_RNvYpNtNtNtNtCsidbZ9VdZd8E_14darwin_metrics4core7metrics8hardware17PowerMonitorTrait17power_consumptionBb_
FN:60,_RNvYpNtNtNtNtCsidbZ9VdZd8E_14darwin_metrics4core7metrics8hardware18TemperatureMonitor11temperatureBb_
FN:71,_RNvYpNtNtNtNtCsidbZ9VdZd8E_14darwin_metrics4core7metrics8hardware18UtilizationMonitor11utilizationBb_
FN:89,_RNCNvYpNtNtNtNtCsdICt7tuuT0j_14darwin_metrics4core7metrics8hardware13MemoryMonitor16usage_percentage0Bd_
FN:227,_RNCNvYpNtNtNtNtCsdICt7tuuT0j_14darwin_metrics4core7metrics8hardware17PowerMonitorTrait11is_charging0Bd_
FN:222,_RNCNvYpNtNtNtNtCsdICt7tuuT0j_14darwin_metrics4core7metrics8hardware17PowerMonitorTrait11power_state0Bd_
FN:237,_RNCNvYpNtNtNtNtCsdICt7tuuT0j_14darwin_metrics4core7metrics8hardware17PowerMonitorTrait14time_remaining0Bd_
FN:232,_RNCNvYpNtNtNtNtCsdICt7tuuT0j_14darwin_metrics4core7metrics8hardware17PowerMonitorTrait17is_external_power0Bd_
FN:217,_RNCNvYpNtNtNtNtCsdICt7tuuT0j_14darwin_metrics4core7metrics8hardware17PowerMonitorTrait17power_consumption0Bd_
FN:58,_RNCNvYpNtNtNtNtCsdICt7tuuT0j_14darwin_metrics4core7metrics8hardware18TemperatureMonitor11temperature0Bd_
FN:69,_RNCNvYpNtNtNtNtCsdICt7tuuT0j_14darwin_metrics4core7metrics8hardware18UtilizationMonitor11utilization0Bd_
FN:93,_RNvYpNtNtNtNtCsdICt7tuuT0j_14darwin_metrics4core7metrics8hardware13MemoryMonitor16usage_percentageBb_
FN:229,_RNvYpNtNtNtNtCsdICt7tuuT0j_14darwin_metrics4core7metrics8hardware17PowerMonitorTrait11is_chargingBb_
FN:224,_RNvYpNtNtNtNtCsdICt7tuuT0j_14darwin_metrics4core7metrics8hardware17PowerMonitorTrait11power_stateBb_
FN:239,_RNvYpNtNtNtNtCsdICt7tuuT0j_14darwin_metrics4core7metrics8hardware17PowerMonitorTrait14time_remainingBb_
FN:234,_RNvYpNtNtNtNtCsdICt7tuuT0j_14darwin_metrics4core7metrics8hardware17PowerMonitorTrait17is_external_powerBb_
FN:219,_RNvYpNtNtNtNtCsdICt7tuuT0j_14darwin_metrics4core7metrics8hardware17PowerMonitorTrait17power_consumptionBb_
FN:60,_RNvYpNtNtNtNtCsdICt7tuuT0j_14darwin_metrics4core7metrics8hardware18TemperatureMonitor11temperatureBb_
FN:71,_RNvYpNtNtNtNtCsdICt7tuuT0j_14darwin_metrics4core7metrics8hardware18UtilizationMonitor11utilizationBb_
FNDA:0,_RNCNvYpNtNtNtNtCsidbZ9VdZd8E_14darwin_metrics4core7metrics8hardware13MemoryMonitor16usage_percentage0Bd_
FNDA:0,_RNCNvYpNtNtNtNtCsidbZ9VdZd8E_14darwin_metrics4core7metrics8hardware17PowerMonitorTrait11is_charging0Bd_
FNDA:0,_RNCNvYpNtNtNtNtCsidbZ9VdZd8E_14darwin_metrics4core7metrics8hardware17PowerMonitorTrait11power_state0Bd_
FNDA:0,_RNCNvYpNtNtNtNtCsidbZ9VdZd8E_14darwin_metrics4core7metrics8hardware17PowerMonitorTrait14time_remaining0Bd_
FNDA:0,_RNCNvYpNtNtNtNtCsidbZ9VdZd8E_14darwin_metrics4core7metrics8hardware17PowerMonitorTrait17is_external_power0Bd_
FNDA:0,_RNCNvYpNtNtNtNtCsidbZ9VdZd8E_14darwin_metrics4core7metrics8hardware17PowerMonitorTrait17power_consumption0Bd_
FNDA:0,_RNCNvYpNtNtNtNtCsidbZ9VdZd8E_14darwin_metrics4core7metrics8hardware18TemperatureMonitor11temperature0Bd_
FNDA:0,_RNCNvYpNtNtNtNtCsidbZ9VdZd8E_14darwin_metrics4core7metrics8hardware18UtilizationMonitor11utilization0Bd_
FNDA:0,_RNvYpNtNtNtNtCsidbZ9VdZd8E_14darwin_metrics4core7metrics8hardware13MemoryMonitor16usage_percentageBb_
FNDA:0,_RNvYpNtNtNtNtCsidbZ9VdZd8E_14darwin_metrics4core7metrics8hardware17PowerMonitorTrait11is_chargingBb_
FNDA:0,_RNvYpNtNtNtNtCsidbZ9VdZd8E_14darwin_metrics4core7metrics8hardware17PowerMonitorTrait11power_stateBb_
FNDA:0,_RNvYpNtNtNtNtCsidbZ9VdZd8E_14darwin_metrics4core7metrics8hardware17PowerMonitorTrait14time_remainingBb_
FNDA:0,_RNvYpNtNtNtNtCsidbZ9VdZd8E_14darwin_metrics4core7metrics8hardware17PowerMonitorTrait17is_external_powerBb_
FNDA:0,_RNvYpNtNtNtNtCsidbZ9VdZd8E_14darwin_metrics4core7metrics8hardware17PowerMonitorTrait17power_consumptionBb_
FNDA:0,_RNvYpNtNtNtNtCsidbZ9VdZd8E_14darwin_metrics4core7metrics8hardware18TemperatureMonitor11temperatureBb_
FNDA:0,_RNvYpNtNtNtNtCsidbZ9VdZd8E_14darwin_metrics4core7metrics8hardware18UtilizationMonitor11utilizationBb_
FNDA:0,_RNCNvYpNtNtNtNtCsdICt7tuuT0j_14darwin_metrics4core7metrics8hardware13MemoryMonitor16usage_percentage0Bd_
FNDA:0,_RNCNvYpNtNtNtNtCsdICt7tuuT0j_14darwin_metrics4core7metrics8hardware17PowerMonitorTrait11is_charging0Bd_
FNDA:0,_RNCNvYpNtNtNtNtCsdICt7tuuT0j_14darwin_metrics4core7metrics8hardware17PowerMonitorTrait11power_state0Bd_
FNDA:0,_RNCNvYpNtNtNtNtCsdICt7tuuT0j_14darwin_metrics4core7metrics8hardware17PowerMonitorTrait14time_remaining0Bd_
FNDA:0,_RNCNvYpNtNtNtNtCsdICt7tuuT0j_14darwin_metrics4core7metrics8hardware17PowerMonitorTrait17is_external_power0Bd_
FNDA:0,_RNCNvYpNtNtNtNtCsdICt7tuuT0j_14darwin_metrics4core7metrics8hardware17PowerMonitorTrait17power_consumption0Bd_
FNDA:0,_RNCNvYpNtNtNtNtCsdICt7tuuT0j_14darwin_metrics4core7metrics8hardware18TemperatureMonitor11temperature0Bd_
FNDA:0,_RNCNvYpNtNtNtNtCsdICt7tuuT0j_14darwin_metrics4core7metrics8hardware18UtilizationMonitor11utilization0Bd_
FNDA:0,_RNvYpNtNtNtNtCsdICt7tuuT0j_14darwin_metrics4core7metrics8hardware13MemoryMonitor16usage_percentageBb_
FNDA:0,_RNvYpNtNtNtNtCsdICt7tuuT0j_14darwin_metrics4core7metrics8hardware17PowerMonitorTrait11is_chargingBb_
FNDA:0,_RNvYpNtNtNtNtCsdICt7tuuT0j_14darwin_metrics4core7metrics8hardware17PowerMonitorTrait11power_stateBb_
FNDA:0,_RNvYpNtNtNtNtCsdICt7tuuT0j_14darwin_metrics4core7metrics8hardware17PowerMonitorTrait14time_remainingBb_
FNDA:0,_RNvYpNtNtNtNtCsdICt7tuuT0j_14darwin_metrics4core7metrics8hardware17PowerMonitorTrait17is_external_powerBb_
FNDA:0,_RNvYpNtNtNtNtCsdICt7tuuT0j_14darwin_metrics4core7metrics8hardware17PowerMonitorTrait17power_consumptionBb_
FNDA:0,_RNvYpNtNtNtNtCsdICt7tuuT0j_14darwin_metrics4core7metrics8hardware18TemperatureMonitor11temperatureBb_
FNDA:0,_RNvYpNtNtNtNtCsdICt7tuuT0j_14darwin_metrics4core7metrics8hardware18UtilizationMonitor11utilizationBb_
FNF:16
FNH:0
DA:58,0
DA:59,0
DA:60,0
DA:69,0
DA:70,0
DA:71,0
DA:89,0
DA:90,0
DA:91,0
DA:92,0
DA:93,0
DA:217,0
DA:218,0
DA:219,0
DA:222,0
DA:223,0
DA:224,0
DA:227,0
DA:228,0
DA:229,0
DA:232,0
DA:233,0
DA:234,0
DA:237,0
DA:238,0
DA:239,0
BRF:0
BRH:0
LF:34
LH:0
end_of_record
SF:/Users/smeya/git/darwin-metrics/src/core/metrics/mod.rs
FN:29,_RNvMNtNtCsidbZ9VdZd8E_14darwin_metrics4core7metricsINtB2_6MetricpE14with_timestampB6_
FN:21,_RNvMNtNtCsidbZ9VdZd8E_14darwin_metrics4core7metricsINtB2_6MetricpE3newB6_
FN:54,_RNvMs0_NtNtCsidbZ9VdZd8E_14darwin_metrics4core7metricsINtB5_12MetricSeriespE3addB9_
FN:49,_RNvMs0_NtNtCsidbZ9VdZd8E_14darwin_metrics4core7metricsINtB5_12MetricSeriespE3newB9_
FN:59,_RNvMs0_NtNtCsidbZ9VdZd8E_14darwin_metrics4core7metricsINtB5_12MetricSeriespE6latestB9_
FN:42,_RNvXININtNtCsidbZ9VdZd8E_14darwin_metrics4core7metricss_0pEINtB5_12MetricSeriespENtNtCsb2CckqTmcfs_4core7default7Default7defaultB9_
FN:21,_RNvMNtNtCsdICt7tuuT0j_14darwin_metrics4core7metricsINtB2_6MetricNtNtB4_5types10PercentageE3newB6_
FN:21,_RNvMNtNtCsdICt7tuuT0j_14darwin_metrics4core7metricsINtB2_6MetricNtNtB4_5types11TemperatureE3newB6_
FN:21,_RNvMNtNtCsdICt7tuuT0j_14darwin_metrics4core7metricsINtB2_6MetricNtNtB4_5types6DiskIOE3newB6_
FN:21,_RNvMNtNtCsdICt7tuuT0j_14darwin_metrics4core7metricsINtB2_6MetricNtNtB4_5types9DiskSpaceE3newB6_
FN:21,_RNvMNtNtCsdICt7tuuT0j_14darwin_metrics4core7metricsINtB2_6MetricNtNtCscuURoIvKLaH_5alloc6string6StringE3newB6_
FN:21,_RNvMNtNtCsdICt7tuuT0j_14darwin_metrics4core7metricsINtB2_6MetricNtNtNtB6_3gpu5types10GpuMetricsE3newB6_
FN:21,_RNvMNtNtCsdICt7tuuT0j_14darwin_metrics4core7metricsINtB2_6MetricNtNtNtB6_3gpu5types7GpuInfoE3newB6_
FN:21,_RNvMNtNtCsdICt7tuuT0j_14darwin_metrics4core7metricsINtB2_6MetricNtNtNtB6_4disk5types10DiskHealthE3newB6_
FN:21,_RNvMNtNtCsdICt7tuuT0j_14darwin_metrics4core7metricsINtB2_6MetricNtNtNtB6_7battery5types12BatteryPowerE3newB6_
FN:21,_RNvMNtNtCsdICt7tuuT0j_14darwin_metrics4core7metricsINtB2_6MetricNtNtNtB6_7battery5types15BatteryCapacityE3newB6_
FN:21,_RNvMNtNtCsdICt7tuuT0j_14darwin_metrics4core7metricsINtB2_6MetricdE3newB6_
FN:29,_RNvMNtNtCsdICt7tuuT0j_14darwin_metrics4core7metricsINtB2_6MetricpE14with_timestampB6_
FN:54,_RNvMs0_NtNtCsdICt7tuuT0j_14darwin_metrics4core7metricsINtB5_12MetricSeriespE3addB9_
FN:49,_RNvMs0_NtNtCsdICt7tuuT0j_14darwin_metrics4core7metricsINtB5_12MetricSeriespE3newB9_
FN:59,_RNvMs0_NtNtCsdICt7tuuT0j_14darwin_metrics4core7metricsINtB5_12MetricSeriespE6latestB9_
FN:42,_RNvXININtNtCsdICt7tuuT0j_14darwin_metrics4core7metricss_0pEINtB5_12MetricSeriespENtNtCsb2CckqTmcfs_4core7default7Default7defaultB9_
FNDA:0,_RNvMNtNtCsidbZ9VdZd8E_14darwin_metrics4core7metricsINtB2_6MetricpE14with_timestampB6_
FNDA:0,_RNvMNtNtCsidbZ9VdZd8E_14darwin_metrics4core7metricsINtB2_6MetricpE3newB6_
FNDA:0,_RNvMs0_NtNtCsidbZ9VdZd8E_14darwin_metrics4core7metricsINtB5_12MetricSeriespE3addB9_
FNDA:0,_RNvMs0_NtNtCsidbZ9VdZd8E_14darwin_metrics4core7metricsINtB5_12MetricSeriespE3newB9_
FNDA:0,_RNvMs0_NtNtCsidbZ9VdZd8E_14darwin_metrics4core7metricsINtB5_12MetricSeriespE6latestB9_
FNDA:0,_RNvXININtNtCsidbZ9VdZd8E_14darwin_metrics4core7metricss_0pEINtB5_12MetricSeriespENtNtCsb2CckqTmcfs_4core7default7Default7defaultB9_
FNDA:0,_RNvMNtNtCsdICt7tuuT0j_14darwin_metrics4core7metricsINtB2_6MetricNtNtB4_5types10PercentageE3newB6_
FNDA:0,_RNvMNtNtCsdICt7tuuT0j_14darwin_metrics4core7metricsINtB2_6MetricNtNtB4_5types11TemperatureE3newB6_
FNDA:0,_RNvMNtNtCsdICt7tuuT0j_14darwin_metrics4core7metricsINtB2_6MetricNtNtB4_5types6DiskIOE3newB6_
FNDA:0,_RNvMNtNtCsdICt7tuuT0j_14darwin_metrics4core7metricsINtB2_6MetricNtNtB4_5types9DiskSpaceE3newB6_
FNDA:0,_RNvMNtNtCsdICt7tuuT0j_14darwin_metrics4core7metricsINtB2_6MetricNtNtCscuURoIvKLaH_5alloc6string6StringE3newB6_
FNDA:0,_RNvMNtNtCsdICt7tuuT0j_14darwin_metrics4core7metricsINtB2_6MetricNtNtNtB6_3gpu5types10GpuMetricsE3newB6_
FNDA:0,_RNvMNtNtCsdICt7tuuT0j_14darwin_metrics4core7metricsINtB2_6MetricNtNtNtB6_3gpu5types7GpuInfoE3newB6_
FNDA:0,_RNvMNtNtCsdICt7tuuT0j_14darwin_metrics4core7metricsINtB2_6MetricNtNtNtB6_4disk5types10DiskHealthE3newB6_
FNDA:0,_RNvMNtNtCsdICt7tuuT0j_14darwin_metrics4core7metricsINtB2_6MetricNtNtNtB6_7battery5types12BatteryPowerE3newB6_
FNDA:0,_RNvMNtNtCsdICt7tuuT0j_14darwin_metrics4core7metricsINtB2_6MetricNtNtNtB6_7battery5types15BatteryCapacityE3newB6_
FNDA:0,_RNvMNtNtCsdICt7tuuT0j_14darwin_metrics4core7metricsINtB2_6MetricdE3newB6_
FNDA:0,_RNvMNtNtCsdICt7tuuT0j_14darwin_metrics4core7metricsINtB2_6MetricpE14with_timestampB6_
FNDA:0,_RNvMs0_NtNtCsdICt7tuuT0j_14darwin_metrics4core7metricsINtB5_12MetricSeriespE3addB9_
FNDA:0,_RNvMs0_NtNtCsdICt7tuuT0j_14darwin_metrics4core7metricsINtB5_12MetricSeriespE3newB9_
FNDA:0,_RNvMs0_NtNtCsdICt7tuuT0j_14darwin_metrics4core7metricsINtB5_12MetricSeriespE6latestB9_
FNDA:0,_RNvXININtNtCsdICt7tuuT0j_14darwin_metrics4core7metricss_0pEINtB5_12MetricSeriespENtNtCsb2CckqTmcfs_4core7default7Default7defaultB9_
FNF:6
FNH:0
DA:21,0
DA:22,0
DA:23,0
DA:24,0
DA:25,0
DA:26,0
DA:29,0
DA:30,0
DA:31,0
DA:42,0
DA:43,0
DA:44,0
DA:49,0
DA:50,0
DA:51,0
DA:54,0
DA:55,0
DA:56,0
DA:59,0
DA:60,0
DA:61,0
BRF:0
BRH:0
LF:21
LH:0
end_of_record
SF:/Users/smeya/git/darwin-metrics/src/core/types/mod.rs
FN:42,_RNvMs_NtNtCsidbZ9VdZd8E_14darwin_metrics4core5typesNtB4_11Temperature3new
FN:15,_RNvMNtNtCsidbZ9VdZd8E_14darwin_metrics4core5typesNtB2_10Percentage3new
FN:24,_RNvMNtNtCsidbZ9VdZd8E_14darwin_metrics4core5typesNtB2_10Percentage6as_f64
FN:29,_RNvMNtNtCsidbZ9VdZd8E_14darwin_metrics4core5typesNtB2_10Percentage8from_f64
FN:96,_RNvMs1_NtNtCsidbZ9VdZd8E_14darwin_metrics4core5typesNtB5_8ByteSize10from_bytes
FN:75,_RNvMs1_NtNtCsidbZ9VdZd8E_14darwin_metrics4core5typesNtB5_8ByteSize3new
FN:91,_RNvMs1_NtNtCsidbZ9VdZd8E_14darwin_metrics4core5typesNtB5_8ByteSize5as_gb
FN:83,_RNvMs1_NtNtCsidbZ9VdZd8E_14darwin_metrics4core5typesNtB5_8ByteSize5as_kb
FN:87,_RNvMs1_NtNtCsidbZ9VdZd8E_14darwin_metrics4core5typesNtB5_8ByteSize5as_mb
FN:79,_RNvMs1_NtNtCsidbZ9VdZd8E_14darwin_metrics4core5typesNtB5_8ByteSize8as_bytes
FN:47,_RNvMs_NtNtCsidbZ9VdZd8E_14darwin_metrics4core5typesNtB4_11Temperature10as_celsius
FN:57,_RNvMs_NtNtCsidbZ9VdZd8E_14darwin_metrics4core5typesNtB4_11Temperature11new_celsius
FN:52,_RNvMs_NtNtCsidbZ9VdZd8E_14darwin_metrics4core5typesNtB4_11Temperature13as_fahrenheit
FN:63,_RNvXs0_NtNtCsidbZ9VdZd8E_14darwin_metrics4core5typesNtB5_11TemperatureNtNtCsb2CckqTmcfs_4core7default7Default7default
FN:15,_RNvMNtNtCsdICt7tuuT0j_14darwin_metrics4core5typesNtB2_10Percentage3new
FN:24,_RNvMNtNtCsdICt7tuuT0j_14darwin_metrics4core5typesNtB2_10Percentage6as_f64
FN:29,_RNvMNtNtCsdICt7tuuT0j_14darwin_metrics4core5typesNtB2_10Percentage8from_f64
FN:96,_RNvMs1_NtNtCsdICt7tuuT0j_14darwin_metrics4core5typesNtB5_8ByteSize10from_bytes
FN:75,_RNvMs1_NtNtCsdICt7tuuT0j_14darwin_metrics4core5typesNtB5_8ByteSize3new
FN:91,_RNvMs1_NtNtCsdICt7tuuT0j_14darwin_metrics4core5typesNtB5_8ByteSize5as_gb
FN:83,_RNvMs1_NtNtCsdICt7tuuT0j_14darwin_metrics4core5typesNtB5_8ByteSize5as_kb
FN:87,_RNvMs1_NtNtCsdICt7tuuT0j_14darwin_metrics4core5typesNtB5_8ByteSize5as_mb
FN:79,_RNvMs1_NtNtCsdICt7tuuT0j_14darwin_metrics4core5typesNtB5_8ByteSize8as_bytes
FN:47,_RNvMs_NtNtCsdICt7tuuT0j_14darwin_metrics4core5typesNtB4_11Temperature10as_celsius
FN:57,_RNvMs_NtNtCsdICt7tuuT0j_14darwin_metrics4core5typesNtB4_11Temperature11new_celsius
FN:52,_RNvMs_NtNtCsdICt7tuuT0j_14darwin_metrics4core5typesNtB4_11Temperature13as_fahrenheit
FN:42,_RNvMs_NtNtCsdICt7tuuT0j_14darwin_metrics4core5typesNtB4_11Temperature3new
FN:63,_RNvXs0_NtNtCsdICt7tuuT0j_14darwin_metrics4core5typesNtB5_11TemperatureNtNtCsb2CckqTmcfs_4core7default7Default7default
FNDA:2,_RNvMs_NtNtCsidbZ9VdZd8E_14darwin_metrics4core5typesNtB4_11Temperature3new
FNDA:0,_RNvMNtNtCsidbZ9VdZd8E_14darwin_metrics4core5typesNtB2_10Percentage3new
FNDA:0,_RNvMNtNtCsidbZ9VdZd8E_14darwin_metrics4core5typesNtB2_10Percentage6as_f64
FNDA:0,_RNvMNtNtCsidbZ9VdZd8E_14darwin_metrics4core5typesNtB2_10Percentage8from_f64
FNDA:0,_RNvMs1_NtNtCsidbZ9VdZd8E_14darwin_metrics4core5typesNtB5_8ByteSize10from_bytes
FNDA:0,_RNvMs1_NtNtCsidbZ9VdZd8E_14darwin_metrics4core5typesNtB5_8ByteSize3new
FNDA:0,_RNvMs1_NtNtCsidbZ9VdZd8E_14darwin_metrics4core5typesNtB5_8ByteSize5as_gb
FNDA:0,_RNvMs1_NtNtCsidbZ9VdZd8E_14darwin_metrics4core5typesNtB5_8ByteSize5as_kb
FNDA:0,_RNvMs1_NtNtCsidbZ9VdZd8E_14darwin_metrics4core5typesNtB5_8ByteSize5as_mb
FNDA:0,_RNvMs1_NtNtCsidbZ9VdZd8E_14darwin_metrics4core5typesNtB5_8ByteSize8as_bytes
FNDA:0,_RNvMs_NtNtCsidbZ9VdZd8E_14darwin_metrics4core5typesNtB4_11Temperature10as_celsius
FNDA:0,_RNvMs_NtNtCsidbZ9VdZd8E_14darwin_metrics4core5typesNtB4_11Temperature11new_celsius
FNDA:0,_RNvMs_NtNtCsidbZ9VdZd8E_14darwin_metrics4core5typesNtB4_11Temperature13as_fahrenheit
FNDA:0,_RNvXs0_NtNtCsidbZ9VdZd8E_14darwin_metrics4core5typesNtB5_11TemperatureNtNtCsb2CckqTmcfs_4core7default7Default7default
FNDA:0,_RNvMNtNtCsdICt7tuuT0j_14darwin_metrics4core5typesNtB2_10Percentage3new
FNDA:0,_RNvMNtNtCsdICt7tuuT0j_14darwin_metrics4core5typesNtB2_10Percentage6as_f64
FNDA:0,_RNvMNtNtCsdICt7tuuT0j_14darwin_metrics4core5typesNtB2_10Percentage8from_f64
FNDA:0,_RNvMs1_NtNtCsdICt7tuuT0j_14darwin_metrics4core5typesNtB5_8ByteSize10from_bytes
FNDA:0,_RNvMs1_NtNtCsdICt7tuuT0j_14darwin_metrics4core5typesNtB5_8ByteSize3new
FNDA:0,_RNvMs1_NtNtCsdICt7tuuT0j_14darwin_metrics4core5typesNtB5_8ByteSize5as_gb
FNDA:0,_RNvMs1_NtNtCsdICt7tuuT0j_14darwin_metrics4core5typesNtB5_8ByteSize5as_kb
FNDA:0,_RNvMs1_NtNtCsdICt7tuuT0j_14darwin_metrics4core5typesNtB5_8ByteSize5as_mb
FNDA:0,_RNvMs1_NtNtCsdICt7tuuT0j_14darwin_metrics4core5typesNtB5_8ByteSize8as_bytes
FNDA:0,_RNvMs_NtNtCsdICt7tuuT0j_14darwin_metrics4core5typesNtB4_11Temperature10as_celsius
FNDA:0,_RNvMs_NtNtCsdICt7tuuT0j_14darwin_metrics4core5typesNtB4_11Temperature11new_celsius
FNDA:0,_RNvMs_NtNtCsdICt7tuuT0j_14darwin_metrics4core5typesNtB4_11Temperature13as_fahrenheit
FNDA:0,_RNvMs_NtNtCsdICt7tuuT0j_14darwin_metrics4core5typesNtB4_11Temperature3new
FNDA:0,_RNvXs0_NtNtCsdICt7tuuT0j_14darwin_metrics4core5typesNtB5_11TemperatureNtNtCsb2CckqTmcfs_4core7default7Default7default
FNF:14
FNH:1
DA:15,0
DA:16,0
DA:17,0
DA:19,0
DA:21,0
DA:24,0
DA:25,0
DA:26,0
DA:29,0
DA:30,0
DA:31,0
DA:42,2
DA:43,2
DA:44,2
DA:47,0
DA:48,0
DA:49,0
DA:52,0
DA:53,0
DA:54,0
DA:57,0
DA:58,0
DA:59,0
DA:63,0
DA:64,0
DA:65,0
DA:75,0
DA:76,0
DA:77,0
DA:79,0
DA:80,0
DA:81,0
DA:83,0
DA:84,0
DA:85,0
DA:87,0
DA:88,0
DA:89,0
DA:91,0
DA:92,0
DA:93,0
DA:96,0
DA:97,0
DA:98,0
BRF:0
BRH:0
LF:44
LH:3
end_of_record
SF:/Users/smeya/git/darwin-metrics/src/cpu/cpu_impl.rs
FN:107,_RNCNvMNtNtCsidbZ9VdZd8E_14darwin_metrics3cpu8cpu_implNtB4_3CPU16fetch_core_usage0B8_
FN:186,_RNCNvMNtNtCsidbZ9VdZd8E_14darwin_metrics3cpu8cpu_implNtB4_3CPU17max_frequency_mhz0B8_
FN:182,_RNCNvMNtNtCsidbZ9VdZd8E_14darwin_metrics3cpu8cpu_implNtB4_3CPU17min_frequency_mhz0B8_
FN:190,_RNCNvMNtNtCsidbZ9VdZd8E_14darwin_metrics3cpu8cpu_implNtB4_3CPU21available_frequencies0B8_
FN:90,_RNCNvMNtNtCsidbZ9VdZd8E_14darwin_metrics3cpu8cpu_implNtB4_3CPU24get_frequency_from_iokit0B8_
FN:145,_RNCNvMNtNtCsidbZ9VdZd8E_14darwin_metrics3cpu8cpu_implNtB4_3CPU25get_cpu_model_name_sysctl0B8_
FN:161,_RNvMNtNtCsidbZ9VdZd8E_14darwin_metrics3cpu8cpu_implNtB2_3CPU10core_usage
FN:165,_RNvMNtNtCsidbZ9VdZd8E_14darwin_metrics3cpu8cpu_implNtB2_3CPU10model_name
FN:169,_RNvMNtNtCsidbZ9VdZd8E_14darwin_metrics3cpu8cpu_implNtB2_3CPU11temperature
FN:157,_RNvMNtNtCsidbZ9VdZd8E_14darwin_metrics3cpu8cpu_implNtB2_3CPU13frequency_mhz
FN:153,_RNvMNtNtCsidbZ9VdZd8E_14darwin_metrics3cpu8cpu_implNtB2_3CPU13logical_cores
FN:218,_RNvMNtNtCsidbZ9VdZd8E_14darwin_metrics3cpu8cpu_implNtB2_3CPU13new_with_mock
FN:149,_RNvMNtNtCsidbZ9VdZd8E_14darwin_metrics3cpu8cpu_implNtB2_3CPU14physical_cores
FN:105,_RNvMNtNtCsidbZ9VdZd8E_14darwin_metrics3cpu8cpu_implNtB2_3CPU16fetch_core_usage
FN:177,_RNvMNtNtCsidbZ9VdZd8E_14darwin_metrics3cpu8cpu_implNtB2_3CPU17frequency_metrics
FN:185,_RNvMNtNtCsidbZ9VdZd8E_14darwin_metrics3cpu8cpu_implNtB2_3CPU17max_frequency_mhz
FN:181,_RNvMNtNtCsidbZ9VdZd8E_14darwin_metrics3cpu8cpu_implNtB2_3CPU17min_frequency_mhz
FN:189,_RNvMNtNtCsidbZ9VdZd8E_14darwin_metrics3cpu8cpu_implNtB2_3CPU21available_frequencies
FN:86,_RNvMNtNtCsidbZ9VdZd8E_14darwin_metrics3cpu8cpu_implNtB2_3CPU24get_frequency_from_iokit
FN:125,_RNvMNtNtCsidbZ9VdZd8E_14darwin_metrics3cpu8cpu_implNtB2_3CPU25get_cpu_model_name_sysctl
FN:65,_RNvMNtNtCsidbZ9VdZd8E_14darwin_metrics3cpu8cpu_implNtB2_3CPU28update_frequency_information
FN:32,_RNvMNtNtCsidbZ9VdZd8E_14darwin_metrics3cpu8cpu_implNtB2_3CPU3new
FN:202,_RNvMNtNtCsidbZ9VdZd8E_14darwin_metrics3cpu8cpu_implNtB2_3CPU5clone
FN:173,_RNvMNtNtCsidbZ9VdZd8E_14darwin_metrics3cpu8cpu_implNtB2_3CPU5power
FN:47,_RNvMNtNtCsidbZ9VdZd8E_14darwin_metrics3cpu8cpu_implNtB2_3CPU6update
FN:193,_RNvMNtNtCsidbZ9VdZd8E_14darwin_metrics3cpu8cpu_implNtB2_3CPU7metrics
FN:241,_RNvXs_NtNtCsidbZ9VdZd8E_14darwin_metrics3cpu8cpu_implNtB4_3CPUNtB6_10CpuMetrics14get_core_usage
FN:254,_RNvXs_NtNtCsidbZ9VdZd8E_14darwin_metrics3cpu8cpu_implNtB4_3CPUNtB6_10CpuMetrics17get_cpu_frequency
FN:250,_RNvXs_NtNtCsidbZ9VdZd8E_14darwin_metrics3cpu8cpu_implNtB4_3CPUNtB6_10CpuMetrics19get_cpu_temperature
FN:241,_RNvXs_NtNtCsdICt7tuuT0j_14darwin_metrics3cpu8cpu_implNtB4_3CPUNtB6_10CpuMetrics14get_core_usage
FN:254,_RNvXs_NtNtCsdICt7tuuT0j_14darwin_metrics3cpu8cpu_implNtB4_3CPUNtB6_10CpuMetrics17get_cpu_frequency
FN:250,_RNvXs_NtNtCsdICt7tuuT0j_14darwin_metrics3cpu8cpu_implNtB4_3CPUNtB6_10CpuMetrics19get_cpu_temperature
FN:107,_RNCNvMNtNtCsdICt7tuuT0j_14darwin_metrics3cpu8cpu_implNtB4_3CPU16fetch_core_usage0B8_
FN:186,_RNCNvMNtNtCsdICt7tuuT0j_14darwin_metrics3cpu8cpu_implNtB4_3CPU17max_frequency_mhz0B8_
FN:182,_RNCNvMNtNtCsdICt7tuuT0j_14darwin_metrics3cpu8cpu_implNtB4_3CPU17min_frequency_mhz0B8_
FN:190,_RNCNvMNtNtCsdICt7tuuT0j_14darwin_metrics3cpu8cpu_implNtB4_3CPU21available_frequencies0B8_
FN:90,_RNCNvMNtNtCsdICt7tuuT0j_14darwin_metrics3cpu8cpu_implNtB4_3CPU24get_frequency_from_iokit0B8_
FN:145,_RNCNvMNtNtCsdICt7tuuT0j_14darwin_metrics3cpu8cpu_implNtB4_3CPU25get_cpu_model_name_sysctl0B8_
FN:161,_RNvMNtNtCsdICt7tuuT0j_14darwin_metrics3cpu8cpu_implNtB2_3CPU10core_usage
FN:165,_RNvMNtNtCsdICt7tuuT0j_14darwin_metrics3cpu8cpu_implNtB2_3CPU10model_name
FN:169,_RNvMNtNtCsdICt7tuuT0j_14darwin_metrics3cpu8cpu_implNtB2_3CPU11temperature
FN:157,_RNvMNtNtCsdICt7tuuT0j_14darwin_metrics3cpu8cpu_implNtB2_3CPU13frequency_mhz
FN:153,_RNvMNtNtCsdICt7tuuT0j_14darwin_metrics3cpu8cpu_implNtB2_3CPU13logical_cores
FN:149,_RNvMNtNtCsdICt7tuuT0j_14darwin_metrics3cpu8cpu_implNtB2_3CPU14physical_cores
FN:105,_RNvMNtNtCsdICt7tuuT0j_14darwin_metrics3cpu8cpu_implNtB2_3CPU16fetch_core_usage
FN:177,_RNvMNtNtCsdICt7tuuT0j_14darwin_metrics3cpu8cpu_implNtB2_3CPU17frequency_metrics
FN:185,_RNvMNtNtCsdICt7tuuT0j_14darwin_metrics3cpu8cpu_implNtB2_3CPU17max_frequency_mhz
FN:181,_RNvMNtNtCsdICt7tuuT0j_14darwin_metrics3cpu8cpu_implNtB2_3CPU17min_frequency_mhz
FN:189,_RNvMNtNtCsdICt7tuuT0j_14darwin_metrics3cpu8cpu_implNtB2_3CPU21available_frequencies
FN:86,_RNvMNtNtCsdICt7tuuT0j_14darwin_metrics3cpu8cpu_implNtB2_3CPU24get_frequency_from_iokit
FN:125,_RNvMNtNtCsdICt7tuuT0j_14darwin_metrics3cpu8cpu_implNtB2_3CPU25get_cpu_model_name_sysctl
FN:65,_RNvMNtNtCsdICt7tuuT0j_14darwin_metrics3cpu8cpu_implNtB2_3CPU28update_frequency_information
FN:32,_RNvMNtNtCsdICt7tuuT0j_14darwin_metrics3cpu8cpu_implNtB2_3CPU3new
FN:202,_RNvMNtNtCsdICt7tuuT0j_14darwin_metrics3cpu8cpu_implNtB2_3CPU5clone
FN:173,_RNvMNtNtCsdICt7tuuT0j_14darwin_metrics3cpu8cpu_implNtB2_3CPU5power
FN:47,_RNvMNtNtCsdICt7tuuT0j_14darwin_metrics3cpu8cpu_implNtB2_3CPU6update
FN:193,_RNvMNtNtCsdICt7tuuT0j_14darwin_metrics3cpu8cpu_implNtB2_3CPU7metrics
FNDA:0,_RNCNvMNtNtCsidbZ9VdZd8E_14darwin_metrics3cpu8cpu_implNtB4_3CPU16fetch_core_usage0B8_
FNDA:0,_RNCNvMNtNtCsidbZ9VdZd8E_14darwin_metrics3cpu8cpu_implNtB4_3CPU17max_frequency_mhz0B8_
FNDA:0,_RNCNvMNtNtCsidbZ9VdZd8E_14darwin_metrics3cpu8cpu_implNtB4_3CPU17min_frequency_mhz0B8_
FNDA:0,_RNCNvMNtNtCsidbZ9VdZd8E_14darwin_metrics3cpu8cpu_implNtB4_3CPU21available_frequencies0B8_
FNDA:0,_RNCNvMNtNtCsidbZ9VdZd8E_14darwin_metrics3cpu8cpu_implNtB4_3CPU24get_frequency_from_iokit0B8_
FNDA:0,_RNCNvMNtNtCsidbZ9VdZd8E_14darwin_metrics3cpu8cpu_implNtB4_3CPU25get_cpu_model_name_sysctl0B8_
FNDA:0,_RNvMNtNtCsidbZ9VdZd8E_14darwin_metrics3cpu8cpu_implNtB2_3CPU10core_usage
FNDA:0,_RNvMNtNtCsidbZ9VdZd8E_14darwin_metrics3cpu8cpu_implNtB2_3CPU10model_name
FNDA:0,_RNvMNtNtCsidbZ9VdZd8E_14darwin_metrics3cpu8cpu_implNtB2_3CPU11temperature
FNDA:0,_RNvMNtNtCsidbZ9VdZd8E_14darwin_metrics3cpu8cpu_implNtB2_3CPU13frequency_mhz
FNDA:0,_RNvMNtNtCsidbZ9VdZd8E_14darwin_metrics3cpu8cpu_implNtB2_3CPU13logical_cores
FNDA:0,_RNvMNtNtCsidbZ9VdZd8E_14darwin_metrics3cpu8cpu_implNtB2_3CPU13new_with_mock
FNDA:0,_RNvMNtNtCsidbZ9VdZd8E_14darwin_metrics3cpu8cpu_implNtB2_3CPU14physical_cores
FNDA:0,_RNvMNtNtCsidbZ9VdZd8E_14darwin_metrics3cpu8cpu_implNtB2_3CPU16fetch_core_usage
FNDA:0,_RNvMNtNtCsidbZ9VdZd8E_14darwin_metrics3cpu8cpu_implNtB2_3CPU17frequency_metrics
FNDA:0,_RNvMNtNtCsidbZ9VdZd8E_14darwin_metrics3cpu8cpu_implNtB2_3CPU17max_frequency_mhz
FNDA:0,_RNvMNtNtCsidbZ9VdZd8E_14darwin_metrics3cpu8cpu_implNtB2_3CPU17min_frequency_mhz
FNDA:0,_RNvMNtNtCsidbZ9VdZd8E_14darwin_metrics3cpu8cpu_implNtB2_3CPU21available_frequencies
FNDA:0,_RNvMNtNtCsidbZ9VdZd8E_14darwin_metrics3cpu8cpu_implNtB2_3CPU24get_frequency_from_iokit
FNDA:0,_RNvMNtNtCsidbZ9VdZd8E_14darwin_metrics3cpu8cpu_implNtB2_3CPU25get_cpu_model_name_sysctl
FNDA:0,_RNvMNtNtCsidbZ9VdZd8E_14darwin_metrics3cpu8cpu_implNtB2_3CPU28update_frequency_information
FNDA:0,_RNvMNtNtCsidbZ9VdZd8E_14darwin_metrics3cpu8cpu_implNtB2_3CPU3new
FNDA:0,_RNvMNtNtCsidbZ9VdZd8E_14darwin_metrics3cpu8cpu_implNtB2_3CPU5clone
FNDA:0,_RNvMNtNtCsidbZ9VdZd8E_14darwin_metrics3cpu8cpu_implNtB2_3CPU5power
FNDA:0,_RNvMNtNtCsidbZ9VdZd8E_14darwin_metrics3cpu8cpu_implNtB2_3CPU6update
FNDA:0,_RNvMNtNtCsidbZ9VdZd8E_14darwin_metrics3cpu8cpu_implNtB2_3CPU7metrics
FNDA:0,_RNvXs_NtNtCsidbZ9VdZd8E_14darwin_metrics3cpu8cpu_implNtB4_3CPUNtB6_10CpuMetrics14get_core_usage
FNDA:0,_RNvXs_NtNtCsidbZ9VdZd8E_14darwin_metrics3cpu8cpu_implNtB4_3CPUNtB6_10CpuMetrics17get_cpu_frequency
FNDA:0,_RNvXs_NtNtCsidbZ9VdZd8E_14darwin_metrics3cpu8cpu_implNtB4_3CPUNtB6_10CpuMetrics19get_cpu_temperature
FNDA:0,_RNvXs_NtNtCsdICt7tuuT0j_14darwin_metrics3cpu8cpu_implNtB4_3CPUNtB6_10CpuMetrics14get_core_usage
FNDA:0,_RNvXs_NtNtCsdICt7tuuT0j_14darwin_metrics3cpu8cpu_implNtB4_3CPUNtB6_10CpuMetrics17get_cpu_frequency
FNDA:0,_RNvXs_NtNtCsdICt7tuuT0j_14darwin_metrics3cpu8cpu_implNtB4_3CPUNtB6_10CpuMetrics19get_cpu_temperature
FNDA:0,_RNCNvMNtNtCsdICt7tuuT0j_14darwin_metrics3cpu8cpu_implNtB4_3CPU16fetch_core_usage0B8_
FNDA:0,_RNCNvMNtNtCsdICt7tuuT0j_14darwin_metrics3cpu8cpu_implNtB4_3CPU17max_frequency_mhz0B8_
FNDA:0,_RNCNvMNtNtCsdICt7tuuT0j_14darwin_metrics3cpu8cpu_implNtB4_3CPU17min_frequency_mhz0B8_
FNDA:0,_RNCNvMNtNtCsdICt7tuuT0j_14darwin_metrics3cpu8cpu_implNtB4_3CPU21available_frequencies0B8_
FNDA:0,_RNCNvMNtNtCsdICt7tuuT0j_14darwin_metrics3cpu8cpu_implNtB4_3CPU24get_frequency_from_iokit0B8_
FNDA:0,_RNCNvMNtNtCsdICt7tuuT0j_14darwin_metrics3cpu8cpu_implNtB4_3CPU25get_cpu_model_name_sysctl0B8_
FNDA:0,_RNvMNtNtCsdICt7tuuT0j_14darwin_metrics3cpu8cpu_implNtB2_3CPU10core_usage
FNDA:0,_RNvMNtNtCsdICt7tuuT0j_14darwin_metrics3cpu8cpu_implNtB2_3CPU10model_name
FNDA:0,_RNvMNtNtCsdICt7tuuT0j_14darwin_metrics3cpu8cpu_implNtB2_3CPU11temperature
FNDA:0,_RNvMNtNtCsdICt7tuuT0j_14darwin_metrics3cpu8cpu_implNtB2_3CPU13frequency_mhz
FNDA:0,_RNvMNtNtCsdICt7tuuT0j_14darwin_metrics3cpu8cpu_implNtB2_3CPU13logical_cores
FNDA:0,_RNvMNtNtCsdICt7tuuT0j_14darwin_metrics3cpu8cpu_implNtB2_3CPU14physical_cores
FNDA:0,_RNvMNtNtCsdICt7tuuT0j_14darwin_metrics3cpu8cpu_implNtB2_3CPU16fetch_core_usage
FNDA:0,_RNvMNtNtCsdICt7tuuT0j_14darwin_metrics3cpu8cpu_implNtB2_3CPU17frequency_metrics
FNDA:0,_RNvMNtNtCsdICt7tuuT0j_14darwin_metrics3cpu8cpu_implNtB2_3CPU17max_frequency_mhz
FNDA:0,_RNvMNtNtCsdICt7tuuT0j_14darwin_metrics3cpu8cpu_implNtB2_3CPU17min_frequency_mhz
FNDA:0,_RNvMNtNtCsdICt7tuuT0j_14darwin_metrics3cpu8cpu_implNtB2_3CPU21available_frequencies
FNDA:0,_RNvMNtNtCsdICt7tuuT0j_14darwin_metrics3cpu8cpu_implNtB2_3CPU24get_frequency_from_iokit
FNDA:0,_RNvMNtNtCsdICt7tuuT0j_14darwin_metrics3cpu8cpu_implNtB2_3CPU25get_cpu_model_name_sysctl
FNDA:0,_RNvMNtNtCsdICt7tuuT0j_14darwin_metrics3cpu8cpu_implNtB2_3CPU28update_frequency_information
FNDA:0,_RNvMNtNtCsdICt7tuuT0j_14darwin_metrics3cpu8cpu_implNtB2_3CPU3new
FNDA:0,_RNvMNtNtCsdICt7tuuT0j_14darwin_metrics3cpu8cpu_implNtB2_3CPU5clone
FNDA:0,_RNvMNtNtCsdICt7tuuT0j_14darwin_metrics3cpu8cpu_implNtB2_3CPU5power
FNDA:0,_RNvMNtNtCsdICt7tuuT0j_14darwin_metrics3cpu8cpu_implNtB2_3CPU6update
FNDA:0,_RNvMNtNtCsdICt7tuuT0j_14darwin_metrics3cpu8cpu_implNtB2_3CPU7metrics
FNF:29
FNH:0
DA:32,0
DA:33,0
DA:34,0
DA:35,0
DA:36,0
DA:37,0
DA:38,0
DA:39,0
DA:40,0
DA:41,0
DA:42,0
DA:43,0
DA:44,0
DA:45,0
DA:47,0
DA:48,0
DA:49,0
DA:51,0
DA:52,0
DA:54,0
DA:55,0
DA:56,0
DA:57,0
DA:58,0
DA:60,0
DA:62,0
DA:63,0
DA:65,0
DA:66,0
DA:67,0
DA:68,0
DA:69,0
DA:70,0
DA:72,0
DA:73,0
DA:74,0
DA:75,0
DA:76,0
DA:78,0
DA:79,0
DA:80,0
DA:81,0
DA:84,0
DA:86,0
DA:87,0
DA:88,0
DA:89,0
DA:90,0
DA:92,0
DA:93,0
DA:94,0
DA:95,0
DA:96,0
DA:97,0
DA:98,0
DA:99,0
DA:101,0
DA:103,0
DA:105,0
DA:106,0
DA:107,0
DA:109,0
DA:111,0
DA:112,0
DA:113,0
DA:114,0
DA:115,0
DA:116,0
DA:117,0
DA:118,0
DA:119,0
DA:122,0
DA:123,0
DA:125,0
DA:126,0
DA:127,0
DA:128,0
DA:129,0
DA:130,0
DA:131,0
DA:132,0
DA:133,0
DA:134,0
DA:135,0
DA:136,0
DA:137,0
DA:138,0
DA:139,0
DA:140,0
DA:141,0
DA:142,0
DA:143,0
DA:144,0
DA:145,0
DA:146,0
DA:147,0
DA:149,0
DA:150,0
DA:151,0
DA:153,0
DA:154,0
DA:155,0
DA:157,0
DA:158,0
DA:159,0
DA:161,0
DA:162,0
DA:163,0
DA:165,0
DA:166,0
DA:167,0
DA:169,0
DA:170,0
DA:171,0
DA:173,0
DA:174,0
DA:175,0
DA:177,0
DA:178,0
DA:179,0
DA:181,0
DA:182,0
DA:183,0
DA:185,0
DA:186,0
DA:187,0
DA:189,0
DA:190,0
DA:191,0
DA:193,0
DA:194,0
DA:195,0
DA:196,0
DA:197,0
DA:198,0
DA:199,0
DA:202,0
DA:203,0
DA:204,0
DA:205,0
DA:206,0
DA:207,0
DA:208,0
DA:209,0
DA:210,0
DA:211,0
DA:212,0
DA:213,0
DA:214,0
DA:215,0
DA:218,0
DA:219,0
DA:220,0
DA:221,0
DA:222,0
DA:223,0
DA:224,0
DA:225,0
DA:226,0
DA:227,0
DA:228,0
DA:229,0
DA:230,0
DA:231,0
DA:232,0
DA:233,0
DA:234,0
DA:235,0
DA:236,0
DA:237,0
DA:241,0
DA:242,0
DA:243,0
DA:244,0
DA:246,0
DA:248,0
DA:250,0
DA:251,0
DA:252,0
DA:254,0
DA:255,0
DA:256,0
BRF:0
BRH:0
LF:188
LH:0
end_of_record
SF:/Users/smeya/git/darwin-metrics/src/cpu/mod.rs
FN:74,_RNvMNtCsidbZ9VdZd8E_14darwin_metrics3cpuNtB2_3CPU3new
FN:109,_RNCNvMNtCsidbZ9VdZd8E_14darwin_metrics3cpuNtB4_3CPU10core_count0B6_
FN:123,_RNCNvMNtCsidbZ9VdZd8E_14darwin_metrics3cpuNtB4_3CPU11utilization0B6_
FN:117,_RNCNvMNtCsidbZ9VdZd8E_14darwin_metrics3cpuNtB4_3CPU13get_cpu_usage0B6_
FN:138,_RNCNvMNtCsidbZ9VdZd8E_14darwin_metrics3cpuNtB4_3CPU18utilization_metric0B6_
FN:128,_RNCNvMNtCsidbZ9VdZd8E_14darwin_metrics3cpuNtB4_3CPU19average_utilization0B6_
FN:109,_RNvMNtCsidbZ9VdZd8E_14darwin_metrics3cpuNtB2_3CPU10core_count
FN:146,_RNvMNtCsidbZ9VdZd8E_14darwin_metrics3cpuNtB2_3CPU11temperature
FN:123,_RNvMNtCsidbZ9VdZd8E_14darwin_metrics3cpuNtB2_3CPU11utilization
FN:151,_RNvMNtCsidbZ9VdZd8E_14darwin_metrics3cpuNtB2_3CPU13frequency_mhz
FN:117,_RNvMNtCsidbZ9VdZd8E_14darwin_metrics3cpuNtB2_3CPU13get_cpu_usage
FN:97,_RNvMNtCsidbZ9VdZd8E_14darwin_metrics3cpuNtB2_3CPU17frequency_monitor
FN:163,_RNvMNtCsidbZ9VdZd8E_14darwin_metrics3cpuNtB2_3CPU17max_frequency_mhz
FN:157,_RNvMNtCsidbZ9VdZd8E_14darwin_metrics3cpuNtB2_3CPU17min_frequency_mhz
FN:138,_RNvMNtCsidbZ9VdZd8E_14darwin_metrics3cpuNtB2_3CPU18utilization_metric
FN:128,_RNvMNtCsidbZ9VdZd8E_14darwin_metrics3cpuNtB2_3CPU19average_utilization
FN:82,_RNvMNtCsidbZ9VdZd8E_14darwin_metrics3cpuNtB2_3CPU19temperature_monitor
FN:90,_RNvMNtCsidbZ9VdZd8E_14darwin_metrics3cpuNtB2_3CPU19utilization_monitor
FN:169,_RNvMNtCsidbZ9VdZd8E_14darwin_metrics3cpuNtB2_3CPU21available_frequencies
FN:102,_RNvMNtCsidbZ9VdZd8E_14darwin_metrics3cpuNtB2_3CPU5clone
FN:175,_RNvMNtCsidbZ9VdZd8E_14darwin_metrics3cpuNtB2_3CPU7metrics
FN:109,_RNCNvMNtCsdICt7tuuT0j_14darwin_metrics3cpuNtB4_3CPU10core_count0B6_
FN:123,_RNCNvMNtCsdICt7tuuT0j_14darwin_metrics3cpuNtB4_3CPU11utilization0B6_
FN:117,_RNCNvMNtCsdICt7tuuT0j_14darwin_metrics3cpuNtB4_3CPU13get_cpu_usage0B6_
FN:128,_RNCNvMNtCsdICt7tuuT0j_14darwin_metrics3cpuNtB4_3CPU19average_utilization0B6_
FN:109,_RNvMNtCsdICt7tuuT0j_14darwin_metrics3cpuNtB2_3CPU10core_count
FN:146,_RNvMNtCsdICt7tuuT0j_14darwin_metrics3cpuNtB2_3CPU11temperature
FN:123,_RNvMNtCsdICt7tuuT0j_14darwin_metrics3cpuNtB2_3CPU11utilization
FN:151,_RNvMNtCsdICt7tuuT0j_14darwin_metrics3cpuNtB2_3CPU13frequency_mhz
FN:117,_RNvMNtCsdICt7tuuT0j_14darwin_metrics3cpuNtB2_3CPU13get_cpu_usage
FN:97,_RNvMNtCsdICt7tuuT0j_14darwin_metrics3cpuNtB2_3CPU17frequency_monitor
FN:163,_RNvMNtCsdICt7tuuT0j_14darwin_metrics3cpuNtB2_3CPU17max_frequency_mhz
FN:157,_RNvMNtCsdICt7tuuT0j_14darwin_metrics3cpuNtB2_3CPU17min_frequency_mhz
FN:138,_RNvMNtCsdICt7tuuT0j_14darwin_metrics3cpuNtB2_3CPU18utilization_metric
FN:128,_RNvMNtCsdICt7tuuT0j_14darwin_metrics3cpuNtB2_3CPU19average_utilization
FN:82,_RNvMNtCsdICt7tuuT0j_14darwin_metrics3cpuNtB2_3CPU19temperature_monitor
FN:90,_RNvMNtCsdICt7tuuT0j_14darwin_metrics3cpuNtB2_3CPU19utilization_monitor
FN:169,_RNvMNtCsdICt7tuuT0j_14darwin_metrics3cpuNtB2_3CPU21available_frequencies
FN:74,_RNvMNtCsdICt7tuuT0j_14darwin_metrics3cpuNtB2_3CPU3new
FN:102,_RNvMNtCsdICt7tuuT0j_14darwin_metrics3cpuNtB2_3CPU5clone
FN:175,_RNvMNtCsdICt7tuuT0j_14darwin_metrics3cpuNtB2_3CPU7metrics
FN:138,_RNCNvMNtCsdICt7tuuT0j_14darwin_metrics3cpuNtB4_3CPU18utilization_metric0B6_
FNDA:1,_RNvMNtCsidbZ9VdZd8E_14darwin_metrics3cpuNtB2_3CPU3new
FNDA:0,_RNCNvMNtCsidbZ9VdZd8E_14darwin_metrics3cpuNtB4_3CPU10core_count0B6_
FNDA:0,_RNCNvMNtCsidbZ9VdZd8E_14darwin_metrics3cpuNtB4_3CPU11utilization0B6_
FNDA:0,_RNCNvMNtCsidbZ9VdZd8E_14darwin_metrics3cpuNtB4_3CPU13get_cpu_usage0B6_
FNDA:0,_RNCNvMNtCsidbZ9VdZd8E_14darwin_metrics3cpuNtB4_3CPU18utilization_metric0B6_
FNDA:0,_RNCNvMNtCsidbZ9VdZd8E_14darwin_metrics3cpuNtB4_3CPU19average_utilization0B6_
FNDA:0,_RNvMNtCsidbZ9VdZd8E_14darwin_metrics3cpuNtB2_3CPU10core_count
FNDA:0,_RNvMNtCsidbZ9VdZd8E_14darwin_metrics3cpuNtB2_3CPU11temperature
FNDA:0,_RNvMNtCsidbZ9VdZd8E_14darwin_metrics3cpuNtB2_3CPU11utilization
FNDA:0,_RNvMNtCsidbZ9VdZd8E_14darwin_metrics3cpuNtB2_3CPU13frequency_mhz
FNDA:0,_RNvMNtCsidbZ9VdZd8E_14darwin_metrics3cpuNtB2_3CPU13get_cpu_usage
FNDA:0,_RNvMNtCsidbZ9VdZd8E_14darwin_metrics3cpuNtB2_3CPU17frequency_monitor
FNDA:0,_RNvMNtCsidbZ9VdZd8E_14darwin_metrics3cpuNtB2_3CPU17max_frequency_mhz
FNDA:0,_RNvMNtCsidbZ9VdZd8E_14darwin_metrics3cpuNtB2_3CPU17min_frequency_mhz
FNDA:0,_RNvMNtCsidbZ9VdZd8E_14darwin_metrics3cpuNtB2_3CPU18utilization_metric
FNDA:0,_RNvMNtCsidbZ9VdZd8E_14darwin_metrics3cpuNtB2_3CPU19average_utilization
FNDA:0,_RNvMNtCsidbZ9VdZd8E_14darwin_metrics3cpuNtB2_3CPU19temperature_monitor
FNDA:0,_RNvMNtCsidbZ9VdZd8E_14darwin_metrics3cpuNtB2_3CPU19utilization_monitor
FNDA:0,_RNvMNtCsidbZ9VdZd8E_14darwin_metrics3cpuNtB2_3CPU21available_frequencies
FNDA:0,_RNvMNtCsidbZ9VdZd8E_14darwin_metrics3cpuNtB2_3CPU5clone
FNDA:0,_RNvMNtCsidbZ9VdZd8E_14darwin_metrics3cpuNtB2_3CPU7metrics
FNDA:0,_RNCNvMNtCsdICt7tuuT0j_14darwin_metrics3cpuNtB4_3CPU10core_count0B6_
FNDA:0,_RNCNvMNtCsdICt7tuuT0j_14darwin_metrics3cpuNtB4_3CPU11utilization0B6_
FNDA:0,_RNCNvMNtCsdICt7tuuT0j_14darwin_metrics3cpuNtB4_3CPU13get_cpu_usage0B6_
FNDA:0,_RNCNvMNtCsdICt7tuuT0j_14darwin_metrics3cpuNtB4_3CPU19average_utilization0B6_
FNDA:0,_RNvMNtCsdICt7tuuT0j_14darwin_metrics3cpuNtB2_3CPU10core_count
FNDA:0,_RNvMNtCsdICt7tuuT0j_14darwin_metrics3cpuNtB2_3CPU11temperature
FNDA:0,_RNvMNtCsdICt7tuuT0j_14darwin_metrics3cpuNtB2_3CPU11utilization
[...]
DA:211,0
DA:212,0
DA:213,0
DA:214,0
DA:215,0
DA:219,0
DA:220,0
DA:223,0
DA:226,1
DA:227,1
DA:228,1
DA:229,1
DA:231,0
DA:232,0
DA:234,1
DA:237,1
DA:238,1
DA:239,1
DA:240,1
DA:242,1
DA:243,1
DA:245,1
DA:248,1
DA:249,1
DA:250,1
DA:251,1
DA:253,1
DA:254,1
DA:256,1
DA:259,0
DA:260,0
DA:261,0
DA:262,0
DA:264,0
DA:265,0
DA:266,0
DA:267,0
DA:269,0
DA:272,0
DA:273,0
DA:274,0
DA:275,0
DA:276,0
DA:277,0
DA:278,0
DA:279,0
DA:280,0
DA:282,0
DA:284,0
DA:290,0
DA:291,0
DA:292,0
DA:293,0
DA:294,0
DA:295,0
DA:297,1
DA:298,1
DA:299,1
DA:300,1
DA:301,1
DA:302,1
DA:303,1
DA:304,1
DA:305,1
DA:306,1
DA:307,0
DA:308,1
DA:310,0
DA:311,0
DA:312,0
DA:313,0
DA:314,0
DA:315,0
DA:316,0
DA:317,0
DA:318,0
DA:319,0
DA:320,0
DA:321,0
DA:323,1
DA:324,1
DA:325,1
DA:326,1
DA:327,1
DA:328,1
DA:329,1
DA:330,1
DA:331,1
DA:332,1
DA:333,0
DA:334,1
DA:336,0
DA:337,0
DA:338,0
DA:339,0
DA:340,0
DA:341,0
DA:342,0
DA:344,0
DA:345,0
DA:346,0
DA:347,0
DA:348,0
DA:349,0
DA:350,0
DA:351,0
DA:352,0
DA:354,0
DA:355,0
DA:356,0
DA:357,0
DA:358,0
DA:359,0
DA:360,0
DA:362,0
DA:363,0
DA:364,0
DA:365,0
DA:366,0
DA:367,0
DA:368,0
DA:371,0
DA:374,0
DA:378,0
DA:379,0
DA:380,0
BRF:0
BRH:0
LF:242
LH:57
end_of_record
SF:/Users/smeya/git/darwin-metrics/src/utils/core/property.rs
FN:9,_RNCNvYpNtNtNtNtCsidbZ9VdZd8E_14darwin_metrics5utils4core8property13PropertyUtils17get_bool_property0Bd_
FN:32,_RNCNvYpNtNtNtNtCsidbZ9VdZd8E_14darwin_metrics5utils4core8property13PropertyUtils17get_bool_propertys_0Bd_
FN:9,_RNCNvYpNtNtNtNtCsidbZ9VdZd8E_14darwin_metrics5utils4core8property13PropertyUtils19get_number_property0Bd_
FN:29,_RNCNvYpNtNtNtNtCsidbZ9VdZd8E_14darwin_metrics5utils4core8property13PropertyUtils19get_number_propertys_0Bd_
FN:17,_RNCNvYpNtNtNtNtCsidbZ9VdZd8E_14darwin_metrics5utils4core8property13PropertyUtils19get_string_property0Bd_
FN:18,_RNCNvYpNtNtNtNtCsidbZ9VdZd8E_14darwin_metrics5utils4core8property13PropertyUtils19get_string_propertys_0Bd_
FN:39,_RNvYpNtNtNtNtCsidbZ9VdZd8E_14darwin_metrics5utils4core8property13PropertyUtils10get_numberBb_
FN:35,_RNvYpNtNtNtNtCsidbZ9VdZd8E_14darwin_metrics5utils4core8property13PropertyUtils10get_stringBb_
FN:6,_RNvYpNtNtNtNtCsidbZ9VdZd8E_14darwin_metrics5utils4core8property13PropertyUtils17get_bool_propertyBb_
FN:6,_RNvYpNtNtNtNtCsidbZ9VdZd8E_14darwin_metrics5utils4core8property13PropertyUtils19get_number_propertyBb_
FN:14,_RNvYpNtNtNtNtCsidbZ9VdZd8E_14darwin_metrics5utils4core8property13PropertyUtils19get_string_propertyBb_
FN:43,_RNvYpNtNtNtNtCsidbZ9VdZd8E_14darwin_metrics5utils4core8property13PropertyUtils8get_boolBb_
FN:9,_RNCNvYpNtNtNtNtCsdICt7tuuT0j_14darwin_metrics5utils4core8property13PropertyUtils17get_bool_property0Bd_
FN:32,_RNCNvYpNtNtNtNtCsdICt7tuuT0j_14darwin_metrics5utils4core8property13PropertyUtils17get_bool_propertys_0Bd_
FN:9,_RNCNvYpNtNtNtNtCsdICt7tuuT0j_14darwin_metrics5utils4core8property13PropertyUtils19get_number_property0Bd_
FN:29,_RNCNvYpNtNtNtNtCsdICt7tuuT0j_14darwin_metrics5utils4core8property13PropertyUtils19get_number_propertys_0Bd_
FN:17,_RNCNvYpNtNtNtNtCsdICt7tuuT0j_14darwin_metrics5utils4core8property13PropertyUtils19get_string_property0Bd_
FN:18,_RNCNvYpNtNtNtNtCsdICt7tuuT0j_14darwin_metrics5utils4core8property13PropertyUtils19get_string_propertys_0Bd_
FN:39,_RNvYpNtNtNtNtCsdICt7tuuT0j_14darwin_metrics5utils4core8property13PropertyUtils10get_numberBb_
FN:35,_RNvYpNtNtNtNtCsdICt7tuuT0j_14darwin_metrics5utils4core8property13PropertyUtils10get_stringBb_
FN:6,_RNvYpNtNtNtNtCsdICt7tuuT0j_14darwin_metrics5utils4core8property13PropertyUtils17get_bool_propertyBb_
FN:6,_RNvYpNtNtNtNtCsdICt7tuuT0j_14darwin_metrics5utils4core8property13PropertyUtils19get_number_propertyBb_
FN:14,_RNvYpNtNtNtNtCsdICt7tuuT0j_14darwin_metrics5utils4core8property13PropertyUtils19get_string_propertyBb_
FN:43,_RNvYpNtNtNtNtCsdICt7tuuT0j_14darwin_metrics5utils4core8property13PropertyUtils8get_boolBb_
FNDA:0,_RNCNvYpNtNtNtNtCsidbZ9VdZd8E_14darwin_metrics5utils4core8property13PropertyUtils17get_bool_property0Bd_
FNDA:0,_RNCNvYpNtNtNtNtCsidbZ9VdZd8E_14darwin_metrics5utils4core8property13PropertyUtils17get_bool_propertys_0Bd_
FNDA:0,_RNCNvYpNtNtNtNtCsidbZ9VdZd8E_14darwin_metrics5utils4core8property13PropertyUtils19get_number_property0Bd_
FNDA:0,_RNCNvYpNtNtNtNtCsidbZ9VdZd8E_14darwin_metrics5utils4core8property13PropertyUtils19get_number_propertys_0Bd_
FNDA:0,_RNCNvYpNtNtNtNtCsidbZ9VdZd8E_14darwin_metrics5utils4core8property13PropertyUtils19get_string_property0Bd_
FNDA:0,_RNCNvYpNtNtNtNtCsidbZ9VdZd8E_14darwin_metrics5utils4core8property13PropertyUtils19get_string_propertys_0Bd_
FNDA:0,_RNvYpNtNtNtNtCsidbZ9VdZd8E_14darwin_metrics5utils4core8property13PropertyUtils10get_numberBb_
FNDA:0,_RNvYpNtNtNtNtCsidbZ9VdZd8E_14darwin_metrics5utils4core8property13PropertyUtils10get_stringBb_
FNDA:0,_RNvYpNtNtNtNtCsidbZ9VdZd8E_14darwin_metrics5utils4core8property13PropertyUtils17get_bool_propertyBb_
FNDA:0,_RNvYpNtNtNtNtCsidbZ9VdZd8E_14darwin_metrics5utils4core8property13PropertyUtils19get_number_propertyBb_
FNDA:0,_RNvYpNtNtNtNtCsidbZ9VdZd8E_14darwin_metrics5utils4core8property13PropertyUtils19get_string_propertyBb_
FNDA:0,_RNvYpNtNtNtNtCsidbZ9VdZd8E_14darwin_metrics5utils4core8property13PropertyUtils8get_boolBb_
FNDA:0,_RNCNvYpNtNtNtNtCsdICt7tuuT0j_14darwin_metrics5utils4core8property13PropertyUtils17get_bool_property0Bd_
FNDA:0,_RNCNvYpNtNtNtNtCsdICt7tuuT0j_14darwin_metrics5utils4core8property13PropertyUtils17get_bool_propertys_0Bd_
FNDA:0,_RNCNvYpNtNtNtNtCsdICt7tuuT0j_14darwin_metrics5utils4core8property13PropertyUtils19get_number_property0Bd_
FNDA:0,_RNCNvYpNtNtNtNtCsdICt7tuuT0j_14darwin_metrics5utils4core8property13PropertyUtils19get_number_propertys_0Bd_
FNDA:0,_RNCNvYpNtNtNtNtCsdICt7tuuT0j_14darwin_metrics5utils4core8property13PropertyUtils19get_string_property0Bd_
FNDA:0,_RNCNvYpNtNtNtNtCsdICt7tuuT0j_14darwin_metrics5utils4core8property13PropertyUtils19get_string_propertys_0Bd_
FNDA:0,_RNvYpNtNtNtNtCsdICt7tuuT0j_14darwin_metrics5utils4core8property13PropertyUtils10get_numberBb_
FNDA:0,_RNvYpNtNtNtNtCsdICt7tuuT0j_14darwin_metrics5utils4core8property13PropertyUtils10get_stringBb_
FNDA:0,_RNvYpNtNtNtNtCsdICt7tuuT0j_14darwin_metrics5utils4core8property13PropertyUtils17get_bool_propertyBb_
FNDA:0,_RNvYpNtNtNtNtCsdICt7tuuT0j_14darwin_metrics5utils4core8property13PropertyUtils19get_number_propertyBb_
FNDA:0,_RNvYpNtNtNtNtCsdICt7tuuT0j_14darwin_metrics5utils4core8property13PropertyUtils19get_string_propertyBb_
FNDA:0,_RNvYpNtNtNtNtCsdICt7tuuT0j_14darwin_metrics5utils4core8property13PropertyUtils8get_boolBb_
FNF:10
FNH:0
DA:6,0
DA:7,0
DA:8,0
DA:9,0
DA:10,0
DA:11,0
DA:14,0
DA:15,0
DA:16,0
DA:17,0
DA:18,0
DA:19,0
DA:29,0
DA:32,0
DA:35,0
DA:36,0
DA:37,0
DA:39,0
DA:40,0
DA:41,0
DA:43,0
DA:44,0
DA:45,0
BRF:0
BRH:0
LF:26
LH:0
end_of_record
SF:/Users/smeya/git/darwin-metrics/src/utils/ffi/bindings.rs
FN:536,_RNCNvNtNtNtCsidbZ9VdZd8E_14darwin_metrics5utils3ffi8bindings17extract_proc_name0B9_
FN:610,_RNCNvNtNtNtCsidbZ9VdZd8E_14darwin_metrics5utils3ffi8bindings24get_network_stats_native0B9_
FN:1034,_RNvMs3_NtNtNtCsidbZ9VdZd8E_14darwin_metrics5utils3ffi8bindingsNtB5_6SmcKey10from_chars
FN:1071,_RNvMs3_NtNtNtCsidbZ9VdZd8E_14darwin_metrics5utils3ffi8bindingsNtB5_6SmcKey9to_string
FN:534,_RNvNtNtNtCsidbZ9VdZd8E_14darwin_metrics5utils3ffi8bindings17extract_proc_name
FN:542,_RNvNtNtNtCsidbZ9VdZd8E_14darwin_metrics5utils3ffi8bindings17is_system_process
FN:563,_RNvNtNtNtCsidbZ9VdZd8E_14darwin_metrics5utils3ffi8bindings18smc_key_from_chars
FN:594,_RNvNtNtNtCsidbZ9VdZd8E_14darwin_metrics5utils3ffi8bindings24get_network_stats_native
FN:1061,_RNvMs3_NtNtNtCsidbZ9VdZd8E_14darwin_metrics5utils3ffi8bindingsNtB5_6SmcKey8from_str
FN:1093,_RNvMs3_NtNtNtCsidbZ9VdZd8E_14darwin_metrics5utils3ffi8bindingsNtB5_6SmcKey8to_chars
FN:860,_RNvXNtNtNtCsidbZ9VdZd8E_14darwin_metrics5utils3ffi8bindingsNtB2_17SMCKeyData_t_dataNtNtCsb2CckqTmcfs_4core5clone5Clone5clone
FN:895,_RNvXs0_NtNtNtCsidbZ9VdZd8E_14darwin_metrics5utils3ffi8bindingsNtB5_12SMCKeyData_tNtNtCsb2CckqTmcfs_4core5clone5Clone5clone
FN:903,_RNvXs2_NtNtNtCsidbZ9VdZd8E_14darwin_metrics5utils3ffi8bindingsNtB5_12SMCKeyData_tNtNtCsb2CckqTmcfs_4core7default7Default7default
FN:536,_RNCNvNtNtNtCsdICt7tuuT0j_14darwin_metrics5utils3ffi8bindings17extract_proc_name0B9_
FN:610,_RNCNvNtNtNtCsdICt7tuuT0j_14darwin_metrics5utils3ffi8bindings24get_network_stats_native0B9_
FN:1034,_RNvMs3_NtNtNtCsdICt7tuuT0j_14darwin_metrics5utils3ffi8bindingsNtB5_6SmcKey10from_chars
FN:1061,_RNvMs3_NtNtNtCsdICt7tuuT0j_14darwin_metrics5utils3ffi8bindingsNtB5_6SmcKey8from_str
FN:1093,_RNvMs3_NtNtNtCsdICt7tuuT0j_14darwin_metrics5utils3ffi8bindingsNtB5_6SmcKey8to_chars
FN:1071,_RNvMs3_NtNtNtCsdICt7tuuT0j_14darwin_metrics5utils3ffi8bindingsNtB5_6SmcKey9to_string
FN:534,_RNvNtNtNtCsdICt7tuuT0j_14darwin_metrics5utils3ffi8bindings17extract_proc_name
FN:542,_RNvNtNtNtCsdICt7tuuT0j_14darwin_metrics5utils3ffi8bindings17is_system_process
FN:563,_RNvNtNtNtCsdICt7tuuT0j_14darwin_metrics5utils3ffi8bindings18smc_key_from_chars
FN:594,_RNvNtNtNtCsdICt7tuuT0j_14darwin_metrics5utils3ffi8bindings24get_network_stats_native
FN:860,_RNvXNtNtNtCsdICt7tuuT0j_14darwin_metrics5utils3ffi8bindingsNtB2_17SMCKeyData_t_dataNtNtCsb2CckqTmcfs_4core5clone5Clone5clone
FN:895,_RNvXs0_NtNtNtCsdICt7tuuT0j_14darwin_metrics5utils3ffi8bindingsNtB5_12SMCKeyData_tNtNtCsb2CckqTmcfs_4core5clone5Clone5clone
FN:903,_RNvXs2_NtNtNtCsdICt7tuuT0j_14darwin_metrics5utils3ffi8bindingsNtB5_12SMCKeyData_tNtNtCsb2CckqTmcfs_4core7default7Default7default
FNDA:36,_RNCNvNtNtNtCsidbZ9VdZd8E_14darwin_metrics5utils3ffi8bindings17extract_proc_name0B9_
FNDA:2,_RNCNvNtNtNtCsidbZ9VdZd8E_14darwin_metrics5utils3ffi8bindings24get_network_stats_native0B9_
FNDA:1,_RNvMs3_NtNtNtCsidbZ9VdZd8E_14darwin_metrics5utils3ffi8bindingsNtB5_6SmcKey10from_chars
FNDA:1,_RNvMs3_NtNtNtCsidbZ9VdZd8E_14darwin_metrics5utils3ffi8bindingsNtB5_6SmcKey9to_string
FNDA:4,_RNvNtNtNtCsidbZ9VdZd8E_14darwin_metrics5utils3ffi8bindings17extract_proc_name
FNDA:15,_RNvNtNtNtCsidbZ9VdZd8E_14darwin_metrics5utils3ffi8bindings17is_system_process
FNDA:9,_RNvNtNtNtCsidbZ9VdZd8E_14darwin_metrics5utils3ffi8bindings18smc_key_from_chars
FNDA:6,_RNvNtNtNtCsidbZ9VdZd8E_14darwin_metrics5utils3ffi8bindings24get_network_stats_native
FNDA:0,_RNvMs3_NtNtNtCsidbZ9VdZd8E_14darwin_metrics5utils3ffi8bindingsNtB5_6SmcKey8from_str
FNDA:0,_RNvMs3_NtNtNtCsidbZ9VdZd8E_14darwin_metrics5utils3ffi8bindingsNtB5_6SmcKey8to_chars
FNDA:0,_RNvXNtNtNtCsidbZ9VdZd8E_14darwin_metrics5utils3ffi8bindingsNtB2_17SMCKeyData_t_dataNtNtCsb2CckqTmcfs_4core5clone5Clone5clone
FNDA:0,_RNvXs0_NtNtNtCsidbZ9VdZd8E_14darwin_metrics5utils3ffi8bindingsNtB5_12SMCKeyData_tNtNtCsb2CckqTmcfs_4core5clone5Clone5clone
FNDA:0,_RNvXs2_NtNtNtCsidbZ9VdZd8E_14darwin_metrics5utils3ffi8bindingsNtB5_12SMCKeyData_tNtNtCsb2CckqTmcfs_4core7default7Default7default
FNDA:0,_RNCNvNtNtNtCsdICt7tuuT0j_14darwin_metrics5utils3ffi8bindings17extract_proc_name0B9_
FNDA:0,_RNCNvNtNtNtCsdICt7tuuT0j_14darwin_metrics5utils3ffi8bindings24get_network_stats_native0B9_
FNDA:15,_RNvMs3_NtNtNtCsdICt7tuuT0j_14darwin_metrics5utils3ffi8bindingsNtB5_6SmcKey10from_chars
FNDA:9,_RNvMs3_NtNtNtCsdICt7tuuT0j_14darwin_metrics5utils3ffi8bindingsNtB5_6SmcKey8from_str
FNDA:4,_RNvMs3_NtNtNtCsdICt7tuuT0j_14darwin_metrics5utils3ffi8bindingsNtB5_6SmcKey8to_chars
FNDA:13,_RNvMs3_NtNtNtCsdICt7tuuT0j_14darwin_metrics5utils3ffi8bindingsNtB5_6SmcKey9to_string
FNDA:0,_RNvNtNtNtCsdICt7tuuT0j_14darwin_metrics5utils3ffi8bindings17extract_proc_name
FNDA:0,_RNvNtNtNtCsdICt7tuuT0j_14darwin_metrics5utils3ffi8bindings17is_system_process
FNDA:0,_RNvNtNtNtCsdICt7tuuT0j_14darwin_metrics5utils3ffi8bindings18smc_key_from_chars
FNDA:0,_RNvNtNtNtCsdICt7tuuT0j_14darwin_metrics5utils3ffi8bindings24get_network_stats_native
FNDA:0,_RNvXNtNtNtCsdICt7tuuT0j_14darwin_metrics5utils3ffi8bindingsNtB2_17SMCKeyData_t_dataNtNtCsb2CckqTmcfs_4core5clone5Clone5clone
FNDA:0,_RNvXs0_NtNtNtCsdICt7tuuT0j_14darwin_metrics5utils3ffi8bindingsNtB5_12SMCKeyData_tNtNtCsb2CckqTmcfs_4core5clone5Clone5clone
FNDA:0,_RNvXs2_NtNtNtCsdICt7tuuT0j_14darwin_metrics5utils3ffi8bindingsNtB5_12SMCKeyData_tNtNtCsb2CckqTmcfs_4core7default7Default7default
FNF:13
FNH:10
DA:534,4
DA:535,4
DA:536,36
DA:537,4
DA:538,4
DA:539,4
DA:542,15
DA:543,15
DA:544,15
DA:545,15
DA:546,15
DA:547,15
DA:548,15
DA:549,15
DA:550,10
DA:551,9
DA:552,9
DA:553,9
DA:554,9
DA:555,9
DA:556,9
DA:557,9
DA:558,9
DA:559,9
DA:560,15
DA:563,9
DA:564,9
DA:565,45
DA:566,36
DA:567,36
DA:568,9
DA:569,9
DA:594,6
DA:601,6
DA:602,2
DA:603,2
DA:604,2
DA:605,2
DA:606,4
DA:607,4
DA:608,4
DA:609,4
DA:610,4
DA:611,2
DA:612,2
DA:613,2
DA:614,2
DA:615,2
DA:616,2
DA:617,2
DA:618,4
DA:621,2
DA:622,2
DA:623,2
DA:624,2
DA:625,2
DA:626,2
DA:627,2
DA:628,2
DA:629,2
DA:630,2
DA:631,2
DA:632,2
DA:633,2
DA:634,2
DA:635,2
DA:636,2
DA:637,2
DA:638,2
DA:639,2
DA:640,2
DA:641,2
DA:642,2
DA:643,2
DA:644,0
DA:645,0
DA:646,0
DA:647,6
DA:860,0
DA:861,0
DA:862,0
DA:895,0
DA:896,0
DA:897,0
DA:903,0
DA:904,0
DA:905,0
DA:906,0
DA:907,0
DA:908,0
DA:909,0
DA:910,0
DA:911,0
DA:912,0
DA:913,0
DA:914,0
DA:915,0
DA:916,0
DA:917,0
DA:918,0
DA:919,0
DA:1034,16
DA:1035,16
DA:1036,64
DA:1037,64
DA:1038,64
DA:1039,16
DA:1040,16
DA:1061,9
DA:1062,9
DA:1063,3
DA:1064,6
DA:1065,6
DA:1066,6
DA:1067,6
DA:1068,9
DA:1071,14
DA:1072,14
DA:1073,14
DA:1093,4
DA:1094,4
DA:1095,20
DA:1096,16
DA:1097,16
DA:1098,16
DA:1099,4
DA:1100,4
BRF:0
BRH:0
LF:130
LH:104
end_of_record
SF:/Users/smeya/git/darwin-metrics/src/utils/mod.rs
FN:174,_RINvNtCsidbZ9VdZd8E_14darwin_metrics5utils14objc_safe_execppEB4_
FN:166,_RINvNtCsidbZ9VdZd8E_14darwin_metrics5utils16autorelease_poolppEB4_
FN:170,_RNCINvNtCsidbZ9VdZd8E_14darwin_metrics5utils16autorelease_poolppE0B6_
FN:243,_RNCNCNvNtCsidbZ9VdZd8E_14darwin_metrics5utils8get_name00B7_
FN:242,_RNCNvNtCsidbZ9VdZd8E_14darwin_metrics5utils8get_name0B5_
FN:83,_RNvMNtCsidbZ9VdZd8E_14darwin_metrics5utilsNtB2_17CStringConversion3new
FN:116,_RNvMs0_NtCsidbZ9VdZd8E_14darwin_metrics5utilsNtB5_16RawStrConversion3new
FN:150,_RNvMs2_NtCsidbZ9VdZd8E_14darwin_metrics5utilsNtB5_18F64SliceConversion3new
FN:198,_RNvNtCsidbZ9VdZd8E_14darwin_metrics5utils15c_str_to_string
FN:214,_RNvNtCsidbZ9VdZd8E_14darwin_metrics5utils17raw_str_to_string
FN:229,_RNvNtCsidbZ9VdZd8E_14darwin_metrics5utils20raw_f64_slice_to_vec
FN:234,_RNvNtCsidbZ9VdZd8E_14darwin_metrics5utils8get_name
FN:126,_RNvXs1_NtCsidbZ9VdZd8E_14darwin_metrics5utilsNtB5_16RawStrConversionINtB5_16UnsafeConversionNtNtCscuURoIvKLaH_5alloc6string6StringE7convert
FN:160,_RNvXs3_NtCsidbZ9VdZd8E_14darwin_metrics5utilsNtB5_18F64SliceConversionINtB5_16UnsafeConversionINtNtCscuURoIvKLaH_5alloc3vec3VecdEE7convert
FN:92,_RNvXs_NtCsidbZ9VdZd8E_14darwin_metrics5utilsNtB4_17CStringConversionINtB4_16UnsafeConversionNtNtCscuURoIvKLaH_5alloc6string6StringE7convert
FN:174,_RINvNtCsdICt7tuuT0j_14darwin_metrics5utils14objc_safe_execNtNtCscuURoIvKLaH_5alloc6string6StringNCNCNvB2_8get_name00EB4_
FN:166,_RINvNtCsdICt7tuuT0j_14darwin_metrics5utils16autorelease_poolINtNtCsb2CckqTmcfs_4core6result6ResultNtNtCscuURoIvKLaH_5alloc6string6StringNtNtB4_5error5ErrorENCNvB2_8get_name0EB4_
FN:170,_RNCINvNtCsdICt7tuuT0j_14darwin_metrics5utils16autorelease_poolINtNtCsb2CckqTmcfs_4core6result6ResultNtNtCscuURoIvKLaH_5alloc6string6StringNtNtB6_5error5ErrorENCNvB4_8get_name0E0B6_
FN:243,_RNCNCNvNtCsdICt7tuuT0j_14darwin_metrics5utils8get_name00B7_
FN:242,_RNCNvNtCsdICt7tuuT0j_14darwin_metrics5utils8get_name0B5_
FN:83,_RNvMNtCsdICt7tuuT0j_14darwin_metrics5utilsNtB2_17CStringConversion3new
FN:116,_RNvMs0_NtCsdICt7tuuT0j_14darwin_metrics5utilsNtB5_16RawStrConversion3new
FN:150,_RNvMs2_NtCsdICt7tuuT0j_14darwin_metrics5utilsNtB5_18F64SliceConversion3new
FN:198,_RNvNtCsdICt7tuuT0j_14darwin_metrics5utils15c_str_to_string
FN:214,_RNvNtCsdICt7tuuT0j_14darwin_metrics5utils17raw_str_to_string
FN:229,_RNvNtCsdICt7tuuT0j_14darwin_metrics5utils20raw_f64_slice_to_vec
FN:234,_RNvNtCsdICt7tuuT0j_14darwin_metrics5utils8get_name
FN:126,_RNvXs1_NtCsdICt7tuuT0j_14darwin_metrics5utilsNtB5_16RawStrConversionINtB5_16UnsafeConversionNtNtCscuURoIvKLaH_5alloc6string6StringE7convert
FN:160,_RNvXs3_NtCsdICt7tuuT0j_14darwin_metrics5utilsNtB5_18F64SliceConversionINtB5_16UnsafeConversionINtNtCscuURoIvKLaH_5alloc3vec3VecdEE7convert
FN:92,_RNvXs_NtCsdICt7tuuT0j_14darwin_metrics5utilsNtB4_17CStringConversionINtB4_16UnsafeConversionNtNtCscuURoIvKLaH_5alloc6string6StringE7convert
FNDA:0,_RINvNtCsidbZ9VdZd8E_14darwin_metrics5utils14objc_safe_execppEB4_
FNDA:0,_RINvNtCsidbZ9VdZd8E_14darwin_metrics5utils16autorelease_poolppEB4_
FNDA:0,_RNCINvNtCsidbZ9VdZd8E_14darwin_metrics5utils16autorelease_poolppE0B6_
FNDA:0,_RNCNCNvNtCsidbZ9VdZd8E_14darwin_metrics5utils8get_name00B7_
FNDA:0,_RNCNvNtCsidbZ9VdZd8E_14darwin_metrics5utils8get_name0B5_
FNDA:0,_RNvMNtCsidbZ9VdZd8E_14darwin_metrics5utilsNtB2_17CStringConversion3new
FNDA:0,_RNvMs0_NtCsidbZ9VdZd8E_14darwin_metrics5utilsNtB5_16RawStrConversion3new
FNDA:0,_RNvMs2_NtCsidbZ9VdZd8E_14darwin_metrics5utilsNtB5_18F64SliceConversion3new
FNDA:0,_RNvNtCsidbZ9VdZd8E_14darwin_metrics5utils15c_str_to_string
FNDA:0,_RNvNtCsidbZ9VdZd8E_14darwin_metrics5utils17raw_str_to_string
FNDA:0,_RNvNtCsidbZ9VdZd8E_14darwin_metrics5utils20raw_f64_slice_to_vec
FNDA:0,_RNvNtCsidbZ9VdZd8E_14darwin_metrics5utils8get_name
FNDA:0,_RNvXs1_NtCsidbZ9VdZd8E_14darwin_metrics5utilsNtB5_16RawStrConversionINtB5_16UnsafeConversionNtNtCscuURoIvKLaH_5alloc6string6StringE7convert
FNDA:0,_RNvXs3_NtCsidbZ9VdZd8E_14darwin_metrics5utilsNtB5_18F64SliceConversionINtB5_16UnsafeConversionINtNtCscuURoIvKLaH_5alloc3vec3VecdEE7convert
FNDA:0,_RNvXs_NtCsidbZ9VdZd8E_14darwin_metrics5utilsNtB4_17CStringConversionINtB4_16UnsafeConversionNtNtCscuURoIvKLaH_5alloc6string6StringE7convert
FNDA:0,_RINvNtCsdICt7tuuT0j_14darwin_metrics5utils14objc_safe_execNtNtCscuURoIvKLaH_5alloc6string6StringNCNCNvB2_8get_name00EB4_
FNDA:0,_RINvNtCsdICt7tuuT0j_14darwin_metrics5utils16autorelease_poolINtNtCsb2CckqTmcfs_4core6result6ResultNtNtCscuURoIvKLaH_5alloc6string6StringNtNtB4_5error5ErrorENCNvB2_8get_name0EB4_
FNDA:0,_RNCINvNtCsdICt7tuuT0j_14darwin_metrics5utils16autorelease_poolINtNtCsb2CckqTmcfs_4core6result6ResultNtNtCscuURoIvKLaH_5alloc6string6StringNtNtB6_5error5ErrorENCNvB4_8get_name0E0B6_
FNDA:0,_RNCNCNvNtCsdICt7tuuT0j_14darwin_metrics5utils8get_name00B7_
FNDA:0,_RNCNvNtCsdICt7tuuT0j_14darwin_metrics5utils8get_name0B5_
FNDA:0,_RNvMNtCsdICt7tuuT0j_14darwin_metrics5utilsNtB2_17CStringConversion3new
FNDA:0,_RNvMs0_NtCsdICt7tuuT0j_14darwin_metrics5utilsNtB5_16RawStrConversion3new
FNDA:0,_RNvMs2_NtCsdICt7tuuT0j_14darwin_metrics5utilsNtB5_18F64SliceConversion3new
FNDA:0,_RNvNtCsdICt7tuuT0j_14darwin_metrics5utils15c_str_to_string
FNDA:0,_RNvNtCsdICt7tuuT0j_14darwin_metrics5utils17raw_str_to_string
FNDA:0,_RNvNtCsdICt7tuuT0j_14darwin_metrics5utils20raw_f64_slice_to_vec
FNDA:0,_RNvNtCsdICt7tuuT0j_14darwin_metrics5utils8get_name
FNDA:0,_RNvXs1_NtCsdICt7tuuT0j_14darwin_metrics5utilsNtB5_16RawStrConversionINtB5_16UnsafeConversionNtNtCscuURoIvKLaH_5alloc6string6StringE7convert
FNDA:0,_RNvXs3_NtCsdICt7tuuT0j_14darwin_metrics5utilsNtB5_18F64SliceConversionINtB5_16UnsafeConversionINtNtCscuURoIvKLaH_5alloc3vec3VecdEE7convert
FNDA:0,_RNvXs_NtCsdICt7tuuT0j_14darwin_metrics5utilsNtB4_17CStringConversionINtB4_16UnsafeConversionNtNtCscuURoIvKLaH_5alloc6string6StringE7convert
FNF:15
FNH:0
DA:83,0
DA:84,0
DA:85,0
DA:86,0
DA:87,0
DA:88,0
DA:92,0
DA:93,0
DA:94,0
DA:116,0
DA:117,0
DA:118,0
DA:119,0
DA:120,0
DA:121,0
DA:122,0
DA:126,0
DA:127,0
DA:128,0
DA:129,0
DA:150,0
DA:151,0
DA:152,0
DA:153,0
DA:154,0
DA:155,0
DA:156,0
DA:160,0
DA:161,0
DA:162,0
DA:166,0
DA:167,0
DA:168,0
DA:169,0
DA:170,0
DA:171,0
DA:174,0
DA:175,0
DA:176,0
DA:177,0
DA:178,0
DA:179,0
DA:180,0
DA:181,0
DA:182,0
DA:183,0
DA:185,0
DA:198,0
DA:199,0
DA:200,0
DA:214,0
DA:215,0
DA:216,0
DA:229,0
DA:230,0
DA:231,0
DA:234,0
DA:235,0
DA:236,0
DA:237,0
DA:238,0
DA:239,0
DA:240,0
DA:241,0
DA:242,0
DA:243,0
DA:244,0
DA:245,0
DA:246,0
DA:247,0
DA:248,0
DA:249,0
DA:250,0
DA:251,0
DA:252,0
DA:253,0
DA:254,0
DA:255,0
DA:256,0
DA:257,0
DA:258,0
DA:259,0
DA:260,0
DA:261,0
DA:262,0
DA:263,0
DA:264,0
DA:265,0
DA:266,0
BRF:0
BRH:0
LF:94
LH:0
end_of_record